[2025-02-10T02:55:45.528+0000] {processor.py:186} INFO - Started process (PID=67) to work on /home/airflow/.local/lib/python3.12/site-packages/airflow/example_dags/example_short_circuit_operator.py
[2025-02-10T02:55:45.530+0000] {processor.py:914} INFO - Processing file /home/airflow/.local/lib/python3.12/site-packages/airflow/example_dags/example_short_circuit_operator.py for tasks to queue
[2025-02-10T02:55:45.534+0000] {logging_mixin.py:190} INFO - [2025-02-10T02:55:45.534+0000] {dagbag.py:588} INFO - Filling up the DagBag from /home/airflow/.local/lib/python3.12/site-packages/airflow/example_dags/example_short_circuit_operator.py
[2025-02-10T02:55:45.565+0000] {processor.py:925} INFO - DAG(s) 'example_short_circuit_operator' retrieved from /home/airflow/.local/lib/python3.12/site-packages/airflow/example_dags/example_short_circuit_operator.py
[2025-02-10T02:55:45.714+0000] {logging_mixin.py:190} INFO - [2025-02-10T02:55:45.713+0000] {override.py:1911} INFO - Created Permission View: can read on DAG:example_short_circuit_operator
[2025-02-10T02:55:45.721+0000] {logging_mixin.py:190} INFO - [2025-02-10T02:55:45.721+0000] {override.py:1911} INFO - Created Permission View: can edit on DAG:example_short_circuit_operator
[2025-02-10T02:55:45.724+0000] {logging_mixin.py:190} INFO - [2025-02-10T02:55:45.724+0000] {override.py:1911} INFO - Created Permission View: can delete on DAG:example_short_circuit_operator
[2025-02-10T02:55:45.727+0000] {logging_mixin.py:190} INFO - [2025-02-10T02:55:45.727+0000] {override.py:1911} INFO - Created Permission View: can read on DAG Run:example_short_circuit_operator
[2025-02-10T02:55:45.729+0000] {logging_mixin.py:190} INFO - [2025-02-10T02:55:45.729+0000] {override.py:1911} INFO - Created Permission View: can delete on DAG Run:example_short_circuit_operator
[2025-02-10T02:55:45.731+0000] {logging_mixin.py:190} INFO - [2025-02-10T02:55:45.731+0000] {override.py:1911} INFO - Created Permission View: menu access on DAG Run:example_short_circuit_operator
[2025-02-10T02:55:45.733+0000] {logging_mixin.py:190} INFO - [2025-02-10T02:55:45.733+0000] {override.py:1911} INFO - Created Permission View: can create on DAG Run:example_short_circuit_operator
[2025-02-10T02:55:45.734+0000] {logging_mixin.py:190} INFO - [2025-02-10T02:55:45.734+0000] {dag.py:3239} INFO - Sync 1 DAGs
[2025-02-10T02:55:45.741+0000] {logging_mixin.py:190} INFO - [2025-02-10T02:55:45.740+0000] {dag.py:3262} INFO - Creating ORM DAG for example_short_circuit_operator
[2025-02-10T02:55:45.741+0000] {logging_mixin.py:190} INFO - [2025-02-10T02:55:45.741+0000] {dag.py:4180} INFO - Setting next_dagrun for example_short_circuit_operator to None, run_after=None
[2025-02-10T02:55:45.748+0000] {processor.py:208} INFO - Processing /home/airflow/.local/lib/python3.12/site-packages/airflow/example_dags/example_short_circuit_operator.py took 0.238 seconds
[2025-02-10T02:56:16.734+0000] {processor.py:186} INFO - Started process (PID=131) to work on /home/airflow/.local/lib/python3.12/site-packages/airflow/example_dags/example_short_circuit_operator.py
[2025-02-10T02:56:16.735+0000] {processor.py:914} INFO - Processing file /home/airflow/.local/lib/python3.12/site-packages/airflow/example_dags/example_short_circuit_operator.py for tasks to queue
[2025-02-10T02:56:16.739+0000] {logging_mixin.py:190} INFO - [2025-02-10T02:56:16.738+0000] {dagbag.py:588} INFO - Filling up the DagBag from /home/airflow/.local/lib/python3.12/site-packages/airflow/example_dags/example_short_circuit_operator.py
[2025-02-10T02:56:16.748+0000] {processor.py:925} INFO - DAG(s) 'example_short_circuit_operator' retrieved from /home/airflow/.local/lib/python3.12/site-packages/airflow/example_dags/example_short_circuit_operator.py
[2025-02-10T02:56:16.790+0000] {logging_mixin.py:190} INFO - [2025-02-10T02:56:16.789+0000] {dag.py:3239} INFO - Sync 1 DAGs
[2025-02-10T02:56:16.801+0000] {logging_mixin.py:190} INFO - [2025-02-10T02:56:16.801+0000] {dag.py:4180} INFO - Setting next_dagrun for example_short_circuit_operator to None, run_after=None
[2025-02-10T02:56:16.816+0000] {processor.py:208} INFO - Processing /home/airflow/.local/lib/python3.12/site-packages/airflow/example_dags/example_short_circuit_operator.py took 0.087 seconds
[2025-02-10T02:56:48.827+0000] {processor.py:186} INFO - Started process (PID=195) to work on /home/airflow/.local/lib/python3.12/site-packages/airflow/example_dags/example_short_circuit_operator.py
[2025-02-10T02:56:48.828+0000] {processor.py:914} INFO - Processing file /home/airflow/.local/lib/python3.12/site-packages/airflow/example_dags/example_short_circuit_operator.py for tasks to queue
[2025-02-10T02:56:48.830+0000] {logging_mixin.py:190} INFO - [2025-02-10T02:56:48.830+0000] {dagbag.py:588} INFO - Filling up the DagBag from /home/airflow/.local/lib/python3.12/site-packages/airflow/example_dags/example_short_circuit_operator.py
[2025-02-10T02:56:48.834+0000] {processor.py:925} INFO - DAG(s) 'example_short_circuit_operator' retrieved from /home/airflow/.local/lib/python3.12/site-packages/airflow/example_dags/example_short_circuit_operator.py
[2025-02-10T02:56:48.850+0000] {logging_mixin.py:190} INFO - [2025-02-10T02:56:48.850+0000] {dag.py:3239} INFO - Sync 1 DAGs
[2025-02-10T02:56:48.860+0000] {logging_mixin.py:190} INFO - [2025-02-10T02:56:48.860+0000] {dag.py:4180} INFO - Setting next_dagrun for example_short_circuit_operator to None, run_after=None
[2025-02-10T02:56:48.873+0000] {processor.py:208} INFO - Processing /home/airflow/.local/lib/python3.12/site-packages/airflow/example_dags/example_short_circuit_operator.py took 0.049 seconds
[2025-02-10T02:57:19.912+0000] {processor.py:186} INFO - Started process (PID=258) to work on /home/airflow/.local/lib/python3.12/site-packages/airflow/example_dags/example_short_circuit_operator.py
[2025-02-10T02:57:19.913+0000] {processor.py:914} INFO - Processing file /home/airflow/.local/lib/python3.12/site-packages/airflow/example_dags/example_short_circuit_operator.py for tasks to queue
[2025-02-10T02:57:19.914+0000] {logging_mixin.py:190} INFO - [2025-02-10T02:57:19.914+0000] {dagbag.py:588} INFO - Filling up the DagBag from /home/airflow/.local/lib/python3.12/site-packages/airflow/example_dags/example_short_circuit_operator.py
[2025-02-10T02:57:19.919+0000] {processor.py:925} INFO - DAG(s) 'example_short_circuit_operator' retrieved from /home/airflow/.local/lib/python3.12/site-packages/airflow/example_dags/example_short_circuit_operator.py
[2025-02-10T02:57:19.980+0000] {logging_mixin.py:190} INFO - [2025-02-10T02:57:19.979+0000] {dag.py:3239} INFO - Sync 1 DAGs
[2025-02-10T02:57:19.991+0000] {logging_mixin.py:190} INFO - [2025-02-10T02:57:19.991+0000] {dag.py:4180} INFO - Setting next_dagrun for example_short_circuit_operator to None, run_after=None
[2025-02-10T02:57:20.001+0000] {processor.py:208} INFO - Processing /home/airflow/.local/lib/python3.12/site-packages/airflow/example_dags/example_short_circuit_operator.py took 0.092 seconds
[2025-02-10T02:57:50.977+0000] {processor.py:186} INFO - Started process (PID=322) to work on /home/airflow/.local/lib/python3.12/site-packages/airflow/example_dags/example_short_circuit_operator.py
[2025-02-10T02:57:50.978+0000] {processor.py:914} INFO - Processing file /home/airflow/.local/lib/python3.12/site-packages/airflow/example_dags/example_short_circuit_operator.py for tasks to queue
[2025-02-10T02:57:50.980+0000] {logging_mixin.py:190} INFO - [2025-02-10T02:57:50.979+0000] {dagbag.py:588} INFO - Filling up the DagBag from /home/airflow/.local/lib/python3.12/site-packages/airflow/example_dags/example_short_circuit_operator.py
[2025-02-10T02:57:50.984+0000] {processor.py:925} INFO - DAG(s) 'example_short_circuit_operator' retrieved from /home/airflow/.local/lib/python3.12/site-packages/airflow/example_dags/example_short_circuit_operator.py
[2025-02-10T02:57:51.002+0000] {logging_mixin.py:190} INFO - [2025-02-10T02:57:51.002+0000] {dag.py:3239} INFO - Sync 1 DAGs
[2025-02-10T02:57:51.015+0000] {logging_mixin.py:190} INFO - [2025-02-10T02:57:51.015+0000] {dag.py:4180} INFO - Setting next_dagrun for example_short_circuit_operator to None, run_after=None
[2025-02-10T02:57:51.032+0000] {processor.py:208} INFO - Processing /home/airflow/.local/lib/python3.12/site-packages/airflow/example_dags/example_short_circuit_operator.py took 0.057 seconds
[2025-02-10T02:58:21.926+0000] {processor.py:186} INFO - Started process (PID=386) to work on /home/airflow/.local/lib/python3.12/site-packages/airflow/example_dags/example_short_circuit_operator.py
[2025-02-10T02:58:21.928+0000] {processor.py:914} INFO - Processing file /home/airflow/.local/lib/python3.12/site-packages/airflow/example_dags/example_short_circuit_operator.py for tasks to queue
[2025-02-10T02:58:21.930+0000] {logging_mixin.py:190} INFO - [2025-02-10T02:58:21.929+0000] {dagbag.py:588} INFO - Filling up the DagBag from /home/airflow/.local/lib/python3.12/site-packages/airflow/example_dags/example_short_circuit_operator.py
[2025-02-10T02:58:21.934+0000] {processor.py:925} INFO - DAG(s) 'example_short_circuit_operator' retrieved from /home/airflow/.local/lib/python3.12/site-packages/airflow/example_dags/example_short_circuit_operator.py
[2025-02-10T02:58:21.949+0000] {logging_mixin.py:190} INFO - [2025-02-10T02:58:21.949+0000] {dag.py:3239} INFO - Sync 1 DAGs
[2025-02-10T02:58:21.955+0000] {logging_mixin.py:190} INFO - [2025-02-10T02:58:21.955+0000] {dag.py:4180} INFO - Setting next_dagrun for example_short_circuit_operator to None, run_after=None
[2025-02-10T02:58:21.965+0000] {processor.py:208} INFO - Processing /home/airflow/.local/lib/python3.12/site-packages/airflow/example_dags/example_short_circuit_operator.py took 0.043 seconds
[2025-02-10T02:58:52.849+0000] {processor.py:186} INFO - Started process (PID=450) to work on /home/airflow/.local/lib/python3.12/site-packages/airflow/example_dags/example_short_circuit_operator.py
[2025-02-10T02:58:52.851+0000] {processor.py:914} INFO - Processing file /home/airflow/.local/lib/python3.12/site-packages/airflow/example_dags/example_short_circuit_operator.py for tasks to queue
[2025-02-10T02:58:52.856+0000] {logging_mixin.py:190} INFO - [2025-02-10T02:58:52.856+0000] {dagbag.py:588} INFO - Filling up the DagBag from /home/airflow/.local/lib/python3.12/site-packages/airflow/example_dags/example_short_circuit_operator.py
[2025-02-10T02:58:52.861+0000] {processor.py:925} INFO - DAG(s) 'example_short_circuit_operator' retrieved from /home/airflow/.local/lib/python3.12/site-packages/airflow/example_dags/example_short_circuit_operator.py
[2025-02-10T02:58:52.879+0000] {logging_mixin.py:190} INFO - [2025-02-10T02:58:52.879+0000] {dag.py:3239} INFO - Sync 1 DAGs
[2025-02-10T02:58:52.888+0000] {logging_mixin.py:190} INFO - [2025-02-10T02:58:52.888+0000] {dag.py:4180} INFO - Setting next_dagrun for example_short_circuit_operator to None, run_after=None
[2025-02-10T02:58:52.897+0000] {processor.py:208} INFO - Processing /home/airflow/.local/lib/python3.12/site-packages/airflow/example_dags/example_short_circuit_operator.py took 0.050 seconds
[2025-02-10T02:59:23.969+0000] {processor.py:186} INFO - Started process (PID=514) to work on /home/airflow/.local/lib/python3.12/site-packages/airflow/example_dags/example_short_circuit_operator.py
[2025-02-10T02:59:23.969+0000] {processor.py:914} INFO - Processing file /home/airflow/.local/lib/python3.12/site-packages/airflow/example_dags/example_short_circuit_operator.py for tasks to queue
[2025-02-10T02:59:23.971+0000] {logging_mixin.py:190} INFO - [2025-02-10T02:59:23.971+0000] {dagbag.py:588} INFO - Filling up the DagBag from /home/airflow/.local/lib/python3.12/site-packages/airflow/example_dags/example_short_circuit_operator.py
[2025-02-10T02:59:23.976+0000] {processor.py:925} INFO - DAG(s) 'example_short_circuit_operator' retrieved from /home/airflow/.local/lib/python3.12/site-packages/airflow/example_dags/example_short_circuit_operator.py
[2025-02-10T02:59:23.994+0000] {logging_mixin.py:190} INFO - [2025-02-10T02:59:23.994+0000] {dag.py:3239} INFO - Sync 1 DAGs
[2025-02-10T02:59:24.002+0000] {logging_mixin.py:190} INFO - [2025-02-10T02:59:24.002+0000] {dag.py:4180} INFO - Setting next_dagrun for example_short_circuit_operator to None, run_after=None
[2025-02-10T02:59:24.010+0000] {processor.py:208} INFO - Processing /home/airflow/.local/lib/python3.12/site-packages/airflow/example_dags/example_short_circuit_operator.py took 0.044 seconds
[2025-02-10T02:59:55.393+0000] {processor.py:186} INFO - Started process (PID=578) to work on /home/airflow/.local/lib/python3.12/site-packages/airflow/example_dags/example_short_circuit_operator.py
[2025-02-10T02:59:55.394+0000] {processor.py:914} INFO - Processing file /home/airflow/.local/lib/python3.12/site-packages/airflow/example_dags/example_short_circuit_operator.py for tasks to queue
[2025-02-10T02:59:55.395+0000] {logging_mixin.py:190} INFO - [2025-02-10T02:59:55.395+0000] {dagbag.py:588} INFO - Filling up the DagBag from /home/airflow/.local/lib/python3.12/site-packages/airflow/example_dags/example_short_circuit_operator.py
[2025-02-10T02:59:55.401+0000] {processor.py:925} INFO - DAG(s) 'example_short_circuit_operator' retrieved from /home/airflow/.local/lib/python3.12/site-packages/airflow/example_dags/example_short_circuit_operator.py
[2025-02-10T02:59:55.415+0000] {logging_mixin.py:190} INFO - [2025-02-10T02:59:55.415+0000] {dag.py:3239} INFO - Sync 1 DAGs
[2025-02-10T02:59:55.421+0000] {logging_mixin.py:190} INFO - [2025-02-10T02:59:55.421+0000] {dag.py:4180} INFO - Setting next_dagrun for example_short_circuit_operator to None, run_after=None
[2025-02-10T02:59:55.433+0000] {processor.py:208} INFO - Processing /home/airflow/.local/lib/python3.12/site-packages/airflow/example_dags/example_short_circuit_operator.py took 0.044 seconds
[2025-02-10T03:00:27.288+0000] {processor.py:186} INFO - Started process (PID=642) to work on /home/airflow/.local/lib/python3.12/site-packages/airflow/example_dags/example_short_circuit_operator.py
[2025-02-10T03:00:27.289+0000] {processor.py:914} INFO - Processing file /home/airflow/.local/lib/python3.12/site-packages/airflow/example_dags/example_short_circuit_operator.py for tasks to queue
[2025-02-10T03:00:27.291+0000] {logging_mixin.py:190} INFO - [2025-02-10T03:00:27.291+0000] {dagbag.py:588} INFO - Filling up the DagBag from /home/airflow/.local/lib/python3.12/site-packages/airflow/example_dags/example_short_circuit_operator.py
[2025-02-10T03:00:27.297+0000] {processor.py:925} INFO - DAG(s) 'example_short_circuit_operator' retrieved from /home/airflow/.local/lib/python3.12/site-packages/airflow/example_dags/example_short_circuit_operator.py
[2025-02-10T03:00:27.312+0000] {logging_mixin.py:190} INFO - [2025-02-10T03:00:27.312+0000] {dag.py:3239} INFO - Sync 1 DAGs
[2025-02-10T03:00:27.319+0000] {logging_mixin.py:190} INFO - [2025-02-10T03:00:27.319+0000] {dag.py:4180} INFO - Setting next_dagrun for example_short_circuit_operator to None, run_after=None
[2025-02-10T03:00:27.329+0000] {processor.py:208} INFO - Processing /home/airflow/.local/lib/python3.12/site-packages/airflow/example_dags/example_short_circuit_operator.py took 0.045 seconds
[2025-02-10T03:00:58.470+0000] {processor.py:186} INFO - Started process (PID=706) to work on /home/airflow/.local/lib/python3.12/site-packages/airflow/example_dags/example_short_circuit_operator.py
[2025-02-10T03:00:58.471+0000] {processor.py:914} INFO - Processing file /home/airflow/.local/lib/python3.12/site-packages/airflow/example_dags/example_short_circuit_operator.py for tasks to queue
[2025-02-10T03:00:58.474+0000] {logging_mixin.py:190} INFO - [2025-02-10T03:00:58.474+0000] {dagbag.py:588} INFO - Filling up the DagBag from /home/airflow/.local/lib/python3.12/site-packages/airflow/example_dags/example_short_circuit_operator.py
[2025-02-10T03:00:58.485+0000] {processor.py:925} INFO - DAG(s) 'example_short_circuit_operator' retrieved from /home/airflow/.local/lib/python3.12/site-packages/airflow/example_dags/example_short_circuit_operator.py
[2025-02-10T03:00:58.504+0000] {logging_mixin.py:190} INFO - [2025-02-10T03:00:58.504+0000] {dag.py:3239} INFO - Sync 1 DAGs
[2025-02-10T03:00:58.512+0000] {logging_mixin.py:190} INFO - [2025-02-10T03:00:58.512+0000] {dag.py:4180} INFO - Setting next_dagrun for example_short_circuit_operator to None, run_after=None
[2025-02-10T03:00:58.534+0000] {processor.py:208} INFO - Processing /home/airflow/.local/lib/python3.12/site-packages/airflow/example_dags/example_short_circuit_operator.py took 0.071 seconds
[2025-02-10T03:01:29.912+0000] {processor.py:186} INFO - Started process (PID=770) to work on /home/airflow/.local/lib/python3.12/site-packages/airflow/example_dags/example_short_circuit_operator.py
[2025-02-10T03:01:29.912+0000] {processor.py:914} INFO - Processing file /home/airflow/.local/lib/python3.12/site-packages/airflow/example_dags/example_short_circuit_operator.py for tasks to queue
[2025-02-10T03:01:29.914+0000] {logging_mixin.py:190} INFO - [2025-02-10T03:01:29.914+0000] {dagbag.py:588} INFO - Filling up the DagBag from /home/airflow/.local/lib/python3.12/site-packages/airflow/example_dags/example_short_circuit_operator.py
[2025-02-10T03:01:29.919+0000] {processor.py:925} INFO - DAG(s) 'example_short_circuit_operator' retrieved from /home/airflow/.local/lib/python3.12/site-packages/airflow/example_dags/example_short_circuit_operator.py
[2025-02-10T03:01:29.949+0000] {logging_mixin.py:190} INFO - [2025-02-10T03:01:29.948+0000] {dag.py:3239} INFO - Sync 1 DAGs
[2025-02-10T03:01:29.965+0000] {logging_mixin.py:190} INFO - [2025-02-10T03:01:29.965+0000] {dag.py:4180} INFO - Setting next_dagrun for example_short_circuit_operator to None, run_after=None
[2025-02-10T03:01:29.983+0000] {processor.py:208} INFO - Processing /home/airflow/.local/lib/python3.12/site-packages/airflow/example_dags/example_short_circuit_operator.py took 0.074 seconds
[2025-02-10T03:02:01.534+0000] {processor.py:186} INFO - Started process (PID=834) to work on /home/airflow/.local/lib/python3.12/site-packages/airflow/example_dags/example_short_circuit_operator.py
[2025-02-10T03:02:01.535+0000] {processor.py:914} INFO - Processing file /home/airflow/.local/lib/python3.12/site-packages/airflow/example_dags/example_short_circuit_operator.py for tasks to queue
[2025-02-10T03:02:01.537+0000] {logging_mixin.py:190} INFO - [2025-02-10T03:02:01.537+0000] {dagbag.py:588} INFO - Filling up the DagBag from /home/airflow/.local/lib/python3.12/site-packages/airflow/example_dags/example_short_circuit_operator.py
[2025-02-10T03:02:01.543+0000] {processor.py:925} INFO - DAG(s) 'example_short_circuit_operator' retrieved from /home/airflow/.local/lib/python3.12/site-packages/airflow/example_dags/example_short_circuit_operator.py
[2025-02-10T03:02:01.559+0000] {logging_mixin.py:190} INFO - [2025-02-10T03:02:01.559+0000] {dag.py:3239} INFO - Sync 1 DAGs
[2025-02-10T03:02:01.567+0000] {logging_mixin.py:190} INFO - [2025-02-10T03:02:01.567+0000] {dag.py:4180} INFO - Setting next_dagrun for example_short_circuit_operator to None, run_after=None
[2025-02-10T03:02:01.576+0000] {processor.py:208} INFO - Processing /home/airflow/.local/lib/python3.12/site-packages/airflow/example_dags/example_short_circuit_operator.py took 0.045 seconds
[2025-02-10T03:02:32.982+0000] {processor.py:186} INFO - Started process (PID=898) to work on /home/airflow/.local/lib/python3.12/site-packages/airflow/example_dags/example_short_circuit_operator.py
[2025-02-10T03:02:32.984+0000] {processor.py:914} INFO - Processing file /home/airflow/.local/lib/python3.12/site-packages/airflow/example_dags/example_short_circuit_operator.py for tasks to queue
[2025-02-10T03:02:32.986+0000] {logging_mixin.py:190} INFO - [2025-02-10T03:02:32.986+0000] {dagbag.py:588} INFO - Filling up the DagBag from /home/airflow/.local/lib/python3.12/site-packages/airflow/example_dags/example_short_circuit_operator.py
[2025-02-10T03:02:32.992+0000] {processor.py:925} INFO - DAG(s) 'example_short_circuit_operator' retrieved from /home/airflow/.local/lib/python3.12/site-packages/airflow/example_dags/example_short_circuit_operator.py
[2025-02-10T03:02:33.008+0000] {logging_mixin.py:190} INFO - [2025-02-10T03:02:33.008+0000] {dag.py:3239} INFO - Sync 1 DAGs
[2025-02-10T03:02:33.016+0000] {logging_mixin.py:190} INFO - [2025-02-10T03:02:33.016+0000] {dag.py:4180} INFO - Setting next_dagrun for example_short_circuit_operator to None, run_after=None
[2025-02-10T03:02:33.027+0000] {processor.py:208} INFO - Processing /home/airflow/.local/lib/python3.12/site-packages/airflow/example_dags/example_short_circuit_operator.py took 0.049 seconds
[2025-02-10T03:03:04.415+0000] {processor.py:186} INFO - Started process (PID=962) to work on /home/airflow/.local/lib/python3.12/site-packages/airflow/example_dags/example_short_circuit_operator.py
[2025-02-10T03:03:04.418+0000] {processor.py:914} INFO - Processing file /home/airflow/.local/lib/python3.12/site-packages/airflow/example_dags/example_short_circuit_operator.py for tasks to queue
[2025-02-10T03:03:04.420+0000] {logging_mixin.py:190} INFO - [2025-02-10T03:03:04.419+0000] {dagbag.py:588} INFO - Filling up the DagBag from /home/airflow/.local/lib/python3.12/site-packages/airflow/example_dags/example_short_circuit_operator.py
[2025-02-10T03:03:04.425+0000] {processor.py:925} INFO - DAG(s) 'example_short_circuit_operator' retrieved from /home/airflow/.local/lib/python3.12/site-packages/airflow/example_dags/example_short_circuit_operator.py
[2025-02-10T03:03:04.438+0000] {logging_mixin.py:190} INFO - [2025-02-10T03:03:04.438+0000] {dag.py:3239} INFO - Sync 1 DAGs
[2025-02-10T03:03:04.446+0000] {logging_mixin.py:190} INFO - [2025-02-10T03:03:04.446+0000] {dag.py:4180} INFO - Setting next_dagrun for example_short_circuit_operator to None, run_after=None
[2025-02-10T03:03:04.466+0000] {processor.py:208} INFO - Processing /home/airflow/.local/lib/python3.12/site-packages/airflow/example_dags/example_short_circuit_operator.py took 0.054 seconds
[2025-02-10T03:03:35.875+0000] {processor.py:186} INFO - Started process (PID=1026) to work on /home/airflow/.local/lib/python3.12/site-packages/airflow/example_dags/example_short_circuit_operator.py
[2025-02-10T03:03:35.877+0000] {processor.py:914} INFO - Processing file /home/airflow/.local/lib/python3.12/site-packages/airflow/example_dags/example_short_circuit_operator.py for tasks to queue
[2025-02-10T03:03:35.879+0000] {logging_mixin.py:190} INFO - [2025-02-10T03:03:35.879+0000] {dagbag.py:588} INFO - Filling up the DagBag from /home/airflow/.local/lib/python3.12/site-packages/airflow/example_dags/example_short_circuit_operator.py
[2025-02-10T03:03:35.887+0000] {processor.py:925} INFO - DAG(s) 'example_short_circuit_operator' retrieved from /home/airflow/.local/lib/python3.12/site-packages/airflow/example_dags/example_short_circuit_operator.py
[2025-02-10T03:03:35.903+0000] {logging_mixin.py:190} INFO - [2025-02-10T03:03:35.903+0000] {dag.py:3239} INFO - Sync 1 DAGs
[2025-02-10T03:03:35.910+0000] {logging_mixin.py:190} INFO - [2025-02-10T03:03:35.910+0000] {dag.py:4180} INFO - Setting next_dagrun for example_short_circuit_operator to None, run_after=None
[2025-02-10T03:03:35.927+0000] {processor.py:208} INFO - Processing /home/airflow/.local/lib/python3.12/site-packages/airflow/example_dags/example_short_circuit_operator.py took 0.056 seconds
[2025-02-10T03:04:07.844+0000] {processor.py:186} INFO - Started process (PID=1090) to work on /home/airflow/.local/lib/python3.12/site-packages/airflow/example_dags/example_short_circuit_operator.py
[2025-02-10T03:04:07.845+0000] {processor.py:914} INFO - Processing file /home/airflow/.local/lib/python3.12/site-packages/airflow/example_dags/example_short_circuit_operator.py for tasks to queue
[2025-02-10T03:04:07.846+0000] {logging_mixin.py:190} INFO - [2025-02-10T03:04:07.846+0000] {dagbag.py:588} INFO - Filling up the DagBag from /home/airflow/.local/lib/python3.12/site-packages/airflow/example_dags/example_short_circuit_operator.py
[2025-02-10T03:04:07.852+0000] {processor.py:925} INFO - DAG(s) 'example_short_circuit_operator' retrieved from /home/airflow/.local/lib/python3.12/site-packages/airflow/example_dags/example_short_circuit_operator.py
[2025-02-10T03:04:07.869+0000] {logging_mixin.py:190} INFO - [2025-02-10T03:04:07.869+0000] {dag.py:3239} INFO - Sync 1 DAGs
[2025-02-10T03:04:07.885+0000] {logging_mixin.py:190} INFO - [2025-02-10T03:04:07.885+0000] {dag.py:4180} INFO - Setting next_dagrun for example_short_circuit_operator to None, run_after=None
[2025-02-10T03:04:07.902+0000] {processor.py:208} INFO - Processing /home/airflow/.local/lib/python3.12/site-packages/airflow/example_dags/example_short_circuit_operator.py took 0.066 seconds
[2025-02-10T03:04:38.898+0000] {processor.py:186} INFO - Started process (PID=1154) to work on /home/airflow/.local/lib/python3.12/site-packages/airflow/example_dags/example_short_circuit_operator.py
[2025-02-10T03:04:38.902+0000] {processor.py:914} INFO - Processing file /home/airflow/.local/lib/python3.12/site-packages/airflow/example_dags/example_short_circuit_operator.py for tasks to queue
[2025-02-10T03:04:38.912+0000] {logging_mixin.py:190} INFO - [2025-02-10T03:04:38.911+0000] {dagbag.py:588} INFO - Filling up the DagBag from /home/airflow/.local/lib/python3.12/site-packages/airflow/example_dags/example_short_circuit_operator.py
[2025-02-10T03:04:38.926+0000] {processor.py:925} INFO - DAG(s) 'example_short_circuit_operator' retrieved from /home/airflow/.local/lib/python3.12/site-packages/airflow/example_dags/example_short_circuit_operator.py
[2025-02-10T03:04:38.965+0000] {logging_mixin.py:190} INFO - [2025-02-10T03:04:38.965+0000] {dag.py:3239} INFO - Sync 1 DAGs
[2025-02-10T03:04:38.981+0000] {logging_mixin.py:190} INFO - [2025-02-10T03:04:38.980+0000] {dag.py:4180} INFO - Setting next_dagrun for example_short_circuit_operator to None, run_after=None
[2025-02-10T03:04:38.992+0000] {processor.py:208} INFO - Processing /home/airflow/.local/lib/python3.12/site-packages/airflow/example_dags/example_short_circuit_operator.py took 0.101 seconds
[2025-02-10T03:05:10.078+0000] {processor.py:186} INFO - Started process (PID=1218) to work on /home/airflow/.local/lib/python3.12/site-packages/airflow/example_dags/example_short_circuit_operator.py
[2025-02-10T03:05:10.080+0000] {processor.py:914} INFO - Processing file /home/airflow/.local/lib/python3.12/site-packages/airflow/example_dags/example_short_circuit_operator.py for tasks to queue
[2025-02-10T03:05:10.083+0000] {logging_mixin.py:190} INFO - [2025-02-10T03:05:10.083+0000] {dagbag.py:588} INFO - Filling up the DagBag from /home/airflow/.local/lib/python3.12/site-packages/airflow/example_dags/example_short_circuit_operator.py
[2025-02-10T03:05:10.088+0000] {processor.py:925} INFO - DAG(s) 'example_short_circuit_operator' retrieved from /home/airflow/.local/lib/python3.12/site-packages/airflow/example_dags/example_short_circuit_operator.py
[2025-02-10T03:05:10.100+0000] {logging_mixin.py:190} INFO - [2025-02-10T03:05:10.100+0000] {dag.py:3239} INFO - Sync 1 DAGs
[2025-02-10T03:05:10.112+0000] {logging_mixin.py:190} INFO - [2025-02-10T03:05:10.112+0000] {dag.py:4180} INFO - Setting next_dagrun for example_short_circuit_operator to None, run_after=None
[2025-02-10T03:05:10.123+0000] {processor.py:208} INFO - Processing /home/airflow/.local/lib/python3.12/site-packages/airflow/example_dags/example_short_circuit_operator.py took 0.048 seconds
[2025-02-10T03:05:41.266+0000] {processor.py:186} INFO - Started process (PID=1282) to work on /home/airflow/.local/lib/python3.12/site-packages/airflow/example_dags/example_short_circuit_operator.py
[2025-02-10T03:05:41.267+0000] {processor.py:914} INFO - Processing file /home/airflow/.local/lib/python3.12/site-packages/airflow/example_dags/example_short_circuit_operator.py for tasks to queue
[2025-02-10T03:05:41.269+0000] {logging_mixin.py:190} INFO - [2025-02-10T03:05:41.269+0000] {dagbag.py:588} INFO - Filling up the DagBag from /home/airflow/.local/lib/python3.12/site-packages/airflow/example_dags/example_short_circuit_operator.py
[2025-02-10T03:05:41.274+0000] {processor.py:925} INFO - DAG(s) 'example_short_circuit_operator' retrieved from /home/airflow/.local/lib/python3.12/site-packages/airflow/example_dags/example_short_circuit_operator.py
[2025-02-10T03:05:41.288+0000] {logging_mixin.py:190} INFO - [2025-02-10T03:05:41.288+0000] {dag.py:3239} INFO - Sync 1 DAGs
[2025-02-10T03:05:41.296+0000] {logging_mixin.py:190} INFO - [2025-02-10T03:05:41.296+0000] {dag.py:4180} INFO - Setting next_dagrun for example_short_circuit_operator to None, run_after=None
[2025-02-10T03:05:41.306+0000] {processor.py:208} INFO - Processing /home/airflow/.local/lib/python3.12/site-packages/airflow/example_dags/example_short_circuit_operator.py took 0.043 seconds
[2025-02-10T03:06:12.332+0000] {processor.py:186} INFO - Started process (PID=1346) to work on /home/airflow/.local/lib/python3.12/site-packages/airflow/example_dags/example_short_circuit_operator.py
[2025-02-10T03:06:12.334+0000] {processor.py:914} INFO - Processing file /home/airflow/.local/lib/python3.12/site-packages/airflow/example_dags/example_short_circuit_operator.py for tasks to queue
[2025-02-10T03:06:12.335+0000] {logging_mixin.py:190} INFO - [2025-02-10T03:06:12.335+0000] {dagbag.py:588} INFO - Filling up the DagBag from /home/airflow/.local/lib/python3.12/site-packages/airflow/example_dags/example_short_circuit_operator.py
[2025-02-10T03:06:12.342+0000] {processor.py:925} INFO - DAG(s) 'example_short_circuit_operator' retrieved from /home/airflow/.local/lib/python3.12/site-packages/airflow/example_dags/example_short_circuit_operator.py
[2025-02-10T03:06:12.355+0000] {logging_mixin.py:190} INFO - [2025-02-10T03:06:12.355+0000] {dag.py:3239} INFO - Sync 1 DAGs
[2025-02-10T03:06:12.364+0000] {logging_mixin.py:190} INFO - [2025-02-10T03:06:12.364+0000] {dag.py:4180} INFO - Setting next_dagrun for example_short_circuit_operator to None, run_after=None
[2025-02-10T03:06:12.373+0000] {processor.py:208} INFO - Processing /home/airflow/.local/lib/python3.12/site-packages/airflow/example_dags/example_short_circuit_operator.py took 0.046 seconds
[2025-02-10T03:06:43.900+0000] {processor.py:186} INFO - Started process (PID=1410) to work on /home/airflow/.local/lib/python3.12/site-packages/airflow/example_dags/example_short_circuit_operator.py
[2025-02-10T03:06:43.901+0000] {processor.py:914} INFO - Processing file /home/airflow/.local/lib/python3.12/site-packages/airflow/example_dags/example_short_circuit_operator.py for tasks to queue
[2025-02-10T03:06:43.903+0000] {logging_mixin.py:190} INFO - [2025-02-10T03:06:43.903+0000] {dagbag.py:588} INFO - Filling up the DagBag from /home/airflow/.local/lib/python3.12/site-packages/airflow/example_dags/example_short_circuit_operator.py
[2025-02-10T03:06:43.909+0000] {processor.py:925} INFO - DAG(s) 'example_short_circuit_operator' retrieved from /home/airflow/.local/lib/python3.12/site-packages/airflow/example_dags/example_short_circuit_operator.py
[2025-02-10T03:06:43.928+0000] {logging_mixin.py:190} INFO - [2025-02-10T03:06:43.928+0000] {dag.py:3239} INFO - Sync 1 DAGs
[2025-02-10T03:06:43.938+0000] {logging_mixin.py:190} INFO - [2025-02-10T03:06:43.938+0000] {dag.py:4180} INFO - Setting next_dagrun for example_short_circuit_operator to None, run_after=None
[2025-02-10T03:06:43.958+0000] {processor.py:208} INFO - Processing /home/airflow/.local/lib/python3.12/site-packages/airflow/example_dags/example_short_circuit_operator.py took 0.061 seconds
[2025-02-10T03:07:15.321+0000] {processor.py:186} INFO - Started process (PID=1474) to work on /home/airflow/.local/lib/python3.12/site-packages/airflow/example_dags/example_short_circuit_operator.py
[2025-02-10T03:07:15.324+0000] {processor.py:914} INFO - Processing file /home/airflow/.local/lib/python3.12/site-packages/airflow/example_dags/example_short_circuit_operator.py for tasks to queue
[2025-02-10T03:07:15.326+0000] {logging_mixin.py:190} INFO - [2025-02-10T03:07:15.326+0000] {dagbag.py:588} INFO - Filling up the DagBag from /home/airflow/.local/lib/python3.12/site-packages/airflow/example_dags/example_short_circuit_operator.py
[2025-02-10T03:07:15.331+0000] {processor.py:925} INFO - DAG(s) 'example_short_circuit_operator' retrieved from /home/airflow/.local/lib/python3.12/site-packages/airflow/example_dags/example_short_circuit_operator.py
[2025-02-10T03:07:15.354+0000] {logging_mixin.py:190} INFO - [2025-02-10T03:07:15.353+0000] {dag.py:3239} INFO - Sync 1 DAGs
[2025-02-10T03:07:15.363+0000] {logging_mixin.py:190} INFO - [2025-02-10T03:07:15.363+0000] {dag.py:4180} INFO - Setting next_dagrun for example_short_circuit_operator to None, run_after=None
[2025-02-10T03:07:15.380+0000] {processor.py:208} INFO - Processing /home/airflow/.local/lib/python3.12/site-packages/airflow/example_dags/example_short_circuit_operator.py took 0.062 seconds
[2025-02-10T03:07:46.160+0000] {processor.py:186} INFO - Started process (PID=1538) to work on /home/airflow/.local/lib/python3.12/site-packages/airflow/example_dags/example_short_circuit_operator.py
[2025-02-10T03:07:46.162+0000] {processor.py:914} INFO - Processing file /home/airflow/.local/lib/python3.12/site-packages/airflow/example_dags/example_short_circuit_operator.py for tasks to queue
[2025-02-10T03:07:46.163+0000] {logging_mixin.py:190} INFO - [2025-02-10T03:07:46.163+0000] {dagbag.py:588} INFO - Filling up the DagBag from /home/airflow/.local/lib/python3.12/site-packages/airflow/example_dags/example_short_circuit_operator.py
[2025-02-10T03:07:46.168+0000] {processor.py:925} INFO - DAG(s) 'example_short_circuit_operator' retrieved from /home/airflow/.local/lib/python3.12/site-packages/airflow/example_dags/example_short_circuit_operator.py
[2025-02-10T03:07:46.184+0000] {logging_mixin.py:190} INFO - [2025-02-10T03:07:46.184+0000] {dag.py:3239} INFO - Sync 1 DAGs
[2025-02-10T03:07:46.191+0000] {logging_mixin.py:190} INFO - [2025-02-10T03:07:46.191+0000] {dag.py:4180} INFO - Setting next_dagrun for example_short_circuit_operator to None, run_after=None
[2025-02-10T03:07:46.205+0000] {processor.py:208} INFO - Processing /home/airflow/.local/lib/python3.12/site-packages/airflow/example_dags/example_short_circuit_operator.py took 0.048 seconds
[2025-02-10T03:08:17.024+0000] {processor.py:186} INFO - Started process (PID=1609) to work on /home/airflow/.local/lib/python3.12/site-packages/airflow/example_dags/example_short_circuit_operator.py
[2025-02-10T03:08:17.024+0000] {processor.py:914} INFO - Processing file /home/airflow/.local/lib/python3.12/site-packages/airflow/example_dags/example_short_circuit_operator.py for tasks to queue
[2025-02-10T03:08:17.025+0000] {logging_mixin.py:190} INFO - [2025-02-10T03:08:17.025+0000] {dagbag.py:588} INFO - Filling up the DagBag from /home/airflow/.local/lib/python3.12/site-packages/airflow/example_dags/example_short_circuit_operator.py
[2025-02-10T03:08:17.030+0000] {processor.py:925} INFO - DAG(s) 'example_short_circuit_operator' retrieved from /home/airflow/.local/lib/python3.12/site-packages/airflow/example_dags/example_short_circuit_operator.py
[2025-02-10T03:08:17.043+0000] {logging_mixin.py:190} INFO - [2025-02-10T03:08:17.043+0000] {dag.py:3239} INFO - Sync 1 DAGs
[2025-02-10T03:08:17.054+0000] {logging_mixin.py:190} INFO - [2025-02-10T03:08:17.054+0000] {dag.py:4180} INFO - Setting next_dagrun for example_short_circuit_operator to None, run_after=None
[2025-02-10T03:08:17.065+0000] {processor.py:208} INFO - Processing /home/airflow/.local/lib/python3.12/site-packages/airflow/example_dags/example_short_circuit_operator.py took 0.045 seconds
[2025-02-10T03:08:47.926+0000] {processor.py:186} INFO - Started process (PID=1672) to work on /home/airflow/.local/lib/python3.12/site-packages/airflow/example_dags/example_short_circuit_operator.py
[2025-02-10T03:08:47.927+0000] {processor.py:914} INFO - Processing file /home/airflow/.local/lib/python3.12/site-packages/airflow/example_dags/example_short_circuit_operator.py for tasks to queue
[2025-02-10T03:08:47.928+0000] {logging_mixin.py:190} INFO - [2025-02-10T03:08:47.928+0000] {dagbag.py:588} INFO - Filling up the DagBag from /home/airflow/.local/lib/python3.12/site-packages/airflow/example_dags/example_short_circuit_operator.py
[2025-02-10T03:08:47.935+0000] {processor.py:925} INFO - DAG(s) 'example_short_circuit_operator' retrieved from /home/airflow/.local/lib/python3.12/site-packages/airflow/example_dags/example_short_circuit_operator.py
[2025-02-10T03:08:47.954+0000] {logging_mixin.py:190} INFO - [2025-02-10T03:08:47.953+0000] {dag.py:3239} INFO - Sync 1 DAGs
[2025-02-10T03:08:47.966+0000] {logging_mixin.py:190} INFO - [2025-02-10T03:08:47.966+0000] {dag.py:4180} INFO - Setting next_dagrun for example_short_circuit_operator to None, run_after=None
[2025-02-10T03:08:47.977+0000] {processor.py:208} INFO - Processing /home/airflow/.local/lib/python3.12/site-packages/airflow/example_dags/example_short_circuit_operator.py took 0.058 seconds
[2025-02-10T03:09:18.376+0000] {processor.py:186} INFO - Started process (PID=1735) to work on /home/airflow/.local/lib/python3.12/site-packages/airflow/example_dags/example_short_circuit_operator.py
[2025-02-10T03:09:18.378+0000] {processor.py:914} INFO - Processing file /home/airflow/.local/lib/python3.12/site-packages/airflow/example_dags/example_short_circuit_operator.py for tasks to queue
[2025-02-10T03:09:18.382+0000] {logging_mixin.py:190} INFO - [2025-02-10T03:09:18.381+0000] {dagbag.py:588} INFO - Filling up the DagBag from /home/airflow/.local/lib/python3.12/site-packages/airflow/example_dags/example_short_circuit_operator.py
[2025-02-10T03:09:18.397+0000] {processor.py:925} INFO - DAG(s) 'example_short_circuit_operator' retrieved from /home/airflow/.local/lib/python3.12/site-packages/airflow/example_dags/example_short_circuit_operator.py
[2025-02-10T03:09:18.434+0000] {logging_mixin.py:190} INFO - [2025-02-10T03:09:18.434+0000] {dag.py:3239} INFO - Sync 1 DAGs
[2025-02-10T03:09:18.448+0000] {logging_mixin.py:190} INFO - [2025-02-10T03:09:18.448+0000] {dag.py:4180} INFO - Setting next_dagrun for example_short_circuit_operator to None, run_after=None
[2025-02-10T03:09:18.465+0000] {processor.py:208} INFO - Processing /home/airflow/.local/lib/python3.12/site-packages/airflow/example_dags/example_short_circuit_operator.py took 0.100 seconds
[2025-02-10T03:09:49.089+0000] {processor.py:186} INFO - Started process (PID=1799) to work on /home/airflow/.local/lib/python3.12/site-packages/airflow/example_dags/example_short_circuit_operator.py
[2025-02-10T03:09:49.090+0000] {processor.py:914} INFO - Processing file /home/airflow/.local/lib/python3.12/site-packages/airflow/example_dags/example_short_circuit_operator.py for tasks to queue
[2025-02-10T03:09:49.093+0000] {logging_mixin.py:190} INFO - [2025-02-10T03:09:49.093+0000] {dagbag.py:588} INFO - Filling up the DagBag from /home/airflow/.local/lib/python3.12/site-packages/airflow/example_dags/example_short_circuit_operator.py
[2025-02-10T03:09:49.112+0000] {processor.py:925} INFO - DAG(s) 'example_short_circuit_operator' retrieved from /home/airflow/.local/lib/python3.12/site-packages/airflow/example_dags/example_short_circuit_operator.py
[2025-02-10T03:09:49.143+0000] {logging_mixin.py:190} INFO - [2025-02-10T03:09:49.143+0000] {dag.py:3239} INFO - Sync 1 DAGs
[2025-02-10T03:09:49.157+0000] {logging_mixin.py:190} INFO - [2025-02-10T03:09:49.157+0000] {dag.py:4180} INFO - Setting next_dagrun for example_short_circuit_operator to None, run_after=None
[2025-02-10T03:09:49.173+0000] {processor.py:208} INFO - Processing /home/airflow/.local/lib/python3.12/site-packages/airflow/example_dags/example_short_circuit_operator.py took 0.089 seconds
[2025-02-10T03:10:20.699+0000] {processor.py:186} INFO - Started process (PID=1865) to work on /home/airflow/.local/lib/python3.12/site-packages/airflow/example_dags/example_short_circuit_operator.py
[2025-02-10T03:10:20.700+0000] {processor.py:914} INFO - Processing file /home/airflow/.local/lib/python3.12/site-packages/airflow/example_dags/example_short_circuit_operator.py for tasks to queue
[2025-02-10T03:10:20.701+0000] {logging_mixin.py:190} INFO - [2025-02-10T03:10:20.701+0000] {dagbag.py:588} INFO - Filling up the DagBag from /home/airflow/.local/lib/python3.12/site-packages/airflow/example_dags/example_short_circuit_operator.py
[2025-02-10T03:10:20.706+0000] {processor.py:925} INFO - DAG(s) 'example_short_circuit_operator' retrieved from /home/airflow/.local/lib/python3.12/site-packages/airflow/example_dags/example_short_circuit_operator.py
[2025-02-10T03:10:20.722+0000] {logging_mixin.py:190} INFO - [2025-02-10T03:10:20.722+0000] {dag.py:3239} INFO - Sync 1 DAGs
[2025-02-10T03:10:20.730+0000] {logging_mixin.py:190} INFO - [2025-02-10T03:10:20.729+0000] {dag.py:4180} INFO - Setting next_dagrun for example_short_circuit_operator to None, run_after=None
[2025-02-10T03:10:20.737+0000] {processor.py:208} INFO - Processing /home/airflow/.local/lib/python3.12/site-packages/airflow/example_dags/example_short_circuit_operator.py took 0.043 seconds
[2025-02-10T03:10:51.482+0000] {processor.py:186} INFO - Started process (PID=1929) to work on /home/airflow/.local/lib/python3.12/site-packages/airflow/example_dags/example_short_circuit_operator.py
[2025-02-10T03:10:51.484+0000] {processor.py:914} INFO - Processing file /home/airflow/.local/lib/python3.12/site-packages/airflow/example_dags/example_short_circuit_operator.py for tasks to queue
[2025-02-10T03:10:51.486+0000] {logging_mixin.py:190} INFO - [2025-02-10T03:10:51.485+0000] {dagbag.py:588} INFO - Filling up the DagBag from /home/airflow/.local/lib/python3.12/site-packages/airflow/example_dags/example_short_circuit_operator.py
[2025-02-10T03:10:51.490+0000] {processor.py:925} INFO - DAG(s) 'example_short_circuit_operator' retrieved from /home/airflow/.local/lib/python3.12/site-packages/airflow/example_dags/example_short_circuit_operator.py
[2025-02-10T03:10:51.502+0000] {logging_mixin.py:190} INFO - [2025-02-10T03:10:51.502+0000] {dag.py:3239} INFO - Sync 1 DAGs
[2025-02-10T03:10:51.508+0000] {logging_mixin.py:190} INFO - [2025-02-10T03:10:51.508+0000] {dag.py:4180} INFO - Setting next_dagrun for example_short_circuit_operator to None, run_after=None
[2025-02-10T03:10:51.521+0000] {processor.py:208} INFO - Processing /home/airflow/.local/lib/python3.12/site-packages/airflow/example_dags/example_short_circuit_operator.py took 0.042 seconds
[2025-02-10T03:11:22.515+0000] {processor.py:186} INFO - Started process (PID=1993) to work on /home/airflow/.local/lib/python3.12/site-packages/airflow/example_dags/example_short_circuit_operator.py
[2025-02-10T03:11:22.517+0000] {processor.py:914} INFO - Processing file /home/airflow/.local/lib/python3.12/site-packages/airflow/example_dags/example_short_circuit_operator.py for tasks to queue
[2025-02-10T03:11:22.519+0000] {logging_mixin.py:190} INFO - [2025-02-10T03:11:22.519+0000] {dagbag.py:588} INFO - Filling up the DagBag from /home/airflow/.local/lib/python3.12/site-packages/airflow/example_dags/example_short_circuit_operator.py
[2025-02-10T03:11:22.531+0000] {processor.py:925} INFO - DAG(s) 'example_short_circuit_operator' retrieved from /home/airflow/.local/lib/python3.12/site-packages/airflow/example_dags/example_short_circuit_operator.py
[2025-02-10T03:11:22.553+0000] {logging_mixin.py:190} INFO - [2025-02-10T03:11:22.553+0000] {dag.py:3239} INFO - Sync 1 DAGs
[2025-02-10T03:11:22.566+0000] {logging_mixin.py:190} INFO - [2025-02-10T03:11:22.566+0000] {dag.py:4180} INFO - Setting next_dagrun for example_short_circuit_operator to None, run_after=None
[2025-02-10T03:11:22.582+0000] {processor.py:208} INFO - Processing /home/airflow/.local/lib/python3.12/site-packages/airflow/example_dags/example_short_circuit_operator.py took 0.072 seconds
[2025-02-10T03:11:53.644+0000] {processor.py:186} INFO - Started process (PID=2057) to work on /home/airflow/.local/lib/python3.12/site-packages/airflow/example_dags/example_short_circuit_operator.py
[2025-02-10T03:11:53.645+0000] {processor.py:914} INFO - Processing file /home/airflow/.local/lib/python3.12/site-packages/airflow/example_dags/example_short_circuit_operator.py for tasks to queue
[2025-02-10T03:11:53.647+0000] {logging_mixin.py:190} INFO - [2025-02-10T03:11:53.647+0000] {dagbag.py:588} INFO - Filling up the DagBag from /home/airflow/.local/lib/python3.12/site-packages/airflow/example_dags/example_short_circuit_operator.py
[2025-02-10T03:11:53.654+0000] {processor.py:925} INFO - DAG(s) 'example_short_circuit_operator' retrieved from /home/airflow/.local/lib/python3.12/site-packages/airflow/example_dags/example_short_circuit_operator.py
[2025-02-10T03:11:53.669+0000] {logging_mixin.py:190} INFO - [2025-02-10T03:11:53.669+0000] {dag.py:3239} INFO - Sync 1 DAGs
[2025-02-10T03:11:53.675+0000] {logging_mixin.py:190} INFO - [2025-02-10T03:11:53.675+0000] {dag.py:4180} INFO - Setting next_dagrun for example_short_circuit_operator to None, run_after=None
[2025-02-10T03:11:53.686+0000] {processor.py:208} INFO - Processing /home/airflow/.local/lib/python3.12/site-packages/airflow/example_dags/example_short_circuit_operator.py took 0.045 seconds
[2025-02-10T03:12:24.601+0000] {processor.py:186} INFO - Started process (PID=2121) to work on /home/airflow/.local/lib/python3.12/site-packages/airflow/example_dags/example_short_circuit_operator.py
[2025-02-10T03:12:24.603+0000] {processor.py:914} INFO - Processing file /home/airflow/.local/lib/python3.12/site-packages/airflow/example_dags/example_short_circuit_operator.py for tasks to queue
[2025-02-10T03:12:24.604+0000] {logging_mixin.py:190} INFO - [2025-02-10T03:12:24.604+0000] {dagbag.py:588} INFO - Filling up the DagBag from /home/airflow/.local/lib/python3.12/site-packages/airflow/example_dags/example_short_circuit_operator.py
[2025-02-10T03:12:24.609+0000] {processor.py:925} INFO - DAG(s) 'example_short_circuit_operator' retrieved from /home/airflow/.local/lib/python3.12/site-packages/airflow/example_dags/example_short_circuit_operator.py
[2025-02-10T03:12:24.621+0000] {logging_mixin.py:190} INFO - [2025-02-10T03:12:24.621+0000] {dag.py:3239} INFO - Sync 1 DAGs
[2025-02-10T03:12:24.630+0000] {logging_mixin.py:190} INFO - [2025-02-10T03:12:24.630+0000] {dag.py:4180} INFO - Setting next_dagrun for example_short_circuit_operator to None, run_after=None
[2025-02-10T03:12:24.642+0000] {processor.py:208} INFO - Processing /home/airflow/.local/lib/python3.12/site-packages/airflow/example_dags/example_short_circuit_operator.py took 0.045 seconds
[2025-02-10T03:12:55.866+0000] {processor.py:186} INFO - Started process (PID=2185) to work on /home/airflow/.local/lib/python3.12/site-packages/airflow/example_dags/example_short_circuit_operator.py
[2025-02-10T03:12:55.867+0000] {processor.py:914} INFO - Processing file /home/airflow/.local/lib/python3.12/site-packages/airflow/example_dags/example_short_circuit_operator.py for tasks to queue
[2025-02-10T03:12:55.868+0000] {logging_mixin.py:190} INFO - [2025-02-10T03:12:55.868+0000] {dagbag.py:588} INFO - Filling up the DagBag from /home/airflow/.local/lib/python3.12/site-packages/airflow/example_dags/example_short_circuit_operator.py
[2025-02-10T03:12:55.873+0000] {processor.py:925} INFO - DAG(s) 'example_short_circuit_operator' retrieved from /home/airflow/.local/lib/python3.12/site-packages/airflow/example_dags/example_short_circuit_operator.py
[2025-02-10T03:12:55.891+0000] {logging_mixin.py:190} INFO - [2025-02-10T03:12:55.891+0000] {dag.py:3239} INFO - Sync 1 DAGs
[2025-02-10T03:12:55.901+0000] {logging_mixin.py:190} INFO - [2025-02-10T03:12:55.901+0000] {dag.py:4180} INFO - Setting next_dagrun for example_short_circuit_operator to None, run_after=None
[2025-02-10T03:12:55.920+0000] {processor.py:208} INFO - Processing /home/airflow/.local/lib/python3.12/site-packages/airflow/example_dags/example_short_circuit_operator.py took 0.058 seconds
[2025-02-10T03:13:26.599+0000] {processor.py:186} INFO - Started process (PID=2249) to work on /home/airflow/.local/lib/python3.12/site-packages/airflow/example_dags/example_short_circuit_operator.py
[2025-02-10T03:13:26.601+0000] {processor.py:914} INFO - Processing file /home/airflow/.local/lib/python3.12/site-packages/airflow/example_dags/example_short_circuit_operator.py for tasks to queue
[2025-02-10T03:13:26.603+0000] {logging_mixin.py:190} INFO - [2025-02-10T03:13:26.603+0000] {dagbag.py:588} INFO - Filling up the DagBag from /home/airflow/.local/lib/python3.12/site-packages/airflow/example_dags/example_short_circuit_operator.py
[2025-02-10T03:13:26.607+0000] {processor.py:925} INFO - DAG(s) 'example_short_circuit_operator' retrieved from /home/airflow/.local/lib/python3.12/site-packages/airflow/example_dags/example_short_circuit_operator.py
[2025-02-10T03:13:26.619+0000] {logging_mixin.py:190} INFO - [2025-02-10T03:13:26.619+0000] {dag.py:3239} INFO - Sync 1 DAGs
[2025-02-10T03:13:26.626+0000] {logging_mixin.py:190} INFO - [2025-02-10T03:13:26.626+0000] {dag.py:4180} INFO - Setting next_dagrun for example_short_circuit_operator to None, run_after=None
[2025-02-10T03:13:26.636+0000] {processor.py:208} INFO - Processing /home/airflow/.local/lib/python3.12/site-packages/airflow/example_dags/example_short_circuit_operator.py took 0.040 seconds
[2025-02-10T03:13:57.784+0000] {processor.py:186} INFO - Started process (PID=2313) to work on /home/airflow/.local/lib/python3.12/site-packages/airflow/example_dags/example_short_circuit_operator.py
[2025-02-10T03:13:57.786+0000] {processor.py:914} INFO - Processing file /home/airflow/.local/lib/python3.12/site-packages/airflow/example_dags/example_short_circuit_operator.py for tasks to queue
[2025-02-10T03:13:57.788+0000] {logging_mixin.py:190} INFO - [2025-02-10T03:13:57.788+0000] {dagbag.py:588} INFO - Filling up the DagBag from /home/airflow/.local/lib/python3.12/site-packages/airflow/example_dags/example_short_circuit_operator.py
[2025-02-10T03:13:57.792+0000] {processor.py:925} INFO - DAG(s) 'example_short_circuit_operator' retrieved from /home/airflow/.local/lib/python3.12/site-packages/airflow/example_dags/example_short_circuit_operator.py
[2025-02-10T03:13:57.804+0000] {logging_mixin.py:190} INFO - [2025-02-10T03:13:57.804+0000] {dag.py:3239} INFO - Sync 1 DAGs
[2025-02-10T03:13:57.810+0000] {logging_mixin.py:190} INFO - [2025-02-10T03:13:57.810+0000] {dag.py:4180} INFO - Setting next_dagrun for example_short_circuit_operator to None, run_after=None
[2025-02-10T03:13:57.821+0000] {processor.py:208} INFO - Processing /home/airflow/.local/lib/python3.12/site-packages/airflow/example_dags/example_short_circuit_operator.py took 0.040 seconds
[2025-02-10T03:14:29.481+0000] {processor.py:186} INFO - Started process (PID=2377) to work on /home/airflow/.local/lib/python3.12/site-packages/airflow/example_dags/example_short_circuit_operator.py
[2025-02-10T03:14:29.482+0000] {processor.py:914} INFO - Processing file /home/airflow/.local/lib/python3.12/site-packages/airflow/example_dags/example_short_circuit_operator.py for tasks to queue
[2025-02-10T03:14:29.483+0000] {logging_mixin.py:190} INFO - [2025-02-10T03:14:29.483+0000] {dagbag.py:588} INFO - Filling up the DagBag from /home/airflow/.local/lib/python3.12/site-packages/airflow/example_dags/example_short_circuit_operator.py
[2025-02-10T03:14:29.488+0000] {processor.py:925} INFO - DAG(s) 'example_short_circuit_operator' retrieved from /home/airflow/.local/lib/python3.12/site-packages/airflow/example_dags/example_short_circuit_operator.py
[2025-02-10T03:14:29.499+0000] {logging_mixin.py:190} INFO - [2025-02-10T03:14:29.499+0000] {dag.py:3239} INFO - Sync 1 DAGs
[2025-02-10T03:14:29.506+0000] {logging_mixin.py:190} INFO - [2025-02-10T03:14:29.506+0000] {dag.py:4180} INFO - Setting next_dagrun for example_short_circuit_operator to None, run_after=None
[2025-02-10T03:14:29.517+0000] {processor.py:208} INFO - Processing /home/airflow/.local/lib/python3.12/site-packages/airflow/example_dags/example_short_circuit_operator.py took 0.042 seconds
[2025-02-10T03:15:00.302+0000] {processor.py:186} INFO - Started process (PID=2441) to work on /home/airflow/.local/lib/python3.12/site-packages/airflow/example_dags/example_short_circuit_operator.py
[2025-02-10T03:15:00.304+0000] {processor.py:914} INFO - Processing file /home/airflow/.local/lib/python3.12/site-packages/airflow/example_dags/example_short_circuit_operator.py for tasks to queue
[2025-02-10T03:15:00.307+0000] {logging_mixin.py:190} INFO - [2025-02-10T03:15:00.307+0000] {dagbag.py:588} INFO - Filling up the DagBag from /home/airflow/.local/lib/python3.12/site-packages/airflow/example_dags/example_short_circuit_operator.py
[2025-02-10T03:15:00.311+0000] {processor.py:925} INFO - DAG(s) 'example_short_circuit_operator' retrieved from /home/airflow/.local/lib/python3.12/site-packages/airflow/example_dags/example_short_circuit_operator.py
[2025-02-10T03:15:00.325+0000] {logging_mixin.py:190} INFO - [2025-02-10T03:15:00.325+0000] {dag.py:3239} INFO - Sync 1 DAGs
[2025-02-10T03:15:00.333+0000] {logging_mixin.py:190} INFO - [2025-02-10T03:15:00.333+0000] {dag.py:4180} INFO - Setting next_dagrun for example_short_circuit_operator to None, run_after=None
[2025-02-10T03:15:00.346+0000] {processor.py:208} INFO - Processing /home/airflow/.local/lib/python3.12/site-packages/airflow/example_dags/example_short_circuit_operator.py took 0.047 seconds
[2025-02-10T03:15:31.123+0000] {processor.py:186} INFO - Started process (PID=2504) to work on /home/airflow/.local/lib/python3.12/site-packages/airflow/example_dags/example_short_circuit_operator.py
[2025-02-10T03:15:31.125+0000] {processor.py:914} INFO - Processing file /home/airflow/.local/lib/python3.12/site-packages/airflow/example_dags/example_short_circuit_operator.py for tasks to queue
[2025-02-10T03:15:31.127+0000] {logging_mixin.py:190} INFO - [2025-02-10T03:15:31.127+0000] {dagbag.py:588} INFO - Filling up the DagBag from /home/airflow/.local/lib/python3.12/site-packages/airflow/example_dags/example_short_circuit_operator.py
[2025-02-10T03:15:31.134+0000] {processor.py:925} INFO - DAG(s) 'example_short_circuit_operator' retrieved from /home/airflow/.local/lib/python3.12/site-packages/airflow/example_dags/example_short_circuit_operator.py
[2025-02-10T03:15:31.150+0000] {logging_mixin.py:190} INFO - [2025-02-10T03:15:31.150+0000] {dag.py:3239} INFO - Sync 1 DAGs
[2025-02-10T03:15:31.160+0000] {logging_mixin.py:190} INFO - [2025-02-10T03:15:31.160+0000] {dag.py:4180} INFO - Setting next_dagrun for example_short_circuit_operator to None, run_after=None
[2025-02-10T03:15:31.173+0000] {processor.py:208} INFO - Processing /home/airflow/.local/lib/python3.12/site-packages/airflow/example_dags/example_short_circuit_operator.py took 0.054 seconds
