[2025-02-10T02:55:51.583+0000] {processor.py:186} INFO - Started process (PID=101) to work on /home/airflow/.local/lib/python3.12/site-packages/airflow/example_dags/example_external_task_marker_dag.py
[2025-02-10T02:55:51.584+0000] {processor.py:914} INFO - Processing file /home/airflow/.local/lib/python3.12/site-packages/airflow/example_dags/example_external_task_marker_dag.py for tasks to queue
[2025-02-10T02:55:51.586+0000] {logging_mixin.py:190} INFO - [2025-02-10T02:55:51.586+0000] {dagbag.py:588} INFO - Filling up the DagBag from /home/airflow/.local/lib/python3.12/site-packages/airflow/example_dags/example_external_task_marker_dag.py
[2025-02-10T02:55:51.593+0000] {processor.py:925} INFO - DAG(s) 'example_external_task_marker_parent', 'example_external_task_marker_child' retrieved from /home/airflow/.local/lib/python3.12/site-packages/airflow/example_dags/example_external_task_marker_dag.py
[2025-02-10T02:55:51.662+0000] {logging_mixin.py:190} INFO - [2025-02-10T02:55:51.662+0000] {override.py:1911} INFO - Created Permission View: can read on DAG:example_external_task_marker_parent
[2025-02-10T02:55:51.669+0000] {logging_mixin.py:190} INFO - [2025-02-10T02:55:51.669+0000] {override.py:1911} INFO - Created Permission View: can edit on DAG:example_external_task_marker_parent
[2025-02-10T02:55:51.674+0000] {logging_mixin.py:190} INFO - [2025-02-10T02:55:51.674+0000] {override.py:1911} INFO - Created Permission View: can delete on DAG:example_external_task_marker_parent
[2025-02-10T02:55:51.679+0000] {logging_mixin.py:190} INFO - [2025-02-10T02:55:51.678+0000] {override.py:1911} INFO - Created Permission View: can read on DAG Run:example_external_task_marker_parent
[2025-02-10T02:55:51.686+0000] {logging_mixin.py:190} INFO - [2025-02-10T02:55:51.686+0000] {override.py:1911} INFO - Created Permission View: can delete on DAG Run:example_external_task_marker_parent
[2025-02-10T02:55:51.694+0000] {logging_mixin.py:190} INFO - [2025-02-10T02:55:51.694+0000] {override.py:1911} INFO - Created Permission View: menu access on DAG Run:example_external_task_marker_parent
[2025-02-10T02:55:51.700+0000] {logging_mixin.py:190} INFO - [2025-02-10T02:55:51.700+0000] {override.py:1911} INFO - Created Permission View: can create on DAG Run:example_external_task_marker_parent
[2025-02-10T02:55:51.712+0000] {logging_mixin.py:190} INFO - [2025-02-10T02:55:51.712+0000] {override.py:1911} INFO - Created Permission View: can read on DAG:example_external_task_marker_child
[2025-02-10T02:55:51.724+0000] {logging_mixin.py:190} INFO - [2025-02-10T02:55:51.723+0000] {override.py:1911} INFO - Created Permission View: can edit on DAG:example_external_task_marker_child
[2025-02-10T02:55:51.728+0000] {logging_mixin.py:190} INFO - [2025-02-10T02:55:51.728+0000] {override.py:1911} INFO - Created Permission View: can delete on DAG:example_external_task_marker_child
[2025-02-10T02:55:51.733+0000] {logging_mixin.py:190} INFO - [2025-02-10T02:55:51.733+0000] {override.py:1911} INFO - Created Permission View: can read on DAG Run:example_external_task_marker_child
[2025-02-10T02:55:51.738+0000] {logging_mixin.py:190} INFO - [2025-02-10T02:55:51.738+0000] {override.py:1911} INFO - Created Permission View: can delete on DAG Run:example_external_task_marker_child
[2025-02-10T02:55:51.742+0000] {logging_mixin.py:190} INFO - [2025-02-10T02:55:51.742+0000] {override.py:1911} INFO - Created Permission View: menu access on DAG Run:example_external_task_marker_child
[2025-02-10T02:55:51.750+0000] {logging_mixin.py:190} INFO - [2025-02-10T02:55:51.750+0000] {override.py:1911} INFO - Created Permission View: can create on DAG Run:example_external_task_marker_child
[2025-02-10T02:55:51.750+0000] {logging_mixin.py:190} INFO - [2025-02-10T02:55:51.750+0000] {dag.py:3239} INFO - Sync 2 DAGs
[2025-02-10T02:55:51.773+0000] {logging_mixin.py:190} INFO - [2025-02-10T02:55:51.772+0000] {dag.py:3262} INFO - Creating ORM DAG for example_external_task_marker_child
[2025-02-10T02:55:51.773+0000] {logging_mixin.py:190} INFO - [2025-02-10T02:55:51.773+0000] {dag.py:3262} INFO - Creating ORM DAG for example_external_task_marker_parent
[2025-02-10T02:55:51.774+0000] {logging_mixin.py:190} INFO - [2025-02-10T02:55:51.774+0000] {dag.py:4180} INFO - Setting next_dagrun for example_external_task_marker_child to None, run_after=None
[2025-02-10T02:55:51.774+0000] {logging_mixin.py:190} INFO - [2025-02-10T02:55:51.774+0000] {dag.py:4180} INFO - Setting next_dagrun for example_external_task_marker_parent to None, run_after=None
[2025-02-10T02:55:51.788+0000] {processor.py:208} INFO - Processing /home/airflow/.local/lib/python3.12/site-packages/airflow/example_dags/example_external_task_marker_dag.py took 0.211 seconds
[2025-02-10T02:56:22.164+0000] {processor.py:186} INFO - Started process (PID=165) to work on /home/airflow/.local/lib/python3.12/site-packages/airflow/example_dags/example_external_task_marker_dag.py
[2025-02-10T02:56:22.164+0000] {processor.py:914} INFO - Processing file /home/airflow/.local/lib/python3.12/site-packages/airflow/example_dags/example_external_task_marker_dag.py for tasks to queue
[2025-02-10T02:56:22.166+0000] {logging_mixin.py:190} INFO - [2025-02-10T02:56:22.165+0000] {dagbag.py:588} INFO - Filling up the DagBag from /home/airflow/.local/lib/python3.12/site-packages/airflow/example_dags/example_external_task_marker_dag.py
[2025-02-10T02:56:22.170+0000] {processor.py:925} INFO - DAG(s) 'example_external_task_marker_parent', 'example_external_task_marker_child' retrieved from /home/airflow/.local/lib/python3.12/site-packages/airflow/example_dags/example_external_task_marker_dag.py
[2025-02-10T02:56:22.187+0000] {logging_mixin.py:190} INFO - [2025-02-10T02:56:22.187+0000] {dag.py:3239} INFO - Sync 2 DAGs
[2025-02-10T02:56:22.195+0000] {logging_mixin.py:190} INFO - [2025-02-10T02:56:22.195+0000] {dag.py:4180} INFO - Setting next_dagrun for example_external_task_marker_child to None, run_after=None
[2025-02-10T02:56:22.198+0000] {logging_mixin.py:190} INFO - [2025-02-10T02:56:22.197+0000] {dag.py:4180} INFO - Setting next_dagrun for example_external_task_marker_parent to None, run_after=None
[2025-02-10T02:56:22.208+0000] {processor.py:208} INFO - Processing /home/airflow/.local/lib/python3.12/site-packages/airflow/example_dags/example_external_task_marker_dag.py took 0.047 seconds
[2025-02-10T02:56:52.972+0000] {processor.py:186} INFO - Started process (PID=229) to work on /home/airflow/.local/lib/python3.12/site-packages/airflow/example_dags/example_external_task_marker_dag.py
[2025-02-10T02:56:52.973+0000] {processor.py:914} INFO - Processing file /home/airflow/.local/lib/python3.12/site-packages/airflow/example_dags/example_external_task_marker_dag.py for tasks to queue
[2025-02-10T02:56:52.974+0000] {logging_mixin.py:190} INFO - [2025-02-10T02:56:52.974+0000] {dagbag.py:588} INFO - Filling up the DagBag from /home/airflow/.local/lib/python3.12/site-packages/airflow/example_dags/example_external_task_marker_dag.py
[2025-02-10T02:56:52.979+0000] {processor.py:925} INFO - DAG(s) 'example_external_task_marker_parent', 'example_external_task_marker_child' retrieved from /home/airflow/.local/lib/python3.12/site-packages/airflow/example_dags/example_external_task_marker_dag.py
[2025-02-10T02:56:52.995+0000] {logging_mixin.py:190} INFO - [2025-02-10T02:56:52.995+0000] {dag.py:3239} INFO - Sync 2 DAGs
[2025-02-10T02:56:53.005+0000] {logging_mixin.py:190} INFO - [2025-02-10T02:56:53.005+0000] {dag.py:4180} INFO - Setting next_dagrun for example_external_task_marker_child to None, run_after=None
[2025-02-10T02:56:53.008+0000] {logging_mixin.py:190} INFO - [2025-02-10T02:56:53.008+0000] {dag.py:4180} INFO - Setting next_dagrun for example_external_task_marker_parent to None, run_after=None
[2025-02-10T02:56:53.019+0000] {processor.py:208} INFO - Processing /home/airflow/.local/lib/python3.12/site-packages/airflow/example_dags/example_external_task_marker_dag.py took 0.050 seconds
[2025-02-10T02:57:24.080+0000] {processor.py:186} INFO - Started process (PID=292) to work on /home/airflow/.local/lib/python3.12/site-packages/airflow/example_dags/example_external_task_marker_dag.py
[2025-02-10T02:57:24.081+0000] {processor.py:914} INFO - Processing file /home/airflow/.local/lib/python3.12/site-packages/airflow/example_dags/example_external_task_marker_dag.py for tasks to queue
[2025-02-10T02:57:24.082+0000] {logging_mixin.py:190} INFO - [2025-02-10T02:57:24.082+0000] {dagbag.py:588} INFO - Filling up the DagBag from /home/airflow/.local/lib/python3.12/site-packages/airflow/example_dags/example_external_task_marker_dag.py
[2025-02-10T02:57:24.093+0000] {processor.py:925} INFO - DAG(s) 'example_external_task_marker_parent', 'example_external_task_marker_child' retrieved from /home/airflow/.local/lib/python3.12/site-packages/airflow/example_dags/example_external_task_marker_dag.py
[2025-02-10T02:57:24.108+0000] {logging_mixin.py:190} INFO - [2025-02-10T02:57:24.108+0000] {dag.py:3239} INFO - Sync 2 DAGs
[2025-02-10T02:57:24.116+0000] {logging_mixin.py:190} INFO - [2025-02-10T02:57:24.116+0000] {dag.py:4180} INFO - Setting next_dagrun for example_external_task_marker_child to None, run_after=None
[2025-02-10T02:57:24.118+0000] {logging_mixin.py:190} INFO - [2025-02-10T02:57:24.118+0000] {dag.py:4180} INFO - Setting next_dagrun for example_external_task_marker_parent to None, run_after=None
[2025-02-10T02:57:24.125+0000] {processor.py:208} INFO - Processing /home/airflow/.local/lib/python3.12/site-packages/airflow/example_dags/example_external_task_marker_dag.py took 0.049 seconds
[2025-02-10T02:57:54.667+0000] {processor.py:186} INFO - Started process (PID=355) to work on /home/airflow/.local/lib/python3.12/site-packages/airflow/example_dags/example_external_task_marker_dag.py
[2025-02-10T02:57:54.667+0000] {processor.py:914} INFO - Processing file /home/airflow/.local/lib/python3.12/site-packages/airflow/example_dags/example_external_task_marker_dag.py for tasks to queue
[2025-02-10T02:57:54.668+0000] {logging_mixin.py:190} INFO - [2025-02-10T02:57:54.668+0000] {dagbag.py:588} INFO - Filling up the DagBag from /home/airflow/.local/lib/python3.12/site-packages/airflow/example_dags/example_external_task_marker_dag.py
[2025-02-10T02:57:54.672+0000] {processor.py:925} INFO - DAG(s) 'example_external_task_marker_child', 'example_external_task_marker_parent' retrieved from /home/airflow/.local/lib/python3.12/site-packages/airflow/example_dags/example_external_task_marker_dag.py
[2025-02-10T02:57:54.691+0000] {logging_mixin.py:190} INFO - [2025-02-10T02:57:54.691+0000] {dag.py:3239} INFO - Sync 2 DAGs
[2025-02-10T02:57:54.699+0000] {logging_mixin.py:190} INFO - [2025-02-10T02:57:54.699+0000] {dag.py:4180} INFO - Setting next_dagrun for example_external_task_marker_child to None, run_after=None
[2025-02-10T02:57:54.702+0000] {logging_mixin.py:190} INFO - [2025-02-10T02:57:54.702+0000] {dag.py:4180} INFO - Setting next_dagrun for example_external_task_marker_parent to None, run_after=None
[2025-02-10T02:57:54.707+0000] {processor.py:208} INFO - Processing /home/airflow/.local/lib/python3.12/site-packages/airflow/example_dags/example_external_task_marker_dag.py took 0.045 seconds
[2025-02-10T02:58:24.728+0000] {processor.py:186} INFO - Started process (PID=419) to work on /home/airflow/.local/lib/python3.12/site-packages/airflow/example_dags/example_external_task_marker_dag.py
[2025-02-10T02:58:24.730+0000] {processor.py:914} INFO - Processing file /home/airflow/.local/lib/python3.12/site-packages/airflow/example_dags/example_external_task_marker_dag.py for tasks to queue
[2025-02-10T02:58:24.731+0000] {logging_mixin.py:190} INFO - [2025-02-10T02:58:24.731+0000] {dagbag.py:588} INFO - Filling up the DagBag from /home/airflow/.local/lib/python3.12/site-packages/airflow/example_dags/example_external_task_marker_dag.py
[2025-02-10T02:58:24.735+0000] {processor.py:925} INFO - DAG(s) 'example_external_task_marker_child', 'example_external_task_marker_parent' retrieved from /home/airflow/.local/lib/python3.12/site-packages/airflow/example_dags/example_external_task_marker_dag.py
[2025-02-10T02:58:24.753+0000] {logging_mixin.py:190} INFO - [2025-02-10T02:58:24.753+0000] {dag.py:3239} INFO - Sync 2 DAGs
[2025-02-10T02:58:24.764+0000] {logging_mixin.py:190} INFO - [2025-02-10T02:58:24.764+0000] {dag.py:4180} INFO - Setting next_dagrun for example_external_task_marker_child to None, run_after=None
[2025-02-10T02:58:24.767+0000] {logging_mixin.py:190} INFO - [2025-02-10T02:58:24.767+0000] {dag.py:4180} INFO - Setting next_dagrun for example_external_task_marker_parent to None, run_after=None
[2025-02-10T02:58:24.783+0000] {processor.py:208} INFO - Processing /home/airflow/.local/lib/python3.12/site-packages/airflow/example_dags/example_external_task_marker_dag.py took 0.058 seconds
[2025-02-10T02:58:55.333+0000] {processor.py:186} INFO - Started process (PID=483) to work on /home/airflow/.local/lib/python3.12/site-packages/airflow/example_dags/example_external_task_marker_dag.py
[2025-02-10T02:58:55.334+0000] {processor.py:914} INFO - Processing file /home/airflow/.local/lib/python3.12/site-packages/airflow/example_dags/example_external_task_marker_dag.py for tasks to queue
[2025-02-10T02:58:55.335+0000] {logging_mixin.py:190} INFO - [2025-02-10T02:58:55.335+0000] {dagbag.py:588} INFO - Filling up the DagBag from /home/airflow/.local/lib/python3.12/site-packages/airflow/example_dags/example_external_task_marker_dag.py
[2025-02-10T02:58:55.339+0000] {processor.py:925} INFO - DAG(s) 'example_external_task_marker_child', 'example_external_task_marker_parent' retrieved from /home/airflow/.local/lib/python3.12/site-packages/airflow/example_dags/example_external_task_marker_dag.py
[2025-02-10T02:58:55.350+0000] {logging_mixin.py:190} INFO - [2025-02-10T02:58:55.350+0000] {dag.py:3239} INFO - Sync 2 DAGs
[2025-02-10T02:58:55.360+0000] {logging_mixin.py:190} INFO - [2025-02-10T02:58:55.360+0000] {dag.py:4180} INFO - Setting next_dagrun for example_external_task_marker_child to None, run_after=None
[2025-02-10T02:58:55.362+0000] {logging_mixin.py:190} INFO - [2025-02-10T02:58:55.362+0000] {dag.py:4180} INFO - Setting next_dagrun for example_external_task_marker_parent to None, run_after=None
[2025-02-10T02:58:55.374+0000] {processor.py:208} INFO - Processing /home/airflow/.local/lib/python3.12/site-packages/airflow/example_dags/example_external_task_marker_dag.py took 0.046 seconds
[2025-02-10T02:59:25.889+0000] {processor.py:186} INFO - Started process (PID=547) to work on /home/airflow/.local/lib/python3.12/site-packages/airflow/example_dags/example_external_task_marker_dag.py
[2025-02-10T02:59:25.889+0000] {processor.py:914} INFO - Processing file /home/airflow/.local/lib/python3.12/site-packages/airflow/example_dags/example_external_task_marker_dag.py for tasks to queue
[2025-02-10T02:59:25.893+0000] {logging_mixin.py:190} INFO - [2025-02-10T02:59:25.892+0000] {dagbag.py:588} INFO - Filling up the DagBag from /home/airflow/.local/lib/python3.12/site-packages/airflow/example_dags/example_external_task_marker_dag.py
[2025-02-10T02:59:25.904+0000] {processor.py:925} INFO - DAG(s) 'example_external_task_marker_parent', 'example_external_task_marker_child' retrieved from /home/airflow/.local/lib/python3.12/site-packages/airflow/example_dags/example_external_task_marker_dag.py
[2025-02-10T02:59:25.924+0000] {logging_mixin.py:190} INFO - [2025-02-10T02:59:25.924+0000] {dag.py:3239} INFO - Sync 2 DAGs
[2025-02-10T02:59:25.944+0000] {logging_mixin.py:190} INFO - [2025-02-10T02:59:25.944+0000] {dag.py:4180} INFO - Setting next_dagrun for example_external_task_marker_child to None, run_after=None
[2025-02-10T02:59:25.949+0000] {logging_mixin.py:190} INFO - [2025-02-10T02:59:25.949+0000] {dag.py:4180} INFO - Setting next_dagrun for example_external_task_marker_parent to None, run_after=None
[2025-02-10T02:59:25.960+0000] {processor.py:208} INFO - Processing /home/airflow/.local/lib/python3.12/site-packages/airflow/example_dags/example_external_task_marker_dag.py took 0.074 seconds
[2025-02-10T02:59:57.467+0000] {processor.py:186} INFO - Started process (PID=611) to work on /home/airflow/.local/lib/python3.12/site-packages/airflow/example_dags/example_external_task_marker_dag.py
[2025-02-10T02:59:57.474+0000] {processor.py:914} INFO - Processing file /home/airflow/.local/lib/python3.12/site-packages/airflow/example_dags/example_external_task_marker_dag.py for tasks to queue
[2025-02-10T02:59:57.484+0000] {logging_mixin.py:190} INFO - [2025-02-10T02:59:57.483+0000] {dagbag.py:588} INFO - Filling up the DagBag from /home/airflow/.local/lib/python3.12/site-packages/airflow/example_dags/example_external_task_marker_dag.py
[2025-02-10T02:59:57.505+0000] {processor.py:925} INFO - DAG(s) 'example_external_task_marker_child', 'example_external_task_marker_parent' retrieved from /home/airflow/.local/lib/python3.12/site-packages/airflow/example_dags/example_external_task_marker_dag.py
[2025-02-10T02:59:57.528+0000] {logging_mixin.py:190} INFO - [2025-02-10T02:59:57.528+0000] {dag.py:3239} INFO - Sync 2 DAGs
[2025-02-10T02:59:57.537+0000] {logging_mixin.py:190} INFO - [2025-02-10T02:59:57.537+0000] {dag.py:4180} INFO - Setting next_dagrun for example_external_task_marker_child to None, run_after=None
[2025-02-10T02:59:57.539+0000] {logging_mixin.py:190} INFO - [2025-02-10T02:59:57.539+0000] {dag.py:4180} INFO - Setting next_dagrun for example_external_task_marker_parent to None, run_after=None
[2025-02-10T02:59:57.550+0000] {processor.py:208} INFO - Processing /home/airflow/.local/lib/python3.12/site-packages/airflow/example_dags/example_external_task_marker_dag.py took 0.099 seconds
[2025-02-10T03:00:29.582+0000] {processor.py:186} INFO - Started process (PID=675) to work on /home/airflow/.local/lib/python3.12/site-packages/airflow/example_dags/example_external_task_marker_dag.py
[2025-02-10T03:00:29.590+0000] {processor.py:914} INFO - Processing file /home/airflow/.local/lib/python3.12/site-packages/airflow/example_dags/example_external_task_marker_dag.py for tasks to queue
[2025-02-10T03:00:29.600+0000] {logging_mixin.py:190} INFO - [2025-02-10T03:00:29.598+0000] {dagbag.py:588} INFO - Filling up the DagBag from /home/airflow/.local/lib/python3.12/site-packages/airflow/example_dags/example_external_task_marker_dag.py
[2025-02-10T03:00:29.610+0000] {processor.py:925} INFO - DAG(s) 'example_external_task_marker_child', 'example_external_task_marker_parent' retrieved from /home/airflow/.local/lib/python3.12/site-packages/airflow/example_dags/example_external_task_marker_dag.py
[2025-02-10T03:00:29.624+0000] {logging_mixin.py:190} INFO - [2025-02-10T03:00:29.624+0000] {dag.py:3239} INFO - Sync 2 DAGs
[2025-02-10T03:00:29.634+0000] {logging_mixin.py:190} INFO - [2025-02-10T03:00:29.634+0000] {dag.py:4180} INFO - Setting next_dagrun for example_external_task_marker_child to None, run_after=None
[2025-02-10T03:00:29.637+0000] {logging_mixin.py:190} INFO - [2025-02-10T03:00:29.636+0000] {dag.py:4180} INFO - Setting next_dagrun for example_external_task_marker_parent to None, run_after=None
[2025-02-10T03:00:29.646+0000] {processor.py:208} INFO - Processing /home/airflow/.local/lib/python3.12/site-packages/airflow/example_dags/example_external_task_marker_dag.py took 0.071 seconds
[2025-02-10T03:01:00.655+0000] {processor.py:186} INFO - Started process (PID=739) to work on /home/airflow/.local/lib/python3.12/site-packages/airflow/example_dags/example_external_task_marker_dag.py
[2025-02-10T03:01:00.657+0000] {processor.py:914} INFO - Processing file /home/airflow/.local/lib/python3.12/site-packages/airflow/example_dags/example_external_task_marker_dag.py for tasks to queue
[2025-02-10T03:01:00.658+0000] {logging_mixin.py:190} INFO - [2025-02-10T03:01:00.658+0000] {dagbag.py:588} INFO - Filling up the DagBag from /home/airflow/.local/lib/python3.12/site-packages/airflow/example_dags/example_external_task_marker_dag.py
[2025-02-10T03:01:00.663+0000] {processor.py:925} INFO - DAG(s) 'example_external_task_marker_parent', 'example_external_task_marker_child' retrieved from /home/airflow/.local/lib/python3.12/site-packages/airflow/example_dags/example_external_task_marker_dag.py
[2025-02-10T03:01:00.678+0000] {logging_mixin.py:190} INFO - [2025-02-10T03:01:00.678+0000] {dag.py:3239} INFO - Sync 2 DAGs
[2025-02-10T03:01:00.685+0000] {logging_mixin.py:190} INFO - [2025-02-10T03:01:00.685+0000] {dag.py:4180} INFO - Setting next_dagrun for example_external_task_marker_child to None, run_after=None
[2025-02-10T03:01:00.687+0000] {logging_mixin.py:190} INFO - [2025-02-10T03:01:00.687+0000] {dag.py:4180} INFO - Setting next_dagrun for example_external_task_marker_parent to None, run_after=None
[2025-02-10T03:01:00.708+0000] {processor.py:208} INFO - Processing /home/airflow/.local/lib/python3.12/site-packages/airflow/example_dags/example_external_task_marker_dag.py took 0.056 seconds
[2025-02-10T03:01:31.888+0000] {processor.py:186} INFO - Started process (PID=803) to work on /home/airflow/.local/lib/python3.12/site-packages/airflow/example_dags/example_external_task_marker_dag.py
[2025-02-10T03:01:31.889+0000] {processor.py:914} INFO - Processing file /home/airflow/.local/lib/python3.12/site-packages/airflow/example_dags/example_external_task_marker_dag.py for tasks to queue
[2025-02-10T03:01:31.890+0000] {logging_mixin.py:190} INFO - [2025-02-10T03:01:31.890+0000] {dagbag.py:588} INFO - Filling up the DagBag from /home/airflow/.local/lib/python3.12/site-packages/airflow/example_dags/example_external_task_marker_dag.py
[2025-02-10T03:01:31.901+0000] {processor.py:925} INFO - DAG(s) 'example_external_task_marker_parent', 'example_external_task_marker_child' retrieved from /home/airflow/.local/lib/python3.12/site-packages/airflow/example_dags/example_external_task_marker_dag.py
[2025-02-10T03:01:31.951+0000] {logging_mixin.py:190} INFO - [2025-02-10T03:01:31.951+0000] {dag.py:3239} INFO - Sync 2 DAGs
[2025-02-10T03:01:31.960+0000] {logging_mixin.py:190} INFO - [2025-02-10T03:01:31.960+0000] {dag.py:4180} INFO - Setting next_dagrun for example_external_task_marker_child to None, run_after=None
[2025-02-10T03:01:31.962+0000] {logging_mixin.py:190} INFO - [2025-02-10T03:01:31.962+0000] {dag.py:4180} INFO - Setting next_dagrun for example_external_task_marker_parent to None, run_after=None
[2025-02-10T03:01:31.974+0000] {processor.py:208} INFO - Processing /home/airflow/.local/lib/python3.12/site-packages/airflow/example_dags/example_external_task_marker_dag.py took 0.091 seconds
[2025-02-10T03:02:03.033+0000] {processor.py:186} INFO - Started process (PID=867) to work on /home/airflow/.local/lib/python3.12/site-packages/airflow/example_dags/example_external_task_marker_dag.py
[2025-02-10T03:02:03.034+0000] {processor.py:914} INFO - Processing file /home/airflow/.local/lib/python3.12/site-packages/airflow/example_dags/example_external_task_marker_dag.py for tasks to queue
[2025-02-10T03:02:03.036+0000] {logging_mixin.py:190} INFO - [2025-02-10T03:02:03.036+0000] {dagbag.py:588} INFO - Filling up the DagBag from /home/airflow/.local/lib/python3.12/site-packages/airflow/example_dags/example_external_task_marker_dag.py
[2025-02-10T03:02:03.041+0000] {processor.py:925} INFO - DAG(s) 'example_external_task_marker_parent', 'example_external_task_marker_child' retrieved from /home/airflow/.local/lib/python3.12/site-packages/airflow/example_dags/example_external_task_marker_dag.py
[2025-02-10T03:02:03.059+0000] {logging_mixin.py:190} INFO - [2025-02-10T03:02:03.059+0000] {dag.py:3239} INFO - Sync 2 DAGs
[2025-02-10T03:02:03.067+0000] {logging_mixin.py:190} INFO - [2025-02-10T03:02:03.067+0000] {dag.py:4180} INFO - Setting next_dagrun for example_external_task_marker_child to None, run_after=None
[2025-02-10T03:02:03.070+0000] {logging_mixin.py:190} INFO - [2025-02-10T03:02:03.070+0000] {dag.py:4180} INFO - Setting next_dagrun for example_external_task_marker_parent to None, run_after=None
[2025-02-10T03:02:03.079+0000] {processor.py:208} INFO - Processing /home/airflow/.local/lib/python3.12/site-packages/airflow/example_dags/example_external_task_marker_dag.py took 0.050 seconds
[2025-02-10T03:02:34.485+0000] {processor.py:186} INFO - Started process (PID=931) to work on /home/airflow/.local/lib/python3.12/site-packages/airflow/example_dags/example_external_task_marker_dag.py
[2025-02-10T03:02:34.486+0000] {processor.py:914} INFO - Processing file /home/airflow/.local/lib/python3.12/site-packages/airflow/example_dags/example_external_task_marker_dag.py for tasks to queue
[2025-02-10T03:02:34.489+0000] {logging_mixin.py:190} INFO - [2025-02-10T03:02:34.489+0000] {dagbag.py:588} INFO - Filling up the DagBag from /home/airflow/.local/lib/python3.12/site-packages/airflow/example_dags/example_external_task_marker_dag.py
[2025-02-10T03:02:34.496+0000] {processor.py:925} INFO - DAG(s) 'example_external_task_marker_child', 'example_external_task_marker_parent' retrieved from /home/airflow/.local/lib/python3.12/site-packages/airflow/example_dags/example_external_task_marker_dag.py
[2025-02-10T03:02:34.510+0000] {logging_mixin.py:190} INFO - [2025-02-10T03:02:34.510+0000] {dag.py:3239} INFO - Sync 2 DAGs
[2025-02-10T03:02:34.519+0000] {logging_mixin.py:190} INFO - [2025-02-10T03:02:34.519+0000] {dag.py:4180} INFO - Setting next_dagrun for example_external_task_marker_child to None, run_after=None
[2025-02-10T03:02:34.524+0000] {logging_mixin.py:190} INFO - [2025-02-10T03:02:34.524+0000] {dag.py:4180} INFO - Setting next_dagrun for example_external_task_marker_parent to None, run_after=None
[2025-02-10T03:02:34.530+0000] {processor.py:208} INFO - Processing /home/airflow/.local/lib/python3.12/site-packages/airflow/example_dags/example_external_task_marker_dag.py took 0.049 seconds
[2025-02-10T03:03:06.099+0000] {processor.py:186} INFO - Started process (PID=995) to work on /home/airflow/.local/lib/python3.12/site-packages/airflow/example_dags/example_external_task_marker_dag.py
[2025-02-10T03:03:06.100+0000] {processor.py:914} INFO - Processing file /home/airflow/.local/lib/python3.12/site-packages/airflow/example_dags/example_external_task_marker_dag.py for tasks to queue
[2025-02-10T03:03:06.104+0000] {logging_mixin.py:190} INFO - [2025-02-10T03:03:06.104+0000] {dagbag.py:588} INFO - Filling up the DagBag from /home/airflow/.local/lib/python3.12/site-packages/airflow/example_dags/example_external_task_marker_dag.py
[2025-02-10T03:03:06.113+0000] {processor.py:925} INFO - DAG(s) 'example_external_task_marker_child', 'example_external_task_marker_parent' retrieved from /home/airflow/.local/lib/python3.12/site-packages/airflow/example_dags/example_external_task_marker_dag.py
[2025-02-10T03:03:06.131+0000] {logging_mixin.py:190} INFO - [2025-02-10T03:03:06.130+0000] {dag.py:3239} INFO - Sync 2 DAGs
[2025-02-10T03:03:06.138+0000] {logging_mixin.py:190} INFO - [2025-02-10T03:03:06.138+0000] {dag.py:4180} INFO - Setting next_dagrun for example_external_task_marker_child to None, run_after=None
[2025-02-10T03:03:06.140+0000] {logging_mixin.py:190} INFO - [2025-02-10T03:03:06.140+0000] {dag.py:4180} INFO - Setting next_dagrun for example_external_task_marker_parent to None, run_after=None
[2025-02-10T03:03:06.151+0000] {processor.py:208} INFO - Processing /home/airflow/.local/lib/python3.12/site-packages/airflow/example_dags/example_external_task_marker_dag.py took 0.055 seconds
[2025-02-10T03:03:38.115+0000] {processor.py:186} INFO - Started process (PID=1059) to work on /home/airflow/.local/lib/python3.12/site-packages/airflow/example_dags/example_external_task_marker_dag.py
[2025-02-10T03:03:38.116+0000] {processor.py:914} INFO - Processing file /home/airflow/.local/lib/python3.12/site-packages/airflow/example_dags/example_external_task_marker_dag.py for tasks to queue
[2025-02-10T03:03:38.120+0000] {logging_mixin.py:190} INFO - [2025-02-10T03:03:38.120+0000] {dagbag.py:588} INFO - Filling up the DagBag from /home/airflow/.local/lib/python3.12/site-packages/airflow/example_dags/example_external_task_marker_dag.py
[2025-02-10T03:03:38.125+0000] {processor.py:925} INFO - DAG(s) 'example_external_task_marker_parent', 'example_external_task_marker_child' retrieved from /home/airflow/.local/lib/python3.12/site-packages/airflow/example_dags/example_external_task_marker_dag.py
[2025-02-10T03:03:38.140+0000] {logging_mixin.py:190} INFO - [2025-02-10T03:03:38.140+0000] {dag.py:3239} INFO - Sync 2 DAGs
[2025-02-10T03:03:38.154+0000] {logging_mixin.py:190} INFO - [2025-02-10T03:03:38.154+0000] {dag.py:4180} INFO - Setting next_dagrun for example_external_task_marker_child to None, run_after=None
[2025-02-10T03:03:38.156+0000] {logging_mixin.py:190} INFO - [2025-02-10T03:03:38.155+0000] {dag.py:4180} INFO - Setting next_dagrun for example_external_task_marker_parent to None, run_after=None
[2025-02-10T03:03:38.172+0000] {processor.py:208} INFO - Processing /home/airflow/.local/lib/python3.12/site-packages/airflow/example_dags/example_external_task_marker_dag.py took 0.061 seconds
[2025-02-10T03:04:09.774+0000] {processor.py:186} INFO - Started process (PID=1123) to work on /home/airflow/.local/lib/python3.12/site-packages/airflow/example_dags/example_external_task_marker_dag.py
[2025-02-10T03:04:09.775+0000] {processor.py:914} INFO - Processing file /home/airflow/.local/lib/python3.12/site-packages/airflow/example_dags/example_external_task_marker_dag.py for tasks to queue
[2025-02-10T03:04:09.776+0000] {logging_mixin.py:190} INFO - [2025-02-10T03:04:09.776+0000] {dagbag.py:588} INFO - Filling up the DagBag from /home/airflow/.local/lib/python3.12/site-packages/airflow/example_dags/example_external_task_marker_dag.py
[2025-02-10T03:04:09.782+0000] {processor.py:925} INFO - DAG(s) 'example_external_task_marker_child', 'example_external_task_marker_parent' retrieved from /home/airflow/.local/lib/python3.12/site-packages/airflow/example_dags/example_external_task_marker_dag.py
[2025-02-10T03:04:09.808+0000] {logging_mixin.py:190} INFO - [2025-02-10T03:04:09.807+0000] {dag.py:3239} INFO - Sync 2 DAGs
[2025-02-10T03:04:09.814+0000] {logging_mixin.py:190} INFO - [2025-02-10T03:04:09.814+0000] {dag.py:4180} INFO - Setting next_dagrun for example_external_task_marker_child to None, run_after=None
[2025-02-10T03:04:09.816+0000] {logging_mixin.py:190} INFO - [2025-02-10T03:04:09.816+0000] {dag.py:4180} INFO - Setting next_dagrun for example_external_task_marker_parent to None, run_after=None
[2025-02-10T03:04:09.831+0000] {processor.py:208} INFO - Processing /home/airflow/.local/lib/python3.12/site-packages/airflow/example_dags/example_external_task_marker_dag.py took 0.060 seconds
[2025-02-10T03:04:40.723+0000] {processor.py:186} INFO - Started process (PID=1187) to work on /home/airflow/.local/lib/python3.12/site-packages/airflow/example_dags/example_external_task_marker_dag.py
[2025-02-10T03:04:40.725+0000] {processor.py:914} INFO - Processing file /home/airflow/.local/lib/python3.12/site-packages/airflow/example_dags/example_external_task_marker_dag.py for tasks to queue
[2025-02-10T03:04:40.726+0000] {logging_mixin.py:190} INFO - [2025-02-10T03:04:40.726+0000] {dagbag.py:588} INFO - Filling up the DagBag from /home/airflow/.local/lib/python3.12/site-packages/airflow/example_dags/example_external_task_marker_dag.py
[2025-02-10T03:04:40.731+0000] {processor.py:925} INFO - DAG(s) 'example_external_task_marker_parent', 'example_external_task_marker_child' retrieved from /home/airflow/.local/lib/python3.12/site-packages/airflow/example_dags/example_external_task_marker_dag.py
[2025-02-10T03:04:40.746+0000] {logging_mixin.py:190} INFO - [2025-02-10T03:04:40.746+0000] {dag.py:3239} INFO - Sync 2 DAGs
[2025-02-10T03:04:40.756+0000] {logging_mixin.py:190} INFO - [2025-02-10T03:04:40.756+0000] {dag.py:4180} INFO - Setting next_dagrun for example_external_task_marker_child to None, run_after=None
[2025-02-10T03:04:40.758+0000] {logging_mixin.py:190} INFO - [2025-02-10T03:04:40.757+0000] {dag.py:4180} INFO - Setting next_dagrun for example_external_task_marker_parent to None, run_after=None
[2025-02-10T03:04:40.764+0000] {processor.py:208} INFO - Processing /home/airflow/.local/lib/python3.12/site-packages/airflow/example_dags/example_external_task_marker_dag.py took 0.046 seconds
[2025-02-10T03:05:12.763+0000] {processor.py:186} INFO - Started process (PID=1251) to work on /home/airflow/.local/lib/python3.12/site-packages/airflow/example_dags/example_external_task_marker_dag.py
[2025-02-10T03:05:12.765+0000] {processor.py:914} INFO - Processing file /home/airflow/.local/lib/python3.12/site-packages/airflow/example_dags/example_external_task_marker_dag.py for tasks to queue
[2025-02-10T03:05:12.768+0000] {logging_mixin.py:190} INFO - [2025-02-10T03:05:12.767+0000] {dagbag.py:588} INFO - Filling up the DagBag from /home/airflow/.local/lib/python3.12/site-packages/airflow/example_dags/example_external_task_marker_dag.py
[2025-02-10T03:05:12.781+0000] {processor.py:925} INFO - DAG(s) 'example_external_task_marker_parent', 'example_external_task_marker_child' retrieved from /home/airflow/.local/lib/python3.12/site-packages/airflow/example_dags/example_external_task_marker_dag.py
[2025-02-10T03:05:12.798+0000] {logging_mixin.py:190} INFO - [2025-02-10T03:05:12.798+0000] {dag.py:3239} INFO - Sync 2 DAGs
[2025-02-10T03:05:12.807+0000] {logging_mixin.py:190} INFO - [2025-02-10T03:05:12.807+0000] {dag.py:4180} INFO - Setting next_dagrun for example_external_task_marker_child to None, run_after=None
[2025-02-10T03:05:12.813+0000] {logging_mixin.py:190} INFO - [2025-02-10T03:05:12.813+0000] {dag.py:4180} INFO - Setting next_dagrun for example_external_task_marker_parent to None, run_after=None
[2025-02-10T03:05:12.829+0000] {processor.py:208} INFO - Processing /home/airflow/.local/lib/python3.12/site-packages/airflow/example_dags/example_external_task_marker_dag.py took 0.080 seconds
[2025-02-10T03:05:43.676+0000] {processor.py:186} INFO - Started process (PID=1315) to work on /home/airflow/.local/lib/python3.12/site-packages/airflow/example_dags/example_external_task_marker_dag.py
[2025-02-10T03:05:43.677+0000] {processor.py:914} INFO - Processing file /home/airflow/.local/lib/python3.12/site-packages/airflow/example_dags/example_external_task_marker_dag.py for tasks to queue
[2025-02-10T03:05:43.679+0000] {logging_mixin.py:190} INFO - [2025-02-10T03:05:43.678+0000] {dagbag.py:588} INFO - Filling up the DagBag from /home/airflow/.local/lib/python3.12/site-packages/airflow/example_dags/example_external_task_marker_dag.py
[2025-02-10T03:05:43.683+0000] {processor.py:925} INFO - DAG(s) 'example_external_task_marker_child', 'example_external_task_marker_parent' retrieved from /home/airflow/.local/lib/python3.12/site-packages/airflow/example_dags/example_external_task_marker_dag.py
[2025-02-10T03:05:43.699+0000] {logging_mixin.py:190} INFO - [2025-02-10T03:05:43.699+0000] {dag.py:3239} INFO - Sync 2 DAGs
[2025-02-10T03:05:43.708+0000] {logging_mixin.py:190} INFO - [2025-02-10T03:05:43.708+0000] {dag.py:4180} INFO - Setting next_dagrun for example_external_task_marker_child to None, run_after=None
[2025-02-10T03:05:43.710+0000] {logging_mixin.py:190} INFO - [2025-02-10T03:05:43.710+0000] {dag.py:4180} INFO - Setting next_dagrun for example_external_task_marker_parent to None, run_after=None
[2025-02-10T03:05:43.716+0000] {processor.py:208} INFO - Processing /home/airflow/.local/lib/python3.12/site-packages/airflow/example_dags/example_external_task_marker_dag.py took 0.044 seconds
[2025-02-10T03:06:15.100+0000] {processor.py:186} INFO - Started process (PID=1380) to work on /home/airflow/.local/lib/python3.12/site-packages/airflow/example_dags/example_external_task_marker_dag.py
[2025-02-10T03:06:15.101+0000] {processor.py:914} INFO - Processing file /home/airflow/.local/lib/python3.12/site-packages/airflow/example_dags/example_external_task_marker_dag.py for tasks to queue
[2025-02-10T03:06:15.102+0000] {logging_mixin.py:190} INFO - [2025-02-10T03:06:15.102+0000] {dagbag.py:588} INFO - Filling up the DagBag from /home/airflow/.local/lib/python3.12/site-packages/airflow/example_dags/example_external_task_marker_dag.py
[2025-02-10T03:06:15.106+0000] {processor.py:925} INFO - DAG(s) 'example_external_task_marker_child', 'example_external_task_marker_parent' retrieved from /home/airflow/.local/lib/python3.12/site-packages/airflow/example_dags/example_external_task_marker_dag.py
[2025-02-10T03:06:15.119+0000] {logging_mixin.py:190} INFO - [2025-02-10T03:06:15.119+0000] {dag.py:3239} INFO - Sync 2 DAGs
[2025-02-10T03:06:15.128+0000] {logging_mixin.py:190} INFO - [2025-02-10T03:06:15.128+0000] {dag.py:4180} INFO - Setting next_dagrun for example_external_task_marker_child to None, run_after=None
[2025-02-10T03:06:15.131+0000] {logging_mixin.py:190} INFO - [2025-02-10T03:06:15.130+0000] {dag.py:4180} INFO - Setting next_dagrun for example_external_task_marker_parent to None, run_after=None
[2025-02-10T03:06:15.136+0000] {processor.py:208} INFO - Processing /home/airflow/.local/lib/python3.12/site-packages/airflow/example_dags/example_external_task_marker_dag.py took 0.039 seconds
[2025-02-10T03:06:46.635+0000] {processor.py:186} INFO - Started process (PID=1450) to work on /home/airflow/.local/lib/python3.12/site-packages/airflow/example_dags/example_external_task_marker_dag.py
[2025-02-10T03:06:46.637+0000] {processor.py:914} INFO - Processing file /home/airflow/.local/lib/python3.12/site-packages/airflow/example_dags/example_external_task_marker_dag.py for tasks to queue
[2025-02-10T03:06:46.643+0000] {logging_mixin.py:190} INFO - [2025-02-10T03:06:46.643+0000] {dagbag.py:588} INFO - Filling up the DagBag from /home/airflow/.local/lib/python3.12/site-packages/airflow/example_dags/example_external_task_marker_dag.py
[2025-02-10T03:06:46.681+0000] {processor.py:925} INFO - DAG(s) 'example_external_task_marker_child', 'example_external_task_marker_parent' retrieved from /home/airflow/.local/lib/python3.12/site-packages/airflow/example_dags/example_external_task_marker_dag.py
[2025-02-10T03:06:46.842+0000] {logging_mixin.py:190} INFO - [2025-02-10T03:06:46.841+0000] {dag.py:3239} INFO - Sync 2 DAGs
[2025-02-10T03:06:46.905+0000] {logging_mixin.py:190} INFO - [2025-02-10T03:06:46.905+0000] {dag.py:4180} INFO - Setting next_dagrun for example_external_task_marker_child to None, run_after=None
[2025-02-10T03:06:46.913+0000] {logging_mixin.py:190} INFO - [2025-02-10T03:06:46.911+0000] {dag.py:4180} INFO - Setting next_dagrun for example_external_task_marker_parent to None, run_after=None
[2025-02-10T03:06:47.029+0000] {processor.py:208} INFO - Processing /home/airflow/.local/lib/python3.12/site-packages/airflow/example_dags/example_external_task_marker_dag.py took 0.414 seconds
[2025-02-10T03:07:18.113+0000] {processor.py:186} INFO - Started process (PID=1514) to work on /home/airflow/.local/lib/python3.12/site-packages/airflow/example_dags/example_external_task_marker_dag.py
[2025-02-10T03:07:18.114+0000] {processor.py:914} INFO - Processing file /home/airflow/.local/lib/python3.12/site-packages/airflow/example_dags/example_external_task_marker_dag.py for tasks to queue
[2025-02-10T03:07:18.116+0000] {logging_mixin.py:190} INFO - [2025-02-10T03:07:18.116+0000] {dagbag.py:588} INFO - Filling up the DagBag from /home/airflow/.local/lib/python3.12/site-packages/airflow/example_dags/example_external_task_marker_dag.py
[2025-02-10T03:07:18.123+0000] {processor.py:925} INFO - DAG(s) 'example_external_task_marker_parent', 'example_external_task_marker_child' retrieved from /home/airflow/.local/lib/python3.12/site-packages/airflow/example_dags/example_external_task_marker_dag.py
[2025-02-10T03:07:18.155+0000] {logging_mixin.py:190} INFO - [2025-02-10T03:07:18.155+0000] {dag.py:3239} INFO - Sync 2 DAGs
[2025-02-10T03:07:18.168+0000] {logging_mixin.py:190} INFO - [2025-02-10T03:07:18.168+0000] {dag.py:4180} INFO - Setting next_dagrun for example_external_task_marker_child to None, run_after=None
[2025-02-10T03:07:18.171+0000] {logging_mixin.py:190} INFO - [2025-02-10T03:07:18.171+0000] {dag.py:4180} INFO - Setting next_dagrun for example_external_task_marker_parent to None, run_after=None
[2025-02-10T03:07:18.186+0000] {processor.py:208} INFO - Processing /home/airflow/.local/lib/python3.12/site-packages/airflow/example_dags/example_external_task_marker_dag.py took 0.079 seconds
[2025-02-10T03:07:49.043+0000] {processor.py:186} INFO - Started process (PID=1578) to work on /home/airflow/.local/lib/python3.12/site-packages/airflow/example_dags/example_external_task_marker_dag.py
[2025-02-10T03:07:49.044+0000] {processor.py:914} INFO - Processing file /home/airflow/.local/lib/python3.12/site-packages/airflow/example_dags/example_external_task_marker_dag.py for tasks to queue
[2025-02-10T03:07:49.046+0000] {logging_mixin.py:190} INFO - [2025-02-10T03:07:49.045+0000] {dagbag.py:588} INFO - Filling up the DagBag from /home/airflow/.local/lib/python3.12/site-packages/airflow/example_dags/example_external_task_marker_dag.py
[2025-02-10T03:07:49.050+0000] {processor.py:925} INFO - DAG(s) 'example_external_task_marker_child', 'example_external_task_marker_parent' retrieved from /home/airflow/.local/lib/python3.12/site-packages/airflow/example_dags/example_external_task_marker_dag.py
[2025-02-10T03:07:49.060+0000] {logging_mixin.py:190} INFO - [2025-02-10T03:07:49.060+0000] {dag.py:3239} INFO - Sync 2 DAGs
[2025-02-10T03:07:49.067+0000] {logging_mixin.py:190} INFO - [2025-02-10T03:07:49.067+0000] {dag.py:4180} INFO - Setting next_dagrun for example_external_task_marker_child to None, run_after=None
[2025-02-10T03:07:49.068+0000] {logging_mixin.py:190} INFO - [2025-02-10T03:07:49.068+0000] {dag.py:4180} INFO - Setting next_dagrun for example_external_task_marker_parent to None, run_after=None
[2025-02-10T03:07:49.076+0000] {processor.py:208} INFO - Processing /home/airflow/.local/lib/python3.12/site-packages/airflow/example_dags/example_external_task_marker_dag.py took 0.035 seconds
[2025-02-10T03:08:20.599+0000] {processor.py:186} INFO - Started process (PID=1643) to work on /home/airflow/.local/lib/python3.12/site-packages/airflow/example_dags/example_external_task_marker_dag.py
[2025-02-10T03:08:20.600+0000] {processor.py:914} INFO - Processing file /home/airflow/.local/lib/python3.12/site-packages/airflow/example_dags/example_external_task_marker_dag.py for tasks to queue
[2025-02-10T03:08:20.603+0000] {logging_mixin.py:190} INFO - [2025-02-10T03:08:20.602+0000] {dagbag.py:588} INFO - Filling up the DagBag from /home/airflow/.local/lib/python3.12/site-packages/airflow/example_dags/example_external_task_marker_dag.py
[2025-02-10T03:08:20.607+0000] {processor.py:925} INFO - DAG(s) 'example_external_task_marker_parent', 'example_external_task_marker_child' retrieved from /home/airflow/.local/lib/python3.12/site-packages/airflow/example_dags/example_external_task_marker_dag.py
[2025-02-10T03:08:20.617+0000] {logging_mixin.py:190} INFO - [2025-02-10T03:08:20.617+0000] {dag.py:3239} INFO - Sync 2 DAGs
[2025-02-10T03:08:20.625+0000] {logging_mixin.py:190} INFO - [2025-02-10T03:08:20.625+0000] {dag.py:4180} INFO - Setting next_dagrun for example_external_task_marker_child to None, run_after=None
[2025-02-10T03:08:20.627+0000] {logging_mixin.py:190} INFO - [2025-02-10T03:08:20.627+0000] {dag.py:4180} INFO - Setting next_dagrun for example_external_task_marker_parent to None, run_after=None
[2025-02-10T03:08:20.635+0000] {processor.py:208} INFO - Processing /home/airflow/.local/lib/python3.12/site-packages/airflow/example_dags/example_external_task_marker_dag.py took 0.039 seconds
[2025-02-10T03:08:52.119+0000] {processor.py:186} INFO - Started process (PID=1707) to work on /home/airflow/.local/lib/python3.12/site-packages/airflow/example_dags/example_external_task_marker_dag.py
[2025-02-10T03:08:52.121+0000] {processor.py:914} INFO - Processing file /home/airflow/.local/lib/python3.12/site-packages/airflow/example_dags/example_external_task_marker_dag.py for tasks to queue
[2025-02-10T03:08:52.123+0000] {logging_mixin.py:190} INFO - [2025-02-10T03:08:52.123+0000] {dagbag.py:588} INFO - Filling up the DagBag from /home/airflow/.local/lib/python3.12/site-packages/airflow/example_dags/example_external_task_marker_dag.py
[2025-02-10T03:08:52.128+0000] {processor.py:925} INFO - DAG(s) 'example_external_task_marker_parent', 'example_external_task_marker_child' retrieved from /home/airflow/.local/lib/python3.12/site-packages/airflow/example_dags/example_external_task_marker_dag.py
[2025-02-10T03:08:52.143+0000] {logging_mixin.py:190} INFO - [2025-02-10T03:08:52.143+0000] {dag.py:3239} INFO - Sync 2 DAGs
[2025-02-10T03:08:52.151+0000] {logging_mixin.py:190} INFO - [2025-02-10T03:08:52.151+0000] {dag.py:4180} INFO - Setting next_dagrun for example_external_task_marker_child to None, run_after=None
[2025-02-10T03:08:52.153+0000] {logging_mixin.py:190} INFO - [2025-02-10T03:08:52.153+0000] {dag.py:4180} INFO - Setting next_dagrun for example_external_task_marker_parent to None, run_after=None
[2025-02-10T03:08:52.165+0000] {processor.py:208} INFO - Processing /home/airflow/.local/lib/python3.12/site-packages/airflow/example_dags/example_external_task_marker_dag.py took 0.048 seconds
[2025-02-10T03:09:22.873+0000] {processor.py:186} INFO - Started process (PID=1771) to work on /home/airflow/.local/lib/python3.12/site-packages/airflow/example_dags/example_external_task_marker_dag.py
[2025-02-10T03:09:22.874+0000] {processor.py:914} INFO - Processing file /home/airflow/.local/lib/python3.12/site-packages/airflow/example_dags/example_external_task_marker_dag.py for tasks to queue
[2025-02-10T03:09:22.876+0000] {logging_mixin.py:190} INFO - [2025-02-10T03:09:22.875+0000] {dagbag.py:588} INFO - Filling up the DagBag from /home/airflow/.local/lib/python3.12/site-packages/airflow/example_dags/example_external_task_marker_dag.py
[2025-02-10T03:09:22.882+0000] {processor.py:925} INFO - DAG(s) 'example_external_task_marker_child', 'example_external_task_marker_parent' retrieved from /home/airflow/.local/lib/python3.12/site-packages/airflow/example_dags/example_external_task_marker_dag.py
[2025-02-10T03:09:22.895+0000] {logging_mixin.py:190} INFO - [2025-02-10T03:09:22.895+0000] {dag.py:3239} INFO - Sync 2 DAGs
[2025-02-10T03:09:22.905+0000] {logging_mixin.py:190} INFO - [2025-02-10T03:09:22.905+0000] {dag.py:4180} INFO - Setting next_dagrun for example_external_task_marker_child to None, run_after=None
[2025-02-10T03:09:22.911+0000] {logging_mixin.py:190} INFO - [2025-02-10T03:09:22.911+0000] {dag.py:4180} INFO - Setting next_dagrun for example_external_task_marker_parent to None, run_after=None
[2025-02-10T03:09:22.920+0000] {processor.py:208} INFO - Processing /home/airflow/.local/lib/python3.12/site-packages/airflow/example_dags/example_external_task_marker_dag.py took 0.050 seconds
[2025-02-10T03:09:53.875+0000] {processor.py:186} INFO - Started process (PID=1835) to work on /home/airflow/.local/lib/python3.12/site-packages/airflow/example_dags/example_external_task_marker_dag.py
[2025-02-10T03:09:53.877+0000] {processor.py:914} INFO - Processing file /home/airflow/.local/lib/python3.12/site-packages/airflow/example_dags/example_external_task_marker_dag.py for tasks to queue
[2025-02-10T03:09:53.879+0000] {logging_mixin.py:190} INFO - [2025-02-10T03:09:53.879+0000] {dagbag.py:588} INFO - Filling up the DagBag from /home/airflow/.local/lib/python3.12/site-packages/airflow/example_dags/example_external_task_marker_dag.py
[2025-02-10T03:09:53.886+0000] {processor.py:925} INFO - DAG(s) 'example_external_task_marker_child', 'example_external_task_marker_parent' retrieved from /home/airflow/.local/lib/python3.12/site-packages/airflow/example_dags/example_external_task_marker_dag.py
[2025-02-10T03:09:53.898+0000] {logging_mixin.py:190} INFO - [2025-02-10T03:09:53.898+0000] {dag.py:3239} INFO - Sync 2 DAGs
[2025-02-10T03:09:53.908+0000] {logging_mixin.py:190} INFO - [2025-02-10T03:09:53.908+0000] {dag.py:4180} INFO - Setting next_dagrun for example_external_task_marker_child to None, run_after=None
[2025-02-10T03:09:53.910+0000] {logging_mixin.py:190} INFO - [2025-02-10T03:09:53.910+0000] {dag.py:4180} INFO - Setting next_dagrun for example_external_task_marker_parent to None, run_after=None
[2025-02-10T03:09:53.919+0000] {processor.py:208} INFO - Processing /home/airflow/.local/lib/python3.12/site-packages/airflow/example_dags/example_external_task_marker_dag.py took 0.051 seconds
[2025-02-10T03:10:24.407+0000] {processor.py:186} INFO - Started process (PID=1899) to work on /home/airflow/.local/lib/python3.12/site-packages/airflow/example_dags/example_external_task_marker_dag.py
[2025-02-10T03:10:24.409+0000] {processor.py:914} INFO - Processing file /home/airflow/.local/lib/python3.12/site-packages/airflow/example_dags/example_external_task_marker_dag.py for tasks to queue
[2025-02-10T03:10:24.410+0000] {logging_mixin.py:190} INFO - [2025-02-10T03:10:24.410+0000] {dagbag.py:588} INFO - Filling up the DagBag from /home/airflow/.local/lib/python3.12/site-packages/airflow/example_dags/example_external_task_marker_dag.py
[2025-02-10T03:10:24.415+0000] {processor.py:925} INFO - DAG(s) 'example_external_task_marker_child', 'example_external_task_marker_parent' retrieved from /home/airflow/.local/lib/python3.12/site-packages/airflow/example_dags/example_external_task_marker_dag.py
[2025-02-10T03:10:24.428+0000] {logging_mixin.py:190} INFO - [2025-02-10T03:10:24.428+0000] {dag.py:3239} INFO - Sync 2 DAGs
[2025-02-10T03:10:24.434+0000] {logging_mixin.py:190} INFO - [2025-02-10T03:10:24.434+0000] {dag.py:4180} INFO - Setting next_dagrun for example_external_task_marker_child to None, run_after=None
[2025-02-10T03:10:24.436+0000] {logging_mixin.py:190} INFO - [2025-02-10T03:10:24.436+0000] {dag.py:4180} INFO - Setting next_dagrun for example_external_task_marker_parent to None, run_after=None
[2025-02-10T03:10:24.445+0000] {processor.py:208} INFO - Processing /home/airflow/.local/lib/python3.12/site-packages/airflow/example_dags/example_external_task_marker_dag.py took 0.040 seconds
[2025-02-10T03:10:55.252+0000] {processor.py:186} INFO - Started process (PID=1963) to work on /home/airflow/.local/lib/python3.12/site-packages/airflow/example_dags/example_external_task_marker_dag.py
[2025-02-10T03:10:55.253+0000] {processor.py:914} INFO - Processing file /home/airflow/.local/lib/python3.12/site-packages/airflow/example_dags/example_external_task_marker_dag.py for tasks to queue
[2025-02-10T03:10:55.254+0000] {logging_mixin.py:190} INFO - [2025-02-10T03:10:55.254+0000] {dagbag.py:588} INFO - Filling up the DagBag from /home/airflow/.local/lib/python3.12/site-packages/airflow/example_dags/example_external_task_marker_dag.py
[2025-02-10T03:10:55.258+0000] {processor.py:925} INFO - DAG(s) 'example_external_task_marker_parent', 'example_external_task_marker_child' retrieved from /home/airflow/.local/lib/python3.12/site-packages/airflow/example_dags/example_external_task_marker_dag.py
[2025-02-10T03:10:55.271+0000] {logging_mixin.py:190} INFO - [2025-02-10T03:10:55.271+0000] {dag.py:3239} INFO - Sync 2 DAGs
[2025-02-10T03:10:55.277+0000] {logging_mixin.py:190} INFO - [2025-02-10T03:10:55.277+0000] {dag.py:4180} INFO - Setting next_dagrun for example_external_task_marker_child to None, run_after=None
[2025-02-10T03:10:55.279+0000] {logging_mixin.py:190} INFO - [2025-02-10T03:10:55.279+0000] {dag.py:4180} INFO - Setting next_dagrun for example_external_task_marker_parent to None, run_after=None
[2025-02-10T03:10:55.287+0000] {processor.py:208} INFO - Processing /home/airflow/.local/lib/python3.12/site-packages/airflow/example_dags/example_external_task_marker_dag.py took 0.038 seconds
[2025-02-10T03:11:25.804+0000] {processor.py:186} INFO - Started process (PID=2027) to work on /home/airflow/.local/lib/python3.12/site-packages/airflow/example_dags/example_external_task_marker_dag.py
[2025-02-10T03:11:25.806+0000] {processor.py:914} INFO - Processing file /home/airflow/.local/lib/python3.12/site-packages/airflow/example_dags/example_external_task_marker_dag.py for tasks to queue
[2025-02-10T03:11:25.809+0000] {logging_mixin.py:190} INFO - [2025-02-10T03:11:25.809+0000] {dagbag.py:588} INFO - Filling up the DagBag from /home/airflow/.local/lib/python3.12/site-packages/airflow/example_dags/example_external_task_marker_dag.py
[2025-02-10T03:11:25.815+0000] {processor.py:925} INFO - DAG(s) 'example_external_task_marker_parent', 'example_external_task_marker_child' retrieved from /home/airflow/.local/lib/python3.12/site-packages/airflow/example_dags/example_external_task_marker_dag.py
[2025-02-10T03:11:25.825+0000] {logging_mixin.py:190} INFO - [2025-02-10T03:11:25.825+0000] {dag.py:3239} INFO - Sync 2 DAGs
[2025-02-10T03:11:25.835+0000] {logging_mixin.py:190} INFO - [2025-02-10T03:11:25.835+0000] {dag.py:4180} INFO - Setting next_dagrun for example_external_task_marker_child to None, run_after=None
[2025-02-10T03:11:25.837+0000] {logging_mixin.py:190} INFO - [2025-02-10T03:11:25.837+0000] {dag.py:4180} INFO - Setting next_dagrun for example_external_task_marker_parent to None, run_after=None
[2025-02-10T03:11:25.851+0000] {processor.py:208} INFO - Processing /home/airflow/.local/lib/python3.12/site-packages/airflow/example_dags/example_external_task_marker_dag.py took 0.050 seconds
[2025-02-10T03:11:56.609+0000] {processor.py:186} INFO - Started process (PID=2091) to work on /home/airflow/.local/lib/python3.12/site-packages/airflow/example_dags/example_external_task_marker_dag.py
[2025-02-10T03:11:56.610+0000] {processor.py:914} INFO - Processing file /home/airflow/.local/lib/python3.12/site-packages/airflow/example_dags/example_external_task_marker_dag.py for tasks to queue
[2025-02-10T03:11:56.611+0000] {logging_mixin.py:190} INFO - [2025-02-10T03:11:56.611+0000] {dagbag.py:588} INFO - Filling up the DagBag from /home/airflow/.local/lib/python3.12/site-packages/airflow/example_dags/example_external_task_marker_dag.py
[2025-02-10T03:11:56.614+0000] {processor.py:925} INFO - DAG(s) 'example_external_task_marker_child', 'example_external_task_marker_parent' retrieved from /home/airflow/.local/lib/python3.12/site-packages/airflow/example_dags/example_external_task_marker_dag.py
[2025-02-10T03:11:56.626+0000] {logging_mixin.py:190} INFO - [2025-02-10T03:11:56.626+0000] {dag.py:3239} INFO - Sync 2 DAGs
[2025-02-10T03:11:56.635+0000] {logging_mixin.py:190} INFO - [2025-02-10T03:11:56.635+0000] {dag.py:4180} INFO - Setting next_dagrun for example_external_task_marker_child to None, run_after=None
[2025-02-10T03:11:56.638+0000] {logging_mixin.py:190} INFO - [2025-02-10T03:11:56.638+0000] {dag.py:4180} INFO - Setting next_dagrun for example_external_task_marker_parent to None, run_after=None
[2025-02-10T03:11:56.651+0000] {processor.py:208} INFO - Processing /home/airflow/.local/lib/python3.12/site-packages/airflow/example_dags/example_external_task_marker_dag.py took 0.045 seconds
[2025-02-10T03:12:27.616+0000] {processor.py:186} INFO - Started process (PID=2155) to work on /home/airflow/.local/lib/python3.12/site-packages/airflow/example_dags/example_external_task_marker_dag.py
[2025-02-10T03:12:27.617+0000] {processor.py:914} INFO - Processing file /home/airflow/.local/lib/python3.12/site-packages/airflow/example_dags/example_external_task_marker_dag.py for tasks to queue
[2025-02-10T03:12:27.618+0000] {logging_mixin.py:190} INFO - [2025-02-10T03:12:27.618+0000] {dagbag.py:588} INFO - Filling up the DagBag from /home/airflow/.local/lib/python3.12/site-packages/airflow/example_dags/example_external_task_marker_dag.py
[2025-02-10T03:12:27.624+0000] {processor.py:925} INFO - DAG(s) 'example_external_task_marker_child', 'example_external_task_marker_parent' retrieved from /home/airflow/.local/lib/python3.12/site-packages/airflow/example_dags/example_external_task_marker_dag.py
[2025-02-10T03:12:27.641+0000] {logging_mixin.py:190} INFO - [2025-02-10T03:12:27.641+0000] {dag.py:3239} INFO - Sync 2 DAGs
[2025-02-10T03:12:27.652+0000] {logging_mixin.py:190} INFO - [2025-02-10T03:12:27.652+0000] {dag.py:4180} INFO - Setting next_dagrun for example_external_task_marker_child to None, run_after=None
[2025-02-10T03:12:27.655+0000] {logging_mixin.py:190} INFO - [2025-02-10T03:12:27.655+0000] {dag.py:4180} INFO - Setting next_dagrun for example_external_task_marker_parent to None, run_after=None
[2025-02-10T03:12:27.671+0000] {processor.py:208} INFO - Processing /home/airflow/.local/lib/python3.12/site-packages/airflow/example_dags/example_external_task_marker_dag.py took 0.059 seconds
[2025-02-10T03:12:58.674+0000] {processor.py:186} INFO - Started process (PID=2219) to work on /home/airflow/.local/lib/python3.12/site-packages/airflow/example_dags/example_external_task_marker_dag.py
[2025-02-10T03:12:58.674+0000] {processor.py:914} INFO - Processing file /home/airflow/.local/lib/python3.12/site-packages/airflow/example_dags/example_external_task_marker_dag.py for tasks to queue
[2025-02-10T03:12:58.677+0000] {logging_mixin.py:190} INFO - [2025-02-10T03:12:58.677+0000] {dagbag.py:588} INFO - Filling up the DagBag from /home/airflow/.local/lib/python3.12/site-packages/airflow/example_dags/example_external_task_marker_dag.py
[2025-02-10T03:12:58.683+0000] {processor.py:925} INFO - DAG(s) 'example_external_task_marker_parent', 'example_external_task_marker_child' retrieved from /home/airflow/.local/lib/python3.12/site-packages/airflow/example_dags/example_external_task_marker_dag.py
[2025-02-10T03:12:58.700+0000] {logging_mixin.py:190} INFO - [2025-02-10T03:12:58.700+0000] {dag.py:3239} INFO - Sync 2 DAGs
[2025-02-10T03:12:58.710+0000] {logging_mixin.py:190} INFO - [2025-02-10T03:12:58.710+0000] {dag.py:4180} INFO - Setting next_dagrun for example_external_task_marker_child to None, run_after=None
[2025-02-10T03:12:58.715+0000] {logging_mixin.py:190} INFO - [2025-02-10T03:12:58.715+0000] {dag.py:4180} INFO - Setting next_dagrun for example_external_task_marker_parent to None, run_after=None
[2025-02-10T03:12:58.727+0000] {processor.py:208} INFO - Processing /home/airflow/.local/lib/python3.12/site-packages/airflow/example_dags/example_external_task_marker_dag.py took 0.058 seconds
[2025-02-10T03:13:29.539+0000] {processor.py:186} INFO - Started process (PID=2283) to work on /home/airflow/.local/lib/python3.12/site-packages/airflow/example_dags/example_external_task_marker_dag.py
[2025-02-10T03:13:29.544+0000] {processor.py:914} INFO - Processing file /home/airflow/.local/lib/python3.12/site-packages/airflow/example_dags/example_external_task_marker_dag.py for tasks to queue
[2025-02-10T03:13:29.573+0000] {logging_mixin.py:190} INFO - [2025-02-10T03:13:29.573+0000] {dagbag.py:588} INFO - Filling up the DagBag from /home/airflow/.local/lib/python3.12/site-packages/airflow/example_dags/example_external_task_marker_dag.py
[2025-02-10T03:13:29.585+0000] {processor.py:925} INFO - DAG(s) 'example_external_task_marker_child', 'example_external_task_marker_parent' retrieved from /home/airflow/.local/lib/python3.12/site-packages/airflow/example_dags/example_external_task_marker_dag.py
[2025-02-10T03:13:29.609+0000] {logging_mixin.py:190} INFO - [2025-02-10T03:13:29.609+0000] {dag.py:3239} INFO - Sync 2 DAGs
[2025-02-10T03:13:29.630+0000] {logging_mixin.py:190} INFO - [2025-02-10T03:13:29.629+0000] {dag.py:4180} INFO - Setting next_dagrun for example_external_task_marker_child to None, run_after=None
[2025-02-10T03:13:29.633+0000] {logging_mixin.py:190} INFO - [2025-02-10T03:13:29.633+0000] {dag.py:4180} INFO - Setting next_dagrun for example_external_task_marker_parent to None, run_after=None
[2025-02-10T03:13:29.647+0000] {processor.py:208} INFO - Processing /home/airflow/.local/lib/python3.12/site-packages/airflow/example_dags/example_external_task_marker_dag.py took 0.119 seconds
[2025-02-10T03:14:00.519+0000] {processor.py:186} INFO - Started process (PID=2347) to work on /home/airflow/.local/lib/python3.12/site-packages/airflow/example_dags/example_external_task_marker_dag.py
[2025-02-10T03:14:00.522+0000] {processor.py:914} INFO - Processing file /home/airflow/.local/lib/python3.12/site-packages/airflow/example_dags/example_external_task_marker_dag.py for tasks to queue
[2025-02-10T03:14:00.524+0000] {logging_mixin.py:190} INFO - [2025-02-10T03:14:00.523+0000] {dagbag.py:588} INFO - Filling up the DagBag from /home/airflow/.local/lib/python3.12/site-packages/airflow/example_dags/example_external_task_marker_dag.py
[2025-02-10T03:14:00.530+0000] {processor.py:925} INFO - DAG(s) 'example_external_task_marker_child', 'example_external_task_marker_parent' retrieved from /home/airflow/.local/lib/python3.12/site-packages/airflow/example_dags/example_external_task_marker_dag.py
[2025-02-10T03:14:00.549+0000] {logging_mixin.py:190} INFO - [2025-02-10T03:14:00.549+0000] {dag.py:3239} INFO - Sync 2 DAGs
[2025-02-10T03:14:00.561+0000] {logging_mixin.py:190} INFO - [2025-02-10T03:14:00.561+0000] {dag.py:4180} INFO - Setting next_dagrun for example_external_task_marker_child to None, run_after=None
[2025-02-10T03:14:00.563+0000] {logging_mixin.py:190} INFO - [2025-02-10T03:14:00.563+0000] {dag.py:4180} INFO - Setting next_dagrun for example_external_task_marker_parent to None, run_after=None
[2025-02-10T03:14:00.578+0000] {processor.py:208} INFO - Processing /home/airflow/.local/lib/python3.12/site-packages/airflow/example_dags/example_external_task_marker_dag.py took 0.066 seconds
[2025-02-10T03:14:31.113+0000] {processor.py:186} INFO - Started process (PID=2410) to work on /home/airflow/.local/lib/python3.12/site-packages/airflow/example_dags/example_external_task_marker_dag.py
[2025-02-10T03:14:31.113+0000] {processor.py:914} INFO - Processing file /home/airflow/.local/lib/python3.12/site-packages/airflow/example_dags/example_external_task_marker_dag.py for tasks to queue
[2025-02-10T03:14:31.116+0000] {logging_mixin.py:190} INFO - [2025-02-10T03:14:31.116+0000] {dagbag.py:588} INFO - Filling up the DagBag from /home/airflow/.local/lib/python3.12/site-packages/airflow/example_dags/example_external_task_marker_dag.py
[2025-02-10T03:14:31.123+0000] {processor.py:925} INFO - DAG(s) 'example_external_task_marker_child', 'example_external_task_marker_parent' retrieved from /home/airflow/.local/lib/python3.12/site-packages/airflow/example_dags/example_external_task_marker_dag.py
[2025-02-10T03:14:31.137+0000] {logging_mixin.py:190} INFO - [2025-02-10T03:14:31.137+0000] {dag.py:3239} INFO - Sync 2 DAGs
[2025-02-10T03:14:31.144+0000] {logging_mixin.py:190} INFO - [2025-02-10T03:14:31.144+0000] {dag.py:4180} INFO - Setting next_dagrun for example_external_task_marker_child to None, run_after=None
[2025-02-10T03:14:31.147+0000] {logging_mixin.py:190} INFO - [2025-02-10T03:14:31.147+0000] {dag.py:4180} INFO - Setting next_dagrun for example_external_task_marker_parent to None, run_after=None
[2025-02-10T03:14:31.156+0000] {processor.py:208} INFO - Processing /home/airflow/.local/lib/python3.12/site-packages/airflow/example_dags/example_external_task_marker_dag.py took 0.047 seconds
[2025-02-10T03:15:02.199+0000] {processor.py:186} INFO - Started process (PID=2475) to work on /home/airflow/.local/lib/python3.12/site-packages/airflow/example_dags/example_external_task_marker_dag.py
[2025-02-10T03:15:02.200+0000] {processor.py:914} INFO - Processing file /home/airflow/.local/lib/python3.12/site-packages/airflow/example_dags/example_external_task_marker_dag.py for tasks to queue
[2025-02-10T03:15:02.202+0000] {logging_mixin.py:190} INFO - [2025-02-10T03:15:02.201+0000] {dagbag.py:588} INFO - Filling up the DagBag from /home/airflow/.local/lib/python3.12/site-packages/airflow/example_dags/example_external_task_marker_dag.py
[2025-02-10T03:15:02.207+0000] {processor.py:925} INFO - DAG(s) 'example_external_task_marker_child', 'example_external_task_marker_parent' retrieved from /home/airflow/.local/lib/python3.12/site-packages/airflow/example_dags/example_external_task_marker_dag.py
[2025-02-10T03:15:02.225+0000] {logging_mixin.py:190} INFO - [2025-02-10T03:15:02.224+0000] {dag.py:3239} INFO - Sync 2 DAGs
[2025-02-10T03:15:02.232+0000] {logging_mixin.py:190} INFO - [2025-02-10T03:15:02.232+0000] {dag.py:4180} INFO - Setting next_dagrun for example_external_task_marker_child to None, run_after=None
[2025-02-10T03:15:02.233+0000] {logging_mixin.py:190} INFO - [2025-02-10T03:15:02.233+0000] {dag.py:4180} INFO - Setting next_dagrun for example_external_task_marker_parent to None, run_after=None
[2025-02-10T03:15:02.241+0000] {processor.py:208} INFO - Processing /home/airflow/.local/lib/python3.12/site-packages/airflow/example_dags/example_external_task_marker_dag.py took 0.046 seconds
[2025-02-10T03:15:32.612+0000] {processor.py:186} INFO - Started process (PID=2538) to work on /home/airflow/.local/lib/python3.12/site-packages/airflow/example_dags/example_external_task_marker_dag.py
[2025-02-10T03:15:32.613+0000] {processor.py:914} INFO - Processing file /home/airflow/.local/lib/python3.12/site-packages/airflow/example_dags/example_external_task_marker_dag.py for tasks to queue
[2025-02-10T03:15:32.614+0000] {logging_mixin.py:190} INFO - [2025-02-10T03:15:32.614+0000] {dagbag.py:588} INFO - Filling up the DagBag from /home/airflow/.local/lib/python3.12/site-packages/airflow/example_dags/example_external_task_marker_dag.py
[2025-02-10T03:15:32.620+0000] {processor.py:925} INFO - DAG(s) 'example_external_task_marker_child', 'example_external_task_marker_parent' retrieved from /home/airflow/.local/lib/python3.12/site-packages/airflow/example_dags/example_external_task_marker_dag.py
[2025-02-10T03:15:32.636+0000] {logging_mixin.py:190} INFO - [2025-02-10T03:15:32.636+0000] {dag.py:3239} INFO - Sync 2 DAGs
[2025-02-10T03:15:32.645+0000] {logging_mixin.py:190} INFO - [2025-02-10T03:15:32.645+0000] {dag.py:4180} INFO - Setting next_dagrun for example_external_task_marker_child to None, run_after=None
[2025-02-10T03:15:32.647+0000] {logging_mixin.py:190} INFO - [2025-02-10T03:15:32.647+0000] {dag.py:4180} INFO - Setting next_dagrun for example_external_task_marker_parent to None, run_after=None
[2025-02-10T03:15:32.655+0000] {processor.py:208} INFO - Processing /home/airflow/.local/lib/python3.12/site-packages/airflow/example_dags/example_external_task_marker_dag.py took 0.047 seconds
