[2025-02-10T02:55:42.574+0000] {processor.py:186} INFO - Started process (PID=49) to work on /home/airflow/.local/lib/python3.12/site-packages/airflow/example_dags/example_python_decorator.py
[2025-02-10T02:55:42.580+0000] {processor.py:914} INFO - Processing file /home/airflow/.local/lib/python3.12/site-packages/airflow/example_dags/example_python_decorator.py for tasks to queue
[2025-02-10T02:55:42.583+0000] {logging_mixin.py:190} INFO - [2025-02-10T02:55:42.583+0000] {dagbag.py:588} INFO - Filling up the DagBag from /home/airflow/.local/lib/python3.12/site-packages/airflow/example_dags/example_python_decorator.py
[2025-02-10T02:55:42.657+0000] {processor.py:925} INFO - DAG(s) 'example_python_decorator' retrieved from /home/airflow/.local/lib/python3.12/site-packages/airflow/example_dags/example_python_decorator.py
[2025-02-10T02:55:43.194+0000] {logging_mixin.py:190} INFO - [2025-02-10T02:55:43.183+0000] {override.py:1911} INFO - Created Permission View: can read on DAG:example_python_decorator
[2025-02-10T02:55:43.218+0000] {logging_mixin.py:190} INFO - [2025-02-10T02:55:43.218+0000] {override.py:1911} INFO - Created Permission View: can edit on DAG:example_python_decorator
[2025-02-10T02:55:43.225+0000] {logging_mixin.py:190} INFO - [2025-02-10T02:55:43.225+0000] {override.py:1911} INFO - Created Permission View: can delete on DAG:example_python_decorator
[2025-02-10T02:55:43.243+0000] {logging_mixin.py:190} INFO - [2025-02-10T02:55:43.242+0000] {override.py:1911} INFO - Created Permission View: can read on DAG Run:example_python_decorator
[2025-02-10T02:55:43.248+0000] {logging_mixin.py:190} INFO - [2025-02-10T02:55:43.248+0000] {override.py:1911} INFO - Created Permission View: can delete on DAG Run:example_python_decorator
[2025-02-10T02:55:43.251+0000] {logging_mixin.py:190} INFO - [2025-02-10T02:55:43.251+0000] {override.py:1911} INFO - Created Permission View: menu access on DAG Run:example_python_decorator
[2025-02-10T02:55:43.254+0000] {logging_mixin.py:190} INFO - [2025-02-10T02:55:43.254+0000] {override.py:1911} INFO - Created Permission View: can create on DAG Run:example_python_decorator
[2025-02-10T02:55:43.255+0000] {logging_mixin.py:190} INFO - [2025-02-10T02:55:43.255+0000] {dag.py:3239} INFO - Sync 1 DAGs
[2025-02-10T02:55:43.286+0000] {logging_mixin.py:190} INFO - [2025-02-10T02:55:43.285+0000] {dag.py:3262} INFO - Creating ORM DAG for example_python_decorator
[2025-02-10T02:55:43.291+0000] {logging_mixin.py:190} INFO - [2025-02-10T02:55:43.291+0000] {dag.py:4180} INFO - Setting next_dagrun for example_python_decorator to None, run_after=None
[2025-02-10T02:55:43.342+0000] {processor.py:208} INFO - Processing /home/airflow/.local/lib/python3.12/site-packages/airflow/example_dags/example_python_decorator.py took 0.793 seconds
[2025-02-10T02:56:14.161+0000] {processor.py:186} INFO - Started process (PID=112) to work on /home/airflow/.local/lib/python3.12/site-packages/airflow/example_dags/example_python_decorator.py
[2025-02-10T02:56:14.164+0000] {processor.py:914} INFO - Processing file /home/airflow/.local/lib/python3.12/site-packages/airflow/example_dags/example_python_decorator.py for tasks to queue
[2025-02-10T02:56:14.168+0000] {logging_mixin.py:190} INFO - [2025-02-10T02:56:14.167+0000] {dagbag.py:588} INFO - Filling up the DagBag from /home/airflow/.local/lib/python3.12/site-packages/airflow/example_dags/example_python_decorator.py
[2025-02-10T02:56:14.200+0000] {processor.py:925} INFO - DAG(s) 'example_python_decorator' retrieved from /home/airflow/.local/lib/python3.12/site-packages/airflow/example_dags/example_python_decorator.py
[2025-02-10T02:56:14.228+0000] {logging_mixin.py:190} INFO - [2025-02-10T02:56:14.228+0000] {dag.py:3239} INFO - Sync 1 DAGs
[2025-02-10T02:56:14.248+0000] {logging_mixin.py:190} INFO - [2025-02-10T02:56:14.248+0000] {dag.py:4180} INFO - Setting next_dagrun for example_python_decorator to None, run_after=None
[2025-02-10T02:56:14.260+0000] {processor.py:208} INFO - Processing /home/airflow/.local/lib/python3.12/site-packages/airflow/example_dags/example_python_decorator.py took 0.115 seconds
[2025-02-10T02:56:44.956+0000] {processor.py:186} INFO - Started process (PID=182) to work on /home/airflow/.local/lib/python3.12/site-packages/airflow/example_dags/example_python_decorator.py
[2025-02-10T02:56:44.958+0000] {processor.py:914} INFO - Processing file /home/airflow/.local/lib/python3.12/site-packages/airflow/example_dags/example_python_decorator.py for tasks to queue
[2025-02-10T02:56:44.963+0000] {logging_mixin.py:190} INFO - [2025-02-10T02:56:44.962+0000] {dagbag.py:588} INFO - Filling up the DagBag from /home/airflow/.local/lib/python3.12/site-packages/airflow/example_dags/example_python_decorator.py
[2025-02-10T02:56:44.998+0000] {processor.py:925} INFO - DAG(s) 'example_python_decorator' retrieved from /home/airflow/.local/lib/python3.12/site-packages/airflow/example_dags/example_python_decorator.py
[2025-02-10T02:56:45.017+0000] {logging_mixin.py:190} INFO - [2025-02-10T02:56:45.017+0000] {dag.py:3239} INFO - Sync 1 DAGs
[2025-02-10T02:56:45.030+0000] {logging_mixin.py:190} INFO - [2025-02-10T02:56:45.030+0000] {dag.py:4180} INFO - Setting next_dagrun for example_python_decorator to None, run_after=None
[2025-02-10T02:56:45.043+0000] {processor.py:208} INFO - Processing /home/airflow/.local/lib/python3.12/site-packages/airflow/example_dags/example_python_decorator.py took 0.112 seconds
[2025-02-10T02:57:15.739+0000] {processor.py:186} INFO - Started process (PID=245) to work on /home/airflow/.local/lib/python3.12/site-packages/airflow/example_dags/example_python_decorator.py
[2025-02-10T02:57:15.742+0000] {processor.py:914} INFO - Processing file /home/airflow/.local/lib/python3.12/site-packages/airflow/example_dags/example_python_decorator.py for tasks to queue
[2025-02-10T02:57:15.745+0000] {logging_mixin.py:190} INFO - [2025-02-10T02:57:15.744+0000] {dagbag.py:588} INFO - Filling up the DagBag from /home/airflow/.local/lib/python3.12/site-packages/airflow/example_dags/example_python_decorator.py
[2025-02-10T02:57:15.769+0000] {processor.py:925} INFO - DAG(s) 'example_python_decorator' retrieved from /home/airflow/.local/lib/python3.12/site-packages/airflow/example_dags/example_python_decorator.py
[2025-02-10T02:57:15.805+0000] {logging_mixin.py:190} INFO - [2025-02-10T02:57:15.804+0000] {dag.py:3239} INFO - Sync 1 DAGs
[2025-02-10T02:57:15.838+0000] {logging_mixin.py:190} INFO - [2025-02-10T02:57:15.838+0000] {dag.py:4180} INFO - Setting next_dagrun for example_python_decorator to None, run_after=None
[2025-02-10T02:57:15.853+0000] {processor.py:208} INFO - Processing /home/airflow/.local/lib/python3.12/site-packages/airflow/example_dags/example_python_decorator.py took 0.122 seconds
[2025-02-10T02:57:46.775+0000] {processor.py:186} INFO - Started process (PID=309) to work on /home/airflow/.local/lib/python3.12/site-packages/airflow/example_dags/example_python_decorator.py
[2025-02-10T02:57:46.777+0000] {processor.py:914} INFO - Processing file /home/airflow/.local/lib/python3.12/site-packages/airflow/example_dags/example_python_decorator.py for tasks to queue
[2025-02-10T02:57:46.781+0000] {logging_mixin.py:190} INFO - [2025-02-10T02:57:46.781+0000] {dagbag.py:588} INFO - Filling up the DagBag from /home/airflow/.local/lib/python3.12/site-packages/airflow/example_dags/example_python_decorator.py
[2025-02-10T02:57:46.810+0000] {processor.py:925} INFO - DAG(s) 'example_python_decorator' retrieved from /home/airflow/.local/lib/python3.12/site-packages/airflow/example_dags/example_python_decorator.py
[2025-02-10T02:57:46.839+0000] {logging_mixin.py:190} INFO - [2025-02-10T02:57:46.839+0000] {dag.py:3239} INFO - Sync 1 DAGs
[2025-02-10T02:57:46.852+0000] {logging_mixin.py:190} INFO - [2025-02-10T02:57:46.852+0000] {dag.py:4180} INFO - Setting next_dagrun for example_python_decorator to None, run_after=None
[2025-02-10T02:57:46.876+0000] {processor.py:208} INFO - Processing /home/airflow/.local/lib/python3.12/site-packages/airflow/example_dags/example_python_decorator.py took 0.110 seconds
[2025-02-10T02:58:17.532+0000] {processor.py:186} INFO - Started process (PID=373) to work on /home/airflow/.local/lib/python3.12/site-packages/airflow/example_dags/example_python_decorator.py
[2025-02-10T02:58:17.535+0000] {processor.py:914} INFO - Processing file /home/airflow/.local/lib/python3.12/site-packages/airflow/example_dags/example_python_decorator.py for tasks to queue
[2025-02-10T02:58:17.537+0000] {logging_mixin.py:190} INFO - [2025-02-10T02:58:17.537+0000] {dagbag.py:588} INFO - Filling up the DagBag from /home/airflow/.local/lib/python3.12/site-packages/airflow/example_dags/example_python_decorator.py
[2025-02-10T02:58:17.560+0000] {processor.py:925} INFO - DAG(s) 'example_python_decorator' retrieved from /home/airflow/.local/lib/python3.12/site-packages/airflow/example_dags/example_python_decorator.py
[2025-02-10T02:58:17.597+0000] {logging_mixin.py:190} INFO - [2025-02-10T02:58:17.597+0000] {dag.py:3239} INFO - Sync 1 DAGs
[2025-02-10T02:58:17.615+0000] {logging_mixin.py:190} INFO - [2025-02-10T02:58:17.615+0000] {dag.py:4180} INFO - Setting next_dagrun for example_python_decorator to None, run_after=None
[2025-02-10T02:58:17.631+0000] {processor.py:208} INFO - Processing /home/airflow/.local/lib/python3.12/site-packages/airflow/example_dags/example_python_decorator.py took 0.111 seconds
[2025-02-10T02:58:47.682+0000] {processor.py:186} INFO - Started process (PID=437) to work on /home/airflow/.local/lib/python3.12/site-packages/airflow/example_dags/example_python_decorator.py
[2025-02-10T02:58:47.683+0000] {processor.py:914} INFO - Processing file /home/airflow/.local/lib/python3.12/site-packages/airflow/example_dags/example_python_decorator.py for tasks to queue
[2025-02-10T02:58:47.685+0000] {logging_mixin.py:190} INFO - [2025-02-10T02:58:47.684+0000] {dagbag.py:588} INFO - Filling up the DagBag from /home/airflow/.local/lib/python3.12/site-packages/airflow/example_dags/example_python_decorator.py
[2025-02-10T02:58:47.721+0000] {processor.py:925} INFO - DAG(s) 'example_python_decorator' retrieved from /home/airflow/.local/lib/python3.12/site-packages/airflow/example_dags/example_python_decorator.py
[2025-02-10T02:58:47.748+0000] {logging_mixin.py:190} INFO - [2025-02-10T02:58:47.748+0000] {dag.py:3239} INFO - Sync 1 DAGs
[2025-02-10T02:58:47.770+0000] {logging_mixin.py:190} INFO - [2025-02-10T02:58:47.769+0000] {dag.py:4180} INFO - Setting next_dagrun for example_python_decorator to None, run_after=None
[2025-02-10T02:58:47.792+0000] {processor.py:208} INFO - Processing /home/airflow/.local/lib/python3.12/site-packages/airflow/example_dags/example_python_decorator.py took 0.116 seconds
[2025-02-10T02:59:17.930+0000] {processor.py:186} INFO - Started process (PID=501) to work on /home/airflow/.local/lib/python3.12/site-packages/airflow/example_dags/example_python_decorator.py
[2025-02-10T02:59:17.932+0000] {processor.py:914} INFO - Processing file /home/airflow/.local/lib/python3.12/site-packages/airflow/example_dags/example_python_decorator.py for tasks to queue
[2025-02-10T02:59:17.934+0000] {logging_mixin.py:190} INFO - [2025-02-10T02:59:17.934+0000] {dagbag.py:588} INFO - Filling up the DagBag from /home/airflow/.local/lib/python3.12/site-packages/airflow/example_dags/example_python_decorator.py
[2025-02-10T02:59:17.963+0000] {processor.py:925} INFO - DAG(s) 'example_python_decorator' retrieved from /home/airflow/.local/lib/python3.12/site-packages/airflow/example_dags/example_python_decorator.py
[2025-02-10T02:59:17.992+0000] {logging_mixin.py:190} INFO - [2025-02-10T02:59:17.992+0000] {dag.py:3239} INFO - Sync 1 DAGs
[2025-02-10T02:59:18.008+0000] {logging_mixin.py:190} INFO - [2025-02-10T02:59:18.008+0000] {dag.py:4180} INFO - Setting next_dagrun for example_python_decorator to None, run_after=None
[2025-02-10T02:59:18.031+0000] {processor.py:208} INFO - Processing /home/airflow/.local/lib/python3.12/site-packages/airflow/example_dags/example_python_decorator.py took 0.107 seconds
[2025-02-10T02:59:48.225+0000] {processor.py:186} INFO - Started process (PID=565) to work on /home/airflow/.local/lib/python3.12/site-packages/airflow/example_dags/example_python_decorator.py
[2025-02-10T02:59:48.226+0000] {processor.py:914} INFO - Processing file /home/airflow/.local/lib/python3.12/site-packages/airflow/example_dags/example_python_decorator.py for tasks to queue
[2025-02-10T02:59:48.228+0000] {logging_mixin.py:190} INFO - [2025-02-10T02:59:48.228+0000] {dagbag.py:588} INFO - Filling up the DagBag from /home/airflow/.local/lib/python3.12/site-packages/airflow/example_dags/example_python_decorator.py
[2025-02-10T02:59:48.244+0000] {processor.py:925} INFO - DAG(s) 'example_python_decorator' retrieved from /home/airflow/.local/lib/python3.12/site-packages/airflow/example_dags/example_python_decorator.py
[2025-02-10T02:59:48.274+0000] {logging_mixin.py:190} INFO - [2025-02-10T02:59:48.274+0000] {dag.py:3239} INFO - Sync 1 DAGs
[2025-02-10T02:59:48.288+0000] {logging_mixin.py:190} INFO - [2025-02-10T02:59:48.288+0000] {dag.py:4180} INFO - Setting next_dagrun for example_python_decorator to None, run_after=None
[2025-02-10T02:59:48.301+0000] {processor.py:208} INFO - Processing /home/airflow/.local/lib/python3.12/site-packages/airflow/example_dags/example_python_decorator.py took 0.082 seconds
[2025-02-10T03:00:18.387+0000] {processor.py:186} INFO - Started process (PID=629) to work on /home/airflow/.local/lib/python3.12/site-packages/airflow/example_dags/example_python_decorator.py
[2025-02-10T03:00:18.389+0000] {processor.py:914} INFO - Processing file /home/airflow/.local/lib/python3.12/site-packages/airflow/example_dags/example_python_decorator.py for tasks to queue
[2025-02-10T03:00:18.391+0000] {logging_mixin.py:190} INFO - [2025-02-10T03:00:18.390+0000] {dagbag.py:588} INFO - Filling up the DagBag from /home/airflow/.local/lib/python3.12/site-packages/airflow/example_dags/example_python_decorator.py
[2025-02-10T03:00:18.428+0000] {processor.py:925} INFO - DAG(s) 'example_python_decorator' retrieved from /home/airflow/.local/lib/python3.12/site-packages/airflow/example_dags/example_python_decorator.py
[2025-02-10T03:00:18.480+0000] {logging_mixin.py:190} INFO - [2025-02-10T03:00:18.480+0000] {dag.py:3239} INFO - Sync 1 DAGs
[2025-02-10T03:00:18.504+0000] {logging_mixin.py:190} INFO - [2025-02-10T03:00:18.503+0000] {dag.py:4180} INFO - Setting next_dagrun for example_python_decorator to None, run_after=None
[2025-02-10T03:00:18.518+0000] {processor.py:208} INFO - Processing /home/airflow/.local/lib/python3.12/site-packages/airflow/example_dags/example_python_decorator.py took 0.136 seconds
[2025-02-10T03:00:48.969+0000] {processor.py:186} INFO - Started process (PID=693) to work on /home/airflow/.local/lib/python3.12/site-packages/airflow/example_dags/example_python_decorator.py
[2025-02-10T03:00:48.970+0000] {processor.py:914} INFO - Processing file /home/airflow/.local/lib/python3.12/site-packages/airflow/example_dags/example_python_decorator.py for tasks to queue
[2025-02-10T03:00:48.973+0000] {logging_mixin.py:190} INFO - [2025-02-10T03:00:48.972+0000] {dagbag.py:588} INFO - Filling up the DagBag from /home/airflow/.local/lib/python3.12/site-packages/airflow/example_dags/example_python_decorator.py
[2025-02-10T03:00:49.006+0000] {processor.py:925} INFO - DAG(s) 'example_python_decorator' retrieved from /home/airflow/.local/lib/python3.12/site-packages/airflow/example_dags/example_python_decorator.py
[2025-02-10T03:00:49.032+0000] {logging_mixin.py:190} INFO - [2025-02-10T03:00:49.032+0000] {dag.py:3239} INFO - Sync 1 DAGs
[2025-02-10T03:00:49.057+0000] {logging_mixin.py:190} INFO - [2025-02-10T03:00:49.056+0000] {dag.py:4180} INFO - Setting next_dagrun for example_python_decorator to None, run_after=None
[2025-02-10T03:00:49.071+0000] {processor.py:208} INFO - Processing /home/airflow/.local/lib/python3.12/site-packages/airflow/example_dags/example_python_decorator.py took 0.112 seconds
[2025-02-10T03:01:19.159+0000] {processor.py:186} INFO - Started process (PID=757) to work on /home/airflow/.local/lib/python3.12/site-packages/airflow/example_dags/example_python_decorator.py
[2025-02-10T03:01:19.160+0000] {processor.py:914} INFO - Processing file /home/airflow/.local/lib/python3.12/site-packages/airflow/example_dags/example_python_decorator.py for tasks to queue
[2025-02-10T03:01:19.163+0000] {logging_mixin.py:190} INFO - [2025-02-10T03:01:19.163+0000] {dagbag.py:588} INFO - Filling up the DagBag from /home/airflow/.local/lib/python3.12/site-packages/airflow/example_dags/example_python_decorator.py
[2025-02-10T03:01:19.187+0000] {processor.py:925} INFO - DAG(s) 'example_python_decorator' retrieved from /home/airflow/.local/lib/python3.12/site-packages/airflow/example_dags/example_python_decorator.py
[2025-02-10T03:01:19.217+0000] {logging_mixin.py:190} INFO - [2025-02-10T03:01:19.217+0000] {dag.py:3239} INFO - Sync 1 DAGs
[2025-02-10T03:01:19.238+0000] {logging_mixin.py:190} INFO - [2025-02-10T03:01:19.238+0000] {dag.py:4180} INFO - Setting next_dagrun for example_python_decorator to None, run_after=None
[2025-02-10T03:01:19.254+0000] {processor.py:208} INFO - Processing /home/airflow/.local/lib/python3.12/site-packages/airflow/example_dags/example_python_decorator.py took 0.102 seconds
[2025-02-10T03:01:49.306+0000] {processor.py:186} INFO - Started process (PID=821) to work on /home/airflow/.local/lib/python3.12/site-packages/airflow/example_dags/example_python_decorator.py
[2025-02-10T03:01:49.307+0000] {processor.py:914} INFO - Processing file /home/airflow/.local/lib/python3.12/site-packages/airflow/example_dags/example_python_decorator.py for tasks to queue
[2025-02-10T03:01:49.308+0000] {logging_mixin.py:190} INFO - [2025-02-10T03:01:49.308+0000] {dagbag.py:588} INFO - Filling up the DagBag from /home/airflow/.local/lib/python3.12/site-packages/airflow/example_dags/example_python_decorator.py
[2025-02-10T03:01:49.322+0000] {processor.py:925} INFO - DAG(s) 'example_python_decorator' retrieved from /home/airflow/.local/lib/python3.12/site-packages/airflow/example_dags/example_python_decorator.py
[2025-02-10T03:01:49.352+0000] {logging_mixin.py:190} INFO - [2025-02-10T03:01:49.352+0000] {dag.py:3239} INFO - Sync 1 DAGs
[2025-02-10T03:01:49.366+0000] {logging_mixin.py:190} INFO - [2025-02-10T03:01:49.366+0000] {dag.py:4180} INFO - Setting next_dagrun for example_python_decorator to None, run_after=None
[2025-02-10T03:01:49.382+0000] {processor.py:208} INFO - Processing /home/airflow/.local/lib/python3.12/site-packages/airflow/example_dags/example_python_decorator.py took 0.081 seconds
[2025-02-10T03:02:19.652+0000] {processor.py:186} INFO - Started process (PID=885) to work on /home/airflow/.local/lib/python3.12/site-packages/airflow/example_dags/example_python_decorator.py
[2025-02-10T03:02:19.654+0000] {processor.py:914} INFO - Processing file /home/airflow/.local/lib/python3.12/site-packages/airflow/example_dags/example_python_decorator.py for tasks to queue
[2025-02-10T03:02:19.656+0000] {logging_mixin.py:190} INFO - [2025-02-10T03:02:19.656+0000] {dagbag.py:588} INFO - Filling up the DagBag from /home/airflow/.local/lib/python3.12/site-packages/airflow/example_dags/example_python_decorator.py
[2025-02-10T03:02:19.674+0000] {processor.py:925} INFO - DAG(s) 'example_python_decorator' retrieved from /home/airflow/.local/lib/python3.12/site-packages/airflow/example_dags/example_python_decorator.py
[2025-02-10T03:02:19.713+0000] {logging_mixin.py:190} INFO - [2025-02-10T03:02:19.713+0000] {dag.py:3239} INFO - Sync 1 DAGs
[2025-02-10T03:02:19.729+0000] {logging_mixin.py:190} INFO - [2025-02-10T03:02:19.728+0000] {dag.py:4180} INFO - Setting next_dagrun for example_python_decorator to None, run_after=None
[2025-02-10T03:02:19.745+0000] {processor.py:208} INFO - Processing /home/airflow/.local/lib/python3.12/site-packages/airflow/example_dags/example_python_decorator.py took 0.102 seconds
[2025-02-10T03:02:50.039+0000] {processor.py:186} INFO - Started process (PID=949) to work on /home/airflow/.local/lib/python3.12/site-packages/airflow/example_dags/example_python_decorator.py
[2025-02-10T03:02:50.041+0000] {processor.py:914} INFO - Processing file /home/airflow/.local/lib/python3.12/site-packages/airflow/example_dags/example_python_decorator.py for tasks to queue
[2025-02-10T03:02:50.043+0000] {logging_mixin.py:190} INFO - [2025-02-10T03:02:50.042+0000] {dagbag.py:588} INFO - Filling up the DagBag from /home/airflow/.local/lib/python3.12/site-packages/airflow/example_dags/example_python_decorator.py
[2025-02-10T03:02:50.060+0000] {processor.py:925} INFO - DAG(s) 'example_python_decorator' retrieved from /home/airflow/.local/lib/python3.12/site-packages/airflow/example_dags/example_python_decorator.py
[2025-02-10T03:02:50.082+0000] {logging_mixin.py:190} INFO - [2025-02-10T03:02:50.082+0000] {dag.py:3239} INFO - Sync 1 DAGs
[2025-02-10T03:02:50.104+0000] {logging_mixin.py:190} INFO - [2025-02-10T03:02:50.103+0000] {dag.py:4180} INFO - Setting next_dagrun for example_python_decorator to None, run_after=None
[2025-02-10T03:02:50.118+0000] {processor.py:208} INFO - Processing /home/airflow/.local/lib/python3.12/site-packages/airflow/example_dags/example_python_decorator.py took 0.091 seconds
[2025-02-10T03:03:20.405+0000] {processor.py:186} INFO - Started process (PID=1013) to work on /home/airflow/.local/lib/python3.12/site-packages/airflow/example_dags/example_python_decorator.py
[2025-02-10T03:03:20.407+0000] {processor.py:914} INFO - Processing file /home/airflow/.local/lib/python3.12/site-packages/airflow/example_dags/example_python_decorator.py for tasks to queue
[2025-02-10T03:03:20.409+0000] {logging_mixin.py:190} INFO - [2025-02-10T03:03:20.409+0000] {dagbag.py:588} INFO - Filling up the DagBag from /home/airflow/.local/lib/python3.12/site-packages/airflow/example_dags/example_python_decorator.py
[2025-02-10T03:03:20.451+0000] {processor.py:925} INFO - DAG(s) 'example_python_decorator' retrieved from /home/airflow/.local/lib/python3.12/site-packages/airflow/example_dags/example_python_decorator.py
[2025-02-10T03:03:20.506+0000] {logging_mixin.py:190} INFO - [2025-02-10T03:03:20.506+0000] {dag.py:3239} INFO - Sync 1 DAGs
[2025-02-10T03:03:20.523+0000] {logging_mixin.py:190} INFO - [2025-02-10T03:03:20.522+0000] {dag.py:4180} INFO - Setting next_dagrun for example_python_decorator to None, run_after=None
[2025-02-10T03:03:20.538+0000] {processor.py:208} INFO - Processing /home/airflow/.local/lib/python3.12/site-packages/airflow/example_dags/example_python_decorator.py took 0.140 seconds
[2025-02-10T03:03:50.607+0000] {processor.py:186} INFO - Started process (PID=1077) to work on /home/airflow/.local/lib/python3.12/site-packages/airflow/example_dags/example_python_decorator.py
[2025-02-10T03:03:50.609+0000] {processor.py:914} INFO - Processing file /home/airflow/.local/lib/python3.12/site-packages/airflow/example_dags/example_python_decorator.py for tasks to queue
[2025-02-10T03:03:50.612+0000] {logging_mixin.py:190} INFO - [2025-02-10T03:03:50.611+0000] {dagbag.py:588} INFO - Filling up the DagBag from /home/airflow/.local/lib/python3.12/site-packages/airflow/example_dags/example_python_decorator.py
[2025-02-10T03:03:50.626+0000] {processor.py:925} INFO - DAG(s) 'example_python_decorator' retrieved from /home/airflow/.local/lib/python3.12/site-packages/airflow/example_dags/example_python_decorator.py
[2025-02-10T03:03:50.663+0000] {logging_mixin.py:190} INFO - [2025-02-10T03:03:50.662+0000] {dag.py:3239} INFO - Sync 1 DAGs
[2025-02-10T03:03:50.676+0000] {logging_mixin.py:190} INFO - [2025-02-10T03:03:50.676+0000] {dag.py:4180} INFO - Setting next_dagrun for example_python_decorator to None, run_after=None
[2025-02-10T03:03:50.699+0000] {processor.py:208} INFO - Processing /home/airflow/.local/lib/python3.12/site-packages/airflow/example_dags/example_python_decorator.py took 0.101 seconds
[2025-02-10T03:04:21.172+0000] {processor.py:186} INFO - Started process (PID=1141) to work on /home/airflow/.local/lib/python3.12/site-packages/airflow/example_dags/example_python_decorator.py
[2025-02-10T03:04:21.174+0000] {processor.py:914} INFO - Processing file /home/airflow/.local/lib/python3.12/site-packages/airflow/example_dags/example_python_decorator.py for tasks to queue
[2025-02-10T03:04:21.178+0000] {logging_mixin.py:190} INFO - [2025-02-10T03:04:21.178+0000] {dagbag.py:588} INFO - Filling up the DagBag from /home/airflow/.local/lib/python3.12/site-packages/airflow/example_dags/example_python_decorator.py
[2025-02-10T03:04:21.197+0000] {processor.py:925} INFO - DAG(s) 'example_python_decorator' retrieved from /home/airflow/.local/lib/python3.12/site-packages/airflow/example_dags/example_python_decorator.py
[2025-02-10T03:04:21.220+0000] {logging_mixin.py:190} INFO - [2025-02-10T03:04:21.220+0000] {dag.py:3239} INFO - Sync 1 DAGs
[2025-02-10T03:04:21.247+0000] {logging_mixin.py:190} INFO - [2025-02-10T03:04:21.246+0000] {dag.py:4180} INFO - Setting next_dagrun for example_python_decorator to None, run_after=None
[2025-02-10T03:04:21.262+0000] {processor.py:208} INFO - Processing /home/airflow/.local/lib/python3.12/site-packages/airflow/example_dags/example_python_decorator.py took 0.096 seconds
[2025-02-10T03:04:51.697+0000] {processor.py:186} INFO - Started process (PID=1205) to work on /home/airflow/.local/lib/python3.12/site-packages/airflow/example_dags/example_python_decorator.py
[2025-02-10T03:04:51.699+0000] {processor.py:914} INFO - Processing file /home/airflow/.local/lib/python3.12/site-packages/airflow/example_dags/example_python_decorator.py for tasks to queue
[2025-02-10T03:04:51.702+0000] {logging_mixin.py:190} INFO - [2025-02-10T03:04:51.701+0000] {dagbag.py:588} INFO - Filling up the DagBag from /home/airflow/.local/lib/python3.12/site-packages/airflow/example_dags/example_python_decorator.py
[2025-02-10T03:04:51.736+0000] {processor.py:925} INFO - DAG(s) 'example_python_decorator' retrieved from /home/airflow/.local/lib/python3.12/site-packages/airflow/example_dags/example_python_decorator.py
[2025-02-10T03:04:51.756+0000] {logging_mixin.py:190} INFO - [2025-02-10T03:04:51.755+0000] {dag.py:3239} INFO - Sync 1 DAGs
[2025-02-10T03:04:51.767+0000] {logging_mixin.py:190} INFO - [2025-02-10T03:04:51.767+0000] {dag.py:4180} INFO - Setting next_dagrun for example_python_decorator to None, run_after=None
[2025-02-10T03:04:51.779+0000] {processor.py:208} INFO - Processing /home/airflow/.local/lib/python3.12/site-packages/airflow/example_dags/example_python_decorator.py took 0.092 seconds
[2025-02-10T03:05:21.866+0000] {processor.py:186} INFO - Started process (PID=1269) to work on /home/airflow/.local/lib/python3.12/site-packages/airflow/example_dags/example_python_decorator.py
[2025-02-10T03:05:21.868+0000] {processor.py:914} INFO - Processing file /home/airflow/.local/lib/python3.12/site-packages/airflow/example_dags/example_python_decorator.py for tasks to queue
[2025-02-10T03:05:21.870+0000] {logging_mixin.py:190} INFO - [2025-02-10T03:05:21.870+0000] {dagbag.py:588} INFO - Filling up the DagBag from /home/airflow/.local/lib/python3.12/site-packages/airflow/example_dags/example_python_decorator.py
[2025-02-10T03:05:21.888+0000] {processor.py:925} INFO - DAG(s) 'example_python_decorator' retrieved from /home/airflow/.local/lib/python3.12/site-packages/airflow/example_dags/example_python_decorator.py
[2025-02-10T03:05:21.933+0000] {logging_mixin.py:190} INFO - [2025-02-10T03:05:21.932+0000] {dag.py:3239} INFO - Sync 1 DAGs
[2025-02-10T03:05:21.947+0000] {logging_mixin.py:190} INFO - [2025-02-10T03:05:21.947+0000] {dag.py:4180} INFO - Setting next_dagrun for example_python_decorator to None, run_after=None
[2025-02-10T03:05:21.962+0000] {processor.py:208} INFO - Processing /home/airflow/.local/lib/python3.12/site-packages/airflow/example_dags/example_python_decorator.py took 0.102 seconds
[2025-02-10T03:05:52.060+0000] {processor.py:186} INFO - Started process (PID=1333) to work on /home/airflow/.local/lib/python3.12/site-packages/airflow/example_dags/example_python_decorator.py
[2025-02-10T03:05:52.064+0000] {processor.py:914} INFO - Processing file /home/airflow/.local/lib/python3.12/site-packages/airflow/example_dags/example_python_decorator.py for tasks to queue
[2025-02-10T03:05:52.067+0000] {logging_mixin.py:190} INFO - [2025-02-10T03:05:52.067+0000] {dagbag.py:588} INFO - Filling up the DagBag from /home/airflow/.local/lib/python3.12/site-packages/airflow/example_dags/example_python_decorator.py
[2025-02-10T03:05:52.086+0000] {processor.py:925} INFO - DAG(s) 'example_python_decorator' retrieved from /home/airflow/.local/lib/python3.12/site-packages/airflow/example_dags/example_python_decorator.py
[2025-02-10T03:05:52.107+0000] {logging_mixin.py:190} INFO - [2025-02-10T03:05:52.107+0000] {dag.py:3239} INFO - Sync 1 DAGs
[2025-02-10T03:05:52.119+0000] {logging_mixin.py:190} INFO - [2025-02-10T03:05:52.118+0000] {dag.py:4180} INFO - Setting next_dagrun for example_python_decorator to None, run_after=None
[2025-02-10T03:05:52.132+0000] {processor.py:208} INFO - Processing /home/airflow/.local/lib/python3.12/site-packages/airflow/example_dags/example_python_decorator.py took 0.081 seconds
[2025-02-10T03:06:22.430+0000] {processor.py:186} INFO - Started process (PID=1397) to work on /home/airflow/.local/lib/python3.12/site-packages/airflow/example_dags/example_python_decorator.py
[2025-02-10T03:06:22.432+0000] {processor.py:914} INFO - Processing file /home/airflow/.local/lib/python3.12/site-packages/airflow/example_dags/example_python_decorator.py for tasks to queue
[2025-02-10T03:06:22.435+0000] {logging_mixin.py:190} INFO - [2025-02-10T03:06:22.434+0000] {dagbag.py:588} INFO - Filling up the DagBag from /home/airflow/.local/lib/python3.12/site-packages/airflow/example_dags/example_python_decorator.py
[2025-02-10T03:06:22.456+0000] {processor.py:925} INFO - DAG(s) 'example_python_decorator' retrieved from /home/airflow/.local/lib/python3.12/site-packages/airflow/example_dags/example_python_decorator.py
[2025-02-10T03:06:22.477+0000] {logging_mixin.py:190} INFO - [2025-02-10T03:06:22.477+0000] {dag.py:3239} INFO - Sync 1 DAGs
[2025-02-10T03:06:22.487+0000] {logging_mixin.py:190} INFO - [2025-02-10T03:06:22.487+0000] {dag.py:4180} INFO - Setting next_dagrun for example_python_decorator to None, run_after=None
[2025-02-10T03:06:22.501+0000] {processor.py:208} INFO - Processing /home/airflow/.local/lib/python3.12/site-packages/airflow/example_dags/example_python_decorator.py took 0.078 seconds
[2025-02-10T03:06:52.555+0000] {processor.py:186} INFO - Started process (PID=1461) to work on /home/airflow/.local/lib/python3.12/site-packages/airflow/example_dags/example_python_decorator.py
[2025-02-10T03:06:52.556+0000] {processor.py:914} INFO - Processing file /home/airflow/.local/lib/python3.12/site-packages/airflow/example_dags/example_python_decorator.py for tasks to queue
[2025-02-10T03:06:52.558+0000] {logging_mixin.py:190} INFO - [2025-02-10T03:06:52.558+0000] {dagbag.py:588} INFO - Filling up the DagBag from /home/airflow/.local/lib/python3.12/site-packages/airflow/example_dags/example_python_decorator.py
[2025-02-10T03:06:52.578+0000] {processor.py:925} INFO - DAG(s) 'example_python_decorator' retrieved from /home/airflow/.local/lib/python3.12/site-packages/airflow/example_dags/example_python_decorator.py
[2025-02-10T03:06:52.608+0000] {logging_mixin.py:190} INFO - [2025-02-10T03:06:52.608+0000] {dag.py:3239} INFO - Sync 1 DAGs
[2025-02-10T03:06:52.623+0000] {logging_mixin.py:190} INFO - [2025-02-10T03:06:52.622+0000] {dag.py:4180} INFO - Setting next_dagrun for example_python_decorator to None, run_after=None
[2025-02-10T03:06:52.638+0000] {processor.py:208} INFO - Processing /home/airflow/.local/lib/python3.12/site-packages/airflow/example_dags/example_python_decorator.py took 0.088 seconds
[2025-02-10T03:07:22.785+0000] {processor.py:186} INFO - Started process (PID=1526) to work on /home/airflow/.local/lib/python3.12/site-packages/airflow/example_dags/example_python_decorator.py
[2025-02-10T03:07:22.786+0000] {processor.py:914} INFO - Processing file /home/airflow/.local/lib/python3.12/site-packages/airflow/example_dags/example_python_decorator.py for tasks to queue
[2025-02-10T03:07:22.788+0000] {logging_mixin.py:190} INFO - [2025-02-10T03:07:22.788+0000] {dagbag.py:588} INFO - Filling up the DagBag from /home/airflow/.local/lib/python3.12/site-packages/airflow/example_dags/example_python_decorator.py
[2025-02-10T03:07:22.811+0000] {processor.py:925} INFO - DAG(s) 'example_python_decorator' retrieved from /home/airflow/.local/lib/python3.12/site-packages/airflow/example_dags/example_python_decorator.py
[2025-02-10T03:07:22.831+0000] {logging_mixin.py:190} INFO - [2025-02-10T03:07:22.831+0000] {dag.py:3239} INFO - Sync 1 DAGs
[2025-02-10T03:07:22.844+0000] {logging_mixin.py:190} INFO - [2025-02-10T03:07:22.844+0000] {dag.py:4180} INFO - Setting next_dagrun for example_python_decorator to None, run_after=None
[2025-02-10T03:07:22.852+0000] {processor.py:208} INFO - Processing /home/airflow/.local/lib/python3.12/site-packages/airflow/example_dags/example_python_decorator.py took 0.073 seconds
[2025-02-10T03:07:53.324+0000] {processor.py:186} INFO - Started process (PID=1589) to work on /home/airflow/.local/lib/python3.12/site-packages/airflow/example_dags/example_python_decorator.py
[2025-02-10T03:07:53.325+0000] {processor.py:914} INFO - Processing file /home/airflow/.local/lib/python3.12/site-packages/airflow/example_dags/example_python_decorator.py for tasks to queue
[2025-02-10T03:07:53.327+0000] {logging_mixin.py:190} INFO - [2025-02-10T03:07:53.327+0000] {dagbag.py:588} INFO - Filling up the DagBag from /home/airflow/.local/lib/python3.12/site-packages/airflow/example_dags/example_python_decorator.py
[2025-02-10T03:07:53.343+0000] {processor.py:925} INFO - DAG(s) 'example_python_decorator' retrieved from /home/airflow/.local/lib/python3.12/site-packages/airflow/example_dags/example_python_decorator.py
[2025-02-10T03:07:53.363+0000] {logging_mixin.py:190} INFO - [2025-02-10T03:07:53.362+0000] {dag.py:3239} INFO - Sync 1 DAGs
[2025-02-10T03:07:53.382+0000] {logging_mixin.py:190} INFO - [2025-02-10T03:07:53.382+0000] {dag.py:4180} INFO - Setting next_dagrun for example_python_decorator to None, run_after=None
[2025-02-10T03:07:53.396+0000] {processor.py:208} INFO - Processing /home/airflow/.local/lib/python3.12/site-packages/airflow/example_dags/example_python_decorator.py took 0.078 seconds
[2025-02-10T03:08:23.903+0000] {processor.py:186} INFO - Started process (PID=1653) to work on /home/airflow/.local/lib/python3.12/site-packages/airflow/example_dags/example_python_decorator.py
[2025-02-10T03:08:23.906+0000] {processor.py:914} INFO - Processing file /home/airflow/.local/lib/python3.12/site-packages/airflow/example_dags/example_python_decorator.py for tasks to queue
[2025-02-10T03:08:23.911+0000] {logging_mixin.py:190} INFO - [2025-02-10T03:08:23.911+0000] {dagbag.py:588} INFO - Filling up the DagBag from /home/airflow/.local/lib/python3.12/site-packages/airflow/example_dags/example_python_decorator.py
[2025-02-10T03:08:23.950+0000] {processor.py:925} INFO - DAG(s) 'example_python_decorator' retrieved from /home/airflow/.local/lib/python3.12/site-packages/airflow/example_dags/example_python_decorator.py
[2025-02-10T03:08:23.977+0000] {logging_mixin.py:190} INFO - [2025-02-10T03:08:23.976+0000] {dag.py:3239} INFO - Sync 1 DAGs
[2025-02-10T03:08:24.009+0000] {logging_mixin.py:190} INFO - [2025-02-10T03:08:24.009+0000] {dag.py:4180} INFO - Setting next_dagrun for example_python_decorator to None, run_after=None
[2025-02-10T03:08:24.027+0000] {processor.py:208} INFO - Processing /home/airflow/.local/lib/python3.12/site-packages/airflow/example_dags/example_python_decorator.py took 0.134 seconds
[2025-02-10T03:08:54.379+0000] {processor.py:186} INFO - Started process (PID=1717) to work on /home/airflow/.local/lib/python3.12/site-packages/airflow/example_dags/example_python_decorator.py
[2025-02-10T03:08:54.381+0000] {processor.py:914} INFO - Processing file /home/airflow/.local/lib/python3.12/site-packages/airflow/example_dags/example_python_decorator.py for tasks to queue
[2025-02-10T03:08:54.388+0000] {logging_mixin.py:190} INFO - [2025-02-10T03:08:54.388+0000] {dagbag.py:588} INFO - Filling up the DagBag from /home/airflow/.local/lib/python3.12/site-packages/airflow/example_dags/example_python_decorator.py
[2025-02-10T03:08:54.410+0000] {processor.py:925} INFO - DAG(s) 'example_python_decorator' retrieved from /home/airflow/.local/lib/python3.12/site-packages/airflow/example_dags/example_python_decorator.py
[2025-02-10T03:08:54.431+0000] {logging_mixin.py:190} INFO - [2025-02-10T03:08:54.431+0000] {dag.py:3239} INFO - Sync 1 DAGs
[2025-02-10T03:08:54.442+0000] {logging_mixin.py:190} INFO - [2025-02-10T03:08:54.442+0000] {dag.py:4180} INFO - Setting next_dagrun for example_python_decorator to None, run_after=None
[2025-02-10T03:08:54.454+0000] {processor.py:208} INFO - Processing /home/airflow/.local/lib/python3.12/site-packages/airflow/example_dags/example_python_decorator.py took 0.085 seconds
[2025-02-10T03:09:25.224+0000] {processor.py:186} INFO - Started process (PID=1781) to work on /home/airflow/.local/lib/python3.12/site-packages/airflow/example_dags/example_python_decorator.py
[2025-02-10T03:09:25.225+0000] {processor.py:914} INFO - Processing file /home/airflow/.local/lib/python3.12/site-packages/airflow/example_dags/example_python_decorator.py for tasks to queue
[2025-02-10T03:09:25.231+0000] {logging_mixin.py:190} INFO - [2025-02-10T03:09:25.230+0000] {dagbag.py:588} INFO - Filling up the DagBag from /home/airflow/.local/lib/python3.12/site-packages/airflow/example_dags/example_python_decorator.py
[2025-02-10T03:09:25.262+0000] {processor.py:925} INFO - DAG(s) 'example_python_decorator' retrieved from /home/airflow/.local/lib/python3.12/site-packages/airflow/example_dags/example_python_decorator.py
[2025-02-10T03:09:25.290+0000] {logging_mixin.py:190} INFO - [2025-02-10T03:09:25.290+0000] {dag.py:3239} INFO - Sync 1 DAGs
[2025-02-10T03:09:25.302+0000] {logging_mixin.py:190} INFO - [2025-02-10T03:09:25.302+0000] {dag.py:4180} INFO - Setting next_dagrun for example_python_decorator to None, run_after=None
[2025-02-10T03:09:25.323+0000] {processor.py:208} INFO - Processing /home/airflow/.local/lib/python3.12/site-packages/airflow/example_dags/example_python_decorator.py took 0.110 seconds
[2025-02-10T03:09:56.136+0000] {processor.py:186} INFO - Started process (PID=1845) to work on /home/airflow/.local/lib/python3.12/site-packages/airflow/example_dags/example_python_decorator.py
[2025-02-10T03:09:56.138+0000] {processor.py:914} INFO - Processing file /home/airflow/.local/lib/python3.12/site-packages/airflow/example_dags/example_python_decorator.py for tasks to queue
[2025-02-10T03:09:56.141+0000] {logging_mixin.py:190} INFO - [2025-02-10T03:09:56.140+0000] {dagbag.py:588} INFO - Filling up the DagBag from /home/airflow/.local/lib/python3.12/site-packages/airflow/example_dags/example_python_decorator.py
[2025-02-10T03:09:56.168+0000] {processor.py:925} INFO - DAG(s) 'example_python_decorator' retrieved from /home/airflow/.local/lib/python3.12/site-packages/airflow/example_dags/example_python_decorator.py
[2025-02-10T03:09:56.187+0000] {logging_mixin.py:190} INFO - [2025-02-10T03:09:56.187+0000] {dag.py:3239} INFO - Sync 1 DAGs
[2025-02-10T03:09:56.198+0000] {logging_mixin.py:190} INFO - [2025-02-10T03:09:56.198+0000] {dag.py:4180} INFO - Setting next_dagrun for example_python_decorator to None, run_after=None
[2025-02-10T03:09:56.212+0000] {processor.py:208} INFO - Processing /home/airflow/.local/lib/python3.12/site-packages/airflow/example_dags/example_python_decorator.py took 0.084 seconds
[2025-02-10T03:10:26.662+0000] {processor.py:186} INFO - Started process (PID=1909) to work on /home/airflow/.local/lib/python3.12/site-packages/airflow/example_dags/example_python_decorator.py
[2025-02-10T03:10:26.663+0000] {processor.py:914} INFO - Processing file /home/airflow/.local/lib/python3.12/site-packages/airflow/example_dags/example_python_decorator.py for tasks to queue
[2025-02-10T03:10:26.666+0000] {logging_mixin.py:190} INFO - [2025-02-10T03:10:26.666+0000] {dagbag.py:588} INFO - Filling up the DagBag from /home/airflow/.local/lib/python3.12/site-packages/airflow/example_dags/example_python_decorator.py
[2025-02-10T03:10:26.683+0000] {processor.py:925} INFO - DAG(s) 'example_python_decorator' retrieved from /home/airflow/.local/lib/python3.12/site-packages/airflow/example_dags/example_python_decorator.py
[2025-02-10T03:10:26.717+0000] {logging_mixin.py:190} INFO - [2025-02-10T03:10:26.717+0000] {dag.py:3239} INFO - Sync 1 DAGs
[2025-02-10T03:10:26.732+0000] {logging_mixin.py:190} INFO - [2025-02-10T03:10:26.732+0000] {dag.py:4180} INFO - Setting next_dagrun for example_python_decorator to None, run_after=None
[2025-02-10T03:10:26.754+0000] {processor.py:208} INFO - Processing /home/airflow/.local/lib/python3.12/site-packages/airflow/example_dags/example_python_decorator.py took 0.100 seconds
[2025-02-10T03:10:57.541+0000] {processor.py:186} INFO - Started process (PID=1973) to work on /home/airflow/.local/lib/python3.12/site-packages/airflow/example_dags/example_python_decorator.py
[2025-02-10T03:10:57.545+0000] {processor.py:914} INFO - Processing file /home/airflow/.local/lib/python3.12/site-packages/airflow/example_dags/example_python_decorator.py for tasks to queue
[2025-02-10T03:10:57.548+0000] {logging_mixin.py:190} INFO - [2025-02-10T03:10:57.548+0000] {dagbag.py:588} INFO - Filling up the DagBag from /home/airflow/.local/lib/python3.12/site-packages/airflow/example_dags/example_python_decorator.py
[2025-02-10T03:10:57.569+0000] {processor.py:925} INFO - DAG(s) 'example_python_decorator' retrieved from /home/airflow/.local/lib/python3.12/site-packages/airflow/example_dags/example_python_decorator.py
[2025-02-10T03:10:57.589+0000] {logging_mixin.py:190} INFO - [2025-02-10T03:10:57.588+0000] {dag.py:3239} INFO - Sync 1 DAGs
[2025-02-10T03:10:57.612+0000] {logging_mixin.py:190} INFO - [2025-02-10T03:10:57.612+0000] {dag.py:4180} INFO - Setting next_dagrun for example_python_decorator to None, run_after=None
[2025-02-10T03:10:57.628+0000] {processor.py:208} INFO - Processing /home/airflow/.local/lib/python3.12/site-packages/airflow/example_dags/example_python_decorator.py took 0.104 seconds
[2025-02-10T03:11:28.158+0000] {processor.py:186} INFO - Started process (PID=2037) to work on /home/airflow/.local/lib/python3.12/site-packages/airflow/example_dags/example_python_decorator.py
[2025-02-10T03:11:28.162+0000] {processor.py:914} INFO - Processing file /home/airflow/.local/lib/python3.12/site-packages/airflow/example_dags/example_python_decorator.py for tasks to queue
[2025-02-10T03:11:28.166+0000] {logging_mixin.py:190} INFO - [2025-02-10T03:11:28.165+0000] {dagbag.py:588} INFO - Filling up the DagBag from /home/airflow/.local/lib/python3.12/site-packages/airflow/example_dags/example_python_decorator.py
[2025-02-10T03:11:28.187+0000] {processor.py:925} INFO - DAG(s) 'example_python_decorator' retrieved from /home/airflow/.local/lib/python3.12/site-packages/airflow/example_dags/example_python_decorator.py
[2025-02-10T03:11:28.222+0000] {logging_mixin.py:190} INFO - [2025-02-10T03:11:28.222+0000] {dag.py:3239} INFO - Sync 1 DAGs
[2025-02-10T03:11:28.243+0000] {logging_mixin.py:190} INFO - [2025-02-10T03:11:28.242+0000] {dag.py:4180} INFO - Setting next_dagrun for example_python_decorator to None, run_after=None
[2025-02-10T03:11:28.257+0000] {processor.py:208} INFO - Processing /home/airflow/.local/lib/python3.12/site-packages/airflow/example_dags/example_python_decorator.py took 0.127 seconds
[2025-02-10T03:11:58.981+0000] {processor.py:186} INFO - Started process (PID=2101) to work on /home/airflow/.local/lib/python3.12/site-packages/airflow/example_dags/example_python_decorator.py
[2025-02-10T03:11:58.985+0000] {processor.py:914} INFO - Processing file /home/airflow/.local/lib/python3.12/site-packages/airflow/example_dags/example_python_decorator.py for tasks to queue
[2025-02-10T03:11:58.997+0000] {logging_mixin.py:190} INFO - [2025-02-10T03:11:58.995+0000] {dagbag.py:588} INFO - Filling up the DagBag from /home/airflow/.local/lib/python3.12/site-packages/airflow/example_dags/example_python_decorator.py
[2025-02-10T03:11:59.020+0000] {processor.py:925} INFO - DAG(s) 'example_python_decorator' retrieved from /home/airflow/.local/lib/python3.12/site-packages/airflow/example_dags/example_python_decorator.py
[2025-02-10T03:11:59.039+0000] {logging_mixin.py:190} INFO - [2025-02-10T03:11:59.039+0000] {dag.py:3239} INFO - Sync 1 DAGs
[2025-02-10T03:11:59.054+0000] {logging_mixin.py:190} INFO - [2025-02-10T03:11:59.053+0000] {dag.py:4180} INFO - Setting next_dagrun for example_python_decorator to None, run_after=None
[2025-02-10T03:11:59.077+0000] {processor.py:208} INFO - Processing /home/airflow/.local/lib/python3.12/site-packages/airflow/example_dags/example_python_decorator.py took 0.107 seconds
[2025-02-10T03:12:30.050+0000] {processor.py:186} INFO - Started process (PID=2165) to work on /home/airflow/.local/lib/python3.12/site-packages/airflow/example_dags/example_python_decorator.py
[2025-02-10T03:12:30.053+0000] {processor.py:914} INFO - Processing file /home/airflow/.local/lib/python3.12/site-packages/airflow/example_dags/example_python_decorator.py for tasks to queue
[2025-02-10T03:12:30.055+0000] {logging_mixin.py:190} INFO - [2025-02-10T03:12:30.055+0000] {dagbag.py:588} INFO - Filling up the DagBag from /home/airflow/.local/lib/python3.12/site-packages/airflow/example_dags/example_python_decorator.py
[2025-02-10T03:12:30.074+0000] {processor.py:925} INFO - DAG(s) 'example_python_decorator' retrieved from /home/airflow/.local/lib/python3.12/site-packages/airflow/example_dags/example_python_decorator.py
[2025-02-10T03:12:30.098+0000] {logging_mixin.py:190} INFO - [2025-02-10T03:12:30.097+0000] {dag.py:3239} INFO - Sync 1 DAGs
[2025-02-10T03:12:30.107+0000] {logging_mixin.py:190} INFO - [2025-02-10T03:12:30.107+0000] {dag.py:4180} INFO - Setting next_dagrun for example_python_decorator to None, run_after=None
[2025-02-10T03:12:30.126+0000] {processor.py:208} INFO - Processing /home/airflow/.local/lib/python3.12/site-packages/airflow/example_dags/example_python_decorator.py took 0.093 seconds
[2025-02-10T03:13:01.106+0000] {processor.py:186} INFO - Started process (PID=2229) to work on /home/airflow/.local/lib/python3.12/site-packages/airflow/example_dags/example_python_decorator.py
[2025-02-10T03:13:01.109+0000] {processor.py:914} INFO - Processing file /home/airflow/.local/lib/python3.12/site-packages/airflow/example_dags/example_python_decorator.py for tasks to queue
[2025-02-10T03:13:01.112+0000] {logging_mixin.py:190} INFO - [2025-02-10T03:13:01.112+0000] {dagbag.py:588} INFO - Filling up the DagBag from /home/airflow/.local/lib/python3.12/site-packages/airflow/example_dags/example_python_decorator.py
[2025-02-10T03:13:01.133+0000] {processor.py:925} INFO - DAG(s) 'example_python_decorator' retrieved from /home/airflow/.local/lib/python3.12/site-packages/airflow/example_dags/example_python_decorator.py
[2025-02-10T03:13:01.153+0000] {logging_mixin.py:190} INFO - [2025-02-10T03:13:01.152+0000] {dag.py:3239} INFO - Sync 1 DAGs
[2025-02-10T03:13:01.164+0000] {logging_mixin.py:190} INFO - [2025-02-10T03:13:01.164+0000] {dag.py:4180} INFO - Setting next_dagrun for example_python_decorator to None, run_after=None
[2025-02-10T03:13:01.176+0000] {processor.py:208} INFO - Processing /home/airflow/.local/lib/python3.12/site-packages/airflow/example_dags/example_python_decorator.py took 0.078 seconds
[2025-02-10T03:13:32.214+0000] {processor.py:186} INFO - Started process (PID=2293) to work on /home/airflow/.local/lib/python3.12/site-packages/airflow/example_dags/example_python_decorator.py
[2025-02-10T03:13:32.221+0000] {processor.py:914} INFO - Processing file /home/airflow/.local/lib/python3.12/site-packages/airflow/example_dags/example_python_decorator.py for tasks to queue
[2025-02-10T03:13:32.230+0000] {logging_mixin.py:190} INFO - [2025-02-10T03:13:32.230+0000] {dagbag.py:588} INFO - Filling up the DagBag from /home/airflow/.local/lib/python3.12/site-packages/airflow/example_dags/example_python_decorator.py
[2025-02-10T03:13:32.250+0000] {processor.py:925} INFO - DAG(s) 'example_python_decorator' retrieved from /home/airflow/.local/lib/python3.12/site-packages/airflow/example_dags/example_python_decorator.py
[2025-02-10T03:13:32.270+0000] {logging_mixin.py:190} INFO - [2025-02-10T03:13:32.270+0000] {dag.py:3239} INFO - Sync 1 DAGs
[2025-02-10T03:13:32.282+0000] {logging_mixin.py:190} INFO - [2025-02-10T03:13:32.282+0000] {dag.py:4180} INFO - Setting next_dagrun for example_python_decorator to None, run_after=None
[2025-02-10T03:13:32.301+0000] {processor.py:208} INFO - Processing /home/airflow/.local/lib/python3.12/site-packages/airflow/example_dags/example_python_decorator.py took 0.104 seconds
[2025-02-10T03:14:02.965+0000] {processor.py:186} INFO - Started process (PID=2357) to work on /home/airflow/.local/lib/python3.12/site-packages/airflow/example_dags/example_python_decorator.py
[2025-02-10T03:14:02.968+0000] {processor.py:914} INFO - Processing file /home/airflow/.local/lib/python3.12/site-packages/airflow/example_dags/example_python_decorator.py for tasks to queue
[2025-02-10T03:14:02.972+0000] {logging_mixin.py:190} INFO - [2025-02-10T03:14:02.972+0000] {dagbag.py:588} INFO - Filling up the DagBag from /home/airflow/.local/lib/python3.12/site-packages/airflow/example_dags/example_python_decorator.py
[2025-02-10T03:14:02.999+0000] {processor.py:925} INFO - DAG(s) 'example_python_decorator' retrieved from /home/airflow/.local/lib/python3.12/site-packages/airflow/example_dags/example_python_decorator.py
[2025-02-10T03:14:03.022+0000] {logging_mixin.py:190} INFO - [2025-02-10T03:14:03.022+0000] {dag.py:3239} INFO - Sync 1 DAGs
[2025-02-10T03:14:03.038+0000] {logging_mixin.py:190} INFO - [2025-02-10T03:14:03.038+0000] {dag.py:4180} INFO - Setting next_dagrun for example_python_decorator to None, run_after=None
[2025-02-10T03:14:03.055+0000] {processor.py:208} INFO - Processing /home/airflow/.local/lib/python3.12/site-packages/airflow/example_dags/example_python_decorator.py took 0.119 seconds
[2025-02-10T03:14:33.776+0000] {processor.py:186} INFO - Started process (PID=2421) to work on /home/airflow/.local/lib/python3.12/site-packages/airflow/example_dags/example_python_decorator.py
[2025-02-10T03:14:33.780+0000] {processor.py:914} INFO - Processing file /home/airflow/.local/lib/python3.12/site-packages/airflow/example_dags/example_python_decorator.py for tasks to queue
[2025-02-10T03:14:33.782+0000] {logging_mixin.py:190} INFO - [2025-02-10T03:14:33.782+0000] {dagbag.py:588} INFO - Filling up the DagBag from /home/airflow/.local/lib/python3.12/site-packages/airflow/example_dags/example_python_decorator.py
[2025-02-10T03:14:33.796+0000] {processor.py:925} INFO - DAG(s) 'example_python_decorator' retrieved from /home/airflow/.local/lib/python3.12/site-packages/airflow/example_dags/example_python_decorator.py
[2025-02-10T03:14:33.829+0000] {logging_mixin.py:190} INFO - [2025-02-10T03:14:33.829+0000] {dag.py:3239} INFO - Sync 1 DAGs
[2025-02-10T03:14:33.843+0000] {logging_mixin.py:190} INFO - [2025-02-10T03:14:33.843+0000] {dag.py:4180} INFO - Setting next_dagrun for example_python_decorator to None, run_after=None
[2025-02-10T03:14:33.858+0000] {processor.py:208} INFO - Processing /home/airflow/.local/lib/python3.12/site-packages/airflow/example_dags/example_python_decorator.py took 0.092 seconds
[2025-02-10T03:15:04.539+0000] {processor.py:186} INFO - Started process (PID=2485) to work on /home/airflow/.local/lib/python3.12/site-packages/airflow/example_dags/example_python_decorator.py
[2025-02-10T03:15:04.541+0000] {processor.py:914} INFO - Processing file /home/airflow/.local/lib/python3.12/site-packages/airflow/example_dags/example_python_decorator.py for tasks to queue
[2025-02-10T03:15:04.546+0000] {logging_mixin.py:190} INFO - [2025-02-10T03:15:04.545+0000] {dagbag.py:588} INFO - Filling up the DagBag from /home/airflow/.local/lib/python3.12/site-packages/airflow/example_dags/example_python_decorator.py
[2025-02-10T03:15:04.570+0000] {processor.py:925} INFO - DAG(s) 'example_python_decorator' retrieved from /home/airflow/.local/lib/python3.12/site-packages/airflow/example_dags/example_python_decorator.py
[2025-02-10T03:15:04.593+0000] {logging_mixin.py:190} INFO - [2025-02-10T03:15:04.593+0000] {dag.py:3239} INFO - Sync 1 DAGs
[2025-02-10T03:15:04.607+0000] {logging_mixin.py:190} INFO - [2025-02-10T03:15:04.607+0000] {dag.py:4180} INFO - Setting next_dagrun for example_python_decorator to None, run_after=None
[2025-02-10T03:15:04.632+0000] {processor.py:208} INFO - Processing /home/airflow/.local/lib/python3.12/site-packages/airflow/example_dags/example_python_decorator.py took 0.118 seconds
[2025-02-10T03:15:35.228+0000] {processor.py:186} INFO - Started process (PID=2548) to work on /home/airflow/.local/lib/python3.12/site-packages/airflow/example_dags/example_python_decorator.py
[2025-02-10T03:15:35.232+0000] {processor.py:914} INFO - Processing file /home/airflow/.local/lib/python3.12/site-packages/airflow/example_dags/example_python_decorator.py for tasks to queue
[2025-02-10T03:15:35.240+0000] {logging_mixin.py:190} INFO - [2025-02-10T03:15:35.240+0000] {dagbag.py:588} INFO - Filling up the DagBag from /home/airflow/.local/lib/python3.12/site-packages/airflow/example_dags/example_python_decorator.py
[2025-02-10T03:15:35.257+0000] {processor.py:925} INFO - DAG(s) 'example_python_decorator' retrieved from /home/airflow/.local/lib/python3.12/site-packages/airflow/example_dags/example_python_decorator.py
[2025-02-10T03:15:35.277+0000] {logging_mixin.py:190} INFO - [2025-02-10T03:15:35.277+0000] {dag.py:3239} INFO - Sync 1 DAGs
[2025-02-10T03:15:35.295+0000] {logging_mixin.py:190} INFO - [2025-02-10T03:15:35.294+0000] {dag.py:4180} INFO - Setting next_dagrun for example_python_decorator to None, run_after=None
[2025-02-10T03:15:35.310+0000] {processor.py:208} INFO - Processing /home/airflow/.local/lib/python3.12/site-packages/airflow/example_dags/example_python_decorator.py took 0.103 seconds
