[2025-02-10T02:55:44.388+0000] {processor.py:186} INFO - Started process (PID=59) to work on /home/airflow/.local/lib/python3.12/site-packages/airflow/example_dags/example_branch_labels.py
[2025-02-10T02:55:44.393+0000] {processor.py:914} INFO - Processing file /home/airflow/.local/lib/python3.12/site-packages/airflow/example_dags/example_branch_labels.py for tasks to queue
[2025-02-10T02:55:44.400+0000] {logging_mixin.py:190} INFO - [2025-02-10T02:55:44.400+0000] {dagbag.py:588} INFO - Filling up the DagBag from /home/airflow/.local/lib/python3.12/site-packages/airflow/example_dags/example_branch_labels.py
[2025-02-10T02:55:44.428+0000] {processor.py:925} INFO - DAG(s) 'example_branch_labels' retrieved from /home/airflow/.local/lib/python3.12/site-packages/airflow/example_dags/example_branch_labels.py
[2025-02-10T02:55:44.561+0000] {logging_mixin.py:190} INFO - [2025-02-10T02:55:44.561+0000] {override.py:1911} INFO - Created Permission View: can read on DAG:example_branch_labels
[2025-02-10T02:55:44.565+0000] {logging_mixin.py:190} INFO - [2025-02-10T02:55:44.565+0000] {override.py:1911} INFO - Created Permission View: can edit on DAG:example_branch_labels
[2025-02-10T02:55:44.568+0000] {logging_mixin.py:190} INFO - [2025-02-10T02:55:44.568+0000] {override.py:1911} INFO - Created Permission View: can delete on DAG:example_branch_labels
[2025-02-10T02:55:44.570+0000] {logging_mixin.py:190} INFO - [2025-02-10T02:55:44.570+0000] {override.py:1911} INFO - Created Permission View: can read on DAG Run:example_branch_labels
[2025-02-10T02:55:44.572+0000] {logging_mixin.py:190} INFO - [2025-02-10T02:55:44.572+0000] {override.py:1911} INFO - Created Permission View: can delete on DAG Run:example_branch_labels
[2025-02-10T02:55:44.575+0000] {logging_mixin.py:190} INFO - [2025-02-10T02:55:44.574+0000] {override.py:1911} INFO - Created Permission View: menu access on DAG Run:example_branch_labels
[2025-02-10T02:55:44.577+0000] {logging_mixin.py:190} INFO - [2025-02-10T02:55:44.577+0000] {override.py:1911} INFO - Created Permission View: can create on DAG Run:example_branch_labels
[2025-02-10T02:55:44.577+0000] {logging_mixin.py:190} INFO - [2025-02-10T02:55:44.577+0000] {dag.py:3239} INFO - Sync 1 DAGs
[2025-02-10T02:55:44.586+0000] {logging_mixin.py:190} INFO - [2025-02-10T02:55:44.586+0000] {dag.py:3262} INFO - Creating ORM DAG for example_branch_labels
[2025-02-10T02:55:44.596+0000] {logging_mixin.py:190} INFO - [2025-02-10T02:55:44.595+0000] {dag.py:4180} INFO - Setting next_dagrun for example_branch_labels to 2025-02-09 00:00:00+00:00, run_after=2025-02-10 00:00:00+00:00
[2025-02-10T02:55:44.607+0000] {processor.py:208} INFO - Processing /home/airflow/.local/lib/python3.12/site-packages/airflow/example_dags/example_branch_labels.py took 0.229 seconds
[2025-02-10T02:56:15.384+0000] {processor.py:186} INFO - Started process (PID=123) to work on /home/airflow/.local/lib/python3.12/site-packages/airflow/example_dags/example_branch_labels.py
[2025-02-10T02:56:15.385+0000] {processor.py:914} INFO - Processing file /home/airflow/.local/lib/python3.12/site-packages/airflow/example_dags/example_branch_labels.py for tasks to queue
[2025-02-10T02:56:15.387+0000] {logging_mixin.py:190} INFO - [2025-02-10T02:56:15.387+0000] {dagbag.py:588} INFO - Filling up the DagBag from /home/airflow/.local/lib/python3.12/site-packages/airflow/example_dags/example_branch_labels.py
[2025-02-10T02:56:15.393+0000] {processor.py:925} INFO - DAG(s) 'example_branch_labels' retrieved from /home/airflow/.local/lib/python3.12/site-packages/airflow/example_dags/example_branch_labels.py
[2025-02-10T02:56:15.405+0000] {logging_mixin.py:190} INFO - [2025-02-10T02:56:15.404+0000] {dag.py:3239} INFO - Sync 1 DAGs
[2025-02-10T02:56:15.418+0000] {logging_mixin.py:190} INFO - [2025-02-10T02:56:15.418+0000] {dag.py:4180} INFO - Setting next_dagrun for example_branch_labels to 2025-02-09 00:00:00+00:00, run_after=2025-02-10 00:00:00+00:00
[2025-02-10T02:56:15.426+0000] {processor.py:208} INFO - Processing /home/airflow/.local/lib/python3.12/site-packages/airflow/example_dags/example_branch_labels.py took 0.046 seconds
[2025-02-10T02:56:46.091+0000] {processor.py:186} INFO - Started process (PID=186) to work on /home/airflow/.local/lib/python3.12/site-packages/airflow/example_dags/example_branch_labels.py
[2025-02-10T02:56:46.094+0000] {processor.py:914} INFO - Processing file /home/airflow/.local/lib/python3.12/site-packages/airflow/example_dags/example_branch_labels.py for tasks to queue
[2025-02-10T02:56:46.098+0000] {logging_mixin.py:190} INFO - [2025-02-10T02:56:46.098+0000] {dagbag.py:588} INFO - Filling up the DagBag from /home/airflow/.local/lib/python3.12/site-packages/airflow/example_dags/example_branch_labels.py
[2025-02-10T02:56:46.107+0000] {processor.py:925} INFO - DAG(s) 'example_branch_labels' retrieved from /home/airflow/.local/lib/python3.12/site-packages/airflow/example_dags/example_branch_labels.py
[2025-02-10T02:56:46.125+0000] {logging_mixin.py:190} INFO - [2025-02-10T02:56:46.125+0000] {dag.py:3239} INFO - Sync 1 DAGs
[2025-02-10T02:56:46.152+0000] {logging_mixin.py:190} INFO - [2025-02-10T02:56:46.151+0000] {dag.py:4180} INFO - Setting next_dagrun for example_branch_labels to 2025-02-09 00:00:00+00:00, run_after=2025-02-10 00:00:00+00:00
[2025-02-10T02:56:46.161+0000] {processor.py:208} INFO - Processing /home/airflow/.local/lib/python3.12/site-packages/airflow/example_dags/example_branch_labels.py took 0.074 seconds
[2025-02-10T02:57:16.926+0000] {processor.py:186} INFO - Started process (PID=249) to work on /home/airflow/.local/lib/python3.12/site-packages/airflow/example_dags/example_branch_labels.py
[2025-02-10T02:57:16.928+0000] {processor.py:914} INFO - Processing file /home/airflow/.local/lib/python3.12/site-packages/airflow/example_dags/example_branch_labels.py for tasks to queue
[2025-02-10T02:57:16.932+0000] {logging_mixin.py:190} INFO - [2025-02-10T02:57:16.932+0000] {dagbag.py:588} INFO - Filling up the DagBag from /home/airflow/.local/lib/python3.12/site-packages/airflow/example_dags/example_branch_labels.py
[2025-02-10T02:57:16.948+0000] {processor.py:925} INFO - DAG(s) 'example_branch_labels' retrieved from /home/airflow/.local/lib/python3.12/site-packages/airflow/example_dags/example_branch_labels.py
[2025-02-10T02:57:16.969+0000] {logging_mixin.py:190} INFO - [2025-02-10T02:57:16.969+0000] {dag.py:3239} INFO - Sync 1 DAGs
[2025-02-10T02:57:16.996+0000] {logging_mixin.py:190} INFO - [2025-02-10T02:57:16.996+0000] {dag.py:4180} INFO - Setting next_dagrun for example_branch_labels to 2025-02-09 00:00:00+00:00, run_after=2025-02-10 00:00:00+00:00
[2025-02-10T02:57:17.012+0000] {processor.py:208} INFO - Processing /home/airflow/.local/lib/python3.12/site-packages/airflow/example_dags/example_branch_labels.py took 0.095 seconds
[2025-02-10T02:57:47.930+0000] {processor.py:186} INFO - Started process (PID=313) to work on /home/airflow/.local/lib/python3.12/site-packages/airflow/example_dags/example_branch_labels.py
[2025-02-10T02:57:47.931+0000] {processor.py:914} INFO - Processing file /home/airflow/.local/lib/python3.12/site-packages/airflow/example_dags/example_branch_labels.py for tasks to queue
[2025-02-10T02:57:47.933+0000] {logging_mixin.py:190} INFO - [2025-02-10T02:57:47.933+0000] {dagbag.py:588} INFO - Filling up the DagBag from /home/airflow/.local/lib/python3.12/site-packages/airflow/example_dags/example_branch_labels.py
[2025-02-10T02:57:47.945+0000] {processor.py:925} INFO - DAG(s) 'example_branch_labels' retrieved from /home/airflow/.local/lib/python3.12/site-packages/airflow/example_dags/example_branch_labels.py
[2025-02-10T02:57:47.958+0000] {logging_mixin.py:190} INFO - [2025-02-10T02:57:47.958+0000] {dag.py:3239} INFO - Sync 1 DAGs
[2025-02-10T02:57:47.970+0000] {logging_mixin.py:190} INFO - [2025-02-10T02:57:47.970+0000] {dag.py:4180} INFO - Setting next_dagrun for example_branch_labels to 2025-02-09 00:00:00+00:00, run_after=2025-02-10 00:00:00+00:00
[2025-02-10T02:57:47.982+0000] {processor.py:208} INFO - Processing /home/airflow/.local/lib/python3.12/site-packages/airflow/example_dags/example_branch_labels.py took 0.057 seconds
[2025-02-10T02:58:18.692+0000] {processor.py:186} INFO - Started process (PID=377) to work on /home/airflow/.local/lib/python3.12/site-packages/airflow/example_dags/example_branch_labels.py
[2025-02-10T02:58:18.698+0000] {processor.py:914} INFO - Processing file /home/airflow/.local/lib/python3.12/site-packages/airflow/example_dags/example_branch_labels.py for tasks to queue
[2025-02-10T02:58:18.700+0000] {logging_mixin.py:190} INFO - [2025-02-10T02:58:18.700+0000] {dagbag.py:588} INFO - Filling up the DagBag from /home/airflow/.local/lib/python3.12/site-packages/airflow/example_dags/example_branch_labels.py
[2025-02-10T02:58:18.709+0000] {processor.py:925} INFO - DAG(s) 'example_branch_labels' retrieved from /home/airflow/.local/lib/python3.12/site-packages/airflow/example_dags/example_branch_labels.py
[2025-02-10T02:58:18.730+0000] {logging_mixin.py:190} INFO - [2025-02-10T02:58:18.730+0000] {dag.py:3239} INFO - Sync 1 DAGs
[2025-02-10T02:58:18.764+0000] {logging_mixin.py:190} INFO - [2025-02-10T02:58:18.764+0000] {dag.py:4180} INFO - Setting next_dagrun for example_branch_labels to 2025-02-09 00:00:00+00:00, run_after=2025-02-10 00:00:00+00:00
[2025-02-10T02:58:18.779+0000] {processor.py:208} INFO - Processing /home/airflow/.local/lib/python3.12/site-packages/airflow/example_dags/example_branch_labels.py took 0.094 seconds
[2025-02-10T02:58:48.870+0000] {processor.py:186} INFO - Started process (PID=441) to work on /home/airflow/.local/lib/python3.12/site-packages/airflow/example_dags/example_branch_labels.py
[2025-02-10T02:58:48.873+0000] {processor.py:914} INFO - Processing file /home/airflow/.local/lib/python3.12/site-packages/airflow/example_dags/example_branch_labels.py for tasks to queue
[2025-02-10T02:58:48.877+0000] {logging_mixin.py:190} INFO - [2025-02-10T02:58:48.876+0000] {dagbag.py:588} INFO - Filling up the DagBag from /home/airflow/.local/lib/python3.12/site-packages/airflow/example_dags/example_branch_labels.py
[2025-02-10T02:58:48.887+0000] {processor.py:925} INFO - DAG(s) 'example_branch_labels' retrieved from /home/airflow/.local/lib/python3.12/site-packages/airflow/example_dags/example_branch_labels.py
[2025-02-10T02:58:48.903+0000] {logging_mixin.py:190} INFO - [2025-02-10T02:58:48.902+0000] {dag.py:3239} INFO - Sync 1 DAGs
[2025-02-10T02:58:48.919+0000] {logging_mixin.py:190} INFO - [2025-02-10T02:58:48.919+0000] {dag.py:4180} INFO - Setting next_dagrun for example_branch_labels to 2025-02-09 00:00:00+00:00, run_after=2025-02-10 00:00:00+00:00
[2025-02-10T02:58:48.929+0000] {processor.py:208} INFO - Processing /home/airflow/.local/lib/python3.12/site-packages/airflow/example_dags/example_branch_labels.py took 0.068 seconds
[2025-02-10T02:59:19.085+0000] {processor.py:186} INFO - Started process (PID=505) to work on /home/airflow/.local/lib/python3.12/site-packages/airflow/example_dags/example_branch_labels.py
[2025-02-10T02:59:19.087+0000] {processor.py:914} INFO - Processing file /home/airflow/.local/lib/python3.12/site-packages/airflow/example_dags/example_branch_labels.py for tasks to queue
[2025-02-10T02:59:19.090+0000] {logging_mixin.py:190} INFO - [2025-02-10T02:59:19.090+0000] {dagbag.py:588} INFO - Filling up the DagBag from /home/airflow/.local/lib/python3.12/site-packages/airflow/example_dags/example_branch_labels.py
[2025-02-10T02:59:19.097+0000] {processor.py:925} INFO - DAG(s) 'example_branch_labels' retrieved from /home/airflow/.local/lib/python3.12/site-packages/airflow/example_dags/example_branch_labels.py
[2025-02-10T02:59:19.110+0000] {logging_mixin.py:190} INFO - [2025-02-10T02:59:19.110+0000] {dag.py:3239} INFO - Sync 1 DAGs
[2025-02-10T02:59:19.129+0000] {logging_mixin.py:190} INFO - [2025-02-10T02:59:19.129+0000] {dag.py:4180} INFO - Setting next_dagrun for example_branch_labels to 2025-02-09 00:00:00+00:00, run_after=2025-02-10 00:00:00+00:00
[2025-02-10T02:59:19.139+0000] {processor.py:208} INFO - Processing /home/airflow/.local/lib/python3.12/site-packages/airflow/example_dags/example_branch_labels.py took 0.058 seconds
[2025-02-10T02:59:49.362+0000] {processor.py:186} INFO - Started process (PID=569) to work on /home/airflow/.local/lib/python3.12/site-packages/airflow/example_dags/example_branch_labels.py
[2025-02-10T02:59:49.366+0000] {processor.py:914} INFO - Processing file /home/airflow/.local/lib/python3.12/site-packages/airflow/example_dags/example_branch_labels.py for tasks to queue
[2025-02-10T02:59:49.371+0000] {logging_mixin.py:190} INFO - [2025-02-10T02:59:49.370+0000] {dagbag.py:588} INFO - Filling up the DagBag from /home/airflow/.local/lib/python3.12/site-packages/airflow/example_dags/example_branch_labels.py
[2025-02-10T02:59:49.392+0000] {processor.py:925} INFO - DAG(s) 'example_branch_labels' retrieved from /home/airflow/.local/lib/python3.12/site-packages/airflow/example_dags/example_branch_labels.py
[2025-02-10T02:59:49.408+0000] {logging_mixin.py:190} INFO - [2025-02-10T02:59:49.408+0000] {dag.py:3239} INFO - Sync 1 DAGs
[2025-02-10T02:59:49.424+0000] {logging_mixin.py:190} INFO - [2025-02-10T02:59:49.424+0000] {dag.py:4180} INFO - Setting next_dagrun for example_branch_labels to 2025-02-09 00:00:00+00:00, run_after=2025-02-10 00:00:00+00:00
[2025-02-10T02:59:49.436+0000] {processor.py:208} INFO - Processing /home/airflow/.local/lib/python3.12/site-packages/airflow/example_dags/example_branch_labels.py took 0.079 seconds
[2025-02-10T03:00:19.589+0000] {processor.py:186} INFO - Started process (PID=633) to work on /home/airflow/.local/lib/python3.12/site-packages/airflow/example_dags/example_branch_labels.py
[2025-02-10T03:00:19.595+0000] {processor.py:914} INFO - Processing file /home/airflow/.local/lib/python3.12/site-packages/airflow/example_dags/example_branch_labels.py for tasks to queue
[2025-02-10T03:00:19.606+0000] {logging_mixin.py:190} INFO - [2025-02-10T03:00:19.605+0000] {dagbag.py:588} INFO - Filling up the DagBag from /home/airflow/.local/lib/python3.12/site-packages/airflow/example_dags/example_branch_labels.py
[2025-02-10T03:00:19.618+0000] {processor.py:925} INFO - DAG(s) 'example_branch_labels' retrieved from /home/airflow/.local/lib/python3.12/site-packages/airflow/example_dags/example_branch_labels.py
[2025-02-10T03:00:19.635+0000] {logging_mixin.py:190} INFO - [2025-02-10T03:00:19.635+0000] {dag.py:3239} INFO - Sync 1 DAGs
[2025-02-10T03:00:19.651+0000] {logging_mixin.py:190} INFO - [2025-02-10T03:00:19.651+0000] {dag.py:4180} INFO - Setting next_dagrun for example_branch_labels to 2025-02-09 00:00:00+00:00, run_after=2025-02-10 00:00:00+00:00
[2025-02-10T03:00:19.664+0000] {processor.py:208} INFO - Processing /home/airflow/.local/lib/python3.12/site-packages/airflow/example_dags/example_branch_labels.py took 0.083 seconds
[2025-02-10T03:00:50.151+0000] {processor.py:186} INFO - Started process (PID=697) to work on /home/airflow/.local/lib/python3.12/site-packages/airflow/example_dags/example_branch_labels.py
[2025-02-10T03:00:50.152+0000] {processor.py:914} INFO - Processing file /home/airflow/.local/lib/python3.12/site-packages/airflow/example_dags/example_branch_labels.py for tasks to queue
[2025-02-10T03:00:50.159+0000] {logging_mixin.py:190} INFO - [2025-02-10T03:00:50.158+0000] {dagbag.py:588} INFO - Filling up the DagBag from /home/airflow/.local/lib/python3.12/site-packages/airflow/example_dags/example_branch_labels.py
[2025-02-10T03:00:50.174+0000] {processor.py:925} INFO - DAG(s) 'example_branch_labels' retrieved from /home/airflow/.local/lib/python3.12/site-packages/airflow/example_dags/example_branch_labels.py
[2025-02-10T03:00:50.194+0000] {logging_mixin.py:190} INFO - [2025-02-10T03:00:50.194+0000] {dag.py:3239} INFO - Sync 1 DAGs
[2025-02-10T03:00:50.215+0000] {logging_mixin.py:190} INFO - [2025-02-10T03:00:50.215+0000] {dag.py:4180} INFO - Setting next_dagrun for example_branch_labels to 2025-02-09 00:00:00+00:00, run_after=2025-02-10 00:00:00+00:00
[2025-02-10T03:00:50.231+0000] {processor.py:208} INFO - Processing /home/airflow/.local/lib/python3.12/site-packages/airflow/example_dags/example_branch_labels.py took 0.087 seconds
[2025-02-10T03:01:20.309+0000] {processor.py:186} INFO - Started process (PID=761) to work on /home/airflow/.local/lib/python3.12/site-packages/airflow/example_dags/example_branch_labels.py
[2025-02-10T03:01:20.311+0000] {processor.py:914} INFO - Processing file /home/airflow/.local/lib/python3.12/site-packages/airflow/example_dags/example_branch_labels.py for tasks to queue
[2025-02-10T03:01:20.313+0000] {logging_mixin.py:190} INFO - [2025-02-10T03:01:20.313+0000] {dagbag.py:588} INFO - Filling up the DagBag from /home/airflow/.local/lib/python3.12/site-packages/airflow/example_dags/example_branch_labels.py
[2025-02-10T03:01:20.322+0000] {processor.py:925} INFO - DAG(s) 'example_branch_labels' retrieved from /home/airflow/.local/lib/python3.12/site-packages/airflow/example_dags/example_branch_labels.py
[2025-02-10T03:01:20.343+0000] {logging_mixin.py:190} INFO - [2025-02-10T03:01:20.343+0000] {dag.py:3239} INFO - Sync 1 DAGs
[2025-02-10T03:01:20.366+0000] {logging_mixin.py:190} INFO - [2025-02-10T03:01:20.365+0000] {dag.py:4180} INFO - Setting next_dagrun for example_branch_labels to 2025-02-09 00:00:00+00:00, run_after=2025-02-10 00:00:00+00:00
[2025-02-10T03:01:20.377+0000] {processor.py:208} INFO - Processing /home/airflow/.local/lib/python3.12/site-packages/airflow/example_dags/example_branch_labels.py took 0.073 seconds
[2025-02-10T03:01:50.465+0000] {processor.py:186} INFO - Started process (PID=825) to work on /home/airflow/.local/lib/python3.12/site-packages/airflow/example_dags/example_branch_labels.py
[2025-02-10T03:01:50.466+0000] {processor.py:914} INFO - Processing file /home/airflow/.local/lib/python3.12/site-packages/airflow/example_dags/example_branch_labels.py for tasks to queue
[2025-02-10T03:01:50.470+0000] {logging_mixin.py:190} INFO - [2025-02-10T03:01:50.470+0000] {dagbag.py:588} INFO - Filling up the DagBag from /home/airflow/.local/lib/python3.12/site-packages/airflow/example_dags/example_branch_labels.py
[2025-02-10T03:01:50.477+0000] {processor.py:925} INFO - DAG(s) 'example_branch_labels' retrieved from /home/airflow/.local/lib/python3.12/site-packages/airflow/example_dags/example_branch_labels.py
[2025-02-10T03:01:50.493+0000] {logging_mixin.py:190} INFO - [2025-02-10T03:01:50.493+0000] {dag.py:3239} INFO - Sync 1 DAGs
[2025-02-10T03:01:50.507+0000] {logging_mixin.py:190} INFO - [2025-02-10T03:01:50.507+0000] {dag.py:4180} INFO - Setting next_dagrun for example_branch_labels to 2025-02-09 00:00:00+00:00, run_after=2025-02-10 00:00:00+00:00
[2025-02-10T03:01:50.519+0000] {processor.py:208} INFO - Processing /home/airflow/.local/lib/python3.12/site-packages/airflow/example_dags/example_branch_labels.py took 0.062 seconds
[2025-02-10T03:02:20.802+0000] {processor.py:186} INFO - Started process (PID=889) to work on /home/airflow/.local/lib/python3.12/site-packages/airflow/example_dags/example_branch_labels.py
[2025-02-10T03:02:20.803+0000] {processor.py:914} INFO - Processing file /home/airflow/.local/lib/python3.12/site-packages/airflow/example_dags/example_branch_labels.py for tasks to queue
[2025-02-10T03:02:20.806+0000] {logging_mixin.py:190} INFO - [2025-02-10T03:02:20.806+0000] {dagbag.py:588} INFO - Filling up the DagBag from /home/airflow/.local/lib/python3.12/site-packages/airflow/example_dags/example_branch_labels.py
[2025-02-10T03:02:20.834+0000] {processor.py:925} INFO - DAG(s) 'example_branch_labels' retrieved from /home/airflow/.local/lib/python3.12/site-packages/airflow/example_dags/example_branch_labels.py
[2025-02-10T03:02:20.862+0000] {logging_mixin.py:190} INFO - [2025-02-10T03:02:20.862+0000] {dag.py:3239} INFO - Sync 1 DAGs
[2025-02-10T03:02:20.882+0000] {logging_mixin.py:190} INFO - [2025-02-10T03:02:20.881+0000] {dag.py:4180} INFO - Setting next_dagrun for example_branch_labels to 2025-02-09 00:00:00+00:00, run_after=2025-02-10 00:00:00+00:00
[2025-02-10T03:02:20.889+0000] {processor.py:208} INFO - Processing /home/airflow/.local/lib/python3.12/site-packages/airflow/example_dags/example_branch_labels.py took 0.093 seconds
[2025-02-10T03:02:51.167+0000] {processor.py:186} INFO - Started process (PID=953) to work on /home/airflow/.local/lib/python3.12/site-packages/airflow/example_dags/example_branch_labels.py
[2025-02-10T03:02:51.168+0000] {processor.py:914} INFO - Processing file /home/airflow/.local/lib/python3.12/site-packages/airflow/example_dags/example_branch_labels.py for tasks to queue
[2025-02-10T03:02:51.170+0000] {logging_mixin.py:190} INFO - [2025-02-10T03:02:51.170+0000] {dagbag.py:588} INFO - Filling up the DagBag from /home/airflow/.local/lib/python3.12/site-packages/airflow/example_dags/example_branch_labels.py
[2025-02-10T03:02:51.179+0000] {processor.py:925} INFO - DAG(s) 'example_branch_labels' retrieved from /home/airflow/.local/lib/python3.12/site-packages/airflow/example_dags/example_branch_labels.py
[2025-02-10T03:02:51.198+0000] {logging_mixin.py:190} INFO - [2025-02-10T03:02:51.197+0000] {dag.py:3239} INFO - Sync 1 DAGs
[2025-02-10T03:02:51.229+0000] {logging_mixin.py:190} INFO - [2025-02-10T03:02:51.229+0000] {dag.py:4180} INFO - Setting next_dagrun for example_branch_labels to 2025-02-09 00:00:00+00:00, run_after=2025-02-10 00:00:00+00:00
[2025-02-10T03:02:51.246+0000] {processor.py:208} INFO - Processing /home/airflow/.local/lib/python3.12/site-packages/airflow/example_dags/example_branch_labels.py took 0.083 seconds
[2025-02-10T03:03:21.586+0000] {processor.py:186} INFO - Started process (PID=1017) to work on /home/airflow/.local/lib/python3.12/site-packages/airflow/example_dags/example_branch_labels.py
[2025-02-10T03:03:21.590+0000] {processor.py:914} INFO - Processing file /home/airflow/.local/lib/python3.12/site-packages/airflow/example_dags/example_branch_labels.py for tasks to queue
[2025-02-10T03:03:21.592+0000] {logging_mixin.py:190} INFO - [2025-02-10T03:03:21.592+0000] {dagbag.py:588} INFO - Filling up the DagBag from /home/airflow/.local/lib/python3.12/site-packages/airflow/example_dags/example_branch_labels.py
[2025-02-10T03:03:21.600+0000] {processor.py:925} INFO - DAG(s) 'example_branch_labels' retrieved from /home/airflow/.local/lib/python3.12/site-packages/airflow/example_dags/example_branch_labels.py
[2025-02-10T03:03:21.612+0000] {logging_mixin.py:190} INFO - [2025-02-10T03:03:21.612+0000] {dag.py:3239} INFO - Sync 1 DAGs
[2025-02-10T03:03:21.629+0000] {logging_mixin.py:190} INFO - [2025-02-10T03:03:21.629+0000] {dag.py:4180} INFO - Setting next_dagrun for example_branch_labels to 2025-02-09 00:00:00+00:00, run_after=2025-02-10 00:00:00+00:00
[2025-02-10T03:03:21.638+0000] {processor.py:208} INFO - Processing /home/airflow/.local/lib/python3.12/site-packages/airflow/example_dags/example_branch_labels.py took 0.060 seconds
[2025-02-10T03:03:51.766+0000] {processor.py:186} INFO - Started process (PID=1081) to work on /home/airflow/.local/lib/python3.12/site-packages/airflow/example_dags/example_branch_labels.py
[2025-02-10T03:03:51.770+0000] {processor.py:914} INFO - Processing file /home/airflow/.local/lib/python3.12/site-packages/airflow/example_dags/example_branch_labels.py for tasks to queue
[2025-02-10T03:03:51.772+0000] {logging_mixin.py:190} INFO - [2025-02-10T03:03:51.771+0000] {dagbag.py:588} INFO - Filling up the DagBag from /home/airflow/.local/lib/python3.12/site-packages/airflow/example_dags/example_branch_labels.py
[2025-02-10T03:03:51.782+0000] {processor.py:925} INFO - DAG(s) 'example_branch_labels' retrieved from /home/airflow/.local/lib/python3.12/site-packages/airflow/example_dags/example_branch_labels.py
[2025-02-10T03:03:51.794+0000] {logging_mixin.py:190} INFO - [2025-02-10T03:03:51.794+0000] {dag.py:3239} INFO - Sync 1 DAGs
[2025-02-10T03:03:51.815+0000] {logging_mixin.py:190} INFO - [2025-02-10T03:03:51.815+0000] {dag.py:4180} INFO - Setting next_dagrun for example_branch_labels to 2025-02-09 00:00:00+00:00, run_after=2025-02-10 00:00:00+00:00
[2025-02-10T03:03:51.828+0000] {processor.py:208} INFO - Processing /home/airflow/.local/lib/python3.12/site-packages/airflow/example_dags/example_branch_labels.py took 0.067 seconds
[2025-02-10T03:04:22.314+0000] {processor.py:186} INFO - Started process (PID=1145) to work on /home/airflow/.local/lib/python3.12/site-packages/airflow/example_dags/example_branch_labels.py
[2025-02-10T03:04:22.316+0000] {processor.py:914} INFO - Processing file /home/airflow/.local/lib/python3.12/site-packages/airflow/example_dags/example_branch_labels.py for tasks to queue
[2025-02-10T03:04:22.317+0000] {logging_mixin.py:190} INFO - [2025-02-10T03:04:22.317+0000] {dagbag.py:588} INFO - Filling up the DagBag from /home/airflow/.local/lib/python3.12/site-packages/airflow/example_dags/example_branch_labels.py
[2025-02-10T03:04:22.329+0000] {processor.py:925} INFO - DAG(s) 'example_branch_labels' retrieved from /home/airflow/.local/lib/python3.12/site-packages/airflow/example_dags/example_branch_labels.py
[2025-02-10T03:04:22.356+0000] {logging_mixin.py:190} INFO - [2025-02-10T03:04:22.356+0000] {dag.py:3239} INFO - Sync 1 DAGs
[2025-02-10T03:04:22.375+0000] {logging_mixin.py:190} INFO - [2025-02-10T03:04:22.375+0000] {dag.py:4180} INFO - Setting next_dagrun for example_branch_labels to 2025-02-09 00:00:00+00:00, run_after=2025-02-10 00:00:00+00:00
[2025-02-10T03:04:22.386+0000] {processor.py:208} INFO - Processing /home/airflow/.local/lib/python3.12/site-packages/airflow/example_dags/example_branch_labels.py took 0.077 seconds
[2025-02-10T03:04:52.839+0000] {processor.py:186} INFO - Started process (PID=1209) to work on /home/airflow/.local/lib/python3.12/site-packages/airflow/example_dags/example_branch_labels.py
[2025-02-10T03:04:52.842+0000] {processor.py:914} INFO - Processing file /home/airflow/.local/lib/python3.12/site-packages/airflow/example_dags/example_branch_labels.py for tasks to queue
[2025-02-10T03:04:52.843+0000] {logging_mixin.py:190} INFO - [2025-02-10T03:04:52.843+0000] {dagbag.py:588} INFO - Filling up the DagBag from /home/airflow/.local/lib/python3.12/site-packages/airflow/example_dags/example_branch_labels.py
[2025-02-10T03:04:52.853+0000] {processor.py:925} INFO - DAG(s) 'example_branch_labels' retrieved from /home/airflow/.local/lib/python3.12/site-packages/airflow/example_dags/example_branch_labels.py
[2025-02-10T03:04:52.870+0000] {logging_mixin.py:190} INFO - [2025-02-10T03:04:52.870+0000] {dag.py:3239} INFO - Sync 1 DAGs
[2025-02-10T03:04:52.884+0000] {logging_mixin.py:190} INFO - [2025-02-10T03:04:52.884+0000] {dag.py:4180} INFO - Setting next_dagrun for example_branch_labels to 2025-02-09 00:00:00+00:00, run_after=2025-02-10 00:00:00+00:00
[2025-02-10T03:04:52.891+0000] {processor.py:208} INFO - Processing /home/airflow/.local/lib/python3.12/site-packages/airflow/example_dags/example_branch_labels.py took 0.063 seconds
[2025-02-10T03:05:23.016+0000] {processor.py:186} INFO - Started process (PID=1273) to work on /home/airflow/.local/lib/python3.12/site-packages/airflow/example_dags/example_branch_labels.py
[2025-02-10T03:05:23.018+0000] {processor.py:914} INFO - Processing file /home/airflow/.local/lib/python3.12/site-packages/airflow/example_dags/example_branch_labels.py for tasks to queue
[2025-02-10T03:05:23.021+0000] {logging_mixin.py:190} INFO - [2025-02-10T03:05:23.020+0000] {dagbag.py:588} INFO - Filling up the DagBag from /home/airflow/.local/lib/python3.12/site-packages/airflow/example_dags/example_branch_labels.py
[2025-02-10T03:05:23.028+0000] {processor.py:925} INFO - DAG(s) 'example_branch_labels' retrieved from /home/airflow/.local/lib/python3.12/site-packages/airflow/example_dags/example_branch_labels.py
[2025-02-10T03:05:23.041+0000] {logging_mixin.py:190} INFO - [2025-02-10T03:05:23.040+0000] {dag.py:3239} INFO - Sync 1 DAGs
[2025-02-10T03:05:23.052+0000] {logging_mixin.py:190} INFO - [2025-02-10T03:05:23.052+0000] {dag.py:4180} INFO - Setting next_dagrun for example_branch_labels to 2025-02-09 00:00:00+00:00, run_after=2025-02-10 00:00:00+00:00
[2025-02-10T03:05:23.065+0000] {processor.py:208} INFO - Processing /home/airflow/.local/lib/python3.12/site-packages/airflow/example_dags/example_branch_labels.py took 0.056 seconds
[2025-02-10T03:05:53.195+0000] {processor.py:186} INFO - Started process (PID=1337) to work on /home/airflow/.local/lib/python3.12/site-packages/airflow/example_dags/example_branch_labels.py
[2025-02-10T03:05:53.201+0000] {processor.py:914} INFO - Processing file /home/airflow/.local/lib/python3.12/site-packages/airflow/example_dags/example_branch_labels.py for tasks to queue
[2025-02-10T03:05:53.203+0000] {logging_mixin.py:190} INFO - [2025-02-10T03:05:53.202+0000] {dagbag.py:588} INFO - Filling up the DagBag from /home/airflow/.local/lib/python3.12/site-packages/airflow/example_dags/example_branch_labels.py
[2025-02-10T03:05:53.210+0000] {processor.py:925} INFO - DAG(s) 'example_branch_labels' retrieved from /home/airflow/.local/lib/python3.12/site-packages/airflow/example_dags/example_branch_labels.py
[2025-02-10T03:05:53.224+0000] {logging_mixin.py:190} INFO - [2025-02-10T03:05:53.224+0000] {dag.py:3239} INFO - Sync 1 DAGs
[2025-02-10T03:05:53.239+0000] {logging_mixin.py:190} INFO - [2025-02-10T03:05:53.238+0000] {dag.py:4180} INFO - Setting next_dagrun for example_branch_labels to 2025-02-09 00:00:00+00:00, run_after=2025-02-10 00:00:00+00:00
[2025-02-10T03:05:53.249+0000] {processor.py:208} INFO - Processing /home/airflow/.local/lib/python3.12/site-packages/airflow/example_dags/example_branch_labels.py took 0.064 seconds
[2025-02-10T03:06:23.551+0000] {processor.py:186} INFO - Started process (PID=1401) to work on /home/airflow/.local/lib/python3.12/site-packages/airflow/example_dags/example_branch_labels.py
[2025-02-10T03:06:23.556+0000] {processor.py:914} INFO - Processing file /home/airflow/.local/lib/python3.12/site-packages/airflow/example_dags/example_branch_labels.py for tasks to queue
[2025-02-10T03:06:23.558+0000] {logging_mixin.py:190} INFO - [2025-02-10T03:06:23.558+0000] {dagbag.py:588} INFO - Filling up the DagBag from /home/airflow/.local/lib/python3.12/site-packages/airflow/example_dags/example_branch_labels.py
[2025-02-10T03:06:23.566+0000] {processor.py:925} INFO - DAG(s) 'example_branch_labels' retrieved from /home/airflow/.local/lib/python3.12/site-packages/airflow/example_dags/example_branch_labels.py
[2025-02-10T03:06:23.580+0000] {logging_mixin.py:190} INFO - [2025-02-10T03:06:23.580+0000] {dag.py:3239} INFO - Sync 1 DAGs
[2025-02-10T03:06:23.594+0000] {logging_mixin.py:190} INFO - [2025-02-10T03:06:23.594+0000] {dag.py:4180} INFO - Setting next_dagrun for example_branch_labels to 2025-02-09 00:00:00+00:00, run_after=2025-02-10 00:00:00+00:00
[2025-02-10T03:06:23.603+0000] {processor.py:208} INFO - Processing /home/airflow/.local/lib/python3.12/site-packages/airflow/example_dags/example_branch_labels.py took 0.059 seconds
[2025-02-10T03:06:53.758+0000] {processor.py:186} INFO - Started process (PID=1465) to work on /home/airflow/.local/lib/python3.12/site-packages/airflow/example_dags/example_branch_labels.py
[2025-02-10T03:06:53.763+0000] {processor.py:914} INFO - Processing file /home/airflow/.local/lib/python3.12/site-packages/airflow/example_dags/example_branch_labels.py for tasks to queue
[2025-02-10T03:06:53.765+0000] {logging_mixin.py:190} INFO - [2025-02-10T03:06:53.765+0000] {dagbag.py:588} INFO - Filling up the DagBag from /home/airflow/.local/lib/python3.12/site-packages/airflow/example_dags/example_branch_labels.py
[2025-02-10T03:06:53.796+0000] {processor.py:925} INFO - DAG(s) 'example_branch_labels' retrieved from /home/airflow/.local/lib/python3.12/site-packages/airflow/example_dags/example_branch_labels.py
[2025-02-10T03:06:53.853+0000] {logging_mixin.py:190} INFO - [2025-02-10T03:06:53.853+0000] {dag.py:3239} INFO - Sync 1 DAGs
[2025-02-10T03:06:53.880+0000] {logging_mixin.py:190} INFO - [2025-02-10T03:06:53.880+0000] {dag.py:4180} INFO - Setting next_dagrun for example_branch_labels to 2025-02-09 00:00:00+00:00, run_after=2025-02-10 00:00:00+00:00
[2025-02-10T03:06:53.900+0000] {processor.py:208} INFO - Processing /home/airflow/.local/lib/python3.12/site-packages/airflow/example_dags/example_branch_labels.py took 0.150 seconds
[2025-02-10T03:07:24.888+0000] {processor.py:186} INFO - Started process (PID=1529) to work on /home/airflow/.local/lib/python3.12/site-packages/airflow/example_dags/example_branch_labels.py
[2025-02-10T03:07:24.889+0000] {processor.py:914} INFO - Processing file /home/airflow/.local/lib/python3.12/site-packages/airflow/example_dags/example_branch_labels.py for tasks to queue
[2025-02-10T03:07:24.897+0000] {logging_mixin.py:190} INFO - [2025-02-10T03:07:24.897+0000] {dagbag.py:588} INFO - Filling up the DagBag from /home/airflow/.local/lib/python3.12/site-packages/airflow/example_dags/example_branch_labels.py
[2025-02-10T03:07:24.921+0000] {processor.py:925} INFO - DAG(s) 'example_branch_labels' retrieved from /home/airflow/.local/lib/python3.12/site-packages/airflow/example_dags/example_branch_labels.py
[2025-02-10T03:07:24.954+0000] {logging_mixin.py:190} INFO - [2025-02-10T03:07:24.954+0000] {dag.py:3239} INFO - Sync 1 DAGs
[2025-02-10T03:07:24.994+0000] {logging_mixin.py:190} INFO - [2025-02-10T03:07:24.994+0000] {dag.py:4180} INFO - Setting next_dagrun for example_branch_labels to 2025-02-09 00:00:00+00:00, run_after=2025-02-10 00:00:00+00:00
[2025-02-10T03:07:25.011+0000] {processor.py:208} INFO - Processing /home/airflow/.local/lib/python3.12/site-packages/airflow/example_dags/example_branch_labels.py took 0.129 seconds
[2025-02-10T03:07:55.452+0000] {processor.py:186} INFO - Started process (PID=1593) to work on /home/airflow/.local/lib/python3.12/site-packages/airflow/example_dags/example_branch_labels.py
[2025-02-10T03:07:55.457+0000] {processor.py:914} INFO - Processing file /home/airflow/.local/lib/python3.12/site-packages/airflow/example_dags/example_branch_labels.py for tasks to queue
[2025-02-10T03:07:55.459+0000] {logging_mixin.py:190} INFO - [2025-02-10T03:07:55.459+0000] {dagbag.py:588} INFO - Filling up the DagBag from /home/airflow/.local/lib/python3.12/site-packages/airflow/example_dags/example_branch_labels.py
[2025-02-10T03:07:55.468+0000] {processor.py:925} INFO - DAG(s) 'example_branch_labels' retrieved from /home/airflow/.local/lib/python3.12/site-packages/airflow/example_dags/example_branch_labels.py
[2025-02-10T03:07:55.484+0000] {logging_mixin.py:190} INFO - [2025-02-10T03:07:55.484+0000] {dag.py:3239} INFO - Sync 1 DAGs
[2025-02-10T03:07:55.502+0000] {logging_mixin.py:190} INFO - [2025-02-10T03:07:55.502+0000] {dag.py:4180} INFO - Setting next_dagrun for example_branch_labels to 2025-02-09 00:00:00+00:00, run_after=2025-02-10 00:00:00+00:00
[2025-02-10T03:07:55.513+0000] {processor.py:208} INFO - Processing /home/airflow/.local/lib/python3.12/site-packages/airflow/example_dags/example_branch_labels.py took 0.067 seconds
[2025-02-10T03:08:26.113+0000] {processor.py:186} INFO - Started process (PID=1657) to work on /home/airflow/.local/lib/python3.12/site-packages/airflow/example_dags/example_branch_labels.py
[2025-02-10T03:08:26.114+0000] {processor.py:914} INFO - Processing file /home/airflow/.local/lib/python3.12/site-packages/airflow/example_dags/example_branch_labels.py for tasks to queue
[2025-02-10T03:08:26.123+0000] {logging_mixin.py:190} INFO - [2025-02-10T03:08:26.121+0000] {dagbag.py:588} INFO - Filling up the DagBag from /home/airflow/.local/lib/python3.12/site-packages/airflow/example_dags/example_branch_labels.py
[2025-02-10T03:08:26.149+0000] {processor.py:925} INFO - DAG(s) 'example_branch_labels' retrieved from /home/airflow/.local/lib/python3.12/site-packages/airflow/example_dags/example_branch_labels.py
[2025-02-10T03:08:26.179+0000] {logging_mixin.py:190} INFO - [2025-02-10T03:08:26.179+0000] {dag.py:3239} INFO - Sync 1 DAGs
[2025-02-10T03:08:26.212+0000] {logging_mixin.py:190} INFO - [2025-02-10T03:08:26.212+0000] {dag.py:4180} INFO - Setting next_dagrun for example_branch_labels to 2025-02-09 00:00:00+00:00, run_after=2025-02-10 00:00:00+00:00
[2025-02-10T03:08:26.225+0000] {processor.py:208} INFO - Processing /home/airflow/.local/lib/python3.12/site-packages/airflow/example_dags/example_branch_labels.py took 0.120 seconds
[2025-02-10T03:08:56.501+0000] {processor.py:186} INFO - Started process (PID=1721) to work on /home/airflow/.local/lib/python3.12/site-packages/airflow/example_dags/example_branch_labels.py
[2025-02-10T03:08:56.503+0000] {processor.py:914} INFO - Processing file /home/airflow/.local/lib/python3.12/site-packages/airflow/example_dags/example_branch_labels.py for tasks to queue
[2025-02-10T03:08:56.507+0000] {logging_mixin.py:190} INFO - [2025-02-10T03:08:56.507+0000] {dagbag.py:588} INFO - Filling up the DagBag from /home/airflow/.local/lib/python3.12/site-packages/airflow/example_dags/example_branch_labels.py
[2025-02-10T03:08:56.540+0000] {processor.py:925} INFO - DAG(s) 'example_branch_labels' retrieved from /home/airflow/.local/lib/python3.12/site-packages/airflow/example_dags/example_branch_labels.py
[2025-02-10T03:08:56.584+0000] {logging_mixin.py:190} INFO - [2025-02-10T03:08:56.584+0000] {dag.py:3239} INFO - Sync 1 DAGs
[2025-02-10T03:08:56.626+0000] {logging_mixin.py:190} INFO - [2025-02-10T03:08:56.626+0000] {dag.py:4180} INFO - Setting next_dagrun for example_branch_labels to 2025-02-09 00:00:00+00:00, run_after=2025-02-10 00:00:00+00:00
[2025-02-10T03:08:56.646+0000] {processor.py:208} INFO - Processing /home/airflow/.local/lib/python3.12/site-packages/airflow/example_dags/example_branch_labels.py took 0.148 seconds
[2025-02-10T03:09:27.403+0000] {processor.py:186} INFO - Started process (PID=1785) to work on /home/airflow/.local/lib/python3.12/site-packages/airflow/example_dags/example_branch_labels.py
[2025-02-10T03:09:27.406+0000] {processor.py:914} INFO - Processing file /home/airflow/.local/lib/python3.12/site-packages/airflow/example_dags/example_branch_labels.py for tasks to queue
[2025-02-10T03:09:27.409+0000] {logging_mixin.py:190} INFO - [2025-02-10T03:09:27.409+0000] {dagbag.py:588} INFO - Filling up the DagBag from /home/airflow/.local/lib/python3.12/site-packages/airflow/example_dags/example_branch_labels.py
[2025-02-10T03:09:27.423+0000] {processor.py:925} INFO - DAG(s) 'example_branch_labels' retrieved from /home/airflow/.local/lib/python3.12/site-packages/airflow/example_dags/example_branch_labels.py
[2025-02-10T03:09:27.463+0000] {logging_mixin.py:190} INFO - [2025-02-10T03:09:27.463+0000] {dag.py:3239} INFO - Sync 1 DAGs
[2025-02-10T03:09:27.492+0000] {logging_mixin.py:190} INFO - [2025-02-10T03:09:27.491+0000] {dag.py:4180} INFO - Setting next_dagrun for example_branch_labels to 2025-02-09 00:00:00+00:00, run_after=2025-02-10 00:00:00+00:00
[2025-02-10T03:09:27.509+0000] {processor.py:208} INFO - Processing /home/airflow/.local/lib/python3.12/site-packages/airflow/example_dags/example_branch_labels.py took 0.112 seconds
[2025-02-10T03:09:58.351+0000] {processor.py:186} INFO - Started process (PID=1849) to work on /home/airflow/.local/lib/python3.12/site-packages/airflow/example_dags/example_branch_labels.py
[2025-02-10T03:09:58.354+0000] {processor.py:914} INFO - Processing file /home/airflow/.local/lib/python3.12/site-packages/airflow/example_dags/example_branch_labels.py for tasks to queue
[2025-02-10T03:09:58.359+0000] {logging_mixin.py:190} INFO - [2025-02-10T03:09:58.359+0000] {dagbag.py:588} INFO - Filling up the DagBag from /home/airflow/.local/lib/python3.12/site-packages/airflow/example_dags/example_branch_labels.py
[2025-02-10T03:09:58.372+0000] {processor.py:925} INFO - DAG(s) 'example_branch_labels' retrieved from /home/airflow/.local/lib/python3.12/site-packages/airflow/example_dags/example_branch_labels.py
[2025-02-10T03:09:58.416+0000] {logging_mixin.py:190} INFO - [2025-02-10T03:09:58.416+0000] {dag.py:3239} INFO - Sync 1 DAGs
[2025-02-10T03:09:58.436+0000] {logging_mixin.py:190} INFO - [2025-02-10T03:09:58.436+0000] {dag.py:4180} INFO - Setting next_dagrun for example_branch_labels to 2025-02-09 00:00:00+00:00, run_after=2025-02-10 00:00:00+00:00
[2025-02-10T03:09:58.451+0000] {processor.py:208} INFO - Processing /home/airflow/.local/lib/python3.12/site-packages/airflow/example_dags/example_branch_labels.py took 0.111 seconds
[2025-02-10T03:10:28.832+0000] {processor.py:186} INFO - Started process (PID=1913) to work on /home/airflow/.local/lib/python3.12/site-packages/airflow/example_dags/example_branch_labels.py
[2025-02-10T03:10:28.833+0000] {processor.py:914} INFO - Processing file /home/airflow/.local/lib/python3.12/site-packages/airflow/example_dags/example_branch_labels.py for tasks to queue
[2025-02-10T03:10:28.838+0000] {logging_mixin.py:190} INFO - [2025-02-10T03:10:28.838+0000] {dagbag.py:588} INFO - Filling up the DagBag from /home/airflow/.local/lib/python3.12/site-packages/airflow/example_dags/example_branch_labels.py
[2025-02-10T03:10:28.847+0000] {processor.py:925} INFO - DAG(s) 'example_branch_labels' retrieved from /home/airflow/.local/lib/python3.12/site-packages/airflow/example_dags/example_branch_labels.py
[2025-02-10T03:10:28.864+0000] {logging_mixin.py:190} INFO - [2025-02-10T03:10:28.864+0000] {dag.py:3239} INFO - Sync 1 DAGs
[2025-02-10T03:10:28.878+0000] {logging_mixin.py:190} INFO - [2025-02-10T03:10:28.878+0000] {dag.py:4180} INFO - Setting next_dagrun for example_branch_labels to 2025-02-09 00:00:00+00:00, run_after=2025-02-10 00:00:00+00:00
[2025-02-10T03:10:28.896+0000] {processor.py:208} INFO - Processing /home/airflow/.local/lib/python3.12/site-packages/airflow/example_dags/example_branch_labels.py took 0.074 seconds
[2025-02-10T03:10:59.688+0000] {processor.py:186} INFO - Started process (PID=1977) to work on /home/airflow/.local/lib/python3.12/site-packages/airflow/example_dags/example_branch_labels.py
[2025-02-10T03:10:59.689+0000] {processor.py:914} INFO - Processing file /home/airflow/.local/lib/python3.12/site-packages/airflow/example_dags/example_branch_labels.py for tasks to queue
[2025-02-10T03:10:59.692+0000] {logging_mixin.py:190} INFO - [2025-02-10T03:10:59.692+0000] {dagbag.py:588} INFO - Filling up the DagBag from /home/airflow/.local/lib/python3.12/site-packages/airflow/example_dags/example_branch_labels.py
[2025-02-10T03:10:59.709+0000] {processor.py:925} INFO - DAG(s) 'example_branch_labels' retrieved from /home/airflow/.local/lib/python3.12/site-packages/airflow/example_dags/example_branch_labels.py
[2025-02-10T03:10:59.732+0000] {logging_mixin.py:190} INFO - [2025-02-10T03:10:59.732+0000] {dag.py:3239} INFO - Sync 1 DAGs
[2025-02-10T03:10:59.750+0000] {logging_mixin.py:190} INFO - [2025-02-10T03:10:59.750+0000] {dag.py:4180} INFO - Setting next_dagrun for example_branch_labels to 2025-02-09 00:00:00+00:00, run_after=2025-02-10 00:00:00+00:00
[2025-02-10T03:10:59.765+0000] {processor.py:208} INFO - Processing /home/airflow/.local/lib/python3.12/site-packages/airflow/example_dags/example_branch_labels.py took 0.083 seconds
[2025-02-10T03:11:30.386+0000] {processor.py:186} INFO - Started process (PID=2041) to work on /home/airflow/.local/lib/python3.12/site-packages/airflow/example_dags/example_branch_labels.py
[2025-02-10T03:11:30.389+0000] {processor.py:914} INFO - Processing file /home/airflow/.local/lib/python3.12/site-packages/airflow/example_dags/example_branch_labels.py for tasks to queue
[2025-02-10T03:11:30.397+0000] {logging_mixin.py:190} INFO - [2025-02-10T03:11:30.396+0000] {dagbag.py:588} INFO - Filling up the DagBag from /home/airflow/.local/lib/python3.12/site-packages/airflow/example_dags/example_branch_labels.py
[2025-02-10T03:11:30.411+0000] {processor.py:925} INFO - DAG(s) 'example_branch_labels' retrieved from /home/airflow/.local/lib/python3.12/site-packages/airflow/example_dags/example_branch_labels.py
[2025-02-10T03:11:30.446+0000] {logging_mixin.py:190} INFO - [2025-02-10T03:11:30.446+0000] {dag.py:3239} INFO - Sync 1 DAGs
[2025-02-10T03:11:30.467+0000] {logging_mixin.py:190} INFO - [2025-02-10T03:11:30.467+0000] {dag.py:4180} INFO - Setting next_dagrun for example_branch_labels to 2025-02-09 00:00:00+00:00, run_after=2025-02-10 00:00:00+00:00
[2025-02-10T03:11:30.481+0000] {processor.py:208} INFO - Processing /home/airflow/.local/lib/python3.12/site-packages/airflow/example_dags/example_branch_labels.py took 0.111 seconds
[2025-02-10T03:12:01.142+0000] {processor.py:186} INFO - Started process (PID=2105) to work on /home/airflow/.local/lib/python3.12/site-packages/airflow/example_dags/example_branch_labels.py
[2025-02-10T03:12:01.146+0000] {processor.py:914} INFO - Processing file /home/airflow/.local/lib/python3.12/site-packages/airflow/example_dags/example_branch_labels.py for tasks to queue
[2025-02-10T03:12:01.147+0000] {logging_mixin.py:190} INFO - [2025-02-10T03:12:01.147+0000] {dagbag.py:588} INFO - Filling up the DagBag from /home/airflow/.local/lib/python3.12/site-packages/airflow/example_dags/example_branch_labels.py
[2025-02-10T03:12:01.161+0000] {processor.py:925} INFO - DAG(s) 'example_branch_labels' retrieved from /home/airflow/.local/lib/python3.12/site-packages/airflow/example_dags/example_branch_labels.py
[2025-02-10T03:12:01.175+0000] {logging_mixin.py:190} INFO - [2025-02-10T03:12:01.175+0000] {dag.py:3239} INFO - Sync 1 DAGs
[2025-02-10T03:12:01.191+0000] {logging_mixin.py:190} INFO - [2025-02-10T03:12:01.190+0000] {dag.py:4180} INFO - Setting next_dagrun for example_branch_labels to 2025-02-09 00:00:00+00:00, run_after=2025-02-10 00:00:00+00:00
[2025-02-10T03:12:01.203+0000] {processor.py:208} INFO - Processing /home/airflow/.local/lib/python3.12/site-packages/airflow/example_dags/example_branch_labels.py took 0.068 seconds
[2025-02-10T03:12:31.250+0000] {processor.py:186} INFO - Started process (PID=2169) to work on /home/airflow/.local/lib/python3.12/site-packages/airflow/example_dags/example_branch_labels.py
[2025-02-10T03:12:31.252+0000] {processor.py:914} INFO - Processing file /home/airflow/.local/lib/python3.12/site-packages/airflow/example_dags/example_branch_labels.py for tasks to queue
[2025-02-10T03:12:31.259+0000] {logging_mixin.py:190} INFO - [2025-02-10T03:12:31.259+0000] {dagbag.py:588} INFO - Filling up the DagBag from /home/airflow/.local/lib/python3.12/site-packages/airflow/example_dags/example_branch_labels.py
[2025-02-10T03:12:31.272+0000] {processor.py:925} INFO - DAG(s) 'example_branch_labels' retrieved from /home/airflow/.local/lib/python3.12/site-packages/airflow/example_dags/example_branch_labels.py
[2025-02-10T03:12:31.293+0000] {logging_mixin.py:190} INFO - [2025-02-10T03:12:31.292+0000] {dag.py:3239} INFO - Sync 1 DAGs
[2025-02-10T03:12:31.311+0000] {logging_mixin.py:190} INFO - [2025-02-10T03:12:31.310+0000] {dag.py:4180} INFO - Setting next_dagrun for example_branch_labels to 2025-02-09 00:00:00+00:00, run_after=2025-02-10 00:00:00+00:00
[2025-02-10T03:12:31.324+0000] {processor.py:208} INFO - Processing /home/airflow/.local/lib/python3.12/site-packages/airflow/example_dags/example_branch_labels.py took 0.081 seconds
[2025-02-10T03:13:02.238+0000] {processor.py:186} INFO - Started process (PID=2233) to work on /home/airflow/.local/lib/python3.12/site-packages/airflow/example_dags/example_branch_labels.py
[2025-02-10T03:13:02.239+0000] {processor.py:914} INFO - Processing file /home/airflow/.local/lib/python3.12/site-packages/airflow/example_dags/example_branch_labels.py for tasks to queue
[2025-02-10T03:13:02.241+0000] {logging_mixin.py:190} INFO - [2025-02-10T03:13:02.241+0000] {dagbag.py:588} INFO - Filling up the DagBag from /home/airflow/.local/lib/python3.12/site-packages/airflow/example_dags/example_branch_labels.py
[2025-02-10T03:13:02.248+0000] {processor.py:925} INFO - DAG(s) 'example_branch_labels' retrieved from /home/airflow/.local/lib/python3.12/site-packages/airflow/example_dags/example_branch_labels.py
[2025-02-10T03:13:02.265+0000] {logging_mixin.py:190} INFO - [2025-02-10T03:13:02.265+0000] {dag.py:3239} INFO - Sync 1 DAGs
[2025-02-10T03:13:02.281+0000] {logging_mixin.py:190} INFO - [2025-02-10T03:13:02.281+0000] {dag.py:4180} INFO - Setting next_dagrun for example_branch_labels to 2025-02-09 00:00:00+00:00, run_after=2025-02-10 00:00:00+00:00
[2025-02-10T03:13:02.292+0000] {processor.py:208} INFO - Processing /home/airflow/.local/lib/python3.12/site-packages/airflow/example_dags/example_branch_labels.py took 0.058 seconds
[2025-02-10T03:13:32.357+0000] {processor.py:186} INFO - Started process (PID=2297) to work on /home/airflow/.local/lib/python3.12/site-packages/airflow/example_dags/example_branch_labels.py
[2025-02-10T03:13:32.358+0000] {processor.py:914} INFO - Processing file /home/airflow/.local/lib/python3.12/site-packages/airflow/example_dags/example_branch_labels.py for tasks to queue
[2025-02-10T03:13:32.361+0000] {logging_mixin.py:190} INFO - [2025-02-10T03:13:32.361+0000] {dagbag.py:588} INFO - Filling up the DagBag from /home/airflow/.local/lib/python3.12/site-packages/airflow/example_dags/example_branch_labels.py
[2025-02-10T03:13:32.367+0000] {processor.py:925} INFO - DAG(s) 'example_branch_labels' retrieved from /home/airflow/.local/lib/python3.12/site-packages/airflow/example_dags/example_branch_labels.py
[2025-02-10T03:13:32.379+0000] {logging_mixin.py:190} INFO - [2025-02-10T03:13:32.379+0000] {dag.py:3239} INFO - Sync 1 DAGs
[2025-02-10T03:13:32.391+0000] {logging_mixin.py:190} INFO - [2025-02-10T03:13:32.391+0000] {dag.py:4180} INFO - Setting next_dagrun for example_branch_labels to 2025-02-09 00:00:00+00:00, run_after=2025-02-10 00:00:00+00:00
[2025-02-10T03:13:32.406+0000] {processor.py:208} INFO - Processing /home/airflow/.local/lib/python3.12/site-packages/airflow/example_dags/example_branch_labels.py took 0.053 seconds
[2025-02-10T03:14:03.125+0000] {processor.py:186} INFO - Started process (PID=2361) to work on /home/airflow/.local/lib/python3.12/site-packages/airflow/example_dags/example_branch_labels.py
[2025-02-10T03:14:03.126+0000] {processor.py:914} INFO - Processing file /home/airflow/.local/lib/python3.12/site-packages/airflow/example_dags/example_branch_labels.py for tasks to queue
[2025-02-10T03:14:03.128+0000] {logging_mixin.py:190} INFO - [2025-02-10T03:14:03.128+0000] {dagbag.py:588} INFO - Filling up the DagBag from /home/airflow/.local/lib/python3.12/site-packages/airflow/example_dags/example_branch_labels.py
[2025-02-10T03:14:03.134+0000] {processor.py:925} INFO - DAG(s) 'example_branch_labels' retrieved from /home/airflow/.local/lib/python3.12/site-packages/airflow/example_dags/example_branch_labels.py
[2025-02-10T03:14:03.143+0000] {logging_mixin.py:190} INFO - [2025-02-10T03:14:03.143+0000] {dag.py:3239} INFO - Sync 1 DAGs
[2025-02-10T03:14:03.155+0000] {logging_mixin.py:190} INFO - [2025-02-10T03:14:03.155+0000] {dag.py:4180} INFO - Setting next_dagrun for example_branch_labels to 2025-02-09 00:00:00+00:00, run_after=2025-02-10 00:00:00+00:00
[2025-02-10T03:14:03.166+0000] {processor.py:208} INFO - Processing /home/airflow/.local/lib/python3.12/site-packages/airflow/example_dags/example_branch_labels.py took 0.047 seconds
[2025-02-10T03:14:33.928+0000] {processor.py:186} INFO - Started process (PID=2425) to work on /home/airflow/.local/lib/python3.12/site-packages/airflow/example_dags/example_branch_labels.py
[2025-02-10T03:14:33.929+0000] {processor.py:914} INFO - Processing file /home/airflow/.local/lib/python3.12/site-packages/airflow/example_dags/example_branch_labels.py for tasks to queue
[2025-02-10T03:14:33.930+0000] {logging_mixin.py:190} INFO - [2025-02-10T03:14:33.930+0000] {dagbag.py:588} INFO - Filling up the DagBag from /home/airflow/.local/lib/python3.12/site-packages/airflow/example_dags/example_branch_labels.py
[2025-02-10T03:14:33.939+0000] {processor.py:925} INFO - DAG(s) 'example_branch_labels' retrieved from /home/airflow/.local/lib/python3.12/site-packages/airflow/example_dags/example_branch_labels.py
[2025-02-10T03:14:33.955+0000] {logging_mixin.py:190} INFO - [2025-02-10T03:14:33.954+0000] {dag.py:3239} INFO - Sync 1 DAGs
[2025-02-10T03:14:33.971+0000] {logging_mixin.py:190} INFO - [2025-02-10T03:14:33.971+0000] {dag.py:4180} INFO - Setting next_dagrun for example_branch_labels to 2025-02-09 00:00:00+00:00, run_after=2025-02-10 00:00:00+00:00
[2025-02-10T03:14:33.984+0000] {processor.py:208} INFO - Processing /home/airflow/.local/lib/python3.12/site-packages/airflow/example_dags/example_branch_labels.py took 0.060 seconds
[2025-02-10T03:15:04.698+0000] {processor.py:186} INFO - Started process (PID=2489) to work on /home/airflow/.local/lib/python3.12/site-packages/airflow/example_dags/example_branch_labels.py
[2025-02-10T03:15:04.699+0000] {processor.py:914} INFO - Processing file /home/airflow/.local/lib/python3.12/site-packages/airflow/example_dags/example_branch_labels.py for tasks to queue
[2025-02-10T03:15:04.701+0000] {logging_mixin.py:190} INFO - [2025-02-10T03:15:04.701+0000] {dagbag.py:588} INFO - Filling up the DagBag from /home/airflow/.local/lib/python3.12/site-packages/airflow/example_dags/example_branch_labels.py
[2025-02-10T03:15:04.709+0000] {processor.py:925} INFO - DAG(s) 'example_branch_labels' retrieved from /home/airflow/.local/lib/python3.12/site-packages/airflow/example_dags/example_branch_labels.py
[2025-02-10T03:15:04.723+0000] {logging_mixin.py:190} INFO - [2025-02-10T03:15:04.722+0000] {dag.py:3239} INFO - Sync 1 DAGs
[2025-02-10T03:15:04.740+0000] {logging_mixin.py:190} INFO - [2025-02-10T03:15:04.740+0000] {dag.py:4180} INFO - Setting next_dagrun for example_branch_labels to 2025-02-09 00:00:00+00:00, run_after=2025-02-10 00:00:00+00:00
[2025-02-10T03:15:04.755+0000] {processor.py:208} INFO - Processing /home/airflow/.local/lib/python3.12/site-packages/airflow/example_dags/example_branch_labels.py took 0.060 seconds
[2025-02-10T03:15:35.378+0000] {processor.py:186} INFO - Started process (PID=2552) to work on /home/airflow/.local/lib/python3.12/site-packages/airflow/example_dags/example_branch_labels.py
[2025-02-10T03:15:35.379+0000] {processor.py:914} INFO - Processing file /home/airflow/.local/lib/python3.12/site-packages/airflow/example_dags/example_branch_labels.py for tasks to queue
[2025-02-10T03:15:35.380+0000] {logging_mixin.py:190} INFO - [2025-02-10T03:15:35.380+0000] {dagbag.py:588} INFO - Filling up the DagBag from /home/airflow/.local/lib/python3.12/site-packages/airflow/example_dags/example_branch_labels.py
[2025-02-10T03:15:35.386+0000] {processor.py:925} INFO - DAG(s) 'example_branch_labels' retrieved from /home/airflow/.local/lib/python3.12/site-packages/airflow/example_dags/example_branch_labels.py
[2025-02-10T03:15:35.402+0000] {logging_mixin.py:190} INFO - [2025-02-10T03:15:35.402+0000] {dag.py:3239} INFO - Sync 1 DAGs
[2025-02-10T03:15:35.417+0000] {logging_mixin.py:190} INFO - [2025-02-10T03:15:35.417+0000] {dag.py:4180} INFO - Setting next_dagrun for example_branch_labels to 2025-02-09 00:00:00+00:00, run_after=2025-02-10 00:00:00+00:00
[2025-02-10T03:15:35.428+0000] {processor.py:208} INFO - Processing /home/airflow/.local/lib/python3.12/site-packages/airflow/example_dags/example_branch_labels.py took 0.053 seconds
