[2025-02-10T02:55:49.349+0000] {processor.py:186} INFO - Started process (PID=88) to work on /home/airflow/.local/lib/python3.12/site-packages/airflow/example_dags/example_latest_only.py
[2025-02-10T02:55:49.350+0000] {processor.py:914} INFO - Processing file /home/airflow/.local/lib/python3.12/site-packages/airflow/example_dags/example_latest_only.py for tasks to queue
[2025-02-10T02:55:49.353+0000] {logging_mixin.py:190} INFO - [2025-02-10T02:55:49.352+0000] {dagbag.py:588} INFO - Filling up the DagBag from /home/airflow/.local/lib/python3.12/site-packages/airflow/example_dags/example_latest_only.py
[2025-02-10T02:55:49.361+0000] {processor.py:925} INFO - DAG(s) 'latest_only' retrieved from /home/airflow/.local/lib/python3.12/site-packages/airflow/example_dags/example_latest_only.py
[2025-02-10T02:55:49.511+0000] {logging_mixin.py:190} INFO - [2025-02-10T02:55:49.510+0000] {override.py:1911} INFO - Created Permission View: can read on DAG:latest_only
[2025-02-10T02:55:49.519+0000] {logging_mixin.py:190} INFO - [2025-02-10T02:55:49.519+0000] {override.py:1911} INFO - Created Permission View: can edit on DAG:latest_only
[2025-02-10T02:55:49.525+0000] {logging_mixin.py:190} INFO - [2025-02-10T02:55:49.525+0000] {override.py:1911} INFO - Created Permission View: can delete on DAG:latest_only
[2025-02-10T02:55:49.533+0000] {logging_mixin.py:190} INFO - [2025-02-10T02:55:49.533+0000] {override.py:1911} INFO - Created Permission View: can read on DAG Run:latest_only
[2025-02-10T02:55:49.538+0000] {logging_mixin.py:190} INFO - [2025-02-10T02:55:49.538+0000] {override.py:1911} INFO - Created Permission View: can delete on DAG Run:latest_only
[2025-02-10T02:55:49.542+0000] {logging_mixin.py:190} INFO - [2025-02-10T02:55:49.541+0000] {override.py:1911} INFO - Created Permission View: menu access on DAG Run:latest_only
[2025-02-10T02:55:49.556+0000] {logging_mixin.py:190} INFO - [2025-02-10T02:55:49.555+0000] {override.py:1911} INFO - Created Permission View: can create on DAG Run:latest_only
[2025-02-10T02:55:49.557+0000] {logging_mixin.py:190} INFO - [2025-02-10T02:55:49.557+0000] {dag.py:3239} INFO - Sync 1 DAGs
[2025-02-10T02:55:49.571+0000] {logging_mixin.py:190} INFO - [2025-02-10T02:55:49.570+0000] {dag.py:3262} INFO - Creating ORM DAG for latest_only
[2025-02-10T02:55:49.584+0000] {logging_mixin.py:190} INFO - [2025-02-10T02:55:49.583+0000] {dag.py:4180} INFO - Setting next_dagrun for latest_only to 2025-02-09 20:00:00+00:00, run_after=2025-02-10 00:00:00+00:00
[2025-02-10T02:55:49.622+0000] {processor.py:208} INFO - Processing /home/airflow/.local/lib/python3.12/site-packages/airflow/example_dags/example_latest_only.py took 0.279 seconds
[2025-02-10T02:56:20.103+0000] {processor.py:186} INFO - Started process (PID=152) to work on /home/airflow/.local/lib/python3.12/site-packages/airflow/example_dags/example_latest_only.py
[2025-02-10T02:56:20.104+0000] {processor.py:914} INFO - Processing file /home/airflow/.local/lib/python3.12/site-packages/airflow/example_dags/example_latest_only.py for tasks to queue
[2025-02-10T02:56:20.106+0000] {logging_mixin.py:190} INFO - [2025-02-10T02:56:20.106+0000] {dagbag.py:588} INFO - Filling up the DagBag from /home/airflow/.local/lib/python3.12/site-packages/airflow/example_dags/example_latest_only.py
[2025-02-10T02:56:20.114+0000] {processor.py:925} INFO - DAG(s) 'latest_only' retrieved from /home/airflow/.local/lib/python3.12/site-packages/airflow/example_dags/example_latest_only.py
[2025-02-10T02:56:20.130+0000] {logging_mixin.py:190} INFO - [2025-02-10T02:56:20.129+0000] {dag.py:3239} INFO - Sync 1 DAGs
[2025-02-10T02:56:20.152+0000] {logging_mixin.py:190} INFO - [2025-02-10T02:56:20.152+0000] {dag.py:4180} INFO - Setting next_dagrun for latest_only to 2025-02-09 20:00:00+00:00, run_after=2025-02-10 00:00:00+00:00
[2025-02-10T02:56:20.168+0000] {processor.py:208} INFO - Processing /home/airflow/.local/lib/python3.12/site-packages/airflow/example_dags/example_latest_only.py took 0.069 seconds
[2025-02-10T02:56:50.734+0000] {processor.py:186} INFO - Started process (PID=216) to work on /home/airflow/.local/lib/python3.12/site-packages/airflow/example_dags/example_latest_only.py
[2025-02-10T02:56:50.734+0000] {processor.py:914} INFO - Processing file /home/airflow/.local/lib/python3.12/site-packages/airflow/example_dags/example_latest_only.py for tasks to queue
[2025-02-10T02:56:50.736+0000] {logging_mixin.py:190} INFO - [2025-02-10T02:56:50.736+0000] {dagbag.py:588} INFO - Filling up the DagBag from /home/airflow/.local/lib/python3.12/site-packages/airflow/example_dags/example_latest_only.py
[2025-02-10T02:56:50.741+0000] {processor.py:925} INFO - DAG(s) 'latest_only' retrieved from /home/airflow/.local/lib/python3.12/site-packages/airflow/example_dags/example_latest_only.py
[2025-02-10T02:56:50.758+0000] {logging_mixin.py:190} INFO - [2025-02-10T02:56:50.757+0000] {dag.py:3239} INFO - Sync 1 DAGs
[2025-02-10T02:56:50.776+0000] {logging_mixin.py:190} INFO - [2025-02-10T02:56:50.776+0000] {dag.py:4180} INFO - Setting next_dagrun for latest_only to 2025-02-09 20:00:00+00:00, run_after=2025-02-10 00:00:00+00:00
[2025-02-10T02:56:50.788+0000] {processor.py:208} INFO - Processing /home/airflow/.local/lib/python3.12/site-packages/airflow/example_dags/example_latest_only.py took 0.059 seconds
[2025-02-10T02:57:20.966+0000] {processor.py:186} INFO - Started process (PID=278) to work on /home/airflow/.local/lib/python3.12/site-packages/airflow/example_dags/example_latest_only.py
[2025-02-10T02:57:20.967+0000] {processor.py:914} INFO - Processing file /home/airflow/.local/lib/python3.12/site-packages/airflow/example_dags/example_latest_only.py for tasks to queue
[2025-02-10T02:57:20.968+0000] {logging_mixin.py:190} INFO - [2025-02-10T02:57:20.968+0000] {dagbag.py:588} INFO - Filling up the DagBag from /home/airflow/.local/lib/python3.12/site-packages/airflow/example_dags/example_latest_only.py
[2025-02-10T02:57:20.972+0000] {processor.py:925} INFO - DAG(s) 'latest_only' retrieved from /home/airflow/.local/lib/python3.12/site-packages/airflow/example_dags/example_latest_only.py
[2025-02-10T02:57:20.985+0000] {logging_mixin.py:190} INFO - [2025-02-10T02:57:20.984+0000] {dag.py:3239} INFO - Sync 1 DAGs
[2025-02-10T02:57:21.001+0000] {logging_mixin.py:190} INFO - [2025-02-10T02:57:21.001+0000] {dag.py:4180} INFO - Setting next_dagrun for latest_only to 2025-02-09 20:00:00+00:00, run_after=2025-02-10 00:00:00+00:00
[2025-02-10T02:57:21.011+0000] {processor.py:208} INFO - Processing /home/airflow/.local/lib/python3.12/site-packages/airflow/example_dags/example_latest_only.py took 0.049 seconds
[2025-02-10T02:57:52.030+0000] {processor.py:186} INFO - Started process (PID=342) to work on /home/airflow/.local/lib/python3.12/site-packages/airflow/example_dags/example_latest_only.py
[2025-02-10T02:57:52.031+0000] {processor.py:914} INFO - Processing file /home/airflow/.local/lib/python3.12/site-packages/airflow/example_dags/example_latest_only.py for tasks to queue
[2025-02-10T02:57:52.033+0000] {logging_mixin.py:190} INFO - [2025-02-10T02:57:52.033+0000] {dagbag.py:588} INFO - Filling up the DagBag from /home/airflow/.local/lib/python3.12/site-packages/airflow/example_dags/example_latest_only.py
[2025-02-10T02:57:52.038+0000] {processor.py:925} INFO - DAG(s) 'latest_only' retrieved from /home/airflow/.local/lib/python3.12/site-packages/airflow/example_dags/example_latest_only.py
[2025-02-10T02:57:52.049+0000] {logging_mixin.py:190} INFO - [2025-02-10T02:57:52.049+0000] {dag.py:3239} INFO - Sync 1 DAGs
[2025-02-10T02:57:52.060+0000] {logging_mixin.py:190} INFO - [2025-02-10T02:57:52.060+0000] {dag.py:4180} INFO - Setting next_dagrun for latest_only to 2025-02-09 20:00:00+00:00, run_after=2025-02-10 00:00:00+00:00
[2025-02-10T02:57:52.072+0000] {processor.py:208} INFO - Processing /home/airflow/.local/lib/python3.12/site-packages/airflow/example_dags/example_latest_only.py took 0.044 seconds
[2025-02-10T02:58:22.930+0000] {processor.py:186} INFO - Started process (PID=406) to work on /home/airflow/.local/lib/python3.12/site-packages/airflow/example_dags/example_latest_only.py
[2025-02-10T02:58:22.930+0000] {processor.py:914} INFO - Processing file /home/airflow/.local/lib/python3.12/site-packages/airflow/example_dags/example_latest_only.py for tasks to queue
[2025-02-10T02:58:22.931+0000] {logging_mixin.py:190} INFO - [2025-02-10T02:58:22.931+0000] {dagbag.py:588} INFO - Filling up the DagBag from /home/airflow/.local/lib/python3.12/site-packages/airflow/example_dags/example_latest_only.py
[2025-02-10T02:58:22.935+0000] {processor.py:925} INFO - DAG(s) 'latest_only' retrieved from /home/airflow/.local/lib/python3.12/site-packages/airflow/example_dags/example_latest_only.py
[2025-02-10T02:58:22.943+0000] {logging_mixin.py:190} INFO - [2025-02-10T02:58:22.943+0000] {dag.py:3239} INFO - Sync 1 DAGs
[2025-02-10T02:58:22.955+0000] {logging_mixin.py:190} INFO - [2025-02-10T02:58:22.955+0000] {dag.py:4180} INFO - Setting next_dagrun for latest_only to 2025-02-09 20:00:00+00:00, run_after=2025-02-10 00:00:00+00:00
[2025-02-10T02:58:22.965+0000] {processor.py:208} INFO - Processing /home/airflow/.local/lib/python3.12/site-packages/airflow/example_dags/example_latest_only.py took 0.038 seconds
[2025-02-10T02:58:53.671+0000] {processor.py:186} INFO - Started process (PID=470) to work on /home/airflow/.local/lib/python3.12/site-packages/airflow/example_dags/example_latest_only.py
[2025-02-10T02:58:53.672+0000] {processor.py:914} INFO - Processing file /home/airflow/.local/lib/python3.12/site-packages/airflow/example_dags/example_latest_only.py for tasks to queue
[2025-02-10T02:58:53.673+0000] {logging_mixin.py:190} INFO - [2025-02-10T02:58:53.673+0000] {dagbag.py:588} INFO - Filling up the DagBag from /home/airflow/.local/lib/python3.12/site-packages/airflow/example_dags/example_latest_only.py
[2025-02-10T02:58:53.676+0000] {processor.py:925} INFO - DAG(s) 'latest_only' retrieved from /home/airflow/.local/lib/python3.12/site-packages/airflow/example_dags/example_latest_only.py
[2025-02-10T02:58:53.684+0000] {logging_mixin.py:190} INFO - [2025-02-10T02:58:53.684+0000] {dag.py:3239} INFO - Sync 1 DAGs
[2025-02-10T02:58:53.695+0000] {logging_mixin.py:190} INFO - [2025-02-10T02:58:53.695+0000] {dag.py:4180} INFO - Setting next_dagrun for latest_only to 2025-02-09 20:00:00+00:00, run_after=2025-02-10 00:00:00+00:00
[2025-02-10T02:58:53.706+0000] {processor.py:208} INFO - Processing /home/airflow/.local/lib/python3.12/site-packages/airflow/example_dags/example_latest_only.py took 0.037 seconds
[2025-02-10T02:59:25.420+0000] {processor.py:186} INFO - Started process (PID=535) to work on /home/airflow/.local/lib/python3.12/site-packages/airflow/example_dags/example_latest_only.py
[2025-02-10T02:59:25.423+0000] {processor.py:914} INFO - Processing file /home/airflow/.local/lib/python3.12/site-packages/airflow/example_dags/example_latest_only.py for tasks to queue
[2025-02-10T02:59:25.424+0000] {logging_mixin.py:190} INFO - [2025-02-10T02:59:25.424+0000] {dagbag.py:588} INFO - Filling up the DagBag from /home/airflow/.local/lib/python3.12/site-packages/airflow/example_dags/example_latest_only.py
[2025-02-10T02:59:25.428+0000] {processor.py:925} INFO - DAG(s) 'latest_only' retrieved from /home/airflow/.local/lib/python3.12/site-packages/airflow/example_dags/example_latest_only.py
[2025-02-10T02:59:25.437+0000] {logging_mixin.py:190} INFO - [2025-02-10T02:59:25.437+0000] {dag.py:3239} INFO - Sync 1 DAGs
[2025-02-10T02:59:25.447+0000] {logging_mixin.py:190} INFO - [2025-02-10T02:59:25.447+0000] {dag.py:4180} INFO - Setting next_dagrun for latest_only to 2025-02-09 20:00:00+00:00, run_after=2025-02-10 00:00:00+00:00
[2025-02-10T02:59:25.459+0000] {processor.py:208} INFO - Processing /home/airflow/.local/lib/python3.12/site-packages/airflow/example_dags/example_latest_only.py took 0.043 seconds
[2025-02-10T02:59:57.006+0000] {processor.py:186} INFO - Started process (PID=599) to work on /home/airflow/.local/lib/python3.12/site-packages/airflow/example_dags/example_latest_only.py
[2025-02-10T02:59:57.009+0000] {processor.py:914} INFO - Processing file /home/airflow/.local/lib/python3.12/site-packages/airflow/example_dags/example_latest_only.py for tasks to queue
[2025-02-10T02:59:57.011+0000] {logging_mixin.py:190} INFO - [2025-02-10T02:59:57.010+0000] {dagbag.py:588} INFO - Filling up the DagBag from /home/airflow/.local/lib/python3.12/site-packages/airflow/example_dags/example_latest_only.py
[2025-02-10T02:59:57.017+0000] {processor.py:925} INFO - DAG(s) 'latest_only' retrieved from /home/airflow/.local/lib/python3.12/site-packages/airflow/example_dags/example_latest_only.py
[2025-02-10T02:59:57.031+0000] {logging_mixin.py:190} INFO - [2025-02-10T02:59:57.031+0000] {dag.py:3239} INFO - Sync 1 DAGs
[2025-02-10T02:59:57.044+0000] {logging_mixin.py:190} INFO - [2025-02-10T02:59:57.044+0000] {dag.py:4180} INFO - Setting next_dagrun for latest_only to 2025-02-09 20:00:00+00:00, run_after=2025-02-10 00:00:00+00:00
[2025-02-10T02:59:57.055+0000] {processor.py:208} INFO - Processing /home/airflow/.local/lib/python3.12/site-packages/airflow/example_dags/example_latest_only.py took 0.052 seconds
[2025-02-10T03:00:28.976+0000] {processor.py:186} INFO - Started process (PID=663) to work on /home/airflow/.local/lib/python3.12/site-packages/airflow/example_dags/example_latest_only.py
[2025-02-10T03:00:28.977+0000] {processor.py:914} INFO - Processing file /home/airflow/.local/lib/python3.12/site-packages/airflow/example_dags/example_latest_only.py for tasks to queue
[2025-02-10T03:00:28.979+0000] {logging_mixin.py:190} INFO - [2025-02-10T03:00:28.979+0000] {dagbag.py:588} INFO - Filling up the DagBag from /home/airflow/.local/lib/python3.12/site-packages/airflow/example_dags/example_latest_only.py
[2025-02-10T03:00:28.988+0000] {processor.py:925} INFO - DAG(s) 'latest_only' retrieved from /home/airflow/.local/lib/python3.12/site-packages/airflow/example_dags/example_latest_only.py
[2025-02-10T03:00:29.041+0000] {logging_mixin.py:190} INFO - [2025-02-10T03:00:29.041+0000] {dag.py:3239} INFO - Sync 1 DAGs
[2025-02-10T03:00:29.062+0000] {logging_mixin.py:190} INFO - [2025-02-10T03:00:29.062+0000] {dag.py:4180} INFO - Setting next_dagrun for latest_only to 2025-02-09 20:00:00+00:00, run_after=2025-02-10 00:00:00+00:00
[2025-02-10T03:00:29.073+0000] {processor.py:208} INFO - Processing /home/airflow/.local/lib/python3.12/site-packages/airflow/example_dags/example_latest_only.py took 0.106 seconds
[2025-02-10T03:01:00.115+0000] {processor.py:186} INFO - Started process (PID=727) to work on /home/airflow/.local/lib/python3.12/site-packages/airflow/example_dags/example_latest_only.py
[2025-02-10T03:01:00.115+0000] {processor.py:914} INFO - Processing file /home/airflow/.local/lib/python3.12/site-packages/airflow/example_dags/example_latest_only.py for tasks to queue
[2025-02-10T03:01:00.117+0000] {logging_mixin.py:190} INFO - [2025-02-10T03:01:00.117+0000] {dagbag.py:588} INFO - Filling up the DagBag from /home/airflow/.local/lib/python3.12/site-packages/airflow/example_dags/example_latest_only.py
[2025-02-10T03:01:00.123+0000] {processor.py:925} INFO - DAG(s) 'latest_only' retrieved from /home/airflow/.local/lib/python3.12/site-packages/airflow/example_dags/example_latest_only.py
[2025-02-10T03:01:00.139+0000] {logging_mixin.py:190} INFO - [2025-02-10T03:01:00.139+0000] {dag.py:3239} INFO - Sync 1 DAGs
[2025-02-10T03:01:00.154+0000] {logging_mixin.py:190} INFO - [2025-02-10T03:01:00.154+0000] {dag.py:4180} INFO - Setting next_dagrun for latest_only to 2025-02-09 20:00:00+00:00, run_after=2025-02-10 00:00:00+00:00
[2025-02-10T03:01:00.164+0000] {processor.py:208} INFO - Processing /home/airflow/.local/lib/python3.12/site-packages/airflow/example_dags/example_latest_only.py took 0.054 seconds
[2025-02-10T03:01:31.204+0000] {processor.py:186} INFO - Started process (PID=791) to work on /home/airflow/.local/lib/python3.12/site-packages/airflow/example_dags/example_latest_only.py
[2025-02-10T03:01:31.205+0000] {processor.py:914} INFO - Processing file /home/airflow/.local/lib/python3.12/site-packages/airflow/example_dags/example_latest_only.py for tasks to queue
[2025-02-10T03:01:31.208+0000] {logging_mixin.py:190} INFO - [2025-02-10T03:01:31.207+0000] {dagbag.py:588} INFO - Filling up the DagBag from /home/airflow/.local/lib/python3.12/site-packages/airflow/example_dags/example_latest_only.py
[2025-02-10T03:01:31.216+0000] {processor.py:925} INFO - DAG(s) 'latest_only' retrieved from /home/airflow/.local/lib/python3.12/site-packages/airflow/example_dags/example_latest_only.py
[2025-02-10T03:01:31.250+0000] {logging_mixin.py:190} INFO - [2025-02-10T03:01:31.250+0000] {dag.py:3239} INFO - Sync 1 DAGs
[2025-02-10T03:01:31.268+0000] {logging_mixin.py:190} INFO - [2025-02-10T03:01:31.268+0000] {dag.py:4180} INFO - Setting next_dagrun for latest_only to 2025-02-09 20:00:00+00:00, run_after=2025-02-10 00:00:00+00:00
[2025-02-10T03:01:31.278+0000] {processor.py:208} INFO - Processing /home/airflow/.local/lib/python3.12/site-packages/airflow/example_dags/example_latest_only.py took 0.079 seconds
[2025-02-10T03:02:02.537+0000] {processor.py:186} INFO - Started process (PID=855) to work on /home/airflow/.local/lib/python3.12/site-packages/airflow/example_dags/example_latest_only.py
[2025-02-10T03:02:02.537+0000] {processor.py:914} INFO - Processing file /home/airflow/.local/lib/python3.12/site-packages/airflow/example_dags/example_latest_only.py for tasks to queue
[2025-02-10T03:02:02.538+0000] {logging_mixin.py:190} INFO - [2025-02-10T03:02:02.538+0000] {dagbag.py:588} INFO - Filling up the DagBag from /home/airflow/.local/lib/python3.12/site-packages/airflow/example_dags/example_latest_only.py
[2025-02-10T03:02:02.543+0000] {processor.py:925} INFO - DAG(s) 'latest_only' retrieved from /home/airflow/.local/lib/python3.12/site-packages/airflow/example_dags/example_latest_only.py
[2025-02-10T03:02:02.557+0000] {logging_mixin.py:190} INFO - [2025-02-10T03:02:02.556+0000] {dag.py:3239} INFO - Sync 1 DAGs
[2025-02-10T03:02:02.578+0000] {logging_mixin.py:190} INFO - [2025-02-10T03:02:02.578+0000] {dag.py:4180} INFO - Setting next_dagrun for latest_only to 2025-02-09 20:00:00+00:00, run_after=2025-02-10 00:00:00+00:00
[2025-02-10T03:02:02.607+0000] {processor.py:208} INFO - Processing /home/airflow/.local/lib/python3.12/site-packages/airflow/example_dags/example_latest_only.py took 0.074 seconds
[2025-02-10T03:02:34.060+0000] {processor.py:186} INFO - Started process (PID=919) to work on /home/airflow/.local/lib/python3.12/site-packages/airflow/example_dags/example_latest_only.py
[2025-02-10T03:02:34.060+0000] {processor.py:914} INFO - Processing file /home/airflow/.local/lib/python3.12/site-packages/airflow/example_dags/example_latest_only.py for tasks to queue
[2025-02-10T03:02:34.062+0000] {logging_mixin.py:190} INFO - [2025-02-10T03:02:34.062+0000] {dagbag.py:588} INFO - Filling up the DagBag from /home/airflow/.local/lib/python3.12/site-packages/airflow/example_dags/example_latest_only.py
[2025-02-10T03:02:34.066+0000] {processor.py:925} INFO - DAG(s) 'latest_only' retrieved from /home/airflow/.local/lib/python3.12/site-packages/airflow/example_dags/example_latest_only.py
[2025-02-10T03:02:34.077+0000] {logging_mixin.py:190} INFO - [2025-02-10T03:02:34.077+0000] {dag.py:3239} INFO - Sync 1 DAGs
[2025-02-10T03:02:34.091+0000] {logging_mixin.py:190} INFO - [2025-02-10T03:02:34.091+0000] {dag.py:4180} INFO - Setting next_dagrun for latest_only to 2025-02-09 20:00:00+00:00, run_after=2025-02-10 00:00:00+00:00
[2025-02-10T03:02:34.105+0000] {processor.py:208} INFO - Processing /home/airflow/.local/lib/python3.12/site-packages/airflow/example_dags/example_latest_only.py took 0.050 seconds
[2025-02-10T03:03:05.511+0000] {processor.py:186} INFO - Started process (PID=983) to work on /home/airflow/.local/lib/python3.12/site-packages/airflow/example_dags/example_latest_only.py
[2025-02-10T03:03:05.512+0000] {processor.py:914} INFO - Processing file /home/airflow/.local/lib/python3.12/site-packages/airflow/example_dags/example_latest_only.py for tasks to queue
[2025-02-10T03:03:05.516+0000] {logging_mixin.py:190} INFO - [2025-02-10T03:03:05.515+0000] {dagbag.py:588} INFO - Filling up the DagBag from /home/airflow/.local/lib/python3.12/site-packages/airflow/example_dags/example_latest_only.py
[2025-02-10T03:03:05.533+0000] {processor.py:925} INFO - DAG(s) 'latest_only' retrieved from /home/airflow/.local/lib/python3.12/site-packages/airflow/example_dags/example_latest_only.py
[2025-02-10T03:03:05.554+0000] {logging_mixin.py:190} INFO - [2025-02-10T03:03:05.554+0000] {dag.py:3239} INFO - Sync 1 DAGs
[2025-02-10T03:03:05.571+0000] {logging_mixin.py:190} INFO - [2025-02-10T03:03:05.570+0000] {dag.py:4180} INFO - Setting next_dagrun for latest_only to 2025-02-09 20:00:00+00:00, run_after=2025-02-10 00:00:00+00:00
[2025-02-10T03:03:05.579+0000] {processor.py:208} INFO - Processing /home/airflow/.local/lib/python3.12/site-packages/airflow/example_dags/example_latest_only.py took 0.075 seconds
[2025-02-10T03:03:37.656+0000] {processor.py:186} INFO - Started process (PID=1047) to work on /home/airflow/.local/lib/python3.12/site-packages/airflow/example_dags/example_latest_only.py
[2025-02-10T03:03:37.657+0000] {processor.py:914} INFO - Processing file /home/airflow/.local/lib/python3.12/site-packages/airflow/example_dags/example_latest_only.py for tasks to queue
[2025-02-10T03:03:37.659+0000] {logging_mixin.py:190} INFO - [2025-02-10T03:03:37.658+0000] {dagbag.py:588} INFO - Filling up the DagBag from /home/airflow/.local/lib/python3.12/site-packages/airflow/example_dags/example_latest_only.py
[2025-02-10T03:03:37.667+0000] {processor.py:925} INFO - DAG(s) 'latest_only' retrieved from /home/airflow/.local/lib/python3.12/site-packages/airflow/example_dags/example_latest_only.py
[2025-02-10T03:03:37.689+0000] {logging_mixin.py:190} INFO - [2025-02-10T03:03:37.689+0000] {dag.py:3239} INFO - Sync 1 DAGs
[2025-02-10T03:03:37.705+0000] {logging_mixin.py:190} INFO - [2025-02-10T03:03:37.705+0000] {dag.py:4180} INFO - Setting next_dagrun for latest_only to 2025-02-09 20:00:00+00:00, run_after=2025-02-10 00:00:00+00:00
[2025-02-10T03:03:37.717+0000] {processor.py:208} INFO - Processing /home/airflow/.local/lib/python3.12/site-packages/airflow/example_dags/example_latest_only.py took 0.065 seconds
[2025-02-10T03:04:09.126+0000] {processor.py:186} INFO - Started process (PID=1111) to work on /home/airflow/.local/lib/python3.12/site-packages/airflow/example_dags/example_latest_only.py
[2025-02-10T03:04:09.126+0000] {processor.py:914} INFO - Processing file /home/airflow/.local/lib/python3.12/site-packages/airflow/example_dags/example_latest_only.py for tasks to queue
[2025-02-10T03:04:09.128+0000] {logging_mixin.py:190} INFO - [2025-02-10T03:04:09.128+0000] {dagbag.py:588} INFO - Filling up the DagBag from /home/airflow/.local/lib/python3.12/site-packages/airflow/example_dags/example_latest_only.py
[2025-02-10T03:04:09.133+0000] {processor.py:925} INFO - DAG(s) 'latest_only' retrieved from /home/airflow/.local/lib/python3.12/site-packages/airflow/example_dags/example_latest_only.py
[2025-02-10T03:04:09.143+0000] {logging_mixin.py:190} INFO - [2025-02-10T03:04:09.142+0000] {dag.py:3239} INFO - Sync 1 DAGs
[2025-02-10T03:04:09.152+0000] {logging_mixin.py:190} INFO - [2025-02-10T03:04:09.152+0000] {dag.py:4180} INFO - Setting next_dagrun for latest_only to 2025-02-09 20:00:00+00:00, run_after=2025-02-10 00:00:00+00:00
[2025-02-10T03:04:09.161+0000] {processor.py:208} INFO - Processing /home/airflow/.local/lib/python3.12/site-packages/airflow/example_dags/example_latest_only.py took 0.038 seconds
[2025-02-10T03:04:40.250+0000] {processor.py:186} INFO - Started process (PID=1175) to work on /home/airflow/.local/lib/python3.12/site-packages/airflow/example_dags/example_latest_only.py
[2025-02-10T03:04:40.251+0000] {processor.py:914} INFO - Processing file /home/airflow/.local/lib/python3.12/site-packages/airflow/example_dags/example_latest_only.py for tasks to queue
[2025-02-10T03:04:40.253+0000] {logging_mixin.py:190} INFO - [2025-02-10T03:04:40.252+0000] {dagbag.py:588} INFO - Filling up the DagBag from /home/airflow/.local/lib/python3.12/site-packages/airflow/example_dags/example_latest_only.py
[2025-02-10T03:04:40.258+0000] {processor.py:925} INFO - DAG(s) 'latest_only' retrieved from /home/airflow/.local/lib/python3.12/site-packages/airflow/example_dags/example_latest_only.py
[2025-02-10T03:04:40.272+0000] {logging_mixin.py:190} INFO - [2025-02-10T03:04:40.272+0000] {dag.py:3239} INFO - Sync 1 DAGs
[2025-02-10T03:04:40.287+0000] {logging_mixin.py:190} INFO - [2025-02-10T03:04:40.287+0000] {dag.py:4180} INFO - Setting next_dagrun for latest_only to 2025-02-09 20:00:00+00:00, run_after=2025-02-10 00:00:00+00:00
[2025-02-10T03:04:40.296+0000] {processor.py:208} INFO - Processing /home/airflow/.local/lib/python3.12/site-packages/airflow/example_dags/example_latest_only.py took 0.049 seconds
[2025-02-10T03:05:11.139+0000] {processor.py:186} INFO - Started process (PID=1239) to work on /home/airflow/.local/lib/python3.12/site-packages/airflow/example_dags/example_latest_only.py
[2025-02-10T03:05:11.140+0000] {processor.py:914} INFO - Processing file /home/airflow/.local/lib/python3.12/site-packages/airflow/example_dags/example_latest_only.py for tasks to queue
[2025-02-10T03:05:11.142+0000] {logging_mixin.py:190} INFO - [2025-02-10T03:05:11.142+0000] {dagbag.py:588} INFO - Filling up the DagBag from /home/airflow/.local/lib/python3.12/site-packages/airflow/example_dags/example_latest_only.py
[2025-02-10T03:05:11.145+0000] {processor.py:925} INFO - DAG(s) 'latest_only' retrieved from /home/airflow/.local/lib/python3.12/site-packages/airflow/example_dags/example_latest_only.py
[2025-02-10T03:05:11.160+0000] {logging_mixin.py:190} INFO - [2025-02-10T03:05:11.160+0000] {dag.py:3239} INFO - Sync 1 DAGs
[2025-02-10T03:05:11.173+0000] {logging_mixin.py:190} INFO - [2025-02-10T03:05:11.173+0000] {dag.py:4180} INFO - Setting next_dagrun for latest_only to 2025-02-09 20:00:00+00:00, run_after=2025-02-10 00:00:00+00:00
[2025-02-10T03:05:11.181+0000] {processor.py:208} INFO - Processing /home/airflow/.local/lib/python3.12/site-packages/airflow/example_dags/example_latest_only.py took 0.045 seconds
[2025-02-10T03:05:42.123+0000] {processor.py:186} INFO - Started process (PID=1302) to work on /home/airflow/.local/lib/python3.12/site-packages/airflow/example_dags/example_latest_only.py
[2025-02-10T03:05:42.125+0000] {processor.py:914} INFO - Processing file /home/airflow/.local/lib/python3.12/site-packages/airflow/example_dags/example_latest_only.py for tasks to queue
[2025-02-10T03:05:42.127+0000] {logging_mixin.py:190} INFO - [2025-02-10T03:05:42.127+0000] {dagbag.py:588} INFO - Filling up the DagBag from /home/airflow/.local/lib/python3.12/site-packages/airflow/example_dags/example_latest_only.py
[2025-02-10T03:05:42.132+0000] {processor.py:925} INFO - DAG(s) 'latest_only' retrieved from /home/airflow/.local/lib/python3.12/site-packages/airflow/example_dags/example_latest_only.py
[2025-02-10T03:05:42.145+0000] {logging_mixin.py:190} INFO - [2025-02-10T03:05:42.145+0000] {dag.py:3239} INFO - Sync 1 DAGs
[2025-02-10T03:05:42.155+0000] {logging_mixin.py:190} INFO - [2025-02-10T03:05:42.154+0000] {dag.py:4180} INFO - Setting next_dagrun for latest_only to 2025-02-09 20:00:00+00:00, run_after=2025-02-10 00:00:00+00:00
[2025-02-10T03:05:42.161+0000] {processor.py:208} INFO - Processing /home/airflow/.local/lib/python3.12/site-packages/airflow/example_dags/example_latest_only.py took 0.041 seconds
[2025-02-10T03:06:13.270+0000] {processor.py:186} INFO - Started process (PID=1366) to work on /home/airflow/.local/lib/python3.12/site-packages/airflow/example_dags/example_latest_only.py
[2025-02-10T03:06:13.271+0000] {processor.py:914} INFO - Processing file /home/airflow/.local/lib/python3.12/site-packages/airflow/example_dags/example_latest_only.py for tasks to queue
[2025-02-10T03:06:13.272+0000] {logging_mixin.py:190} INFO - [2025-02-10T03:06:13.272+0000] {dagbag.py:588} INFO - Filling up the DagBag from /home/airflow/.local/lib/python3.12/site-packages/airflow/example_dags/example_latest_only.py
[2025-02-10T03:06:13.277+0000] {processor.py:925} INFO - DAG(s) 'latest_only' retrieved from /home/airflow/.local/lib/python3.12/site-packages/airflow/example_dags/example_latest_only.py
[2025-02-10T03:06:13.290+0000] {logging_mixin.py:190} INFO - [2025-02-10T03:06:13.290+0000] {dag.py:3239} INFO - Sync 1 DAGs
[2025-02-10T03:06:13.303+0000] {logging_mixin.py:190} INFO - [2025-02-10T03:06:13.303+0000] {dag.py:4180} INFO - Setting next_dagrun for latest_only to 2025-02-09 20:00:00+00:00, run_after=2025-02-10 00:00:00+00:00
[2025-02-10T03:06:13.313+0000] {processor.py:208} INFO - Processing /home/airflow/.local/lib/python3.12/site-packages/airflow/example_dags/example_latest_only.py took 0.046 seconds
[2025-02-10T03:06:45.292+0000] {processor.py:186} INFO - Started process (PID=1430) to work on /home/airflow/.local/lib/python3.12/site-packages/airflow/example_dags/example_latest_only.py
[2025-02-10T03:06:45.293+0000] {processor.py:914} INFO - Processing file /home/airflow/.local/lib/python3.12/site-packages/airflow/example_dags/example_latest_only.py for tasks to queue
[2025-02-10T03:06:45.294+0000] {logging_mixin.py:190} INFO - [2025-02-10T03:06:45.294+0000] {dagbag.py:588} INFO - Filling up the DagBag from /home/airflow/.local/lib/python3.12/site-packages/airflow/example_dags/example_latest_only.py
[2025-02-10T03:06:45.299+0000] {processor.py:925} INFO - DAG(s) 'latest_only' retrieved from /home/airflow/.local/lib/python3.12/site-packages/airflow/example_dags/example_latest_only.py
[2025-02-10T03:06:45.313+0000] {logging_mixin.py:190} INFO - [2025-02-10T03:06:45.313+0000] {dag.py:3239} INFO - Sync 1 DAGs
[2025-02-10T03:06:45.326+0000] {logging_mixin.py:190} INFO - [2025-02-10T03:06:45.326+0000] {dag.py:4180} INFO - Setting next_dagrun for latest_only to 2025-02-09 20:00:00+00:00, run_after=2025-02-10 00:00:00+00:00
[2025-02-10T03:06:45.336+0000] {processor.py:208} INFO - Processing /home/airflow/.local/lib/python3.12/site-packages/airflow/example_dags/example_latest_only.py took 0.050 seconds
[2025-02-10T03:07:16.371+0000] {processor.py:186} INFO - Started process (PID=1494) to work on /home/airflow/.local/lib/python3.12/site-packages/airflow/example_dags/example_latest_only.py
[2025-02-10T03:07:16.372+0000] {processor.py:914} INFO - Processing file /home/airflow/.local/lib/python3.12/site-packages/airflow/example_dags/example_latest_only.py for tasks to queue
[2025-02-10T03:07:16.372+0000] {logging_mixin.py:190} INFO - [2025-02-10T03:07:16.372+0000] {dagbag.py:588} INFO - Filling up the DagBag from /home/airflow/.local/lib/python3.12/site-packages/airflow/example_dags/example_latest_only.py
[2025-02-10T03:07:16.376+0000] {processor.py:925} INFO - DAG(s) 'latest_only' retrieved from /home/airflow/.local/lib/python3.12/site-packages/airflow/example_dags/example_latest_only.py
[2025-02-10T03:07:16.384+0000] {logging_mixin.py:190} INFO - [2025-02-10T03:07:16.384+0000] {dag.py:3239} INFO - Sync 1 DAGs
[2025-02-10T03:07:16.393+0000] {logging_mixin.py:190} INFO - [2025-02-10T03:07:16.393+0000] {dag.py:4180} INFO - Setting next_dagrun for latest_only to 2025-02-09 20:00:00+00:00, run_after=2025-02-10 00:00:00+00:00
[2025-02-10T03:07:16.399+0000] {processor.py:208} INFO - Processing /home/airflow/.local/lib/python3.12/site-packages/airflow/example_dags/example_latest_only.py took 0.030 seconds
[2025-02-10T03:07:47.091+0000] {processor.py:186} INFO - Started process (PID=1564) to work on /home/airflow/.local/lib/python3.12/site-packages/airflow/example_dags/example_latest_only.py
[2025-02-10T03:07:47.092+0000] {processor.py:914} INFO - Processing file /home/airflow/.local/lib/python3.12/site-packages/airflow/example_dags/example_latest_only.py for tasks to queue
[2025-02-10T03:07:47.093+0000] {logging_mixin.py:190} INFO - [2025-02-10T03:07:47.093+0000] {dagbag.py:588} INFO - Filling up the DagBag from /home/airflow/.local/lib/python3.12/site-packages/airflow/example_dags/example_latest_only.py
[2025-02-10T03:07:47.096+0000] {processor.py:925} INFO - DAG(s) 'latest_only' retrieved from /home/airflow/.local/lib/python3.12/site-packages/airflow/example_dags/example_latest_only.py
[2025-02-10T03:07:47.106+0000] {logging_mixin.py:190} INFO - [2025-02-10T03:07:47.106+0000] {dag.py:3239} INFO - Sync 1 DAGs
[2025-02-10T03:07:47.121+0000] {logging_mixin.py:190} INFO - [2025-02-10T03:07:47.121+0000] {dag.py:4180} INFO - Setting next_dagrun for latest_only to 2025-02-09 20:00:00+00:00, run_after=2025-02-10 00:00:00+00:00
[2025-02-10T03:07:47.128+0000] {processor.py:208} INFO - Processing /home/airflow/.local/lib/python3.12/site-packages/airflow/example_dags/example_latest_only.py took 0.041 seconds
[2025-02-10T03:08:18.545+0000] {processor.py:186} INFO - Started process (PID=1629) to work on /home/airflow/.local/lib/python3.12/site-packages/airflow/example_dags/example_latest_only.py
[2025-02-10T03:08:18.546+0000] {processor.py:914} INFO - Processing file /home/airflow/.local/lib/python3.12/site-packages/airflow/example_dags/example_latest_only.py for tasks to queue
[2025-02-10T03:08:18.547+0000] {logging_mixin.py:190} INFO - [2025-02-10T03:08:18.547+0000] {dagbag.py:588} INFO - Filling up the DagBag from /home/airflow/.local/lib/python3.12/site-packages/airflow/example_dags/example_latest_only.py
[2025-02-10T03:08:18.550+0000] {processor.py:925} INFO - DAG(s) 'latest_only' retrieved from /home/airflow/.local/lib/python3.12/site-packages/airflow/example_dags/example_latest_only.py
[2025-02-10T03:08:18.563+0000] {logging_mixin.py:190} INFO - [2025-02-10T03:08:18.563+0000] {dag.py:3239} INFO - Sync 1 DAGs
[2025-02-10T03:08:18.577+0000] {logging_mixin.py:190} INFO - [2025-02-10T03:08:18.577+0000] {dag.py:4180} INFO - Setting next_dagrun for latest_only to 2025-02-09 20:00:00+00:00, run_after=2025-02-10 00:00:00+00:00
[2025-02-10T03:08:18.589+0000] {processor.py:208} INFO - Processing /home/airflow/.local/lib/python3.12/site-packages/airflow/example_dags/example_latest_only.py took 0.050 seconds
[2025-02-10T03:08:49.173+0000] {processor.py:186} INFO - Started process (PID=1693) to work on /home/airflow/.local/lib/python3.12/site-packages/airflow/example_dags/example_latest_only.py
[2025-02-10T03:08:49.175+0000] {processor.py:914} INFO - Processing file /home/airflow/.local/lib/python3.12/site-packages/airflow/example_dags/example_latest_only.py for tasks to queue
[2025-02-10T03:08:49.176+0000] {logging_mixin.py:190} INFO - [2025-02-10T03:08:49.176+0000] {dagbag.py:588} INFO - Filling up the DagBag from /home/airflow/.local/lib/python3.12/site-packages/airflow/example_dags/example_latest_only.py
[2025-02-10T03:08:49.182+0000] {processor.py:925} INFO - DAG(s) 'latest_only' retrieved from /home/airflow/.local/lib/python3.12/site-packages/airflow/example_dags/example_latest_only.py
[2025-02-10T03:08:49.193+0000] {logging_mixin.py:190} INFO - [2025-02-10T03:08:49.193+0000] {dag.py:3239} INFO - Sync 1 DAGs
[2025-02-10T03:08:49.208+0000] {logging_mixin.py:190} INFO - [2025-02-10T03:08:49.208+0000] {dag.py:4180} INFO - Setting next_dagrun for latest_only to 2025-02-09 20:00:00+00:00, run_after=2025-02-10 00:00:00+00:00
[2025-02-10T03:08:49.218+0000] {processor.py:208} INFO - Processing /home/airflow/.local/lib/python3.12/site-packages/airflow/example_dags/example_latest_only.py took 0.049 seconds
[2025-02-10T03:09:20.718+0000] {processor.py:186} INFO - Started process (PID=1757) to work on /home/airflow/.local/lib/python3.12/site-packages/airflow/example_dags/example_latest_only.py
[2025-02-10T03:09:20.720+0000] {processor.py:914} INFO - Processing file /home/airflow/.local/lib/python3.12/site-packages/airflow/example_dags/example_latest_only.py for tasks to queue
[2025-02-10T03:09:20.723+0000] {logging_mixin.py:190} INFO - [2025-02-10T03:09:20.723+0000] {dagbag.py:588} INFO - Filling up the DagBag from /home/airflow/.local/lib/python3.12/site-packages/airflow/example_dags/example_latest_only.py
[2025-02-10T03:09:20.729+0000] {processor.py:925} INFO - DAG(s) 'latest_only' retrieved from /home/airflow/.local/lib/python3.12/site-packages/airflow/example_dags/example_latest_only.py
[2025-02-10T03:09:20.744+0000] {logging_mixin.py:190} INFO - [2025-02-10T03:09:20.744+0000] {dag.py:3239} INFO - Sync 1 DAGs
[2025-02-10T03:09:20.760+0000] {logging_mixin.py:190} INFO - [2025-02-10T03:09:20.760+0000] {dag.py:4180} INFO - Setting next_dagrun for latest_only to 2025-02-09 20:00:00+00:00, run_after=2025-02-10 00:00:00+00:00
[2025-02-10T03:09:20.772+0000] {processor.py:208} INFO - Processing /home/airflow/.local/lib/python3.12/site-packages/airflow/example_dags/example_latest_only.py took 0.058 seconds
[2025-02-10T03:09:51.591+0000] {processor.py:186} INFO - Started process (PID=1821) to work on /home/airflow/.local/lib/python3.12/site-packages/airflow/example_dags/example_latest_only.py
[2025-02-10T03:09:51.592+0000] {processor.py:914} INFO - Processing file /home/airflow/.local/lib/python3.12/site-packages/airflow/example_dags/example_latest_only.py for tasks to queue
[2025-02-10T03:09:51.594+0000] {logging_mixin.py:190} INFO - [2025-02-10T03:09:51.594+0000] {dagbag.py:588} INFO - Filling up the DagBag from /home/airflow/.local/lib/python3.12/site-packages/airflow/example_dags/example_latest_only.py
[2025-02-10T03:09:51.597+0000] {processor.py:925} INFO - DAG(s) 'latest_only' retrieved from /home/airflow/.local/lib/python3.12/site-packages/airflow/example_dags/example_latest_only.py
[2025-02-10T03:09:51.609+0000] {logging_mixin.py:190} INFO - [2025-02-10T03:09:51.609+0000] {dag.py:3239} INFO - Sync 1 DAGs
[2025-02-10T03:09:51.618+0000] {logging_mixin.py:190} INFO - [2025-02-10T03:09:51.618+0000] {dag.py:4180} INFO - Setting next_dagrun for latest_only to 2025-02-09 20:00:00+00:00, run_after=2025-02-10 00:00:00+00:00
[2025-02-10T03:09:51.626+0000] {processor.py:208} INFO - Processing /home/airflow/.local/lib/python3.12/site-packages/airflow/example_dags/example_latest_only.py took 0.038 seconds
[2025-02-10T03:10:22.642+0000] {processor.py:186} INFO - Started process (PID=1885) to work on /home/airflow/.local/lib/python3.12/site-packages/airflow/example_dags/example_latest_only.py
[2025-02-10T03:10:22.645+0000] {processor.py:914} INFO - Processing file /home/airflow/.local/lib/python3.12/site-packages/airflow/example_dags/example_latest_only.py for tasks to queue
[2025-02-10T03:10:22.648+0000] {logging_mixin.py:190} INFO - [2025-02-10T03:10:22.648+0000] {dagbag.py:588} INFO - Filling up the DagBag from /home/airflow/.local/lib/python3.12/site-packages/airflow/example_dags/example_latest_only.py
[2025-02-10T03:10:22.651+0000] {processor.py:925} INFO - DAG(s) 'latest_only' retrieved from /home/airflow/.local/lib/python3.12/site-packages/airflow/example_dags/example_latest_only.py
[2025-02-10T03:10:22.663+0000] {logging_mixin.py:190} INFO - [2025-02-10T03:10:22.663+0000] {dag.py:3239} INFO - Sync 1 DAGs
[2025-02-10T03:10:22.675+0000] {logging_mixin.py:190} INFO - [2025-02-10T03:10:22.675+0000] {dag.py:4180} INFO - Setting next_dagrun for latest_only to 2025-02-09 20:00:00+00:00, run_after=2025-02-10 00:00:00+00:00
[2025-02-10T03:10:22.682+0000] {processor.py:208} INFO - Processing /home/airflow/.local/lib/python3.12/site-packages/airflow/example_dags/example_latest_only.py took 0.043 seconds
[2025-02-10T03:10:53.479+0000] {processor.py:186} INFO - Started process (PID=1949) to work on /home/airflow/.local/lib/python3.12/site-packages/airflow/example_dags/example_latest_only.py
[2025-02-10T03:10:53.480+0000] {processor.py:914} INFO - Processing file /home/airflow/.local/lib/python3.12/site-packages/airflow/example_dags/example_latest_only.py for tasks to queue
[2025-02-10T03:10:53.482+0000] {logging_mixin.py:190} INFO - [2025-02-10T03:10:53.482+0000] {dagbag.py:588} INFO - Filling up the DagBag from /home/airflow/.local/lib/python3.12/site-packages/airflow/example_dags/example_latest_only.py
[2025-02-10T03:10:53.485+0000] {processor.py:925} INFO - DAG(s) 'latest_only' retrieved from /home/airflow/.local/lib/python3.12/site-packages/airflow/example_dags/example_latest_only.py
[2025-02-10T03:10:53.497+0000] {logging_mixin.py:190} INFO - [2025-02-10T03:10:53.497+0000] {dag.py:3239} INFO - Sync 1 DAGs
[2025-02-10T03:10:53.509+0000] {logging_mixin.py:190} INFO - [2025-02-10T03:10:53.509+0000] {dag.py:4180} INFO - Setting next_dagrun for latest_only to 2025-02-09 20:00:00+00:00, run_after=2025-02-10 00:00:00+00:00
[2025-02-10T03:10:53.520+0000] {processor.py:208} INFO - Processing /home/airflow/.local/lib/python3.12/site-packages/airflow/example_dags/example_latest_only.py took 0.045 seconds
[2025-02-10T03:11:24.725+0000] {processor.py:186} INFO - Started process (PID=2013) to work on /home/airflow/.local/lib/python3.12/site-packages/airflow/example_dags/example_latest_only.py
[2025-02-10T03:11:24.726+0000] {processor.py:914} INFO - Processing file /home/airflow/.local/lib/python3.12/site-packages/airflow/example_dags/example_latest_only.py for tasks to queue
[2025-02-10T03:11:24.728+0000] {logging_mixin.py:190} INFO - [2025-02-10T03:11:24.728+0000] {dagbag.py:588} INFO - Filling up the DagBag from /home/airflow/.local/lib/python3.12/site-packages/airflow/example_dags/example_latest_only.py
[2025-02-10T03:11:24.732+0000] {processor.py:925} INFO - DAG(s) 'latest_only' retrieved from /home/airflow/.local/lib/python3.12/site-packages/airflow/example_dags/example_latest_only.py
[2025-02-10T03:11:24.742+0000] {logging_mixin.py:190} INFO - [2025-02-10T03:11:24.742+0000] {dag.py:3239} INFO - Sync 1 DAGs
[2025-02-10T03:11:24.758+0000] {logging_mixin.py:190} INFO - [2025-02-10T03:11:24.758+0000] {dag.py:4180} INFO - Setting next_dagrun for latest_only to 2025-02-09 20:00:00+00:00, run_after=2025-02-10 00:00:00+00:00
[2025-02-10T03:11:24.770+0000] {processor.py:208} INFO - Processing /home/airflow/.local/lib/python3.12/site-packages/airflow/example_dags/example_latest_only.py took 0.051 seconds
[2025-02-10T03:11:55.516+0000] {processor.py:186} INFO - Started process (PID=2077) to work on /home/airflow/.local/lib/python3.12/site-packages/airflow/example_dags/example_latest_only.py
[2025-02-10T03:11:55.517+0000] {processor.py:914} INFO - Processing file /home/airflow/.local/lib/python3.12/site-packages/airflow/example_dags/example_latest_only.py for tasks to queue
[2025-02-10T03:11:55.518+0000] {logging_mixin.py:190} INFO - [2025-02-10T03:11:55.518+0000] {dagbag.py:588} INFO - Filling up the DagBag from /home/airflow/.local/lib/python3.12/site-packages/airflow/example_dags/example_latest_only.py
[2025-02-10T03:11:55.522+0000] {processor.py:925} INFO - DAG(s) 'latest_only' retrieved from /home/airflow/.local/lib/python3.12/site-packages/airflow/example_dags/example_latest_only.py
[2025-02-10T03:11:55.532+0000] {logging_mixin.py:190} INFO - [2025-02-10T03:11:55.532+0000] {dag.py:3239} INFO - Sync 1 DAGs
[2025-02-10T03:11:55.542+0000] {logging_mixin.py:190} INFO - [2025-02-10T03:11:55.542+0000] {dag.py:4180} INFO - Setting next_dagrun for latest_only to 2025-02-09 20:00:00+00:00, run_after=2025-02-10 00:00:00+00:00
[2025-02-10T03:11:55.549+0000] {processor.py:208} INFO - Processing /home/airflow/.local/lib/python3.12/site-packages/airflow/example_dags/example_latest_only.py took 0.036 seconds
[2025-02-10T03:12:27.001+0000] {processor.py:186} INFO - Started process (PID=2142) to work on /home/airflow/.local/lib/python3.12/site-packages/airflow/example_dags/example_latest_only.py
[2025-02-10T03:12:27.003+0000] {processor.py:914} INFO - Processing file /home/airflow/.local/lib/python3.12/site-packages/airflow/example_dags/example_latest_only.py for tasks to queue
[2025-02-10T03:12:27.006+0000] {logging_mixin.py:190} INFO - [2025-02-10T03:12:27.006+0000] {dagbag.py:588} INFO - Filling up the DagBag from /home/airflow/.local/lib/python3.12/site-packages/airflow/example_dags/example_latest_only.py
[2025-02-10T03:12:27.014+0000] {processor.py:925} INFO - DAG(s) 'latest_only' retrieved from /home/airflow/.local/lib/python3.12/site-packages/airflow/example_dags/example_latest_only.py
[2025-02-10T03:12:27.046+0000] {logging_mixin.py:190} INFO - [2025-02-10T03:12:27.046+0000] {dag.py:3239} INFO - Sync 1 DAGs
[2025-02-10T03:12:27.066+0000] {logging_mixin.py:190} INFO - [2025-02-10T03:12:27.066+0000] {dag.py:4180} INFO - Setting next_dagrun for latest_only to 2025-02-09 20:00:00+00:00, run_after=2025-02-10 00:00:00+00:00
[2025-02-10T03:12:27.075+0000] {processor.py:208} INFO - Processing /home/airflow/.local/lib/python3.12/site-packages/airflow/example_dags/example_latest_only.py took 0.080 seconds
[2025-02-10T03:12:58.125+0000] {processor.py:186} INFO - Started process (PID=2206) to work on /home/airflow/.local/lib/python3.12/site-packages/airflow/example_dags/example_latest_only.py
[2025-02-10T03:12:58.127+0000] {processor.py:914} INFO - Processing file /home/airflow/.local/lib/python3.12/site-packages/airflow/example_dags/example_latest_only.py for tasks to queue
[2025-02-10T03:12:58.128+0000] {logging_mixin.py:190} INFO - [2025-02-10T03:12:58.128+0000] {dagbag.py:588} INFO - Filling up the DagBag from /home/airflow/.local/lib/python3.12/site-packages/airflow/example_dags/example_latest_only.py
[2025-02-10T03:12:58.133+0000] {processor.py:925} INFO - DAG(s) 'latest_only' retrieved from /home/airflow/.local/lib/python3.12/site-packages/airflow/example_dags/example_latest_only.py
[2025-02-10T03:12:58.146+0000] {logging_mixin.py:190} INFO - [2025-02-10T03:12:58.146+0000] {dag.py:3239} INFO - Sync 1 DAGs
[2025-02-10T03:12:58.158+0000] {logging_mixin.py:190} INFO - [2025-02-10T03:12:58.158+0000] {dag.py:4180} INFO - Setting next_dagrun for latest_only to 2025-02-09 20:00:00+00:00, run_after=2025-02-10 00:00:00+00:00
[2025-02-10T03:12:58.169+0000] {processor.py:208} INFO - Processing /home/airflow/.local/lib/python3.12/site-packages/airflow/example_dags/example_latest_only.py took 0.049 seconds
[2025-02-10T03:13:28.858+0000] {processor.py:186} INFO - Started process (PID=2270) to work on /home/airflow/.local/lib/python3.12/site-packages/airflow/example_dags/example_latest_only.py
[2025-02-10T03:13:28.861+0000] {processor.py:914} INFO - Processing file /home/airflow/.local/lib/python3.12/site-packages/airflow/example_dags/example_latest_only.py for tasks to queue
[2025-02-10T03:13:28.863+0000] {logging_mixin.py:190} INFO - [2025-02-10T03:13:28.862+0000] {dagbag.py:588} INFO - Filling up the DagBag from /home/airflow/.local/lib/python3.12/site-packages/airflow/example_dags/example_latest_only.py
[2025-02-10T03:13:28.866+0000] {processor.py:925} INFO - DAG(s) 'latest_only' retrieved from /home/airflow/.local/lib/python3.12/site-packages/airflow/example_dags/example_latest_only.py
[2025-02-10T03:13:28.884+0000] {logging_mixin.py:190} INFO - [2025-02-10T03:13:28.884+0000] {dag.py:3239} INFO - Sync 1 DAGs
[2025-02-10T03:13:28.907+0000] {logging_mixin.py:190} INFO - [2025-02-10T03:13:28.906+0000] {dag.py:4180} INFO - Setting next_dagrun for latest_only to 2025-02-09 20:00:00+00:00, run_after=2025-02-10 00:00:00+00:00
[2025-02-10T03:13:28.922+0000] {processor.py:208} INFO - Processing /home/airflow/.local/lib/python3.12/site-packages/airflow/example_dags/example_latest_only.py took 0.068 seconds
[2025-02-10T03:13:59.959+0000] {processor.py:186} INFO - Started process (PID=2334) to work on /home/airflow/.local/lib/python3.12/site-packages/airflow/example_dags/example_latest_only.py
[2025-02-10T03:13:59.960+0000] {processor.py:914} INFO - Processing file /home/airflow/.local/lib/python3.12/site-packages/airflow/example_dags/example_latest_only.py for tasks to queue
[2025-02-10T03:13:59.961+0000] {logging_mixin.py:190} INFO - [2025-02-10T03:13:59.961+0000] {dagbag.py:588} INFO - Filling up the DagBag from /home/airflow/.local/lib/python3.12/site-packages/airflow/example_dags/example_latest_only.py
[2025-02-10T03:13:59.965+0000] {processor.py:925} INFO - DAG(s) 'latest_only' retrieved from /home/airflow/.local/lib/python3.12/site-packages/airflow/example_dags/example_latest_only.py
[2025-02-10T03:13:59.978+0000] {logging_mixin.py:190} INFO - [2025-02-10T03:13:59.978+0000] {dag.py:3239} INFO - Sync 1 DAGs
[2025-02-10T03:13:59.992+0000] {logging_mixin.py:190} INFO - [2025-02-10T03:13:59.991+0000] {dag.py:4180} INFO - Setting next_dagrun for latest_only to 2025-02-09 20:00:00+00:00, run_after=2025-02-10 00:00:00+00:00
[2025-02-10T03:13:59.999+0000] {processor.py:208} INFO - Processing /home/airflow/.local/lib/python3.12/site-packages/airflow/example_dags/example_latest_only.py took 0.044 seconds
[2025-02-10T03:14:30.673+0000] {processor.py:186} INFO - Started process (PID=2398) to work on /home/airflow/.local/lib/python3.12/site-packages/airflow/example_dags/example_latest_only.py
[2025-02-10T03:14:30.675+0000] {processor.py:914} INFO - Processing file /home/airflow/.local/lib/python3.12/site-packages/airflow/example_dags/example_latest_only.py for tasks to queue
[2025-02-10T03:14:30.676+0000] {logging_mixin.py:190} INFO - [2025-02-10T03:14:30.676+0000] {dagbag.py:588} INFO - Filling up the DagBag from /home/airflow/.local/lib/python3.12/site-packages/airflow/example_dags/example_latest_only.py
[2025-02-10T03:14:30.682+0000] {processor.py:925} INFO - DAG(s) 'latest_only' retrieved from /home/airflow/.local/lib/python3.12/site-packages/airflow/example_dags/example_latest_only.py
[2025-02-10T03:14:30.694+0000] {logging_mixin.py:190} INFO - [2025-02-10T03:14:30.694+0000] {dag.py:3239} INFO - Sync 1 DAGs
[2025-02-10T03:14:30.707+0000] {logging_mixin.py:190} INFO - [2025-02-10T03:14:30.707+0000] {dag.py:4180} INFO - Setting next_dagrun for latest_only to 2025-02-09 20:00:00+00:00, run_after=2025-02-10 00:00:00+00:00
[2025-02-10T03:14:30.719+0000] {processor.py:208} INFO - Processing /home/airflow/.local/lib/python3.12/site-packages/airflow/example_dags/example_latest_only.py took 0.051 seconds
[2025-02-10T03:15:01.622+0000] {processor.py:186} INFO - Started process (PID=2462) to work on /home/airflow/.local/lib/python3.12/site-packages/airflow/example_dags/example_latest_only.py
[2025-02-10T03:15:01.623+0000] {processor.py:914} INFO - Processing file /home/airflow/.local/lib/python3.12/site-packages/airflow/example_dags/example_latest_only.py for tasks to queue
[2025-02-10T03:15:01.624+0000] {logging_mixin.py:190} INFO - [2025-02-10T03:15:01.623+0000] {dagbag.py:588} INFO - Filling up the DagBag from /home/airflow/.local/lib/python3.12/site-packages/airflow/example_dags/example_latest_only.py
[2025-02-10T03:15:01.628+0000] {processor.py:925} INFO - DAG(s) 'latest_only' retrieved from /home/airflow/.local/lib/python3.12/site-packages/airflow/example_dags/example_latest_only.py
[2025-02-10T03:15:01.637+0000] {logging_mixin.py:190} INFO - [2025-02-10T03:15:01.636+0000] {dag.py:3239} INFO - Sync 1 DAGs
[2025-02-10T03:15:01.646+0000] {logging_mixin.py:190} INFO - [2025-02-10T03:15:01.646+0000] {dag.py:4180} INFO - Setting next_dagrun for latest_only to 2025-02-09 20:00:00+00:00, run_after=2025-02-10 00:00:00+00:00
[2025-02-10T03:15:01.652+0000] {processor.py:208} INFO - Processing /home/airflow/.local/lib/python3.12/site-packages/airflow/example_dags/example_latest_only.py took 0.033 seconds
[2025-02-10T03:15:32.205+0000] {processor.py:186} INFO - Started process (PID=2525) to work on /home/airflow/.local/lib/python3.12/site-packages/airflow/example_dags/example_latest_only.py
[2025-02-10T03:15:32.206+0000] {processor.py:914} INFO - Processing file /home/airflow/.local/lib/python3.12/site-packages/airflow/example_dags/example_latest_only.py for tasks to queue
[2025-02-10T03:15:32.208+0000] {logging_mixin.py:190} INFO - [2025-02-10T03:15:32.208+0000] {dagbag.py:588} INFO - Filling up the DagBag from /home/airflow/.local/lib/python3.12/site-packages/airflow/example_dags/example_latest_only.py
[2025-02-10T03:15:32.215+0000] {processor.py:925} INFO - DAG(s) 'latest_only' retrieved from /home/airflow/.local/lib/python3.12/site-packages/airflow/example_dags/example_latest_only.py
[2025-02-10T03:15:32.231+0000] {logging_mixin.py:190} INFO - [2025-02-10T03:15:32.231+0000] {dag.py:3239} INFO - Sync 1 DAGs
[2025-02-10T03:15:32.249+0000] {logging_mixin.py:190} INFO - [2025-02-10T03:15:32.249+0000] {dag.py:4180} INFO - Setting next_dagrun for latest_only to 2025-02-09 20:00:00+00:00, run_after=2025-02-10 00:00:00+00:00
[2025-02-10T03:15:32.261+0000] {processor.py:208} INFO - Processing /home/airflow/.local/lib/python3.12/site-packages/airflow/example_dags/example_latest_only.py took 0.059 seconds
