[2025-02-10T02:55:51.809+0000] {processor.py:186} INFO - Started process (PID=103) to work on /home/airflow/.local/lib/python3.12/site-packages/airflow/example_dags/example_time_delta_sensor_async.py
[2025-02-10T02:55:51.811+0000] {processor.py:914} INFO - Processing file /home/airflow/.local/lib/python3.12/site-packages/airflow/example_dags/example_time_delta_sensor_async.py for tasks to queue
[2025-02-10T02:55:51.816+0000] {logging_mixin.py:190} INFO - [2025-02-10T02:55:51.816+0000] {dagbag.py:588} INFO - Filling up the DagBag from /home/airflow/.local/lib/python3.12/site-packages/airflow/example_dags/example_time_delta_sensor_async.py
[2025-02-10T02:55:51.830+0000] {processor.py:925} INFO - DAG(s) 'example_time_delta_sensor_async' retrieved from /home/airflow/.local/lib/python3.12/site-packages/airflow/example_dags/example_time_delta_sensor_async.py
[2025-02-10T02:55:51.962+0000] {logging_mixin.py:190} INFO - [2025-02-10T02:55:51.961+0000] {override.py:1911} INFO - Created Permission View: can read on DAG:example_time_delta_sensor_async
[2025-02-10T02:55:51.968+0000] {logging_mixin.py:190} INFO - [2025-02-10T02:55:51.968+0000] {override.py:1911} INFO - Created Permission View: can edit on DAG:example_time_delta_sensor_async
[2025-02-10T02:55:51.971+0000] {logging_mixin.py:190} INFO - [2025-02-10T02:55:51.971+0000] {override.py:1911} INFO - Created Permission View: can delete on DAG:example_time_delta_sensor_async
[2025-02-10T02:55:51.975+0000] {logging_mixin.py:190} INFO - [2025-02-10T02:55:51.975+0000] {override.py:1911} INFO - Created Permission View: can read on DAG Run:example_time_delta_sensor_async
[2025-02-10T02:55:51.979+0000] {logging_mixin.py:190} INFO - [2025-02-10T02:55:51.978+0000] {override.py:1911} INFO - Created Permission View: can delete on DAG Run:example_time_delta_sensor_async
[2025-02-10T02:55:51.983+0000] {logging_mixin.py:190} INFO - [2025-02-10T02:55:51.983+0000] {override.py:1911} INFO - Created Permission View: menu access on DAG Run:example_time_delta_sensor_async
[2025-02-10T02:55:51.990+0000] {logging_mixin.py:190} INFO - [2025-02-10T02:55:51.990+0000] {override.py:1911} INFO - Created Permission View: can create on DAG Run:example_time_delta_sensor_async
[2025-02-10T02:55:51.990+0000] {logging_mixin.py:190} INFO - [2025-02-10T02:55:51.990+0000] {dag.py:3239} INFO - Sync 1 DAGs
[2025-02-10T02:55:51.999+0000] {logging_mixin.py:190} INFO - [2025-02-10T02:55:51.999+0000] {dag.py:3262} INFO - Creating ORM DAG for example_time_delta_sensor_async
[2025-02-10T02:55:51.999+0000] {logging_mixin.py:190} INFO - [2025-02-10T02:55:51.999+0000] {dag.py:4180} INFO - Setting next_dagrun for example_time_delta_sensor_async to None, run_after=None
[2025-02-10T02:55:52.011+0000] {processor.py:208} INFO - Processing /home/airflow/.local/lib/python3.12/site-packages/airflow/example_dags/example_time_delta_sensor_async.py took 0.207 seconds
[2025-02-10T02:56:22.227+0000] {processor.py:186} INFO - Started process (PID=167) to work on /home/airflow/.local/lib/python3.12/site-packages/airflow/example_dags/example_time_delta_sensor_async.py
[2025-02-10T02:56:22.230+0000] {processor.py:914} INFO - Processing file /home/airflow/.local/lib/python3.12/site-packages/airflow/example_dags/example_time_delta_sensor_async.py for tasks to queue
[2025-02-10T02:56:22.231+0000] {logging_mixin.py:190} INFO - [2025-02-10T02:56:22.231+0000] {dagbag.py:588} INFO - Filling up the DagBag from /home/airflow/.local/lib/python3.12/site-packages/airflow/example_dags/example_time_delta_sensor_async.py
[2025-02-10T02:56:22.235+0000] {processor.py:925} INFO - DAG(s) 'example_time_delta_sensor_async' retrieved from /home/airflow/.local/lib/python3.12/site-packages/airflow/example_dags/example_time_delta_sensor_async.py
[2025-02-10T02:56:22.249+0000] {logging_mixin.py:190} INFO - [2025-02-10T02:56:22.249+0000] {dag.py:3239} INFO - Sync 1 DAGs
[2025-02-10T02:56:22.256+0000] {logging_mixin.py:190} INFO - [2025-02-10T02:56:22.256+0000] {dag.py:4180} INFO - Setting next_dagrun for example_time_delta_sensor_async to None, run_after=None
[2025-02-10T02:56:22.265+0000] {processor.py:208} INFO - Processing /home/airflow/.local/lib/python3.12/site-packages/airflow/example_dags/example_time_delta_sensor_async.py took 0.041 seconds
[2025-02-10T02:56:53.049+0000] {processor.py:186} INFO - Started process (PID=231) to work on /home/airflow/.local/lib/python3.12/site-packages/airflow/example_dags/example_time_delta_sensor_async.py
[2025-02-10T02:56:53.051+0000] {processor.py:914} INFO - Processing file /home/airflow/.local/lib/python3.12/site-packages/airflow/example_dags/example_time_delta_sensor_async.py for tasks to queue
[2025-02-10T02:56:53.053+0000] {logging_mixin.py:190} INFO - [2025-02-10T02:56:53.053+0000] {dagbag.py:588} INFO - Filling up the DagBag from /home/airflow/.local/lib/python3.12/site-packages/airflow/example_dags/example_time_delta_sensor_async.py
[2025-02-10T02:56:53.058+0000] {processor.py:925} INFO - DAG(s) 'example_time_delta_sensor_async' retrieved from /home/airflow/.local/lib/python3.12/site-packages/airflow/example_dags/example_time_delta_sensor_async.py
[2025-02-10T02:56:53.071+0000] {logging_mixin.py:190} INFO - [2025-02-10T02:56:53.070+0000] {dag.py:3239} INFO - Sync 1 DAGs
[2025-02-10T02:56:53.078+0000] {logging_mixin.py:190} INFO - [2025-02-10T02:56:53.077+0000] {dag.py:4180} INFO - Setting next_dagrun for example_time_delta_sensor_async to None, run_after=None
[2025-02-10T02:56:53.084+0000] {processor.py:208} INFO - Processing /home/airflow/.local/lib/python3.12/site-packages/airflow/example_dags/example_time_delta_sensor_async.py took 0.038 seconds
[2025-02-10T02:57:24.198+0000] {processor.py:186} INFO - Started process (PID=294) to work on /home/airflow/.local/lib/python3.12/site-packages/airflow/example_dags/example_time_delta_sensor_async.py
[2025-02-10T02:57:24.199+0000] {processor.py:914} INFO - Processing file /home/airflow/.local/lib/python3.12/site-packages/airflow/example_dags/example_time_delta_sensor_async.py for tasks to queue
[2025-02-10T02:57:24.203+0000] {logging_mixin.py:190} INFO - [2025-02-10T02:57:24.202+0000] {dagbag.py:588} INFO - Filling up the DagBag from /home/airflow/.local/lib/python3.12/site-packages/airflow/example_dags/example_time_delta_sensor_async.py
[2025-02-10T02:57:24.211+0000] {processor.py:925} INFO - DAG(s) 'example_time_delta_sensor_async' retrieved from /home/airflow/.local/lib/python3.12/site-packages/airflow/example_dags/example_time_delta_sensor_async.py
[2025-02-10T02:57:24.222+0000] {logging_mixin.py:190} INFO - [2025-02-10T02:57:24.222+0000] {dag.py:3239} INFO - Sync 1 DAGs
[2025-02-10T02:57:24.229+0000] {logging_mixin.py:190} INFO - [2025-02-10T02:57:24.229+0000] {dag.py:4180} INFO - Setting next_dagrun for example_time_delta_sensor_async to None, run_after=None
[2025-02-10T02:57:24.237+0000] {processor.py:208} INFO - Processing /home/airflow/.local/lib/python3.12/site-packages/airflow/example_dags/example_time_delta_sensor_async.py took 0.045 seconds
[2025-02-10T02:57:54.725+0000] {processor.py:186} INFO - Started process (PID=357) to work on /home/airflow/.local/lib/python3.12/site-packages/airflow/example_dags/example_time_delta_sensor_async.py
[2025-02-10T02:57:54.726+0000] {processor.py:914} INFO - Processing file /home/airflow/.local/lib/python3.12/site-packages/airflow/example_dags/example_time_delta_sensor_async.py for tasks to queue
[2025-02-10T02:57:54.727+0000] {logging_mixin.py:190} INFO - [2025-02-10T02:57:54.727+0000] {dagbag.py:588} INFO - Filling up the DagBag from /home/airflow/.local/lib/python3.12/site-packages/airflow/example_dags/example_time_delta_sensor_async.py
[2025-02-10T02:57:54.730+0000] {processor.py:925} INFO - DAG(s) 'example_time_delta_sensor_async' retrieved from /home/airflow/.local/lib/python3.12/site-packages/airflow/example_dags/example_time_delta_sensor_async.py
[2025-02-10T02:57:54.739+0000] {logging_mixin.py:190} INFO - [2025-02-10T02:57:54.738+0000] {dag.py:3239} INFO - Sync 1 DAGs
[2025-02-10T02:57:54.745+0000] {logging_mixin.py:190} INFO - [2025-02-10T02:57:54.745+0000] {dag.py:4180} INFO - Setting next_dagrun for example_time_delta_sensor_async to None, run_after=None
[2025-02-10T02:57:54.755+0000] {processor.py:208} INFO - Processing /home/airflow/.local/lib/python3.12/site-packages/airflow/example_dags/example_time_delta_sensor_async.py took 0.035 seconds
[2025-02-10T02:58:24.840+0000] {processor.py:186} INFO - Started process (PID=421) to work on /home/airflow/.local/lib/python3.12/site-packages/airflow/example_dags/example_time_delta_sensor_async.py
[2025-02-10T02:58:24.841+0000] {processor.py:914} INFO - Processing file /home/airflow/.local/lib/python3.12/site-packages/airflow/example_dags/example_time_delta_sensor_async.py for tasks to queue
[2025-02-10T02:58:24.842+0000] {logging_mixin.py:190} INFO - [2025-02-10T02:58:24.842+0000] {dagbag.py:588} INFO - Filling up the DagBag from /home/airflow/.local/lib/python3.12/site-packages/airflow/example_dags/example_time_delta_sensor_async.py
[2025-02-10T02:58:24.845+0000] {processor.py:925} INFO - DAG(s) 'example_time_delta_sensor_async' retrieved from /home/airflow/.local/lib/python3.12/site-packages/airflow/example_dags/example_time_delta_sensor_async.py
[2025-02-10T02:58:24.854+0000] {logging_mixin.py:190} INFO - [2025-02-10T02:58:24.854+0000] {dag.py:3239} INFO - Sync 1 DAGs
[2025-02-10T02:58:24.860+0000] {logging_mixin.py:190} INFO - [2025-02-10T02:58:24.860+0000] {dag.py:4180} INFO - Setting next_dagrun for example_time_delta_sensor_async to None, run_after=None
[2025-02-10T02:58:24.867+0000] {processor.py:208} INFO - Processing /home/airflow/.local/lib/python3.12/site-packages/airflow/example_dags/example_time_delta_sensor_async.py took 0.029 seconds
[2025-02-10T02:58:55.389+0000] {processor.py:186} INFO - Started process (PID=485) to work on /home/airflow/.local/lib/python3.12/site-packages/airflow/example_dags/example_time_delta_sensor_async.py
[2025-02-10T02:58:55.390+0000] {processor.py:914} INFO - Processing file /home/airflow/.local/lib/python3.12/site-packages/airflow/example_dags/example_time_delta_sensor_async.py for tasks to queue
[2025-02-10T02:58:55.391+0000] {logging_mixin.py:190} INFO - [2025-02-10T02:58:55.391+0000] {dagbag.py:588} INFO - Filling up the DagBag from /home/airflow/.local/lib/python3.12/site-packages/airflow/example_dags/example_time_delta_sensor_async.py
[2025-02-10T02:58:55.396+0000] {processor.py:925} INFO - DAG(s) 'example_time_delta_sensor_async' retrieved from /home/airflow/.local/lib/python3.12/site-packages/airflow/example_dags/example_time_delta_sensor_async.py
[2025-02-10T02:58:55.411+0000] {logging_mixin.py:190} INFO - [2025-02-10T02:58:55.411+0000] {dag.py:3239} INFO - Sync 1 DAGs
[2025-02-10T02:58:55.418+0000] {logging_mixin.py:190} INFO - [2025-02-10T02:58:55.418+0000] {dag.py:4180} INFO - Setting next_dagrun for example_time_delta_sensor_async to None, run_after=None
[2025-02-10T02:58:55.430+0000] {processor.py:208} INFO - Processing /home/airflow/.local/lib/python3.12/site-packages/airflow/example_dags/example_time_delta_sensor_async.py took 0.045 seconds
[2025-02-10T02:59:25.978+0000] {processor.py:186} INFO - Started process (PID=549) to work on /home/airflow/.local/lib/python3.12/site-packages/airflow/example_dags/example_time_delta_sensor_async.py
[2025-02-10T02:59:25.979+0000] {processor.py:914} INFO - Processing file /home/airflow/.local/lib/python3.12/site-packages/airflow/example_dags/example_time_delta_sensor_async.py for tasks to queue
[2025-02-10T02:59:25.980+0000] {logging_mixin.py:190} INFO - [2025-02-10T02:59:25.980+0000] {dagbag.py:588} INFO - Filling up the DagBag from /home/airflow/.local/lib/python3.12/site-packages/airflow/example_dags/example_time_delta_sensor_async.py
[2025-02-10T02:59:25.985+0000] {processor.py:925} INFO - DAG(s) 'example_time_delta_sensor_async' retrieved from /home/airflow/.local/lib/python3.12/site-packages/airflow/example_dags/example_time_delta_sensor_async.py
[2025-02-10T02:59:25.997+0000] {logging_mixin.py:190} INFO - [2025-02-10T02:59:25.997+0000] {dag.py:3239} INFO - Sync 1 DAGs
[2025-02-10T02:59:26.004+0000] {logging_mixin.py:190} INFO - [2025-02-10T02:59:26.004+0000] {dag.py:4180} INFO - Setting next_dagrun for example_time_delta_sensor_async to None, run_after=None
[2025-02-10T02:59:26.016+0000] {processor.py:208} INFO - Processing /home/airflow/.local/lib/python3.12/site-packages/airflow/example_dags/example_time_delta_sensor_async.py took 0.042 seconds
[2025-02-10T02:59:57.586+0000] {processor.py:186} INFO - Started process (PID=613) to work on /home/airflow/.local/lib/python3.12/site-packages/airflow/example_dags/example_time_delta_sensor_async.py
[2025-02-10T02:59:57.587+0000] {processor.py:914} INFO - Processing file /home/airflow/.local/lib/python3.12/site-packages/airflow/example_dags/example_time_delta_sensor_async.py for tasks to queue
[2025-02-10T02:59:57.589+0000] {logging_mixin.py:190} INFO - [2025-02-10T02:59:57.589+0000] {dagbag.py:588} INFO - Filling up the DagBag from /home/airflow/.local/lib/python3.12/site-packages/airflow/example_dags/example_time_delta_sensor_async.py
[2025-02-10T02:59:57.595+0000] {processor.py:925} INFO - DAG(s) 'example_time_delta_sensor_async' retrieved from /home/airflow/.local/lib/python3.12/site-packages/airflow/example_dags/example_time_delta_sensor_async.py
[2025-02-10T02:59:57.611+0000] {logging_mixin.py:190} INFO - [2025-02-10T02:59:57.611+0000] {dag.py:3239} INFO - Sync 1 DAGs
[2025-02-10T02:59:57.618+0000] {logging_mixin.py:190} INFO - [2025-02-10T02:59:57.618+0000] {dag.py:4180} INFO - Setting next_dagrun for example_time_delta_sensor_async to None, run_after=None
[2025-02-10T02:59:57.628+0000] {processor.py:208} INFO - Processing /home/airflow/.local/lib/python3.12/site-packages/airflow/example_dags/example_time_delta_sensor_async.py took 0.047 seconds
[2025-02-10T03:00:29.747+0000] {processor.py:186} INFO - Started process (PID=677) to work on /home/airflow/.local/lib/python3.12/site-packages/airflow/example_dags/example_time_delta_sensor_async.py
[2025-02-10T03:00:29.748+0000] {processor.py:914} INFO - Processing file /home/airflow/.local/lib/python3.12/site-packages/airflow/example_dags/example_time_delta_sensor_async.py for tasks to queue
[2025-02-10T03:00:29.749+0000] {logging_mixin.py:190} INFO - [2025-02-10T03:00:29.749+0000] {dagbag.py:588} INFO - Filling up the DagBag from /home/airflow/.local/lib/python3.12/site-packages/airflow/example_dags/example_time_delta_sensor_async.py
[2025-02-10T03:00:29.753+0000] {processor.py:925} INFO - DAG(s) 'example_time_delta_sensor_async' retrieved from /home/airflow/.local/lib/python3.12/site-packages/airflow/example_dags/example_time_delta_sensor_async.py
[2025-02-10T03:00:29.764+0000] {logging_mixin.py:190} INFO - [2025-02-10T03:00:29.763+0000] {dag.py:3239} INFO - Sync 1 DAGs
[2025-02-10T03:00:29.769+0000] {logging_mixin.py:190} INFO - [2025-02-10T03:00:29.769+0000] {dag.py:4180} INFO - Setting next_dagrun for example_time_delta_sensor_async to None, run_after=None
[2025-02-10T03:00:29.776+0000] {processor.py:208} INFO - Processing /home/airflow/.local/lib/python3.12/site-packages/airflow/example_dags/example_time_delta_sensor_async.py took 0.034 seconds
[2025-02-10T03:01:00.730+0000] {processor.py:186} INFO - Started process (PID=741) to work on /home/airflow/.local/lib/python3.12/site-packages/airflow/example_dags/example_time_delta_sensor_async.py
[2025-02-10T03:01:00.733+0000] {processor.py:914} INFO - Processing file /home/airflow/.local/lib/python3.12/site-packages/airflow/example_dags/example_time_delta_sensor_async.py for tasks to queue
[2025-02-10T03:01:00.735+0000] {logging_mixin.py:190} INFO - [2025-02-10T03:01:00.734+0000] {dagbag.py:588} INFO - Filling up the DagBag from /home/airflow/.local/lib/python3.12/site-packages/airflow/example_dags/example_time_delta_sensor_async.py
[2025-02-10T03:01:00.746+0000] {processor.py:925} INFO - DAG(s) 'example_time_delta_sensor_async' retrieved from /home/airflow/.local/lib/python3.12/site-packages/airflow/example_dags/example_time_delta_sensor_async.py
[2025-02-10T03:01:00.765+0000] {logging_mixin.py:190} INFO - [2025-02-10T03:01:00.764+0000] {dag.py:3239} INFO - Sync 1 DAGs
[2025-02-10T03:01:00.794+0000] {logging_mixin.py:190} INFO - [2025-02-10T03:01:00.794+0000] {dag.py:4180} INFO - Setting next_dagrun for example_time_delta_sensor_async to None, run_after=None
[2025-02-10T03:01:00.827+0000] {processor.py:208} INFO - Processing /home/airflow/.local/lib/python3.12/site-packages/airflow/example_dags/example_time_delta_sensor_async.py took 0.104 seconds
[2025-02-10T03:01:31.997+0000] {processor.py:186} INFO - Started process (PID=805) to work on /home/airflow/.local/lib/python3.12/site-packages/airflow/example_dags/example_time_delta_sensor_async.py
[2025-02-10T03:01:31.997+0000] {processor.py:914} INFO - Processing file /home/airflow/.local/lib/python3.12/site-packages/airflow/example_dags/example_time_delta_sensor_async.py for tasks to queue
[2025-02-10T03:01:31.999+0000] {logging_mixin.py:190} INFO - [2025-02-10T03:01:31.999+0000] {dagbag.py:588} INFO - Filling up the DagBag from /home/airflow/.local/lib/python3.12/site-packages/airflow/example_dags/example_time_delta_sensor_async.py
[2025-02-10T03:01:32.004+0000] {processor.py:925} INFO - DAG(s) 'example_time_delta_sensor_async' retrieved from /home/airflow/.local/lib/python3.12/site-packages/airflow/example_dags/example_time_delta_sensor_async.py
[2025-02-10T03:01:32.019+0000] {logging_mixin.py:190} INFO - [2025-02-10T03:01:32.018+0000] {dag.py:3239} INFO - Sync 1 DAGs
[2025-02-10T03:01:32.057+0000] {logging_mixin.py:190} INFO - [2025-02-10T03:01:32.056+0000] {dag.py:4180} INFO - Setting next_dagrun for example_time_delta_sensor_async to None, run_after=None
[2025-02-10T03:01:32.089+0000] {processor.py:208} INFO - Processing /home/airflow/.local/lib/python3.12/site-packages/airflow/example_dags/example_time_delta_sensor_async.py took 0.097 seconds
[2025-02-10T03:02:03.137+0000] {processor.py:186} INFO - Started process (PID=869) to work on /home/airflow/.local/lib/python3.12/site-packages/airflow/example_dags/example_time_delta_sensor_async.py
[2025-02-10T03:02:03.138+0000] {processor.py:914} INFO - Processing file /home/airflow/.local/lib/python3.12/site-packages/airflow/example_dags/example_time_delta_sensor_async.py for tasks to queue
[2025-02-10T03:02:03.139+0000] {logging_mixin.py:190} INFO - [2025-02-10T03:02:03.139+0000] {dagbag.py:588} INFO - Filling up the DagBag from /home/airflow/.local/lib/python3.12/site-packages/airflow/example_dags/example_time_delta_sensor_async.py
[2025-02-10T03:02:03.145+0000] {processor.py:925} INFO - DAG(s) 'example_time_delta_sensor_async' retrieved from /home/airflow/.local/lib/python3.12/site-packages/airflow/example_dags/example_time_delta_sensor_async.py
[2025-02-10T03:02:03.156+0000] {logging_mixin.py:190} INFO - [2025-02-10T03:02:03.155+0000] {dag.py:3239} INFO - Sync 1 DAGs
[2025-02-10T03:02:03.162+0000] {logging_mixin.py:190} INFO - [2025-02-10T03:02:03.162+0000] {dag.py:4180} INFO - Setting next_dagrun for example_time_delta_sensor_async to None, run_after=None
[2025-02-10T03:02:03.170+0000] {processor.py:208} INFO - Processing /home/airflow/.local/lib/python3.12/site-packages/airflow/example_dags/example_time_delta_sensor_async.py took 0.036 seconds
[2025-02-10T03:02:34.546+0000] {processor.py:186} INFO - Started process (PID=933) to work on /home/airflow/.local/lib/python3.12/site-packages/airflow/example_dags/example_time_delta_sensor_async.py
[2025-02-10T03:02:34.547+0000] {processor.py:914} INFO - Processing file /home/airflow/.local/lib/python3.12/site-packages/airflow/example_dags/example_time_delta_sensor_async.py for tasks to queue
[2025-02-10T03:02:34.548+0000] {logging_mixin.py:190} INFO - [2025-02-10T03:02:34.548+0000] {dagbag.py:588} INFO - Filling up the DagBag from /home/airflow/.local/lib/python3.12/site-packages/airflow/example_dags/example_time_delta_sensor_async.py
[2025-02-10T03:02:34.553+0000] {processor.py:925} INFO - DAG(s) 'example_time_delta_sensor_async' retrieved from /home/airflow/.local/lib/python3.12/site-packages/airflow/example_dags/example_time_delta_sensor_async.py
[2025-02-10T03:02:34.561+0000] {logging_mixin.py:190} INFO - [2025-02-10T03:02:34.561+0000] {dag.py:3239} INFO - Sync 1 DAGs
[2025-02-10T03:02:34.569+0000] {logging_mixin.py:190} INFO - [2025-02-10T03:02:34.569+0000] {dag.py:4180} INFO - Setting next_dagrun for example_time_delta_sensor_async to None, run_after=None
[2025-02-10T03:02:34.583+0000] {processor.py:208} INFO - Processing /home/airflow/.local/lib/python3.12/site-packages/airflow/example_dags/example_time_delta_sensor_async.py took 0.040 seconds
[2025-02-10T03:03:06.204+0000] {processor.py:186} INFO - Started process (PID=997) to work on /home/airflow/.local/lib/python3.12/site-packages/airflow/example_dags/example_time_delta_sensor_async.py
[2025-02-10T03:03:06.205+0000] {processor.py:914} INFO - Processing file /home/airflow/.local/lib/python3.12/site-packages/airflow/example_dags/example_time_delta_sensor_async.py for tasks to queue
[2025-02-10T03:03:06.206+0000] {logging_mixin.py:190} INFO - [2025-02-10T03:03:06.206+0000] {dagbag.py:588} INFO - Filling up the DagBag from /home/airflow/.local/lib/python3.12/site-packages/airflow/example_dags/example_time_delta_sensor_async.py
[2025-02-10T03:03:06.212+0000] {processor.py:925} INFO - DAG(s) 'example_time_delta_sensor_async' retrieved from /home/airflow/.local/lib/python3.12/site-packages/airflow/example_dags/example_time_delta_sensor_async.py
[2025-02-10T03:03:06.241+0000] {logging_mixin.py:190} INFO - [2025-02-10T03:03:06.241+0000] {dag.py:3239} INFO - Sync 1 DAGs
[2025-02-10T03:03:06.253+0000] {logging_mixin.py:190} INFO - [2025-02-10T03:03:06.252+0000] {dag.py:4180} INFO - Setting next_dagrun for example_time_delta_sensor_async to None, run_after=None
[2025-02-10T03:03:06.267+0000] {processor.py:208} INFO - Processing /home/airflow/.local/lib/python3.12/site-packages/airflow/example_dags/example_time_delta_sensor_async.py took 0.065 seconds
[2025-02-10T03:03:38.241+0000] {processor.py:186} INFO - Started process (PID=1061) to work on /home/airflow/.local/lib/python3.12/site-packages/airflow/example_dags/example_time_delta_sensor_async.py
[2025-02-10T03:03:38.242+0000] {processor.py:914} INFO - Processing file /home/airflow/.local/lib/python3.12/site-packages/airflow/example_dags/example_time_delta_sensor_async.py for tasks to queue
[2025-02-10T03:03:38.243+0000] {logging_mixin.py:190} INFO - [2025-02-10T03:03:38.243+0000] {dagbag.py:588} INFO - Filling up the DagBag from /home/airflow/.local/lib/python3.12/site-packages/airflow/example_dags/example_time_delta_sensor_async.py
[2025-02-10T03:03:38.248+0000] {processor.py:925} INFO - DAG(s) 'example_time_delta_sensor_async' retrieved from /home/airflow/.local/lib/python3.12/site-packages/airflow/example_dags/example_time_delta_sensor_async.py
[2025-02-10T03:03:38.262+0000] {logging_mixin.py:190} INFO - [2025-02-10T03:03:38.262+0000] {dag.py:3239} INFO - Sync 1 DAGs
[2025-02-10T03:03:38.274+0000] {logging_mixin.py:190} INFO - [2025-02-10T03:03:38.274+0000] {dag.py:4180} INFO - Setting next_dagrun for example_time_delta_sensor_async to None, run_after=None
[2025-02-10T03:03:38.287+0000] {processor.py:208} INFO - Processing /home/airflow/.local/lib/python3.12/site-packages/airflow/example_dags/example_time_delta_sensor_async.py took 0.049 seconds
[2025-02-10T03:04:09.841+0000] {processor.py:186} INFO - Started process (PID=1125) to work on /home/airflow/.local/lib/python3.12/site-packages/airflow/example_dags/example_time_delta_sensor_async.py
[2025-02-10T03:04:09.841+0000] {processor.py:914} INFO - Processing file /home/airflow/.local/lib/python3.12/site-packages/airflow/example_dags/example_time_delta_sensor_async.py for tasks to queue
[2025-02-10T03:04:09.842+0000] {logging_mixin.py:190} INFO - [2025-02-10T03:04:09.842+0000] {dagbag.py:588} INFO - Filling up the DagBag from /home/airflow/.local/lib/python3.12/site-packages/airflow/example_dags/example_time_delta_sensor_async.py
[2025-02-10T03:04:09.846+0000] {processor.py:925} INFO - DAG(s) 'example_time_delta_sensor_async' retrieved from /home/airflow/.local/lib/python3.12/site-packages/airflow/example_dags/example_time_delta_sensor_async.py
[2025-02-10T03:04:09.857+0000] {logging_mixin.py:190} INFO - [2025-02-10T03:04:09.857+0000] {dag.py:3239} INFO - Sync 1 DAGs
[2025-02-10T03:04:09.869+0000] {logging_mixin.py:190} INFO - [2025-02-10T03:04:09.869+0000] {dag.py:4180} INFO - Setting next_dagrun for example_time_delta_sensor_async to None, run_after=None
[2025-02-10T03:04:09.878+0000] {processor.py:208} INFO - Processing /home/airflow/.local/lib/python3.12/site-packages/airflow/example_dags/example_time_delta_sensor_async.py took 0.041 seconds
[2025-02-10T03:04:40.782+0000] {processor.py:186} INFO - Started process (PID=1189) to work on /home/airflow/.local/lib/python3.12/site-packages/airflow/example_dags/example_time_delta_sensor_async.py
[2025-02-10T03:04:40.783+0000] {processor.py:914} INFO - Processing file /home/airflow/.local/lib/python3.12/site-packages/airflow/example_dags/example_time_delta_sensor_async.py for tasks to queue
[2025-02-10T03:04:40.784+0000] {logging_mixin.py:190} INFO - [2025-02-10T03:04:40.784+0000] {dagbag.py:588} INFO - Filling up the DagBag from /home/airflow/.local/lib/python3.12/site-packages/airflow/example_dags/example_time_delta_sensor_async.py
[2025-02-10T03:04:40.788+0000] {processor.py:925} INFO - DAG(s) 'example_time_delta_sensor_async' retrieved from /home/airflow/.local/lib/python3.12/site-packages/airflow/example_dags/example_time_delta_sensor_async.py
[2025-02-10T03:04:40.799+0000] {logging_mixin.py:190} INFO - [2025-02-10T03:04:40.799+0000] {dag.py:3239} INFO - Sync 1 DAGs
[2025-02-10T03:04:40.807+0000] {logging_mixin.py:190} INFO - [2025-02-10T03:04:40.807+0000] {dag.py:4180} INFO - Setting next_dagrun for example_time_delta_sensor_async to None, run_after=None
[2025-02-10T03:04:40.818+0000] {processor.py:208} INFO - Processing /home/airflow/.local/lib/python3.12/site-packages/airflow/example_dags/example_time_delta_sensor_async.py took 0.039 seconds
[2025-02-10T03:05:12.852+0000] {processor.py:186} INFO - Started process (PID=1253) to work on /home/airflow/.local/lib/python3.12/site-packages/airflow/example_dags/example_time_delta_sensor_async.py
[2025-02-10T03:05:12.853+0000] {processor.py:914} INFO - Processing file /home/airflow/.local/lib/python3.12/site-packages/airflow/example_dags/example_time_delta_sensor_async.py for tasks to queue
[2025-02-10T03:05:12.855+0000] {logging_mixin.py:190} INFO - [2025-02-10T03:05:12.855+0000] {dagbag.py:588} INFO - Filling up the DagBag from /home/airflow/.local/lib/python3.12/site-packages/airflow/example_dags/example_time_delta_sensor_async.py
[2025-02-10T03:05:12.863+0000] {processor.py:925} INFO - DAG(s) 'example_time_delta_sensor_async' retrieved from /home/airflow/.local/lib/python3.12/site-packages/airflow/example_dags/example_time_delta_sensor_async.py
[2025-02-10T03:05:12.882+0000] {logging_mixin.py:190} INFO - [2025-02-10T03:05:12.882+0000] {dag.py:3239} INFO - Sync 1 DAGs
[2025-02-10T03:05:12.891+0000] {logging_mixin.py:190} INFO - [2025-02-10T03:05:12.891+0000] {dag.py:4180} INFO - Setting next_dagrun for example_time_delta_sensor_async to None, run_after=None
[2025-02-10T03:05:12.902+0000] {processor.py:208} INFO - Processing /home/airflow/.local/lib/python3.12/site-packages/airflow/example_dags/example_time_delta_sensor_async.py took 0.055 seconds
[2025-02-10T03:05:43.784+0000] {processor.py:186} INFO - Started process (PID=1317) to work on /home/airflow/.local/lib/python3.12/site-packages/airflow/example_dags/example_time_delta_sensor_async.py
[2025-02-10T03:05:43.784+0000] {processor.py:914} INFO - Processing file /home/airflow/.local/lib/python3.12/site-packages/airflow/example_dags/example_time_delta_sensor_async.py for tasks to queue
[2025-02-10T03:05:43.786+0000] {logging_mixin.py:190} INFO - [2025-02-10T03:05:43.786+0000] {dagbag.py:588} INFO - Filling up the DagBag from /home/airflow/.local/lib/python3.12/site-packages/airflow/example_dags/example_time_delta_sensor_async.py
[2025-02-10T03:05:43.790+0000] {processor.py:925} INFO - DAG(s) 'example_time_delta_sensor_async' retrieved from /home/airflow/.local/lib/python3.12/site-packages/airflow/example_dags/example_time_delta_sensor_async.py
[2025-02-10T03:05:43.799+0000] {logging_mixin.py:190} INFO - [2025-02-10T03:05:43.799+0000] {dag.py:3239} INFO - Sync 1 DAGs
[2025-02-10T03:05:43.806+0000] {logging_mixin.py:190} INFO - [2025-02-10T03:05:43.806+0000] {dag.py:4180} INFO - Setting next_dagrun for example_time_delta_sensor_async to None, run_after=None
[2025-02-10T03:05:43.818+0000] {processor.py:208} INFO - Processing /home/airflow/.local/lib/python3.12/site-packages/airflow/example_dags/example_time_delta_sensor_async.py took 0.038 seconds
[2025-02-10T03:06:15.150+0000] {processor.py:186} INFO - Started process (PID=1382) to work on /home/airflow/.local/lib/python3.12/site-packages/airflow/example_dags/example_time_delta_sensor_async.py
[2025-02-10T03:06:15.152+0000] {processor.py:914} INFO - Processing file /home/airflow/.local/lib/python3.12/site-packages/airflow/example_dags/example_time_delta_sensor_async.py for tasks to queue
[2025-02-10T03:06:15.155+0000] {logging_mixin.py:190} INFO - [2025-02-10T03:06:15.154+0000] {dagbag.py:588} INFO - Filling up the DagBag from /home/airflow/.local/lib/python3.12/site-packages/airflow/example_dags/example_time_delta_sensor_async.py
[2025-02-10T03:06:15.160+0000] {processor.py:925} INFO - DAG(s) 'example_time_delta_sensor_async' retrieved from /home/airflow/.local/lib/python3.12/site-packages/airflow/example_dags/example_time_delta_sensor_async.py
[2025-02-10T03:06:15.172+0000] {logging_mixin.py:190} INFO - [2025-02-10T03:06:15.171+0000] {dag.py:3239} INFO - Sync 1 DAGs
[2025-02-10T03:06:15.178+0000] {logging_mixin.py:190} INFO - [2025-02-10T03:06:15.178+0000] {dag.py:4180} INFO - Setting next_dagrun for example_time_delta_sensor_async to None, run_after=None
[2025-02-10T03:06:15.187+0000] {processor.py:208} INFO - Processing /home/airflow/.local/lib/python3.12/site-packages/airflow/example_dags/example_time_delta_sensor_async.py took 0.040 seconds
[2025-02-10T03:06:47.177+0000] {processor.py:186} INFO - Started process (PID=1452) to work on /home/airflow/.local/lib/python3.12/site-packages/airflow/example_dags/example_time_delta_sensor_async.py
[2025-02-10T03:06:47.178+0000] {processor.py:914} INFO - Processing file /home/airflow/.local/lib/python3.12/site-packages/airflow/example_dags/example_time_delta_sensor_async.py for tasks to queue
[2025-02-10T03:06:47.179+0000] {logging_mixin.py:190} INFO - [2025-02-10T03:06:47.179+0000] {dagbag.py:588} INFO - Filling up the DagBag from /home/airflow/.local/lib/python3.12/site-packages/airflow/example_dags/example_time_delta_sensor_async.py
[2025-02-10T03:06:47.186+0000] {processor.py:925} INFO - DAG(s) 'example_time_delta_sensor_async' retrieved from /home/airflow/.local/lib/python3.12/site-packages/airflow/example_dags/example_time_delta_sensor_async.py
[2025-02-10T03:06:47.234+0000] {logging_mixin.py:190} INFO - [2025-02-10T03:06:47.233+0000] {dag.py:3239} INFO - Sync 1 DAGs
[2025-02-10T03:06:47.258+0000] {logging_mixin.py:190} INFO - [2025-02-10T03:06:47.258+0000] {dag.py:4180} INFO - Setting next_dagrun for example_time_delta_sensor_async to None, run_after=None
[2025-02-10T03:06:47.275+0000] {processor.py:208} INFO - Processing /home/airflow/.local/lib/python3.12/site-packages/airflow/example_dags/example_time_delta_sensor_async.py took 0.103 seconds
[2025-02-10T03:07:18.239+0000] {processor.py:186} INFO - Started process (PID=1516) to work on /home/airflow/.local/lib/python3.12/site-packages/airflow/example_dags/example_time_delta_sensor_async.py
[2025-02-10T03:07:18.240+0000] {processor.py:914} INFO - Processing file /home/airflow/.local/lib/python3.12/site-packages/airflow/example_dags/example_time_delta_sensor_async.py for tasks to queue
[2025-02-10T03:07:18.242+0000] {logging_mixin.py:190} INFO - [2025-02-10T03:07:18.242+0000] {dagbag.py:588} INFO - Filling up the DagBag from /home/airflow/.local/lib/python3.12/site-packages/airflow/example_dags/example_time_delta_sensor_async.py
[2025-02-10T03:07:18.247+0000] {processor.py:925} INFO - DAG(s) 'example_time_delta_sensor_async' retrieved from /home/airflow/.local/lib/python3.12/site-packages/airflow/example_dags/example_time_delta_sensor_async.py
[2025-02-10T03:07:18.261+0000] {logging_mixin.py:190} INFO - [2025-02-10T03:07:18.261+0000] {dag.py:3239} INFO - Sync 1 DAGs
[2025-02-10T03:07:18.286+0000] {logging_mixin.py:190} INFO - [2025-02-10T03:07:18.286+0000] {dag.py:4180} INFO - Setting next_dagrun for example_time_delta_sensor_async to None, run_after=None
[2025-02-10T03:07:18.297+0000] {processor.py:208} INFO - Processing /home/airflow/.local/lib/python3.12/site-packages/airflow/example_dags/example_time_delta_sensor_async.py took 0.066 seconds
[2025-02-10T03:07:49.096+0000] {processor.py:186} INFO - Started process (PID=1580) to work on /home/airflow/.local/lib/python3.12/site-packages/airflow/example_dags/example_time_delta_sensor_async.py
[2025-02-10T03:07:49.097+0000] {processor.py:914} INFO - Processing file /home/airflow/.local/lib/python3.12/site-packages/airflow/example_dags/example_time_delta_sensor_async.py for tasks to queue
[2025-02-10T03:07:49.099+0000] {logging_mixin.py:190} INFO - [2025-02-10T03:07:49.099+0000] {dagbag.py:588} INFO - Filling up the DagBag from /home/airflow/.local/lib/python3.12/site-packages/airflow/example_dags/example_time_delta_sensor_async.py
[2025-02-10T03:07:49.103+0000] {processor.py:925} INFO - DAG(s) 'example_time_delta_sensor_async' retrieved from /home/airflow/.local/lib/python3.12/site-packages/airflow/example_dags/example_time_delta_sensor_async.py
[2025-02-10T03:07:49.117+0000] {logging_mixin.py:190} INFO - [2025-02-10T03:07:49.117+0000] {dag.py:3239} INFO - Sync 1 DAGs
[2025-02-10T03:07:49.126+0000] {logging_mixin.py:190} INFO - [2025-02-10T03:07:49.126+0000] {dag.py:4180} INFO - Setting next_dagrun for example_time_delta_sensor_async to None, run_after=None
[2025-02-10T03:07:49.134+0000] {processor.py:208} INFO - Processing /home/airflow/.local/lib/python3.12/site-packages/airflow/example_dags/example_time_delta_sensor_async.py took 0.042 seconds
[2025-02-10T03:08:20.650+0000] {processor.py:186} INFO - Started process (PID=1645) to work on /home/airflow/.local/lib/python3.12/site-packages/airflow/example_dags/example_time_delta_sensor_async.py
[2025-02-10T03:08:20.651+0000] {processor.py:914} INFO - Processing file /home/airflow/.local/lib/python3.12/site-packages/airflow/example_dags/example_time_delta_sensor_async.py for tasks to queue
[2025-02-10T03:08:20.652+0000] {logging_mixin.py:190} INFO - [2025-02-10T03:08:20.652+0000] {dagbag.py:588} INFO - Filling up the DagBag from /home/airflow/.local/lib/python3.12/site-packages/airflow/example_dags/example_time_delta_sensor_async.py
[2025-02-10T03:08:20.656+0000] {processor.py:925} INFO - DAG(s) 'example_time_delta_sensor_async' retrieved from /home/airflow/.local/lib/python3.12/site-packages/airflow/example_dags/example_time_delta_sensor_async.py
[2025-02-10T03:08:20.667+0000] {logging_mixin.py:190} INFO - [2025-02-10T03:08:20.667+0000] {dag.py:3239} INFO - Sync 1 DAGs
[2025-02-10T03:08:20.673+0000] {logging_mixin.py:190} INFO - [2025-02-10T03:08:20.673+0000] {dag.py:4180} INFO - Setting next_dagrun for example_time_delta_sensor_async to None, run_after=None
[2025-02-10T03:08:20.685+0000] {processor.py:208} INFO - Processing /home/airflow/.local/lib/python3.12/site-packages/airflow/example_dags/example_time_delta_sensor_async.py took 0.038 seconds
[2025-02-10T03:08:52.181+0000] {processor.py:186} INFO - Started process (PID=1709) to work on /home/airflow/.local/lib/python3.12/site-packages/airflow/example_dags/example_time_delta_sensor_async.py
[2025-02-10T03:08:52.182+0000] {processor.py:914} INFO - Processing file /home/airflow/.local/lib/python3.12/site-packages/airflow/example_dags/example_time_delta_sensor_async.py for tasks to queue
[2025-02-10T03:08:52.183+0000] {logging_mixin.py:190} INFO - [2025-02-10T03:08:52.183+0000] {dagbag.py:588} INFO - Filling up the DagBag from /home/airflow/.local/lib/python3.12/site-packages/airflow/example_dags/example_time_delta_sensor_async.py
[2025-02-10T03:08:52.187+0000] {processor.py:925} INFO - DAG(s) 'example_time_delta_sensor_async' retrieved from /home/airflow/.local/lib/python3.12/site-packages/airflow/example_dags/example_time_delta_sensor_async.py
[2025-02-10T03:08:52.199+0000] {logging_mixin.py:190} INFO - [2025-02-10T03:08:52.199+0000] {dag.py:3239} INFO - Sync 1 DAGs
[2025-02-10T03:08:52.205+0000] {logging_mixin.py:190} INFO - [2025-02-10T03:08:52.205+0000] {dag.py:4180} INFO - Setting next_dagrun for example_time_delta_sensor_async to None, run_after=None
[2025-02-10T03:08:52.215+0000] {processor.py:208} INFO - Processing /home/airflow/.local/lib/python3.12/site-packages/airflow/example_dags/example_time_delta_sensor_async.py took 0.037 seconds
[2025-02-10T03:09:22.949+0000] {processor.py:186} INFO - Started process (PID=1773) to work on /home/airflow/.local/lib/python3.12/site-packages/airflow/example_dags/example_time_delta_sensor_async.py
[2025-02-10T03:09:22.951+0000] {processor.py:914} INFO - Processing file /home/airflow/.local/lib/python3.12/site-packages/airflow/example_dags/example_time_delta_sensor_async.py for tasks to queue
[2025-02-10T03:09:22.956+0000] {logging_mixin.py:190} INFO - [2025-02-10T03:09:22.956+0000] {dagbag.py:588} INFO - Filling up the DagBag from /home/airflow/.local/lib/python3.12/site-packages/airflow/example_dags/example_time_delta_sensor_async.py
[2025-02-10T03:09:22.960+0000] {processor.py:925} INFO - DAG(s) 'example_time_delta_sensor_async' retrieved from /home/airflow/.local/lib/python3.12/site-packages/airflow/example_dags/example_time_delta_sensor_async.py
[2025-02-10T03:09:22.982+0000] {logging_mixin.py:190} INFO - [2025-02-10T03:09:22.982+0000] {dag.py:3239} INFO - Sync 1 DAGs
[2025-02-10T03:09:22.990+0000] {logging_mixin.py:190} INFO - [2025-02-10T03:09:22.990+0000] {dag.py:4180} INFO - Setting next_dagrun for example_time_delta_sensor_async to None, run_after=None
[2025-02-10T03:09:22.999+0000] {processor.py:208} INFO - Processing /home/airflow/.local/lib/python3.12/site-packages/airflow/example_dags/example_time_delta_sensor_async.py took 0.053 seconds
[2025-02-10T03:09:53.933+0000] {processor.py:186} INFO - Started process (PID=1837) to work on /home/airflow/.local/lib/python3.12/site-packages/airflow/example_dags/example_time_delta_sensor_async.py
[2025-02-10T03:09:53.934+0000] {processor.py:914} INFO - Processing file /home/airflow/.local/lib/python3.12/site-packages/airflow/example_dags/example_time_delta_sensor_async.py for tasks to queue
[2025-02-10T03:09:53.935+0000] {logging_mixin.py:190} INFO - [2025-02-10T03:09:53.935+0000] {dagbag.py:588} INFO - Filling up the DagBag from /home/airflow/.local/lib/python3.12/site-packages/airflow/example_dags/example_time_delta_sensor_async.py
[2025-02-10T03:09:53.939+0000] {processor.py:925} INFO - DAG(s) 'example_time_delta_sensor_async' retrieved from /home/airflow/.local/lib/python3.12/site-packages/airflow/example_dags/example_time_delta_sensor_async.py
[2025-02-10T03:09:53.948+0000] {logging_mixin.py:190} INFO - [2025-02-10T03:09:53.948+0000] {dag.py:3239} INFO - Sync 1 DAGs
[2025-02-10T03:09:53.954+0000] {logging_mixin.py:190} INFO - [2025-02-10T03:09:53.954+0000] {dag.py:4180} INFO - Setting next_dagrun for example_time_delta_sensor_async to None, run_after=None
[2025-02-10T03:09:53.967+0000] {processor.py:208} INFO - Processing /home/airflow/.local/lib/python3.12/site-packages/airflow/example_dags/example_time_delta_sensor_async.py took 0.037 seconds
[2025-02-10T03:10:24.468+0000] {processor.py:186} INFO - Started process (PID=1901) to work on /home/airflow/.local/lib/python3.12/site-packages/airflow/example_dags/example_time_delta_sensor_async.py
[2025-02-10T03:10:24.469+0000] {processor.py:914} INFO - Processing file /home/airflow/.local/lib/python3.12/site-packages/airflow/example_dags/example_time_delta_sensor_async.py for tasks to queue
[2025-02-10T03:10:24.470+0000] {logging_mixin.py:190} INFO - [2025-02-10T03:10:24.470+0000] {dagbag.py:588} INFO - Filling up the DagBag from /home/airflow/.local/lib/python3.12/site-packages/airflow/example_dags/example_time_delta_sensor_async.py
[2025-02-10T03:10:24.473+0000] {processor.py:925} INFO - DAG(s) 'example_time_delta_sensor_async' retrieved from /home/airflow/.local/lib/python3.12/site-packages/airflow/example_dags/example_time_delta_sensor_async.py
[2025-02-10T03:10:24.489+0000] {logging_mixin.py:190} INFO - [2025-02-10T03:10:24.488+0000] {dag.py:3239} INFO - Sync 1 DAGs
[2025-02-10T03:10:24.496+0000] {logging_mixin.py:190} INFO - [2025-02-10T03:10:24.496+0000] {dag.py:4180} INFO - Setting next_dagrun for example_time_delta_sensor_async to None, run_after=None
[2025-02-10T03:10:24.505+0000] {processor.py:208} INFO - Processing /home/airflow/.local/lib/python3.12/site-packages/airflow/example_dags/example_time_delta_sensor_async.py took 0.039 seconds
[2025-02-10T03:10:55.300+0000] {processor.py:186} INFO - Started process (PID=1965) to work on /home/airflow/.local/lib/python3.12/site-packages/airflow/example_dags/example_time_delta_sensor_async.py
[2025-02-10T03:10:55.302+0000] {processor.py:914} INFO - Processing file /home/airflow/.local/lib/python3.12/site-packages/airflow/example_dags/example_time_delta_sensor_async.py for tasks to queue
[2025-02-10T03:10:55.303+0000] {logging_mixin.py:190} INFO - [2025-02-10T03:10:55.303+0000] {dagbag.py:588} INFO - Filling up the DagBag from /home/airflow/.local/lib/python3.12/site-packages/airflow/example_dags/example_time_delta_sensor_async.py
[2025-02-10T03:10:55.306+0000] {processor.py:925} INFO - DAG(s) 'example_time_delta_sensor_async' retrieved from /home/airflow/.local/lib/python3.12/site-packages/airflow/example_dags/example_time_delta_sensor_async.py
[2025-02-10T03:10:55.318+0000] {logging_mixin.py:190} INFO - [2025-02-10T03:10:55.318+0000] {dag.py:3239} INFO - Sync 1 DAGs
[2025-02-10T03:10:55.324+0000] {logging_mixin.py:190} INFO - [2025-02-10T03:10:55.324+0000] {dag.py:4180} INFO - Setting next_dagrun for example_time_delta_sensor_async to None, run_after=None
[2025-02-10T03:10:55.331+0000] {processor.py:208} INFO - Processing /home/airflow/.local/lib/python3.12/site-packages/airflow/example_dags/example_time_delta_sensor_async.py took 0.034 seconds
[2025-02-10T03:11:25.887+0000] {processor.py:186} INFO - Started process (PID=2029) to work on /home/airflow/.local/lib/python3.12/site-packages/airflow/example_dags/example_time_delta_sensor_async.py
[2025-02-10T03:11:25.888+0000] {processor.py:914} INFO - Processing file /home/airflow/.local/lib/python3.12/site-packages/airflow/example_dags/example_time_delta_sensor_async.py for tasks to queue
[2025-02-10T03:11:25.891+0000] {logging_mixin.py:190} INFO - [2025-02-10T03:11:25.891+0000] {dagbag.py:588} INFO - Filling up the DagBag from /home/airflow/.local/lib/python3.12/site-packages/airflow/example_dags/example_time_delta_sensor_async.py
[2025-02-10T03:11:25.895+0000] {processor.py:925} INFO - DAG(s) 'example_time_delta_sensor_async' retrieved from /home/airflow/.local/lib/python3.12/site-packages/airflow/example_dags/example_time_delta_sensor_async.py
[2025-02-10T03:11:25.912+0000] {logging_mixin.py:190} INFO - [2025-02-10T03:11:25.912+0000] {dag.py:3239} INFO - Sync 1 DAGs
[2025-02-10T03:11:25.921+0000] {logging_mixin.py:190} INFO - [2025-02-10T03:11:25.920+0000] {dag.py:4180} INFO - Setting next_dagrun for example_time_delta_sensor_async to None, run_after=None
[2025-02-10T03:11:25.935+0000] {processor.py:208} INFO - Processing /home/airflow/.local/lib/python3.12/site-packages/airflow/example_dags/example_time_delta_sensor_async.py took 0.053 seconds
[2025-02-10T03:11:56.684+0000] {processor.py:186} INFO - Started process (PID=2093) to work on /home/airflow/.local/lib/python3.12/site-packages/airflow/example_dags/example_time_delta_sensor_async.py
[2025-02-10T03:11:56.685+0000] {processor.py:914} INFO - Processing file /home/airflow/.local/lib/python3.12/site-packages/airflow/example_dags/example_time_delta_sensor_async.py for tasks to queue
[2025-02-10T03:11:56.687+0000] {logging_mixin.py:190} INFO - [2025-02-10T03:11:56.687+0000] {dagbag.py:588} INFO - Filling up the DagBag from /home/airflow/.local/lib/python3.12/site-packages/airflow/example_dags/example_time_delta_sensor_async.py
[2025-02-10T03:11:56.697+0000] {processor.py:925} INFO - DAG(s) 'example_time_delta_sensor_async' retrieved from /home/airflow/.local/lib/python3.12/site-packages/airflow/example_dags/example_time_delta_sensor_async.py
[2025-02-10T03:11:56.709+0000] {logging_mixin.py:190} INFO - [2025-02-10T03:11:56.709+0000] {dag.py:3239} INFO - Sync 1 DAGs
[2025-02-10T03:11:56.721+0000] {logging_mixin.py:190} INFO - [2025-02-10T03:11:56.721+0000] {dag.py:4180} INFO - Setting next_dagrun for example_time_delta_sensor_async to None, run_after=None
[2025-02-10T03:11:56.741+0000] {processor.py:208} INFO - Processing /home/airflow/.local/lib/python3.12/site-packages/airflow/example_dags/example_time_delta_sensor_async.py took 0.066 seconds
[2025-02-10T03:12:27.756+0000] {processor.py:186} INFO - Started process (PID=2157) to work on /home/airflow/.local/lib/python3.12/site-packages/airflow/example_dags/example_time_delta_sensor_async.py
[2025-02-10T03:12:27.757+0000] {processor.py:914} INFO - Processing file /home/airflow/.local/lib/python3.12/site-packages/airflow/example_dags/example_time_delta_sensor_async.py for tasks to queue
[2025-02-10T03:12:27.758+0000] {logging_mixin.py:190} INFO - [2025-02-10T03:12:27.758+0000] {dagbag.py:588} INFO - Filling up the DagBag from /home/airflow/.local/lib/python3.12/site-packages/airflow/example_dags/example_time_delta_sensor_async.py
[2025-02-10T03:12:27.761+0000] {processor.py:925} INFO - DAG(s) 'example_time_delta_sensor_async' retrieved from /home/airflow/.local/lib/python3.12/site-packages/airflow/example_dags/example_time_delta_sensor_async.py
[2025-02-10T03:12:27.769+0000] {logging_mixin.py:190} INFO - [2025-02-10T03:12:27.769+0000] {dag.py:3239} INFO - Sync 1 DAGs
[2025-02-10T03:12:27.775+0000] {logging_mixin.py:190} INFO - [2025-02-10T03:12:27.775+0000] {dag.py:4180} INFO - Setting next_dagrun for example_time_delta_sensor_async to None, run_after=None
[2025-02-10T03:12:27.787+0000] {processor.py:208} INFO - Processing /home/airflow/.local/lib/python3.12/site-packages/airflow/example_dags/example_time_delta_sensor_async.py took 0.036 seconds
[2025-02-10T03:12:58.815+0000] {processor.py:186} INFO - Started process (PID=2221) to work on /home/airflow/.local/lib/python3.12/site-packages/airflow/example_dags/example_time_delta_sensor_async.py
[2025-02-10T03:12:58.819+0000] {processor.py:914} INFO - Processing file /home/airflow/.local/lib/python3.12/site-packages/airflow/example_dags/example_time_delta_sensor_async.py for tasks to queue
[2025-02-10T03:12:58.836+0000] {logging_mixin.py:190} INFO - [2025-02-10T03:12:58.834+0000] {dagbag.py:588} INFO - Filling up the DagBag from /home/airflow/.local/lib/python3.12/site-packages/airflow/example_dags/example_time_delta_sensor_async.py
[2025-02-10T03:12:58.848+0000] {processor.py:925} INFO - DAG(s) 'example_time_delta_sensor_async' retrieved from /home/airflow/.local/lib/python3.12/site-packages/airflow/example_dags/example_time_delta_sensor_async.py
[2025-02-10T03:12:58.861+0000] {logging_mixin.py:190} INFO - [2025-02-10T03:12:58.861+0000] {dag.py:3239} INFO - Sync 1 DAGs
[2025-02-10T03:12:58.870+0000] {logging_mixin.py:190} INFO - [2025-02-10T03:12:58.870+0000] {dag.py:4180} INFO - Setting next_dagrun for example_time_delta_sensor_async to None, run_after=None
[2025-02-10T03:12:58.883+0000] {processor.py:208} INFO - Processing /home/airflow/.local/lib/python3.12/site-packages/airflow/example_dags/example_time_delta_sensor_async.py took 0.085 seconds
[2025-02-10T03:13:29.774+0000] {processor.py:186} INFO - Started process (PID=2285) to work on /home/airflow/.local/lib/python3.12/site-packages/airflow/example_dags/example_time_delta_sensor_async.py
[2025-02-10T03:13:29.775+0000] {processor.py:914} INFO - Processing file /home/airflow/.local/lib/python3.12/site-packages/airflow/example_dags/example_time_delta_sensor_async.py for tasks to queue
[2025-02-10T03:13:29.777+0000] {logging_mixin.py:190} INFO - [2025-02-10T03:13:29.776+0000] {dagbag.py:588} INFO - Filling up the DagBag from /home/airflow/.local/lib/python3.12/site-packages/airflow/example_dags/example_time_delta_sensor_async.py
[2025-02-10T03:13:29.781+0000] {processor.py:925} INFO - DAG(s) 'example_time_delta_sensor_async' retrieved from /home/airflow/.local/lib/python3.12/site-packages/airflow/example_dags/example_time_delta_sensor_async.py
[2025-02-10T03:13:29.799+0000] {logging_mixin.py:190} INFO - [2025-02-10T03:13:29.799+0000] {dag.py:3239} INFO - Sync 1 DAGs
[2025-02-10T03:13:29.810+0000] {logging_mixin.py:190} INFO - [2025-02-10T03:13:29.810+0000] {dag.py:4180} INFO - Setting next_dagrun for example_time_delta_sensor_async to None, run_after=None
[2025-02-10T03:13:29.822+0000] {processor.py:208} INFO - Processing /home/airflow/.local/lib/python3.12/site-packages/airflow/example_dags/example_time_delta_sensor_async.py took 0.053 seconds
[2025-02-10T03:14:00.673+0000] {processor.py:186} INFO - Started process (PID=2349) to work on /home/airflow/.local/lib/python3.12/site-packages/airflow/example_dags/example_time_delta_sensor_async.py
[2025-02-10T03:14:00.674+0000] {processor.py:914} INFO - Processing file /home/airflow/.local/lib/python3.12/site-packages/airflow/example_dags/example_time_delta_sensor_async.py for tasks to queue
[2025-02-10T03:14:00.676+0000] {logging_mixin.py:190} INFO - [2025-02-10T03:14:00.676+0000] {dagbag.py:588} INFO - Filling up the DagBag from /home/airflow/.local/lib/python3.12/site-packages/airflow/example_dags/example_time_delta_sensor_async.py
[2025-02-10T03:14:00.684+0000] {processor.py:925} INFO - DAG(s) 'example_time_delta_sensor_async' retrieved from /home/airflow/.local/lib/python3.12/site-packages/airflow/example_dags/example_time_delta_sensor_async.py
[2025-02-10T03:14:00.701+0000] {logging_mixin.py:190} INFO - [2025-02-10T03:14:00.701+0000] {dag.py:3239} INFO - Sync 1 DAGs
[2025-02-10T03:14:00.711+0000] {logging_mixin.py:190} INFO - [2025-02-10T03:14:00.711+0000] {dag.py:4180} INFO - Setting next_dagrun for example_time_delta_sensor_async to None, run_after=None
[2025-02-10T03:14:00.721+0000] {processor.py:208} INFO - Processing /home/airflow/.local/lib/python3.12/site-packages/airflow/example_dags/example_time_delta_sensor_async.py took 0.051 seconds
[2025-02-10T03:14:31.508+0000] {processor.py:186} INFO - Started process (PID=2413) to work on /home/airflow/.local/lib/python3.12/site-packages/airflow/example_dags/example_time_delta_sensor_async.py
[2025-02-10T03:14:31.509+0000] {processor.py:914} INFO - Processing file /home/airflow/.local/lib/python3.12/site-packages/airflow/example_dags/example_time_delta_sensor_async.py for tasks to queue
[2025-02-10T03:14:31.510+0000] {logging_mixin.py:190} INFO - [2025-02-10T03:14:31.510+0000] {dagbag.py:588} INFO - Filling up the DagBag from /home/airflow/.local/lib/python3.12/site-packages/airflow/example_dags/example_time_delta_sensor_async.py
[2025-02-10T03:14:31.518+0000] {processor.py:925} INFO - DAG(s) 'example_time_delta_sensor_async' retrieved from /home/airflow/.local/lib/python3.12/site-packages/airflow/example_dags/example_time_delta_sensor_async.py
[2025-02-10T03:14:31.534+0000] {logging_mixin.py:190} INFO - [2025-02-10T03:14:31.534+0000] {dag.py:3239} INFO - Sync 1 DAGs
[2025-02-10T03:14:31.552+0000] {logging_mixin.py:190} INFO - [2025-02-10T03:14:31.552+0000] {dag.py:4180} INFO - Setting next_dagrun for example_time_delta_sensor_async to None, run_after=None
[2025-02-10T03:14:31.572+0000] {processor.py:208} INFO - Processing /home/airflow/.local/lib/python3.12/site-packages/airflow/example_dags/example_time_delta_sensor_async.py took 0.067 seconds
[2025-02-10T03:15:02.296+0000] {processor.py:186} INFO - Started process (PID=2477) to work on /home/airflow/.local/lib/python3.12/site-packages/airflow/example_dags/example_time_delta_sensor_async.py
[2025-02-10T03:15:02.297+0000] {processor.py:914} INFO - Processing file /home/airflow/.local/lib/python3.12/site-packages/airflow/example_dags/example_time_delta_sensor_async.py for tasks to queue
[2025-02-10T03:15:02.299+0000] {logging_mixin.py:190} INFO - [2025-02-10T03:15:02.299+0000] {dagbag.py:588} INFO - Filling up the DagBag from /home/airflow/.local/lib/python3.12/site-packages/airflow/example_dags/example_time_delta_sensor_async.py
[2025-02-10T03:15:02.303+0000] {processor.py:925} INFO - DAG(s) 'example_time_delta_sensor_async' retrieved from /home/airflow/.local/lib/python3.12/site-packages/airflow/example_dags/example_time_delta_sensor_async.py
[2025-02-10T03:15:02.313+0000] {logging_mixin.py:190} INFO - [2025-02-10T03:15:02.313+0000] {dag.py:3239} INFO - Sync 1 DAGs
[2025-02-10T03:15:02.320+0000] {logging_mixin.py:190} INFO - [2025-02-10T03:15:02.320+0000] {dag.py:4180} INFO - Setting next_dagrun for example_time_delta_sensor_async to None, run_after=None
[2025-02-10T03:15:02.334+0000] {processor.py:208} INFO - Processing /home/airflow/.local/lib/python3.12/site-packages/airflow/example_dags/example_time_delta_sensor_async.py took 0.041 seconds
[2025-02-10T03:15:32.727+0000] {processor.py:186} INFO - Started process (PID=2540) to work on /home/airflow/.local/lib/python3.12/site-packages/airflow/example_dags/example_time_delta_sensor_async.py
[2025-02-10T03:15:32.728+0000] {processor.py:914} INFO - Processing file /home/airflow/.local/lib/python3.12/site-packages/airflow/example_dags/example_time_delta_sensor_async.py for tasks to queue
[2025-02-10T03:15:32.731+0000] {logging_mixin.py:190} INFO - [2025-02-10T03:15:32.731+0000] {dagbag.py:588} INFO - Filling up the DagBag from /home/airflow/.local/lib/python3.12/site-packages/airflow/example_dags/example_time_delta_sensor_async.py
[2025-02-10T03:15:32.737+0000] {processor.py:925} INFO - DAG(s) 'example_time_delta_sensor_async' retrieved from /home/airflow/.local/lib/python3.12/site-packages/airflow/example_dags/example_time_delta_sensor_async.py
[2025-02-10T03:15:32.746+0000] {logging_mixin.py:190} INFO - [2025-02-10T03:15:32.746+0000] {dag.py:3239} INFO - Sync 1 DAGs
[2025-02-10T03:15:32.753+0000] {logging_mixin.py:190} INFO - [2025-02-10T03:15:32.753+0000] {dag.py:4180} INFO - Setting next_dagrun for example_time_delta_sensor_async to None, run_after=None
[2025-02-10T03:15:32.760+0000] {processor.py:208} INFO - Processing /home/airflow/.local/lib/python3.12/site-packages/airflow/example_dags/example_time_delta_sensor_async.py took 0.039 seconds
