[2025-02-10T02:55:50.189+0000] {processor.py:186} INFO - Started process (PID=93) to work on /home/airflow/.local/lib/python3.12/site-packages/airflow/example_dags/example_display_name.py
[2025-02-10T02:55:50.219+0000] {processor.py:914} INFO - Processing file /home/airflow/.local/lib/python3.12/site-packages/airflow/example_dags/example_display_name.py for tasks to queue
[2025-02-10T02:55:50.232+0000] {logging_mixin.py:190} INFO - [2025-02-10T02:55:50.231+0000] {dagbag.py:588} INFO - Filling up the DagBag from /home/airflow/.local/lib/python3.12/site-packages/airflow/example_dags/example_display_name.py
[2025-02-10T02:55:50.241+0000] {processor.py:925} INFO - DAG(s) 'example_display_name' retrieved from /home/airflow/.local/lib/python3.12/site-packages/airflow/example_dags/example_display_name.py
[2025-02-10T02:55:50.323+0000] {logging_mixin.py:190} INFO - [2025-02-10T02:55:50.322+0000] {override.py:1911} INFO - Created Permission View: can read on DAG:example_display_name
[2025-02-10T02:55:50.329+0000] {logging_mixin.py:190} INFO - [2025-02-10T02:55:50.329+0000] {override.py:1911} INFO - Created Permission View: can edit on DAG:example_display_name
[2025-02-10T02:55:50.332+0000] {logging_mixin.py:190} INFO - [2025-02-10T02:55:50.332+0000] {override.py:1911} INFO - Created Permission View: can delete on DAG:example_display_name
[2025-02-10T02:55:50.337+0000] {logging_mixin.py:190} INFO - [2025-02-10T02:55:50.337+0000] {override.py:1911} INFO - Created Permission View: can read on DAG Run:example_display_name
[2025-02-10T02:55:50.340+0000] {logging_mixin.py:190} INFO - [2025-02-10T02:55:50.340+0000] {override.py:1911} INFO - Created Permission View: can delete on DAG Run:example_display_name
[2025-02-10T02:55:50.343+0000] {logging_mixin.py:190} INFO - [2025-02-10T02:55:50.343+0000] {override.py:1911} INFO - Created Permission View: menu access on DAG Run:example_display_name
[2025-02-10T02:55:50.347+0000] {logging_mixin.py:190} INFO - [2025-02-10T02:55:50.347+0000] {override.py:1911} INFO - Created Permission View: can create on DAG Run:example_display_name
[2025-02-10T02:55:50.348+0000] {logging_mixin.py:190} INFO - [2025-02-10T02:55:50.348+0000] {dag.py:3239} INFO - Sync 1 DAGs
[2025-02-10T02:55:50.363+0000] {logging_mixin.py:190} INFO - [2025-02-10T02:55:50.362+0000] {dag.py:3262} INFO - Creating ORM DAG for example_display_name
[2025-02-10T02:55:50.363+0000] {logging_mixin.py:190} INFO - [2025-02-10T02:55:50.363+0000] {dag.py:4180} INFO - Setting next_dagrun for example_display_name to None, run_after=None
[2025-02-10T02:55:50.378+0000] {processor.py:208} INFO - Processing /home/airflow/.local/lib/python3.12/site-packages/airflow/example_dags/example_display_name.py took 0.196 seconds
[2025-02-10T02:56:21.370+0000] {processor.py:186} INFO - Started process (PID=157) to work on /home/airflow/.local/lib/python3.12/site-packages/airflow/example_dags/example_display_name.py
[2025-02-10T02:56:21.374+0000] {processor.py:914} INFO - Processing file /home/airflow/.local/lib/python3.12/site-packages/airflow/example_dags/example_display_name.py for tasks to queue
[2025-02-10T02:56:21.378+0000] {logging_mixin.py:190} INFO - [2025-02-10T02:56:21.378+0000] {dagbag.py:588} INFO - Filling up the DagBag from /home/airflow/.local/lib/python3.12/site-packages/airflow/example_dags/example_display_name.py
[2025-02-10T02:56:21.402+0000] {processor.py:925} INFO - DAG(s) 'example_display_name' retrieved from /home/airflow/.local/lib/python3.12/site-packages/airflow/example_dags/example_display_name.py
[2025-02-10T02:56:21.431+0000] {logging_mixin.py:190} INFO - [2025-02-10T02:56:21.431+0000] {dag.py:3239} INFO - Sync 1 DAGs
[2025-02-10T02:56:21.449+0000] {logging_mixin.py:190} INFO - [2025-02-10T02:56:21.449+0000] {dag.py:4180} INFO - Setting next_dagrun for example_display_name to None, run_after=None
[2025-02-10T02:56:21.469+0000] {processor.py:208} INFO - Processing /home/airflow/.local/lib/python3.12/site-packages/airflow/example_dags/example_display_name.py took 0.111 seconds
[2025-02-10T02:56:52.189+0000] {processor.py:186} INFO - Started process (PID=221) to work on /home/airflow/.local/lib/python3.12/site-packages/airflow/example_dags/example_display_name.py
[2025-02-10T02:56:52.191+0000] {processor.py:914} INFO - Processing file /home/airflow/.local/lib/python3.12/site-packages/airflow/example_dags/example_display_name.py for tasks to queue
[2025-02-10T02:56:52.194+0000] {logging_mixin.py:190} INFO - [2025-02-10T02:56:52.194+0000] {dagbag.py:588} INFO - Filling up the DagBag from /home/airflow/.local/lib/python3.12/site-packages/airflow/example_dags/example_display_name.py
[2025-02-10T02:56:52.204+0000] {processor.py:925} INFO - DAG(s) 'example_display_name' retrieved from /home/airflow/.local/lib/python3.12/site-packages/airflow/example_dags/example_display_name.py
[2025-02-10T02:56:52.224+0000] {logging_mixin.py:190} INFO - [2025-02-10T02:56:52.224+0000] {dag.py:3239} INFO - Sync 1 DAGs
[2025-02-10T02:56:52.238+0000] {logging_mixin.py:190} INFO - [2025-02-10T02:56:52.237+0000] {dag.py:4180} INFO - Setting next_dagrun for example_display_name to None, run_after=None
[2025-02-10T02:56:52.252+0000] {processor.py:208} INFO - Processing /home/airflow/.local/lib/python3.12/site-packages/airflow/example_dags/example_display_name.py took 0.074 seconds
[2025-02-10T02:57:22.606+0000] {processor.py:186} INFO - Started process (PID=284) to work on /home/airflow/.local/lib/python3.12/site-packages/airflow/example_dags/example_display_name.py
[2025-02-10T02:57:22.607+0000] {processor.py:914} INFO - Processing file /home/airflow/.local/lib/python3.12/site-packages/airflow/example_dags/example_display_name.py for tasks to queue
[2025-02-10T02:57:22.609+0000] {logging_mixin.py:190} INFO - [2025-02-10T02:57:22.608+0000] {dagbag.py:588} INFO - Filling up the DagBag from /home/airflow/.local/lib/python3.12/site-packages/airflow/example_dags/example_display_name.py
[2025-02-10T02:57:22.615+0000] {processor.py:925} INFO - DAG(s) 'example_display_name' retrieved from /home/airflow/.local/lib/python3.12/site-packages/airflow/example_dags/example_display_name.py
[2025-02-10T02:57:22.682+0000] {logging_mixin.py:190} INFO - [2025-02-10T02:57:22.682+0000] {dag.py:3239} INFO - Sync 1 DAGs
[2025-02-10T02:57:22.698+0000] {logging_mixin.py:190} INFO - [2025-02-10T02:57:22.698+0000] {dag.py:4180} INFO - Setting next_dagrun for example_display_name to None, run_after=None
[2025-02-10T02:57:22.712+0000] {processor.py:208} INFO - Processing /home/airflow/.local/lib/python3.12/site-packages/airflow/example_dags/example_display_name.py took 0.110 seconds
[2025-02-10T02:57:53.288+0000] {processor.py:186} INFO - Started process (PID=348) to work on /home/airflow/.local/lib/python3.12/site-packages/airflow/example_dags/example_display_name.py
[2025-02-10T02:57:53.291+0000] {processor.py:914} INFO - Processing file /home/airflow/.local/lib/python3.12/site-packages/airflow/example_dags/example_display_name.py for tasks to queue
[2025-02-10T02:57:53.295+0000] {logging_mixin.py:190} INFO - [2025-02-10T02:57:53.295+0000] {dagbag.py:588} INFO - Filling up the DagBag from /home/airflow/.local/lib/python3.12/site-packages/airflow/example_dags/example_display_name.py
[2025-02-10T02:57:53.319+0000] {processor.py:925} INFO - DAG(s) 'example_display_name' retrieved from /home/airflow/.local/lib/python3.12/site-packages/airflow/example_dags/example_display_name.py
[2025-02-10T02:57:53.360+0000] {logging_mixin.py:190} INFO - [2025-02-10T02:57:53.360+0000] {dag.py:3239} INFO - Sync 1 DAGs
[2025-02-10T02:57:53.373+0000] {logging_mixin.py:190} INFO - [2025-02-10T02:57:53.373+0000] {dag.py:4180} INFO - Setting next_dagrun for example_display_name to None, run_after=None
[2025-02-10T02:57:53.393+0000] {processor.py:208} INFO - Processing /home/airflow/.local/lib/python3.12/site-packages/airflow/example_dags/example_display_name.py took 0.116 seconds
[2025-02-10T02:58:23.480+0000] {processor.py:186} INFO - Started process (PID=412) to work on /home/airflow/.local/lib/python3.12/site-packages/airflow/example_dags/example_display_name.py
[2025-02-10T02:58:23.481+0000] {processor.py:914} INFO - Processing file /home/airflow/.local/lib/python3.12/site-packages/airflow/example_dags/example_display_name.py for tasks to queue
[2025-02-10T02:58:23.482+0000] {logging_mixin.py:190} INFO - [2025-02-10T02:58:23.482+0000] {dagbag.py:588} INFO - Filling up the DagBag from /home/airflow/.local/lib/python3.12/site-packages/airflow/example_dags/example_display_name.py
[2025-02-10T02:58:23.488+0000] {processor.py:925} INFO - DAG(s) 'example_display_name' retrieved from /home/airflow/.local/lib/python3.12/site-packages/airflow/example_dags/example_display_name.py
[2025-02-10T02:58:23.502+0000] {logging_mixin.py:190} INFO - [2025-02-10T02:58:23.502+0000] {dag.py:3239} INFO - Sync 1 DAGs
[2025-02-10T02:58:23.510+0000] {logging_mixin.py:190} INFO - [2025-02-10T02:58:23.510+0000] {dag.py:4180} INFO - Setting next_dagrun for example_display_name to None, run_after=None
[2025-02-10T02:58:23.522+0000] {processor.py:208} INFO - Processing /home/airflow/.local/lib/python3.12/site-packages/airflow/example_dags/example_display_name.py took 0.044 seconds
[2025-02-10T02:58:53.961+0000] {processor.py:186} INFO - Started process (PID=476) to work on /home/airflow/.local/lib/python3.12/site-packages/airflow/example_dags/example_display_name.py
[2025-02-10T02:58:53.961+0000] {processor.py:914} INFO - Processing file /home/airflow/.local/lib/python3.12/site-packages/airflow/example_dags/example_display_name.py for tasks to queue
[2025-02-10T02:58:53.963+0000] {logging_mixin.py:190} INFO - [2025-02-10T02:58:53.963+0000] {dagbag.py:588} INFO - Filling up the DagBag from /home/airflow/.local/lib/python3.12/site-packages/airflow/example_dags/example_display_name.py
[2025-02-10T02:58:53.970+0000] {processor.py:925} INFO - DAG(s) 'example_display_name' retrieved from /home/airflow/.local/lib/python3.12/site-packages/airflow/example_dags/example_display_name.py
[2025-02-10T02:58:54.000+0000] {logging_mixin.py:190} INFO - [2025-02-10T02:58:54.000+0000] {dag.py:3239} INFO - Sync 1 DAGs
[2025-02-10T02:58:54.013+0000] {logging_mixin.py:190} INFO - [2025-02-10T02:58:54.013+0000] {dag.py:4180} INFO - Setting next_dagrun for example_display_name to None, run_after=None
[2025-02-10T02:58:54.031+0000] {processor.py:208} INFO - Processing /home/airflow/.local/lib/python3.12/site-packages/airflow/example_dags/example_display_name.py took 0.074 seconds
[2025-02-10T02:59:25.586+0000] {processor.py:186} INFO - Started process (PID=540) to work on /home/airflow/.local/lib/python3.12/site-packages/airflow/example_dags/example_display_name.py
[2025-02-10T02:59:25.586+0000] {processor.py:914} INFO - Processing file /home/airflow/.local/lib/python3.12/site-packages/airflow/example_dags/example_display_name.py for tasks to queue
[2025-02-10T02:59:25.589+0000] {logging_mixin.py:190} INFO - [2025-02-10T02:59:25.589+0000] {dagbag.py:588} INFO - Filling up the DagBag from /home/airflow/.local/lib/python3.12/site-packages/airflow/example_dags/example_display_name.py
[2025-02-10T02:59:25.595+0000] {processor.py:925} INFO - DAG(s) 'example_display_name' retrieved from /home/airflow/.local/lib/python3.12/site-packages/airflow/example_dags/example_display_name.py
[2025-02-10T02:59:25.614+0000] {logging_mixin.py:190} INFO - [2025-02-10T02:59:25.613+0000] {dag.py:3239} INFO - Sync 1 DAGs
[2025-02-10T02:59:25.634+0000] {logging_mixin.py:190} INFO - [2025-02-10T02:59:25.634+0000] {dag.py:4180} INFO - Setting next_dagrun for example_display_name to None, run_after=None
[2025-02-10T02:59:25.649+0000] {processor.py:208} INFO - Processing /home/airflow/.local/lib/python3.12/site-packages/airflow/example_dags/example_display_name.py took 0.070 seconds
[2025-02-10T02:59:57.194+0000] {processor.py:186} INFO - Started process (PID=604) to work on /home/airflow/.local/lib/python3.12/site-packages/airflow/example_dags/example_display_name.py
[2025-02-10T02:59:57.195+0000] {processor.py:914} INFO - Processing file /home/airflow/.local/lib/python3.12/site-packages/airflow/example_dags/example_display_name.py for tasks to queue
[2025-02-10T02:59:57.196+0000] {logging_mixin.py:190} INFO - [2025-02-10T02:59:57.196+0000] {dagbag.py:588} INFO - Filling up the DagBag from /home/airflow/.local/lib/python3.12/site-packages/airflow/example_dags/example_display_name.py
[2025-02-10T02:59:57.201+0000] {processor.py:925} INFO - DAG(s) 'example_display_name' retrieved from /home/airflow/.local/lib/python3.12/site-packages/airflow/example_dags/example_display_name.py
[2025-02-10T02:59:57.227+0000] {logging_mixin.py:190} INFO - [2025-02-10T02:59:57.227+0000] {dag.py:3239} INFO - Sync 1 DAGs
[2025-02-10T02:59:57.235+0000] {logging_mixin.py:190} INFO - [2025-02-10T02:59:57.235+0000] {dag.py:4180} INFO - Setting next_dagrun for example_display_name to None, run_after=None
[2025-02-10T02:59:57.249+0000] {processor.py:208} INFO - Processing /home/airflow/.local/lib/python3.12/site-packages/airflow/example_dags/example_display_name.py took 0.058 seconds
[2025-02-10T03:00:29.301+0000] {processor.py:186} INFO - Started process (PID=668) to work on /home/airflow/.local/lib/python3.12/site-packages/airflow/example_dags/example_display_name.py
[2025-02-10T03:00:29.302+0000] {processor.py:914} INFO - Processing file /home/airflow/.local/lib/python3.12/site-packages/airflow/example_dags/example_display_name.py for tasks to queue
[2025-02-10T03:00:29.303+0000] {logging_mixin.py:190} INFO - [2025-02-10T03:00:29.303+0000] {dagbag.py:588} INFO - Filling up the DagBag from /home/airflow/.local/lib/python3.12/site-packages/airflow/example_dags/example_display_name.py
[2025-02-10T03:00:29.308+0000] {processor.py:925} INFO - DAG(s) 'example_display_name' retrieved from /home/airflow/.local/lib/python3.12/site-packages/airflow/example_dags/example_display_name.py
[2025-02-10T03:00:29.322+0000] {logging_mixin.py:190} INFO - [2025-02-10T03:00:29.322+0000] {dag.py:3239} INFO - Sync 1 DAGs
[2025-02-10T03:00:29.329+0000] {logging_mixin.py:190} INFO - [2025-02-10T03:00:29.329+0000] {dag.py:4180} INFO - Setting next_dagrun for example_display_name to None, run_after=None
[2025-02-10T03:00:29.341+0000] {processor.py:208} INFO - Processing /home/airflow/.local/lib/python3.12/site-packages/airflow/example_dags/example_display_name.py took 0.044 seconds
[2025-02-10T03:01:00.367+0000] {processor.py:186} INFO - Started process (PID=732) to work on /home/airflow/.local/lib/python3.12/site-packages/airflow/example_dags/example_display_name.py
[2025-02-10T03:01:00.369+0000] {processor.py:914} INFO - Processing file /home/airflow/.local/lib/python3.12/site-packages/airflow/example_dags/example_display_name.py for tasks to queue
[2025-02-10T03:01:00.371+0000] {logging_mixin.py:190} INFO - [2025-02-10T03:01:00.371+0000] {dagbag.py:588} INFO - Filling up the DagBag from /home/airflow/.local/lib/python3.12/site-packages/airflow/example_dags/example_display_name.py
[2025-02-10T03:01:00.376+0000] {processor.py:925} INFO - DAG(s) 'example_display_name' retrieved from /home/airflow/.local/lib/python3.12/site-packages/airflow/example_dags/example_display_name.py
[2025-02-10T03:01:00.399+0000] {logging_mixin.py:190} INFO - [2025-02-10T03:01:00.399+0000] {dag.py:3239} INFO - Sync 1 DAGs
[2025-02-10T03:01:00.425+0000] {logging_mixin.py:190} INFO - [2025-02-10T03:01:00.425+0000] {dag.py:4180} INFO - Setting next_dagrun for example_display_name to None, run_after=None
[2025-02-10T03:01:00.440+0000] {processor.py:208} INFO - Processing /home/airflow/.local/lib/python3.12/site-packages/airflow/example_dags/example_display_name.py took 0.076 seconds
[2025-02-10T03:01:31.628+0000] {processor.py:186} INFO - Started process (PID=796) to work on /home/airflow/.local/lib/python3.12/site-packages/airflow/example_dags/example_display_name.py
[2025-02-10T03:01:31.629+0000] {processor.py:914} INFO - Processing file /home/airflow/.local/lib/python3.12/site-packages/airflow/example_dags/example_display_name.py for tasks to queue
[2025-02-10T03:01:31.631+0000] {logging_mixin.py:190} INFO - [2025-02-10T03:01:31.631+0000] {dagbag.py:588} INFO - Filling up the DagBag from /home/airflow/.local/lib/python3.12/site-packages/airflow/example_dags/example_display_name.py
[2025-02-10T03:01:31.638+0000] {processor.py:925} INFO - DAG(s) 'example_display_name' retrieved from /home/airflow/.local/lib/python3.12/site-packages/airflow/example_dags/example_display_name.py
[2025-02-10T03:01:31.654+0000] {logging_mixin.py:190} INFO - [2025-02-10T03:01:31.654+0000] {dag.py:3239} INFO - Sync 1 DAGs
[2025-02-10T03:01:31.663+0000] {logging_mixin.py:190} INFO - [2025-02-10T03:01:31.663+0000] {dag.py:4180} INFO - Setting next_dagrun for example_display_name to None, run_after=None
[2025-02-10T03:01:31.679+0000] {processor.py:208} INFO - Processing /home/airflow/.local/lib/python3.12/site-packages/airflow/example_dags/example_display_name.py took 0.057 seconds
[2025-02-10T03:02:02.803+0000] {processor.py:186} INFO - Started process (PID=860) to work on /home/airflow/.local/lib/python3.12/site-packages/airflow/example_dags/example_display_name.py
[2025-02-10T03:02:02.804+0000] {processor.py:914} INFO - Processing file /home/airflow/.local/lib/python3.12/site-packages/airflow/example_dags/example_display_name.py for tasks to queue
[2025-02-10T03:02:02.805+0000] {logging_mixin.py:190} INFO - [2025-02-10T03:02:02.805+0000] {dagbag.py:588} INFO - Filling up the DagBag from /home/airflow/.local/lib/python3.12/site-packages/airflow/example_dags/example_display_name.py
[2025-02-10T03:02:02.811+0000] {processor.py:925} INFO - DAG(s) 'example_display_name' retrieved from /home/airflow/.local/lib/python3.12/site-packages/airflow/example_dags/example_display_name.py
[2025-02-10T03:02:02.835+0000] {logging_mixin.py:190} INFO - [2025-02-10T03:02:02.835+0000] {dag.py:3239} INFO - Sync 1 DAGs
[2025-02-10T03:02:02.845+0000] {logging_mixin.py:190} INFO - [2025-02-10T03:02:02.845+0000] {dag.py:4180} INFO - Setting next_dagrun for example_display_name to None, run_after=None
[2025-02-10T03:02:02.858+0000] {processor.py:208} INFO - Processing /home/airflow/.local/lib/python3.12/site-packages/airflow/example_dags/example_display_name.py took 0.058 seconds
[2025-02-10T03:02:34.275+0000] {processor.py:186} INFO - Started process (PID=924) to work on /home/airflow/.local/lib/python3.12/site-packages/airflow/example_dags/example_display_name.py
[2025-02-10T03:02:34.277+0000] {processor.py:914} INFO - Processing file /home/airflow/.local/lib/python3.12/site-packages/airflow/example_dags/example_display_name.py for tasks to queue
[2025-02-10T03:02:34.279+0000] {logging_mixin.py:190} INFO - [2025-02-10T03:02:34.278+0000] {dagbag.py:588} INFO - Filling up the DagBag from /home/airflow/.local/lib/python3.12/site-packages/airflow/example_dags/example_display_name.py
[2025-02-10T03:02:34.283+0000] {processor.py:925} INFO - DAG(s) 'example_display_name' retrieved from /home/airflow/.local/lib/python3.12/site-packages/airflow/example_dags/example_display_name.py
[2025-02-10T03:02:34.295+0000] {logging_mixin.py:190} INFO - [2025-02-10T03:02:34.294+0000] {dag.py:3239} INFO - Sync 1 DAGs
[2025-02-10T03:02:34.304+0000] {logging_mixin.py:190} INFO - [2025-02-10T03:02:34.304+0000] {dag.py:4180} INFO - Setting next_dagrun for example_display_name to None, run_after=None
[2025-02-10T03:02:34.315+0000] {processor.py:208} INFO - Processing /home/airflow/.local/lib/python3.12/site-packages/airflow/example_dags/example_display_name.py took 0.044 seconds
[2025-02-10T03:03:05.796+0000] {processor.py:186} INFO - Started process (PID=988) to work on /home/airflow/.local/lib/python3.12/site-packages/airflow/example_dags/example_display_name.py
[2025-02-10T03:03:05.798+0000] {processor.py:914} INFO - Processing file /home/airflow/.local/lib/python3.12/site-packages/airflow/example_dags/example_display_name.py for tasks to queue
[2025-02-10T03:03:05.801+0000] {logging_mixin.py:190} INFO - [2025-02-10T03:03:05.801+0000] {dagbag.py:588} INFO - Filling up the DagBag from /home/airflow/.local/lib/python3.12/site-packages/airflow/example_dags/example_display_name.py
[2025-02-10T03:03:05.806+0000] {processor.py:925} INFO - DAG(s) 'example_display_name' retrieved from /home/airflow/.local/lib/python3.12/site-packages/airflow/example_dags/example_display_name.py
[2025-02-10T03:03:05.824+0000] {logging_mixin.py:190} INFO - [2025-02-10T03:03:05.824+0000] {dag.py:3239} INFO - Sync 1 DAGs
[2025-02-10T03:03:05.833+0000] {logging_mixin.py:190} INFO - [2025-02-10T03:03:05.833+0000] {dag.py:4180} INFO - Setting next_dagrun for example_display_name to None, run_after=None
[2025-02-10T03:03:05.845+0000] {processor.py:208} INFO - Processing /home/airflow/.local/lib/python3.12/site-packages/airflow/example_dags/example_display_name.py took 0.052 seconds
[2025-02-10T03:03:37.837+0000] {processor.py:186} INFO - Started process (PID=1052) to work on /home/airflow/.local/lib/python3.12/site-packages/airflow/example_dags/example_display_name.py
[2025-02-10T03:03:37.838+0000] {processor.py:914} INFO - Processing file /home/airflow/.local/lib/python3.12/site-packages/airflow/example_dags/example_display_name.py for tasks to queue
[2025-02-10T03:03:37.840+0000] {logging_mixin.py:190} INFO - [2025-02-10T03:03:37.840+0000] {dagbag.py:588} INFO - Filling up the DagBag from /home/airflow/.local/lib/python3.12/site-packages/airflow/example_dags/example_display_name.py
[2025-02-10T03:03:37.856+0000] {processor.py:925} INFO - DAG(s) 'example_display_name' retrieved from /home/airflow/.local/lib/python3.12/site-packages/airflow/example_dags/example_display_name.py
[2025-02-10T03:03:37.883+0000] {logging_mixin.py:190} INFO - [2025-02-10T03:03:37.883+0000] {dag.py:3239} INFO - Sync 1 DAGs
[2025-02-10T03:03:37.905+0000] {logging_mixin.py:190} INFO - [2025-02-10T03:03:37.905+0000] {dag.py:4180} INFO - Setting next_dagrun for example_display_name to None, run_after=None
[2025-02-10T03:03:37.917+0000] {processor.py:208} INFO - Processing /home/airflow/.local/lib/python3.12/site-packages/airflow/example_dags/example_display_name.py took 0.085 seconds
[2025-02-10T03:04:09.367+0000] {processor.py:186} INFO - Started process (PID=1116) to work on /home/airflow/.local/lib/python3.12/site-packages/airflow/example_dags/example_display_name.py
[2025-02-10T03:04:09.368+0000] {processor.py:914} INFO - Processing file /home/airflow/.local/lib/python3.12/site-packages/airflow/example_dags/example_display_name.py for tasks to queue
[2025-02-10T03:04:09.369+0000] {logging_mixin.py:190} INFO - [2025-02-10T03:04:09.369+0000] {dagbag.py:588} INFO - Filling up the DagBag from /home/airflow/.local/lib/python3.12/site-packages/airflow/example_dags/example_display_name.py
[2025-02-10T03:04:09.374+0000] {processor.py:925} INFO - DAG(s) 'example_display_name' retrieved from /home/airflow/.local/lib/python3.12/site-packages/airflow/example_dags/example_display_name.py
[2025-02-10T03:04:09.401+0000] {logging_mixin.py:190} INFO - [2025-02-10T03:04:09.401+0000] {dag.py:3239} INFO - Sync 1 DAGs
[2025-02-10T03:04:09.429+0000] {logging_mixin.py:190} INFO - [2025-02-10T03:04:09.429+0000] {dag.py:4180} INFO - Setting next_dagrun for example_display_name to None, run_after=None
[2025-02-10T03:04:09.441+0000] {processor.py:208} INFO - Processing /home/airflow/.local/lib/python3.12/site-packages/airflow/example_dags/example_display_name.py took 0.077 seconds
[2025-02-10T03:04:40.508+0000] {processor.py:186} INFO - Started process (PID=1180) to work on /home/airflow/.local/lib/python3.12/site-packages/airflow/example_dags/example_display_name.py
[2025-02-10T03:04:40.509+0000] {processor.py:914} INFO - Processing file /home/airflow/.local/lib/python3.12/site-packages/airflow/example_dags/example_display_name.py for tasks to queue
[2025-02-10T03:04:40.510+0000] {logging_mixin.py:190} INFO - [2025-02-10T03:04:40.510+0000] {dagbag.py:588} INFO - Filling up the DagBag from /home/airflow/.local/lib/python3.12/site-packages/airflow/example_dags/example_display_name.py
[2025-02-10T03:04:40.518+0000] {processor.py:925} INFO - DAG(s) 'example_display_name' retrieved from /home/airflow/.local/lib/python3.12/site-packages/airflow/example_dags/example_display_name.py
[2025-02-10T03:04:40.534+0000] {logging_mixin.py:190} INFO - [2025-02-10T03:04:40.534+0000] {dag.py:3239} INFO - Sync 1 DAGs
[2025-02-10T03:04:40.541+0000] {logging_mixin.py:190} INFO - [2025-02-10T03:04:40.541+0000] {dag.py:4180} INFO - Setting next_dagrun for example_display_name to None, run_after=None
[2025-02-10T03:04:40.550+0000] {processor.py:208} INFO - Processing /home/airflow/.local/lib/python3.12/site-packages/airflow/example_dags/example_display_name.py took 0.048 seconds
[2025-02-10T03:05:12.032+0000] {processor.py:186} INFO - Started process (PID=1244) to work on /home/airflow/.local/lib/python3.12/site-packages/airflow/example_dags/example_display_name.py
[2025-02-10T03:05:12.034+0000] {processor.py:914} INFO - Processing file /home/airflow/.local/lib/python3.12/site-packages/airflow/example_dags/example_display_name.py for tasks to queue
[2025-02-10T03:05:12.045+0000] {logging_mixin.py:190} INFO - [2025-02-10T03:05:12.044+0000] {dagbag.py:588} INFO - Filling up the DagBag from /home/airflow/.local/lib/python3.12/site-packages/airflow/example_dags/example_display_name.py
[2025-02-10T03:05:12.065+0000] {processor.py:925} INFO - DAG(s) 'example_display_name' retrieved from /home/airflow/.local/lib/python3.12/site-packages/airflow/example_dags/example_display_name.py
[2025-02-10T03:05:12.092+0000] {logging_mixin.py:190} INFO - [2025-02-10T03:05:12.092+0000] {dag.py:3239} INFO - Sync 1 DAGs
[2025-02-10T03:05:12.101+0000] {logging_mixin.py:190} INFO - [2025-02-10T03:05:12.101+0000] {dag.py:4180} INFO - Setting next_dagrun for example_display_name to None, run_after=None
[2025-02-10T03:05:12.111+0000] {processor.py:208} INFO - Processing /home/airflow/.local/lib/python3.12/site-packages/airflow/example_dags/example_display_name.py took 0.095 seconds
[2025-02-10T03:05:42.275+0000] {processor.py:186} INFO - Started process (PID=1307) to work on /home/airflow/.local/lib/python3.12/site-packages/airflow/example_dags/example_display_name.py
[2025-02-10T03:05:42.275+0000] {processor.py:914} INFO - Processing file /home/airflow/.local/lib/python3.12/site-packages/airflow/example_dags/example_display_name.py for tasks to queue
[2025-02-10T03:05:42.276+0000] {logging_mixin.py:190} INFO - [2025-02-10T03:05:42.276+0000] {dagbag.py:588} INFO - Filling up the DagBag from /home/airflow/.local/lib/python3.12/site-packages/airflow/example_dags/example_display_name.py
[2025-02-10T03:05:42.280+0000] {processor.py:925} INFO - DAG(s) 'example_display_name' retrieved from /home/airflow/.local/lib/python3.12/site-packages/airflow/example_dags/example_display_name.py
[2025-02-10T03:05:42.289+0000] {logging_mixin.py:190} INFO - [2025-02-10T03:05:42.289+0000] {dag.py:3239} INFO - Sync 1 DAGs
[2025-02-10T03:05:42.295+0000] {logging_mixin.py:190} INFO - [2025-02-10T03:05:42.295+0000] {dag.py:4180} INFO - Setting next_dagrun for example_display_name to None, run_after=None
[2025-02-10T03:05:42.301+0000] {processor.py:208} INFO - Processing /home/airflow/.local/lib/python3.12/site-packages/airflow/example_dags/example_display_name.py took 0.031 seconds
[2025-02-10T03:06:13.421+0000] {processor.py:186} INFO - Started process (PID=1371) to work on /home/airflow/.local/lib/python3.12/site-packages/airflow/example_dags/example_display_name.py
[2025-02-10T03:06:13.422+0000] {processor.py:914} INFO - Processing file /home/airflow/.local/lib/python3.12/site-packages/airflow/example_dags/example_display_name.py for tasks to queue
[2025-02-10T03:06:13.423+0000] {logging_mixin.py:190} INFO - [2025-02-10T03:06:13.423+0000] {dagbag.py:588} INFO - Filling up the DagBag from /home/airflow/.local/lib/python3.12/site-packages/airflow/example_dags/example_display_name.py
[2025-02-10T03:06:13.428+0000] {processor.py:925} INFO - DAG(s) 'example_display_name' retrieved from /home/airflow/.local/lib/python3.12/site-packages/airflow/example_dags/example_display_name.py
[2025-02-10T03:06:13.437+0000] {logging_mixin.py:190} INFO - [2025-02-10T03:06:13.437+0000] {dag.py:3239} INFO - Sync 1 DAGs
[2025-02-10T03:06:13.443+0000] {logging_mixin.py:190} INFO - [2025-02-10T03:06:13.443+0000] {dag.py:4180} INFO - Setting next_dagrun for example_display_name to None, run_after=None
[2025-02-10T03:06:13.450+0000] {processor.py:208} INFO - Processing /home/airflow/.local/lib/python3.12/site-packages/airflow/example_dags/example_display_name.py took 0.034 seconds
[2025-02-10T03:06:45.435+0000] {processor.py:186} INFO - Started process (PID=1435) to work on /home/airflow/.local/lib/python3.12/site-packages/airflow/example_dags/example_display_name.py
[2025-02-10T03:06:45.436+0000] {processor.py:914} INFO - Processing file /home/airflow/.local/lib/python3.12/site-packages/airflow/example_dags/example_display_name.py for tasks to queue
[2025-02-10T03:06:45.438+0000] {logging_mixin.py:190} INFO - [2025-02-10T03:06:45.437+0000] {dagbag.py:588} INFO - Filling up the DagBag from /home/airflow/.local/lib/python3.12/site-packages/airflow/example_dags/example_display_name.py
[2025-02-10T03:06:45.443+0000] {processor.py:925} INFO - DAG(s) 'example_display_name' retrieved from /home/airflow/.local/lib/python3.12/site-packages/airflow/example_dags/example_display_name.py
[2025-02-10T03:06:45.452+0000] {logging_mixin.py:190} INFO - [2025-02-10T03:06:45.452+0000] {dag.py:3239} INFO - Sync 1 DAGs
[2025-02-10T03:06:45.460+0000] {logging_mixin.py:190} INFO - [2025-02-10T03:06:45.460+0000] {dag.py:4180} INFO - Setting next_dagrun for example_display_name to None, run_after=None
[2025-02-10T03:06:45.474+0000] {processor.py:208} INFO - Processing /home/airflow/.local/lib/python3.12/site-packages/airflow/example_dags/example_display_name.py took 0.046 seconds
[2025-02-10T03:07:16.604+0000] {processor.py:186} INFO - Started process (PID=1499) to work on /home/airflow/.local/lib/python3.12/site-packages/airflow/example_dags/example_display_name.py
[2025-02-10T03:07:16.605+0000] {processor.py:914} INFO - Processing file /home/airflow/.local/lib/python3.12/site-packages/airflow/example_dags/example_display_name.py for tasks to queue
[2025-02-10T03:07:16.608+0000] {logging_mixin.py:190} INFO - [2025-02-10T03:07:16.608+0000] {dagbag.py:588} INFO - Filling up the DagBag from /home/airflow/.local/lib/python3.12/site-packages/airflow/example_dags/example_display_name.py
[2025-02-10T03:07:16.615+0000] {processor.py:925} INFO - DAG(s) 'example_display_name' retrieved from /home/airflow/.local/lib/python3.12/site-packages/airflow/example_dags/example_display_name.py
[2025-02-10T03:07:16.643+0000] {logging_mixin.py:190} INFO - [2025-02-10T03:07:16.642+0000] {dag.py:3239} INFO - Sync 1 DAGs
[2025-02-10T03:07:16.675+0000] {logging_mixin.py:190} INFO - [2025-02-10T03:07:16.673+0000] {dag.py:4180} INFO - Setting next_dagrun for example_display_name to None, run_after=None
[2025-02-10T03:07:16.700+0000] {processor.py:208} INFO - Processing /home/airflow/.local/lib/python3.12/site-packages/airflow/example_dags/example_display_name.py took 0.102 seconds
[2025-02-10T03:07:47.241+0000] {processor.py:186} INFO - Started process (PID=1569) to work on /home/airflow/.local/lib/python3.12/site-packages/airflow/example_dags/example_display_name.py
[2025-02-10T03:07:47.242+0000] {processor.py:914} INFO - Processing file /home/airflow/.local/lib/python3.12/site-packages/airflow/example_dags/example_display_name.py for tasks to queue
[2025-02-10T03:07:47.243+0000] {logging_mixin.py:190} INFO - [2025-02-10T03:07:47.243+0000] {dagbag.py:588} INFO - Filling up the DagBag from /home/airflow/.local/lib/python3.12/site-packages/airflow/example_dags/example_display_name.py
[2025-02-10T03:07:47.247+0000] {processor.py:925} INFO - DAG(s) 'example_display_name' retrieved from /home/airflow/.local/lib/python3.12/site-packages/airflow/example_dags/example_display_name.py
[2025-02-10T03:07:47.257+0000] {logging_mixin.py:190} INFO - [2025-02-10T03:07:47.257+0000] {dag.py:3239} INFO - Sync 1 DAGs
[2025-02-10T03:07:47.264+0000] {logging_mixin.py:190} INFO - [2025-02-10T03:07:47.264+0000] {dag.py:4180} INFO - Setting next_dagrun for example_display_name to None, run_after=None
[2025-02-10T03:07:47.277+0000] {processor.py:208} INFO - Processing /home/airflow/.local/lib/python3.12/site-packages/airflow/example_dags/example_display_name.py took 0.039 seconds
[2025-02-10T03:08:18.677+0000] {processor.py:186} INFO - Started process (PID=1634) to work on /home/airflow/.local/lib/python3.12/site-packages/airflow/example_dags/example_display_name.py
[2025-02-10T03:08:18.678+0000] {processor.py:914} INFO - Processing file /home/airflow/.local/lib/python3.12/site-packages/airflow/example_dags/example_display_name.py for tasks to queue
[2025-02-10T03:08:18.679+0000] {logging_mixin.py:190} INFO - [2025-02-10T03:08:18.679+0000] {dagbag.py:588} INFO - Filling up the DagBag from /home/airflow/.local/lib/python3.12/site-packages/airflow/example_dags/example_display_name.py
[2025-02-10T03:08:18.683+0000] {processor.py:925} INFO - DAG(s) 'example_display_name' retrieved from /home/airflow/.local/lib/python3.12/site-packages/airflow/example_dags/example_display_name.py
[2025-02-10T03:08:18.700+0000] {logging_mixin.py:190} INFO - [2025-02-10T03:08:18.700+0000] {dag.py:3239} INFO - Sync 1 DAGs
[2025-02-10T03:08:18.708+0000] {logging_mixin.py:190} INFO - [2025-02-10T03:08:18.708+0000] {dag.py:4180} INFO - Setting next_dagrun for example_display_name to None, run_after=None
[2025-02-10T03:08:18.720+0000] {processor.py:208} INFO - Processing /home/airflow/.local/lib/python3.12/site-packages/airflow/example_dags/example_display_name.py took 0.046 seconds
[2025-02-10T03:08:49.320+0000] {processor.py:186} INFO - Started process (PID=1698) to work on /home/airflow/.local/lib/python3.12/site-packages/airflow/example_dags/example_display_name.py
[2025-02-10T03:08:49.320+0000] {processor.py:914} INFO - Processing file /home/airflow/.local/lib/python3.12/site-packages/airflow/example_dags/example_display_name.py for tasks to queue
[2025-02-10T03:08:49.321+0000] {logging_mixin.py:190} INFO - [2025-02-10T03:08:49.321+0000] {dagbag.py:588} INFO - Filling up the DagBag from /home/airflow/.local/lib/python3.12/site-packages/airflow/example_dags/example_display_name.py
[2025-02-10T03:08:49.325+0000] {processor.py:925} INFO - DAG(s) 'example_display_name' retrieved from /home/airflow/.local/lib/python3.12/site-packages/airflow/example_dags/example_display_name.py
[2025-02-10T03:08:49.333+0000] {logging_mixin.py:190} INFO - [2025-02-10T03:08:49.333+0000] {dag.py:3239} INFO - Sync 1 DAGs
[2025-02-10T03:08:49.338+0000] {logging_mixin.py:190} INFO - [2025-02-10T03:08:49.338+0000] {dag.py:4180} INFO - Setting next_dagrun for example_display_name to None, run_after=None
[2025-02-10T03:08:49.344+0000] {processor.py:208} INFO - Processing /home/airflow/.local/lib/python3.12/site-packages/airflow/example_dags/example_display_name.py took 0.027 seconds
[2025-02-10T03:09:20.907+0000] {processor.py:186} INFO - Started process (PID=1762) to work on /home/airflow/.local/lib/python3.12/site-packages/airflow/example_dags/example_display_name.py
[2025-02-10T03:09:20.908+0000] {processor.py:914} INFO - Processing file /home/airflow/.local/lib/python3.12/site-packages/airflow/example_dags/example_display_name.py for tasks to queue
[2025-02-10T03:09:20.909+0000] {logging_mixin.py:190} INFO - [2025-02-10T03:09:20.908+0000] {dagbag.py:588} INFO - Filling up the DagBag from /home/airflow/.local/lib/python3.12/site-packages/airflow/example_dags/example_display_name.py
[2025-02-10T03:09:20.912+0000] {processor.py:925} INFO - DAG(s) 'example_display_name' retrieved from /home/airflow/.local/lib/python3.12/site-packages/airflow/example_dags/example_display_name.py
[2025-02-10T03:09:20.920+0000] {logging_mixin.py:190} INFO - [2025-02-10T03:09:20.920+0000] {dag.py:3239} INFO - Sync 1 DAGs
[2025-02-10T03:09:20.925+0000] {logging_mixin.py:190} INFO - [2025-02-10T03:09:20.925+0000] {dag.py:4180} INFO - Setting next_dagrun for example_display_name to None, run_after=None
[2025-02-10T03:09:20.932+0000] {processor.py:208} INFO - Processing /home/airflow/.local/lib/python3.12/site-packages/airflow/example_dags/example_display_name.py took 0.028 seconds
[2025-02-10T03:09:51.738+0000] {processor.py:186} INFO - Started process (PID=1826) to work on /home/airflow/.local/lib/python3.12/site-packages/airflow/example_dags/example_display_name.py
[2025-02-10T03:09:51.739+0000] {processor.py:914} INFO - Processing file /home/airflow/.local/lib/python3.12/site-packages/airflow/example_dags/example_display_name.py for tasks to queue
[2025-02-10T03:09:51.740+0000] {logging_mixin.py:190} INFO - [2025-02-10T03:09:51.740+0000] {dagbag.py:588} INFO - Filling up the DagBag from /home/airflow/.local/lib/python3.12/site-packages/airflow/example_dags/example_display_name.py
[2025-02-10T03:09:51.744+0000] {processor.py:925} INFO - DAG(s) 'example_display_name' retrieved from /home/airflow/.local/lib/python3.12/site-packages/airflow/example_dags/example_display_name.py
[2025-02-10T03:09:51.757+0000] {logging_mixin.py:190} INFO - [2025-02-10T03:09:51.757+0000] {dag.py:3239} INFO - Sync 1 DAGs
[2025-02-10T03:09:51.763+0000] {logging_mixin.py:190} INFO - [2025-02-10T03:09:51.762+0000] {dag.py:4180} INFO - Setting next_dagrun for example_display_name to None, run_after=None
[2025-02-10T03:09:51.770+0000] {processor.py:208} INFO - Processing /home/airflow/.local/lib/python3.12/site-packages/airflow/example_dags/example_display_name.py took 0.034 seconds
[2025-02-10T03:10:22.801+0000] {processor.py:186} INFO - Started process (PID=1890) to work on /home/airflow/.local/lib/python3.12/site-packages/airflow/example_dags/example_display_name.py
[2025-02-10T03:10:22.802+0000] {processor.py:914} INFO - Processing file /home/airflow/.local/lib/python3.12/site-packages/airflow/example_dags/example_display_name.py for tasks to queue
[2025-02-10T03:10:22.803+0000] {logging_mixin.py:190} INFO - [2025-02-10T03:10:22.803+0000] {dagbag.py:588} INFO - Filling up the DagBag from /home/airflow/.local/lib/python3.12/site-packages/airflow/example_dags/example_display_name.py
[2025-02-10T03:10:22.809+0000] {processor.py:925} INFO - DAG(s) 'example_display_name' retrieved from /home/airflow/.local/lib/python3.12/site-packages/airflow/example_dags/example_display_name.py
[2025-02-10T03:10:22.822+0000] {logging_mixin.py:190} INFO - [2025-02-10T03:10:22.822+0000] {dag.py:3239} INFO - Sync 1 DAGs
[2025-02-10T03:10:22.828+0000] {logging_mixin.py:190} INFO - [2025-02-10T03:10:22.828+0000] {dag.py:4180} INFO - Setting next_dagrun for example_display_name to None, run_after=None
[2025-02-10T03:10:22.837+0000] {processor.py:208} INFO - Processing /home/airflow/.local/lib/python3.12/site-packages/airflow/example_dags/example_display_name.py took 0.038 seconds
[2025-02-10T03:10:53.619+0000] {processor.py:186} INFO - Started process (PID=1954) to work on /home/airflow/.local/lib/python3.12/site-packages/airflow/example_dags/example_display_name.py
[2025-02-10T03:10:53.619+0000] {processor.py:914} INFO - Processing file /home/airflow/.local/lib/python3.12/site-packages/airflow/example_dags/example_display_name.py for tasks to queue
[2025-02-10T03:10:53.620+0000] {logging_mixin.py:190} INFO - [2025-02-10T03:10:53.620+0000] {dagbag.py:588} INFO - Filling up the DagBag from /home/airflow/.local/lib/python3.12/site-packages/airflow/example_dags/example_display_name.py
[2025-02-10T03:10:53.624+0000] {processor.py:925} INFO - DAG(s) 'example_display_name' retrieved from /home/airflow/.local/lib/python3.12/site-packages/airflow/example_dags/example_display_name.py
[2025-02-10T03:10:53.631+0000] {logging_mixin.py:190} INFO - [2025-02-10T03:10:53.631+0000] {dag.py:3239} INFO - Sync 1 DAGs
[2025-02-10T03:10:53.637+0000] {logging_mixin.py:190} INFO - [2025-02-10T03:10:53.637+0000] {dag.py:4180} INFO - Setting next_dagrun for example_display_name to None, run_after=None
[2025-02-10T03:10:53.643+0000] {processor.py:208} INFO - Processing /home/airflow/.local/lib/python3.12/site-packages/airflow/example_dags/example_display_name.py took 0.027 seconds
[2025-02-10T03:11:25.100+0000] {processor.py:186} INFO - Started process (PID=2018) to work on /home/airflow/.local/lib/python3.12/site-packages/airflow/example_dags/example_display_name.py
[2025-02-10T03:11:25.101+0000] {processor.py:914} INFO - Processing file /home/airflow/.local/lib/python3.12/site-packages/airflow/example_dags/example_display_name.py for tasks to queue
[2025-02-10T03:11:25.103+0000] {logging_mixin.py:190} INFO - [2025-02-10T03:11:25.103+0000] {dagbag.py:588} INFO - Filling up the DagBag from /home/airflow/.local/lib/python3.12/site-packages/airflow/example_dags/example_display_name.py
[2025-02-10T03:11:25.108+0000] {processor.py:925} INFO - DAG(s) 'example_display_name' retrieved from /home/airflow/.local/lib/python3.12/site-packages/airflow/example_dags/example_display_name.py
[2025-02-10T03:11:25.127+0000] {logging_mixin.py:190} INFO - [2025-02-10T03:11:25.127+0000] {dag.py:3239} INFO - Sync 1 DAGs
[2025-02-10T03:11:25.139+0000] {logging_mixin.py:190} INFO - [2025-02-10T03:11:25.139+0000] {dag.py:4180} INFO - Setting next_dagrun for example_display_name to None, run_after=None
[2025-02-10T03:11:25.151+0000] {processor.py:208} INFO - Processing /home/airflow/.local/lib/python3.12/site-packages/airflow/example_dags/example_display_name.py took 0.053 seconds
[2025-02-10T03:11:56.102+0000] {processor.py:186} INFO - Started process (PID=2083) to work on /home/airflow/.local/lib/python3.12/site-packages/airflow/example_dags/example_display_name.py
[2025-02-10T03:11:56.105+0000] {processor.py:914} INFO - Processing file /home/airflow/.local/lib/python3.12/site-packages/airflow/example_dags/example_display_name.py for tasks to queue
[2025-02-10T03:11:56.106+0000] {logging_mixin.py:190} INFO - [2025-02-10T03:11:56.106+0000] {dagbag.py:588} INFO - Filling up the DagBag from /home/airflow/.local/lib/python3.12/site-packages/airflow/example_dags/example_display_name.py
[2025-02-10T03:11:56.111+0000] {processor.py:925} INFO - DAG(s) 'example_display_name' retrieved from /home/airflow/.local/lib/python3.12/site-packages/airflow/example_dags/example_display_name.py
[2025-02-10T03:11:56.129+0000] {logging_mixin.py:190} INFO - [2025-02-10T03:11:56.129+0000] {dag.py:3239} INFO - Sync 1 DAGs
[2025-02-10T03:11:56.138+0000] {logging_mixin.py:190} INFO - [2025-02-10T03:11:56.138+0000] {dag.py:4180} INFO - Setting next_dagrun for example_display_name to None, run_after=None
[2025-02-10T03:11:56.150+0000] {processor.py:208} INFO - Processing /home/airflow/.local/lib/python3.12/site-packages/airflow/example_dags/example_display_name.py took 0.051 seconds
[2025-02-10T03:12:27.181+0000] {processor.py:186} INFO - Started process (PID=2147) to work on /home/airflow/.local/lib/python3.12/site-packages/airflow/example_dags/example_display_name.py
[2025-02-10T03:12:27.182+0000] {processor.py:914} INFO - Processing file /home/airflow/.local/lib/python3.12/site-packages/airflow/example_dags/example_display_name.py for tasks to queue
[2025-02-10T03:12:27.184+0000] {logging_mixin.py:190} INFO - [2025-02-10T03:12:27.184+0000] {dagbag.py:588} INFO - Filling up the DagBag from /home/airflow/.local/lib/python3.12/site-packages/airflow/example_dags/example_display_name.py
[2025-02-10T03:12:27.188+0000] {processor.py:925} INFO - DAG(s) 'example_display_name' retrieved from /home/airflow/.local/lib/python3.12/site-packages/airflow/example_dags/example_display_name.py
[2025-02-10T03:12:27.199+0000] {logging_mixin.py:190} INFO - [2025-02-10T03:12:27.199+0000] {dag.py:3239} INFO - Sync 1 DAGs
[2025-02-10T03:12:27.206+0000] {logging_mixin.py:190} INFO - [2025-02-10T03:12:27.206+0000] {dag.py:4180} INFO - Setting next_dagrun for example_display_name to None, run_after=None
[2025-02-10T03:12:27.217+0000] {processor.py:208} INFO - Processing /home/airflow/.local/lib/python3.12/site-packages/airflow/example_dags/example_display_name.py took 0.039 seconds
[2025-02-10T03:12:58.296+0000] {processor.py:186} INFO - Started process (PID=2211) to work on /home/airflow/.local/lib/python3.12/site-packages/airflow/example_dags/example_display_name.py
[2025-02-10T03:12:58.296+0000] {processor.py:914} INFO - Processing file /home/airflow/.local/lib/python3.12/site-packages/airflow/example_dags/example_display_name.py for tasks to queue
[2025-02-10T03:12:58.298+0000] {logging_mixin.py:190} INFO - [2025-02-10T03:12:58.298+0000] {dagbag.py:588} INFO - Filling up the DagBag from /home/airflow/.local/lib/python3.12/site-packages/airflow/example_dags/example_display_name.py
[2025-02-10T03:12:58.304+0000] {processor.py:925} INFO - DAG(s) 'example_display_name' retrieved from /home/airflow/.local/lib/python3.12/site-packages/airflow/example_dags/example_display_name.py
[2025-02-10T03:12:58.320+0000] {logging_mixin.py:190} INFO - [2025-02-10T03:12:58.320+0000] {dag.py:3239} INFO - Sync 1 DAGs
[2025-02-10T03:12:58.328+0000] {logging_mixin.py:190} INFO - [2025-02-10T03:12:58.328+0000] {dag.py:4180} INFO - Setting next_dagrun for example_display_name to None, run_after=None
[2025-02-10T03:12:58.342+0000] {processor.py:208} INFO - Processing /home/airflow/.local/lib/python3.12/site-packages/airflow/example_dags/example_display_name.py took 0.049 seconds
[2025-02-10T03:13:29.084+0000] {processor.py:186} INFO - Started process (PID=2275) to work on /home/airflow/.local/lib/python3.12/site-packages/airflow/example_dags/example_display_name.py
[2025-02-10T03:13:29.085+0000] {processor.py:914} INFO - Processing file /home/airflow/.local/lib/python3.12/site-packages/airflow/example_dags/example_display_name.py for tasks to queue
[2025-02-10T03:13:29.086+0000] {logging_mixin.py:190} INFO - [2025-02-10T03:13:29.086+0000] {dagbag.py:588} INFO - Filling up the DagBag from /home/airflow/.local/lib/python3.12/site-packages/airflow/example_dags/example_display_name.py
[2025-02-10T03:13:29.090+0000] {processor.py:925} INFO - DAG(s) 'example_display_name' retrieved from /home/airflow/.local/lib/python3.12/site-packages/airflow/example_dags/example_display_name.py
[2025-02-10T03:13:29.102+0000] {logging_mixin.py:190} INFO - [2025-02-10T03:13:29.102+0000] {dag.py:3239} INFO - Sync 1 DAGs
[2025-02-10T03:13:29.109+0000] {logging_mixin.py:190} INFO - [2025-02-10T03:13:29.108+0000] {dag.py:4180} INFO - Setting next_dagrun for example_display_name to None, run_after=None
[2025-02-10T03:13:29.116+0000] {processor.py:208} INFO - Processing /home/airflow/.local/lib/python3.12/site-packages/airflow/example_dags/example_display_name.py took 0.037 seconds
[2025-02-10T03:14:00.121+0000] {processor.py:186} INFO - Started process (PID=2339) to work on /home/airflow/.local/lib/python3.12/site-packages/airflow/example_dags/example_display_name.py
[2025-02-10T03:14:00.123+0000] {processor.py:914} INFO - Processing file /home/airflow/.local/lib/python3.12/site-packages/airflow/example_dags/example_display_name.py for tasks to queue
[2025-02-10T03:14:00.125+0000] {logging_mixin.py:190} INFO - [2025-02-10T03:14:00.125+0000] {dagbag.py:588} INFO - Filling up the DagBag from /home/airflow/.local/lib/python3.12/site-packages/airflow/example_dags/example_display_name.py
[2025-02-10T03:14:00.129+0000] {processor.py:925} INFO - DAG(s) 'example_display_name' retrieved from /home/airflow/.local/lib/python3.12/site-packages/airflow/example_dags/example_display_name.py
[2025-02-10T03:14:00.139+0000] {logging_mixin.py:190} INFO - [2025-02-10T03:14:00.139+0000] {dag.py:3239} INFO - Sync 1 DAGs
[2025-02-10T03:14:00.145+0000] {logging_mixin.py:190} INFO - [2025-02-10T03:14:00.145+0000] {dag.py:4180} INFO - Setting next_dagrun for example_display_name to None, run_after=None
[2025-02-10T03:14:00.155+0000] {processor.py:208} INFO - Processing /home/airflow/.local/lib/python3.12/site-packages/airflow/example_dags/example_display_name.py took 0.037 seconds
[2025-02-10T03:14:30.888+0000] {processor.py:186} INFO - Started process (PID=2403) to work on /home/airflow/.local/lib/python3.12/site-packages/airflow/example_dags/example_display_name.py
[2025-02-10T03:14:30.891+0000] {processor.py:914} INFO - Processing file /home/airflow/.local/lib/python3.12/site-packages/airflow/example_dags/example_display_name.py for tasks to queue
[2025-02-10T03:14:30.892+0000] {logging_mixin.py:190} INFO - [2025-02-10T03:14:30.892+0000] {dagbag.py:588} INFO - Filling up the DagBag from /home/airflow/.local/lib/python3.12/site-packages/airflow/example_dags/example_display_name.py
[2025-02-10T03:14:30.898+0000] {processor.py:925} INFO - DAG(s) 'example_display_name' retrieved from /home/airflow/.local/lib/python3.12/site-packages/airflow/example_dags/example_display_name.py
[2025-02-10T03:14:30.911+0000] {logging_mixin.py:190} INFO - [2025-02-10T03:14:30.911+0000] {dag.py:3239} INFO - Sync 1 DAGs
[2025-02-10T03:14:30.918+0000] {logging_mixin.py:190} INFO - [2025-02-10T03:14:30.918+0000] {dag.py:4180} INFO - Setting next_dagrun for example_display_name to None, run_after=None
[2025-02-10T03:14:30.929+0000] {processor.py:208} INFO - Processing /home/airflow/.local/lib/python3.12/site-packages/airflow/example_dags/example_display_name.py took 0.045 seconds
[2025-02-10T03:15:01.768+0000] {processor.py:186} INFO - Started process (PID=2467) to work on /home/airflow/.local/lib/python3.12/site-packages/airflow/example_dags/example_display_name.py
[2025-02-10T03:15:01.769+0000] {processor.py:914} INFO - Processing file /home/airflow/.local/lib/python3.12/site-packages/airflow/example_dags/example_display_name.py for tasks to queue
[2025-02-10T03:15:01.772+0000] {logging_mixin.py:190} INFO - [2025-02-10T03:15:01.772+0000] {dagbag.py:588} INFO - Filling up the DagBag from /home/airflow/.local/lib/python3.12/site-packages/airflow/example_dags/example_display_name.py
[2025-02-10T03:15:01.778+0000] {processor.py:925} INFO - DAG(s) 'example_display_name' retrieved from /home/airflow/.local/lib/python3.12/site-packages/airflow/example_dags/example_display_name.py
[2025-02-10T03:15:01.792+0000] {logging_mixin.py:190} INFO - [2025-02-10T03:15:01.792+0000] {dag.py:3239} INFO - Sync 1 DAGs
[2025-02-10T03:15:01.802+0000] {logging_mixin.py:190} INFO - [2025-02-10T03:15:01.802+0000] {dag.py:4180} INFO - Setting next_dagrun for example_display_name to None, run_after=None
[2025-02-10T03:15:01.812+0000] {processor.py:208} INFO - Processing /home/airflow/.local/lib/python3.12/site-packages/airflow/example_dags/example_display_name.py took 0.050 seconds
[2025-02-10T03:15:32.359+0000] {processor.py:186} INFO - Started process (PID=2530) to work on /home/airflow/.local/lib/python3.12/site-packages/airflow/example_dags/example_display_name.py
[2025-02-10T03:15:32.360+0000] {processor.py:914} INFO - Processing file /home/airflow/.local/lib/python3.12/site-packages/airflow/example_dags/example_display_name.py for tasks to queue
[2025-02-10T03:15:32.362+0000] {logging_mixin.py:190} INFO - [2025-02-10T03:15:32.362+0000] {dagbag.py:588} INFO - Filling up the DagBag from /home/airflow/.local/lib/python3.12/site-packages/airflow/example_dags/example_display_name.py
[2025-02-10T03:15:32.368+0000] {processor.py:925} INFO - DAG(s) 'example_display_name' retrieved from /home/airflow/.local/lib/python3.12/site-packages/airflow/example_dags/example_display_name.py
[2025-02-10T03:15:32.378+0000] {logging_mixin.py:190} INFO - [2025-02-10T03:15:32.378+0000] {dag.py:3239} INFO - Sync 1 DAGs
[2025-02-10T03:15:32.384+0000] {logging_mixin.py:190} INFO - [2025-02-10T03:15:32.384+0000] {dag.py:4180} INFO - Setting next_dagrun for example_display_name to None, run_after=None
[2025-02-10T03:15:32.394+0000] {processor.py:208} INFO - Processing /home/airflow/.local/lib/python3.12/site-packages/airflow/example_dags/example_display_name.py took 0.038 seconds
