[2025-02-10T02:55:44.623+0000] {processor.py:186} INFO - Started process (PID=61) to work on /home/airflow/.local/lib/python3.12/site-packages/airflow/example_dags/example_python_operator.py
[2025-02-10T02:55:44.624+0000] {processor.py:914} INFO - Processing file /home/airflow/.local/lib/python3.12/site-packages/airflow/example_dags/example_python_operator.py for tasks to queue
[2025-02-10T02:55:44.627+0000] {logging_mixin.py:190} INFO - [2025-02-10T02:55:44.626+0000] {dagbag.py:588} INFO - Filling up the DagBag from /home/airflow/.local/lib/python3.12/site-packages/airflow/example_dags/example_python_operator.py
[2025-02-10T02:55:44.644+0000] {processor.py:925} INFO - DAG(s) 'example_python_operator' retrieved from /home/airflow/.local/lib/python3.12/site-packages/airflow/example_dags/example_python_operator.py
[2025-02-10T02:55:44.737+0000] {logging_mixin.py:190} INFO - [2025-02-10T02:55:44.737+0000] {override.py:1911} INFO - Created Permission View: can read on DAG:example_python_operator
[2025-02-10T02:55:44.755+0000] {logging_mixin.py:190} INFO - [2025-02-10T02:55:44.755+0000] {override.py:1911} INFO - Created Permission View: can edit on DAG:example_python_operator
[2025-02-10T02:55:44.761+0000] {logging_mixin.py:190} INFO - [2025-02-10T02:55:44.761+0000] {override.py:1911} INFO - Created Permission View: can delete on DAG:example_python_operator
[2025-02-10T02:55:44.765+0000] {logging_mixin.py:190} INFO - [2025-02-10T02:55:44.765+0000] {override.py:1911} INFO - Created Permission View: can read on DAG Run:example_python_operator
[2025-02-10T02:55:44.771+0000] {logging_mixin.py:190} INFO - [2025-02-10T02:55:44.771+0000] {override.py:1911} INFO - Created Permission View: can delete on DAG Run:example_python_operator
[2025-02-10T02:55:44.777+0000] {logging_mixin.py:190} INFO - [2025-02-10T02:55:44.777+0000] {override.py:1911} INFO - Created Permission View: menu access on DAG Run:example_python_operator
[2025-02-10T02:55:44.780+0000] {logging_mixin.py:190} INFO - [2025-02-10T02:55:44.780+0000] {override.py:1911} INFO - Created Permission View: can create on DAG Run:example_python_operator
[2025-02-10T02:55:44.782+0000] {logging_mixin.py:190} INFO - [2025-02-10T02:55:44.782+0000] {dag.py:3239} INFO - Sync 1 DAGs
[2025-02-10T02:55:44.790+0000] {logging_mixin.py:190} INFO - [2025-02-10T02:55:44.790+0000] {dag.py:3262} INFO - Creating ORM DAG for example_python_operator
[2025-02-10T02:55:44.791+0000] {logging_mixin.py:190} INFO - [2025-02-10T02:55:44.791+0000] {dag.py:4180} INFO - Setting next_dagrun for example_python_operator to None, run_after=None
[2025-02-10T02:55:44.801+0000] {processor.py:208} INFO - Processing /home/airflow/.local/lib/python3.12/site-packages/airflow/example_dags/example_python_operator.py took 0.181 seconds
[2025-02-10T02:56:15.515+0000] {processor.py:186} INFO - Started process (PID=125) to work on /home/airflow/.local/lib/python3.12/site-packages/airflow/example_dags/example_python_operator.py
[2025-02-10T02:56:15.516+0000] {processor.py:914} INFO - Processing file /home/airflow/.local/lib/python3.12/site-packages/airflow/example_dags/example_python_operator.py for tasks to queue
[2025-02-10T02:56:15.518+0000] {logging_mixin.py:190} INFO - [2025-02-10T02:56:15.518+0000] {dagbag.py:588} INFO - Filling up the DagBag from /home/airflow/.local/lib/python3.12/site-packages/airflow/example_dags/example_python_operator.py
[2025-02-10T02:56:15.531+0000] {processor.py:925} INFO - DAG(s) 'example_python_operator' retrieved from /home/airflow/.local/lib/python3.12/site-packages/airflow/example_dags/example_python_operator.py
[2025-02-10T02:56:15.545+0000] {logging_mixin.py:190} INFO - [2025-02-10T02:56:15.545+0000] {dag.py:3239} INFO - Sync 1 DAGs
[2025-02-10T02:56:15.555+0000] {logging_mixin.py:190} INFO - [2025-02-10T02:56:15.555+0000] {dag.py:4180} INFO - Setting next_dagrun for example_python_operator to None, run_after=None
[2025-02-10T02:56:15.564+0000] {processor.py:208} INFO - Processing /home/airflow/.local/lib/python3.12/site-packages/airflow/example_dags/example_python_operator.py took 0.053 seconds
[2025-02-10T02:56:46.180+0000] {processor.py:186} INFO - Started process (PID=188) to work on /home/airflow/.local/lib/python3.12/site-packages/airflow/example_dags/example_python_operator.py
[2025-02-10T02:56:46.180+0000] {processor.py:914} INFO - Processing file /home/airflow/.local/lib/python3.12/site-packages/airflow/example_dags/example_python_operator.py for tasks to queue
[2025-02-10T02:56:46.182+0000] {logging_mixin.py:190} INFO - [2025-02-10T02:56:46.182+0000] {dagbag.py:588} INFO - Filling up the DagBag from /home/airflow/.local/lib/python3.12/site-packages/airflow/example_dags/example_python_operator.py
[2025-02-10T02:56:46.191+0000] {processor.py:925} INFO - DAG(s) 'example_python_operator' retrieved from /home/airflow/.local/lib/python3.12/site-packages/airflow/example_dags/example_python_operator.py
[2025-02-10T02:56:46.204+0000] {logging_mixin.py:190} INFO - [2025-02-10T02:56:46.204+0000] {dag.py:3239} INFO - Sync 1 DAGs
[2025-02-10T02:56:46.212+0000] {logging_mixin.py:190} INFO - [2025-02-10T02:56:46.212+0000] {dag.py:4180} INFO - Setting next_dagrun for example_python_operator to None, run_after=None
[2025-02-10T02:56:46.237+0000] {processor.py:208} INFO - Processing /home/airflow/.local/lib/python3.12/site-packages/airflow/example_dags/example_python_operator.py took 0.060 seconds
[2025-02-10T02:57:17.081+0000] {processor.py:186} INFO - Started process (PID=251) to work on /home/airflow/.local/lib/python3.12/site-packages/airflow/example_dags/example_python_operator.py
[2025-02-10T02:57:17.082+0000] {processor.py:914} INFO - Processing file /home/airflow/.local/lib/python3.12/site-packages/airflow/example_dags/example_python_operator.py for tasks to queue
[2025-02-10T02:57:17.084+0000] {logging_mixin.py:190} INFO - [2025-02-10T02:57:17.084+0000] {dagbag.py:588} INFO - Filling up the DagBag from /home/airflow/.local/lib/python3.12/site-packages/airflow/example_dags/example_python_operator.py
[2025-02-10T02:57:17.092+0000] {processor.py:925} INFO - DAG(s) 'example_python_operator' retrieved from /home/airflow/.local/lib/python3.12/site-packages/airflow/example_dags/example_python_operator.py
[2025-02-10T02:57:17.107+0000] {logging_mixin.py:190} INFO - [2025-02-10T02:57:17.107+0000] {dag.py:3239} INFO - Sync 1 DAGs
[2025-02-10T02:57:17.121+0000] {logging_mixin.py:190} INFO - [2025-02-10T02:57:17.121+0000] {dag.py:4180} INFO - Setting next_dagrun for example_python_operator to None, run_after=None
[2025-02-10T02:57:17.133+0000] {processor.py:208} INFO - Processing /home/airflow/.local/lib/python3.12/site-packages/airflow/example_dags/example_python_operator.py took 0.057 seconds
[2025-02-10T02:57:48.041+0000] {processor.py:186} INFO - Started process (PID=315) to work on /home/airflow/.local/lib/python3.12/site-packages/airflow/example_dags/example_python_operator.py
[2025-02-10T02:57:48.043+0000] {processor.py:914} INFO - Processing file /home/airflow/.local/lib/python3.12/site-packages/airflow/example_dags/example_python_operator.py for tasks to queue
[2025-02-10T02:57:48.044+0000] {logging_mixin.py:190} INFO - [2025-02-10T02:57:48.044+0000] {dagbag.py:588} INFO - Filling up the DagBag from /home/airflow/.local/lib/python3.12/site-packages/airflow/example_dags/example_python_operator.py
[2025-02-10T02:57:48.050+0000] {processor.py:925} INFO - DAG(s) 'example_python_operator' retrieved from /home/airflow/.local/lib/python3.12/site-packages/airflow/example_dags/example_python_operator.py
[2025-02-10T02:57:48.063+0000] {logging_mixin.py:190} INFO - [2025-02-10T02:57:48.063+0000] {dag.py:3239} INFO - Sync 1 DAGs
[2025-02-10T02:57:48.069+0000] {logging_mixin.py:190} INFO - [2025-02-10T02:57:48.069+0000] {dag.py:4180} INFO - Setting next_dagrun for example_python_operator to None, run_after=None
[2025-02-10T02:57:48.076+0000] {processor.py:208} INFO - Processing /home/airflow/.local/lib/python3.12/site-packages/airflow/example_dags/example_python_operator.py took 0.038 seconds
[2025-02-10T02:58:18.802+0000] {processor.py:186} INFO - Started process (PID=379) to work on /home/airflow/.local/lib/python3.12/site-packages/airflow/example_dags/example_python_operator.py
[2025-02-10T02:58:18.804+0000] {processor.py:914} INFO - Processing file /home/airflow/.local/lib/python3.12/site-packages/airflow/example_dags/example_python_operator.py for tasks to queue
[2025-02-10T02:58:18.807+0000] {logging_mixin.py:190} INFO - [2025-02-10T02:58:18.806+0000] {dagbag.py:588} INFO - Filling up the DagBag from /home/airflow/.local/lib/python3.12/site-packages/airflow/example_dags/example_python_operator.py
[2025-02-10T02:58:18.820+0000] {processor.py:925} INFO - DAG(s) 'example_python_operator' retrieved from /home/airflow/.local/lib/python3.12/site-packages/airflow/example_dags/example_python_operator.py
[2025-02-10T02:58:18.871+0000] {logging_mixin.py:190} INFO - [2025-02-10T02:58:18.871+0000] {dag.py:3239} INFO - Sync 1 DAGs
[2025-02-10T02:58:18.891+0000] {logging_mixin.py:190} INFO - [2025-02-10T02:58:18.890+0000] {dag.py:4180} INFO - Setting next_dagrun for example_python_operator to None, run_after=None
[2025-02-10T02:58:18.923+0000] {processor.py:208} INFO - Processing /home/airflow/.local/lib/python3.12/site-packages/airflow/example_dags/example_python_operator.py took 0.126 seconds
[2025-02-10T02:58:49.000+0000] {processor.py:186} INFO - Started process (PID=443) to work on /home/airflow/.local/lib/python3.12/site-packages/airflow/example_dags/example_python_operator.py
[2025-02-10T02:58:49.000+0000] {processor.py:914} INFO - Processing file /home/airflow/.local/lib/python3.12/site-packages/airflow/example_dags/example_python_operator.py for tasks to queue
[2025-02-10T02:58:49.001+0000] {logging_mixin.py:190} INFO - [2025-02-10T02:58:49.001+0000] {dagbag.py:588} INFO - Filling up the DagBag from /home/airflow/.local/lib/python3.12/site-packages/airflow/example_dags/example_python_operator.py
[2025-02-10T02:58:49.007+0000] {processor.py:925} INFO - DAG(s) 'example_python_operator' retrieved from /home/airflow/.local/lib/python3.12/site-packages/airflow/example_dags/example_python_operator.py
[2025-02-10T02:58:49.016+0000] {logging_mixin.py:190} INFO - [2025-02-10T02:58:49.016+0000] {dag.py:3239} INFO - Sync 1 DAGs
[2025-02-10T02:58:49.022+0000] {logging_mixin.py:190} INFO - [2025-02-10T02:58:49.022+0000] {dag.py:4180} INFO - Setting next_dagrun for example_python_operator to None, run_after=None
[2025-02-10T02:58:49.031+0000] {processor.py:208} INFO - Processing /home/airflow/.local/lib/python3.12/site-packages/airflow/example_dags/example_python_operator.py took 0.034 seconds
[2025-02-10T02:59:19.162+0000] {processor.py:186} INFO - Started process (PID=507) to work on /home/airflow/.local/lib/python3.12/site-packages/airflow/example_dags/example_python_operator.py
[2025-02-10T02:59:19.165+0000] {processor.py:914} INFO - Processing file /home/airflow/.local/lib/python3.12/site-packages/airflow/example_dags/example_python_operator.py for tasks to queue
[2025-02-10T02:59:19.168+0000] {logging_mixin.py:190} INFO - [2025-02-10T02:59:19.167+0000] {dagbag.py:588} INFO - Filling up the DagBag from /home/airflow/.local/lib/python3.12/site-packages/airflow/example_dags/example_python_operator.py
[2025-02-10T02:59:19.180+0000] {processor.py:925} INFO - DAG(s) 'example_python_operator' retrieved from /home/airflow/.local/lib/python3.12/site-packages/airflow/example_dags/example_python_operator.py
[2025-02-10T02:59:19.204+0000] {logging_mixin.py:190} INFO - [2025-02-10T02:59:19.204+0000] {dag.py:3239} INFO - Sync 1 DAGs
[2025-02-10T02:59:19.210+0000] {logging_mixin.py:190} INFO - [2025-02-10T02:59:19.210+0000] {dag.py:4180} INFO - Setting next_dagrun for example_python_operator to None, run_after=None
[2025-02-10T02:59:19.220+0000] {processor.py:208} INFO - Processing /home/airflow/.local/lib/python3.12/site-packages/airflow/example_dags/example_python_operator.py took 0.062 seconds
[2025-02-10T02:59:49.501+0000] {processor.py:186} INFO - Started process (PID=571) to work on /home/airflow/.local/lib/python3.12/site-packages/airflow/example_dags/example_python_operator.py
[2025-02-10T02:59:49.501+0000] {processor.py:914} INFO - Processing file /home/airflow/.local/lib/python3.12/site-packages/airflow/example_dags/example_python_operator.py for tasks to queue
[2025-02-10T02:59:49.503+0000] {logging_mixin.py:190} INFO - [2025-02-10T02:59:49.502+0000] {dagbag.py:588} INFO - Filling up the DagBag from /home/airflow/.local/lib/python3.12/site-packages/airflow/example_dags/example_python_operator.py
[2025-02-10T02:59:49.512+0000] {processor.py:925} INFO - DAG(s) 'example_python_operator' retrieved from /home/airflow/.local/lib/python3.12/site-packages/airflow/example_dags/example_python_operator.py
[2025-02-10T02:59:49.524+0000] {logging_mixin.py:190} INFO - [2025-02-10T02:59:49.524+0000] {dag.py:3239} INFO - Sync 1 DAGs
[2025-02-10T02:59:49.531+0000] {logging_mixin.py:190} INFO - [2025-02-10T02:59:49.531+0000] {dag.py:4180} INFO - Setting next_dagrun for example_python_operator to None, run_after=None
[2025-02-10T02:59:49.543+0000] {processor.py:208} INFO - Processing /home/airflow/.local/lib/python3.12/site-packages/airflow/example_dags/example_python_operator.py took 0.045 seconds
[2025-02-10T03:00:19.738+0000] {processor.py:186} INFO - Started process (PID=635) to work on /home/airflow/.local/lib/python3.12/site-packages/airflow/example_dags/example_python_operator.py
[2025-02-10T03:00:19.739+0000] {processor.py:914} INFO - Processing file /home/airflow/.local/lib/python3.12/site-packages/airflow/example_dags/example_python_operator.py for tasks to queue
[2025-02-10T03:00:19.741+0000] {logging_mixin.py:190} INFO - [2025-02-10T03:00:19.741+0000] {dagbag.py:588} INFO - Filling up the DagBag from /home/airflow/.local/lib/python3.12/site-packages/airflow/example_dags/example_python_operator.py
[2025-02-10T03:00:19.751+0000] {processor.py:925} INFO - DAG(s) 'example_python_operator' retrieved from /home/airflow/.local/lib/python3.12/site-packages/airflow/example_dags/example_python_operator.py
[2025-02-10T03:00:19.766+0000] {logging_mixin.py:190} INFO - [2025-02-10T03:00:19.766+0000] {dag.py:3239} INFO - Sync 1 DAGs
[2025-02-10T03:00:19.773+0000] {logging_mixin.py:190} INFO - [2025-02-10T03:00:19.772+0000] {dag.py:4180} INFO - Setting next_dagrun for example_python_operator to None, run_after=None
[2025-02-10T03:00:19.780+0000] {processor.py:208} INFO - Processing /home/airflow/.local/lib/python3.12/site-packages/airflow/example_dags/example_python_operator.py took 0.046 seconds
[2025-02-10T03:00:50.264+0000] {processor.py:186} INFO - Started process (PID=699) to work on /home/airflow/.local/lib/python3.12/site-packages/airflow/example_dags/example_python_operator.py
[2025-02-10T03:00:50.265+0000] {processor.py:914} INFO - Processing file /home/airflow/.local/lib/python3.12/site-packages/airflow/example_dags/example_python_operator.py for tasks to queue
[2025-02-10T03:00:50.267+0000] {logging_mixin.py:190} INFO - [2025-02-10T03:00:50.267+0000] {dagbag.py:588} INFO - Filling up the DagBag from /home/airflow/.local/lib/python3.12/site-packages/airflow/example_dags/example_python_operator.py
[2025-02-10T03:00:50.275+0000] {processor.py:925} INFO - DAG(s) 'example_python_operator' retrieved from /home/airflow/.local/lib/python3.12/site-packages/airflow/example_dags/example_python_operator.py
[2025-02-10T03:00:50.284+0000] {logging_mixin.py:190} INFO - [2025-02-10T03:00:50.284+0000] {dag.py:3239} INFO - Sync 1 DAGs
[2025-02-10T03:00:50.290+0000] {logging_mixin.py:190} INFO - [2025-02-10T03:00:50.290+0000] {dag.py:4180} INFO - Setting next_dagrun for example_python_operator to None, run_after=None
[2025-02-10T03:00:50.300+0000] {processor.py:208} INFO - Processing /home/airflow/.local/lib/python3.12/site-packages/airflow/example_dags/example_python_operator.py took 0.039 seconds
[2025-02-10T03:01:20.390+0000] {processor.py:186} INFO - Started process (PID=762) to work on /home/airflow/.local/lib/python3.12/site-packages/airflow/example_dags/example_python_operator.py
[2025-02-10T03:01:20.391+0000] {processor.py:914} INFO - Processing file /home/airflow/.local/lib/python3.12/site-packages/airflow/example_dags/example_python_operator.py for tasks to queue
[2025-02-10T03:01:20.392+0000] {logging_mixin.py:190} INFO - [2025-02-10T03:01:20.391+0000] {dagbag.py:588} INFO - Filling up the DagBag from /home/airflow/.local/lib/python3.12/site-packages/airflow/example_dags/example_python_operator.py
[2025-02-10T03:01:20.397+0000] {processor.py:925} INFO - DAG(s) 'example_python_operator' retrieved from /home/airflow/.local/lib/python3.12/site-packages/airflow/example_dags/example_python_operator.py
[2025-02-10T03:01:20.408+0000] {logging_mixin.py:190} INFO - [2025-02-10T03:01:20.408+0000] {dag.py:3239} INFO - Sync 1 DAGs
[2025-02-10T03:01:20.416+0000] {logging_mixin.py:190} INFO - [2025-02-10T03:01:20.416+0000] {dag.py:4180} INFO - Setting next_dagrun for example_python_operator to None, run_after=None
[2025-02-10T03:01:20.422+0000] {processor.py:208} INFO - Processing /home/airflow/.local/lib/python3.12/site-packages/airflow/example_dags/example_python_operator.py took 0.034 seconds
[2025-02-10T03:01:50.541+0000] {processor.py:186} INFO - Started process (PID=826) to work on /home/airflow/.local/lib/python3.12/site-packages/airflow/example_dags/example_python_operator.py
[2025-02-10T03:01:50.543+0000] {processor.py:914} INFO - Processing file /home/airflow/.local/lib/python3.12/site-packages/airflow/example_dags/example_python_operator.py for tasks to queue
[2025-02-10T03:01:50.544+0000] {logging_mixin.py:190} INFO - [2025-02-10T03:01:50.544+0000] {dagbag.py:588} INFO - Filling up the DagBag from /home/airflow/.local/lib/python3.12/site-packages/airflow/example_dags/example_python_operator.py
[2025-02-10T03:01:50.552+0000] {processor.py:925} INFO - DAG(s) 'example_python_operator' retrieved from /home/airflow/.local/lib/python3.12/site-packages/airflow/example_dags/example_python_operator.py
[2025-02-10T03:01:50.564+0000] {logging_mixin.py:190} INFO - [2025-02-10T03:01:50.564+0000] {dag.py:3239} INFO - Sync 1 DAGs
[2025-02-10T03:01:50.571+0000] {logging_mixin.py:190} INFO - [2025-02-10T03:01:50.571+0000] {dag.py:4180} INFO - Setting next_dagrun for example_python_operator to None, run_after=None
[2025-02-10T03:01:50.577+0000] {processor.py:208} INFO - Processing /home/airflow/.local/lib/python3.12/site-packages/airflow/example_dags/example_python_operator.py took 0.051 seconds
[2025-02-10T03:02:20.909+0000] {processor.py:186} INFO - Started process (PID=891) to work on /home/airflow/.local/lib/python3.12/site-packages/airflow/example_dags/example_python_operator.py
[2025-02-10T03:02:20.910+0000] {processor.py:914} INFO - Processing file /home/airflow/.local/lib/python3.12/site-packages/airflow/example_dags/example_python_operator.py for tasks to queue
[2025-02-10T03:02:20.912+0000] {logging_mixin.py:190} INFO - [2025-02-10T03:02:20.912+0000] {dagbag.py:588} INFO - Filling up the DagBag from /home/airflow/.local/lib/python3.12/site-packages/airflow/example_dags/example_python_operator.py
[2025-02-10T03:02:20.920+0000] {processor.py:925} INFO - DAG(s) 'example_python_operator' retrieved from /home/airflow/.local/lib/python3.12/site-packages/airflow/example_dags/example_python_operator.py
[2025-02-10T03:02:20.936+0000] {logging_mixin.py:190} INFO - [2025-02-10T03:02:20.936+0000] {dag.py:3239} INFO - Sync 1 DAGs
[2025-02-10T03:02:20.943+0000] {logging_mixin.py:190} INFO - [2025-02-10T03:02:20.943+0000] {dag.py:4180} INFO - Setting next_dagrun for example_python_operator to None, run_after=None
[2025-02-10T03:02:20.954+0000] {processor.py:208} INFO - Processing /home/airflow/.local/lib/python3.12/site-packages/airflow/example_dags/example_python_operator.py took 0.054 seconds
[2025-02-10T03:02:51.313+0000] {processor.py:186} INFO - Started process (PID=955) to work on /home/airflow/.local/lib/python3.12/site-packages/airflow/example_dags/example_python_operator.py
[2025-02-10T03:02:51.313+0000] {processor.py:914} INFO - Processing file /home/airflow/.local/lib/python3.12/site-packages/airflow/example_dags/example_python_operator.py for tasks to queue
[2025-02-10T03:02:51.314+0000] {logging_mixin.py:190} INFO - [2025-02-10T03:02:51.314+0000] {dagbag.py:588} INFO - Filling up the DagBag from /home/airflow/.local/lib/python3.12/site-packages/airflow/example_dags/example_python_operator.py
[2025-02-10T03:02:51.321+0000] {processor.py:925} INFO - DAG(s) 'example_python_operator' retrieved from /home/airflow/.local/lib/python3.12/site-packages/airflow/example_dags/example_python_operator.py
[2025-02-10T03:02:51.333+0000] {logging_mixin.py:190} INFO - [2025-02-10T03:02:51.333+0000] {dag.py:3239} INFO - Sync 1 DAGs
[2025-02-10T03:02:51.340+0000] {logging_mixin.py:190} INFO - [2025-02-10T03:02:51.340+0000] {dag.py:4180} INFO - Setting next_dagrun for example_python_operator to None, run_after=None
[2025-02-10T03:02:51.350+0000] {processor.py:208} INFO - Processing /home/airflow/.local/lib/python3.12/site-packages/airflow/example_dags/example_python_operator.py took 0.041 seconds
[2025-02-10T03:03:21.666+0000] {processor.py:186} INFO - Started process (PID=1019) to work on /home/airflow/.local/lib/python3.12/site-packages/airflow/example_dags/example_python_operator.py
[2025-02-10T03:03:21.667+0000] {processor.py:914} INFO - Processing file /home/airflow/.local/lib/python3.12/site-packages/airflow/example_dags/example_python_operator.py for tasks to queue
[2025-02-10T03:03:21.668+0000] {logging_mixin.py:190} INFO - [2025-02-10T03:03:21.668+0000] {dagbag.py:588} INFO - Filling up the DagBag from /home/airflow/.local/lib/python3.12/site-packages/airflow/example_dags/example_python_operator.py
[2025-02-10T03:03:21.677+0000] {processor.py:925} INFO - DAG(s) 'example_python_operator' retrieved from /home/airflow/.local/lib/python3.12/site-packages/airflow/example_dags/example_python_operator.py
[2025-02-10T03:03:21.697+0000] {logging_mixin.py:190} INFO - [2025-02-10T03:03:21.696+0000] {dag.py:3239} INFO - Sync 1 DAGs
[2025-02-10T03:03:21.703+0000] {logging_mixin.py:190} INFO - [2025-02-10T03:03:21.702+0000] {dag.py:4180} INFO - Setting next_dagrun for example_python_operator to None, run_after=None
[2025-02-10T03:03:21.712+0000] {processor.py:208} INFO - Processing /home/airflow/.local/lib/python3.12/site-packages/airflow/example_dags/example_python_operator.py took 0.049 seconds
[2025-02-10T03:03:51.895+0000] {processor.py:186} INFO - Started process (PID=1083) to work on /home/airflow/.local/lib/python3.12/site-packages/airflow/example_dags/example_python_operator.py
[2025-02-10T03:03:51.896+0000] {processor.py:914} INFO - Processing file /home/airflow/.local/lib/python3.12/site-packages/airflow/example_dags/example_python_operator.py for tasks to queue
[2025-02-10T03:03:51.897+0000] {logging_mixin.py:190} INFO - [2025-02-10T03:03:51.897+0000] {dagbag.py:588} INFO - Filling up the DagBag from /home/airflow/.local/lib/python3.12/site-packages/airflow/example_dags/example_python_operator.py
[2025-02-10T03:03:51.903+0000] {processor.py:925} INFO - DAG(s) 'example_python_operator' retrieved from /home/airflow/.local/lib/python3.12/site-packages/airflow/example_dags/example_python_operator.py
[2025-02-10T03:03:51.913+0000] {logging_mixin.py:190} INFO - [2025-02-10T03:03:51.912+0000] {dag.py:3239} INFO - Sync 1 DAGs
[2025-02-10T03:03:51.918+0000] {logging_mixin.py:190} INFO - [2025-02-10T03:03:51.918+0000] {dag.py:4180} INFO - Setting next_dagrun for example_python_operator to None, run_after=None
[2025-02-10T03:03:51.925+0000] {processor.py:208} INFO - Processing /home/airflow/.local/lib/python3.12/site-packages/airflow/example_dags/example_python_operator.py took 0.035 seconds
[2025-02-10T03:04:22.410+0000] {processor.py:186} INFO - Started process (PID=1147) to work on /home/airflow/.local/lib/python3.12/site-packages/airflow/example_dags/example_python_operator.py
[2025-02-10T03:04:22.410+0000] {processor.py:914} INFO - Processing file /home/airflow/.local/lib/python3.12/site-packages/airflow/example_dags/example_python_operator.py for tasks to queue
[2025-02-10T03:04:22.411+0000] {logging_mixin.py:190} INFO - [2025-02-10T03:04:22.411+0000] {dagbag.py:588} INFO - Filling up the DagBag from /home/airflow/.local/lib/python3.12/site-packages/airflow/example_dags/example_python_operator.py
[2025-02-10T03:04:22.418+0000] {processor.py:925} INFO - DAG(s) 'example_python_operator' retrieved from /home/airflow/.local/lib/python3.12/site-packages/airflow/example_dags/example_python_operator.py
[2025-02-10T03:04:22.436+0000] {logging_mixin.py:190} INFO - [2025-02-10T03:04:22.436+0000] {dag.py:3239} INFO - Sync 1 DAGs
[2025-02-10T03:04:22.451+0000] {logging_mixin.py:190} INFO - [2025-02-10T03:04:22.450+0000] {dag.py:4180} INFO - Setting next_dagrun for example_python_operator to None, run_after=None
[2025-02-10T03:04:22.464+0000] {processor.py:208} INFO - Processing /home/airflow/.local/lib/python3.12/site-packages/airflow/example_dags/example_python_operator.py took 0.059 seconds
[2025-02-10T03:04:52.907+0000] {processor.py:186} INFO - Started process (PID=1211) to work on /home/airflow/.local/lib/python3.12/site-packages/airflow/example_dags/example_python_operator.py
[2025-02-10T03:04:52.912+0000] {processor.py:914} INFO - Processing file /home/airflow/.local/lib/python3.12/site-packages/airflow/example_dags/example_python_operator.py for tasks to queue
[2025-02-10T03:04:52.913+0000] {logging_mixin.py:190} INFO - [2025-02-10T03:04:52.913+0000] {dagbag.py:588} INFO - Filling up the DagBag from /home/airflow/.local/lib/python3.12/site-packages/airflow/example_dags/example_python_operator.py
[2025-02-10T03:04:52.919+0000] {processor.py:925} INFO - DAG(s) 'example_python_operator' retrieved from /home/airflow/.local/lib/python3.12/site-packages/airflow/example_dags/example_python_operator.py
[2025-02-10T03:04:52.928+0000] {logging_mixin.py:190} INFO - [2025-02-10T03:04:52.928+0000] {dag.py:3239} INFO - Sync 1 DAGs
[2025-02-10T03:04:52.937+0000] {logging_mixin.py:190} INFO - [2025-02-10T03:04:52.936+0000] {dag.py:4180} INFO - Setting next_dagrun for example_python_operator to None, run_after=None
[2025-02-10T03:04:52.946+0000] {processor.py:208} INFO - Processing /home/airflow/.local/lib/python3.12/site-packages/airflow/example_dags/example_python_operator.py took 0.042 seconds
[2025-02-10T03:05:23.132+0000] {processor.py:186} INFO - Started process (PID=1275) to work on /home/airflow/.local/lib/python3.12/site-packages/airflow/example_dags/example_python_operator.py
[2025-02-10T03:05:23.133+0000] {processor.py:914} INFO - Processing file /home/airflow/.local/lib/python3.12/site-packages/airflow/example_dags/example_python_operator.py for tasks to queue
[2025-02-10T03:05:23.134+0000] {logging_mixin.py:190} INFO - [2025-02-10T03:05:23.134+0000] {dagbag.py:588} INFO - Filling up the DagBag from /home/airflow/.local/lib/python3.12/site-packages/airflow/example_dags/example_python_operator.py
[2025-02-10T03:05:23.140+0000] {processor.py:925} INFO - DAG(s) 'example_python_operator' retrieved from /home/airflow/.local/lib/python3.12/site-packages/airflow/example_dags/example_python_operator.py
[2025-02-10T03:05:23.149+0000] {logging_mixin.py:190} INFO - [2025-02-10T03:05:23.149+0000] {dag.py:3239} INFO - Sync 1 DAGs
[2025-02-10T03:05:23.154+0000] {logging_mixin.py:190} INFO - [2025-02-10T03:05:23.154+0000] {dag.py:4180} INFO - Setting next_dagrun for example_python_operator to None, run_after=None
[2025-02-10T03:05:23.161+0000] {processor.py:208} INFO - Processing /home/airflow/.local/lib/python3.12/site-packages/airflow/example_dags/example_python_operator.py took 0.033 seconds
[2025-02-10T03:05:53.308+0000] {processor.py:186} INFO - Started process (PID=1339) to work on /home/airflow/.local/lib/python3.12/site-packages/airflow/example_dags/example_python_operator.py
[2025-02-10T03:05:53.309+0000] {processor.py:914} INFO - Processing file /home/airflow/.local/lib/python3.12/site-packages/airflow/example_dags/example_python_operator.py for tasks to queue
[2025-02-10T03:05:53.310+0000] {logging_mixin.py:190} INFO - [2025-02-10T03:05:53.310+0000] {dagbag.py:588} INFO - Filling up the DagBag from /home/airflow/.local/lib/python3.12/site-packages/airflow/example_dags/example_python_operator.py
[2025-02-10T03:05:53.317+0000] {processor.py:925} INFO - DAG(s) 'example_python_operator' retrieved from /home/airflow/.local/lib/python3.12/site-packages/airflow/example_dags/example_python_operator.py
[2025-02-10T03:05:53.330+0000] {logging_mixin.py:190} INFO - [2025-02-10T03:05:53.330+0000] {dag.py:3239} INFO - Sync 1 DAGs
[2025-02-10T03:05:53.338+0000] {logging_mixin.py:190} INFO - [2025-02-10T03:05:53.338+0000] {dag.py:4180} INFO - Setting next_dagrun for example_python_operator to None, run_after=None
[2025-02-10T03:05:53.354+0000] {processor.py:208} INFO - Processing /home/airflow/.local/lib/python3.12/site-packages/airflow/example_dags/example_python_operator.py took 0.049 seconds
[2025-02-10T03:06:23.677+0000] {processor.py:186} INFO - Started process (PID=1403) to work on /home/airflow/.local/lib/python3.12/site-packages/airflow/example_dags/example_python_operator.py
[2025-02-10T03:06:23.678+0000] {processor.py:914} INFO - Processing file /home/airflow/.local/lib/python3.12/site-packages/airflow/example_dags/example_python_operator.py for tasks to queue
[2025-02-10T03:06:23.680+0000] {logging_mixin.py:190} INFO - [2025-02-10T03:06:23.680+0000] {dagbag.py:588} INFO - Filling up the DagBag from /home/airflow/.local/lib/python3.12/site-packages/airflow/example_dags/example_python_operator.py
[2025-02-10T03:06:23.688+0000] {processor.py:925} INFO - DAG(s) 'example_python_operator' retrieved from /home/airflow/.local/lib/python3.12/site-packages/airflow/example_dags/example_python_operator.py
[2025-02-10T03:06:23.697+0000] {logging_mixin.py:190} INFO - [2025-02-10T03:06:23.697+0000] {dag.py:3239} INFO - Sync 1 DAGs
[2025-02-10T03:06:23.703+0000] {logging_mixin.py:190} INFO - [2025-02-10T03:06:23.703+0000] {dag.py:4180} INFO - Setting next_dagrun for example_python_operator to None, run_after=None
[2025-02-10T03:06:23.711+0000] {processor.py:208} INFO - Processing /home/airflow/.local/lib/python3.12/site-packages/airflow/example_dags/example_python_operator.py took 0.037 seconds
[2025-02-10T03:06:53.924+0000] {processor.py:186} INFO - Started process (PID=1467) to work on /home/airflow/.local/lib/python3.12/site-packages/airflow/example_dags/example_python_operator.py
[2025-02-10T03:06:53.926+0000] {processor.py:914} INFO - Processing file /home/airflow/.local/lib/python3.12/site-packages/airflow/example_dags/example_python_operator.py for tasks to queue
[2025-02-10T03:06:53.927+0000] {logging_mixin.py:190} INFO - [2025-02-10T03:06:53.927+0000] {dagbag.py:588} INFO - Filling up the DagBag from /home/airflow/.local/lib/python3.12/site-packages/airflow/example_dags/example_python_operator.py
[2025-02-10T03:06:53.937+0000] {processor.py:925} INFO - DAG(s) 'example_python_operator' retrieved from /home/airflow/.local/lib/python3.12/site-packages/airflow/example_dags/example_python_operator.py
[2025-02-10T03:06:53.960+0000] {logging_mixin.py:190} INFO - [2025-02-10T03:06:53.960+0000] {dag.py:3239} INFO - Sync 1 DAGs
[2025-02-10T03:06:53.969+0000] {logging_mixin.py:190} INFO - [2025-02-10T03:06:53.968+0000] {dag.py:4180} INFO - Setting next_dagrun for example_python_operator to None, run_after=None
[2025-02-10T03:06:53.978+0000] {processor.py:208} INFO - Processing /home/airflow/.local/lib/python3.12/site-packages/airflow/example_dags/example_python_operator.py took 0.057 seconds
[2025-02-10T03:07:25.033+0000] {processor.py:186} INFO - Started process (PID=1531) to work on /home/airflow/.local/lib/python3.12/site-packages/airflow/example_dags/example_python_operator.py
[2025-02-10T03:07:25.035+0000] {processor.py:914} INFO - Processing file /home/airflow/.local/lib/python3.12/site-packages/airflow/example_dags/example_python_operator.py for tasks to queue
[2025-02-10T03:07:25.037+0000] {logging_mixin.py:190} INFO - [2025-02-10T03:07:25.037+0000] {dagbag.py:588} INFO - Filling up the DagBag from /home/airflow/.local/lib/python3.12/site-packages/airflow/example_dags/example_python_operator.py
[2025-02-10T03:07:25.044+0000] {processor.py:925} INFO - DAG(s) 'example_python_operator' retrieved from /home/airflow/.local/lib/python3.12/site-packages/airflow/example_dags/example_python_operator.py
[2025-02-10T03:07:25.058+0000] {logging_mixin.py:190} INFO - [2025-02-10T03:07:25.058+0000] {dag.py:3239} INFO - Sync 1 DAGs
[2025-02-10T03:07:25.064+0000] {logging_mixin.py:190} INFO - [2025-02-10T03:07:25.064+0000] {dag.py:4180} INFO - Setting next_dagrun for example_python_operator to None, run_after=None
[2025-02-10T03:07:25.076+0000] {processor.py:208} INFO - Processing /home/airflow/.local/lib/python3.12/site-packages/airflow/example_dags/example_python_operator.py took 0.049 seconds
[2025-02-10T03:07:55.572+0000] {processor.py:186} INFO - Started process (PID=1595) to work on /home/airflow/.local/lib/python3.12/site-packages/airflow/example_dags/example_python_operator.py
[2025-02-10T03:07:55.574+0000] {processor.py:914} INFO - Processing file /home/airflow/.local/lib/python3.12/site-packages/airflow/example_dags/example_python_operator.py for tasks to queue
[2025-02-10T03:07:55.576+0000] {logging_mixin.py:190} INFO - [2025-02-10T03:07:55.576+0000] {dagbag.py:588} INFO - Filling up the DagBag from /home/airflow/.local/lib/python3.12/site-packages/airflow/example_dags/example_python_operator.py
[2025-02-10T03:07:55.582+0000] {processor.py:925} INFO - DAG(s) 'example_python_operator' retrieved from /home/airflow/.local/lib/python3.12/site-packages/airflow/example_dags/example_python_operator.py
[2025-02-10T03:07:55.592+0000] {logging_mixin.py:190} INFO - [2025-02-10T03:07:55.592+0000] {dag.py:3239} INFO - Sync 1 DAGs
[2025-02-10T03:07:55.601+0000] {logging_mixin.py:190} INFO - [2025-02-10T03:07:55.601+0000] {dag.py:4180} INFO - Setting next_dagrun for example_python_operator to None, run_after=None
[2025-02-10T03:07:55.614+0000] {processor.py:208} INFO - Processing /home/airflow/.local/lib/python3.12/site-packages/airflow/example_dags/example_python_operator.py took 0.046 seconds
[2025-02-10T03:08:26.284+0000] {processor.py:186} INFO - Started process (PID=1659) to work on /home/airflow/.local/lib/python3.12/site-packages/airflow/example_dags/example_python_operator.py
[2025-02-10T03:08:26.285+0000] {processor.py:914} INFO - Processing file /home/airflow/.local/lib/python3.12/site-packages/airflow/example_dags/example_python_operator.py for tasks to queue
[2025-02-10T03:08:26.286+0000] {logging_mixin.py:190} INFO - [2025-02-10T03:08:26.286+0000] {dagbag.py:588} INFO - Filling up the DagBag from /home/airflow/.local/lib/python3.12/site-packages/airflow/example_dags/example_python_operator.py
[2025-02-10T03:08:26.294+0000] {processor.py:925} INFO - DAG(s) 'example_python_operator' retrieved from /home/airflow/.local/lib/python3.12/site-packages/airflow/example_dags/example_python_operator.py
[2025-02-10T03:08:26.307+0000] {logging_mixin.py:190} INFO - [2025-02-10T03:08:26.307+0000] {dag.py:3239} INFO - Sync 1 DAGs
[2025-02-10T03:08:26.317+0000] {logging_mixin.py:190} INFO - [2025-02-10T03:08:26.317+0000] {dag.py:4180} INFO - Setting next_dagrun for example_python_operator to None, run_after=None
[2025-02-10T03:08:26.329+0000] {processor.py:208} INFO - Processing /home/airflow/.local/lib/python3.12/site-packages/airflow/example_dags/example_python_operator.py took 0.048 seconds
[2025-02-10T03:08:56.677+0000] {processor.py:186} INFO - Started process (PID=1723) to work on /home/airflow/.local/lib/python3.12/site-packages/airflow/example_dags/example_python_operator.py
[2025-02-10T03:08:56.678+0000] {processor.py:914} INFO - Processing file /home/airflow/.local/lib/python3.12/site-packages/airflow/example_dags/example_python_operator.py for tasks to queue
[2025-02-10T03:08:56.680+0000] {logging_mixin.py:190} INFO - [2025-02-10T03:08:56.679+0000] {dagbag.py:588} INFO - Filling up the DagBag from /home/airflow/.local/lib/python3.12/site-packages/airflow/example_dags/example_python_operator.py
[2025-02-10T03:08:56.694+0000] {processor.py:925} INFO - DAG(s) 'example_python_operator' retrieved from /home/airflow/.local/lib/python3.12/site-packages/airflow/example_dags/example_python_operator.py
[2025-02-10T03:08:56.737+0000] {logging_mixin.py:190} INFO - [2025-02-10T03:08:56.737+0000] {dag.py:3239} INFO - Sync 1 DAGs
[2025-02-10T03:08:56.751+0000] {logging_mixin.py:190} INFO - [2025-02-10T03:08:56.751+0000] {dag.py:4180} INFO - Setting next_dagrun for example_python_operator to None, run_after=None
[2025-02-10T03:08:56.772+0000] {processor.py:208} INFO - Processing /home/airflow/.local/lib/python3.12/site-packages/airflow/example_dags/example_python_operator.py took 0.099 seconds
[2025-02-10T03:09:27.571+0000] {processor.py:186} INFO - Started process (PID=1787) to work on /home/airflow/.local/lib/python3.12/site-packages/airflow/example_dags/example_python_operator.py
[2025-02-10T03:09:27.572+0000] {processor.py:914} INFO - Processing file /home/airflow/.local/lib/python3.12/site-packages/airflow/example_dags/example_python_operator.py for tasks to queue
[2025-02-10T03:09:27.573+0000] {logging_mixin.py:190} INFO - [2025-02-10T03:09:27.573+0000] {dagbag.py:588} INFO - Filling up the DagBag from /home/airflow/.local/lib/python3.12/site-packages/airflow/example_dags/example_python_operator.py
[2025-02-10T03:09:27.580+0000] {processor.py:925} INFO - DAG(s) 'example_python_operator' retrieved from /home/airflow/.local/lib/python3.12/site-packages/airflow/example_dags/example_python_operator.py
[2025-02-10T03:09:27.599+0000] {logging_mixin.py:190} INFO - [2025-02-10T03:09:27.599+0000] {dag.py:3239} INFO - Sync 1 DAGs
[2025-02-10T03:09:27.606+0000] {logging_mixin.py:190} INFO - [2025-02-10T03:09:27.606+0000] {dag.py:4180} INFO - Setting next_dagrun for example_python_operator to None, run_after=None
[2025-02-10T03:09:27.622+0000] {processor.py:208} INFO - Processing /home/airflow/.local/lib/python3.12/site-packages/airflow/example_dags/example_python_operator.py took 0.054 seconds
[2025-02-10T03:09:58.518+0000] {processor.py:186} INFO - Started process (PID=1851) to work on /home/airflow/.local/lib/python3.12/site-packages/airflow/example_dags/example_python_operator.py
[2025-02-10T03:09:58.519+0000] {processor.py:914} INFO - Processing file /home/airflow/.local/lib/python3.12/site-packages/airflow/example_dags/example_python_operator.py for tasks to queue
[2025-02-10T03:09:58.520+0000] {logging_mixin.py:190} INFO - [2025-02-10T03:09:58.520+0000] {dagbag.py:588} INFO - Filling up the DagBag from /home/airflow/.local/lib/python3.12/site-packages/airflow/example_dags/example_python_operator.py
[2025-02-10T03:09:58.528+0000] {processor.py:925} INFO - DAG(s) 'example_python_operator' retrieved from /home/airflow/.local/lib/python3.12/site-packages/airflow/example_dags/example_python_operator.py
[2025-02-10T03:09:58.548+0000] {logging_mixin.py:190} INFO - [2025-02-10T03:09:58.548+0000] {dag.py:3239} INFO - Sync 1 DAGs
[2025-02-10T03:09:58.563+0000] {logging_mixin.py:190} INFO - [2025-02-10T03:09:58.563+0000] {dag.py:4180} INFO - Setting next_dagrun for example_python_operator to None, run_after=None
[2025-02-10T03:09:58.575+0000] {processor.py:208} INFO - Processing /home/airflow/.local/lib/python3.12/site-packages/airflow/example_dags/example_python_operator.py took 0.060 seconds
[2025-02-10T03:10:28.922+0000] {processor.py:186} INFO - Started process (PID=1915) to work on /home/airflow/.local/lib/python3.12/site-packages/airflow/example_dags/example_python_operator.py
[2025-02-10T03:10:28.924+0000] {processor.py:914} INFO - Processing file /home/airflow/.local/lib/python3.12/site-packages/airflow/example_dags/example_python_operator.py for tasks to queue
[2025-02-10T03:10:28.927+0000] {logging_mixin.py:190} INFO - [2025-02-10T03:10:28.927+0000] {dagbag.py:588} INFO - Filling up the DagBag from /home/airflow/.local/lib/python3.12/site-packages/airflow/example_dags/example_python_operator.py
[2025-02-10T03:10:28.937+0000] {processor.py:925} INFO - DAG(s) 'example_python_operator' retrieved from /home/airflow/.local/lib/python3.12/site-packages/airflow/example_dags/example_python_operator.py
[2025-02-10T03:10:28.951+0000] {logging_mixin.py:190} INFO - [2025-02-10T03:10:28.951+0000] {dag.py:3239} INFO - Sync 1 DAGs
[2025-02-10T03:10:28.958+0000] {logging_mixin.py:190} INFO - [2025-02-10T03:10:28.958+0000] {dag.py:4180} INFO - Setting next_dagrun for example_python_operator to None, run_after=None
[2025-02-10T03:10:28.971+0000] {processor.py:208} INFO - Processing /home/airflow/.local/lib/python3.12/site-packages/airflow/example_dags/example_python_operator.py took 0.054 seconds
[2025-02-10T03:10:59.838+0000] {processor.py:186} INFO - Started process (PID=1979) to work on /home/airflow/.local/lib/python3.12/site-packages/airflow/example_dags/example_python_operator.py
[2025-02-10T03:10:59.839+0000] {processor.py:914} INFO - Processing file /home/airflow/.local/lib/python3.12/site-packages/airflow/example_dags/example_python_operator.py for tasks to queue
[2025-02-10T03:10:59.840+0000] {logging_mixin.py:190} INFO - [2025-02-10T03:10:59.840+0000] {dagbag.py:588} INFO - Filling up the DagBag from /home/airflow/.local/lib/python3.12/site-packages/airflow/example_dags/example_python_operator.py
[2025-02-10T03:10:59.850+0000] {processor.py:925} INFO - DAG(s) 'example_python_operator' retrieved from /home/airflow/.local/lib/python3.12/site-packages/airflow/example_dags/example_python_operator.py
[2025-02-10T03:10:59.871+0000] {logging_mixin.py:190} INFO - [2025-02-10T03:10:59.871+0000] {dag.py:3239} INFO - Sync 1 DAGs
[2025-02-10T03:10:59.881+0000] {logging_mixin.py:190} INFO - [2025-02-10T03:10:59.881+0000] {dag.py:4180} INFO - Setting next_dagrun for example_python_operator to None, run_after=None
[2025-02-10T03:10:59.895+0000] {processor.py:208} INFO - Processing /home/airflow/.local/lib/python3.12/site-packages/airflow/example_dags/example_python_operator.py took 0.064 seconds
[2025-02-10T03:11:30.554+0000] {processor.py:186} INFO - Started process (PID=2043) to work on /home/airflow/.local/lib/python3.12/site-packages/airflow/example_dags/example_python_operator.py
[2025-02-10T03:11:30.555+0000] {processor.py:914} INFO - Processing file /home/airflow/.local/lib/python3.12/site-packages/airflow/example_dags/example_python_operator.py for tasks to queue
[2025-02-10T03:11:30.556+0000] {logging_mixin.py:190} INFO - [2025-02-10T03:11:30.556+0000] {dagbag.py:588} INFO - Filling up the DagBag from /home/airflow/.local/lib/python3.12/site-packages/airflow/example_dags/example_python_operator.py
[2025-02-10T03:11:30.570+0000] {processor.py:925} INFO - DAG(s) 'example_python_operator' retrieved from /home/airflow/.local/lib/python3.12/site-packages/airflow/example_dags/example_python_operator.py
[2025-02-10T03:11:30.589+0000] {logging_mixin.py:190} INFO - [2025-02-10T03:11:30.588+0000] {dag.py:3239} INFO - Sync 1 DAGs
[2025-02-10T03:11:30.599+0000] {logging_mixin.py:190} INFO - [2025-02-10T03:11:30.599+0000] {dag.py:4180} INFO - Setting next_dagrun for example_python_operator to None, run_after=None
[2025-02-10T03:11:30.607+0000] {processor.py:208} INFO - Processing /home/airflow/.local/lib/python3.12/site-packages/airflow/example_dags/example_python_operator.py took 0.059 seconds
[2025-02-10T03:12:01.263+0000] {processor.py:186} INFO - Started process (PID=2107) to work on /home/airflow/.local/lib/python3.12/site-packages/airflow/example_dags/example_python_operator.py
[2025-02-10T03:12:01.264+0000] {processor.py:914} INFO - Processing file /home/airflow/.local/lib/python3.12/site-packages/airflow/example_dags/example_python_operator.py for tasks to queue
[2025-02-10T03:12:01.266+0000] {logging_mixin.py:190} INFO - [2025-02-10T03:12:01.265+0000] {dagbag.py:588} INFO - Filling up the DagBag from /home/airflow/.local/lib/python3.12/site-packages/airflow/example_dags/example_python_operator.py
[2025-02-10T03:12:01.275+0000] {processor.py:925} INFO - DAG(s) 'example_python_operator' retrieved from /home/airflow/.local/lib/python3.12/site-packages/airflow/example_dags/example_python_operator.py
[2025-02-10T03:12:01.289+0000] {logging_mixin.py:190} INFO - [2025-02-10T03:12:01.288+0000] {dag.py:3239} INFO - Sync 1 DAGs
[2025-02-10T03:12:01.296+0000] {logging_mixin.py:190} INFO - [2025-02-10T03:12:01.296+0000] {dag.py:4180} INFO - Setting next_dagrun for example_python_operator to None, run_after=None
[2025-02-10T03:12:01.308+0000] {processor.py:208} INFO - Processing /home/airflow/.local/lib/python3.12/site-packages/airflow/example_dags/example_python_operator.py took 0.050 seconds
[2025-02-10T03:12:31.391+0000] {processor.py:186} INFO - Started process (PID=2171) to work on /home/airflow/.local/lib/python3.12/site-packages/airflow/example_dags/example_python_operator.py
[2025-02-10T03:12:31.392+0000] {processor.py:914} INFO - Processing file /home/airflow/.local/lib/python3.12/site-packages/airflow/example_dags/example_python_operator.py for tasks to queue
[2025-02-10T03:12:31.394+0000] {logging_mixin.py:190} INFO - [2025-02-10T03:12:31.394+0000] {dagbag.py:588} INFO - Filling up the DagBag from /home/airflow/.local/lib/python3.12/site-packages/airflow/example_dags/example_python_operator.py
[2025-02-10T03:12:31.400+0000] {processor.py:925} INFO - DAG(s) 'example_python_operator' retrieved from /home/airflow/.local/lib/python3.12/site-packages/airflow/example_dags/example_python_operator.py
[2025-02-10T03:12:31.410+0000] {logging_mixin.py:190} INFO - [2025-02-10T03:12:31.410+0000] {dag.py:3239} INFO - Sync 1 DAGs
[2025-02-10T03:12:31.416+0000] {logging_mixin.py:190} INFO - [2025-02-10T03:12:31.416+0000] {dag.py:4180} INFO - Setting next_dagrun for example_python_operator to None, run_after=None
[2025-02-10T03:12:31.422+0000] {processor.py:208} INFO - Processing /home/airflow/.local/lib/python3.12/site-packages/airflow/example_dags/example_python_operator.py took 0.035 seconds
[2025-02-10T03:13:02.367+0000] {processor.py:186} INFO - Started process (PID=2235) to work on /home/airflow/.local/lib/python3.12/site-packages/airflow/example_dags/example_python_operator.py
[2025-02-10T03:13:02.368+0000] {processor.py:914} INFO - Processing file /home/airflow/.local/lib/python3.12/site-packages/airflow/example_dags/example_python_operator.py for tasks to queue
[2025-02-10T03:13:02.369+0000] {logging_mixin.py:190} INFO - [2025-02-10T03:13:02.369+0000] {dagbag.py:588} INFO - Filling up the DagBag from /home/airflow/.local/lib/python3.12/site-packages/airflow/example_dags/example_python_operator.py
[2025-02-10T03:13:02.376+0000] {processor.py:925} INFO - DAG(s) 'example_python_operator' retrieved from /home/airflow/.local/lib/python3.12/site-packages/airflow/example_dags/example_python_operator.py
[2025-02-10T03:13:02.392+0000] {logging_mixin.py:190} INFO - [2025-02-10T03:13:02.392+0000] {dag.py:3239} INFO - Sync 1 DAGs
[2025-02-10T03:13:02.399+0000] {logging_mixin.py:190} INFO - [2025-02-10T03:13:02.399+0000] {dag.py:4180} INFO - Setting next_dagrun for example_python_operator to None, run_after=None
[2025-02-10T03:13:02.410+0000] {processor.py:208} INFO - Processing /home/airflow/.local/lib/python3.12/site-packages/airflow/example_dags/example_python_operator.py took 0.047 seconds
[2025-02-10T03:13:32.474+0000] {processor.py:186} INFO - Started process (PID=2299) to work on /home/airflow/.local/lib/python3.12/site-packages/airflow/example_dags/example_python_operator.py
[2025-02-10T03:13:32.476+0000] {processor.py:914} INFO - Processing file /home/airflow/.local/lib/python3.12/site-packages/airflow/example_dags/example_python_operator.py for tasks to queue
[2025-02-10T03:13:32.477+0000] {logging_mixin.py:190} INFO - [2025-02-10T03:13:32.477+0000] {dagbag.py:588} INFO - Filling up the DagBag from /home/airflow/.local/lib/python3.12/site-packages/airflow/example_dags/example_python_operator.py
[2025-02-10T03:13:32.483+0000] {processor.py:925} INFO - DAG(s) 'example_python_operator' retrieved from /home/airflow/.local/lib/python3.12/site-packages/airflow/example_dags/example_python_operator.py
[2025-02-10T03:13:32.496+0000] {logging_mixin.py:190} INFO - [2025-02-10T03:13:32.496+0000] {dag.py:3239} INFO - Sync 1 DAGs
[2025-02-10T03:13:32.506+0000] {logging_mixin.py:190} INFO - [2025-02-10T03:13:32.506+0000] {dag.py:4180} INFO - Setting next_dagrun for example_python_operator to None, run_after=None
[2025-02-10T03:13:32.518+0000] {processor.py:208} INFO - Processing /home/airflow/.local/lib/python3.12/site-packages/airflow/example_dags/example_python_operator.py took 0.048 seconds
[2025-02-10T03:14:03.235+0000] {processor.py:186} INFO - Started process (PID=2363) to work on /home/airflow/.local/lib/python3.12/site-packages/airflow/example_dags/example_python_operator.py
[2025-02-10T03:14:03.237+0000] {processor.py:914} INFO - Processing file /home/airflow/.local/lib/python3.12/site-packages/airflow/example_dags/example_python_operator.py for tasks to queue
[2025-02-10T03:14:03.239+0000] {logging_mixin.py:190} INFO - [2025-02-10T03:14:03.239+0000] {dagbag.py:588} INFO - Filling up the DagBag from /home/airflow/.local/lib/python3.12/site-packages/airflow/example_dags/example_python_operator.py
[2025-02-10T03:14:03.247+0000] {processor.py:925} INFO - DAG(s) 'example_python_operator' retrieved from /home/airflow/.local/lib/python3.12/site-packages/airflow/example_dags/example_python_operator.py
[2025-02-10T03:14:03.261+0000] {logging_mixin.py:190} INFO - [2025-02-10T03:14:03.261+0000] {dag.py:3239} INFO - Sync 1 DAGs
[2025-02-10T03:14:03.267+0000] {logging_mixin.py:190} INFO - [2025-02-10T03:14:03.267+0000] {dag.py:4180} INFO - Setting next_dagrun for example_python_operator to None, run_after=None
[2025-02-10T03:14:03.275+0000] {processor.py:208} INFO - Processing /home/airflow/.local/lib/python3.12/site-packages/airflow/example_dags/example_python_operator.py took 0.043 seconds
[2025-02-10T03:14:34.062+0000] {processor.py:186} INFO - Started process (PID=2427) to work on /home/airflow/.local/lib/python3.12/site-packages/airflow/example_dags/example_python_operator.py
[2025-02-10T03:14:34.063+0000] {processor.py:914} INFO - Processing file /home/airflow/.local/lib/python3.12/site-packages/airflow/example_dags/example_python_operator.py for tasks to queue
[2025-02-10T03:14:34.064+0000] {logging_mixin.py:190} INFO - [2025-02-10T03:14:34.064+0000] {dagbag.py:588} INFO - Filling up the DagBag from /home/airflow/.local/lib/python3.12/site-packages/airflow/example_dags/example_python_operator.py
[2025-02-10T03:14:34.072+0000] {processor.py:925} INFO - DAG(s) 'example_python_operator' retrieved from /home/airflow/.local/lib/python3.12/site-packages/airflow/example_dags/example_python_operator.py
[2025-02-10T03:14:34.085+0000] {logging_mixin.py:190} INFO - [2025-02-10T03:14:34.085+0000] {dag.py:3239} INFO - Sync 1 DAGs
[2025-02-10T03:14:34.095+0000] {logging_mixin.py:190} INFO - [2025-02-10T03:14:34.095+0000] {dag.py:4180} INFO - Setting next_dagrun for example_python_operator to None, run_after=None
[2025-02-10T03:14:34.104+0000] {processor.py:208} INFO - Processing /home/airflow/.local/lib/python3.12/site-packages/airflow/example_dags/example_python_operator.py took 0.048 seconds
[2025-02-10T03:15:04.834+0000] {processor.py:186} INFO - Started process (PID=2491) to work on /home/airflow/.local/lib/python3.12/site-packages/airflow/example_dags/example_python_operator.py
[2025-02-10T03:15:04.836+0000] {processor.py:914} INFO - Processing file /home/airflow/.local/lib/python3.12/site-packages/airflow/example_dags/example_python_operator.py for tasks to queue
[2025-02-10T03:15:04.838+0000] {logging_mixin.py:190} INFO - [2025-02-10T03:15:04.838+0000] {dagbag.py:588} INFO - Filling up the DagBag from /home/airflow/.local/lib/python3.12/site-packages/airflow/example_dags/example_python_operator.py
[2025-02-10T03:15:04.849+0000] {processor.py:925} INFO - DAG(s) 'example_python_operator' retrieved from /home/airflow/.local/lib/python3.12/site-packages/airflow/example_dags/example_python_operator.py
[2025-02-10T03:15:04.863+0000] {logging_mixin.py:190} INFO - [2025-02-10T03:15:04.863+0000] {dag.py:3239} INFO - Sync 1 DAGs
[2025-02-10T03:15:04.870+0000] {logging_mixin.py:190} INFO - [2025-02-10T03:15:04.870+0000] {dag.py:4180} INFO - Setting next_dagrun for example_python_operator to None, run_after=None
[2025-02-10T03:15:04.878+0000] {processor.py:208} INFO - Processing /home/airflow/.local/lib/python3.12/site-packages/airflow/example_dags/example_python_operator.py took 0.049 seconds
[2025-02-10T03:15:35.443+0000] {processor.py:186} INFO - Started process (PID=2554) to work on /home/airflow/.local/lib/python3.12/site-packages/airflow/example_dags/example_python_operator.py
[2025-02-10T03:15:35.444+0000] {processor.py:914} INFO - Processing file /home/airflow/.local/lib/python3.12/site-packages/airflow/example_dags/example_python_operator.py for tasks to queue
[2025-02-10T03:15:35.446+0000] {logging_mixin.py:190} INFO - [2025-02-10T03:15:35.446+0000] {dagbag.py:588} INFO - Filling up the DagBag from /home/airflow/.local/lib/python3.12/site-packages/airflow/example_dags/example_python_operator.py
[2025-02-10T03:15:35.453+0000] {processor.py:925} INFO - DAG(s) 'example_python_operator' retrieved from /home/airflow/.local/lib/python3.12/site-packages/airflow/example_dags/example_python_operator.py
[2025-02-10T03:15:35.467+0000] {logging_mixin.py:190} INFO - [2025-02-10T03:15:35.467+0000] {dag.py:3239} INFO - Sync 1 DAGs
[2025-02-10T03:15:35.474+0000] {logging_mixin.py:190} INFO - [2025-02-10T03:15:35.474+0000] {dag.py:4180} INFO - Setting next_dagrun for example_python_operator to None, run_after=None
[2025-02-10T03:15:35.484+0000] {processor.py:208} INFO - Processing /home/airflow/.local/lib/python3.12/site-packages/airflow/example_dags/example_python_operator.py took 0.045 seconds
