[2025-02-10T02:55:48.429+0000] {processor.py:186} INFO - Started process (PID=82) to work on /home/airflow/.local/lib/python3.12/site-packages/airflow/example_dags/example_inlet_event_extra.py
[2025-02-10T02:55:48.431+0000] {processor.py:914} INFO - Processing file /home/airflow/.local/lib/python3.12/site-packages/airflow/example_dags/example_inlet_event_extra.py for tasks to queue
[2025-02-10T02:55:48.437+0000] {logging_mixin.py:190} INFO - [2025-02-10T02:55:48.436+0000] {dagbag.py:588} INFO - Filling up the DagBag from /home/airflow/.local/lib/python3.12/site-packages/airflow/example_dags/example_inlet_event_extra.py
[2025-02-10T02:55:49.074+0000] {processor.py:925} INFO - DAG(s) 'read_dataset_event', 'read_dataset_event_from_classic' retrieved from /home/airflow/.local/lib/python3.12/site-packages/airflow/example_dags/example_inlet_event_extra.py
[2025-02-10T02:55:49.142+0000] {logging_mixin.py:190} INFO - [2025-02-10T02:55:49.142+0000] {override.py:1911} INFO - Created Permission View: can read on DAG:read_dataset_event
[2025-02-10T02:55:49.147+0000] {logging_mixin.py:190} INFO - [2025-02-10T02:55:49.147+0000] {override.py:1911} INFO - Created Permission View: can edit on DAG:read_dataset_event
[2025-02-10T02:55:49.150+0000] {logging_mixin.py:190} INFO - [2025-02-10T02:55:49.149+0000] {override.py:1911} INFO - Created Permission View: can delete on DAG:read_dataset_event
[2025-02-10T02:55:49.152+0000] {logging_mixin.py:190} INFO - [2025-02-10T02:55:49.152+0000] {override.py:1911} INFO - Created Permission View: can read on DAG Run:read_dataset_event
[2025-02-10T02:55:49.160+0000] {logging_mixin.py:190} INFO - [2025-02-10T02:55:49.160+0000] {override.py:1911} INFO - Created Permission View: can delete on DAG Run:read_dataset_event
[2025-02-10T02:55:49.165+0000] {logging_mixin.py:190} INFO - [2025-02-10T02:55:49.164+0000] {override.py:1911} INFO - Created Permission View: menu access on DAG Run:read_dataset_event
[2025-02-10T02:55:49.170+0000] {logging_mixin.py:190} INFO - [2025-02-10T02:55:49.170+0000] {override.py:1911} INFO - Created Permission View: can create on DAG Run:read_dataset_event
[2025-02-10T02:55:49.178+0000] {logging_mixin.py:190} INFO - [2025-02-10T02:55:49.178+0000] {override.py:1911} INFO - Created Permission View: can read on DAG:read_dataset_event_from_classic
[2025-02-10T02:55:49.187+0000] {logging_mixin.py:190} INFO - [2025-02-10T02:55:49.187+0000] {override.py:1911} INFO - Created Permission View: can edit on DAG:read_dataset_event_from_classic
[2025-02-10T02:55:49.193+0000] {logging_mixin.py:190} INFO - [2025-02-10T02:55:49.193+0000] {override.py:1911} INFO - Created Permission View: can delete on DAG:read_dataset_event_from_classic
[2025-02-10T02:55:49.198+0000] {logging_mixin.py:190} INFO - [2025-02-10T02:55:49.198+0000] {override.py:1911} INFO - Created Permission View: can read on DAG Run:read_dataset_event_from_classic
[2025-02-10T02:55:49.202+0000] {logging_mixin.py:190} INFO - [2025-02-10T02:55:49.201+0000] {override.py:1911} INFO - Created Permission View: can delete on DAG Run:read_dataset_event_from_classic
[2025-02-10T02:55:49.204+0000] {logging_mixin.py:190} INFO - [2025-02-10T02:55:49.204+0000] {override.py:1911} INFO - Created Permission View: menu access on DAG Run:read_dataset_event_from_classic
[2025-02-10T02:55:49.209+0000] {logging_mixin.py:190} INFO - [2025-02-10T02:55:49.209+0000] {override.py:1911} INFO - Created Permission View: can create on DAG Run:read_dataset_event_from_classic
[2025-02-10T02:55:49.209+0000] {logging_mixin.py:190} INFO - [2025-02-10T02:55:49.209+0000] {dag.py:3239} INFO - Sync 2 DAGs
[2025-02-10T02:55:49.215+0000] {logging_mixin.py:190} INFO - [2025-02-10T02:55:49.215+0000] {dag.py:3262} INFO - Creating ORM DAG for read_dataset_event
[2025-02-10T02:55:49.216+0000] {logging_mixin.py:190} INFO - [2025-02-10T02:55:49.216+0000] {dag.py:3262} INFO - Creating ORM DAG for read_dataset_event_from_classic
[2025-02-10T02:55:49.220+0000] {logging_mixin.py:190} INFO - [2025-02-10T02:55:49.220+0000] {dag.py:4180} INFO - Setting next_dagrun for read_dataset_event to 2025-02-09 00:00:00+00:00, run_after=2025-02-10 00:00:00+00:00
[2025-02-10T02:55:49.221+0000] {logging_mixin.py:190} INFO - [2025-02-10T02:55:49.221+0000] {dag.py:4180} INFO - Setting next_dagrun for read_dataset_event_from_classic to 2025-02-09 00:00:00+00:00, run_after=2025-02-10 00:00:00+00:00
[2025-02-10T02:55:49.229+0000] {processor.py:208} INFO - Processing /home/airflow/.local/lib/python3.12/site-packages/airflow/example_dags/example_inlet_event_extra.py took 0.807 seconds
[2025-02-10T02:56:19.439+0000] {processor.py:186} INFO - Started process (PID=149) to work on /home/airflow/.local/lib/python3.12/site-packages/airflow/example_dags/example_inlet_event_extra.py
[2025-02-10T02:56:19.440+0000] {processor.py:914} INFO - Processing file /home/airflow/.local/lib/python3.12/site-packages/airflow/example_dags/example_inlet_event_extra.py for tasks to queue
[2025-02-10T02:56:19.444+0000] {logging_mixin.py:190} INFO - [2025-02-10T02:56:19.444+0000] {dagbag.py:588} INFO - Filling up the DagBag from /home/airflow/.local/lib/python3.12/site-packages/airflow/example_dags/example_inlet_event_extra.py
[2025-02-10T02:56:19.984+0000] {processor.py:925} INFO - DAG(s) 'read_dataset_event', 'read_dataset_event_from_classic' retrieved from /home/airflow/.local/lib/python3.12/site-packages/airflow/example_dags/example_inlet_event_extra.py
[2025-02-10T02:56:19.997+0000] {logging_mixin.py:190} INFO - [2025-02-10T02:56:19.997+0000] {dag.py:3239} INFO - Sync 2 DAGs
[2025-02-10T02:56:20.017+0000] {logging_mixin.py:190} INFO - [2025-02-10T02:56:20.017+0000] {dag.py:4180} INFO - Setting next_dagrun for read_dataset_event to 2025-02-09 00:00:00+00:00, run_after=2025-02-10 00:00:00+00:00
[2025-02-10T02:56:20.020+0000] {logging_mixin.py:190} INFO - [2025-02-10T02:56:20.020+0000] {dag.py:4180} INFO - Setting next_dagrun for read_dataset_event_from_classic to 2025-02-09 00:00:00+00:00, run_after=2025-02-10 00:00:00+00:00
[2025-02-10T02:56:20.027+0000] {processor.py:208} INFO - Processing /home/airflow/.local/lib/python3.12/site-packages/airflow/example_dags/example_inlet_event_extra.py took 0.592 seconds
[2025-02-10T02:56:50.418+0000] {processor.py:186} INFO - Started process (PID=212) to work on /home/airflow/.local/lib/python3.12/site-packages/airflow/example_dags/example_inlet_event_extra.py
[2025-02-10T02:56:50.422+0000] {processor.py:914} INFO - Processing file /home/airflow/.local/lib/python3.12/site-packages/airflow/example_dags/example_inlet_event_extra.py for tasks to queue
[2025-02-10T02:56:50.424+0000] {logging_mixin.py:190} INFO - [2025-02-10T02:56:50.424+0000] {dagbag.py:588} INFO - Filling up the DagBag from /home/airflow/.local/lib/python3.12/site-packages/airflow/example_dags/example_inlet_event_extra.py
[2025-02-10T02:56:51.030+0000] {processor.py:925} INFO - DAG(s) 'read_dataset_event_from_classic', 'read_dataset_event' retrieved from /home/airflow/.local/lib/python3.12/site-packages/airflow/example_dags/example_inlet_event_extra.py
[2025-02-10T02:56:51.048+0000] {logging_mixin.py:190} INFO - [2025-02-10T02:56:51.047+0000] {dag.py:3239} INFO - Sync 2 DAGs
[2025-02-10T02:56:51.061+0000] {logging_mixin.py:190} INFO - [2025-02-10T02:56:51.061+0000] {dag.py:4180} INFO - Setting next_dagrun for read_dataset_event to 2025-02-09 00:00:00+00:00, run_after=2025-02-10 00:00:00+00:00
[2025-02-10T02:56:51.063+0000] {logging_mixin.py:190} INFO - [2025-02-10T02:56:51.063+0000] {dag.py:4180} INFO - Setting next_dagrun for read_dataset_event_from_classic to 2025-02-09 00:00:00+00:00, run_after=2025-02-10 00:00:00+00:00
[2025-02-10T02:56:51.071+0000] {processor.py:208} INFO - Processing /home/airflow/.local/lib/python3.12/site-packages/airflow/example_dags/example_inlet_event_extra.py took 0.661 seconds
[2025-02-10T02:57:21.108+0000] {processor.py:186} INFO - Started process (PID=281) to work on /home/airflow/.local/lib/python3.12/site-packages/airflow/example_dags/example_inlet_event_extra.py
[2025-02-10T02:57:21.109+0000] {processor.py:914} INFO - Processing file /home/airflow/.local/lib/python3.12/site-packages/airflow/example_dags/example_inlet_event_extra.py for tasks to queue
[2025-02-10T02:57:21.110+0000] {logging_mixin.py:190} INFO - [2025-02-10T02:57:21.110+0000] {dagbag.py:588} INFO - Filling up the DagBag from /home/airflow/.local/lib/python3.12/site-packages/airflow/example_dags/example_inlet_event_extra.py
[2025-02-10T02:57:21.453+0000] {processor.py:925} INFO - DAG(s) 'read_dataset_event', 'read_dataset_event_from_classic' retrieved from /home/airflow/.local/lib/python3.12/site-packages/airflow/example_dags/example_inlet_event_extra.py
[2025-02-10T02:57:21.470+0000] {logging_mixin.py:190} INFO - [2025-02-10T02:57:21.470+0000] {dag.py:3239} INFO - Sync 2 DAGs
[2025-02-10T02:57:21.483+0000] {logging_mixin.py:190} INFO - [2025-02-10T02:57:21.483+0000] {dag.py:4180} INFO - Setting next_dagrun for read_dataset_event to 2025-02-09 00:00:00+00:00, run_after=2025-02-10 00:00:00+00:00
[2025-02-10T02:57:21.485+0000] {logging_mixin.py:190} INFO - [2025-02-10T02:57:21.485+0000] {dag.py:4180} INFO - Setting next_dagrun for read_dataset_event_from_classic to 2025-02-09 00:00:00+00:00, run_after=2025-02-10 00:00:00+00:00
[2025-02-10T02:57:21.491+0000] {processor.py:208} INFO - Processing /home/airflow/.local/lib/python3.12/site-packages/airflow/example_dags/example_inlet_event_extra.py took 0.386 seconds
[2025-02-10T02:57:52.138+0000] {processor.py:186} INFO - Started process (PID=345) to work on /home/airflow/.local/lib/python3.12/site-packages/airflow/example_dags/example_inlet_event_extra.py
[2025-02-10T02:57:52.141+0000] {processor.py:914} INFO - Processing file /home/airflow/.local/lib/python3.12/site-packages/airflow/example_dags/example_inlet_event_extra.py for tasks to queue
[2025-02-10T02:57:52.142+0000] {logging_mixin.py:190} INFO - [2025-02-10T02:57:52.142+0000] {dagbag.py:588} INFO - Filling up the DagBag from /home/airflow/.local/lib/python3.12/site-packages/airflow/example_dags/example_inlet_event_extra.py
[2025-02-10T02:57:52.494+0000] {processor.py:925} INFO - DAG(s) 'read_dataset_event', 'read_dataset_event_from_classic' retrieved from /home/airflow/.local/lib/python3.12/site-packages/airflow/example_dags/example_inlet_event_extra.py
[2025-02-10T02:57:52.504+0000] {logging_mixin.py:190} INFO - [2025-02-10T02:57:52.504+0000] {dag.py:3239} INFO - Sync 2 DAGs
[2025-02-10T02:57:52.516+0000] {logging_mixin.py:190} INFO - [2025-02-10T02:57:52.516+0000] {dag.py:4180} INFO - Setting next_dagrun for read_dataset_event to 2025-02-09 00:00:00+00:00, run_after=2025-02-10 00:00:00+00:00
[2025-02-10T02:57:52.518+0000] {logging_mixin.py:190} INFO - [2025-02-10T02:57:52.518+0000] {dag.py:4180} INFO - Setting next_dagrun for read_dataset_event_from_classic to 2025-02-09 00:00:00+00:00, run_after=2025-02-10 00:00:00+00:00
[2025-02-10T02:57:52.525+0000] {processor.py:208} INFO - Processing /home/airflow/.local/lib/python3.12/site-packages/airflow/example_dags/example_inlet_event_extra.py took 0.390 seconds
[2025-02-10T02:58:22.980+0000] {processor.py:186} INFO - Started process (PID=407) to work on /home/airflow/.local/lib/python3.12/site-packages/airflow/example_dags/example_inlet_event_extra.py
[2025-02-10T02:58:22.981+0000] {processor.py:914} INFO - Processing file /home/airflow/.local/lib/python3.12/site-packages/airflow/example_dags/example_inlet_event_extra.py for tasks to queue
[2025-02-10T02:58:22.984+0000] {logging_mixin.py:190} INFO - [2025-02-10T02:58:22.984+0000] {dagbag.py:588} INFO - Filling up the DagBag from /home/airflow/.local/lib/python3.12/site-packages/airflow/example_dags/example_inlet_event_extra.py
[2025-02-10T02:58:23.436+0000] {processor.py:925} INFO - DAG(s) 'read_dataset_event_from_classic', 'read_dataset_event' retrieved from /home/airflow/.local/lib/python3.12/site-packages/airflow/example_dags/example_inlet_event_extra.py
[2025-02-10T02:58:23.446+0000] {logging_mixin.py:190} INFO - [2025-02-10T02:58:23.446+0000] {dag.py:3239} INFO - Sync 2 DAGs
[2025-02-10T02:58:23.457+0000] {logging_mixin.py:190} INFO - [2025-02-10T02:58:23.456+0000] {dag.py:4180} INFO - Setting next_dagrun for read_dataset_event to 2025-02-09 00:00:00+00:00, run_after=2025-02-10 00:00:00+00:00
[2025-02-10T02:58:23.458+0000] {logging_mixin.py:190} INFO - [2025-02-10T02:58:23.458+0000] {dag.py:4180} INFO - Setting next_dagrun for read_dataset_event_from_classic to 2025-02-09 00:00:00+00:00, run_after=2025-02-10 00:00:00+00:00
[2025-02-10T02:58:23.464+0000] {processor.py:208} INFO - Processing /home/airflow/.local/lib/python3.12/site-packages/airflow/example_dags/example_inlet_event_extra.py took 0.487 seconds
[2025-02-10T02:58:53.721+0000] {processor.py:186} INFO - Started process (PID=471) to work on /home/airflow/.local/lib/python3.12/site-packages/airflow/example_dags/example_inlet_event_extra.py
[2025-02-10T02:58:53.722+0000] {processor.py:914} INFO - Processing file /home/airflow/.local/lib/python3.12/site-packages/airflow/example_dags/example_inlet_event_extra.py for tasks to queue
[2025-02-10T02:58:53.724+0000] {logging_mixin.py:190} INFO - [2025-02-10T02:58:53.723+0000] {dagbag.py:588} INFO - Filling up the DagBag from /home/airflow/.local/lib/python3.12/site-packages/airflow/example_dags/example_inlet_event_extra.py
[2025-02-10T02:58:54.160+0000] {processor.py:925} INFO - DAG(s) 'read_dataset_event_from_classic', 'read_dataset_event' retrieved from /home/airflow/.local/lib/python3.12/site-packages/airflow/example_dags/example_inlet_event_extra.py
[2025-02-10T02:58:54.170+0000] {logging_mixin.py:190} INFO - [2025-02-10T02:58:54.170+0000] {dag.py:3239} INFO - Sync 2 DAGs
[2025-02-10T02:58:54.180+0000] {logging_mixin.py:190} INFO - [2025-02-10T02:58:54.179+0000] {dag.py:4180} INFO - Setting next_dagrun for read_dataset_event to 2025-02-09 00:00:00+00:00, run_after=2025-02-10 00:00:00+00:00
[2025-02-10T02:58:54.181+0000] {logging_mixin.py:190} INFO - [2025-02-10T02:58:54.181+0000] {dag.py:4180} INFO - Setting next_dagrun for read_dataset_event_from_classic to 2025-02-09 00:00:00+00:00, run_after=2025-02-10 00:00:00+00:00
[2025-02-10T02:58:54.187+0000] {processor.py:208} INFO - Processing /home/airflow/.local/lib/python3.12/site-packages/airflow/example_dags/example_inlet_event_extra.py took 0.470 seconds
[2025-02-10T02:59:24.850+0000] {processor.py:186} INFO - Started process (PID=529) to work on /home/airflow/.local/lib/python3.12/site-packages/airflow/example_dags/example_inlet_event_extra.py
[2025-02-10T02:59:24.851+0000] {processor.py:914} INFO - Processing file /home/airflow/.local/lib/python3.12/site-packages/airflow/example_dags/example_inlet_event_extra.py for tasks to queue
[2025-02-10T02:59:24.853+0000] {logging_mixin.py:190} INFO - [2025-02-10T02:59:24.852+0000] {dagbag.py:588} INFO - Filling up the DagBag from /home/airflow/.local/lib/python3.12/site-packages/airflow/example_dags/example_inlet_event_extra.py
[2025-02-10T02:59:25.311+0000] {processor.py:925} INFO - DAG(s) 'read_dataset_event', 'read_dataset_event_from_classic' retrieved from /home/airflow/.local/lib/python3.12/site-packages/airflow/example_dags/example_inlet_event_extra.py
[2025-02-10T02:59:25.326+0000] {logging_mixin.py:190} INFO - [2025-02-10T02:59:25.326+0000] {dag.py:3239} INFO - Sync 2 DAGs
[2025-02-10T02:59:25.337+0000] {logging_mixin.py:190} INFO - [2025-02-10T02:59:25.337+0000] {dag.py:4180} INFO - Setting next_dagrun for read_dataset_event to 2025-02-09 00:00:00+00:00, run_after=2025-02-10 00:00:00+00:00
[2025-02-10T02:59:25.340+0000] {logging_mixin.py:190} INFO - [2025-02-10T02:59:25.340+0000] {dag.py:4180} INFO - Setting next_dagrun for read_dataset_event_from_classic to 2025-02-09 00:00:00+00:00, run_after=2025-02-10 00:00:00+00:00
[2025-02-10T02:59:25.346+0000] {processor.py:208} INFO - Processing /home/airflow/.local/lib/python3.12/site-packages/airflow/example_dags/example_inlet_event_extra.py took 0.500 seconds
[2025-02-10T02:59:56.112+0000] {processor.py:186} INFO - Started process (PID=593) to work on /home/airflow/.local/lib/python3.12/site-packages/airflow/example_dags/example_inlet_event_extra.py
[2025-02-10T02:59:56.114+0000] {processor.py:914} INFO - Processing file /home/airflow/.local/lib/python3.12/site-packages/airflow/example_dags/example_inlet_event_extra.py for tasks to queue
[2025-02-10T02:59:56.117+0000] {logging_mixin.py:190} INFO - [2025-02-10T02:59:56.116+0000] {dagbag.py:588} INFO - Filling up the DagBag from /home/airflow/.local/lib/python3.12/site-packages/airflow/example_dags/example_inlet_event_extra.py
[2025-02-10T02:59:56.738+0000] {processor.py:925} INFO - DAG(s) 'read_dataset_event', 'read_dataset_event_from_classic' retrieved from /home/airflow/.local/lib/python3.12/site-packages/airflow/example_dags/example_inlet_event_extra.py
[2025-02-10T02:59:56.779+0000] {logging_mixin.py:190} INFO - [2025-02-10T02:59:56.779+0000] {dag.py:3239} INFO - Sync 2 DAGs
[2025-02-10T02:59:56.817+0000] {logging_mixin.py:190} INFO - [2025-02-10T02:59:56.817+0000] {dag.py:4180} INFO - Setting next_dagrun for read_dataset_event to 2025-02-09 00:00:00+00:00, run_after=2025-02-10 00:00:00+00:00
[2025-02-10T02:59:56.821+0000] {logging_mixin.py:190} INFO - [2025-02-10T02:59:56.821+0000] {dag.py:4180} INFO - Setting next_dagrun for read_dataset_event_from_classic to 2025-02-09 00:00:00+00:00, run_after=2025-02-10 00:00:00+00:00
[2025-02-10T02:59:56.836+0000] {processor.py:208} INFO - Processing /home/airflow/.local/lib/python3.12/site-packages/airflow/example_dags/example_inlet_event_extra.py took 0.728 seconds
[2025-02-10T03:00:28.238+0000] {processor.py:186} INFO - Started process (PID=657) to work on /home/airflow/.local/lib/python3.12/site-packages/airflow/example_dags/example_inlet_event_extra.py
[2025-02-10T03:00:28.239+0000] {processor.py:914} INFO - Processing file /home/airflow/.local/lib/python3.12/site-packages/airflow/example_dags/example_inlet_event_extra.py for tasks to queue
[2025-02-10T03:00:28.241+0000] {logging_mixin.py:190} INFO - [2025-02-10T03:00:28.241+0000] {dagbag.py:588} INFO - Filling up the DagBag from /home/airflow/.local/lib/python3.12/site-packages/airflow/example_dags/example_inlet_event_extra.py
[2025-02-10T03:00:28.553+0000] {processor.py:925} INFO - DAG(s) 'read_dataset_event_from_classic', 'read_dataset_event' retrieved from /home/airflow/.local/lib/python3.12/site-packages/airflow/example_dags/example_inlet_event_extra.py
[2025-02-10T03:00:28.563+0000] {logging_mixin.py:190} INFO - [2025-02-10T03:00:28.563+0000] {dag.py:3239} INFO - Sync 2 DAGs
[2025-02-10T03:00:28.573+0000] {logging_mixin.py:190} INFO - [2025-02-10T03:00:28.573+0000] {dag.py:4180} INFO - Setting next_dagrun for read_dataset_event to 2025-02-09 00:00:00+00:00, run_after=2025-02-10 00:00:00+00:00
[2025-02-10T03:00:28.575+0000] {logging_mixin.py:190} INFO - [2025-02-10T03:00:28.575+0000] {dag.py:4180} INFO - Setting next_dagrun for read_dataset_event_from_classic to 2025-02-09 00:00:00+00:00, run_after=2025-02-10 00:00:00+00:00
[2025-02-10T03:00:28.582+0000] {processor.py:208} INFO - Processing /home/airflow/.local/lib/python3.12/site-packages/airflow/example_dags/example_inlet_event_extra.py took 0.348 seconds
[2025-02-10T03:00:59.665+0000] {processor.py:186} INFO - Started process (PID=721) to work on /home/airflow/.local/lib/python3.12/site-packages/airflow/example_dags/example_inlet_event_extra.py
[2025-02-10T03:00:59.666+0000] {processor.py:914} INFO - Processing file /home/airflow/.local/lib/python3.12/site-packages/airflow/example_dags/example_inlet_event_extra.py for tasks to queue
[2025-02-10T03:00:59.668+0000] {logging_mixin.py:190} INFO - [2025-02-10T03:00:59.668+0000] {dagbag.py:588} INFO - Filling up the DagBag from /home/airflow/.local/lib/python3.12/site-packages/airflow/example_dags/example_inlet_event_extra.py
[2025-02-10T03:01:00.258+0000] {processor.py:925} INFO - DAG(s) 'read_dataset_event_from_classic', 'read_dataset_event' retrieved from /home/airflow/.local/lib/python3.12/site-packages/airflow/example_dags/example_inlet_event_extra.py
[2025-02-10T03:01:00.276+0000] {logging_mixin.py:190} INFO - [2025-02-10T03:01:00.276+0000] {dag.py:3239} INFO - Sync 2 DAGs
[2025-02-10T03:01:00.290+0000] {logging_mixin.py:190} INFO - [2025-02-10T03:01:00.290+0000] {dag.py:4180} INFO - Setting next_dagrun for read_dataset_event to 2025-02-09 00:00:00+00:00, run_after=2025-02-10 00:00:00+00:00
[2025-02-10T03:01:00.292+0000] {logging_mixin.py:190} INFO - [2025-02-10T03:01:00.292+0000] {dag.py:4180} INFO - Setting next_dagrun for read_dataset_event_from_classic to 2025-02-09 00:00:00+00:00, run_after=2025-02-10 00:00:00+00:00
[2025-02-10T03:01:00.302+0000] {processor.py:208} INFO - Processing /home/airflow/.local/lib/python3.12/site-packages/airflow/example_dags/example_inlet_event_extra.py took 0.643 seconds
[2025-02-10T03:01:30.895+0000] {processor.py:186} INFO - Started process (PID=788) to work on /home/airflow/.local/lib/python3.12/site-packages/airflow/example_dags/example_inlet_event_extra.py
[2025-02-10T03:01:30.897+0000] {processor.py:914} INFO - Processing file /home/airflow/.local/lib/python3.12/site-packages/airflow/example_dags/example_inlet_event_extra.py for tasks to queue
[2025-02-10T03:01:30.898+0000] {logging_mixin.py:190} INFO - [2025-02-10T03:01:30.898+0000] {dagbag.py:588} INFO - Filling up the DagBag from /home/airflow/.local/lib/python3.12/site-packages/airflow/example_dags/example_inlet_event_extra.py
[2025-02-10T03:01:31.522+0000] {processor.py:925} INFO - DAG(s) 'read_dataset_event_from_classic', 'read_dataset_event' retrieved from /home/airflow/.local/lib/python3.12/site-packages/airflow/example_dags/example_inlet_event_extra.py
[2025-02-10T03:01:31.563+0000] {logging_mixin.py:190} INFO - [2025-02-10T03:01:31.563+0000] {dag.py:3239} INFO - Sync 2 DAGs
[2025-02-10T03:01:31.588+0000] {logging_mixin.py:190} INFO - [2025-02-10T03:01:31.587+0000] {dag.py:4180} INFO - Setting next_dagrun for read_dataset_event to 2025-02-09 00:00:00+00:00, run_after=2025-02-10 00:00:00+00:00
[2025-02-10T03:01:31.595+0000] {logging_mixin.py:190} INFO - [2025-02-10T03:01:31.595+0000] {dag.py:4180} INFO - Setting next_dagrun for read_dataset_event_from_classic to 2025-02-09 00:00:00+00:00, run_after=2025-02-10 00:00:00+00:00
[2025-02-10T03:01:31.614+0000] {processor.py:208} INFO - Processing /home/airflow/.local/lib/python3.12/site-packages/airflow/example_dags/example_inlet_event_extra.py took 0.723 seconds
[2025-02-10T03:02:02.164+0000] {processor.py:186} INFO - Started process (PID=849) to work on /home/airflow/.local/lib/python3.12/site-packages/airflow/example_dags/example_inlet_event_extra.py
[2025-02-10T03:02:02.165+0000] {processor.py:914} INFO - Processing file /home/airflow/.local/lib/python3.12/site-packages/airflow/example_dags/example_inlet_event_extra.py for tasks to queue
[2025-02-10T03:02:02.167+0000] {logging_mixin.py:190} INFO - [2025-02-10T03:02:02.167+0000] {dagbag.py:588} INFO - Filling up the DagBag from /home/airflow/.local/lib/python3.12/site-packages/airflow/example_dags/example_inlet_event_extra.py
[2025-02-10T03:02:02.548+0000] {processor.py:925} INFO - DAG(s) 'read_dataset_event', 'read_dataset_event_from_classic' retrieved from /home/airflow/.local/lib/python3.12/site-packages/airflow/example_dags/example_inlet_event_extra.py
[2025-02-10T03:02:02.563+0000] {logging_mixin.py:190} INFO - [2025-02-10T03:02:02.562+0000] {dag.py:3239} INFO - Sync 2 DAGs
[2025-02-10T03:02:02.576+0000] {logging_mixin.py:190} INFO - [2025-02-10T03:02:02.576+0000] {dag.py:4180} INFO - Setting next_dagrun for read_dataset_event to 2025-02-09 00:00:00+00:00, run_after=2025-02-10 00:00:00+00:00
[2025-02-10T03:02:02.582+0000] {logging_mixin.py:190} INFO - [2025-02-10T03:02:02.582+0000] {dag.py:4180} INFO - Setting next_dagrun for read_dataset_event_from_classic to 2025-02-09 00:00:00+00:00, run_after=2025-02-10 00:00:00+00:00
[2025-02-10T03:02:02.601+0000] {processor.py:208} INFO - Processing /home/airflow/.local/lib/python3.12/site-packages/airflow/example_dags/example_inlet_event_extra.py took 0.440 seconds
[2025-02-10T03:02:33.640+0000] {processor.py:186} INFO - Started process (PID=913) to work on /home/airflow/.local/lib/python3.12/site-packages/airflow/example_dags/example_inlet_event_extra.py
[2025-02-10T03:02:33.642+0000] {processor.py:914} INFO - Processing file /home/airflow/.local/lib/python3.12/site-packages/airflow/example_dags/example_inlet_event_extra.py for tasks to queue
[2025-02-10T03:02:33.644+0000] {logging_mixin.py:190} INFO - [2025-02-10T03:02:33.643+0000] {dagbag.py:588} INFO - Filling up the DagBag from /home/airflow/.local/lib/python3.12/site-packages/airflow/example_dags/example_inlet_event_extra.py
[2025-02-10T03:02:34.153+0000] {processor.py:925} INFO - DAG(s) 'read_dataset_event_from_classic', 'read_dataset_event' retrieved from /home/airflow/.local/lib/python3.12/site-packages/airflow/example_dags/example_inlet_event_extra.py
[2025-02-10T03:02:34.166+0000] {logging_mixin.py:190} INFO - [2025-02-10T03:02:34.165+0000] {dag.py:3239} INFO - Sync 2 DAGs
[2025-02-10T03:02:34.178+0000] {logging_mixin.py:190} INFO - [2025-02-10T03:02:34.178+0000] {dag.py:4180} INFO - Setting next_dagrun for read_dataset_event to 2025-02-09 00:00:00+00:00, run_after=2025-02-10 00:00:00+00:00
[2025-02-10T03:02:34.180+0000] {logging_mixin.py:190} INFO - [2025-02-10T03:02:34.180+0000] {dag.py:4180} INFO - Setting next_dagrun for read_dataset_event_from_classic to 2025-02-09 00:00:00+00:00, run_after=2025-02-10 00:00:00+00:00
[2025-02-10T03:02:34.187+0000] {processor.py:208} INFO - Processing /home/airflow/.local/lib/python3.12/site-packages/airflow/example_dags/example_inlet_event_extra.py took 0.550 seconds
[2025-02-10T03:03:05.164+0000] {processor.py:186} INFO - Started process (PID=977) to work on /home/airflow/.local/lib/python3.12/site-packages/airflow/example_dags/example_inlet_event_extra.py
[2025-02-10T03:03:05.167+0000] {processor.py:914} INFO - Processing file /home/airflow/.local/lib/python3.12/site-packages/airflow/example_dags/example_inlet_event_extra.py for tasks to queue
[2025-02-10T03:03:05.168+0000] {logging_mixin.py:190} INFO - [2025-02-10T03:03:05.168+0000] {dagbag.py:588} INFO - Filling up the DagBag from /home/airflow/.local/lib/python3.12/site-packages/airflow/example_dags/example_inlet_event_extra.py
[2025-02-10T03:03:05.658+0000] {processor.py:925} INFO - DAG(s) 'read_dataset_event_from_classic', 'read_dataset_event' retrieved from /home/airflow/.local/lib/python3.12/site-packages/airflow/example_dags/example_inlet_event_extra.py
[2025-02-10T03:03:05.677+0000] {logging_mixin.py:190} INFO - [2025-02-10T03:03:05.676+0000] {dag.py:3239} INFO - Sync 2 DAGs
[2025-02-10T03:03:05.701+0000] {logging_mixin.py:190} INFO - [2025-02-10T03:03:05.701+0000] {dag.py:4180} INFO - Setting next_dagrun for read_dataset_event to 2025-02-09 00:00:00+00:00, run_after=2025-02-10 00:00:00+00:00
[2025-02-10T03:03:05.707+0000] {logging_mixin.py:190} INFO - [2025-02-10T03:03:05.706+0000] {dag.py:4180} INFO - Setting next_dagrun for read_dataset_event_from_classic to 2025-02-09 00:00:00+00:00, run_after=2025-02-10 00:00:00+00:00
[2025-02-10T03:03:05.718+0000] {processor.py:208} INFO - Processing /home/airflow/.local/lib/python3.12/site-packages/airflow/example_dags/example_inlet_event_extra.py took 0.556 seconds
[2025-02-10T03:03:36.948+0000] {processor.py:186} INFO - Started process (PID=1041) to work on /home/airflow/.local/lib/python3.12/site-packages/airflow/example_dags/example_inlet_event_extra.py
[2025-02-10T03:03:36.950+0000] {processor.py:914} INFO - Processing file /home/airflow/.local/lib/python3.12/site-packages/airflow/example_dags/example_inlet_event_extra.py for tasks to queue
[2025-02-10T03:03:36.951+0000] {logging_mixin.py:190} INFO - [2025-02-10T03:03:36.951+0000] {dagbag.py:588} INFO - Filling up the DagBag from /home/airflow/.local/lib/python3.12/site-packages/airflow/example_dags/example_inlet_event_extra.py
[2025-02-10T03:03:37.387+0000] {processor.py:925} INFO - DAG(s) 'read_dataset_event_from_classic', 'read_dataset_event' retrieved from /home/airflow/.local/lib/python3.12/site-packages/airflow/example_dags/example_inlet_event_extra.py
[2025-02-10T03:03:37.399+0000] {logging_mixin.py:190} INFO - [2025-02-10T03:03:37.399+0000] {dag.py:3239} INFO - Sync 2 DAGs
[2025-02-10T03:03:37.410+0000] {logging_mixin.py:190} INFO - [2025-02-10T03:03:37.410+0000] {dag.py:4180} INFO - Setting next_dagrun for read_dataset_event to 2025-02-09 00:00:00+00:00, run_after=2025-02-10 00:00:00+00:00
[2025-02-10T03:03:37.412+0000] {logging_mixin.py:190} INFO - [2025-02-10T03:03:37.412+0000] {dag.py:4180} INFO - Setting next_dagrun for read_dataset_event_from_classic to 2025-02-09 00:00:00+00:00, run_after=2025-02-10 00:00:00+00:00
[2025-02-10T03:03:37.419+0000] {processor.py:208} INFO - Processing /home/airflow/.local/lib/python3.12/site-packages/airflow/example_dags/example_inlet_event_extra.py took 0.474 seconds
[2025-02-10T03:04:08.748+0000] {processor.py:186} INFO - Started process (PID=1105) to work on /home/airflow/.local/lib/python3.12/site-packages/airflow/example_dags/example_inlet_event_extra.py
[2025-02-10T03:04:08.749+0000] {processor.py:914} INFO - Processing file /home/airflow/.local/lib/python3.12/site-packages/airflow/example_dags/example_inlet_event_extra.py for tasks to queue
[2025-02-10T03:04:08.751+0000] {logging_mixin.py:190} INFO - [2025-02-10T03:04:08.751+0000] {dagbag.py:588} INFO - Filling up the DagBag from /home/airflow/.local/lib/python3.12/site-packages/airflow/example_dags/example_inlet_event_extra.py
[2025-02-10T03:04:09.181+0000] {processor.py:925} INFO - DAG(s) 'read_dataset_event_from_classic', 'read_dataset_event' retrieved from /home/airflow/.local/lib/python3.12/site-packages/airflow/example_dags/example_inlet_event_extra.py
[2025-02-10T03:04:09.196+0000] {logging_mixin.py:190} INFO - [2025-02-10T03:04:09.196+0000] {dag.py:3239} INFO - Sync 2 DAGs
[2025-02-10T03:04:09.209+0000] {logging_mixin.py:190} INFO - [2025-02-10T03:04:09.209+0000] {dag.py:4180} INFO - Setting next_dagrun for read_dataset_event to 2025-02-09 00:00:00+00:00, run_after=2025-02-10 00:00:00+00:00
[2025-02-10T03:04:09.213+0000] {logging_mixin.py:190} INFO - [2025-02-10T03:04:09.213+0000] {dag.py:4180} INFO - Setting next_dagrun for read_dataset_event_from_classic to 2025-02-09 00:00:00+00:00, run_after=2025-02-10 00:00:00+00:00
[2025-02-10T03:04:09.221+0000] {processor.py:208} INFO - Processing /home/airflow/.local/lib/python3.12/site-packages/airflow/example_dags/example_inlet_event_extra.py took 0.478 seconds
[2025-02-10T03:04:39.917+0000] {processor.py:186} INFO - Started process (PID=1170) to work on /home/airflow/.local/lib/python3.12/site-packages/airflow/example_dags/example_inlet_event_extra.py
[2025-02-10T03:04:39.919+0000] {processor.py:914} INFO - Processing file /home/airflow/.local/lib/python3.12/site-packages/airflow/example_dags/example_inlet_event_extra.py for tasks to queue
[2025-02-10T03:04:39.921+0000] {logging_mixin.py:190} INFO - [2025-02-10T03:04:39.921+0000] {dagbag.py:588} INFO - Filling up the DagBag from /home/airflow/.local/lib/python3.12/site-packages/airflow/example_dags/example_inlet_event_extra.py
[2025-02-10T03:04:40.365+0000] {processor.py:925} INFO - DAG(s) 'read_dataset_event', 'read_dataset_event_from_classic' retrieved from /home/airflow/.local/lib/python3.12/site-packages/airflow/example_dags/example_inlet_event_extra.py
[2025-02-10T03:04:40.385+0000] {logging_mixin.py:190} INFO - [2025-02-10T03:04:40.385+0000] {dag.py:3239} INFO - Sync 2 DAGs
[2025-02-10T03:04:40.404+0000] {logging_mixin.py:190} INFO - [2025-02-10T03:04:40.403+0000] {dag.py:4180} INFO - Setting next_dagrun for read_dataset_event to 2025-02-09 00:00:00+00:00, run_after=2025-02-10 00:00:00+00:00
[2025-02-10T03:04:40.406+0000] {logging_mixin.py:190} INFO - [2025-02-10T03:04:40.406+0000] {dag.py:4180} INFO - Setting next_dagrun for read_dataset_event_from_classic to 2025-02-09 00:00:00+00:00, run_after=2025-02-10 00:00:00+00:00
[2025-02-10T03:04:40.413+0000] {processor.py:208} INFO - Processing /home/airflow/.local/lib/python3.12/site-packages/airflow/example_dags/example_inlet_event_extra.py took 0.500 seconds
[2025-02-10T03:05:11.100+0000] {processor.py:186} INFO - Started process (PID=1238) to work on /home/airflow/.local/lib/python3.12/site-packages/airflow/example_dags/example_inlet_event_extra.py
[2025-02-10T03:05:11.102+0000] {processor.py:914} INFO - Processing file /home/airflow/.local/lib/python3.12/site-packages/airflow/example_dags/example_inlet_event_extra.py for tasks to queue
[2025-02-10T03:05:11.103+0000] {logging_mixin.py:190} INFO - [2025-02-10T03:05:11.103+0000] {dagbag.py:588} INFO - Filling up the DagBag from /home/airflow/.local/lib/python3.12/site-packages/airflow/example_dags/example_inlet_event_extra.py
[2025-02-10T03:05:12.433+0000] {processor.py:925} INFO - DAG(s) 'read_dataset_event_from_classic', 'read_dataset_event' retrieved from /home/airflow/.local/lib/python3.12/site-packages/airflow/example_dags/example_inlet_event_extra.py
[2025-02-10T03:05:12.455+0000] {logging_mixin.py:190} INFO - [2025-02-10T03:05:12.454+0000] {dag.py:3239} INFO - Sync 2 DAGs
[2025-02-10T03:05:12.483+0000] {logging_mixin.py:190} INFO - [2025-02-10T03:05:12.483+0000] {dag.py:4180} INFO - Setting next_dagrun for read_dataset_event to 2025-02-09 00:00:00+00:00, run_after=2025-02-10 00:00:00+00:00
[2025-02-10T03:05:12.487+0000] {logging_mixin.py:190} INFO - [2025-02-10T03:05:12.487+0000] {dag.py:4180} INFO - Setting next_dagrun for read_dataset_event_from_classic to 2025-02-09 00:00:00+00:00, run_after=2025-02-10 00:00:00+00:00
[2025-02-10T03:05:12.498+0000] {processor.py:208} INFO - Processing /home/airflow/.local/lib/python3.12/site-packages/airflow/example_dags/example_inlet_event_extra.py took 1.401 seconds
[2025-02-10T03:05:43.323+0000] {processor.py:186} INFO - Started process (PID=1308) to work on /home/airflow/.local/lib/python3.12/site-packages/airflow/example_dags/example_inlet_event_extra.py
[2025-02-10T03:05:43.325+0000] {processor.py:914} INFO - Processing file /home/airflow/.local/lib/python3.12/site-packages/airflow/example_dags/example_inlet_event_extra.py for tasks to queue
[2025-02-10T03:05:43.327+0000] {logging_mixin.py:190} INFO - [2025-02-10T03:05:43.327+0000] {dagbag.py:588} INFO - Filling up the DagBag from /home/airflow/.local/lib/python3.12/site-packages/airflow/example_dags/example_inlet_event_extra.py
[2025-02-10T03:05:43.741+0000] {processor.py:925} INFO - DAG(s) 'read_dataset_event', 'read_dataset_event_from_classic' retrieved from /home/airflow/.local/lib/python3.12/site-packages/airflow/example_dags/example_inlet_event_extra.py
[2025-02-10T03:05:43.754+0000] {logging_mixin.py:190} INFO - [2025-02-10T03:05:43.754+0000] {dag.py:3239} INFO - Sync 2 DAGs
[2025-02-10T03:05:43.768+0000] {logging_mixin.py:190} INFO - [2025-02-10T03:05:43.768+0000] {dag.py:4180} INFO - Setting next_dagrun for read_dataset_event to 2025-02-09 00:00:00+00:00, run_after=2025-02-10 00:00:00+00:00
[2025-02-10T03:05:43.771+0000] {logging_mixin.py:190} INFO - [2025-02-10T03:05:43.771+0000] {dag.py:4180} INFO - Setting next_dagrun for read_dataset_event_from_classic to 2025-02-09 00:00:00+00:00, run_after=2025-02-10 00:00:00+00:00
[2025-02-10T03:05:43.777+0000] {processor.py:208} INFO - Processing /home/airflow/.local/lib/python3.12/site-packages/airflow/example_dags/example_inlet_event_extra.py took 0.461 seconds
[2025-02-10T03:06:14.631+0000] {processor.py:186} INFO - Started process (PID=1377) to work on /home/airflow/.local/lib/python3.12/site-packages/airflow/example_dags/example_inlet_event_extra.py
[2025-02-10T03:06:14.634+0000] {processor.py:914} INFO - Processing file /home/airflow/.local/lib/python3.12/site-packages/airflow/example_dags/example_inlet_event_extra.py for tasks to queue
[2025-02-10T03:06:14.637+0000] {logging_mixin.py:190} INFO - [2025-02-10T03:06:14.637+0000] {dagbag.py:588} INFO - Filling up the DagBag from /home/airflow/.local/lib/python3.12/site-packages/airflow/example_dags/example_inlet_event_extra.py
[2025-02-10T03:06:15.022+0000] {processor.py:925} INFO - DAG(s) 'read_dataset_event_from_classic', 'read_dataset_event' retrieved from /home/airflow/.local/lib/python3.12/site-packages/airflow/example_dags/example_inlet_event_extra.py
[2025-02-10T03:06:15.037+0000] {logging_mixin.py:190} INFO - [2025-02-10T03:06:15.037+0000] {dag.py:3239} INFO - Sync 2 DAGs
[2025-02-10T03:06:15.051+0000] {logging_mixin.py:190} INFO - [2025-02-10T03:06:15.051+0000] {dag.py:4180} INFO - Setting next_dagrun for read_dataset_event to 2025-02-09 00:00:00+00:00, run_after=2025-02-10 00:00:00+00:00
[2025-02-10T03:06:15.053+0000] {logging_mixin.py:190} INFO - [2025-02-10T03:06:15.053+0000] {dag.py:4180} INFO - Setting next_dagrun for read_dataset_event_from_classic to 2025-02-09 00:00:00+00:00, run_after=2025-02-10 00:00:00+00:00
[2025-02-10T03:06:15.062+0000] {processor.py:208} INFO - Processing /home/airflow/.local/lib/python3.12/site-packages/airflow/example_dags/example_inlet_event_extra.py took 0.440 seconds
[2025-02-10T03:06:45.608+0000] {processor.py:186} INFO - Started process (PID=1441) to work on /home/airflow/.local/lib/python3.12/site-packages/airflow/example_dags/example_inlet_event_extra.py
[2025-02-10T03:06:45.609+0000] {processor.py:914} INFO - Processing file /home/airflow/.local/lib/python3.12/site-packages/airflow/example_dags/example_inlet_event_extra.py for tasks to queue
[2025-02-10T03:06:45.610+0000] {logging_mixin.py:190} INFO - [2025-02-10T03:06:45.610+0000] {dagbag.py:588} INFO - Filling up the DagBag from /home/airflow/.local/lib/python3.12/site-packages/airflow/example_dags/example_inlet_event_extra.py
[2025-02-10T03:06:46.072+0000] {processor.py:925} INFO - DAG(s) 'read_dataset_event_from_classic', 'read_dataset_event' retrieved from /home/airflow/.local/lib/python3.12/site-packages/airflow/example_dags/example_inlet_event_extra.py
[2025-02-10T03:06:46.121+0000] {logging_mixin.py:190} INFO - [2025-02-10T03:06:46.119+0000] {dag.py:3239} INFO - Sync 2 DAGs
[2025-02-10T03:06:46.175+0000] {logging_mixin.py:190} INFO - [2025-02-10T03:06:46.174+0000] {dag.py:4180} INFO - Setting next_dagrun for read_dataset_event to 2025-02-09 00:00:00+00:00, run_after=2025-02-10 00:00:00+00:00
[2025-02-10T03:06:46.191+0000] {logging_mixin.py:190} INFO - [2025-02-10T03:06:46.189+0000] {dag.py:4180} INFO - Setting next_dagrun for read_dataset_event_from_classic to 2025-02-09 00:00:00+00:00, run_after=2025-02-10 00:00:00+00:00
[2025-02-10T03:06:46.282+0000] {processor.py:208} INFO - Processing /home/airflow/.local/lib/python3.12/site-packages/airflow/example_dags/example_inlet_event_extra.py took 0.678 seconds
[2025-02-10T03:07:16.879+0000] {processor.py:186} INFO - Started process (PID=1508) to work on /home/airflow/.local/lib/python3.12/site-packages/airflow/example_dags/example_inlet_event_extra.py
[2025-02-10T03:07:16.881+0000] {processor.py:914} INFO - Processing file /home/airflow/.local/lib/python3.12/site-packages/airflow/example_dags/example_inlet_event_extra.py for tasks to queue
[2025-02-10T03:07:16.884+0000] {logging_mixin.py:190} INFO - [2025-02-10T03:07:16.884+0000] {dagbag.py:588} INFO - Filling up the DagBag from /home/airflow/.local/lib/python3.12/site-packages/airflow/example_dags/example_inlet_event_extra.py
[2025-02-10T03:07:17.732+0000] {processor.py:925} INFO - DAG(s) 'read_dataset_event_from_classic', 'read_dataset_event' retrieved from /home/airflow/.local/lib/python3.12/site-packages/airflow/example_dags/example_inlet_event_extra.py
[2025-02-10T03:07:17.784+0000] {logging_mixin.py:190} INFO - [2025-02-10T03:07:17.784+0000] {dag.py:3239} INFO - Sync 2 DAGs
[2025-02-10T03:07:17.808+0000] {logging_mixin.py:190} INFO - [2025-02-10T03:07:17.807+0000] {dag.py:4180} INFO - Setting next_dagrun for read_dataset_event to 2025-02-09 00:00:00+00:00, run_after=2025-02-10 00:00:00+00:00
[2025-02-10T03:07:17.811+0000] {logging_mixin.py:190} INFO - [2025-02-10T03:07:17.811+0000] {dag.py:4180} INFO - Setting next_dagrun for read_dataset_event_from_classic to 2025-02-09 00:00:00+00:00, run_after=2025-02-10 00:00:00+00:00
[2025-02-10T03:07:17.824+0000] {processor.py:208} INFO - Processing /home/airflow/.local/lib/python3.12/site-packages/airflow/example_dags/example_inlet_event_extra.py took 0.962 seconds
[2025-02-10T03:07:48.371+0000] {processor.py:186} INFO - Started process (PID=1572) to work on /home/airflow/.local/lib/python3.12/site-packages/airflow/example_dags/example_inlet_event_extra.py
[2025-02-10T03:07:48.373+0000] {processor.py:914} INFO - Processing file /home/airflow/.local/lib/python3.12/site-packages/airflow/example_dags/example_inlet_event_extra.py for tasks to queue
[2025-02-10T03:07:48.381+0000] {logging_mixin.py:190} INFO - [2025-02-10T03:07:48.379+0000] {dagbag.py:588} INFO - Filling up the DagBag from /home/airflow/.local/lib/python3.12/site-packages/airflow/example_dags/example_inlet_event_extra.py
[2025-02-10T03:07:48.840+0000] {processor.py:925} INFO - DAG(s) 'read_dataset_event_from_classic', 'read_dataset_event' retrieved from /home/airflow/.local/lib/python3.12/site-packages/airflow/example_dags/example_inlet_event_extra.py
[2025-02-10T03:07:48.861+0000] {logging_mixin.py:190} INFO - [2025-02-10T03:07:48.861+0000] {dag.py:3239} INFO - Sync 2 DAGs
[2025-02-10T03:07:48.875+0000] {logging_mixin.py:190} INFO - [2025-02-10T03:07:48.875+0000] {dag.py:4180} INFO - Setting next_dagrun for read_dataset_event to 2025-02-09 00:00:00+00:00, run_after=2025-02-10 00:00:00+00:00
[2025-02-10T03:07:48.878+0000] {logging_mixin.py:190} INFO - [2025-02-10T03:07:48.877+0000] {dag.py:4180} INFO - Setting next_dagrun for read_dataset_event_from_classic to 2025-02-09 00:00:00+00:00, run_after=2025-02-10 00:00:00+00:00
[2025-02-10T03:07:48.894+0000] {processor.py:208} INFO - Processing /home/airflow/.local/lib/python3.12/site-packages/airflow/example_dags/example_inlet_event_extra.py took 0.533 seconds
[2025-02-10T03:08:19.894+0000] {processor.py:186} INFO - Started process (PID=1637) to work on /home/airflow/.local/lib/python3.12/site-packages/airflow/example_dags/example_inlet_event_extra.py
[2025-02-10T03:08:19.896+0000] {processor.py:914} INFO - Processing file /home/airflow/.local/lib/python3.12/site-packages/airflow/example_dags/example_inlet_event_extra.py for tasks to queue
[2025-02-10T03:08:19.901+0000] {logging_mixin.py:190} INFO - [2025-02-10T03:08:19.901+0000] {dagbag.py:588} INFO - Filling up the DagBag from /home/airflow/.local/lib/python3.12/site-packages/airflow/example_dags/example_inlet_event_extra.py
[2025-02-10T03:08:20.396+0000] {processor.py:925} INFO - DAG(s) 'read_dataset_event', 'read_dataset_event_from_classic' retrieved from /home/airflow/.local/lib/python3.12/site-packages/airflow/example_dags/example_inlet_event_extra.py
[2025-02-10T03:08:20.415+0000] {logging_mixin.py:190} INFO - [2025-02-10T03:08:20.415+0000] {dag.py:3239} INFO - Sync 2 DAGs
[2025-02-10T03:08:20.439+0000] {logging_mixin.py:190} INFO - [2025-02-10T03:08:20.439+0000] {dag.py:4180} INFO - Setting next_dagrun for read_dataset_event to 2025-02-09 00:00:00+00:00, run_after=2025-02-10 00:00:00+00:00
[2025-02-10T03:08:20.441+0000] {logging_mixin.py:190} INFO - [2025-02-10T03:08:20.441+0000] {dag.py:4180} INFO - Setting next_dagrun for read_dataset_event_from_classic to 2025-02-09 00:00:00+00:00, run_after=2025-02-10 00:00:00+00:00
[2025-02-10T03:08:20.452+0000] {processor.py:208} INFO - Processing /home/airflow/.local/lib/python3.12/site-packages/airflow/example_dags/example_inlet_event_extra.py took 0.582 seconds
[2025-02-10T03:08:51.488+0000] {processor.py:186} INFO - Started process (PID=1701) to work on /home/airflow/.local/lib/python3.12/site-packages/airflow/example_dags/example_inlet_event_extra.py
[2025-02-10T03:08:51.489+0000] {processor.py:914} INFO - Processing file /home/airflow/.local/lib/python3.12/site-packages/airflow/example_dags/example_inlet_event_extra.py for tasks to queue
[2025-02-10T03:08:51.494+0000] {logging_mixin.py:190} INFO - [2025-02-10T03:08:51.493+0000] {dagbag.py:588} INFO - Filling up the DagBag from /home/airflow/.local/lib/python3.12/site-packages/airflow/example_dags/example_inlet_event_extra.py
[2025-02-10T03:08:51.940+0000] {processor.py:925} INFO - DAG(s) 'read_dataset_event', 'read_dataset_event_from_classic' retrieved from /home/airflow/.local/lib/python3.12/site-packages/airflow/example_dags/example_inlet_event_extra.py
[2025-02-10T03:08:51.956+0000] {logging_mixin.py:190} INFO - [2025-02-10T03:08:51.956+0000] {dag.py:3239} INFO - Sync 2 DAGs
[2025-02-10T03:08:51.969+0000] {logging_mixin.py:190} INFO - [2025-02-10T03:08:51.969+0000] {dag.py:4180} INFO - Setting next_dagrun for read_dataset_event to 2025-02-09 00:00:00+00:00, run_after=2025-02-10 00:00:00+00:00
[2025-02-10T03:08:51.971+0000] {logging_mixin.py:190} INFO - [2025-02-10T03:08:51.971+0000] {dag.py:4180} INFO - Setting next_dagrun for read_dataset_event_from_classic to 2025-02-09 00:00:00+00:00, run_after=2025-02-10 00:00:00+00:00
[2025-02-10T03:08:51.988+0000] {processor.py:208} INFO - Processing /home/airflow/.local/lib/python3.12/site-packages/airflow/example_dags/example_inlet_event_extra.py took 0.511 seconds
[2025-02-10T03:09:22.067+0000] {processor.py:186} INFO - Started process (PID=1765) to work on /home/airflow/.local/lib/python3.12/site-packages/airflow/example_dags/example_inlet_event_extra.py
[2025-02-10T03:09:22.070+0000] {processor.py:914} INFO - Processing file /home/airflow/.local/lib/python3.12/site-packages/airflow/example_dags/example_inlet_event_extra.py for tasks to queue
[2025-02-10T03:09:22.078+0000] {logging_mixin.py:190} INFO - [2025-02-10T03:09:22.077+0000] {dagbag.py:588} INFO - Filling up the DagBag from /home/airflow/.local/lib/python3.12/site-packages/airflow/example_dags/example_inlet_event_extra.py
[2025-02-10T03:09:22.586+0000] {processor.py:925} INFO - DAG(s) 'read_dataset_event_from_classic', 'read_dataset_event' retrieved from /home/airflow/.local/lib/python3.12/site-packages/airflow/example_dags/example_inlet_event_extra.py
[2025-02-10T03:09:22.641+0000] {logging_mixin.py:190} INFO - [2025-02-10T03:09:22.640+0000] {dag.py:3239} INFO - Sync 2 DAGs
[2025-02-10T03:09:22.663+0000] {logging_mixin.py:190} INFO - [2025-02-10T03:09:22.663+0000] {dag.py:4180} INFO - Setting next_dagrun for read_dataset_event to 2025-02-09 00:00:00+00:00, run_after=2025-02-10 00:00:00+00:00
[2025-02-10T03:09:22.667+0000] {logging_mixin.py:190} INFO - [2025-02-10T03:09:22.667+0000] {dag.py:4180} INFO - Setting next_dagrun for read_dataset_event_from_classic to 2025-02-09 00:00:00+00:00, run_after=2025-02-10 00:00:00+00:00
[2025-02-10T03:09:22.679+0000] {processor.py:208} INFO - Processing /home/airflow/.local/lib/python3.12/site-packages/airflow/example_dags/example_inlet_event_extra.py took 0.634 seconds
[2025-02-10T03:09:52.847+0000] {processor.py:186} INFO - Started process (PID=1829) to work on /home/airflow/.local/lib/python3.12/site-packages/airflow/example_dags/example_inlet_event_extra.py
[2025-02-10T03:09:52.848+0000] {processor.py:914} INFO - Processing file /home/airflow/.local/lib/python3.12/site-packages/airflow/example_dags/example_inlet_event_extra.py for tasks to queue
[2025-02-10T03:09:52.851+0000] {logging_mixin.py:190} INFO - [2025-02-10T03:09:52.850+0000] {dagbag.py:588} INFO - Filling up the DagBag from /home/airflow/.local/lib/python3.12/site-packages/airflow/example_dags/example_inlet_event_extra.py
[2025-02-10T03:09:53.604+0000] {processor.py:925} INFO - DAG(s) 'read_dataset_event_from_classic', 'read_dataset_event' retrieved from /home/airflow/.local/lib/python3.12/site-packages/airflow/example_dags/example_inlet_event_extra.py
[2025-02-10T03:09:53.639+0000] {logging_mixin.py:190} INFO - [2025-02-10T03:09:53.638+0000] {dag.py:3239} INFO - Sync 2 DAGs
[2025-02-10T03:09:53.660+0000] {logging_mixin.py:190} INFO - [2025-02-10T03:09:53.660+0000] {dag.py:4180} INFO - Setting next_dagrun for read_dataset_event to 2025-02-09 00:00:00+00:00, run_after=2025-02-10 00:00:00+00:00
[2025-02-10T03:09:53.665+0000] {logging_mixin.py:190} INFO - [2025-02-10T03:09:53.665+0000] {dag.py:4180} INFO - Setting next_dagrun for read_dataset_event_from_classic to 2025-02-09 00:00:00+00:00, run_after=2025-02-10 00:00:00+00:00
[2025-02-10T03:09:53.675+0000] {processor.py:208} INFO - Processing /home/airflow/.local/lib/python3.12/site-packages/airflow/example_dags/example_inlet_event_extra.py took 0.834 seconds
[2025-02-10T03:10:23.918+0000] {processor.py:186} INFO - Started process (PID=1893) to work on /home/airflow/.local/lib/python3.12/site-packages/airflow/example_dags/example_inlet_event_extra.py
[2025-02-10T03:10:23.920+0000] {processor.py:914} INFO - Processing file /home/airflow/.local/lib/python3.12/site-packages/airflow/example_dags/example_inlet_event_extra.py for tasks to queue
[2025-02-10T03:10:23.923+0000] {logging_mixin.py:190} INFO - [2025-02-10T03:10:23.923+0000] {dagbag.py:588} INFO - Filling up the DagBag from /home/airflow/.local/lib/python3.12/site-packages/airflow/example_dags/example_inlet_event_extra.py
[2025-02-10T03:10:24.236+0000] {processor.py:925} INFO - DAG(s) 'read_dataset_event_from_classic', 'read_dataset_event' retrieved from /home/airflow/.local/lib/python3.12/site-packages/airflow/example_dags/example_inlet_event_extra.py
[2025-02-10T03:10:24.246+0000] {logging_mixin.py:190} INFO - [2025-02-10T03:10:24.246+0000] {dag.py:3239} INFO - Sync 2 DAGs
[2025-02-10T03:10:24.257+0000] {logging_mixin.py:190} INFO - [2025-02-10T03:10:24.257+0000] {dag.py:4180} INFO - Setting next_dagrun for read_dataset_event to 2025-02-09 00:00:00+00:00, run_after=2025-02-10 00:00:00+00:00
[2025-02-10T03:10:24.260+0000] {logging_mixin.py:190} INFO - [2025-02-10T03:10:24.260+0000] {dag.py:4180} INFO - Setting next_dagrun for read_dataset_event_from_classic to 2025-02-09 00:00:00+00:00, run_after=2025-02-10 00:00:00+00:00
[2025-02-10T03:10:24.271+0000] {processor.py:208} INFO - Processing /home/airflow/.local/lib/python3.12/site-packages/airflow/example_dags/example_inlet_event_extra.py took 0.359 seconds
[2025-02-10T03:10:54.690+0000] {processor.py:186} INFO - Started process (PID=1957) to work on /home/airflow/.local/lib/python3.12/site-packages/airflow/example_dags/example_inlet_event_extra.py
[2025-02-10T03:10:54.692+0000] {processor.py:914} INFO - Processing file /home/airflow/.local/lib/python3.12/site-packages/airflow/example_dags/example_inlet_event_extra.py for tasks to queue
[2025-02-10T03:10:54.695+0000] {logging_mixin.py:190} INFO - [2025-02-10T03:10:54.695+0000] {dagbag.py:588} INFO - Filling up the DagBag from /home/airflow/.local/lib/python3.12/site-packages/airflow/example_dags/example_inlet_event_extra.py
[2025-02-10T03:10:55.080+0000] {processor.py:925} INFO - DAG(s) 'read_dataset_event', 'read_dataset_event_from_classic' retrieved from /home/airflow/.local/lib/python3.12/site-packages/airflow/example_dags/example_inlet_event_extra.py
[2025-02-10T03:10:55.096+0000] {logging_mixin.py:190} INFO - [2025-02-10T03:10:55.096+0000] {dag.py:3239} INFO - Sync 2 DAGs
[2025-02-10T03:10:55.110+0000] {logging_mixin.py:190} INFO - [2025-02-10T03:10:55.110+0000] {dag.py:4180} INFO - Setting next_dagrun for read_dataset_event to 2025-02-09 00:00:00+00:00, run_after=2025-02-10 00:00:00+00:00
[2025-02-10T03:10:55.112+0000] {logging_mixin.py:190} INFO - [2025-02-10T03:10:55.112+0000] {dag.py:4180} INFO - Setting next_dagrun for read_dataset_event_from_classic to 2025-02-09 00:00:00+00:00, run_after=2025-02-10 00:00:00+00:00
[2025-02-10T03:10:55.121+0000] {processor.py:208} INFO - Processing /home/airflow/.local/lib/python3.12/site-packages/airflow/example_dags/example_inlet_event_extra.py took 0.439 seconds
[2025-02-10T03:11:25.191+0000] {processor.py:186} INFO - Started process (PID=2021) to work on /home/airflow/.local/lib/python3.12/site-packages/airflow/example_dags/example_inlet_event_extra.py
[2025-02-10T03:11:25.192+0000] {processor.py:914} INFO - Processing file /home/airflow/.local/lib/python3.12/site-packages/airflow/example_dags/example_inlet_event_extra.py for tasks to queue
[2025-02-10T03:11:25.193+0000] {logging_mixin.py:190} INFO - [2025-02-10T03:11:25.193+0000] {dagbag.py:588} INFO - Filling up the DagBag from /home/airflow/.local/lib/python3.12/site-packages/airflow/example_dags/example_inlet_event_extra.py
[2025-02-10T03:11:25.588+0000] {processor.py:925} INFO - DAG(s) 'read_dataset_event', 'read_dataset_event_from_classic' retrieved from /home/airflow/.local/lib/python3.12/site-packages/airflow/example_dags/example_inlet_event_extra.py
[2025-02-10T03:11:25.614+0000] {logging_mixin.py:190} INFO - [2025-02-10T03:11:25.613+0000] {dag.py:3239} INFO - Sync 2 DAGs
[2025-02-10T03:11:25.642+0000] {logging_mixin.py:190} INFO - [2025-02-10T03:11:25.641+0000] {dag.py:4180} INFO - Setting next_dagrun for read_dataset_event to 2025-02-09 00:00:00+00:00, run_after=2025-02-10 00:00:00+00:00
[2025-02-10T03:11:25.647+0000] {logging_mixin.py:190} INFO - [2025-02-10T03:11:25.647+0000] {dag.py:4180} INFO - Setting next_dagrun for read_dataset_event_from_classic to 2025-02-09 00:00:00+00:00, run_after=2025-02-10 00:00:00+00:00
[2025-02-10T03:11:25.657+0000] {processor.py:208} INFO - Processing /home/airflow/.local/lib/python3.12/site-packages/airflow/example_dags/example_inlet_event_extra.py took 0.470 seconds
[2025-02-10T03:11:55.753+0000] {processor.py:186} INFO - Started process (PID=2082) to work on /home/airflow/.local/lib/python3.12/site-packages/airflow/example_dags/example_inlet_event_extra.py
[2025-02-10T03:11:55.753+0000] {processor.py:914} INFO - Processing file /home/airflow/.local/lib/python3.12/site-packages/airflow/example_dags/example_inlet_event_extra.py for tasks to queue
[2025-02-10T03:11:55.755+0000] {logging_mixin.py:190} INFO - [2025-02-10T03:11:55.755+0000] {dagbag.py:588} INFO - Filling up the DagBag from /home/airflow/.local/lib/python3.12/site-packages/airflow/example_dags/example_inlet_event_extra.py
[2025-02-10T03:11:56.062+0000] {processor.py:925} INFO - DAG(s) 'read_dataset_event', 'read_dataset_event_from_classic' retrieved from /home/airflow/.local/lib/python3.12/site-packages/airflow/example_dags/example_inlet_event_extra.py
[2025-02-10T03:11:56.071+0000] {logging_mixin.py:190} INFO - [2025-02-10T03:11:56.071+0000] {dag.py:3239} INFO - Sync 2 DAGs
[2025-02-10T03:11:56.079+0000] {logging_mixin.py:190} INFO - [2025-02-10T03:11:56.079+0000] {dag.py:4180} INFO - Setting next_dagrun for read_dataset_event to 2025-02-09 00:00:00+00:00, run_after=2025-02-10 00:00:00+00:00
[2025-02-10T03:11:56.081+0000] {logging_mixin.py:190} INFO - [2025-02-10T03:11:56.081+0000] {dag.py:4180} INFO - Setting next_dagrun for read_dataset_event_from_classic to 2025-02-09 00:00:00+00:00, run_after=2025-02-10 00:00:00+00:00
[2025-02-10T03:11:56.086+0000] {processor.py:208} INFO - Processing /home/airflow/.local/lib/python3.12/site-packages/airflow/example_dags/example_inlet_event_extra.py took 0.337 seconds
[2025-02-10T03:12:26.143+0000] {processor.py:186} INFO - Started process (PID=2136) to work on /home/airflow/.local/lib/python3.12/site-packages/airflow/example_dags/example_inlet_event_extra.py
[2025-02-10T03:12:26.147+0000] {processor.py:914} INFO - Processing file /home/airflow/.local/lib/python3.12/site-packages/airflow/example_dags/example_inlet_event_extra.py for tasks to queue
[2025-02-10T03:12:26.151+0000] {logging_mixin.py:190} INFO - [2025-02-10T03:12:26.150+0000] {dagbag.py:588} INFO - Filling up the DagBag from /home/airflow/.local/lib/python3.12/site-packages/airflow/example_dags/example_inlet_event_extra.py
[2025-02-10T03:12:26.611+0000] {processor.py:925} INFO - DAG(s) 'read_dataset_event_from_classic', 'read_dataset_event' retrieved from /home/airflow/.local/lib/python3.12/site-packages/airflow/example_dags/example_inlet_event_extra.py
[2025-02-10T03:12:26.635+0000] {logging_mixin.py:190} INFO - [2025-02-10T03:12:26.635+0000] {dag.py:3239} INFO - Sync 2 DAGs
[2025-02-10T03:12:26.648+0000] {logging_mixin.py:190} INFO - [2025-02-10T03:12:26.648+0000] {dag.py:4180} INFO - Setting next_dagrun for read_dataset_event to 2025-02-09 00:00:00+00:00, run_after=2025-02-10 00:00:00+00:00
[2025-02-10T03:12:26.650+0000] {logging_mixin.py:190} INFO - [2025-02-10T03:12:26.650+0000] {dag.py:4180} INFO - Setting next_dagrun for read_dataset_event_from_classic to 2025-02-09 00:00:00+00:00, run_after=2025-02-10 00:00:00+00:00
[2025-02-10T03:12:26.662+0000] {processor.py:208} INFO - Processing /home/airflow/.local/lib/python3.12/site-packages/airflow/example_dags/example_inlet_event_extra.py took 0.524 seconds
[2025-02-10T03:12:57.352+0000] {processor.py:186} INFO - Started process (PID=2200) to work on /home/airflow/.local/lib/python3.12/site-packages/airflow/example_dags/example_inlet_event_extra.py
[2025-02-10T03:12:57.353+0000] {processor.py:914} INFO - Processing file /home/airflow/.local/lib/python3.12/site-packages/airflow/example_dags/example_inlet_event_extra.py for tasks to queue
[2025-02-10T03:12:57.358+0000] {logging_mixin.py:190} INFO - [2025-02-10T03:12:57.358+0000] {dagbag.py:588} INFO - Filling up the DagBag from /home/airflow/.local/lib/python3.12/site-packages/airflow/example_dags/example_inlet_event_extra.py
[2025-02-10T03:12:57.851+0000] {processor.py:925} INFO - DAG(s) 'read_dataset_event', 'read_dataset_event_from_classic' retrieved from /home/airflow/.local/lib/python3.12/site-packages/airflow/example_dags/example_inlet_event_extra.py
[2025-02-10T03:12:57.878+0000] {logging_mixin.py:190} INFO - [2025-02-10T03:12:57.877+0000] {dag.py:3239} INFO - Sync 2 DAGs
[2025-02-10T03:12:57.891+0000] {logging_mixin.py:190} INFO - [2025-02-10T03:12:57.891+0000] {dag.py:4180} INFO - Setting next_dagrun for read_dataset_event to 2025-02-09 00:00:00+00:00, run_after=2025-02-10 00:00:00+00:00
[2025-02-10T03:12:57.893+0000] {logging_mixin.py:190} INFO - [2025-02-10T03:12:57.893+0000] {dag.py:4180} INFO - Setting next_dagrun for read_dataset_event_from_classic to 2025-02-09 00:00:00+00:00, run_after=2025-02-10 00:00:00+00:00
[2025-02-10T03:12:57.902+0000] {processor.py:208} INFO - Processing /home/airflow/.local/lib/python3.12/site-packages/airflow/example_dags/example_inlet_event_extra.py took 0.558 seconds
[2025-02-10T03:13:28.053+0000] {processor.py:186} INFO - Started process (PID=2264) to work on /home/airflow/.local/lib/python3.12/site-packages/airflow/example_dags/example_inlet_event_extra.py
[2025-02-10T03:13:28.057+0000] {processor.py:914} INFO - Processing file /home/airflow/.local/lib/python3.12/site-packages/airflow/example_dags/example_inlet_event_extra.py for tasks to queue
[2025-02-10T03:13:28.067+0000] {logging_mixin.py:190} INFO - [2025-02-10T03:13:28.065+0000] {dagbag.py:588} INFO - Filling up the DagBag from /home/airflow/.local/lib/python3.12/site-packages/airflow/example_dags/example_inlet_event_extra.py
[2025-02-10T03:13:28.607+0000] {processor.py:925} INFO - DAG(s) 'read_dataset_event_from_classic', 'read_dataset_event' retrieved from /home/airflow/.local/lib/python3.12/site-packages/airflow/example_dags/example_inlet_event_extra.py
[2025-02-10T03:13:28.620+0000] {logging_mixin.py:190} INFO - [2025-02-10T03:13:28.620+0000] {dag.py:3239} INFO - Sync 2 DAGs
[2025-02-10T03:13:28.631+0000] {logging_mixin.py:190} INFO - [2025-02-10T03:13:28.631+0000] {dag.py:4180} INFO - Setting next_dagrun for read_dataset_event to 2025-02-09 00:00:00+00:00, run_after=2025-02-10 00:00:00+00:00
[2025-02-10T03:13:28.633+0000] {logging_mixin.py:190} INFO - [2025-02-10T03:13:28.633+0000] {dag.py:4180} INFO - Setting next_dagrun for read_dataset_event_from_classic to 2025-02-09 00:00:00+00:00, run_after=2025-02-10 00:00:00+00:00
[2025-02-10T03:13:28.642+0000] {processor.py:208} INFO - Processing /home/airflow/.local/lib/python3.12/site-packages/airflow/example_dags/example_inlet_event_extra.py took 0.598 seconds
[2025-02-10T03:13:59.231+0000] {processor.py:186} INFO - Started process (PID=2328) to work on /home/airflow/.local/lib/python3.12/site-packages/airflow/example_dags/example_inlet_event_extra.py
[2025-02-10T03:13:59.234+0000] {processor.py:914} INFO - Processing file /home/airflow/.local/lib/python3.12/site-packages/airflow/example_dags/example_inlet_event_extra.py for tasks to queue
[2025-02-10T03:13:59.244+0000] {logging_mixin.py:190} INFO - [2025-02-10T03:13:59.243+0000] {dagbag.py:588} INFO - Filling up the DagBag from /home/airflow/.local/lib/python3.12/site-packages/airflow/example_dags/example_inlet_event_extra.py
[2025-02-10T03:13:59.677+0000] {processor.py:925} INFO - DAG(s) 'read_dataset_event', 'read_dataset_event_from_classic' retrieved from /home/airflow/.local/lib/python3.12/site-packages/airflow/example_dags/example_inlet_event_extra.py
[2025-02-10T03:13:59.714+0000] {logging_mixin.py:190} INFO - [2025-02-10T03:13:59.713+0000] {dag.py:3239} INFO - Sync 2 DAGs
[2025-02-10T03:13:59.739+0000] {logging_mixin.py:190} INFO - [2025-02-10T03:13:59.738+0000] {dag.py:4180} INFO - Setting next_dagrun for read_dataset_event to 2025-02-09 00:00:00+00:00, run_after=2025-02-10 00:00:00+00:00
[2025-02-10T03:13:59.743+0000] {logging_mixin.py:190} INFO - [2025-02-10T03:13:59.743+0000] {dag.py:4180} INFO - Setting next_dagrun for read_dataset_event_from_classic to 2025-02-09 00:00:00+00:00, run_after=2025-02-10 00:00:00+00:00
[2025-02-10T03:13:59.751+0000] {processor.py:208} INFO - Processing /home/airflow/.local/lib/python3.12/site-packages/airflow/example_dags/example_inlet_event_extra.py took 0.534 seconds
[2025-02-10T03:14:30.017+0000] {processor.py:186} INFO - Started process (PID=2392) to work on /home/airflow/.local/lib/python3.12/site-packages/airflow/example_dags/example_inlet_event_extra.py
[2025-02-10T03:14:30.018+0000] {processor.py:914} INFO - Processing file /home/airflow/.local/lib/python3.12/site-packages/airflow/example_dags/example_inlet_event_extra.py for tasks to queue
[2025-02-10T03:14:30.021+0000] {logging_mixin.py:190} INFO - [2025-02-10T03:14:30.021+0000] {dagbag.py:588} INFO - Filling up the DagBag from /home/airflow/.local/lib/python3.12/site-packages/airflow/example_dags/example_inlet_event_extra.py
[2025-02-10T03:14:30.458+0000] {processor.py:925} INFO - DAG(s) 'read_dataset_event_from_classic', 'read_dataset_event' retrieved from /home/airflow/.local/lib/python3.12/site-packages/airflow/example_dags/example_inlet_event_extra.py
[2025-02-10T03:14:30.490+0000] {logging_mixin.py:190} INFO - [2025-02-10T03:14:30.490+0000] {dag.py:3239} INFO - Sync 2 DAGs
[2025-02-10T03:14:30.503+0000] {logging_mixin.py:190} INFO - [2025-02-10T03:14:30.503+0000] {dag.py:4180} INFO - Setting next_dagrun for read_dataset_event to 2025-02-09 00:00:00+00:00, run_after=2025-02-10 00:00:00+00:00
[2025-02-10T03:14:30.505+0000] {logging_mixin.py:190} INFO - [2025-02-10T03:14:30.505+0000] {dag.py:4180} INFO - Setting next_dagrun for read_dataset_event_from_classic to 2025-02-09 00:00:00+00:00, run_after=2025-02-10 00:00:00+00:00
[2025-02-10T03:14:30.515+0000] {processor.py:208} INFO - Processing /home/airflow/.local/lib/python3.12/site-packages/airflow/example_dags/example_inlet_event_extra.py took 0.500 seconds
[2025-02-10T03:15:00.840+0000] {processor.py:186} INFO - Started process (PID=2456) to work on /home/airflow/.local/lib/python3.12/site-packages/airflow/example_dags/example_inlet_event_extra.py
[2025-02-10T03:15:00.841+0000] {processor.py:914} INFO - Processing file /home/airflow/.local/lib/python3.12/site-packages/airflow/example_dags/example_inlet_event_extra.py for tasks to queue
[2025-02-10T03:15:00.842+0000] {logging_mixin.py:190} INFO - [2025-02-10T03:15:00.842+0000] {dagbag.py:588} INFO - Filling up the DagBag from /home/airflow/.local/lib/python3.12/site-packages/airflow/example_dags/example_inlet_event_extra.py
[2025-02-10T03:15:01.348+0000] {processor.py:925} INFO - DAG(s) 'read_dataset_event_from_classic', 'read_dataset_event' retrieved from /home/airflow/.local/lib/python3.12/site-packages/airflow/example_dags/example_inlet_event_extra.py
[2025-02-10T03:15:01.364+0000] {logging_mixin.py:190} INFO - [2025-02-10T03:15:01.363+0000] {dag.py:3239} INFO - Sync 2 DAGs
[2025-02-10T03:15:01.380+0000] {logging_mixin.py:190} INFO - [2025-02-10T03:15:01.380+0000] {dag.py:4180} INFO - Setting next_dagrun for read_dataset_event to 2025-02-09 00:00:00+00:00, run_after=2025-02-10 00:00:00+00:00
[2025-02-10T03:15:01.384+0000] {logging_mixin.py:190} INFO - [2025-02-10T03:15:01.384+0000] {dag.py:4180} INFO - Setting next_dagrun for read_dataset_event_from_classic to 2025-02-09 00:00:00+00:00, run_after=2025-02-10 00:00:00+00:00
[2025-02-10T03:15:01.395+0000] {processor.py:208} INFO - Processing /home/airflow/.local/lib/python3.12/site-packages/airflow/example_dags/example_inlet_event_extra.py took 0.557 seconds
[2025-02-10T03:15:31.652+0000] {processor.py:186} INFO - Started process (PID=2519) to work on /home/airflow/.local/lib/python3.12/site-packages/airflow/example_dags/example_inlet_event_extra.py
[2025-02-10T03:15:31.653+0000] {processor.py:914} INFO - Processing file /home/airflow/.local/lib/python3.12/site-packages/airflow/example_dags/example_inlet_event_extra.py for tasks to queue
[2025-02-10T03:15:31.656+0000] {logging_mixin.py:190} INFO - [2025-02-10T03:15:31.656+0000] {dagbag.py:588} INFO - Filling up the DagBag from /home/airflow/.local/lib/python3.12/site-packages/airflow/example_dags/example_inlet_event_extra.py
[2025-02-10T03:15:32.017+0000] {processor.py:925} INFO - DAG(s) 'read_dataset_event', 'read_dataset_event_from_classic' retrieved from /home/airflow/.local/lib/python3.12/site-packages/airflow/example_dags/example_inlet_event_extra.py
[2025-02-10T03:15:32.030+0000] {logging_mixin.py:190} INFO - [2025-02-10T03:15:32.030+0000] {dag.py:3239} INFO - Sync 2 DAGs
[2025-02-10T03:15:32.041+0000] {logging_mixin.py:190} INFO - [2025-02-10T03:15:32.041+0000] {dag.py:4180} INFO - Setting next_dagrun for read_dataset_event to 2025-02-09 00:00:00+00:00, run_after=2025-02-10 00:00:00+00:00
[2025-02-10T03:15:32.044+0000] {logging_mixin.py:190} INFO - [2025-02-10T03:15:32.044+0000] {dag.py:4180} INFO - Setting next_dagrun for read_dataset_event_from_classic to 2025-02-09 00:00:00+00:00, run_after=2025-02-10 00:00:00+00:00
[2025-02-10T03:15:32.052+0000] {processor.py:208} INFO - Processing /home/airflow/.local/lib/python3.12/site-packages/airflow/example_dags/example_inlet_event_extra.py took 0.409 seconds
