[2025-02-10T02:55:51.219+0000] {processor.py:186} INFO - Started process (PID=97) to work on /home/airflow/.local/lib/python3.12/site-packages/airflow/example_dags/example_xcomargs.py
[2025-02-10T02:55:51.220+0000] {processor.py:914} INFO - Processing file /home/airflow/.local/lib/python3.12/site-packages/airflow/example_dags/example_xcomargs.py for tasks to queue
[2025-02-10T02:55:51.222+0000] {logging_mixin.py:190} INFO - [2025-02-10T02:55:51.222+0000] {dagbag.py:588} INFO - Filling up the DagBag from /home/airflow/.local/lib/python3.12/site-packages/airflow/example_dags/example_xcomargs.py
[2025-02-10T02:55:51.232+0000] {processor.py:925} INFO - DAG(s) 'example_xcom_args_with_operators', 'example_xcom_args' retrieved from /home/airflow/.local/lib/python3.12/site-packages/airflow/example_dags/example_xcomargs.py
[2025-02-10T02:55:51.286+0000] {logging_mixin.py:190} INFO - [2025-02-10T02:55:51.285+0000] {override.py:1911} INFO - Created Permission View: can read on DAG:example_xcom_args_with_operators
[2025-02-10T02:55:51.292+0000] {logging_mixin.py:190} INFO - [2025-02-10T02:55:51.292+0000] {override.py:1911} INFO - Created Permission View: can edit on DAG:example_xcom_args_with_operators
[2025-02-10T02:55:51.295+0000] {logging_mixin.py:190} INFO - [2025-02-10T02:55:51.294+0000] {override.py:1911} INFO - Created Permission View: can delete on DAG:example_xcom_args_with_operators
[2025-02-10T02:55:51.298+0000] {logging_mixin.py:190} INFO - [2025-02-10T02:55:51.298+0000] {override.py:1911} INFO - Created Permission View: can read on DAG Run:example_xcom_args_with_operators
[2025-02-10T02:55:51.301+0000] {logging_mixin.py:190} INFO - [2025-02-10T02:55:51.301+0000] {override.py:1911} INFO - Created Permission View: can delete on DAG Run:example_xcom_args_with_operators
[2025-02-10T02:55:51.304+0000] {logging_mixin.py:190} INFO - [2025-02-10T02:55:51.304+0000] {override.py:1911} INFO - Created Permission View: menu access on DAG Run:example_xcom_args_with_operators
[2025-02-10T02:55:51.306+0000] {logging_mixin.py:190} INFO - [2025-02-10T02:55:51.306+0000] {override.py:1911} INFO - Created Permission View: can create on DAG Run:example_xcom_args_with_operators
[2025-02-10T02:55:51.314+0000] {logging_mixin.py:190} INFO - [2025-02-10T02:55:51.314+0000] {override.py:1911} INFO - Created Permission View: can read on DAG:example_xcom_args
[2025-02-10T02:55:51.317+0000] {logging_mixin.py:190} INFO - [2025-02-10T02:55:51.317+0000] {override.py:1911} INFO - Created Permission View: can edit on DAG:example_xcom_args
[2025-02-10T02:55:51.325+0000] {logging_mixin.py:190} INFO - [2025-02-10T02:55:51.324+0000] {override.py:1911} INFO - Created Permission View: can delete on DAG:example_xcom_args
[2025-02-10T02:55:51.329+0000] {logging_mixin.py:190} INFO - [2025-02-10T02:55:51.328+0000] {override.py:1911} INFO - Created Permission View: can read on DAG Run:example_xcom_args
[2025-02-10T02:55:51.334+0000] {logging_mixin.py:190} INFO - [2025-02-10T02:55:51.334+0000] {override.py:1911} INFO - Created Permission View: can delete on DAG Run:example_xcom_args
[2025-02-10T02:55:51.343+0000] {logging_mixin.py:190} INFO - [2025-02-10T02:55:51.343+0000] {override.py:1911} INFO - Created Permission View: menu access on DAG Run:example_xcom_args
[2025-02-10T02:55:51.358+0000] {logging_mixin.py:190} INFO - [2025-02-10T02:55:51.357+0000] {override.py:1911} INFO - Created Permission View: can create on DAG Run:example_xcom_args
[2025-02-10T02:55:51.359+0000] {logging_mixin.py:190} INFO - [2025-02-10T02:55:51.359+0000] {dag.py:3239} INFO - Sync 2 DAGs
[2025-02-10T02:55:51.377+0000] {logging_mixin.py:190} INFO - [2025-02-10T02:55:51.377+0000] {dag.py:3262} INFO - Creating ORM DAG for example_xcom_args_with_operators
[2025-02-10T02:55:51.377+0000] {logging_mixin.py:190} INFO - [2025-02-10T02:55:51.377+0000] {dag.py:3262} INFO - Creating ORM DAG for example_xcom_args
[2025-02-10T02:55:51.378+0000] {logging_mixin.py:190} INFO - [2025-02-10T02:55:51.378+0000] {dag.py:4180} INFO - Setting next_dagrun for example_xcom_args to None, run_after=None
[2025-02-10T02:55:51.379+0000] {logging_mixin.py:190} INFO - [2025-02-10T02:55:51.378+0000] {dag.py:4180} INFO - Setting next_dagrun for example_xcom_args_with_operators to None, run_after=None
[2025-02-10T02:55:51.392+0000] {processor.py:208} INFO - Processing /home/airflow/.local/lib/python3.12/site-packages/airflow/example_dags/example_xcomargs.py took 0.177 seconds
[2025-02-10T02:56:22.040+0000] {processor.py:186} INFO - Started process (PID=161) to work on /home/airflow/.local/lib/python3.12/site-packages/airflow/example_dags/example_xcomargs.py
[2025-02-10T02:56:22.043+0000] {processor.py:914} INFO - Processing file /home/airflow/.local/lib/python3.12/site-packages/airflow/example_dags/example_xcomargs.py for tasks to queue
[2025-02-10T02:56:22.045+0000] {logging_mixin.py:190} INFO - [2025-02-10T02:56:22.045+0000] {dagbag.py:588} INFO - Filling up the DagBag from /home/airflow/.local/lib/python3.12/site-packages/airflow/example_dags/example_xcomargs.py
[2025-02-10T02:56:22.050+0000] {processor.py:925} INFO - DAG(s) 'example_xcom_args', 'example_xcom_args_with_operators' retrieved from /home/airflow/.local/lib/python3.12/site-packages/airflow/example_dags/example_xcomargs.py
[2025-02-10T02:56:22.068+0000] {logging_mixin.py:190} INFO - [2025-02-10T02:56:22.068+0000] {dag.py:3239} INFO - Sync 2 DAGs
[2025-02-10T02:56:22.076+0000] {logging_mixin.py:190} INFO - [2025-02-10T02:56:22.075+0000] {dag.py:4180} INFO - Setting next_dagrun for example_xcom_args to None, run_after=None
[2025-02-10T02:56:22.080+0000] {logging_mixin.py:190} INFO - [2025-02-10T02:56:22.080+0000] {dag.py:4180} INFO - Setting next_dagrun for example_xcom_args_with_operators to None, run_after=None
[2025-02-10T02:56:22.087+0000] {processor.py:208} INFO - Processing /home/airflow/.local/lib/python3.12/site-packages/airflow/example_dags/example_xcomargs.py took 0.051 seconds
[2025-02-10T02:56:52.808+0000] {processor.py:186} INFO - Started process (PID=225) to work on /home/airflow/.local/lib/python3.12/site-packages/airflow/example_dags/example_xcomargs.py
[2025-02-10T02:56:52.812+0000] {processor.py:914} INFO - Processing file /home/airflow/.local/lib/python3.12/site-packages/airflow/example_dags/example_xcomargs.py for tasks to queue
[2025-02-10T02:56:52.815+0000] {logging_mixin.py:190} INFO - [2025-02-10T02:56:52.814+0000] {dagbag.py:588} INFO - Filling up the DagBag from /home/airflow/.local/lib/python3.12/site-packages/airflow/example_dags/example_xcomargs.py
[2025-02-10T02:56:52.832+0000] {processor.py:925} INFO - DAG(s) 'example_xcom_args', 'example_xcom_args_with_operators' retrieved from /home/airflow/.local/lib/python3.12/site-packages/airflow/example_dags/example_xcomargs.py
[2025-02-10T02:56:52.847+0000] {logging_mixin.py:190} INFO - [2025-02-10T02:56:52.847+0000] {dag.py:3239} INFO - Sync 2 DAGs
[2025-02-10T02:56:52.853+0000] {logging_mixin.py:190} INFO - [2025-02-10T02:56:52.853+0000] {dag.py:4180} INFO - Setting next_dagrun for example_xcom_args to None, run_after=None
[2025-02-10T02:56:52.855+0000] {logging_mixin.py:190} INFO - [2025-02-10T02:56:52.854+0000] {dag.py:4180} INFO - Setting next_dagrun for example_xcom_args_with_operators to None, run_after=None
[2025-02-10T02:56:52.864+0000] {processor.py:208} INFO - Processing /home/airflow/.local/lib/python3.12/site-packages/airflow/example_dags/example_xcomargs.py took 0.062 seconds
[2025-02-10T02:57:23.771+0000] {processor.py:186} INFO - Started process (PID=288) to work on /home/airflow/.local/lib/python3.12/site-packages/airflow/example_dags/example_xcomargs.py
[2025-02-10T02:57:23.772+0000] {processor.py:914} INFO - Processing file /home/airflow/.local/lib/python3.12/site-packages/airflow/example_dags/example_xcomargs.py for tasks to queue
[2025-02-10T02:57:23.781+0000] {logging_mixin.py:190} INFO - [2025-02-10T02:57:23.780+0000] {dagbag.py:588} INFO - Filling up the DagBag from /home/airflow/.local/lib/python3.12/site-packages/airflow/example_dags/example_xcomargs.py
[2025-02-10T02:57:23.811+0000] {processor.py:925} INFO - DAG(s) 'example_xcom_args', 'example_xcom_args_with_operators' retrieved from /home/airflow/.local/lib/python3.12/site-packages/airflow/example_dags/example_xcomargs.py
[2025-02-10T02:57:23.859+0000] {logging_mixin.py:190} INFO - [2025-02-10T02:57:23.858+0000] {dag.py:3239} INFO - Sync 2 DAGs
[2025-02-10T02:57:23.868+0000] {logging_mixin.py:190} INFO - [2025-02-10T02:57:23.868+0000] {dag.py:4180} INFO - Setting next_dagrun for example_xcom_args to None, run_after=None
[2025-02-10T02:57:23.870+0000] {logging_mixin.py:190} INFO - [2025-02-10T02:57:23.870+0000] {dag.py:4180} INFO - Setting next_dagrun for example_xcom_args_with_operators to None, run_after=None
[2025-02-10T02:57:23.878+0000] {processor.py:208} INFO - Processing /home/airflow/.local/lib/python3.12/site-packages/airflow/example_dags/example_xcomargs.py took 0.110 seconds
[2025-02-10T02:57:54.340+0000] {processor.py:186} INFO - Started process (PID=351) to work on /home/airflow/.local/lib/python3.12/site-packages/airflow/example_dags/example_xcomargs.py
[2025-02-10T02:57:54.342+0000] {processor.py:914} INFO - Processing file /home/airflow/.local/lib/python3.12/site-packages/airflow/example_dags/example_xcomargs.py for tasks to queue
[2025-02-10T02:57:54.352+0000] {logging_mixin.py:190} INFO - [2025-02-10T02:57:54.351+0000] {dagbag.py:588} INFO - Filling up the DagBag from /home/airflow/.local/lib/python3.12/site-packages/airflow/example_dags/example_xcomargs.py
[2025-02-10T02:57:54.367+0000] {processor.py:925} INFO - DAG(s) 'example_xcom_args', 'example_xcom_args_with_operators' retrieved from /home/airflow/.local/lib/python3.12/site-packages/airflow/example_dags/example_xcomargs.py
[2025-02-10T02:57:54.405+0000] {logging_mixin.py:190} INFO - [2025-02-10T02:57:54.404+0000] {dag.py:3239} INFO - Sync 2 DAGs
[2025-02-10T02:57:54.418+0000] {logging_mixin.py:190} INFO - [2025-02-10T02:57:54.418+0000] {dag.py:4180} INFO - Setting next_dagrun for example_xcom_args to None, run_after=None
[2025-02-10T02:57:54.421+0000] {logging_mixin.py:190} INFO - [2025-02-10T02:57:54.421+0000] {dag.py:4180} INFO - Setting next_dagrun for example_xcom_args_with_operators to None, run_after=None
[2025-02-10T02:57:54.442+0000] {processor.py:208} INFO - Processing /home/airflow/.local/lib/python3.12/site-packages/airflow/example_dags/example_xcomargs.py took 0.129 seconds
[2025-02-10T02:58:24.575+0000] {processor.py:186} INFO - Started process (PID=415) to work on /home/airflow/.local/lib/python3.12/site-packages/airflow/example_dags/example_xcomargs.py
[2025-02-10T02:58:24.577+0000] {processor.py:914} INFO - Processing file /home/airflow/.local/lib/python3.12/site-packages/airflow/example_dags/example_xcomargs.py for tasks to queue
[2025-02-10T02:58:24.581+0000] {logging_mixin.py:190} INFO - [2025-02-10T02:58:24.581+0000] {dagbag.py:588} INFO - Filling up the DagBag from /home/airflow/.local/lib/python3.12/site-packages/airflow/example_dags/example_xcomargs.py
[2025-02-10T02:58:24.592+0000] {processor.py:925} INFO - DAG(s) 'example_xcom_args_with_operators', 'example_xcom_args' retrieved from /home/airflow/.local/lib/python3.12/site-packages/airflow/example_dags/example_xcomargs.py
[2025-02-10T02:58:24.622+0000] {logging_mixin.py:190} INFO - [2025-02-10T02:58:24.622+0000] {dag.py:3239} INFO - Sync 2 DAGs
[2025-02-10T02:58:24.632+0000] {logging_mixin.py:190} INFO - [2025-02-10T02:58:24.632+0000] {dag.py:4180} INFO - Setting next_dagrun for example_xcom_args to None, run_after=None
[2025-02-10T02:58:24.635+0000] {logging_mixin.py:190} INFO - [2025-02-10T02:58:24.635+0000] {dag.py:4180} INFO - Setting next_dagrun for example_xcom_args_with_operators to None, run_after=None
[2025-02-10T02:58:24.647+0000] {processor.py:208} INFO - Processing /home/airflow/.local/lib/python3.12/site-packages/airflow/example_dags/example_xcomargs.py took 0.078 seconds
[2025-02-10T02:58:55.145+0000] {processor.py:186} INFO - Started process (PID=479) to work on /home/airflow/.local/lib/python3.12/site-packages/airflow/example_dags/example_xcomargs.py
[2025-02-10T02:58:55.147+0000] {processor.py:914} INFO - Processing file /home/airflow/.local/lib/python3.12/site-packages/airflow/example_dags/example_xcomargs.py for tasks to queue
[2025-02-10T02:58:55.150+0000] {logging_mixin.py:190} INFO - [2025-02-10T02:58:55.150+0000] {dagbag.py:588} INFO - Filling up the DagBag from /home/airflow/.local/lib/python3.12/site-packages/airflow/example_dags/example_xcomargs.py
[2025-02-10T02:58:55.160+0000] {processor.py:925} INFO - DAG(s) 'example_xcom_args', 'example_xcom_args_with_operators' retrieved from /home/airflow/.local/lib/python3.12/site-packages/airflow/example_dags/example_xcomargs.py
[2025-02-10T02:58:55.186+0000] {logging_mixin.py:190} INFO - [2025-02-10T02:58:55.185+0000] {dag.py:3239} INFO - Sync 2 DAGs
[2025-02-10T02:58:55.203+0000] {logging_mixin.py:190} INFO - [2025-02-10T02:58:55.202+0000] {dag.py:4180} INFO - Setting next_dagrun for example_xcom_args to None, run_after=None
[2025-02-10T02:58:55.206+0000] {logging_mixin.py:190} INFO - [2025-02-10T02:58:55.205+0000] {dag.py:4180} INFO - Setting next_dagrun for example_xcom_args_with_operators to None, run_after=None
[2025-02-10T02:58:55.217+0000] {processor.py:208} INFO - Processing /home/airflow/.local/lib/python3.12/site-packages/airflow/example_dags/example_xcomargs.py took 0.076 seconds
[2025-02-10T02:59:25.752+0000] {processor.py:186} INFO - Started process (PID=543) to work on /home/airflow/.local/lib/python3.12/site-packages/airflow/example_dags/example_xcomargs.py
[2025-02-10T02:59:25.753+0000] {processor.py:914} INFO - Processing file /home/airflow/.local/lib/python3.12/site-packages/airflow/example_dags/example_xcomargs.py for tasks to queue
[2025-02-10T02:59:25.755+0000] {logging_mixin.py:190} INFO - [2025-02-10T02:59:25.755+0000] {dagbag.py:588} INFO - Filling up the DagBag from /home/airflow/.local/lib/python3.12/site-packages/airflow/example_dags/example_xcomargs.py
[2025-02-10T02:59:25.763+0000] {processor.py:925} INFO - DAG(s) 'example_xcom_args_with_operators', 'example_xcom_args' retrieved from /home/airflow/.local/lib/python3.12/site-packages/airflow/example_dags/example_xcomargs.py
[2025-02-10T02:59:25.778+0000] {logging_mixin.py:190} INFO - [2025-02-10T02:59:25.778+0000] {dag.py:3239} INFO - Sync 2 DAGs
[2025-02-10T02:59:25.787+0000] {logging_mixin.py:190} INFO - [2025-02-10T02:59:25.787+0000] {dag.py:4180} INFO - Setting next_dagrun for example_xcom_args to None, run_after=None
[2025-02-10T02:59:25.792+0000] {logging_mixin.py:190} INFO - [2025-02-10T02:59:25.792+0000] {dag.py:4180} INFO - Setting next_dagrun for example_xcom_args_with_operators to None, run_after=None
[2025-02-10T02:59:25.802+0000] {processor.py:208} INFO - Processing /home/airflow/.local/lib/python3.12/site-packages/airflow/example_dags/example_xcomargs.py took 0.054 seconds
[2025-02-10T02:59:57.307+0000] {processor.py:186} INFO - Started process (PID=607) to work on /home/airflow/.local/lib/python3.12/site-packages/airflow/example_dags/example_xcomargs.py
[2025-02-10T02:59:57.307+0000] {processor.py:914} INFO - Processing file /home/airflow/.local/lib/python3.12/site-packages/airflow/example_dags/example_xcomargs.py for tasks to queue
[2025-02-10T02:59:57.309+0000] {logging_mixin.py:190} INFO - [2025-02-10T02:59:57.309+0000] {dagbag.py:588} INFO - Filling up the DagBag from /home/airflow/.local/lib/python3.12/site-packages/airflow/example_dags/example_xcomargs.py
[2025-02-10T02:59:57.316+0000] {processor.py:925} INFO - DAG(s) 'example_xcom_args_with_operators', 'example_xcom_args' retrieved from /home/airflow/.local/lib/python3.12/site-packages/airflow/example_dags/example_xcomargs.py
[2025-02-10T02:59:57.333+0000] {logging_mixin.py:190} INFO - [2025-02-10T02:59:57.333+0000] {dag.py:3239} INFO - Sync 2 DAGs
[2025-02-10T02:59:57.341+0000] {logging_mixin.py:190} INFO - [2025-02-10T02:59:57.340+0000] {dag.py:4180} INFO - Setting next_dagrun for example_xcom_args to None, run_after=None
[2025-02-10T02:59:57.343+0000] {logging_mixin.py:190} INFO - [2025-02-10T02:59:57.343+0000] {dag.py:4180} INFO - Setting next_dagrun for example_xcom_args_with_operators to None, run_after=None
[2025-02-10T02:59:57.356+0000] {processor.py:208} INFO - Processing /home/airflow/.local/lib/python3.12/site-packages/airflow/example_dags/example_xcomargs.py took 0.053 seconds
[2025-02-10T03:00:29.429+0000] {processor.py:186} INFO - Started process (PID=671) to work on /home/airflow/.local/lib/python3.12/site-packages/airflow/example_dags/example_xcomargs.py
[2025-02-10T03:00:29.429+0000] {processor.py:914} INFO - Processing file /home/airflow/.local/lib/python3.12/site-packages/airflow/example_dags/example_xcomargs.py for tasks to queue
[2025-02-10T03:00:29.432+0000] {logging_mixin.py:190} INFO - [2025-02-10T03:00:29.432+0000] {dagbag.py:588} INFO - Filling up the DagBag from /home/airflow/.local/lib/python3.12/site-packages/airflow/example_dags/example_xcomargs.py
[2025-02-10T03:00:29.443+0000] {processor.py:925} INFO - DAG(s) 'example_xcom_args_with_operators', 'example_xcom_args' retrieved from /home/airflow/.local/lib/python3.12/site-packages/airflow/example_dags/example_xcomargs.py
[2025-02-10T03:00:29.467+0000] {logging_mixin.py:190} INFO - [2025-02-10T03:00:29.467+0000] {dag.py:3239} INFO - Sync 2 DAGs
[2025-02-10T03:00:29.477+0000] {logging_mixin.py:190} INFO - [2025-02-10T03:00:29.477+0000] {dag.py:4180} INFO - Setting next_dagrun for example_xcom_args to None, run_after=None
[2025-02-10T03:00:29.479+0000] {logging_mixin.py:190} INFO - [2025-02-10T03:00:29.479+0000] {dag.py:4180} INFO - Setting next_dagrun for example_xcom_args_with_operators to None, run_after=None
[2025-02-10T03:00:29.490+0000] {processor.py:208} INFO - Processing /home/airflow/.local/lib/python3.12/site-packages/airflow/example_dags/example_xcomargs.py took 0.067 seconds
[2025-02-10T03:01:00.482+0000] {processor.py:186} INFO - Started process (PID=735) to work on /home/airflow/.local/lib/python3.12/site-packages/airflow/example_dags/example_xcomargs.py
[2025-02-10T03:01:00.483+0000] {processor.py:914} INFO - Processing file /home/airflow/.local/lib/python3.12/site-packages/airflow/example_dags/example_xcomargs.py for tasks to queue
[2025-02-10T03:01:00.486+0000] {logging_mixin.py:190} INFO - [2025-02-10T03:01:00.486+0000] {dagbag.py:588} INFO - Filling up the DagBag from /home/airflow/.local/lib/python3.12/site-packages/airflow/example_dags/example_xcomargs.py
[2025-02-10T03:01:00.491+0000] {processor.py:925} INFO - DAG(s) 'example_xcom_args', 'example_xcom_args_with_operators' retrieved from /home/airflow/.local/lib/python3.12/site-packages/airflow/example_dags/example_xcomargs.py
[2025-02-10T03:01:00.512+0000] {logging_mixin.py:190} INFO - [2025-02-10T03:01:00.511+0000] {dag.py:3239} INFO - Sync 2 DAGs
[2025-02-10T03:01:00.529+0000] {logging_mixin.py:190} INFO - [2025-02-10T03:01:00.529+0000] {dag.py:4180} INFO - Setting next_dagrun for example_xcom_args to None, run_after=None
[2025-02-10T03:01:00.532+0000] {logging_mixin.py:190} INFO - [2025-02-10T03:01:00.531+0000] {dag.py:4180} INFO - Setting next_dagrun for example_xcom_args_with_operators to None, run_after=None
[2025-02-10T03:01:00.543+0000] {processor.py:208} INFO - Processing /home/airflow/.local/lib/python3.12/site-packages/airflow/example_dags/example_xcomargs.py took 0.065 seconds
[2025-02-10T03:01:31.743+0000] {processor.py:186} INFO - Started process (PID=799) to work on /home/airflow/.local/lib/python3.12/site-packages/airflow/example_dags/example_xcomargs.py
[2025-02-10T03:01:31.745+0000] {processor.py:914} INFO - Processing file /home/airflow/.local/lib/python3.12/site-packages/airflow/example_dags/example_xcomargs.py for tasks to queue
[2025-02-10T03:01:31.748+0000] {logging_mixin.py:190} INFO - [2025-02-10T03:01:31.748+0000] {dagbag.py:588} INFO - Filling up the DagBag from /home/airflow/.local/lib/python3.12/site-packages/airflow/example_dags/example_xcomargs.py
[2025-02-10T03:01:31.756+0000] {processor.py:925} INFO - DAG(s) 'example_xcom_args_with_operators', 'example_xcom_args' retrieved from /home/airflow/.local/lib/python3.12/site-packages/airflow/example_dags/example_xcomargs.py
[2025-02-10T03:01:31.778+0000] {logging_mixin.py:190} INFO - [2025-02-10T03:01:31.778+0000] {dag.py:3239} INFO - Sync 2 DAGs
[2025-02-10T03:01:31.788+0000] {logging_mixin.py:190} INFO - [2025-02-10T03:01:31.787+0000] {dag.py:4180} INFO - Setting next_dagrun for example_xcom_args to None, run_after=None
[2025-02-10T03:01:31.790+0000] {logging_mixin.py:190} INFO - [2025-02-10T03:01:31.790+0000] {dag.py:4180} INFO - Setting next_dagrun for example_xcom_args_with_operators to None, run_after=None
[2025-02-10T03:01:31.797+0000] {processor.py:208} INFO - Processing /home/airflow/.local/lib/python3.12/site-packages/airflow/example_dags/example_xcomargs.py took 0.060 seconds
[2025-02-10T03:02:02.886+0000] {processor.py:186} INFO - Started process (PID=863) to work on /home/airflow/.local/lib/python3.12/site-packages/airflow/example_dags/example_xcomargs.py
[2025-02-10T03:02:02.887+0000] {processor.py:914} INFO - Processing file /home/airflow/.local/lib/python3.12/site-packages/airflow/example_dags/example_xcomargs.py for tasks to queue
[2025-02-10T03:02:02.889+0000] {logging_mixin.py:190} INFO - [2025-02-10T03:02:02.888+0000] {dagbag.py:588} INFO - Filling up the DagBag from /home/airflow/.local/lib/python3.12/site-packages/airflow/example_dags/example_xcomargs.py
[2025-02-10T03:02:02.904+0000] {processor.py:925} INFO - DAG(s) 'example_xcom_args', 'example_xcom_args_with_operators' retrieved from /home/airflow/.local/lib/python3.12/site-packages/airflow/example_dags/example_xcomargs.py
[2025-02-10T03:02:02.924+0000] {logging_mixin.py:190} INFO - [2025-02-10T03:02:02.924+0000] {dag.py:3239} INFO - Sync 2 DAGs
[2025-02-10T03:02:02.936+0000] {logging_mixin.py:190} INFO - [2025-02-10T03:02:02.936+0000] {dag.py:4180} INFO - Setting next_dagrun for example_xcom_args to None, run_after=None
[2025-02-10T03:02:02.937+0000] {logging_mixin.py:190} INFO - [2025-02-10T03:02:02.937+0000] {dag.py:4180} INFO - Setting next_dagrun for example_xcom_args_with_operators to None, run_after=None
[2025-02-10T03:02:02.946+0000] {processor.py:208} INFO - Processing /home/airflow/.local/lib/python3.12/site-packages/airflow/example_dags/example_xcomargs.py took 0.064 seconds
[2025-02-10T03:02:34.357+0000] {processor.py:186} INFO - Started process (PID=927) to work on /home/airflow/.local/lib/python3.12/site-packages/airflow/example_dags/example_xcomargs.py
[2025-02-10T03:02:34.359+0000] {processor.py:914} INFO - Processing file /home/airflow/.local/lib/python3.12/site-packages/airflow/example_dags/example_xcomargs.py for tasks to queue
[2025-02-10T03:02:34.361+0000] {logging_mixin.py:190} INFO - [2025-02-10T03:02:34.361+0000] {dagbag.py:588} INFO - Filling up the DagBag from /home/airflow/.local/lib/python3.12/site-packages/airflow/example_dags/example_xcomargs.py
[2025-02-10T03:02:34.367+0000] {processor.py:925} INFO - DAG(s) 'example_xcom_args_with_operators', 'example_xcom_args' retrieved from /home/airflow/.local/lib/python3.12/site-packages/airflow/example_dags/example_xcomargs.py
[2025-02-10T03:02:34.384+0000] {logging_mixin.py:190} INFO - [2025-02-10T03:02:34.382+0000] {dag.py:3239} INFO - Sync 2 DAGs
[2025-02-10T03:02:34.393+0000] {logging_mixin.py:190} INFO - [2025-02-10T03:02:34.393+0000] {dag.py:4180} INFO - Setting next_dagrun for example_xcom_args to None, run_after=None
[2025-02-10T03:02:34.396+0000] {logging_mixin.py:190} INFO - [2025-02-10T03:02:34.396+0000] {dag.py:4180} INFO - Setting next_dagrun for example_xcom_args_with_operators to None, run_after=None
[2025-02-10T03:02:34.404+0000] {processor.py:208} INFO - Processing /home/airflow/.local/lib/python3.12/site-packages/airflow/example_dags/example_xcomargs.py took 0.050 seconds
[2025-02-10T03:03:05.920+0000] {processor.py:186} INFO - Started process (PID=991) to work on /home/airflow/.local/lib/python3.12/site-packages/airflow/example_dags/example_xcomargs.py
[2025-02-10T03:03:05.922+0000] {processor.py:914} INFO - Processing file /home/airflow/.local/lib/python3.12/site-packages/airflow/example_dags/example_xcomargs.py for tasks to queue
[2025-02-10T03:03:05.924+0000] {logging_mixin.py:190} INFO - [2025-02-10T03:03:05.924+0000] {dagbag.py:588} INFO - Filling up the DagBag from /home/airflow/.local/lib/python3.12/site-packages/airflow/example_dags/example_xcomargs.py
[2025-02-10T03:03:05.937+0000] {processor.py:925} INFO - DAG(s) 'example_xcom_args', 'example_xcom_args_with_operators' retrieved from /home/airflow/.local/lib/python3.12/site-packages/airflow/example_dags/example_xcomargs.py
[2025-02-10T03:03:05.969+0000] {logging_mixin.py:190} INFO - [2025-02-10T03:03:05.969+0000] {dag.py:3239} INFO - Sync 2 DAGs
[2025-02-10T03:03:05.980+0000] {logging_mixin.py:190} INFO - [2025-02-10T03:03:05.979+0000] {dag.py:4180} INFO - Setting next_dagrun for example_xcom_args to None, run_after=None
[2025-02-10T03:03:05.982+0000] {logging_mixin.py:190} INFO - [2025-02-10T03:03:05.982+0000] {dag.py:4180} INFO - Setting next_dagrun for example_xcom_args_with_operators to None, run_after=None
[2025-02-10T03:03:05.994+0000] {processor.py:208} INFO - Processing /home/airflow/.local/lib/python3.12/site-packages/airflow/example_dags/example_xcomargs.py took 0.078 seconds
[2025-02-10T03:03:37.993+0000] {processor.py:186} INFO - Started process (PID=1055) to work on /home/airflow/.local/lib/python3.12/site-packages/airflow/example_dags/example_xcomargs.py
[2025-02-10T03:03:37.995+0000] {processor.py:914} INFO - Processing file /home/airflow/.local/lib/python3.12/site-packages/airflow/example_dags/example_xcomargs.py for tasks to queue
[2025-02-10T03:03:37.996+0000] {logging_mixin.py:190} INFO - [2025-02-10T03:03:37.996+0000] {dagbag.py:588} INFO - Filling up the DagBag from /home/airflow/.local/lib/python3.12/site-packages/airflow/example_dags/example_xcomargs.py
[2025-02-10T03:03:38.004+0000] {processor.py:925} INFO - DAG(s) 'example_xcom_args', 'example_xcom_args_with_operators' retrieved from /home/airflow/.local/lib/python3.12/site-packages/airflow/example_dags/example_xcomargs.py
[2025-02-10T03:03:38.022+0000] {logging_mixin.py:190} INFO - [2025-02-10T03:03:38.022+0000] {dag.py:3239} INFO - Sync 2 DAGs
[2025-02-10T03:03:38.033+0000] {logging_mixin.py:190} INFO - [2025-02-10T03:03:38.033+0000] {dag.py:4180} INFO - Setting next_dagrun for example_xcom_args to None, run_after=None
[2025-02-10T03:03:38.035+0000] {logging_mixin.py:190} INFO - [2025-02-10T03:03:38.035+0000] {dag.py:4180} INFO - Setting next_dagrun for example_xcom_args_with_operators to None, run_after=None
[2025-02-10T03:03:38.047+0000] {processor.py:208} INFO - Processing /home/airflow/.local/lib/python3.12/site-packages/airflow/example_dags/example_xcomargs.py took 0.058 seconds
[2025-02-10T03:04:09.547+0000] {processor.py:186} INFO - Started process (PID=1119) to work on /home/airflow/.local/lib/python3.12/site-packages/airflow/example_dags/example_xcomargs.py
[2025-02-10T03:04:09.548+0000] {processor.py:914} INFO - Processing file /home/airflow/.local/lib/python3.12/site-packages/airflow/example_dags/example_xcomargs.py for tasks to queue
[2025-02-10T03:04:09.550+0000] {logging_mixin.py:190} INFO - [2025-02-10T03:04:09.550+0000] {dagbag.py:588} INFO - Filling up the DagBag from /home/airflow/.local/lib/python3.12/site-packages/airflow/example_dags/example_xcomargs.py
[2025-02-10T03:04:09.561+0000] {processor.py:925} INFO - DAG(s) 'example_xcom_args_with_operators', 'example_xcom_args' retrieved from /home/airflow/.local/lib/python3.12/site-packages/airflow/example_dags/example_xcomargs.py
[2025-02-10T03:04:09.589+0000] {logging_mixin.py:190} INFO - [2025-02-10T03:04:09.589+0000] {dag.py:3239} INFO - Sync 2 DAGs
[2025-02-10T03:04:09.603+0000] {logging_mixin.py:190} INFO - [2025-02-10T03:04:09.603+0000] {dag.py:4180} INFO - Setting next_dagrun for example_xcom_args to None, run_after=None
[2025-02-10T03:04:09.605+0000] {logging_mixin.py:190} INFO - [2025-02-10T03:04:09.605+0000] {dag.py:4180} INFO - Setting next_dagrun for example_xcom_args_with_operators to None, run_after=None
[2025-02-10T03:04:09.612+0000] {processor.py:208} INFO - Processing /home/airflow/.local/lib/python3.12/site-packages/airflow/example_dags/example_xcomargs.py took 0.069 seconds
[2025-02-10T03:04:40.594+0000] {processor.py:186} INFO - Started process (PID=1183) to work on /home/airflow/.local/lib/python3.12/site-packages/airflow/example_dags/example_xcomargs.py
[2025-02-10T03:04:40.595+0000] {processor.py:914} INFO - Processing file /home/airflow/.local/lib/python3.12/site-packages/airflow/example_dags/example_xcomargs.py for tasks to queue
[2025-02-10T03:04:40.597+0000] {logging_mixin.py:190} INFO - [2025-02-10T03:04:40.597+0000] {dagbag.py:588} INFO - Filling up the DagBag from /home/airflow/.local/lib/python3.12/site-packages/airflow/example_dags/example_xcomargs.py
[2025-02-10T03:04:40.602+0000] {processor.py:925} INFO - DAG(s) 'example_xcom_args', 'example_xcom_args_with_operators' retrieved from /home/airflow/.local/lib/python3.12/site-packages/airflow/example_dags/example_xcomargs.py
[2025-02-10T03:04:40.616+0000] {logging_mixin.py:190} INFO - [2025-02-10T03:04:40.616+0000] {dag.py:3239} INFO - Sync 2 DAGs
[2025-02-10T03:04:40.623+0000] {logging_mixin.py:190} INFO - [2025-02-10T03:04:40.623+0000] {dag.py:4180} INFO - Setting next_dagrun for example_xcom_args to None, run_after=None
[2025-02-10T03:04:40.626+0000] {logging_mixin.py:190} INFO - [2025-02-10T03:04:40.626+0000] {dag.py:4180} INFO - Setting next_dagrun for example_xcom_args_with_operators to None, run_after=None
[2025-02-10T03:04:40.637+0000] {processor.py:208} INFO - Processing /home/airflow/.local/lib/python3.12/site-packages/airflow/example_dags/example_xcomargs.py took 0.046 seconds
[2025-02-10T03:05:12.512+0000] {processor.py:186} INFO - Started process (PID=1247) to work on /home/airflow/.local/lib/python3.12/site-packages/airflow/example_dags/example_xcomargs.py
[2025-02-10T03:05:12.514+0000] {processor.py:914} INFO - Processing file /home/airflow/.local/lib/python3.12/site-packages/airflow/example_dags/example_xcomargs.py for tasks to queue
[2025-02-10T03:05:12.519+0000] {logging_mixin.py:190} INFO - [2025-02-10T03:05:12.519+0000] {dagbag.py:588} INFO - Filling up the DagBag from /home/airflow/.local/lib/python3.12/site-packages/airflow/example_dags/example_xcomargs.py
[2025-02-10T03:05:12.532+0000] {processor.py:925} INFO - DAG(s) 'example_xcom_args_with_operators', 'example_xcom_args' retrieved from /home/airflow/.local/lib/python3.12/site-packages/airflow/example_dags/example_xcomargs.py
[2025-02-10T03:05:12.550+0000] {logging_mixin.py:190} INFO - [2025-02-10T03:05:12.550+0000] {dag.py:3239} INFO - Sync 2 DAGs
[2025-02-10T03:05:12.563+0000] {logging_mixin.py:190} INFO - [2025-02-10T03:05:12.562+0000] {dag.py:4180} INFO - Setting next_dagrun for example_xcom_args to None, run_after=None
[2025-02-10T03:05:12.565+0000] {logging_mixin.py:190} INFO - [2025-02-10T03:05:12.565+0000] {dag.py:4180} INFO - Setting next_dagrun for example_xcom_args_with_operators to None, run_after=None
[2025-02-10T03:05:12.590+0000] {processor.py:208} INFO - Processing /home/airflow/.local/lib/python3.12/site-packages/airflow/example_dags/example_xcomargs.py took 0.086 seconds
[2025-02-10T03:05:43.442+0000] {processor.py:186} INFO - Started process (PID=1311) to work on /home/airflow/.local/lib/python3.12/site-packages/airflow/example_dags/example_xcomargs.py
[2025-02-10T03:05:43.443+0000] {processor.py:914} INFO - Processing file /home/airflow/.local/lib/python3.12/site-packages/airflow/example_dags/example_xcomargs.py for tasks to queue
[2025-02-10T03:05:43.444+0000] {logging_mixin.py:190} INFO - [2025-02-10T03:05:43.444+0000] {dagbag.py:588} INFO - Filling up the DagBag from /home/airflow/.local/lib/python3.12/site-packages/airflow/example_dags/example_xcomargs.py
[2025-02-10T03:05:43.449+0000] {processor.py:925} INFO - DAG(s) 'example_xcom_args', 'example_xcom_args_with_operators' retrieved from /home/airflow/.local/lib/python3.12/site-packages/airflow/example_dags/example_xcomargs.py
[2025-02-10T03:05:43.460+0000] {logging_mixin.py:190} INFO - [2025-02-10T03:05:43.460+0000] {dag.py:3239} INFO - Sync 2 DAGs
[2025-02-10T03:05:43.467+0000] {logging_mixin.py:190} INFO - [2025-02-10T03:05:43.467+0000] {dag.py:4180} INFO - Setting next_dagrun for example_xcom_args to None, run_after=None
[2025-02-10T03:05:43.469+0000] {logging_mixin.py:190} INFO - [2025-02-10T03:05:43.469+0000] {dag.py:4180} INFO - Setting next_dagrun for example_xcom_args_with_operators to None, run_after=None
[2025-02-10T03:05:43.476+0000] {processor.py:208} INFO - Processing /home/airflow/.local/lib/python3.12/site-packages/airflow/example_dags/example_xcomargs.py took 0.037 seconds
[2025-02-10T03:06:13.521+0000] {processor.py:186} INFO - Started process (PID=1374) to work on /home/airflow/.local/lib/python3.12/site-packages/airflow/example_dags/example_xcomargs.py
[2025-02-10T03:06:13.521+0000] {processor.py:914} INFO - Processing file /home/airflow/.local/lib/python3.12/site-packages/airflow/example_dags/example_xcomargs.py for tasks to queue
[2025-02-10T03:06:13.522+0000] {logging_mixin.py:190} INFO - [2025-02-10T03:06:13.522+0000] {dagbag.py:588} INFO - Filling up the DagBag from /home/airflow/.local/lib/python3.12/site-packages/airflow/example_dags/example_xcomargs.py
[2025-02-10T03:06:13.527+0000] {processor.py:925} INFO - DAG(s) 'example_xcom_args_with_operators', 'example_xcom_args' retrieved from /home/airflow/.local/lib/python3.12/site-packages/airflow/example_dags/example_xcomargs.py
[2025-02-10T03:06:13.536+0000] {logging_mixin.py:190} INFO - [2025-02-10T03:06:13.536+0000] {dag.py:3239} INFO - Sync 2 DAGs
[2025-02-10T03:06:13.541+0000] {logging_mixin.py:190} INFO - [2025-02-10T03:06:13.541+0000] {dag.py:4180} INFO - Setting next_dagrun for example_xcom_args to None, run_after=None
[2025-02-10T03:06:13.543+0000] {logging_mixin.py:190} INFO - [2025-02-10T03:06:13.543+0000] {dag.py:4180} INFO - Setting next_dagrun for example_xcom_args_with_operators to None, run_after=None
[2025-02-10T03:06:13.548+0000] {processor.py:208} INFO - Processing /home/airflow/.local/lib/python3.12/site-packages/airflow/example_dags/example_xcomargs.py took 0.030 seconds
[2025-02-10T03:06:45.524+0000] {processor.py:186} INFO - Started process (PID=1438) to work on /home/airflow/.local/lib/python3.12/site-packages/airflow/example_dags/example_xcomargs.py
[2025-02-10T03:06:45.525+0000] {processor.py:914} INFO - Processing file /home/airflow/.local/lib/python3.12/site-packages/airflow/example_dags/example_xcomargs.py for tasks to queue
[2025-02-10T03:06:45.526+0000] {logging_mixin.py:190} INFO - [2025-02-10T03:06:45.526+0000] {dagbag.py:588} INFO - Filling up the DagBag from /home/airflow/.local/lib/python3.12/site-packages/airflow/example_dags/example_xcomargs.py
[2025-02-10T03:06:45.533+0000] {processor.py:925} INFO - DAG(s) 'example_xcom_args_with_operators', 'example_xcom_args' retrieved from /home/airflow/.local/lib/python3.12/site-packages/airflow/example_dags/example_xcomargs.py
[2025-02-10T03:06:45.544+0000] {logging_mixin.py:190} INFO - [2025-02-10T03:06:45.544+0000] {dag.py:3239} INFO - Sync 2 DAGs
[2025-02-10T03:06:45.551+0000] {logging_mixin.py:190} INFO - [2025-02-10T03:06:45.551+0000] {dag.py:4180} INFO - Setting next_dagrun for example_xcom_args to None, run_after=None
[2025-02-10T03:06:45.552+0000] {logging_mixin.py:190} INFO - [2025-02-10T03:06:45.552+0000] {dag.py:4180} INFO - Setting next_dagrun for example_xcom_args_with_operators to None, run_after=None
[2025-02-10T03:06:45.559+0000] {processor.py:208} INFO - Processing /home/airflow/.local/lib/python3.12/site-packages/airflow/example_dags/example_xcomargs.py took 0.038 seconds
[2025-02-10T03:07:17.868+0000] {processor.py:186} INFO - Started process (PID=1510) to work on /home/airflow/.local/lib/python3.12/site-packages/airflow/example_dags/example_xcomargs.py
[2025-02-10T03:07:17.870+0000] {processor.py:914} INFO - Processing file /home/airflow/.local/lib/python3.12/site-packages/airflow/example_dags/example_xcomargs.py for tasks to queue
[2025-02-10T03:07:17.872+0000] {logging_mixin.py:190} INFO - [2025-02-10T03:07:17.872+0000] {dagbag.py:588} INFO - Filling up the DagBag from /home/airflow/.local/lib/python3.12/site-packages/airflow/example_dags/example_xcomargs.py
[2025-02-10T03:07:17.884+0000] {processor.py:925} INFO - DAG(s) 'example_xcom_args', 'example_xcom_args_with_operators' retrieved from /home/airflow/.local/lib/python3.12/site-packages/airflow/example_dags/example_xcomargs.py
[2025-02-10T03:07:17.916+0000] {logging_mixin.py:190} INFO - [2025-02-10T03:07:17.916+0000] {dag.py:3239} INFO - Sync 2 DAGs
[2025-02-10T03:07:17.931+0000] {logging_mixin.py:190} INFO - [2025-02-10T03:07:17.930+0000] {dag.py:4180} INFO - Setting next_dagrun for example_xcom_args to None, run_after=None
[2025-02-10T03:07:17.932+0000] {logging_mixin.py:190} INFO - [2025-02-10T03:07:17.932+0000] {dag.py:4180} INFO - Setting next_dagrun for example_xcom_args_with_operators to None, run_after=None
[2025-02-10T03:07:17.944+0000] {processor.py:208} INFO - Processing /home/airflow/.local/lib/python3.12/site-packages/airflow/example_dags/example_xcomargs.py took 0.088 seconds
[2025-02-10T03:07:48.919+0000] {processor.py:186} INFO - Started process (PID=1574) to work on /home/airflow/.local/lib/python3.12/site-packages/airflow/example_dags/example_xcomargs.py
[2025-02-10T03:07:48.920+0000] {processor.py:914} INFO - Processing file /home/airflow/.local/lib/python3.12/site-packages/airflow/example_dags/example_xcomargs.py for tasks to queue
[2025-02-10T03:07:48.921+0000] {logging_mixin.py:190} INFO - [2025-02-10T03:07:48.921+0000] {dagbag.py:588} INFO - Filling up the DagBag from /home/airflow/.local/lib/python3.12/site-packages/airflow/example_dags/example_xcomargs.py
[2025-02-10T03:07:48.928+0000] {processor.py:925} INFO - DAG(s) 'example_xcom_args_with_operators', 'example_xcom_args' retrieved from /home/airflow/.local/lib/python3.12/site-packages/airflow/example_dags/example_xcomargs.py
[2025-02-10T03:07:48.955+0000] {logging_mixin.py:190} INFO - [2025-02-10T03:07:48.955+0000] {dag.py:3239} INFO - Sync 2 DAGs
[2025-02-10T03:07:48.963+0000] {logging_mixin.py:190} INFO - [2025-02-10T03:07:48.963+0000] {dag.py:4180} INFO - Setting next_dagrun for example_xcom_args to None, run_after=None
[2025-02-10T03:07:48.967+0000] {logging_mixin.py:190} INFO - [2025-02-10T03:07:48.967+0000] {dag.py:4180} INFO - Setting next_dagrun for example_xcom_args_with_operators to None, run_after=None
[2025-02-10T03:07:48.978+0000] {processor.py:208} INFO - Processing /home/airflow/.local/lib/python3.12/site-packages/airflow/example_dags/example_xcomargs.py took 0.065 seconds
[2025-02-10T03:08:20.478+0000] {processor.py:186} INFO - Started process (PID=1639) to work on /home/airflow/.local/lib/python3.12/site-packages/airflow/example_dags/example_xcomargs.py
[2025-02-10T03:08:20.480+0000] {processor.py:914} INFO - Processing file /home/airflow/.local/lib/python3.12/site-packages/airflow/example_dags/example_xcomargs.py for tasks to queue
[2025-02-10T03:08:20.484+0000] {logging_mixin.py:190} INFO - [2025-02-10T03:08:20.484+0000] {dagbag.py:588} INFO - Filling up the DagBag from /home/airflow/.local/lib/python3.12/site-packages/airflow/example_dags/example_xcomargs.py
[2025-02-10T03:08:20.490+0000] {processor.py:925} INFO - DAG(s) 'example_xcom_args', 'example_xcom_args_with_operators' retrieved from /home/airflow/.local/lib/python3.12/site-packages/airflow/example_dags/example_xcomargs.py
[2025-02-10T03:08:20.503+0000] {logging_mixin.py:190} INFO - [2025-02-10T03:08:20.503+0000] {dag.py:3239} INFO - Sync 2 DAGs
[2025-02-10T03:08:20.510+0000] {logging_mixin.py:190} INFO - [2025-02-10T03:08:20.509+0000] {dag.py:4180} INFO - Setting next_dagrun for example_xcom_args to None, run_after=None
[2025-02-10T03:08:20.511+0000] {logging_mixin.py:190} INFO - [2025-02-10T03:08:20.511+0000] {dag.py:4180} INFO - Setting next_dagrun for example_xcom_args_with_operators to None, run_after=None
[2025-02-10T03:08:20.520+0000] {processor.py:208} INFO - Processing /home/airflow/.local/lib/python3.12/site-packages/airflow/example_dags/example_xcomargs.py took 0.046 seconds
[2025-02-10T03:08:52.008+0000] {processor.py:186} INFO - Started process (PID=1703) to work on /home/airflow/.local/lib/python3.12/site-packages/airflow/example_dags/example_xcomargs.py
[2025-02-10T03:08:52.009+0000] {processor.py:914} INFO - Processing file /home/airflow/.local/lib/python3.12/site-packages/airflow/example_dags/example_xcomargs.py for tasks to queue
[2025-02-10T03:08:52.010+0000] {logging_mixin.py:190} INFO - [2025-02-10T03:08:52.010+0000] {dagbag.py:588} INFO - Filling up the DagBag from /home/airflow/.local/lib/python3.12/site-packages/airflow/example_dags/example_xcomargs.py
[2025-02-10T03:08:52.017+0000] {processor.py:925} INFO - DAG(s) 'example_xcom_args', 'example_xcom_args_with_operators' retrieved from /home/airflow/.local/lib/python3.12/site-packages/airflow/example_dags/example_xcomargs.py
[2025-02-10T03:08:52.028+0000] {logging_mixin.py:190} INFO - [2025-02-10T03:08:52.027+0000] {dag.py:3239} INFO - Sync 2 DAGs
[2025-02-10T03:08:52.034+0000] {logging_mixin.py:190} INFO - [2025-02-10T03:08:52.034+0000] {dag.py:4180} INFO - Setting next_dagrun for example_xcom_args to None, run_after=None
[2025-02-10T03:08:52.037+0000] {logging_mixin.py:190} INFO - [2025-02-10T03:08:52.037+0000] {dag.py:4180} INFO - Setting next_dagrun for example_xcom_args_with_operators to None, run_after=None
[2025-02-10T03:08:52.048+0000] {processor.py:208} INFO - Processing /home/airflow/.local/lib/python3.12/site-packages/airflow/example_dags/example_xcomargs.py took 0.043 seconds
[2025-02-10T03:09:22.735+0000] {processor.py:186} INFO - Started process (PID=1767) to work on /home/airflow/.local/lib/python3.12/site-packages/airflow/example_dags/example_xcomargs.py
[2025-02-10T03:09:22.736+0000] {processor.py:914} INFO - Processing file /home/airflow/.local/lib/python3.12/site-packages/airflow/example_dags/example_xcomargs.py for tasks to queue
[2025-02-10T03:09:22.738+0000] {logging_mixin.py:190} INFO - [2025-02-10T03:09:22.738+0000] {dagbag.py:588} INFO - Filling up the DagBag from /home/airflow/.local/lib/python3.12/site-packages/airflow/example_dags/example_xcomargs.py
[2025-02-10T03:09:22.749+0000] {processor.py:925} INFO - DAG(s) 'example_xcom_args', 'example_xcom_args_with_operators' retrieved from /home/airflow/.local/lib/python3.12/site-packages/airflow/example_dags/example_xcomargs.py
[2025-02-10T03:09:22.770+0000] {logging_mixin.py:190} INFO - [2025-02-10T03:09:22.770+0000] {dag.py:3239} INFO - Sync 2 DAGs
[2025-02-10T03:09:22.780+0000] {logging_mixin.py:190} INFO - [2025-02-10T03:09:22.780+0000] {dag.py:4180} INFO - Setting next_dagrun for example_xcom_args to None, run_after=None
[2025-02-10T03:09:22.784+0000] {logging_mixin.py:190} INFO - [2025-02-10T03:09:22.784+0000] {dag.py:4180} INFO - Setting next_dagrun for example_xcom_args_with_operators to None, run_after=None
[2025-02-10T03:09:22.799+0000] {processor.py:208} INFO - Processing /home/airflow/.local/lib/python3.12/site-packages/airflow/example_dags/example_xcomargs.py took 0.073 seconds
[2025-02-10T03:09:53.729+0000] {processor.py:186} INFO - Started process (PID=1831) to work on /home/airflow/.local/lib/python3.12/site-packages/airflow/example_dags/example_xcomargs.py
[2025-02-10T03:09:53.731+0000] {processor.py:914} INFO - Processing file /home/airflow/.local/lib/python3.12/site-packages/airflow/example_dags/example_xcomargs.py for tasks to queue
[2025-02-10T03:09:53.734+0000] {logging_mixin.py:190} INFO - [2025-02-10T03:09:53.734+0000] {dagbag.py:588} INFO - Filling up the DagBag from /home/airflow/.local/lib/python3.12/site-packages/airflow/example_dags/example_xcomargs.py
[2025-02-10T03:09:53.744+0000] {processor.py:925} INFO - DAG(s) 'example_xcom_args_with_operators', 'example_xcom_args' retrieved from /home/airflow/.local/lib/python3.12/site-packages/airflow/example_dags/example_xcomargs.py
[2025-02-10T03:09:53.758+0000] {logging_mixin.py:190} INFO - [2025-02-10T03:09:53.757+0000] {dag.py:3239} INFO - Sync 2 DAGs
[2025-02-10T03:09:53.768+0000] {logging_mixin.py:190} INFO - [2025-02-10T03:09:53.767+0000] {dag.py:4180} INFO - Setting next_dagrun for example_xcom_args to None, run_after=None
[2025-02-10T03:09:53.769+0000] {logging_mixin.py:190} INFO - [2025-02-10T03:09:53.769+0000] {dag.py:4180} INFO - Setting next_dagrun for example_xcom_args_with_operators to None, run_after=None
[2025-02-10T03:09:53.782+0000] {processor.py:208} INFO - Processing /home/airflow/.local/lib/python3.12/site-packages/airflow/example_dags/example_xcomargs.py took 0.065 seconds
[2025-02-10T03:10:24.289+0000] {processor.py:186} INFO - Started process (PID=1895) to work on /home/airflow/.local/lib/python3.12/site-packages/airflow/example_dags/example_xcomargs.py
[2025-02-10T03:10:24.290+0000] {processor.py:914} INFO - Processing file /home/airflow/.local/lib/python3.12/site-packages/airflow/example_dags/example_xcomargs.py for tasks to queue
[2025-02-10T03:10:24.291+0000] {logging_mixin.py:190} INFO - [2025-02-10T03:10:24.291+0000] {dagbag.py:588} INFO - Filling up the DagBag from /home/airflow/.local/lib/python3.12/site-packages/airflow/example_dags/example_xcomargs.py
[2025-02-10T03:10:24.299+0000] {processor.py:925} INFO - DAG(s) 'example_xcom_args_with_operators', 'example_xcom_args' retrieved from /home/airflow/.local/lib/python3.12/site-packages/airflow/example_dags/example_xcomargs.py
[2025-02-10T03:10:24.314+0000] {logging_mixin.py:190} INFO - [2025-02-10T03:10:24.314+0000] {dag.py:3239} INFO - Sync 2 DAGs
[2025-02-10T03:10:24.321+0000] {logging_mixin.py:190} INFO - [2025-02-10T03:10:24.321+0000] {dag.py:4180} INFO - Setting next_dagrun for example_xcom_args to None, run_after=None
[2025-02-10T03:10:24.324+0000] {logging_mixin.py:190} INFO - [2025-02-10T03:10:24.324+0000] {dag.py:4180} INFO - Setting next_dagrun for example_xcom_args_with_operators to None, run_after=None
[2025-02-10T03:10:24.332+0000] {processor.py:208} INFO - Processing /home/airflow/.local/lib/python3.12/site-packages/airflow/example_dags/example_xcomargs.py took 0.046 seconds
[2025-02-10T03:10:55.141+0000] {processor.py:186} INFO - Started process (PID=1959) to work on /home/airflow/.local/lib/python3.12/site-packages/airflow/example_dags/example_xcomargs.py
[2025-02-10T03:10:55.143+0000] {processor.py:914} INFO - Processing file /home/airflow/.local/lib/python3.12/site-packages/airflow/example_dags/example_xcomargs.py for tasks to queue
[2025-02-10T03:10:55.144+0000] {logging_mixin.py:190} INFO - [2025-02-10T03:10:55.144+0000] {dagbag.py:588} INFO - Filling up the DagBag from /home/airflow/.local/lib/python3.12/site-packages/airflow/example_dags/example_xcomargs.py
[2025-02-10T03:10:55.153+0000] {processor.py:925} INFO - DAG(s) 'example_xcom_args_with_operators', 'example_xcom_args' retrieved from /home/airflow/.local/lib/python3.12/site-packages/airflow/example_dags/example_xcomargs.py
[2025-02-10T03:10:55.166+0000] {logging_mixin.py:190} INFO - [2025-02-10T03:10:55.166+0000] {dag.py:3239} INFO - Sync 2 DAGs
[2025-02-10T03:10:55.174+0000] {logging_mixin.py:190} INFO - [2025-02-10T03:10:55.174+0000] {dag.py:4180} INFO - Setting next_dagrun for example_xcom_args to None, run_after=None
[2025-02-10T03:10:55.177+0000] {logging_mixin.py:190} INFO - [2025-02-10T03:10:55.177+0000] {dag.py:4180} INFO - Setting next_dagrun for example_xcom_args_with_operators to None, run_after=None
[2025-02-10T03:10:55.187+0000] {processor.py:208} INFO - Processing /home/airflow/.local/lib/python3.12/site-packages/airflow/example_dags/example_xcomargs.py took 0.051 seconds
[2025-02-10T03:11:25.690+0000] {processor.py:186} INFO - Started process (PID=2023) to work on /home/airflow/.local/lib/python3.12/site-packages/airflow/example_dags/example_xcomargs.py
[2025-02-10T03:11:25.691+0000] {processor.py:914} INFO - Processing file /home/airflow/.local/lib/python3.12/site-packages/airflow/example_dags/example_xcomargs.py for tasks to queue
[2025-02-10T03:11:25.693+0000] {logging_mixin.py:190} INFO - [2025-02-10T03:11:25.692+0000] {dagbag.py:588} INFO - Filling up the DagBag from /home/airflow/.local/lib/python3.12/site-packages/airflow/example_dags/example_xcomargs.py
[2025-02-10T03:11:25.699+0000] {processor.py:925} INFO - DAG(s) 'example_xcom_args', 'example_xcom_args_with_operators' retrieved from /home/airflow/.local/lib/python3.12/site-packages/airflow/example_dags/example_xcomargs.py
[2025-02-10T03:11:25.717+0000] {logging_mixin.py:190} INFO - [2025-02-10T03:11:25.717+0000] {dag.py:3239} INFO - Sync 2 DAGs
[2025-02-10T03:11:25.724+0000] {logging_mixin.py:190} INFO - [2025-02-10T03:11:25.724+0000] {dag.py:4180} INFO - Setting next_dagrun for example_xcom_args to None, run_after=None
[2025-02-10T03:11:25.728+0000] {logging_mixin.py:190} INFO - [2025-02-10T03:11:25.728+0000] {dag.py:4180} INFO - Setting next_dagrun for example_xcom_args_with_operators to None, run_after=None
[2025-02-10T03:11:25.737+0000] {processor.py:208} INFO - Processing /home/airflow/.local/lib/python3.12/site-packages/airflow/example_dags/example_xcomargs.py took 0.051 seconds
[2025-02-10T03:11:56.456+0000] {processor.py:186} INFO - Started process (PID=2087) to work on /home/airflow/.local/lib/python3.12/site-packages/airflow/example_dags/example_xcomargs.py
[2025-02-10T03:11:56.459+0000] {processor.py:914} INFO - Processing file /home/airflow/.local/lib/python3.12/site-packages/airflow/example_dags/example_xcomargs.py for tasks to queue
[2025-02-10T03:11:56.460+0000] {logging_mixin.py:190} INFO - [2025-02-10T03:11:56.460+0000] {dagbag.py:588} INFO - Filling up the DagBag from /home/airflow/.local/lib/python3.12/site-packages/airflow/example_dags/example_xcomargs.py
[2025-02-10T03:11:56.466+0000] {processor.py:925} INFO - DAG(s) 'example_xcom_args_with_operators', 'example_xcom_args' retrieved from /home/airflow/.local/lib/python3.12/site-packages/airflow/example_dags/example_xcomargs.py
[2025-02-10T03:11:56.488+0000] {logging_mixin.py:190} INFO - [2025-02-10T03:11:56.488+0000] {dag.py:3239} INFO - Sync 2 DAGs
[2025-02-10T03:11:56.495+0000] {logging_mixin.py:190} INFO - [2025-02-10T03:11:56.495+0000] {dag.py:4180} INFO - Setting next_dagrun for example_xcom_args to None, run_after=None
[2025-02-10T03:11:56.497+0000] {logging_mixin.py:190} INFO - [2025-02-10T03:11:56.497+0000] {dag.py:4180} INFO - Setting next_dagrun for example_xcom_args_with_operators to None, run_after=None
[2025-02-10T03:11:56.510+0000] {processor.py:208} INFO - Processing /home/airflow/.local/lib/python3.12/site-packages/airflow/example_dags/example_xcomargs.py took 0.057 seconds
[2025-02-10T03:12:27.354+0000] {processor.py:186} INFO - Started process (PID=2151) to work on /home/airflow/.local/lib/python3.12/site-packages/airflow/example_dags/example_xcomargs.py
[2025-02-10T03:12:27.355+0000] {processor.py:914} INFO - Processing file /home/airflow/.local/lib/python3.12/site-packages/airflow/example_dags/example_xcomargs.py for tasks to queue
[2025-02-10T03:12:27.357+0000] {logging_mixin.py:190} INFO - [2025-02-10T03:12:27.357+0000] {dagbag.py:588} INFO - Filling up the DagBag from /home/airflow/.local/lib/python3.12/site-packages/airflow/example_dags/example_xcomargs.py
[2025-02-10T03:12:27.366+0000] {processor.py:925} INFO - DAG(s) 'example_xcom_args_with_operators', 'example_xcom_args' retrieved from /home/airflow/.local/lib/python3.12/site-packages/airflow/example_dags/example_xcomargs.py
[2025-02-10T03:12:27.381+0000] {logging_mixin.py:190} INFO - [2025-02-10T03:12:27.381+0000] {dag.py:3239} INFO - Sync 2 DAGs
[2025-02-10T03:12:27.395+0000] {logging_mixin.py:190} INFO - [2025-02-10T03:12:27.395+0000] {dag.py:4180} INFO - Setting next_dagrun for example_xcom_args to None, run_after=None
[2025-02-10T03:12:27.398+0000] {logging_mixin.py:190} INFO - [2025-02-10T03:12:27.397+0000] {dag.py:4180} INFO - Setting next_dagrun for example_xcom_args_with_operators to None, run_after=None
[2025-02-10T03:12:27.411+0000] {processor.py:208} INFO - Processing /home/airflow/.local/lib/python3.12/site-packages/airflow/example_dags/example_xcomargs.py took 0.060 seconds
[2025-02-10T03:12:58.424+0000] {processor.py:186} INFO - Started process (PID=2215) to work on /home/airflow/.local/lib/python3.12/site-packages/airflow/example_dags/example_xcomargs.py
[2025-02-10T03:12:58.425+0000] {processor.py:914} INFO - Processing file /home/airflow/.local/lib/python3.12/site-packages/airflow/example_dags/example_xcomargs.py for tasks to queue
[2025-02-10T03:12:58.426+0000] {logging_mixin.py:190} INFO - [2025-02-10T03:12:58.426+0000] {dagbag.py:588} INFO - Filling up the DagBag from /home/airflow/.local/lib/python3.12/site-packages/airflow/example_dags/example_xcomargs.py
[2025-02-10T03:12:58.431+0000] {processor.py:925} INFO - DAG(s) 'example_xcom_args', 'example_xcom_args_with_operators' retrieved from /home/airflow/.local/lib/python3.12/site-packages/airflow/example_dags/example_xcomargs.py
[2025-02-10T03:12:58.442+0000] {logging_mixin.py:190} INFO - [2025-02-10T03:12:58.442+0000] {dag.py:3239} INFO - Sync 2 DAGs
[2025-02-10T03:12:58.449+0000] {logging_mixin.py:190} INFO - [2025-02-10T03:12:58.448+0000] {dag.py:4180} INFO - Setting next_dagrun for example_xcom_args to None, run_after=None
[2025-02-10T03:12:58.450+0000] {logging_mixin.py:190} INFO - [2025-02-10T03:12:58.450+0000] {dag.py:4180} INFO - Setting next_dagrun for example_xcom_args_with_operators to None, run_after=None
[2025-02-10T03:12:58.457+0000] {processor.py:208} INFO - Processing /home/airflow/.local/lib/python3.12/site-packages/airflow/example_dags/example_xcomargs.py took 0.035 seconds
[2025-02-10T03:13:29.184+0000] {processor.py:186} INFO - Started process (PID=2278) to work on /home/airflow/.local/lib/python3.12/site-packages/airflow/example_dags/example_xcomargs.py
[2025-02-10T03:13:29.185+0000] {processor.py:914} INFO - Processing file /home/airflow/.local/lib/python3.12/site-packages/airflow/example_dags/example_xcomargs.py for tasks to queue
[2025-02-10T03:13:29.186+0000] {logging_mixin.py:190} INFO - [2025-02-10T03:13:29.185+0000] {dagbag.py:588} INFO - Filling up the DagBag from /home/airflow/.local/lib/python3.12/site-packages/airflow/example_dags/example_xcomargs.py
[2025-02-10T03:13:29.191+0000] {processor.py:925} INFO - DAG(s) 'example_xcom_args', 'example_xcom_args_with_operators' retrieved from /home/airflow/.local/lib/python3.12/site-packages/airflow/example_dags/example_xcomargs.py
[2025-02-10T03:13:29.201+0000] {logging_mixin.py:190} INFO - [2025-02-10T03:13:29.201+0000] {dag.py:3239} INFO - Sync 2 DAGs
[2025-02-10T03:13:29.207+0000] {logging_mixin.py:190} INFO - [2025-02-10T03:13:29.207+0000] {dag.py:4180} INFO - Setting next_dagrun for example_xcom_args to None, run_after=None
[2025-02-10T03:13:29.209+0000] {logging_mixin.py:190} INFO - [2025-02-10T03:13:29.209+0000] {dag.py:4180} INFO - Setting next_dagrun for example_xcom_args_with_operators to None, run_after=None
[2025-02-10T03:13:29.215+0000] {processor.py:208} INFO - Processing /home/airflow/.local/lib/python3.12/site-packages/airflow/example_dags/example_xcomargs.py took 0.033 seconds
[2025-02-10T03:14:00.234+0000] {processor.py:186} INFO - Started process (PID=2343) to work on /home/airflow/.local/lib/python3.12/site-packages/airflow/example_dags/example_xcomargs.py
[2025-02-10T03:14:00.235+0000] {processor.py:914} INFO - Processing file /home/airflow/.local/lib/python3.12/site-packages/airflow/example_dags/example_xcomargs.py for tasks to queue
[2025-02-10T03:14:00.238+0000] {logging_mixin.py:190} INFO - [2025-02-10T03:14:00.238+0000] {dagbag.py:588} INFO - Filling up the DagBag from /home/airflow/.local/lib/python3.12/site-packages/airflow/example_dags/example_xcomargs.py
[2025-02-10T03:14:00.244+0000] {processor.py:925} INFO - DAG(s) 'example_xcom_args_with_operators', 'example_xcom_args' retrieved from /home/airflow/.local/lib/python3.12/site-packages/airflow/example_dags/example_xcomargs.py
[2025-02-10T03:14:00.260+0000] {logging_mixin.py:190} INFO - [2025-02-10T03:14:00.260+0000] {dag.py:3239} INFO - Sync 2 DAGs
[2025-02-10T03:14:00.268+0000] {logging_mixin.py:190} INFO - [2025-02-10T03:14:00.268+0000] {dag.py:4180} INFO - Setting next_dagrun for example_xcom_args to None, run_after=None
[2025-02-10T03:14:00.270+0000] {logging_mixin.py:190} INFO - [2025-02-10T03:14:00.269+0000] {dag.py:4180} INFO - Setting next_dagrun for example_xcom_args_with_operators to None, run_after=None
[2025-02-10T03:14:00.277+0000] {processor.py:208} INFO - Processing /home/airflow/.local/lib/python3.12/site-packages/airflow/example_dags/example_xcomargs.py took 0.051 seconds
[2025-02-10T03:14:30.958+0000] {processor.py:186} INFO - Started process (PID=2406) to work on /home/airflow/.local/lib/python3.12/site-packages/airflow/example_dags/example_xcomargs.py
[2025-02-10T03:14:30.959+0000] {processor.py:914} INFO - Processing file /home/airflow/.local/lib/python3.12/site-packages/airflow/example_dags/example_xcomargs.py for tasks to queue
[2025-02-10T03:14:30.962+0000] {logging_mixin.py:190} INFO - [2025-02-10T03:14:30.962+0000] {dagbag.py:588} INFO - Filling up the DagBag from /home/airflow/.local/lib/python3.12/site-packages/airflow/example_dags/example_xcomargs.py
[2025-02-10T03:14:30.967+0000] {processor.py:925} INFO - DAG(s) 'example_xcom_args', 'example_xcom_args_with_operators' retrieved from /home/airflow/.local/lib/python3.12/site-packages/airflow/example_dags/example_xcomargs.py
[2025-02-10T03:14:30.982+0000] {logging_mixin.py:190} INFO - [2025-02-10T03:14:30.982+0000] {dag.py:3239} INFO - Sync 2 DAGs
[2025-02-10T03:14:30.990+0000] {logging_mixin.py:190} INFO - [2025-02-10T03:14:30.989+0000] {dag.py:4180} INFO - Setting next_dagrun for example_xcom_args to None, run_after=None
[2025-02-10T03:14:30.992+0000] {logging_mixin.py:190} INFO - [2025-02-10T03:14:30.991+0000] {dag.py:4180} INFO - Setting next_dagrun for example_xcom_args_with_operators to None, run_after=None
[2025-02-10T03:14:31.001+0000] {processor.py:208} INFO - Processing /home/airflow/.local/lib/python3.12/site-packages/airflow/example_dags/example_xcomargs.py took 0.048 seconds
[2025-02-10T03:15:01.938+0000] {processor.py:186} INFO - Started process (PID=2471) to work on /home/airflow/.local/lib/python3.12/site-packages/airflow/example_dags/example_xcomargs.py
[2025-02-10T03:15:01.939+0000] {processor.py:914} INFO - Processing file /home/airflow/.local/lib/python3.12/site-packages/airflow/example_dags/example_xcomargs.py for tasks to queue
[2025-02-10T03:15:01.940+0000] {logging_mixin.py:190} INFO - [2025-02-10T03:15:01.940+0000] {dagbag.py:588} INFO - Filling up the DagBag from /home/airflow/.local/lib/python3.12/site-packages/airflow/example_dags/example_xcomargs.py
[2025-02-10T03:15:01.946+0000] {processor.py:925} INFO - DAG(s) 'example_xcom_args_with_operators', 'example_xcom_args' retrieved from /home/airflow/.local/lib/python3.12/site-packages/airflow/example_dags/example_xcomargs.py
[2025-02-10T03:15:01.961+0000] {logging_mixin.py:190} INFO - [2025-02-10T03:15:01.961+0000] {dag.py:3239} INFO - Sync 2 DAGs
[2025-02-10T03:15:01.968+0000] {logging_mixin.py:190} INFO - [2025-02-10T03:15:01.968+0000] {dag.py:4180} INFO - Setting next_dagrun for example_xcom_args to None, run_after=None
[2025-02-10T03:15:01.971+0000] {logging_mixin.py:190} INFO - [2025-02-10T03:15:01.971+0000] {dag.py:4180} INFO - Setting next_dagrun for example_xcom_args_with_operators to None, run_after=None
[2025-02-10T03:15:01.980+0000] {processor.py:208} INFO - Processing /home/airflow/.local/lib/python3.12/site-packages/airflow/example_dags/example_xcomargs.py took 0.045 seconds
[2025-02-10T03:15:32.435+0000] {processor.py:186} INFO - Started process (PID=2533) to work on /home/airflow/.local/lib/python3.12/site-packages/airflow/example_dags/example_xcomargs.py
[2025-02-10T03:15:32.436+0000] {processor.py:914} INFO - Processing file /home/airflow/.local/lib/python3.12/site-packages/airflow/example_dags/example_xcomargs.py for tasks to queue
[2025-02-10T03:15:32.438+0000] {logging_mixin.py:190} INFO - [2025-02-10T03:15:32.438+0000] {dagbag.py:588} INFO - Filling up the DagBag from /home/airflow/.local/lib/python3.12/site-packages/airflow/example_dags/example_xcomargs.py
[2025-02-10T03:15:32.443+0000] {processor.py:925} INFO - DAG(s) 'example_xcom_args_with_operators', 'example_xcom_args' retrieved from /home/airflow/.local/lib/python3.12/site-packages/airflow/example_dags/example_xcomargs.py
[2025-02-10T03:15:32.457+0000] {logging_mixin.py:190} INFO - [2025-02-10T03:15:32.457+0000] {dag.py:3239} INFO - Sync 2 DAGs
[2025-02-10T03:15:32.463+0000] {logging_mixin.py:190} INFO - [2025-02-10T03:15:32.463+0000] {dag.py:4180} INFO - Setting next_dagrun for example_xcom_args to None, run_after=None
[2025-02-10T03:15:32.464+0000] {logging_mixin.py:190} INFO - [2025-02-10T03:15:32.464+0000] {dag.py:4180} INFO - Setting next_dagrun for example_xcom_args_with_operators to None, run_after=None
[2025-02-10T03:15:32.473+0000] {processor.py:208} INFO - Processing /home/airflow/.local/lib/python3.12/site-packages/airflow/example_dags/example_xcomargs.py took 0.042 seconds
