[2025-02-10T02:55:46.108+0000] {processor.py:186} INFO - Started process (PID=70) to work on /home/airflow/.local/lib/python3.12/site-packages/airflow/example_dags/example_dataset_alias.py
[2025-02-10T02:55:46.109+0000] {processor.py:914} INFO - Processing file /home/airflow/.local/lib/python3.12/site-packages/airflow/example_dags/example_dataset_alias.py for tasks to queue
[2025-02-10T02:55:46.111+0000] {logging_mixin.py:190} INFO - [2025-02-10T02:55:46.111+0000] {dagbag.py:588} INFO - Filling up the DagBag from /home/airflow/.local/lib/python3.12/site-packages/airflow/example_dags/example_dataset_alias.py
[2025-02-10T02:55:47.253+0000] {processor.py:925} INFO - DAG(s) 'dataset_s3_bucket_producer', 'dataset_alias_example_alias_consumer', 'dataset_alias_example_alias_producer', 'dataset_s3_bucket_consumer' retrieved from /home/airflow/.local/lib/python3.12/site-packages/airflow/example_dags/example_dataset_alias.py
[2025-02-10T02:55:47.296+0000] {logging_mixin.py:190} INFO - [2025-02-10T02:55:47.296+0000] {override.py:1911} INFO - Created Permission View: can read on DAG:dataset_s3_bucket_producer
[2025-02-10T02:55:47.305+0000] {logging_mixin.py:190} INFO - [2025-02-10T02:55:47.305+0000] {override.py:1911} INFO - Created Permission View: can edit on DAG:dataset_s3_bucket_producer
[2025-02-10T02:55:47.316+0000] {logging_mixin.py:190} INFO - [2025-02-10T02:55:47.316+0000] {override.py:1911} INFO - Created Permission View: can delete on DAG:dataset_s3_bucket_producer
[2025-02-10T02:55:47.324+0000] {logging_mixin.py:190} INFO - [2025-02-10T02:55:47.324+0000] {override.py:1911} INFO - Created Permission View: can read on DAG Run:dataset_s3_bucket_producer
[2025-02-10T02:55:47.332+0000] {logging_mixin.py:190} INFO - [2025-02-10T02:55:47.332+0000] {override.py:1911} INFO - Created Permission View: can delete on DAG Run:dataset_s3_bucket_producer
[2025-02-10T02:55:47.339+0000] {logging_mixin.py:190} INFO - [2025-02-10T02:55:47.338+0000] {override.py:1911} INFO - Created Permission View: menu access on DAG Run:dataset_s3_bucket_producer
[2025-02-10T02:55:47.344+0000] {logging_mixin.py:190} INFO - [2025-02-10T02:55:47.344+0000] {override.py:1911} INFO - Created Permission View: can create on DAG Run:dataset_s3_bucket_producer
[2025-02-10T02:55:47.351+0000] {logging_mixin.py:190} INFO - [2025-02-10T02:55:47.351+0000] {override.py:1911} INFO - Created Permission View: can read on DAG:dataset_alias_example_alias_consumer
[2025-02-10T02:55:47.354+0000] {logging_mixin.py:190} INFO - [2025-02-10T02:55:47.354+0000] {override.py:1911} INFO - Created Permission View: can edit on DAG:dataset_alias_example_alias_consumer
[2025-02-10T02:55:47.358+0000] {logging_mixin.py:190} INFO - [2025-02-10T02:55:47.358+0000] {override.py:1911} INFO - Created Permission View: can delete on DAG:dataset_alias_example_alias_consumer
[2025-02-10T02:55:47.361+0000] {logging_mixin.py:190} INFO - [2025-02-10T02:55:47.361+0000] {override.py:1911} INFO - Created Permission View: can read on DAG Run:dataset_alias_example_alias_consumer
[2025-02-10T02:55:47.365+0000] {logging_mixin.py:190} INFO - [2025-02-10T02:55:47.365+0000] {override.py:1911} INFO - Created Permission View: can delete on DAG Run:dataset_alias_example_alias_consumer
[2025-02-10T02:55:47.368+0000] {logging_mixin.py:190} INFO - [2025-02-10T02:55:47.368+0000] {override.py:1911} INFO - Created Permission View: menu access on DAG Run:dataset_alias_example_alias_consumer
[2025-02-10T02:55:47.371+0000] {logging_mixin.py:190} INFO - [2025-02-10T02:55:47.371+0000] {override.py:1911} INFO - Created Permission View: can create on DAG Run:dataset_alias_example_alias_consumer
[2025-02-10T02:55:47.378+0000] {logging_mixin.py:190} INFO - [2025-02-10T02:55:47.378+0000] {override.py:1911} INFO - Created Permission View: can read on DAG:dataset_alias_example_alias_producer
[2025-02-10T02:55:47.382+0000] {logging_mixin.py:190} INFO - [2025-02-10T02:55:47.382+0000] {override.py:1911} INFO - Created Permission View: can edit on DAG:dataset_alias_example_alias_producer
[2025-02-10T02:55:47.386+0000] {logging_mixin.py:190} INFO - [2025-02-10T02:55:47.386+0000] {override.py:1911} INFO - Created Permission View: can delete on DAG:dataset_alias_example_alias_producer
[2025-02-10T02:55:47.397+0000] {logging_mixin.py:190} INFO - [2025-02-10T02:55:47.397+0000] {override.py:1911} INFO - Created Permission View: can read on DAG Run:dataset_alias_example_alias_producer
[2025-02-10T02:55:47.407+0000] {logging_mixin.py:190} INFO - [2025-02-10T02:55:47.407+0000] {override.py:1911} INFO - Created Permission View: can delete on DAG Run:dataset_alias_example_alias_producer
[2025-02-10T02:55:47.412+0000] {logging_mixin.py:190} INFO - [2025-02-10T02:55:47.412+0000] {override.py:1911} INFO - Created Permission View: menu access on DAG Run:dataset_alias_example_alias_producer
[2025-02-10T02:55:47.416+0000] {logging_mixin.py:190} INFO - [2025-02-10T02:55:47.416+0000] {override.py:1911} INFO - Created Permission View: can create on DAG Run:dataset_alias_example_alias_producer
[2025-02-10T02:55:47.424+0000] {logging_mixin.py:190} INFO - [2025-02-10T02:55:47.424+0000] {override.py:1911} INFO - Created Permission View: can read on DAG:dataset_s3_bucket_consumer
[2025-02-10T02:55:47.427+0000] {logging_mixin.py:190} INFO - [2025-02-10T02:55:47.427+0000] {override.py:1911} INFO - Created Permission View: can edit on DAG:dataset_s3_bucket_consumer
[2025-02-10T02:55:47.430+0000] {logging_mixin.py:190} INFO - [2025-02-10T02:55:47.430+0000] {override.py:1911} INFO - Created Permission View: can delete on DAG:dataset_s3_bucket_consumer
[2025-02-10T02:55:47.433+0000] {logging_mixin.py:190} INFO - [2025-02-10T02:55:47.433+0000] {override.py:1911} INFO - Created Permission View: can read on DAG Run:dataset_s3_bucket_consumer
[2025-02-10T02:55:47.440+0000] {logging_mixin.py:190} INFO - [2025-02-10T02:55:47.440+0000] {override.py:1911} INFO - Created Permission View: can delete on DAG Run:dataset_s3_bucket_consumer
[2025-02-10T02:55:47.611+0000] {logging_mixin.py:190} INFO - [2025-02-10T02:55:47.610+0000] {override.py:1911} INFO - Created Permission View: menu access on DAG Run:dataset_s3_bucket_consumer
[2025-02-10T02:55:47.623+0000] {logging_mixin.py:190} INFO - [2025-02-10T02:55:47.622+0000] {override.py:1911} INFO - Created Permission View: can create on DAG Run:dataset_s3_bucket_consumer
[2025-02-10T02:55:47.627+0000] {logging_mixin.py:190} INFO - [2025-02-10T02:55:47.625+0000] {dag.py:3239} INFO - Sync 4 DAGs
[2025-02-10T02:55:47.665+0000] {logging_mixin.py:190} INFO - [2025-02-10T02:55:47.664+0000] {dag.py:3262} INFO - Creating ORM DAG for dataset_s3_bucket_consumer
[2025-02-10T02:55:47.666+0000] {logging_mixin.py:190} INFO - [2025-02-10T02:55:47.666+0000] {dag.py:3262} INFO - Creating ORM DAG for dataset_alias_example_alias_consumer
[2025-02-10T02:55:47.667+0000] {logging_mixin.py:190} INFO - [2025-02-10T02:55:47.667+0000] {dag.py:3262} INFO - Creating ORM DAG for dataset_alias_example_alias_producer
[2025-02-10T02:55:47.668+0000] {logging_mixin.py:190} INFO - [2025-02-10T02:55:47.668+0000] {dag.py:3262} INFO - Creating ORM DAG for dataset_s3_bucket_producer
[2025-02-10T02:55:47.682+0000] {logging_mixin.py:190} INFO - [2025-02-10T02:55:47.681+0000] {dag.py:4180} INFO - Setting next_dagrun for dataset_alias_example_alias_consumer to None, run_after=None
[2025-02-10T02:55:47.687+0000] {logging_mixin.py:190} INFO - [2025-02-10T02:55:47.686+0000] {dag.py:4180} INFO - Setting next_dagrun for dataset_alias_example_alias_producer to None, run_after=None
[2025-02-10T02:55:47.690+0000] {logging_mixin.py:190} INFO - [2025-02-10T02:55:47.690+0000] {dag.py:4180} INFO - Setting next_dagrun for dataset_s3_bucket_consumer to None, run_after=None
[2025-02-10T02:55:47.693+0000] {logging_mixin.py:190} INFO - [2025-02-10T02:55:47.693+0000] {dag.py:4180} INFO - Setting next_dagrun for dataset_s3_bucket_producer to None, run_after=None
[2025-02-10T02:55:47.769+0000] {processor.py:208} INFO - Processing /home/airflow/.local/lib/python3.12/site-packages/airflow/example_dags/example_dataset_alias.py took 1.667 seconds
[2025-02-10T02:56:18.516+0000] {processor.py:186} INFO - Started process (PID=137) to work on /home/airflow/.local/lib/python3.12/site-packages/airflow/example_dags/example_dataset_alias.py
[2025-02-10T02:56:18.527+0000] {processor.py:914} INFO - Processing file /home/airflow/.local/lib/python3.12/site-packages/airflow/example_dags/example_dataset_alias.py for tasks to queue
[2025-02-10T02:56:18.534+0000] {logging_mixin.py:190} INFO - [2025-02-10T02:56:18.534+0000] {dagbag.py:588} INFO - Filling up the DagBag from /home/airflow/.local/lib/python3.12/site-packages/airflow/example_dags/example_dataset_alias.py
[2025-02-10T02:56:19.315+0000] {processor.py:925} INFO - DAG(s) 'dataset_alias_example_alias_consumer', 'dataset_alias_example_alias_producer', 'dataset_s3_bucket_producer', 'dataset_s3_bucket_consumer' retrieved from /home/airflow/.local/lib/python3.12/site-packages/airflow/example_dags/example_dataset_alias.py
[2025-02-10T02:56:19.326+0000] {logging_mixin.py:190} INFO - [2025-02-10T02:56:19.326+0000] {dag.py:3239} INFO - Sync 4 DAGs
[2025-02-10T02:56:19.336+0000] {logging_mixin.py:190} INFO - [2025-02-10T02:56:19.336+0000] {dag.py:4180} INFO - Setting next_dagrun for dataset_alias_example_alias_consumer to None, run_after=None
[2025-02-10T02:56:19.338+0000] {logging_mixin.py:190} INFO - [2025-02-10T02:56:19.337+0000] {dag.py:4180} INFO - Setting next_dagrun for dataset_alias_example_alias_producer to None, run_after=None
[2025-02-10T02:56:19.339+0000] {logging_mixin.py:190} INFO - [2025-02-10T02:56:19.339+0000] {dag.py:4180} INFO - Setting next_dagrun for dataset_s3_bucket_consumer to None, run_after=None
[2025-02-10T02:56:19.340+0000] {logging_mixin.py:190} INFO - [2025-02-10T02:56:19.340+0000] {dag.py:4180} INFO - Setting next_dagrun for dataset_s3_bucket_producer to None, run_after=None
[2025-02-10T02:56:19.351+0000] {processor.py:208} INFO - Processing /home/airflow/.local/lib/python3.12/site-packages/airflow/example_dags/example_dataset_alias.py took 0.881 seconds
[2025-02-10T02:56:49.462+0000] {processor.py:186} INFO - Started process (PID=201) to work on /home/airflow/.local/lib/python3.12/site-packages/airflow/example_dags/example_dataset_alias.py
[2025-02-10T02:56:49.466+0000] {processor.py:914} INFO - Processing file /home/airflow/.local/lib/python3.12/site-packages/airflow/example_dags/example_dataset_alias.py for tasks to queue
[2025-02-10T02:56:49.467+0000] {logging_mixin.py:190} INFO - [2025-02-10T02:56:49.467+0000] {dagbag.py:588} INFO - Filling up the DagBag from /home/airflow/.local/lib/python3.12/site-packages/airflow/example_dags/example_dataset_alias.py
[2025-02-10T02:56:50.334+0000] {processor.py:925} INFO - DAG(s) 'dataset_s3_bucket_consumer', 'dataset_alias_example_alias_consumer', 'dataset_alias_example_alias_producer', 'dataset_s3_bucket_producer' retrieved from /home/airflow/.local/lib/python3.12/site-packages/airflow/example_dags/example_dataset_alias.py
[2025-02-10T02:56:50.352+0000] {logging_mixin.py:190} INFO - [2025-02-10T02:56:50.350+0000] {dag.py:3239} INFO - Sync 4 DAGs
[2025-02-10T02:56:50.363+0000] {logging_mixin.py:190} INFO - [2025-02-10T02:56:50.363+0000] {dag.py:4180} INFO - Setting next_dagrun for dataset_alias_example_alias_consumer to None, run_after=None
[2025-02-10T02:56:50.366+0000] {logging_mixin.py:190} INFO - [2025-02-10T02:56:50.366+0000] {dag.py:4180} INFO - Setting next_dagrun for dataset_alias_example_alias_producer to None, run_after=None
[2025-02-10T02:56:50.366+0000] {logging_mixin.py:190} INFO - [2025-02-10T02:56:50.366+0000] {dag.py:4180} INFO - Setting next_dagrun for dataset_s3_bucket_consumer to None, run_after=None
[2025-02-10T02:56:50.367+0000] {logging_mixin.py:190} INFO - [2025-02-10T02:56:50.367+0000] {dag.py:4180} INFO - Setting next_dagrun for dataset_s3_bucket_producer to None, run_after=None
[2025-02-10T02:56:50.381+0000] {processor.py:208} INFO - Processing /home/airflow/.local/lib/python3.12/site-packages/airflow/example_dags/example_dataset_alias.py took 0.922 seconds
[2025-02-10T02:57:20.448+0000] {processor.py:186} INFO - Started process (PID=272) to work on /home/airflow/.local/lib/python3.12/site-packages/airflow/example_dags/example_dataset_alias.py
[2025-02-10T02:57:20.450+0000] {processor.py:914} INFO - Processing file /home/airflow/.local/lib/python3.12/site-packages/airflow/example_dags/example_dataset_alias.py for tasks to queue
[2025-02-10T02:57:20.454+0000] {logging_mixin.py:190} INFO - [2025-02-10T02:57:20.454+0000] {dagbag.py:588} INFO - Filling up the DagBag from /home/airflow/.local/lib/python3.12/site-packages/airflow/example_dags/example_dataset_alias.py
[2025-02-10T02:57:20.898+0000] {processor.py:925} INFO - DAG(s) 'dataset_alias_example_alias_producer', 'dataset_s3_bucket_consumer', 'dataset_alias_example_alias_consumer', 'dataset_s3_bucket_producer' retrieved from /home/airflow/.local/lib/python3.12/site-packages/airflow/example_dags/example_dataset_alias.py
[2025-02-10T02:57:20.906+0000] {logging_mixin.py:190} INFO - [2025-02-10T02:57:20.906+0000] {dag.py:3239} INFO - Sync 4 DAGs
[2025-02-10T02:57:20.921+0000] {logging_mixin.py:190} INFO - [2025-02-10T02:57:20.921+0000] {dag.py:4180} INFO - Setting next_dagrun for dataset_alias_example_alias_consumer to None, run_after=None
[2025-02-10T02:57:20.923+0000] {logging_mixin.py:190} INFO - [2025-02-10T02:57:20.923+0000] {dag.py:4180} INFO - Setting next_dagrun for dataset_alias_example_alias_producer to None, run_after=None
[2025-02-10T02:57:20.924+0000] {logging_mixin.py:190} INFO - [2025-02-10T02:57:20.924+0000] {dag.py:4180} INFO - Setting next_dagrun for dataset_s3_bucket_consumer to None, run_after=None
[2025-02-10T02:57:20.924+0000] {logging_mixin.py:190} INFO - [2025-02-10T02:57:20.924+0000] {dag.py:4180} INFO - Setting next_dagrun for dataset_s3_bucket_producer to None, run_after=None
[2025-02-10T02:57:20.935+0000] {processor.py:208} INFO - Processing /home/airflow/.local/lib/python3.12/site-packages/airflow/example_dags/example_dataset_alias.py took 0.491 seconds
[2025-02-10T02:57:51.203+0000] {processor.py:186} INFO - Started process (PID=328) to work on /home/airflow/.local/lib/python3.12/site-packages/airflow/example_dags/example_dataset_alias.py
[2025-02-10T02:57:51.206+0000] {processor.py:914} INFO - Processing file /home/airflow/.local/lib/python3.12/site-packages/airflow/example_dags/example_dataset_alias.py for tasks to queue
[2025-02-10T02:57:51.207+0000] {logging_mixin.py:190} INFO - [2025-02-10T02:57:51.207+0000] {dagbag.py:588} INFO - Filling up the DagBag from /home/airflow/.local/lib/python3.12/site-packages/airflow/example_dags/example_dataset_alias.py
[2025-02-10T02:57:51.674+0000] {processor.py:925} INFO - DAG(s) 'dataset_s3_bucket_consumer', 'dataset_alias_example_alias_consumer', 'dataset_s3_bucket_producer', 'dataset_alias_example_alias_producer' retrieved from /home/airflow/.local/lib/python3.12/site-packages/airflow/example_dags/example_dataset_alias.py
[2025-02-10T02:57:51.687+0000] {logging_mixin.py:190} INFO - [2025-02-10T02:57:51.687+0000] {dag.py:3239} INFO - Sync 4 DAGs
[2025-02-10T02:57:51.702+0000] {logging_mixin.py:190} INFO - [2025-02-10T02:57:51.702+0000] {dag.py:4180} INFO - Setting next_dagrun for dataset_alias_example_alias_consumer to None, run_after=None
[2025-02-10T02:57:51.703+0000] {logging_mixin.py:190} INFO - [2025-02-10T02:57:51.703+0000] {dag.py:4180} INFO - Setting next_dagrun for dataset_alias_example_alias_producer to None, run_after=None
[2025-02-10T02:57:51.705+0000] {logging_mixin.py:190} INFO - [2025-02-10T02:57:51.705+0000] {dag.py:4180} INFO - Setting next_dagrun for dataset_s3_bucket_consumer to None, run_after=None
[2025-02-10T02:57:51.706+0000] {logging_mixin.py:190} INFO - [2025-02-10T02:57:51.706+0000] {dag.py:4180} INFO - Setting next_dagrun for dataset_s3_bucket_producer to None, run_after=None
[2025-02-10T02:57:51.724+0000] {processor.py:208} INFO - Processing /home/airflow/.local/lib/python3.12/site-packages/airflow/example_dags/example_dataset_alias.py took 0.525 seconds
[2025-02-10T02:58:22.083+0000] {processor.py:186} INFO - Started process (PID=391) to work on /home/airflow/.local/lib/python3.12/site-packages/airflow/example_dags/example_dataset_alias.py
[2025-02-10T02:58:22.083+0000] {processor.py:914} INFO - Processing file /home/airflow/.local/lib/python3.12/site-packages/airflow/example_dags/example_dataset_alias.py for tasks to queue
[2025-02-10T02:58:22.084+0000] {logging_mixin.py:190} INFO - [2025-02-10T02:58:22.084+0000] {dagbag.py:588} INFO - Filling up the DagBag from /home/airflow/.local/lib/python3.12/site-packages/airflow/example_dags/example_dataset_alias.py
[2025-02-10T02:58:22.333+0000] {processor.py:925} INFO - DAG(s) 'dataset_alias_example_alias_producer', 'dataset_alias_example_alias_consumer', 'dataset_s3_bucket_producer', 'dataset_s3_bucket_consumer' retrieved from /home/airflow/.local/lib/python3.12/site-packages/airflow/example_dags/example_dataset_alias.py
[2025-02-10T02:58:22.340+0000] {logging_mixin.py:190} INFO - [2025-02-10T02:58:22.340+0000] {dag.py:3239} INFO - Sync 4 DAGs
[2025-02-10T02:58:22.348+0000] {logging_mixin.py:190} INFO - [2025-02-10T02:58:22.348+0000] {dag.py:4180} INFO - Setting next_dagrun for dataset_alias_example_alias_consumer to None, run_after=None
[2025-02-10T02:58:22.349+0000] {logging_mixin.py:190} INFO - [2025-02-10T02:58:22.349+0000] {dag.py:4180} INFO - Setting next_dagrun for dataset_alias_example_alias_producer to None, run_after=None
[2025-02-10T02:58:22.349+0000] {logging_mixin.py:190} INFO - [2025-02-10T02:58:22.349+0000] {dag.py:4180} INFO - Setting next_dagrun for dataset_s3_bucket_consumer to None, run_after=None
[2025-02-10T02:58:22.350+0000] {logging_mixin.py:190} INFO - [2025-02-10T02:58:22.349+0000] {dag.py:4180} INFO - Setting next_dagrun for dataset_s3_bucket_producer to None, run_after=None
[2025-02-10T02:58:22.356+0000] {processor.py:208} INFO - Processing /home/airflow/.local/lib/python3.12/site-packages/airflow/example_dags/example_dataset_alias.py took 0.276 seconds
[2025-02-10T02:58:53.033+0000] {processor.py:186} INFO - Started process (PID=455) to work on /home/airflow/.local/lib/python3.12/site-packages/airflow/example_dags/example_dataset_alias.py
[2025-02-10T02:58:53.034+0000] {processor.py:914} INFO - Processing file /home/airflow/.local/lib/python3.12/site-packages/airflow/example_dags/example_dataset_alias.py for tasks to queue
[2025-02-10T02:58:53.035+0000] {logging_mixin.py:190} INFO - [2025-02-10T02:58:53.035+0000] {dagbag.py:588} INFO - Filling up the DagBag from /home/airflow/.local/lib/python3.12/site-packages/airflow/example_dags/example_dataset_alias.py
[2025-02-10T02:58:53.365+0000] {processor.py:925} INFO - DAG(s) 'dataset_s3_bucket_producer', 'dataset_alias_example_alias_producer', 'dataset_s3_bucket_consumer', 'dataset_alias_example_alias_consumer' retrieved from /home/airflow/.local/lib/python3.12/site-packages/airflow/example_dags/example_dataset_alias.py
[2025-02-10T02:58:53.375+0000] {logging_mixin.py:190} INFO - [2025-02-10T02:58:53.375+0000] {dag.py:3239} INFO - Sync 4 DAGs
[2025-02-10T02:58:53.390+0000] {logging_mixin.py:190} INFO - [2025-02-10T02:58:53.390+0000] {dag.py:4180} INFO - Setting next_dagrun for dataset_alias_example_alias_consumer to None, run_after=None
[2025-02-10T02:58:53.391+0000] {logging_mixin.py:190} INFO - [2025-02-10T02:58:53.391+0000] {dag.py:4180} INFO - Setting next_dagrun for dataset_alias_example_alias_producer to None, run_after=None
[2025-02-10T02:58:53.392+0000] {logging_mixin.py:190} INFO - [2025-02-10T02:58:53.392+0000] {dag.py:4180} INFO - Setting next_dagrun for dataset_s3_bucket_consumer to None, run_after=None
[2025-02-10T02:58:53.393+0000] {logging_mixin.py:190} INFO - [2025-02-10T02:58:53.393+0000] {dag.py:4180} INFO - Setting next_dagrun for dataset_s3_bucket_producer to None, run_after=None
[2025-02-10T02:58:53.406+0000] {processor.py:208} INFO - Processing /home/airflow/.local/lib/python3.12/site-packages/airflow/example_dags/example_dataset_alias.py took 0.376 seconds
[2025-02-10T02:59:24.362+0000] {processor.py:186} INFO - Started process (PID=523) to work on /home/airflow/.local/lib/python3.12/site-packages/airflow/example_dags/example_dataset_alias.py
[2025-02-10T02:59:24.363+0000] {processor.py:914} INFO - Processing file /home/airflow/.local/lib/python3.12/site-packages/airflow/example_dags/example_dataset_alias.py for tasks to queue
[2025-02-10T02:59:24.366+0000] {logging_mixin.py:190} INFO - [2025-02-10T02:59:24.366+0000] {dagbag.py:588} INFO - Filling up the DagBag from /home/airflow/.local/lib/python3.12/site-packages/airflow/example_dags/example_dataset_alias.py
[2025-02-10T02:59:25.077+0000] {processor.py:925} INFO - DAG(s) 'dataset_s3_bucket_producer', 'dataset_alias_example_alias_consumer', 'dataset_s3_bucket_consumer', 'dataset_alias_example_alias_producer' retrieved from /home/airflow/.local/lib/python3.12/site-packages/airflow/example_dags/example_dataset_alias.py
[2025-02-10T02:59:25.089+0000] {logging_mixin.py:190} INFO - [2025-02-10T02:59:25.089+0000] {dag.py:3239} INFO - Sync 4 DAGs
[2025-02-10T02:59:25.101+0000] {logging_mixin.py:190} INFO - [2025-02-10T02:59:25.101+0000] {dag.py:4180} INFO - Setting next_dagrun for dataset_alias_example_alias_consumer to None, run_after=None
[2025-02-10T02:59:25.103+0000] {logging_mixin.py:190} INFO - [2025-02-10T02:59:25.103+0000] {dag.py:4180} INFO - Setting next_dagrun for dataset_alias_example_alias_producer to None, run_after=None
[2025-02-10T02:59:25.103+0000] {logging_mixin.py:190} INFO - [2025-02-10T02:59:25.103+0000] {dag.py:4180} INFO - Setting next_dagrun for dataset_s3_bucket_consumer to None, run_after=None
[2025-02-10T02:59:25.104+0000] {logging_mixin.py:190} INFO - [2025-02-10T02:59:25.104+0000] {dag.py:4180} INFO - Setting next_dagrun for dataset_s3_bucket_producer to None, run_after=None
[2025-02-10T02:59:25.114+0000] {processor.py:208} INFO - Processing /home/airflow/.local/lib/python3.12/site-packages/airflow/example_dags/example_dataset_alias.py took 0.757 seconds
[2025-02-10T02:59:55.864+0000] {processor.py:186} INFO - Started process (PID=590) to work on /home/airflow/.local/lib/python3.12/site-packages/airflow/example_dags/example_dataset_alias.py
[2025-02-10T02:59:55.866+0000] {processor.py:914} INFO - Processing file /home/airflow/.local/lib/python3.12/site-packages/airflow/example_dags/example_dataset_alias.py for tasks to queue
[2025-02-10T02:59:55.870+0000] {logging_mixin.py:190} INFO - [2025-02-10T02:59:55.870+0000] {dagbag.py:588} INFO - Filling up the DagBag from /home/airflow/.local/lib/python3.12/site-packages/airflow/example_dags/example_dataset_alias.py
[2025-02-10T02:59:56.601+0000] {processor.py:925} INFO - DAG(s) 'dataset_alias_example_alias_producer', 'dataset_s3_bucket_consumer', 'dataset_s3_bucket_producer', 'dataset_alias_example_alias_consumer' retrieved from /home/airflow/.local/lib/python3.12/site-packages/airflow/example_dags/example_dataset_alias.py
[2025-02-10T02:59:56.624+0000] {logging_mixin.py:190} INFO - [2025-02-10T02:59:56.623+0000] {dag.py:3239} INFO - Sync 4 DAGs
[2025-02-10T02:59:56.644+0000] {logging_mixin.py:190} INFO - [2025-02-10T02:59:56.643+0000] {dag.py:4180} INFO - Setting next_dagrun for dataset_alias_example_alias_consumer to None, run_after=None
[2025-02-10T02:59:56.645+0000] {logging_mixin.py:190} INFO - [2025-02-10T02:59:56.645+0000] {dag.py:4180} INFO - Setting next_dagrun for dataset_alias_example_alias_producer to None, run_after=None
[2025-02-10T02:59:56.645+0000] {logging_mixin.py:190} INFO - [2025-02-10T02:59:56.645+0000] {dag.py:4180} INFO - Setting next_dagrun for dataset_s3_bucket_consumer to None, run_after=None
[2025-02-10T02:59:56.646+0000] {logging_mixin.py:190} INFO - [2025-02-10T02:59:56.646+0000] {dag.py:4180} INFO - Setting next_dagrun for dataset_s3_bucket_producer to None, run_after=None
[2025-02-10T02:59:56.663+0000] {processor.py:208} INFO - Processing /home/airflow/.local/lib/python3.12/site-packages/airflow/example_dags/example_dataset_alias.py took 0.807 seconds
[2025-02-10T03:00:27.649+0000] {processor.py:186} INFO - Started process (PID=654) to work on /home/airflow/.local/lib/python3.12/site-packages/airflow/example_dags/example_dataset_alias.py
[2025-02-10T03:00:27.649+0000] {processor.py:914} INFO - Processing file /home/airflow/.local/lib/python3.12/site-packages/airflow/example_dags/example_dataset_alias.py for tasks to queue
[2025-02-10T03:00:27.650+0000] {logging_mixin.py:190} INFO - [2025-02-10T03:00:27.650+0000] {dagbag.py:588} INFO - Filling up the DagBag from /home/airflow/.local/lib/python3.12/site-packages/airflow/example_dags/example_dataset_alias.py
[2025-02-10T03:00:28.080+0000] {processor.py:925} INFO - DAG(s) 'dataset_s3_bucket_producer', 'dataset_s3_bucket_consumer', 'dataset_alias_example_alias_producer', 'dataset_alias_example_alias_consumer' retrieved from /home/airflow/.local/lib/python3.12/site-packages/airflow/example_dags/example_dataset_alias.py
[2025-02-10T03:00:28.087+0000] {logging_mixin.py:190} INFO - [2025-02-10T03:00:28.087+0000] {dag.py:3239} INFO - Sync 4 DAGs
[2025-02-10T03:00:28.096+0000] {logging_mixin.py:190} INFO - [2025-02-10T03:00:28.096+0000] {dag.py:4180} INFO - Setting next_dagrun for dataset_alias_example_alias_consumer to None, run_after=None
[2025-02-10T03:00:28.097+0000] {logging_mixin.py:190} INFO - [2025-02-10T03:00:28.097+0000] {dag.py:4180} INFO - Setting next_dagrun for dataset_alias_example_alias_producer to None, run_after=None
[2025-02-10T03:00:28.097+0000] {logging_mixin.py:190} INFO - [2025-02-10T03:00:28.097+0000] {dag.py:4180} INFO - Setting next_dagrun for dataset_s3_bucket_consumer to None, run_after=None
[2025-02-10T03:00:28.098+0000] {logging_mixin.py:190} INFO - [2025-02-10T03:00:28.098+0000] {dag.py:4180} INFO - Setting next_dagrun for dataset_s3_bucket_producer to None, run_after=None
[2025-02-10T03:00:28.105+0000] {processor.py:208} INFO - Processing /home/airflow/.local/lib/python3.12/site-packages/airflow/example_dags/example_dataset_alias.py took 0.459 seconds
[2025-02-10T03:00:58.796+0000] {processor.py:186} INFO - Started process (PID=713) to work on /home/airflow/.local/lib/python3.12/site-packages/airflow/example_dags/example_dataset_alias.py
[2025-02-10T03:00:58.798+0000] {processor.py:914} INFO - Processing file /home/airflow/.local/lib/python3.12/site-packages/airflow/example_dags/example_dataset_alias.py for tasks to queue
[2025-02-10T03:00:58.800+0000] {logging_mixin.py:190} INFO - [2025-02-10T03:00:58.800+0000] {dagbag.py:588} INFO - Filling up the DagBag from /home/airflow/.local/lib/python3.12/site-packages/airflow/example_dags/example_dataset_alias.py
[2025-02-10T03:00:59.593+0000] {processor.py:925} INFO - DAG(s) 'dataset_s3_bucket_consumer', 'dataset_alias_example_alias_consumer', 'dataset_s3_bucket_producer', 'dataset_alias_example_alias_producer' retrieved from /home/airflow/.local/lib/python3.12/site-packages/airflow/example_dags/example_dataset_alias.py
[2025-02-10T03:00:59.606+0000] {logging_mixin.py:190} INFO - [2025-02-10T03:00:59.605+0000] {dag.py:3239} INFO - Sync 4 DAGs
[2025-02-10T03:00:59.627+0000] {logging_mixin.py:190} INFO - [2025-02-10T03:00:59.626+0000] {dag.py:4180} INFO - Setting next_dagrun for dataset_alias_example_alias_consumer to None, run_after=None
[2025-02-10T03:00:59.628+0000] {logging_mixin.py:190} INFO - [2025-02-10T03:00:59.628+0000] {dag.py:4180} INFO - Setting next_dagrun for dataset_alias_example_alias_producer to None, run_after=None
[2025-02-10T03:00:59.629+0000] {logging_mixin.py:190} INFO - [2025-02-10T03:00:59.628+0000] {dag.py:4180} INFO - Setting next_dagrun for dataset_s3_bucket_consumer to None, run_after=None
[2025-02-10T03:00:59.630+0000] {logging_mixin.py:190} INFO - [2025-02-10T03:00:59.630+0000] {dag.py:4180} INFO - Setting next_dagrun for dataset_s3_bucket_producer to None, run_after=None
[2025-02-10T03:00:59.642+0000] {processor.py:208} INFO - Processing /home/airflow/.local/lib/python3.12/site-packages/airflow/example_dags/example_dataset_alias.py took 0.851 seconds
[2025-02-10T03:01:30.026+0000] {processor.py:186} INFO - Started process (PID=773) to work on /home/airflow/.local/lib/python3.12/site-packages/airflow/example_dags/example_dataset_alias.py
[2025-02-10T03:01:30.028+0000] {processor.py:914} INFO - Processing file /home/airflow/.local/lib/python3.12/site-packages/airflow/example_dags/example_dataset_alias.py for tasks to queue
[2025-02-10T03:01:30.030+0000] {logging_mixin.py:190} INFO - [2025-02-10T03:01:30.030+0000] {dagbag.py:588} INFO - Filling up the DagBag from /home/airflow/.local/lib/python3.12/site-packages/airflow/example_dags/example_dataset_alias.py
[2025-02-10T03:01:30.576+0000] {processor.py:925} INFO - DAG(s) 'dataset_s3_bucket_producer', 'dataset_alias_example_alias_consumer', 'dataset_alias_example_alias_producer', 'dataset_s3_bucket_consumer' retrieved from /home/airflow/.local/lib/python3.12/site-packages/airflow/example_dags/example_dataset_alias.py
[2025-02-10T03:01:30.590+0000] {logging_mixin.py:190} INFO - [2025-02-10T03:01:30.590+0000] {dag.py:3239} INFO - Sync 4 DAGs
[2025-02-10T03:01:30.602+0000] {logging_mixin.py:190} INFO - [2025-02-10T03:01:30.602+0000] {dag.py:4180} INFO - Setting next_dagrun for dataset_alias_example_alias_consumer to None, run_after=None
[2025-02-10T03:01:30.604+0000] {logging_mixin.py:190} INFO - [2025-02-10T03:01:30.604+0000] {dag.py:4180} INFO - Setting next_dagrun for dataset_alias_example_alias_producer to None, run_after=None
[2025-02-10T03:01:30.605+0000] {logging_mixin.py:190} INFO - [2025-02-10T03:01:30.605+0000] {dag.py:4180} INFO - Setting next_dagrun for dataset_s3_bucket_consumer to None, run_after=None
[2025-02-10T03:01:30.606+0000] {logging_mixin.py:190} INFO - [2025-02-10T03:01:30.606+0000] {dag.py:4180} INFO - Setting next_dagrun for dataset_s3_bucket_producer to None, run_after=None
[2025-02-10T03:01:30.621+0000] {processor.py:208} INFO - Processing /home/airflow/.local/lib/python3.12/site-packages/airflow/example_dags/example_dataset_alias.py took 0.606 seconds
[2025-02-10T03:02:01.645+0000] {processor.py:186} INFO - Started process (PID=837) to work on /home/airflow/.local/lib/python3.12/site-packages/airflow/example_dags/example_dataset_alias.py
[2025-02-10T03:02:01.646+0000] {processor.py:914} INFO - Processing file /home/airflow/.local/lib/python3.12/site-packages/airflow/example_dags/example_dataset_alias.py for tasks to queue
[2025-02-10T03:02:01.649+0000] {logging_mixin.py:190} INFO - [2025-02-10T03:02:01.649+0000] {dagbag.py:588} INFO - Filling up the DagBag from /home/airflow/.local/lib/python3.12/site-packages/airflow/example_dags/example_dataset_alias.py
[2025-02-10T03:02:01.995+0000] {processor.py:925} INFO - DAG(s) 'dataset_s3_bucket_consumer', 'dataset_alias_example_alias_consumer', 'dataset_alias_example_alias_producer', 'dataset_s3_bucket_producer' retrieved from /home/airflow/.local/lib/python3.12/site-packages/airflow/example_dags/example_dataset_alias.py
[2025-02-10T03:02:02.006+0000] {logging_mixin.py:190} INFO - [2025-02-10T03:02:02.006+0000] {dag.py:3239} INFO - Sync 4 DAGs
[2025-02-10T03:02:02.016+0000] {logging_mixin.py:190} INFO - [2025-02-10T03:02:02.015+0000] {dag.py:4180} INFO - Setting next_dagrun for dataset_alias_example_alias_consumer to None, run_after=None
[2025-02-10T03:02:02.017+0000] {logging_mixin.py:190} INFO - [2025-02-10T03:02:02.016+0000] {dag.py:4180} INFO - Setting next_dagrun for dataset_alias_example_alias_producer to None, run_after=None
[2025-02-10T03:02:02.017+0000] {logging_mixin.py:190} INFO - [2025-02-10T03:02:02.017+0000] {dag.py:4180} INFO - Setting next_dagrun for dataset_s3_bucket_consumer to None, run_after=None
[2025-02-10T03:02:02.018+0000] {logging_mixin.py:190} INFO - [2025-02-10T03:02:02.017+0000] {dag.py:4180} INFO - Setting next_dagrun for dataset_s3_bucket_producer to None, run_after=None
[2025-02-10T03:02:02.025+0000] {processor.py:208} INFO - Processing /home/airflow/.local/lib/python3.12/site-packages/airflow/example_dags/example_dataset_alias.py took 0.383 seconds
[2025-02-10T03:02:33.105+0000] {processor.py:186} INFO - Started process (PID=901) to work on /home/airflow/.local/lib/python3.12/site-packages/airflow/example_dags/example_dataset_alias.py
[2025-02-10T03:02:33.106+0000] {processor.py:914} INFO - Processing file /home/airflow/.local/lib/python3.12/site-packages/airflow/example_dags/example_dataset_alias.py for tasks to queue
[2025-02-10T03:02:33.108+0000] {logging_mixin.py:190} INFO - [2025-02-10T03:02:33.107+0000] {dagbag.py:588} INFO - Filling up the DagBag from /home/airflow/.local/lib/python3.12/site-packages/airflow/example_dags/example_dataset_alias.py
[2025-02-10T03:02:33.425+0000] {processor.py:925} INFO - DAG(s) 'dataset_s3_bucket_consumer', 'dataset_alias_example_alias_consumer', 'dataset_s3_bucket_producer', 'dataset_alias_example_alias_producer' retrieved from /home/airflow/.local/lib/python3.12/site-packages/airflow/example_dags/example_dataset_alias.py
[2025-02-10T03:02:33.437+0000] {logging_mixin.py:190} INFO - [2025-02-10T03:02:33.437+0000] {dag.py:3239} INFO - Sync 4 DAGs
[2025-02-10T03:02:33.447+0000] {logging_mixin.py:190} INFO - [2025-02-10T03:02:33.447+0000] {dag.py:4180} INFO - Setting next_dagrun for dataset_alias_example_alias_consumer to None, run_after=None
[2025-02-10T03:02:33.449+0000] {logging_mixin.py:190} INFO - [2025-02-10T03:02:33.449+0000] {dag.py:4180} INFO - Setting next_dagrun for dataset_alias_example_alias_producer to None, run_after=None
[2025-02-10T03:02:33.451+0000] {logging_mixin.py:190} INFO - [2025-02-10T03:02:33.451+0000] {dag.py:4180} INFO - Setting next_dagrun for dataset_s3_bucket_consumer to None, run_after=None
[2025-02-10T03:02:33.451+0000] {logging_mixin.py:190} INFO - [2025-02-10T03:02:33.451+0000] {dag.py:4180} INFO - Setting next_dagrun for dataset_s3_bucket_producer to None, run_after=None
[2025-02-10T03:02:33.461+0000] {processor.py:208} INFO - Processing /home/airflow/.local/lib/python3.12/site-packages/airflow/example_dags/example_dataset_alias.py took 0.358 seconds
[2025-02-10T03:03:04.535+0000] {processor.py:186} INFO - Started process (PID=965) to work on /home/airflow/.local/lib/python3.12/site-packages/airflow/example_dags/example_dataset_alias.py
[2025-02-10T03:03:04.538+0000] {processor.py:914} INFO - Processing file /home/airflow/.local/lib/python3.12/site-packages/airflow/example_dags/example_dataset_alias.py for tasks to queue
[2025-02-10T03:03:04.548+0000] {logging_mixin.py:190} INFO - [2025-02-10T03:03:04.547+0000] {dagbag.py:588} INFO - Filling up the DagBag from /home/airflow/.local/lib/python3.12/site-packages/airflow/example_dags/example_dataset_alias.py
[2025-02-10T03:03:04.880+0000] {processor.py:925} INFO - DAG(s) 'dataset_s3_bucket_producer', 'dataset_s3_bucket_consumer', 'dataset_alias_example_alias_producer', 'dataset_alias_example_alias_consumer' retrieved from /home/airflow/.local/lib/python3.12/site-packages/airflow/example_dags/example_dataset_alias.py
[2025-02-10T03:03:04.889+0000] {logging_mixin.py:190} INFO - [2025-02-10T03:03:04.889+0000] {dag.py:3239} INFO - Sync 4 DAGs
[2025-02-10T03:03:04.902+0000] {logging_mixin.py:190} INFO - [2025-02-10T03:03:04.902+0000] {dag.py:4180} INFO - Setting next_dagrun for dataset_alias_example_alias_consumer to None, run_after=None
[2025-02-10T03:03:04.904+0000] {logging_mixin.py:190} INFO - [2025-02-10T03:03:04.904+0000] {dag.py:4180} INFO - Setting next_dagrun for dataset_alias_example_alias_producer to None, run_after=None
[2025-02-10T03:03:04.910+0000] {logging_mixin.py:190} INFO - [2025-02-10T03:03:04.910+0000] {dag.py:4180} INFO - Setting next_dagrun for dataset_s3_bucket_consumer to None, run_after=None
[2025-02-10T03:03:04.910+0000] {logging_mixin.py:190} INFO - [2025-02-10T03:03:04.910+0000] {dag.py:4180} INFO - Setting next_dagrun for dataset_s3_bucket_producer to None, run_after=None
[2025-02-10T03:03:04.928+0000] {processor.py:208} INFO - Processing /home/airflow/.local/lib/python3.12/site-packages/airflow/example_dags/example_dataset_alias.py took 0.400 seconds
[2025-02-10T03:03:36.006+0000] {processor.py:186} INFO - Started process (PID=1029) to work on /home/airflow/.local/lib/python3.12/site-packages/airflow/example_dags/example_dataset_alias.py
[2025-02-10T03:03:36.009+0000] {processor.py:914} INFO - Processing file /home/airflow/.local/lib/python3.12/site-packages/airflow/example_dags/example_dataset_alias.py for tasks to queue
[2025-02-10T03:03:36.011+0000] {logging_mixin.py:190} INFO - [2025-02-10T03:03:36.011+0000] {dagbag.py:588} INFO - Filling up the DagBag from /home/airflow/.local/lib/python3.12/site-packages/airflow/example_dags/example_dataset_alias.py
[2025-02-10T03:03:36.690+0000] {processor.py:925} INFO - DAG(s) 'dataset_s3_bucket_producer', 'dataset_alias_example_alias_consumer', 'dataset_s3_bucket_consumer', 'dataset_alias_example_alias_producer' retrieved from /home/airflow/.local/lib/python3.12/site-packages/airflow/example_dags/example_dataset_alias.py
[2025-02-10T03:03:36.711+0000] {logging_mixin.py:190} INFO - [2025-02-10T03:03:36.711+0000] {dag.py:3239} INFO - Sync 4 DAGs
[2025-02-10T03:03:36.753+0000] {logging_mixin.py:190} INFO - [2025-02-10T03:03:36.753+0000] {dag.py:4180} INFO - Setting next_dagrun for dataset_alias_example_alias_consumer to None, run_after=None
[2025-02-10T03:03:36.755+0000] {logging_mixin.py:190} INFO - [2025-02-10T03:03:36.755+0000] {dag.py:4180} INFO - Setting next_dagrun for dataset_alias_example_alias_producer to None, run_after=None
[2025-02-10T03:03:36.756+0000] {logging_mixin.py:190} INFO - [2025-02-10T03:03:36.756+0000] {dag.py:4180} INFO - Setting next_dagrun for dataset_s3_bucket_consumer to None, run_after=None
[2025-02-10T03:03:36.757+0000] {logging_mixin.py:190} INFO - [2025-02-10T03:03:36.757+0000] {dag.py:4180} INFO - Setting next_dagrun for dataset_s3_bucket_producer to None, run_after=None
[2025-02-10T03:03:36.767+0000] {processor.py:208} INFO - Processing /home/airflow/.local/lib/python3.12/site-packages/airflow/example_dags/example_dataset_alias.py took 0.766 seconds
[2025-02-10T03:04:08.121+0000] {processor.py:186} INFO - Started process (PID=1097) to work on /home/airflow/.local/lib/python3.12/site-packages/airflow/example_dags/example_dataset_alias.py
[2025-02-10T03:04:08.122+0000] {processor.py:914} INFO - Processing file /home/airflow/.local/lib/python3.12/site-packages/airflow/example_dags/example_dataset_alias.py for tasks to queue
[2025-02-10T03:04:08.123+0000] {logging_mixin.py:190} INFO - [2025-02-10T03:04:08.123+0000] {dagbag.py:588} INFO - Filling up the DagBag from /home/airflow/.local/lib/python3.12/site-packages/airflow/example_dags/example_dataset_alias.py
[2025-02-10T03:04:08.652+0000] {processor.py:925} INFO - DAG(s) 'dataset_s3_bucket_consumer', 'dataset_alias_example_alias_consumer', 'dataset_s3_bucket_producer', 'dataset_alias_example_alias_producer' retrieved from /home/airflow/.local/lib/python3.12/site-packages/airflow/example_dags/example_dataset_alias.py
[2025-02-10T03:04:08.682+0000] {logging_mixin.py:190} INFO - [2025-02-10T03:04:08.681+0000] {dag.py:3239} INFO - Sync 4 DAGs
[2025-02-10T03:04:08.700+0000] {logging_mixin.py:190} INFO - [2025-02-10T03:04:08.700+0000] {dag.py:4180} INFO - Setting next_dagrun for dataset_alias_example_alias_consumer to None, run_after=None
[2025-02-10T03:04:08.702+0000] {logging_mixin.py:190} INFO - [2025-02-10T03:04:08.701+0000] {dag.py:4180} INFO - Setting next_dagrun for dataset_alias_example_alias_producer to None, run_after=None
[2025-02-10T03:04:08.702+0000] {logging_mixin.py:190} INFO - [2025-02-10T03:04:08.702+0000] {dag.py:4180} INFO - Setting next_dagrun for dataset_s3_bucket_consumer to None, run_after=None
[2025-02-10T03:04:08.703+0000] {logging_mixin.py:190} INFO - [2025-02-10T03:04:08.703+0000] {dag.py:4180} INFO - Setting next_dagrun for dataset_s3_bucket_producer to None, run_after=None
[2025-02-10T03:04:08.719+0000] {processor.py:208} INFO - Processing /home/airflow/.local/lib/python3.12/site-packages/airflow/example_dags/example_dataset_alias.py took 0.601 seconds
[2025-02-10T03:04:39.070+0000] {processor.py:186} INFO - Started process (PID=1157) to work on /home/airflow/.local/lib/python3.12/site-packages/airflow/example_dags/example_dataset_alias.py
[2025-02-10T03:04:39.071+0000] {processor.py:914} INFO - Processing file /home/airflow/.local/lib/python3.12/site-packages/airflow/example_dags/example_dataset_alias.py for tasks to queue
[2025-02-10T03:04:39.072+0000] {logging_mixin.py:190} INFO - [2025-02-10T03:04:39.072+0000] {dagbag.py:588} INFO - Filling up the DagBag from /home/airflow/.local/lib/python3.12/site-packages/airflow/example_dags/example_dataset_alias.py
[2025-02-10T03:04:39.667+0000] {processor.py:925} INFO - DAG(s) 'dataset_s3_bucket_producer', 'dataset_alias_example_alias_consumer', 'dataset_s3_bucket_consumer', 'dataset_alias_example_alias_producer' retrieved from /home/airflow/.local/lib/python3.12/site-packages/airflow/example_dags/example_dataset_alias.py
[2025-02-10T03:04:39.715+0000] {logging_mixin.py:190} INFO - [2025-02-10T03:04:39.715+0000] {dag.py:3239} INFO - Sync 4 DAGs
[2025-02-10T03:04:39.737+0000] {logging_mixin.py:190} INFO - [2025-02-10T03:04:39.737+0000] {dag.py:4180} INFO - Setting next_dagrun for dataset_alias_example_alias_consumer to None, run_after=None
[2025-02-10T03:04:39.740+0000] {logging_mixin.py:190} INFO - [2025-02-10T03:04:39.740+0000] {dag.py:4180} INFO - Setting next_dagrun for dataset_alias_example_alias_producer to None, run_after=None
[2025-02-10T03:04:39.741+0000] {logging_mixin.py:190} INFO - [2025-02-10T03:04:39.741+0000] {dag.py:4180} INFO - Setting next_dagrun for dataset_s3_bucket_consumer to None, run_after=None
[2025-02-10T03:04:39.743+0000] {logging_mixin.py:190} INFO - [2025-02-10T03:04:39.743+0000] {dag.py:4180} INFO - Setting next_dagrun for dataset_s3_bucket_producer to None, run_after=None
[2025-02-10T03:04:39.757+0000] {processor.py:208} INFO - Processing /home/airflow/.local/lib/python3.12/site-packages/airflow/example_dags/example_dataset_alias.py took 0.691 seconds
[2025-02-10T03:05:10.296+0000] {processor.py:186} INFO - Started process (PID=1224) to work on /home/airflow/.local/lib/python3.12/site-packages/airflow/example_dags/example_dataset_alias.py
[2025-02-10T03:05:10.298+0000] {processor.py:914} INFO - Processing file /home/airflow/.local/lib/python3.12/site-packages/airflow/example_dags/example_dataset_alias.py for tasks to queue
[2025-02-10T03:05:10.300+0000] {logging_mixin.py:190} INFO - [2025-02-10T03:05:10.300+0000] {dagbag.py:588} INFO - Filling up the DagBag from /home/airflow/.local/lib/python3.12/site-packages/airflow/example_dags/example_dataset_alias.py
[2025-02-10T03:05:10.640+0000] {processor.py:925} INFO - DAG(s) 'dataset_alias_example_alias_producer', 'dataset_s3_bucket_consumer', 'dataset_s3_bucket_producer', 'dataset_alias_example_alias_consumer' retrieved from /home/airflow/.local/lib/python3.12/site-packages/airflow/example_dags/example_dataset_alias.py
[2025-02-10T03:05:10.654+0000] {logging_mixin.py:190} INFO - [2025-02-10T03:05:10.654+0000] {dag.py:3239} INFO - Sync 4 DAGs
[2025-02-10T03:05:10.665+0000] {logging_mixin.py:190} INFO - [2025-02-10T03:05:10.665+0000] {dag.py:4180} INFO - Setting next_dagrun for dataset_alias_example_alias_consumer to None, run_after=None
[2025-02-10T03:05:10.666+0000] {logging_mixin.py:190} INFO - [2025-02-10T03:05:10.666+0000] {dag.py:4180} INFO - Setting next_dagrun for dataset_alias_example_alias_producer to None, run_after=None
[2025-02-10T03:05:10.666+0000] {logging_mixin.py:190} INFO - [2025-02-10T03:05:10.666+0000] {dag.py:4180} INFO - Setting next_dagrun for dataset_s3_bucket_consumer to None, run_after=None
[2025-02-10T03:05:10.667+0000] {logging_mixin.py:190} INFO - [2025-02-10T03:05:10.667+0000] {dag.py:4180} INFO - Setting next_dagrun for dataset_s3_bucket_producer to None, run_after=None
[2025-02-10T03:05:10.674+0000] {processor.py:208} INFO - Processing /home/airflow/.local/lib/python3.12/site-packages/airflow/example_dags/example_dataset_alias.py took 0.383 seconds
[2025-02-10T03:05:41.544+0000] {processor.py:186} INFO - Started process (PID=1291) to work on /home/airflow/.local/lib/python3.12/site-packages/airflow/example_dags/example_dataset_alias.py
[2025-02-10T03:05:41.545+0000] {processor.py:914} INFO - Processing file /home/airflow/.local/lib/python3.12/site-packages/airflow/example_dags/example_dataset_alias.py for tasks to queue
[2025-02-10T03:05:41.546+0000] {logging_mixin.py:190} INFO - [2025-02-10T03:05:41.546+0000] {dagbag.py:588} INFO - Filling up the DagBag from /home/airflow/.local/lib/python3.12/site-packages/airflow/example_dags/example_dataset_alias.py
[2025-02-10T03:05:41.948+0000] {processor.py:925} INFO - DAG(s) 'dataset_alias_example_alias_producer', 'dataset_alias_example_alias_consumer', 'dataset_s3_bucket_producer', 'dataset_s3_bucket_consumer' retrieved from /home/airflow/.local/lib/python3.12/site-packages/airflow/example_dags/example_dataset_alias.py
[2025-02-10T03:05:41.960+0000] {logging_mixin.py:190} INFO - [2025-02-10T03:05:41.960+0000] {dag.py:3239} INFO - Sync 4 DAGs
[2025-02-10T03:05:41.972+0000] {logging_mixin.py:190} INFO - [2025-02-10T03:05:41.972+0000] {dag.py:4180} INFO - Setting next_dagrun for dataset_alias_example_alias_consumer to None, run_after=None
[2025-02-10T03:05:41.973+0000] {logging_mixin.py:190} INFO - [2025-02-10T03:05:41.973+0000] {dag.py:4180} INFO - Setting next_dagrun for dataset_alias_example_alias_producer to None, run_after=None
[2025-02-10T03:05:41.973+0000] {logging_mixin.py:190} INFO - [2025-02-10T03:05:41.973+0000] {dag.py:4180} INFO - Setting next_dagrun for dataset_s3_bucket_consumer to None, run_after=None
[2025-02-10T03:05:41.974+0000] {logging_mixin.py:190} INFO - [2025-02-10T03:05:41.973+0000] {dag.py:4180} INFO - Setting next_dagrun for dataset_s3_bucket_producer to None, run_after=None
[2025-02-10T03:05:41.981+0000] {processor.py:208} INFO - Processing /home/airflow/.local/lib/python3.12/site-packages/airflow/example_dags/example_dataset_alias.py took 0.440 seconds
[2025-02-10T03:06:12.655+0000] {processor.py:186} INFO - Started process (PID=1356) to work on /home/airflow/.local/lib/python3.12/site-packages/airflow/example_dags/example_dataset_alias.py
[2025-02-10T03:06:12.655+0000] {processor.py:914} INFO - Processing file /home/airflow/.local/lib/python3.12/site-packages/airflow/example_dags/example_dataset_alias.py for tasks to queue
[2025-02-10T03:06:12.656+0000] {logging_mixin.py:190} INFO - [2025-02-10T03:06:12.656+0000] {dagbag.py:588} INFO - Filling up the DagBag from /home/airflow/.local/lib/python3.12/site-packages/airflow/example_dags/example_dataset_alias.py
[2025-02-10T03:06:12.910+0000] {processor.py:925} INFO - DAG(s) 'dataset_alias_example_alias_consumer', 'dataset_alias_example_alias_producer', 'dataset_s3_bucket_consumer', 'dataset_s3_bucket_producer' retrieved from /home/airflow/.local/lib/python3.12/site-packages/airflow/example_dags/example_dataset_alias.py
[2025-02-10T03:06:12.917+0000] {logging_mixin.py:190} INFO - [2025-02-10T03:06:12.917+0000] {dag.py:3239} INFO - Sync 4 DAGs
[2025-02-10T03:06:12.927+0000] {logging_mixin.py:190} INFO - [2025-02-10T03:06:12.927+0000] {dag.py:4180} INFO - Setting next_dagrun for dataset_alias_example_alias_consumer to None, run_after=None
[2025-02-10T03:06:12.928+0000] {logging_mixin.py:190} INFO - [2025-02-10T03:06:12.928+0000] {dag.py:4180} INFO - Setting next_dagrun for dataset_alias_example_alias_producer to None, run_after=None
[2025-02-10T03:06:12.929+0000] {logging_mixin.py:190} INFO - [2025-02-10T03:06:12.929+0000] {dag.py:4180} INFO - Setting next_dagrun for dataset_s3_bucket_consumer to None, run_after=None
[2025-02-10T03:06:12.929+0000] {logging_mixin.py:190} INFO - [2025-02-10T03:06:12.929+0000] {dag.py:4180} INFO - Setting next_dagrun for dataset_s3_bucket_producer to None, run_after=None
[2025-02-10T03:06:12.939+0000] {processor.py:208} INFO - Processing /home/airflow/.local/lib/python3.12/site-packages/airflow/example_dags/example_dataset_alias.py took 0.287 seconds
[2025-02-10T03:06:43.988+0000] {processor.py:186} INFO - Started process (PID=1413) to work on /home/airflow/.local/lib/python3.12/site-packages/airflow/example_dags/example_dataset_alias.py
[2025-02-10T03:06:43.989+0000] {processor.py:914} INFO - Processing file /home/airflow/.local/lib/python3.12/site-packages/airflow/example_dags/example_dataset_alias.py for tasks to queue
[2025-02-10T03:06:43.992+0000] {logging_mixin.py:190} INFO - [2025-02-10T03:06:43.992+0000] {dagbag.py:588} INFO - Filling up the DagBag from /home/airflow/.local/lib/python3.12/site-packages/airflow/example_dags/example_dataset_alias.py
[2025-02-10T03:06:44.849+0000] {processor.py:925} INFO - DAG(s) 'dataset_s3_bucket_consumer', 'dataset_alias_example_alias_producer', 'dataset_s3_bucket_producer', 'dataset_alias_example_alias_consumer' retrieved from /home/airflow/.local/lib/python3.12/site-packages/airflow/example_dags/example_dataset_alias.py
[2025-02-10T03:06:44.889+0000] {logging_mixin.py:190} INFO - [2025-02-10T03:06:44.887+0000] {dag.py:3239} INFO - Sync 4 DAGs
[2025-02-10T03:06:44.904+0000] {logging_mixin.py:190} INFO - [2025-02-10T03:06:44.904+0000] {dag.py:4180} INFO - Setting next_dagrun for dataset_alias_example_alias_consumer to None, run_after=None
[2025-02-10T03:06:44.905+0000] {logging_mixin.py:190} INFO - [2025-02-10T03:06:44.905+0000] {dag.py:4180} INFO - Setting next_dagrun for dataset_alias_example_alias_producer to None, run_after=None
[2025-02-10T03:06:44.906+0000] {logging_mixin.py:190} INFO - [2025-02-10T03:06:44.906+0000] {dag.py:4180} INFO - Setting next_dagrun for dataset_s3_bucket_consumer to None, run_after=None
[2025-02-10T03:06:44.906+0000] {logging_mixin.py:190} INFO - [2025-02-10T03:06:44.906+0000] {dag.py:4180} INFO - Setting next_dagrun for dataset_s3_bucket_producer to None, run_after=None
[2025-02-10T03:06:44.919+0000] {processor.py:208} INFO - Processing /home/airflow/.local/lib/python3.12/site-packages/airflow/example_dags/example_dataset_alias.py took 0.937 seconds
[2025-02-10T03:07:15.555+0000] {processor.py:186} INFO - Started process (PID=1480) to work on /home/airflow/.local/lib/python3.12/site-packages/airflow/example_dags/example_dataset_alias.py
[2025-02-10T03:07:15.555+0000] {processor.py:914} INFO - Processing file /home/airflow/.local/lib/python3.12/site-packages/airflow/example_dags/example_dataset_alias.py for tasks to queue
[2025-02-10T03:07:15.557+0000] {logging_mixin.py:190} INFO - [2025-02-10T03:07:15.557+0000] {dagbag.py:588} INFO - Filling up the DagBag from /home/airflow/.local/lib/python3.12/site-packages/airflow/example_dags/example_dataset_alias.py
[2025-02-10T03:07:16.123+0000] {processor.py:925} INFO - DAG(s) 'dataset_s3_bucket_producer', 'dataset_alias_example_alias_consumer', 'dataset_alias_example_alias_producer', 'dataset_s3_bucket_consumer' retrieved from /home/airflow/.local/lib/python3.12/site-packages/airflow/example_dags/example_dataset_alias.py
[2025-02-10T03:07:16.133+0000] {logging_mixin.py:190} INFO - [2025-02-10T03:07:16.133+0000] {dag.py:3239} INFO - Sync 4 DAGs
[2025-02-10T03:07:16.149+0000] {logging_mixin.py:190} INFO - [2025-02-10T03:07:16.149+0000] {dag.py:4180} INFO - Setting next_dagrun for dataset_alias_example_alias_consumer to None, run_after=None
[2025-02-10T03:07:16.154+0000] {logging_mixin.py:190} INFO - [2025-02-10T03:07:16.154+0000] {dag.py:4180} INFO - Setting next_dagrun for dataset_alias_example_alias_producer to None, run_after=None
[2025-02-10T03:07:16.155+0000] {logging_mixin.py:190} INFO - [2025-02-10T03:07:16.155+0000] {dag.py:4180} INFO - Setting next_dagrun for dataset_s3_bucket_consumer to None, run_after=None
[2025-02-10T03:07:16.155+0000] {logging_mixin.py:190} INFO - [2025-02-10T03:07:16.155+0000] {dag.py:4180} INFO - Setting next_dagrun for dataset_s3_bucket_producer to None, run_after=None
[2025-02-10T03:07:16.168+0000] {processor.py:208} INFO - Processing /home/airflow/.local/lib/python3.12/site-packages/airflow/example_dags/example_dataset_alias.py took 0.617 seconds
[2025-02-10T03:07:46.258+0000] {processor.py:186} INFO - Started process (PID=1541) to work on /home/airflow/.local/lib/python3.12/site-packages/airflow/example_dags/example_dataset_alias.py
[2025-02-10T03:07:46.259+0000] {processor.py:914} INFO - Processing file /home/airflow/.local/lib/python3.12/site-packages/airflow/example_dags/example_dataset_alias.py for tasks to queue
[2025-02-10T03:07:46.260+0000] {logging_mixin.py:190} INFO - [2025-02-10T03:07:46.260+0000] {dagbag.py:588} INFO - Filling up the DagBag from /home/airflow/.local/lib/python3.12/site-packages/airflow/example_dags/example_dataset_alias.py
[2025-02-10T03:07:46.636+0000] {processor.py:925} INFO - DAG(s) 'dataset_alias_example_alias_producer', 'dataset_s3_bucket_producer', 'dataset_alias_example_alias_consumer', 'dataset_s3_bucket_consumer' retrieved from /home/airflow/.local/lib/python3.12/site-packages/airflow/example_dags/example_dataset_alias.py
[2025-02-10T03:07:46.650+0000] {logging_mixin.py:190} INFO - [2025-02-10T03:07:46.649+0000] {dag.py:3239} INFO - Sync 4 DAGs
[2025-02-10T03:07:46.663+0000] {logging_mixin.py:190} INFO - [2025-02-10T03:07:46.663+0000] {dag.py:4180} INFO - Setting next_dagrun for dataset_alias_example_alias_consumer to None, run_after=None
[2025-02-10T03:07:46.666+0000] {logging_mixin.py:190} INFO - [2025-02-10T03:07:46.666+0000] {dag.py:4180} INFO - Setting next_dagrun for dataset_alias_example_alias_producer to None, run_after=None
[2025-02-10T03:07:46.667+0000] {logging_mixin.py:190} INFO - [2025-02-10T03:07:46.667+0000] {dag.py:4180} INFO - Setting next_dagrun for dataset_s3_bucket_consumer to None, run_after=None
[2025-02-10T03:07:46.667+0000] {logging_mixin.py:190} INFO - [2025-02-10T03:07:46.667+0000] {dag.py:4180} INFO - Setting next_dagrun for dataset_s3_bucket_producer to None, run_after=None
[2025-02-10T03:07:46.680+0000] {processor.py:208} INFO - Processing /home/airflow/.local/lib/python3.12/site-packages/airflow/example_dags/example_dataset_alias.py took 0.425 seconds
[2025-02-10T03:08:17.230+0000] {processor.py:186} INFO - Started process (PID=1612) to work on /home/airflow/.local/lib/python3.12/site-packages/airflow/example_dags/example_dataset_alias.py
[2025-02-10T03:08:17.230+0000] {processor.py:914} INFO - Processing file /home/airflow/.local/lib/python3.12/site-packages/airflow/example_dags/example_dataset_alias.py for tasks to queue
[2025-02-10T03:08:17.232+0000] {logging_mixin.py:190} INFO - [2025-02-10T03:08:17.232+0000] {dagbag.py:588} INFO - Filling up the DagBag from /home/airflow/.local/lib/python3.12/site-packages/airflow/example_dags/example_dataset_alias.py
[2025-02-10T03:08:17.914+0000] {processor.py:925} INFO - DAG(s) 'dataset_s3_bucket_producer', 'dataset_alias_example_alias_producer', 'dataset_s3_bucket_consumer', 'dataset_alias_example_alias_consumer' retrieved from /home/airflow/.local/lib/python3.12/site-packages/airflow/example_dags/example_dataset_alias.py
[2025-02-10T03:08:17.931+0000] {logging_mixin.py:190} INFO - [2025-02-10T03:08:17.931+0000] {dag.py:3239} INFO - Sync 4 DAGs
[2025-02-10T03:08:17.943+0000] {logging_mixin.py:190} INFO - [2025-02-10T03:08:17.943+0000] {dag.py:4180} INFO - Setting next_dagrun for dataset_alias_example_alias_consumer to None, run_after=None
[2025-02-10T03:08:17.945+0000] {logging_mixin.py:190} INFO - [2025-02-10T03:08:17.945+0000] {dag.py:4180} INFO - Setting next_dagrun for dataset_alias_example_alias_producer to None, run_after=None
[2025-02-10T03:08:17.946+0000] {logging_mixin.py:190} INFO - [2025-02-10T03:08:17.946+0000] {dag.py:4180} INFO - Setting next_dagrun for dataset_s3_bucket_consumer to None, run_after=None
[2025-02-10T03:08:17.947+0000] {logging_mixin.py:190} INFO - [2025-02-10T03:08:17.947+0000] {dag.py:4180} INFO - Setting next_dagrun for dataset_s3_bucket_producer to None, run_after=None
[2025-02-10T03:08:17.972+0000] {processor.py:208} INFO - Processing /home/airflow/.local/lib/python3.12/site-packages/airflow/example_dags/example_dataset_alias.py took 0.749 seconds
[2025-02-10T03:08:48.380+0000] {processor.py:186} INFO - Started process (PID=1676) to work on /home/airflow/.local/lib/python3.12/site-packages/airflow/example_dags/example_dataset_alias.py
[2025-02-10T03:08:48.381+0000] {processor.py:914} INFO - Processing file /home/airflow/.local/lib/python3.12/site-packages/airflow/example_dags/example_dataset_alias.py for tasks to queue
[2025-02-10T03:08:48.382+0000] {logging_mixin.py:190} INFO - [2025-02-10T03:08:48.382+0000] {dagbag.py:588} INFO - Filling up the DagBag from /home/airflow/.local/lib/python3.12/site-packages/airflow/example_dags/example_dataset_alias.py
[2025-02-10T03:08:48.729+0000] {processor.py:925} INFO - DAG(s) 'dataset_alias_example_alias_producer', 'dataset_s3_bucket_producer', 'dataset_s3_bucket_consumer', 'dataset_alias_example_alias_consumer' retrieved from /home/airflow/.local/lib/python3.12/site-packages/airflow/example_dags/example_dataset_alias.py
[2025-02-10T03:08:48.739+0000] {logging_mixin.py:190} INFO - [2025-02-10T03:08:48.739+0000] {dag.py:3239} INFO - Sync 4 DAGs
[2025-02-10T03:08:48.748+0000] {logging_mixin.py:190} INFO - [2025-02-10T03:08:48.748+0000] {dag.py:4180} INFO - Setting next_dagrun for dataset_alias_example_alias_consumer to None, run_after=None
[2025-02-10T03:08:48.749+0000] {logging_mixin.py:190} INFO - [2025-02-10T03:08:48.749+0000] {dag.py:4180} INFO - Setting next_dagrun for dataset_alias_example_alias_producer to None, run_after=None
[2025-02-10T03:08:48.750+0000] {logging_mixin.py:190} INFO - [2025-02-10T03:08:48.750+0000] {dag.py:4180} INFO - Setting next_dagrun for dataset_s3_bucket_consumer to None, run_after=None
[2025-02-10T03:08:48.750+0000] {logging_mixin.py:190} INFO - [2025-02-10T03:08:48.750+0000] {dag.py:4180} INFO - Setting next_dagrun for dataset_s3_bucket_producer to None, run_after=None
[2025-02-10T03:08:48.757+0000] {processor.py:208} INFO - Processing /home/airflow/.local/lib/python3.12/site-packages/airflow/example_dags/example_dataset_alias.py took 0.379 seconds
[2025-02-10T03:09:19.260+0000] {processor.py:186} INFO - Started process (PID=1741) to work on /home/airflow/.local/lib/python3.12/site-packages/airflow/example_dags/example_dataset_alias.py
[2025-02-10T03:09:19.263+0000] {processor.py:914} INFO - Processing file /home/airflow/.local/lib/python3.12/site-packages/airflow/example_dags/example_dataset_alias.py for tasks to queue
[2025-02-10T03:09:19.265+0000] {logging_mixin.py:190} INFO - [2025-02-10T03:09:19.264+0000] {dagbag.py:588} INFO - Filling up the DagBag from /home/airflow/.local/lib/python3.12/site-packages/airflow/example_dags/example_dataset_alias.py
[2025-02-10T03:09:20.259+0000] {processor.py:925} INFO - DAG(s) 'dataset_alias_example_alias_consumer', 'dataset_s3_bucket_producer', 'dataset_alias_example_alias_producer', 'dataset_s3_bucket_consumer' retrieved from /home/airflow/.local/lib/python3.12/site-packages/airflow/example_dags/example_dataset_alias.py
[2025-02-10T03:09:20.280+0000] {logging_mixin.py:190} INFO - [2025-02-10T03:09:20.279+0000] {dag.py:3239} INFO - Sync 4 DAGs
[2025-02-10T03:09:20.309+0000] {logging_mixin.py:190} INFO - [2025-02-10T03:09:20.309+0000] {dag.py:4180} INFO - Setting next_dagrun for dataset_alias_example_alias_consumer to None, run_after=None
[2025-02-10T03:09:20.311+0000] {logging_mixin.py:190} INFO - [2025-02-10T03:09:20.310+0000] {dag.py:4180} INFO - Setting next_dagrun for dataset_alias_example_alias_producer to None, run_after=None
[2025-02-10T03:09:20.312+0000] {logging_mixin.py:190} INFO - [2025-02-10T03:09:20.312+0000] {dag.py:4180} INFO - Setting next_dagrun for dataset_s3_bucket_consumer to None, run_after=None
[2025-02-10T03:09:20.313+0000] {logging_mixin.py:190} INFO - [2025-02-10T03:09:20.313+0000] {dag.py:4180} INFO - Setting next_dagrun for dataset_s3_bucket_producer to None, run_after=None
[2025-02-10T03:09:20.324+0000] {processor.py:208} INFO - Processing /home/airflow/.local/lib/python3.12/site-packages/airflow/example_dags/example_dataset_alias.py took 1.067 seconds
[2025-02-10T03:09:51.076+0000] {processor.py:186} INFO - Started process (PID=1810) to work on /home/airflow/.local/lib/python3.12/site-packages/airflow/example_dags/example_dataset_alias.py
[2025-02-10T03:09:51.080+0000] {processor.py:914} INFO - Processing file /home/airflow/.local/lib/python3.12/site-packages/airflow/example_dags/example_dataset_alias.py for tasks to queue
[2025-02-10T03:09:51.084+0000] {logging_mixin.py:190} INFO - [2025-02-10T03:09:51.084+0000] {dagbag.py:588} INFO - Filling up the DagBag from /home/airflow/.local/lib/python3.12/site-packages/airflow/example_dags/example_dataset_alias.py
[2025-02-10T03:09:51.433+0000] {processor.py:925} INFO - DAG(s) 'dataset_alias_example_alias_producer', 'dataset_s3_bucket_producer', 'dataset_alias_example_alias_consumer', 'dataset_s3_bucket_consumer' retrieved from /home/airflow/.local/lib/python3.12/site-packages/airflow/example_dags/example_dataset_alias.py
[2025-02-10T03:09:51.445+0000] {logging_mixin.py:190} INFO - [2025-02-10T03:09:51.445+0000] {dag.py:3239} INFO - Sync 4 DAGs
[2025-02-10T03:09:51.458+0000] {logging_mixin.py:190} INFO - [2025-02-10T03:09:51.458+0000] {dag.py:4180} INFO - Setting next_dagrun for dataset_alias_example_alias_consumer to None, run_after=None
[2025-02-10T03:09:51.461+0000] {logging_mixin.py:190} INFO - [2025-02-10T03:09:51.460+0000] {dag.py:4180} INFO - Setting next_dagrun for dataset_alias_example_alias_producer to None, run_after=None
[2025-02-10T03:09:51.462+0000] {logging_mixin.py:190} INFO - [2025-02-10T03:09:51.462+0000] {dag.py:4180} INFO - Setting next_dagrun for dataset_s3_bucket_consumer to None, run_after=None
[2025-02-10T03:09:51.463+0000] {logging_mixin.py:190} INFO - [2025-02-10T03:09:51.463+0000] {dag.py:4180} INFO - Setting next_dagrun for dataset_s3_bucket_producer to None, run_after=None
[2025-02-10T03:09:51.472+0000] {processor.py:208} INFO - Processing /home/airflow/.local/lib/python3.12/site-packages/airflow/example_dags/example_dataset_alias.py took 0.404 seconds
[2025-02-10T03:10:22.044+0000] {processor.py:186} INFO - Started process (PID=1874) to work on /home/airflow/.local/lib/python3.12/site-packages/airflow/example_dags/example_dataset_alias.py
[2025-02-10T03:10:22.046+0000] {processor.py:914} INFO - Processing file /home/airflow/.local/lib/python3.12/site-packages/airflow/example_dags/example_dataset_alias.py for tasks to queue
[2025-02-10T03:10:22.048+0000] {logging_mixin.py:190} INFO - [2025-02-10T03:10:22.048+0000] {dagbag.py:588} INFO - Filling up the DagBag from /home/airflow/.local/lib/python3.12/site-packages/airflow/example_dags/example_dataset_alias.py
[2025-02-10T03:10:22.513+0000] {processor.py:925} INFO - DAG(s) 'dataset_alias_example_alias_producer', 'dataset_alias_example_alias_consumer', 'dataset_s3_bucket_consumer', 'dataset_s3_bucket_producer' retrieved from /home/airflow/.local/lib/python3.12/site-packages/airflow/example_dags/example_dataset_alias.py
[2025-02-10T03:10:22.525+0000] {logging_mixin.py:190} INFO - [2025-02-10T03:10:22.525+0000] {dag.py:3239} INFO - Sync 4 DAGs
[2025-02-10T03:10:22.535+0000] {logging_mixin.py:190} INFO - [2025-02-10T03:10:22.535+0000] {dag.py:4180} INFO - Setting next_dagrun for dataset_alias_example_alias_consumer to None, run_after=None
[2025-02-10T03:10:22.536+0000] {logging_mixin.py:190} INFO - [2025-02-10T03:10:22.536+0000] {dag.py:4180} INFO - Setting next_dagrun for dataset_alias_example_alias_producer to None, run_after=None
[2025-02-10T03:10:22.537+0000] {logging_mixin.py:190} INFO - [2025-02-10T03:10:22.537+0000] {dag.py:4180} INFO - Setting next_dagrun for dataset_s3_bucket_consumer to None, run_after=None
[2025-02-10T03:10:22.538+0000] {logging_mixin.py:190} INFO - [2025-02-10T03:10:22.538+0000] {dag.py:4180} INFO - Setting next_dagrun for dataset_s3_bucket_producer to None, run_after=None
[2025-02-10T03:10:22.545+0000] {processor.py:208} INFO - Processing /home/airflow/.local/lib/python3.12/site-packages/airflow/example_dags/example_dataset_alias.py took 0.511 seconds
[2025-02-10T03:10:52.815+0000] {processor.py:186} INFO - Started process (PID=1938) to work on /home/airflow/.local/lib/python3.12/site-packages/airflow/example_dags/example_dataset_alias.py
[2025-02-10T03:10:52.817+0000] {processor.py:914} INFO - Processing file /home/airflow/.local/lib/python3.12/site-packages/airflow/example_dags/example_dataset_alias.py for tasks to queue
[2025-02-10T03:10:52.822+0000] {logging_mixin.py:190} INFO - [2025-02-10T03:10:52.821+0000] {dagbag.py:588} INFO - Filling up the DagBag from /home/airflow/.local/lib/python3.12/site-packages/airflow/example_dags/example_dataset_alias.py
[2025-02-10T03:10:53.296+0000] {processor.py:925} INFO - DAG(s) 'dataset_alias_example_alias_producer', 'dataset_s3_bucket_producer', 'dataset_s3_bucket_consumer', 'dataset_alias_example_alias_consumer' retrieved from /home/airflow/.local/lib/python3.12/site-packages/airflow/example_dags/example_dataset_alias.py
[2025-02-10T03:10:53.304+0000] {logging_mixin.py:190} INFO - [2025-02-10T03:10:53.304+0000] {dag.py:3239} INFO - Sync 4 DAGs
[2025-02-10T03:10:53.318+0000] {logging_mixin.py:190} INFO - [2025-02-10T03:10:53.318+0000] {dag.py:4180} INFO - Setting next_dagrun for dataset_alias_example_alias_consumer to None, run_after=None
[2025-02-10T03:10:53.322+0000] {logging_mixin.py:190} INFO - [2025-02-10T03:10:53.322+0000] {dag.py:4180} INFO - Setting next_dagrun for dataset_alias_example_alias_producer to None, run_after=None
[2025-02-10T03:10:53.323+0000] {logging_mixin.py:190} INFO - [2025-02-10T03:10:53.323+0000] {dag.py:4180} INFO - Setting next_dagrun for dataset_s3_bucket_consumer to None, run_after=None
[2025-02-10T03:10:53.326+0000] {logging_mixin.py:190} INFO - [2025-02-10T03:10:53.326+0000] {dag.py:4180} INFO - Setting next_dagrun for dataset_s3_bucket_producer to None, run_after=None
[2025-02-10T03:10:53.337+0000] {processor.py:208} INFO - Processing /home/airflow/.local/lib/python3.12/site-packages/airflow/example_dags/example_dataset_alias.py took 0.536 seconds
[2025-02-10T03:11:24.329+0000] {processor.py:186} INFO - Started process (PID=2007) to work on /home/airflow/.local/lib/python3.12/site-packages/airflow/example_dags/example_dataset_alias.py
[2025-02-10T03:11:24.332+0000] {processor.py:914} INFO - Processing file /home/airflow/.local/lib/python3.12/site-packages/airflow/example_dags/example_dataset_alias.py for tasks to queue
[2025-02-10T03:11:24.335+0000] {logging_mixin.py:190} INFO - [2025-02-10T03:11:24.335+0000] {dagbag.py:588} INFO - Filling up the DagBag from /home/airflow/.local/lib/python3.12/site-packages/airflow/example_dags/example_dataset_alias.py
[2025-02-10T03:11:24.971+0000] {processor.py:925} INFO - DAG(s) 'dataset_s3_bucket_producer', 'dataset_s3_bucket_consumer', 'dataset_alias_example_alias_producer', 'dataset_alias_example_alias_consumer' retrieved from /home/airflow/.local/lib/python3.12/site-packages/airflow/example_dags/example_dataset_alias.py
[2025-02-10T03:11:24.994+0000] {logging_mixin.py:190} INFO - [2025-02-10T03:11:24.994+0000] {dag.py:3239} INFO - Sync 4 DAGs
[2025-02-10T03:11:25.011+0000] {logging_mixin.py:190} INFO - [2025-02-10T03:11:25.011+0000] {dag.py:4180} INFO - Setting next_dagrun for dataset_alias_example_alias_consumer to None, run_after=None
[2025-02-10T03:11:25.013+0000] {logging_mixin.py:190} INFO - [2025-02-10T03:11:25.013+0000] {dag.py:4180} INFO - Setting next_dagrun for dataset_alias_example_alias_producer to None, run_after=None
[2025-02-10T03:11:25.016+0000] {logging_mixin.py:190} INFO - [2025-02-10T03:11:25.016+0000] {dag.py:4180} INFO - Setting next_dagrun for dataset_s3_bucket_consumer to None, run_after=None
[2025-02-10T03:11:25.017+0000] {logging_mixin.py:190} INFO - [2025-02-10T03:11:25.017+0000] {dag.py:4180} INFO - Setting next_dagrun for dataset_s3_bucket_producer to None, run_after=None
[2025-02-10T03:11:25.030+0000] {processor.py:208} INFO - Processing /home/airflow/.local/lib/python3.12/site-packages/airflow/example_dags/example_dataset_alias.py took 0.716 seconds
[2025-02-10T03:11:55.164+0000] {processor.py:186} INFO - Started process (PID=2071) to work on /home/airflow/.local/lib/python3.12/site-packages/airflow/example_dags/example_dataset_alias.py
[2025-02-10T03:11:55.165+0000] {processor.py:914} INFO - Processing file /home/airflow/.local/lib/python3.12/site-packages/airflow/example_dags/example_dataset_alias.py for tasks to queue
[2025-02-10T03:11:55.169+0000] {logging_mixin.py:190} INFO - [2025-02-10T03:11:55.169+0000] {dagbag.py:588} INFO - Filling up the DagBag from /home/airflow/.local/lib/python3.12/site-packages/airflow/example_dags/example_dataset_alias.py
[2025-02-10T03:11:55.574+0000] {processor.py:925} INFO - DAG(s) 'dataset_alias_example_alias_consumer', 'dataset_s3_bucket_consumer', 'dataset_s3_bucket_producer', 'dataset_alias_example_alias_producer' retrieved from /home/airflow/.local/lib/python3.12/site-packages/airflow/example_dags/example_dataset_alias.py
[2025-02-10T03:11:55.594+0000] {logging_mixin.py:190} INFO - [2025-02-10T03:11:55.593+0000] {dag.py:3239} INFO - Sync 4 DAGs
[2025-02-10T03:11:55.609+0000] {logging_mixin.py:190} INFO - [2025-02-10T03:11:55.609+0000] {dag.py:4180} INFO - Setting next_dagrun for dataset_alias_example_alias_consumer to None, run_after=None
[2025-02-10T03:11:55.611+0000] {logging_mixin.py:190} INFO - [2025-02-10T03:11:55.610+0000] {dag.py:4180} INFO - Setting next_dagrun for dataset_alias_example_alias_producer to None, run_after=None
[2025-02-10T03:11:55.611+0000] {logging_mixin.py:190} INFO - [2025-02-10T03:11:55.611+0000] {dag.py:4180} INFO - Setting next_dagrun for dataset_s3_bucket_consumer to None, run_after=None
[2025-02-10T03:11:55.613+0000] {logging_mixin.py:190} INFO - [2025-02-10T03:11:55.613+0000] {dag.py:4180} INFO - Setting next_dagrun for dataset_s3_bucket_producer to None, run_after=None
[2025-02-10T03:11:55.628+0000] {processor.py:208} INFO - Processing /home/airflow/.local/lib/python3.12/site-packages/airflow/example_dags/example_dataset_alias.py took 0.470 seconds
[2025-02-10T03:12:26.137+0000] {processor.py:186} INFO - Started process (PID=2135) to work on /home/airflow/.local/lib/python3.12/site-packages/airflow/example_dags/example_dataset_alias.py
[2025-02-10T03:12:26.138+0000] {processor.py:914} INFO - Processing file /home/airflow/.local/lib/python3.12/site-packages/airflow/example_dags/example_dataset_alias.py for tasks to queue
[2025-02-10T03:12:26.140+0000] {logging_mixin.py:190} INFO - [2025-02-10T03:12:26.140+0000] {dagbag.py:588} INFO - Filling up the DagBag from /home/airflow/.local/lib/python3.12/site-packages/airflow/example_dags/example_dataset_alias.py
[2025-02-10T03:12:26.626+0000] {processor.py:925} INFO - DAG(s) 'dataset_alias_example_alias_producer', 'dataset_s3_bucket_consumer', 'dataset_alias_example_alias_consumer', 'dataset_s3_bucket_producer' retrieved from /home/airflow/.local/lib/python3.12/site-packages/airflow/example_dags/example_dataset_alias.py
[2025-02-10T03:12:26.642+0000] {logging_mixin.py:190} INFO - [2025-02-10T03:12:26.642+0000] {dag.py:3239} INFO - Sync 4 DAGs
[2025-02-10T03:12:26.652+0000] {logging_mixin.py:190} INFO - [2025-02-10T03:12:26.652+0000] {dag.py:4180} INFO - Setting next_dagrun for dataset_alias_example_alias_consumer to None, run_after=None
[2025-02-10T03:12:26.653+0000] {logging_mixin.py:190} INFO - [2025-02-10T03:12:26.653+0000] {dag.py:4180} INFO - Setting next_dagrun for dataset_alias_example_alias_producer to None, run_after=None
[2025-02-10T03:12:26.654+0000] {logging_mixin.py:190} INFO - [2025-02-10T03:12:26.654+0000] {dag.py:4180} INFO - Setting next_dagrun for dataset_s3_bucket_consumer to None, run_after=None
[2025-02-10T03:12:26.655+0000] {logging_mixin.py:190} INFO - [2025-02-10T03:12:26.655+0000] {dag.py:4180} INFO - Setting next_dagrun for dataset_s3_bucket_producer to None, run_after=None
[2025-02-10T03:12:26.680+0000] {processor.py:208} INFO - Processing /home/airflow/.local/lib/python3.12/site-packages/airflow/example_dags/example_dataset_alias.py took 0.549 seconds
[2025-02-10T03:12:57.349+0000] {processor.py:186} INFO - Started process (PID=2199) to work on /home/airflow/.local/lib/python3.12/site-packages/airflow/example_dags/example_dataset_alias.py
[2025-02-10T03:12:57.350+0000] {processor.py:914} INFO - Processing file /home/airflow/.local/lib/python3.12/site-packages/airflow/example_dags/example_dataset_alias.py for tasks to queue
[2025-02-10T03:12:57.353+0000] {logging_mixin.py:190} INFO - [2025-02-10T03:12:57.352+0000] {dagbag.py:588} INFO - Filling up the DagBag from /home/airflow/.local/lib/python3.12/site-packages/airflow/example_dags/example_dataset_alias.py
[2025-02-10T03:12:57.873+0000] {processor.py:925} INFO - DAG(s) 'dataset_s3_bucket_consumer', 'dataset_alias_example_alias_producer', 'dataset_alias_example_alias_consumer', 'dataset_s3_bucket_producer' retrieved from /home/airflow/.local/lib/python3.12/site-packages/airflow/example_dags/example_dataset_alias.py
[2025-02-10T03:12:57.887+0000] {logging_mixin.py:190} INFO - [2025-02-10T03:12:57.886+0000] {dag.py:3239} INFO - Sync 4 DAGs
[2025-02-10T03:12:57.897+0000] {logging_mixin.py:190} INFO - [2025-02-10T03:12:57.897+0000] {dag.py:4180} INFO - Setting next_dagrun for dataset_alias_example_alias_consumer to None, run_after=None
[2025-02-10T03:12:57.899+0000] {logging_mixin.py:190} INFO - [2025-02-10T03:12:57.899+0000] {dag.py:4180} INFO - Setting next_dagrun for dataset_alias_example_alias_producer to None, run_after=None
[2025-02-10T03:12:57.900+0000] {logging_mixin.py:190} INFO - [2025-02-10T03:12:57.900+0000] {dag.py:4180} INFO - Setting next_dagrun for dataset_s3_bucket_consumer to None, run_after=None
[2025-02-10T03:12:57.901+0000] {logging_mixin.py:190} INFO - [2025-02-10T03:12:57.901+0000] {dag.py:4180} INFO - Setting next_dagrun for dataset_s3_bucket_producer to None, run_after=None
[2025-02-10T03:12:57.915+0000] {processor.py:208} INFO - Processing /home/airflow/.local/lib/python3.12/site-packages/airflow/example_dags/example_dataset_alias.py took 0.576 seconds
[2025-02-10T03:13:28.051+0000] {processor.py:186} INFO - Started process (PID=2263) to work on /home/airflow/.local/lib/python3.12/site-packages/airflow/example_dags/example_dataset_alias.py
[2025-02-10T03:13:28.055+0000] {processor.py:914} INFO - Processing file /home/airflow/.local/lib/python3.12/site-packages/airflow/example_dags/example_dataset_alias.py for tasks to queue
[2025-02-10T03:13:28.067+0000] {logging_mixin.py:190} INFO - [2025-02-10T03:13:28.065+0000] {dagbag.py:588} INFO - Filling up the DagBag from /home/airflow/.local/lib/python3.12/site-packages/airflow/example_dags/example_dataset_alias.py
[2025-02-10T03:13:28.619+0000] {processor.py:925} INFO - DAG(s) 'dataset_s3_bucket_consumer', 'dataset_alias_example_alias_consumer', 'dataset_alias_example_alias_producer', 'dataset_s3_bucket_producer' retrieved from /home/airflow/.local/lib/python3.12/site-packages/airflow/example_dags/example_dataset_alias.py
[2025-02-10T03:13:28.629+0000] {logging_mixin.py:190} INFO - [2025-02-10T03:13:28.628+0000] {dag.py:3239} INFO - Sync 4 DAGs
[2025-02-10T03:13:28.637+0000] {logging_mixin.py:190} INFO - [2025-02-10T03:13:28.637+0000] {dag.py:4180} INFO - Setting next_dagrun for dataset_alias_example_alias_consumer to None, run_after=None
[2025-02-10T03:13:28.638+0000] {logging_mixin.py:190} INFO - [2025-02-10T03:13:28.638+0000] {dag.py:4180} INFO - Setting next_dagrun for dataset_alias_example_alias_producer to None, run_after=None
[2025-02-10T03:13:28.639+0000] {logging_mixin.py:190} INFO - [2025-02-10T03:13:28.639+0000] {dag.py:4180} INFO - Setting next_dagrun for dataset_s3_bucket_consumer to None, run_after=None
[2025-02-10T03:13:28.640+0000] {logging_mixin.py:190} INFO - [2025-02-10T03:13:28.640+0000] {dag.py:4180} INFO - Setting next_dagrun for dataset_s3_bucket_producer to None, run_after=None
[2025-02-10T03:13:28.652+0000] {processor.py:208} INFO - Processing /home/airflow/.local/lib/python3.12/site-packages/airflow/example_dags/example_dataset_alias.py took 0.614 seconds
[2025-02-10T03:13:59.229+0000] {processor.py:186} INFO - Started process (PID=2327) to work on /home/airflow/.local/lib/python3.12/site-packages/airflow/example_dags/example_dataset_alias.py
[2025-02-10T03:13:59.234+0000] {processor.py:914} INFO - Processing file /home/airflow/.local/lib/python3.12/site-packages/airflow/example_dags/example_dataset_alias.py for tasks to queue
[2025-02-10T03:13:59.244+0000] {logging_mixin.py:190} INFO - [2025-02-10T03:13:59.242+0000] {dagbag.py:588} INFO - Filling up the DagBag from /home/airflow/.local/lib/python3.12/site-packages/airflow/example_dags/example_dataset_alias.py
[2025-02-10T03:13:59.720+0000] {processor.py:925} INFO - DAG(s) 'dataset_alias_example_alias_consumer', 'dataset_s3_bucket_consumer', 'dataset_alias_example_alias_producer', 'dataset_s3_bucket_producer' retrieved from /home/airflow/.local/lib/python3.12/site-packages/airflow/example_dags/example_dataset_alias.py
[2025-02-10T03:13:59.738+0000] {logging_mixin.py:190} INFO - [2025-02-10T03:13:59.738+0000] {dag.py:3239} INFO - Sync 4 DAGs
[2025-02-10T03:13:59.751+0000] {logging_mixin.py:190} INFO - [2025-02-10T03:13:59.751+0000] {dag.py:4180} INFO - Setting next_dagrun for dataset_alias_example_alias_consumer to None, run_after=None
[2025-02-10T03:13:59.755+0000] {logging_mixin.py:190} INFO - [2025-02-10T03:13:59.754+0000] {dag.py:4180} INFO - Setting next_dagrun for dataset_alias_example_alias_producer to None, run_after=None
[2025-02-10T03:13:59.755+0000] {logging_mixin.py:190} INFO - [2025-02-10T03:13:59.755+0000] {dag.py:4180} INFO - Setting next_dagrun for dataset_s3_bucket_consumer to None, run_after=None
[2025-02-10T03:13:59.756+0000] {logging_mixin.py:190} INFO - [2025-02-10T03:13:59.756+0000] {dag.py:4180} INFO - Setting next_dagrun for dataset_s3_bucket_producer to None, run_after=None
[2025-02-10T03:13:59.770+0000] {processor.py:208} INFO - Processing /home/airflow/.local/lib/python3.12/site-packages/airflow/example_dags/example_dataset_alias.py took 0.560 seconds
[2025-02-10T03:14:30.016+0000] {processor.py:186} INFO - Started process (PID=2391) to work on /home/airflow/.local/lib/python3.12/site-packages/airflow/example_dags/example_dataset_alias.py
[2025-02-10T03:14:30.018+0000] {processor.py:914} INFO - Processing file /home/airflow/.local/lib/python3.12/site-packages/airflow/example_dags/example_dataset_alias.py for tasks to queue
[2025-02-10T03:14:30.022+0000] {logging_mixin.py:190} INFO - [2025-02-10T03:14:30.021+0000] {dagbag.py:588} INFO - Filling up the DagBag from /home/airflow/.local/lib/python3.12/site-packages/airflow/example_dags/example_dataset_alias.py
[2025-02-10T03:14:30.490+0000] {processor.py:925} INFO - DAG(s) 'dataset_s3_bucket_consumer', 'dataset_alias_example_alias_consumer', 'dataset_s3_bucket_producer', 'dataset_alias_example_alias_producer' retrieved from /home/airflow/.local/lib/python3.12/site-packages/airflow/example_dags/example_dataset_alias.py
[2025-02-10T03:14:30.505+0000] {logging_mixin.py:190} INFO - [2025-02-10T03:14:30.505+0000] {dag.py:3239} INFO - Sync 4 DAGs
[2025-02-10T03:14:30.517+0000] {logging_mixin.py:190} INFO - [2025-02-10T03:14:30.517+0000] {dag.py:4180} INFO - Setting next_dagrun for dataset_alias_example_alias_consumer to None, run_after=None
[2025-02-10T03:14:30.518+0000] {logging_mixin.py:190} INFO - [2025-02-10T03:14:30.518+0000] {dag.py:4180} INFO - Setting next_dagrun for dataset_alias_example_alias_producer to None, run_after=None
[2025-02-10T03:14:30.520+0000] {logging_mixin.py:190} INFO - [2025-02-10T03:14:30.520+0000] {dag.py:4180} INFO - Setting next_dagrun for dataset_s3_bucket_consumer to None, run_after=None
[2025-02-10T03:14:30.521+0000] {logging_mixin.py:190} INFO - [2025-02-10T03:14:30.521+0000] {dag.py:4180} INFO - Setting next_dagrun for dataset_s3_bucket_producer to None, run_after=None
[2025-02-10T03:14:30.531+0000] {processor.py:208} INFO - Processing /home/airflow/.local/lib/python3.12/site-packages/airflow/example_dags/example_dataset_alias.py took 0.520 seconds
[2025-02-10T03:15:00.839+0000] {processor.py:186} INFO - Started process (PID=2455) to work on /home/airflow/.local/lib/python3.12/site-packages/airflow/example_dags/example_dataset_alias.py
[2025-02-10T03:15:00.841+0000] {processor.py:914} INFO - Processing file /home/airflow/.local/lib/python3.12/site-packages/airflow/example_dags/example_dataset_alias.py for tasks to queue
[2025-02-10T03:15:00.843+0000] {logging_mixin.py:190} INFO - [2025-02-10T03:15:00.842+0000] {dagbag.py:588} INFO - Filling up the DagBag from /home/airflow/.local/lib/python3.12/site-packages/airflow/example_dags/example_dataset_alias.py
[2025-02-10T03:15:01.364+0000] {processor.py:925} INFO - DAG(s) 'dataset_s3_bucket_producer', 'dataset_s3_bucket_consumer', 'dataset_alias_example_alias_consumer', 'dataset_alias_example_alias_producer' retrieved from /home/airflow/.local/lib/python3.12/site-packages/airflow/example_dags/example_dataset_alias.py
[2025-02-10T03:15:01.379+0000] {logging_mixin.py:190} INFO - [2025-02-10T03:15:01.379+0000] {dag.py:3239} INFO - Sync 4 DAGs
[2025-02-10T03:15:01.391+0000] {logging_mixin.py:190} INFO - [2025-02-10T03:15:01.391+0000] {dag.py:4180} INFO - Setting next_dagrun for dataset_alias_example_alias_consumer to None, run_after=None
[2025-02-10T03:15:01.392+0000] {logging_mixin.py:190} INFO - [2025-02-10T03:15:01.392+0000] {dag.py:4180} INFO - Setting next_dagrun for dataset_alias_example_alias_producer to None, run_after=None
[2025-02-10T03:15:01.393+0000] {logging_mixin.py:190} INFO - [2025-02-10T03:15:01.393+0000] {dag.py:4180} INFO - Setting next_dagrun for dataset_s3_bucket_consumer to None, run_after=None
[2025-02-10T03:15:01.394+0000] {logging_mixin.py:190} INFO - [2025-02-10T03:15:01.394+0000] {dag.py:4180} INFO - Setting next_dagrun for dataset_s3_bucket_producer to None, run_after=None
[2025-02-10T03:15:01.410+0000] {processor.py:208} INFO - Processing /home/airflow/.local/lib/python3.12/site-packages/airflow/example_dags/example_dataset_alias.py took 0.575 seconds
[2025-02-10T03:15:31.613+0000] {processor.py:186} INFO - Started process (PID=2518) to work on /home/airflow/.local/lib/python3.12/site-packages/airflow/example_dags/example_dataset_alias.py
[2025-02-10T03:15:31.614+0000] {processor.py:914} INFO - Processing file /home/airflow/.local/lib/python3.12/site-packages/airflow/example_dags/example_dataset_alias.py for tasks to queue
[2025-02-10T03:15:31.617+0000] {logging_mixin.py:190} INFO - [2025-02-10T03:15:31.616+0000] {dagbag.py:588} INFO - Filling up the DagBag from /home/airflow/.local/lib/python3.12/site-packages/airflow/example_dags/example_dataset_alias.py
[2025-02-10T03:15:32.020+0000] {processor.py:925} INFO - DAG(s) 'dataset_s3_bucket_consumer', 'dataset_alias_example_alias_producer', 'dataset_s3_bucket_producer', 'dataset_alias_example_alias_consumer' retrieved from /home/airflow/.local/lib/python3.12/site-packages/airflow/example_dags/example_dataset_alias.py
[2025-02-10T03:15:32.031+0000] {logging_mixin.py:190} INFO - [2025-02-10T03:15:32.031+0000] {dag.py:3239} INFO - Sync 4 DAGs
[2025-02-10T03:15:32.044+0000] {logging_mixin.py:190} INFO - [2025-02-10T03:15:32.044+0000] {dag.py:4180} INFO - Setting next_dagrun for dataset_alias_example_alias_consumer to None, run_after=None
[2025-02-10T03:15:32.045+0000] {logging_mixin.py:190} INFO - [2025-02-10T03:15:32.045+0000] {dag.py:4180} INFO - Setting next_dagrun for dataset_alias_example_alias_producer to None, run_after=None
[2025-02-10T03:15:32.046+0000] {logging_mixin.py:190} INFO - [2025-02-10T03:15:32.046+0000] {dag.py:4180} INFO - Setting next_dagrun for dataset_s3_bucket_consumer to None, run_after=None
[2025-02-10T03:15:32.048+0000] {logging_mixin.py:190} INFO - [2025-02-10T03:15:32.048+0000] {dag.py:4180} INFO - Setting next_dagrun for dataset_s3_bucket_producer to None, run_after=None
[2025-02-10T03:15:32.060+0000] {processor.py:208} INFO - Processing /home/airflow/.local/lib/python3.12/site-packages/airflow/example_dags/example_dataset_alias.py took 0.451 seconds
