[2025-02-10T02:55:45.047+0000] {processor.py:186} INFO - Started process (PID=64) to work on /home/airflow/.local/lib/python3.12/site-packages/airflow/example_dags/example_branch_python_dop_operator_3.py
[2025-02-10T02:55:45.048+0000] {processor.py:914} INFO - Processing file /home/airflow/.local/lib/python3.12/site-packages/airflow/example_dags/example_branch_python_dop_operator_3.py for tasks to queue
[2025-02-10T02:55:45.050+0000] {logging_mixin.py:190} INFO - [2025-02-10T02:55:45.050+0000] {dagbag.py:588} INFO - Filling up the DagBag from /home/airflow/.local/lib/python3.12/site-packages/airflow/example_dags/example_branch_python_dop_operator_3.py
[2025-02-10T02:55:45.057+0000] {processor.py:925} INFO - DAG(s) 'example_branch_dop_operator_v3' retrieved from /home/airflow/.local/lib/python3.12/site-packages/airflow/example_dags/example_branch_python_dop_operator_3.py
[2025-02-10T02:55:45.146+0000] {logging_mixin.py:190} INFO - [2025-02-10T02:55:45.145+0000] {override.py:1911} INFO - Created Permission View: can read on DAG:example_branch_dop_operator_v3
[2025-02-10T02:55:45.166+0000] {logging_mixin.py:190} INFO - [2025-02-10T02:55:45.165+0000] {override.py:1911} INFO - Created Permission View: can edit on DAG:example_branch_dop_operator_v3
[2025-02-10T02:55:45.171+0000] {logging_mixin.py:190} INFO - [2025-02-10T02:55:45.170+0000] {override.py:1911} INFO - Created Permission View: can delete on DAG:example_branch_dop_operator_v3
[2025-02-10T02:55:45.180+0000] {logging_mixin.py:190} INFO - [2025-02-10T02:55:45.180+0000] {override.py:1911} INFO - Created Permission View: can read on DAG Run:example_branch_dop_operator_v3
[2025-02-10T02:55:45.187+0000] {logging_mixin.py:190} INFO - [2025-02-10T02:55:45.187+0000] {override.py:1911} INFO - Created Permission View: can delete on DAG Run:example_branch_dop_operator_v3
[2025-02-10T02:55:45.192+0000] {logging_mixin.py:190} INFO - [2025-02-10T02:55:45.192+0000] {override.py:1911} INFO - Created Permission View: menu access on DAG Run:example_branch_dop_operator_v3
[2025-02-10T02:55:45.195+0000] {logging_mixin.py:190} INFO - [2025-02-10T02:55:45.195+0000] {override.py:1911} INFO - Created Permission View: can create on DAG Run:example_branch_dop_operator_v3
[2025-02-10T02:55:45.197+0000] {logging_mixin.py:190} INFO - [2025-02-10T02:55:45.197+0000] {dag.py:3239} INFO - Sync 1 DAGs
[2025-02-10T02:55:45.205+0000] {logging_mixin.py:190} INFO - [2025-02-10T02:55:45.205+0000] {dag.py:3262} INFO - Creating ORM DAG for example_branch_dop_operator_v3
[2025-02-10T02:55:45.212+0000] {logging_mixin.py:190} INFO - [2025-02-10T02:55:45.212+0000] {dag.py:4180} INFO - Setting next_dagrun for example_branch_dop_operator_v3 to 2025-02-10 02:54:00+00:00, run_after=2025-02-10 02:55:00+00:00
[2025-02-10T02:55:45.221+0000] {processor.py:208} INFO - Processing /home/airflow/.local/lib/python3.12/site-packages/airflow/example_dags/example_branch_python_dop_operator_3.py took 0.179 seconds
[2025-02-10T02:56:16.141+0000] {processor.py:186} INFO - Started process (PID=128) to work on /home/airflow/.local/lib/python3.12/site-packages/airflow/example_dags/example_branch_python_dop_operator_3.py
[2025-02-10T02:56:16.143+0000] {processor.py:914} INFO - Processing file /home/airflow/.local/lib/python3.12/site-packages/airflow/example_dags/example_branch_python_dop_operator_3.py for tasks to queue
[2025-02-10T02:56:16.144+0000] {logging_mixin.py:190} INFO - [2025-02-10T02:56:16.144+0000] {dagbag.py:588} INFO - Filling up the DagBag from /home/airflow/.local/lib/python3.12/site-packages/airflow/example_dags/example_branch_python_dop_operator_3.py
[2025-02-10T02:56:16.150+0000] {processor.py:925} INFO - DAG(s) 'example_branch_dop_operator_v3' retrieved from /home/airflow/.local/lib/python3.12/site-packages/airflow/example_dags/example_branch_python_dop_operator_3.py
[2025-02-10T02:56:16.196+0000] {logging_mixin.py:190} INFO - [2025-02-10T02:56:16.196+0000] {dag.py:3239} INFO - Sync 1 DAGs
[2025-02-10T02:56:16.216+0000] {logging_mixin.py:190} INFO - [2025-02-10T02:56:16.216+0000] {dag.py:4180} INFO - Setting next_dagrun for example_branch_dop_operator_v3 to 2025-02-10 02:55:00+00:00, run_after=2025-02-10 02:56:00+00:00
[2025-02-10T02:56:16.227+0000] {processor.py:208} INFO - Processing /home/airflow/.local/lib/python3.12/site-packages/airflow/example_dags/example_branch_python_dop_operator_3.py took 0.089 seconds
[2025-02-10T02:56:46.403+0000] {processor.py:186} INFO - Started process (PID=191) to work on /home/airflow/.local/lib/python3.12/site-packages/airflow/example_dags/example_branch_python_dop_operator_3.py
[2025-02-10T02:56:46.405+0000] {processor.py:914} INFO - Processing file /home/airflow/.local/lib/python3.12/site-packages/airflow/example_dags/example_branch_python_dop_operator_3.py for tasks to queue
[2025-02-10T02:56:46.408+0000] {logging_mixin.py:190} INFO - [2025-02-10T02:56:46.408+0000] {dagbag.py:588} INFO - Filling up the DagBag from /home/airflow/.local/lib/python3.12/site-packages/airflow/example_dags/example_branch_python_dop_operator_3.py
[2025-02-10T02:56:46.422+0000] {processor.py:925} INFO - DAG(s) 'example_branch_dop_operator_v3' retrieved from /home/airflow/.local/lib/python3.12/site-packages/airflow/example_dags/example_branch_python_dop_operator_3.py
[2025-02-10T02:56:46.435+0000] {logging_mixin.py:190} INFO - [2025-02-10T02:56:46.435+0000] {dag.py:3239} INFO - Sync 1 DAGs
[2025-02-10T02:56:46.450+0000] {logging_mixin.py:190} INFO - [2025-02-10T02:56:46.450+0000] {dag.py:4180} INFO - Setting next_dagrun for example_branch_dop_operator_v3 to 2025-02-10 02:55:00+00:00, run_after=2025-02-10 02:56:00+00:00
[2025-02-10T02:56:46.459+0000] {processor.py:208} INFO - Processing /home/airflow/.local/lib/python3.12/site-packages/airflow/example_dags/example_branch_python_dop_operator_3.py took 0.066 seconds
[2025-02-10T02:57:17.187+0000] {processor.py:186} INFO - Started process (PID=254) to work on /home/airflow/.local/lib/python3.12/site-packages/airflow/example_dags/example_branch_python_dop_operator_3.py
[2025-02-10T02:57:17.188+0000] {processor.py:914} INFO - Processing file /home/airflow/.local/lib/python3.12/site-packages/airflow/example_dags/example_branch_python_dop_operator_3.py for tasks to queue
[2025-02-10T02:57:17.192+0000] {logging_mixin.py:190} INFO - [2025-02-10T02:57:17.191+0000] {dagbag.py:588} INFO - Filling up the DagBag from /home/airflow/.local/lib/python3.12/site-packages/airflow/example_dags/example_branch_python_dop_operator_3.py
[2025-02-10T02:57:17.198+0000] {processor.py:925} INFO - DAG(s) 'example_branch_dop_operator_v3' retrieved from /home/airflow/.local/lib/python3.12/site-packages/airflow/example_dags/example_branch_python_dop_operator_3.py
[2025-02-10T02:57:17.214+0000] {logging_mixin.py:190} INFO - [2025-02-10T02:57:17.214+0000] {dag.py:3239} INFO - Sync 1 DAGs
[2025-02-10T02:57:17.229+0000] {logging_mixin.py:190} INFO - [2025-02-10T02:57:17.229+0000] {dag.py:4180} INFO - Setting next_dagrun for example_branch_dop_operator_v3 to 2025-02-10 02:56:00+00:00, run_after=2025-02-10 02:57:00+00:00
[2025-02-10T02:57:17.235+0000] {processor.py:208} INFO - Processing /home/airflow/.local/lib/python3.12/site-packages/airflow/example_dags/example_branch_python_dop_operator_3.py took 0.052 seconds
[2025-02-10T02:57:48.124+0000] {processor.py:186} INFO - Started process (PID=318) to work on /home/airflow/.local/lib/python3.12/site-packages/airflow/example_dags/example_branch_python_dop_operator_3.py
[2025-02-10T02:57:48.125+0000] {processor.py:914} INFO - Processing file /home/airflow/.local/lib/python3.12/site-packages/airflow/example_dags/example_branch_python_dop_operator_3.py for tasks to queue
[2025-02-10T02:57:48.127+0000] {logging_mixin.py:190} INFO - [2025-02-10T02:57:48.126+0000] {dagbag.py:588} INFO - Filling up the DagBag from /home/airflow/.local/lib/python3.12/site-packages/airflow/example_dags/example_branch_python_dop_operator_3.py
[2025-02-10T02:57:48.133+0000] {processor.py:925} INFO - DAG(s) 'example_branch_dop_operator_v3' retrieved from /home/airflow/.local/lib/python3.12/site-packages/airflow/example_dags/example_branch_python_dop_operator_3.py
[2025-02-10T02:57:48.143+0000] {logging_mixin.py:190} INFO - [2025-02-10T02:57:48.142+0000] {dag.py:3239} INFO - Sync 1 DAGs
[2025-02-10T02:57:48.154+0000] {logging_mixin.py:190} INFO - [2025-02-10T02:57:48.154+0000] {dag.py:4180} INFO - Setting next_dagrun for example_branch_dop_operator_v3 to 2025-02-10 02:56:00+00:00, run_after=2025-02-10 02:57:00+00:00
[2025-02-10T02:57:48.161+0000] {processor.py:208} INFO - Processing /home/airflow/.local/lib/python3.12/site-packages/airflow/example_dags/example_branch_python_dop_operator_3.py took 0.042 seconds
[2025-02-10T02:58:19.026+0000] {processor.py:186} INFO - Started process (PID=382) to work on /home/airflow/.local/lib/python3.12/site-packages/airflow/example_dags/example_branch_python_dop_operator_3.py
[2025-02-10T02:58:19.028+0000] {processor.py:914} INFO - Processing file /home/airflow/.local/lib/python3.12/site-packages/airflow/example_dags/example_branch_python_dop_operator_3.py for tasks to queue
[2025-02-10T02:58:19.029+0000] {logging_mixin.py:190} INFO - [2025-02-10T02:58:19.029+0000] {dagbag.py:588} INFO - Filling up the DagBag from /home/airflow/.local/lib/python3.12/site-packages/airflow/example_dags/example_branch_python_dop_operator_3.py
[2025-02-10T02:58:19.045+0000] {processor.py:925} INFO - DAG(s) 'example_branch_dop_operator_v3' retrieved from /home/airflow/.local/lib/python3.12/site-packages/airflow/example_dags/example_branch_python_dop_operator_3.py
[2025-02-10T02:58:19.076+0000] {logging_mixin.py:190} INFO - [2025-02-10T02:58:19.076+0000] {dag.py:3239} INFO - Sync 1 DAGs
[2025-02-10T02:58:19.114+0000] {logging_mixin.py:190} INFO - [2025-02-10T02:58:19.114+0000] {dag.py:4180} INFO - Setting next_dagrun for example_branch_dop_operator_v3 to 2025-02-10 02:57:00+00:00, run_after=2025-02-10 02:58:00+00:00
[2025-02-10T02:58:19.168+0000] {processor.py:208} INFO - Processing /home/airflow/.local/lib/python3.12/site-packages/airflow/example_dags/example_branch_python_dop_operator_3.py took 0.146 seconds
[2025-02-10T02:58:50.137+0000] {processor.py:186} INFO - Started process (PID=446) to work on /home/airflow/.local/lib/python3.12/site-packages/airflow/example_dags/example_branch_python_dop_operator_3.py
[2025-02-10T02:58:50.138+0000] {processor.py:914} INFO - Processing file /home/airflow/.local/lib/python3.12/site-packages/airflow/example_dags/example_branch_python_dop_operator_3.py for tasks to queue
[2025-02-10T02:58:50.140+0000] {logging_mixin.py:190} INFO - [2025-02-10T02:58:50.140+0000] {dagbag.py:588} INFO - Filling up the DagBag from /home/airflow/.local/lib/python3.12/site-packages/airflow/example_dags/example_branch_python_dop_operator_3.py
[2025-02-10T02:58:50.153+0000] {processor.py:925} INFO - DAG(s) 'example_branch_dop_operator_v3' retrieved from /home/airflow/.local/lib/python3.12/site-packages/airflow/example_dags/example_branch_python_dop_operator_3.py
[2025-02-10T02:58:50.183+0000] {logging_mixin.py:190} INFO - [2025-02-10T02:58:50.182+0000] {dag.py:3239} INFO - Sync 1 DAGs
[2025-02-10T02:58:50.203+0000] {logging_mixin.py:190} INFO - [2025-02-10T02:58:50.203+0000] {dag.py:4180} INFO - Setting next_dagrun for example_branch_dop_operator_v3 to 2025-02-10 02:57:00+00:00, run_after=2025-02-10 02:58:00+00:00
[2025-02-10T02:58:50.214+0000] {processor.py:208} INFO - Processing /home/airflow/.local/lib/python3.12/site-packages/airflow/example_dags/example_branch_python_dop_operator_3.py took 0.081 seconds
[2025-02-10T02:59:20.331+0000] {processor.py:186} INFO - Started process (PID=510) to work on /home/airflow/.local/lib/python3.12/site-packages/airflow/example_dags/example_branch_python_dop_operator_3.py
[2025-02-10T02:59:20.332+0000] {processor.py:914} INFO - Processing file /home/airflow/.local/lib/python3.12/site-packages/airflow/example_dags/example_branch_python_dop_operator_3.py for tasks to queue
[2025-02-10T02:59:20.336+0000] {logging_mixin.py:190} INFO - [2025-02-10T02:59:20.335+0000] {dagbag.py:588} INFO - Filling up the DagBag from /home/airflow/.local/lib/python3.12/site-packages/airflow/example_dags/example_branch_python_dop_operator_3.py
[2025-02-10T02:59:20.348+0000] {processor.py:925} INFO - DAG(s) 'example_branch_dop_operator_v3' retrieved from /home/airflow/.local/lib/python3.12/site-packages/airflow/example_dags/example_branch_python_dop_operator_3.py
[2025-02-10T02:59:20.363+0000] {logging_mixin.py:190} INFO - [2025-02-10T02:59:20.363+0000] {dag.py:3239} INFO - Sync 1 DAGs
[2025-02-10T02:59:20.388+0000] {logging_mixin.py:190} INFO - [2025-02-10T02:59:20.388+0000] {dag.py:4180} INFO - Setting next_dagrun for example_branch_dop_operator_v3 to 2025-02-10 02:58:00+00:00, run_after=2025-02-10 02:59:00+00:00
[2025-02-10T02:59:20.397+0000] {processor.py:208} INFO - Processing /home/airflow/.local/lib/python3.12/site-packages/airflow/example_dags/example_branch_python_dop_operator_3.py took 0.074 seconds
[2025-02-10T02:59:50.667+0000] {processor.py:186} INFO - Started process (PID=574) to work on /home/airflow/.local/lib/python3.12/site-packages/airflow/example_dags/example_branch_python_dop_operator_3.py
[2025-02-10T02:59:50.669+0000] {processor.py:914} INFO - Processing file /home/airflow/.local/lib/python3.12/site-packages/airflow/example_dags/example_branch_python_dop_operator_3.py for tasks to queue
[2025-02-10T02:59:50.671+0000] {logging_mixin.py:190} INFO - [2025-02-10T02:59:50.671+0000] {dagbag.py:588} INFO - Filling up the DagBag from /home/airflow/.local/lib/python3.12/site-packages/airflow/example_dags/example_branch_python_dop_operator_3.py
[2025-02-10T02:59:50.689+0000] {processor.py:925} INFO - DAG(s) 'example_branch_dop_operator_v3' retrieved from /home/airflow/.local/lib/python3.12/site-packages/airflow/example_dags/example_branch_python_dop_operator_3.py
[2025-02-10T02:59:50.705+0000] {logging_mixin.py:190} INFO - [2025-02-10T02:59:50.705+0000] {dag.py:3239} INFO - Sync 1 DAGs
[2025-02-10T02:59:50.722+0000] {logging_mixin.py:190} INFO - [2025-02-10T02:59:50.721+0000] {dag.py:4180} INFO - Setting next_dagrun for example_branch_dop_operator_v3 to 2025-02-10 02:58:00+00:00, run_after=2025-02-10 02:59:00+00:00
[2025-02-10T02:59:50.740+0000] {processor.py:208} INFO - Processing /home/airflow/.local/lib/python3.12/site-packages/airflow/example_dags/example_branch_python_dop_operator_3.py took 0.083 seconds
[2025-02-10T03:00:20.893+0000] {processor.py:186} INFO - Started process (PID=638) to work on /home/airflow/.local/lib/python3.12/site-packages/airflow/example_dags/example_branch_python_dop_operator_3.py
[2025-02-10T03:00:20.894+0000] {processor.py:914} INFO - Processing file /home/airflow/.local/lib/python3.12/site-packages/airflow/example_dags/example_branch_python_dop_operator_3.py for tasks to queue
[2025-02-10T03:00:20.896+0000] {logging_mixin.py:190} INFO - [2025-02-10T03:00:20.896+0000] {dagbag.py:588} INFO - Filling up the DagBag from /home/airflow/.local/lib/python3.12/site-packages/airflow/example_dags/example_branch_python_dop_operator_3.py
[2025-02-10T03:00:20.906+0000] {processor.py:925} INFO - DAG(s) 'example_branch_dop_operator_v3' retrieved from /home/airflow/.local/lib/python3.12/site-packages/airflow/example_dags/example_branch_python_dop_operator_3.py
[2025-02-10T03:00:20.919+0000] {logging_mixin.py:190} INFO - [2025-02-10T03:00:20.919+0000] {dag.py:3239} INFO - Sync 1 DAGs
[2025-02-10T03:00:20.933+0000] {logging_mixin.py:190} INFO - [2025-02-10T03:00:20.932+0000] {dag.py:4180} INFO - Setting next_dagrun for example_branch_dop_operator_v3 to 2025-02-10 02:59:00+00:00, run_after=2025-02-10 03:00:00+00:00
[2025-02-10T03:00:20.941+0000] {processor.py:208} INFO - Processing /home/airflow/.local/lib/python3.12/site-packages/airflow/example_dags/example_branch_python_dop_operator_3.py took 0.054 seconds
[2025-02-10T03:00:51.437+0000] {processor.py:186} INFO - Started process (PID=702) to work on /home/airflow/.local/lib/python3.12/site-packages/airflow/example_dags/example_branch_python_dop_operator_3.py
[2025-02-10T03:00:51.439+0000] {processor.py:914} INFO - Processing file /home/airflow/.local/lib/python3.12/site-packages/airflow/example_dags/example_branch_python_dop_operator_3.py for tasks to queue
[2025-02-10T03:00:51.441+0000] {logging_mixin.py:190} INFO - [2025-02-10T03:00:51.441+0000] {dagbag.py:588} INFO - Filling up the DagBag from /home/airflow/.local/lib/python3.12/site-packages/airflow/example_dags/example_branch_python_dop_operator_3.py
[2025-02-10T03:00:51.459+0000] {processor.py:925} INFO - DAG(s) 'example_branch_dop_operator_v3' retrieved from /home/airflow/.local/lib/python3.12/site-packages/airflow/example_dags/example_branch_python_dop_operator_3.py
[2025-02-10T03:00:51.479+0000] {logging_mixin.py:190} INFO - [2025-02-10T03:00:51.479+0000] {dag.py:3239} INFO - Sync 1 DAGs
[2025-02-10T03:00:51.494+0000] {logging_mixin.py:190} INFO - [2025-02-10T03:00:51.493+0000] {dag.py:4180} INFO - Setting next_dagrun for example_branch_dop_operator_v3 to 2025-02-10 02:59:00+00:00, run_after=2025-02-10 03:00:00+00:00
[2025-02-10T03:00:51.502+0000] {processor.py:208} INFO - Processing /home/airflow/.local/lib/python3.12/site-packages/airflow/example_dags/example_branch_python_dop_operator_3.py took 0.075 seconds
[2025-02-10T03:01:21.572+0000] {processor.py:186} INFO - Started process (PID=766) to work on /home/airflow/.local/lib/python3.12/site-packages/airflow/example_dags/example_branch_python_dop_operator_3.py
[2025-02-10T03:01:21.574+0000] {processor.py:914} INFO - Processing file /home/airflow/.local/lib/python3.12/site-packages/airflow/example_dags/example_branch_python_dop_operator_3.py for tasks to queue
[2025-02-10T03:01:21.577+0000] {logging_mixin.py:190} INFO - [2025-02-10T03:01:21.577+0000] {dagbag.py:588} INFO - Filling up the DagBag from /home/airflow/.local/lib/python3.12/site-packages/airflow/example_dags/example_branch_python_dop_operator_3.py
[2025-02-10T03:01:21.591+0000] {processor.py:925} INFO - DAG(s) 'example_branch_dop_operator_v3' retrieved from /home/airflow/.local/lib/python3.12/site-packages/airflow/example_dags/example_branch_python_dop_operator_3.py
[2025-02-10T03:01:21.611+0000] {logging_mixin.py:190} INFO - [2025-02-10T03:01:21.611+0000] {dag.py:3239} INFO - Sync 1 DAGs
[2025-02-10T03:01:21.627+0000] {logging_mixin.py:190} INFO - [2025-02-10T03:01:21.627+0000] {dag.py:4180} INFO - Setting next_dagrun for example_branch_dop_operator_v3 to 2025-02-10 03:00:00+00:00, run_after=2025-02-10 03:01:00+00:00
[2025-02-10T03:01:21.636+0000] {processor.py:208} INFO - Processing /home/airflow/.local/lib/python3.12/site-packages/airflow/example_dags/example_branch_python_dop_operator_3.py took 0.073 seconds
[2025-02-10T03:01:51.708+0000] {processor.py:186} INFO - Started process (PID=830) to work on /home/airflow/.local/lib/python3.12/site-packages/airflow/example_dags/example_branch_python_dop_operator_3.py
[2025-02-10T03:01:51.710+0000] {processor.py:914} INFO - Processing file /home/airflow/.local/lib/python3.12/site-packages/airflow/example_dags/example_branch_python_dop_operator_3.py for tasks to queue
[2025-02-10T03:01:51.713+0000] {logging_mixin.py:190} INFO - [2025-02-10T03:01:51.712+0000] {dagbag.py:588} INFO - Filling up the DagBag from /home/airflow/.local/lib/python3.12/site-packages/airflow/example_dags/example_branch_python_dop_operator_3.py
[2025-02-10T03:01:51.723+0000] {processor.py:925} INFO - DAG(s) 'example_branch_dop_operator_v3' retrieved from /home/airflow/.local/lib/python3.12/site-packages/airflow/example_dags/example_branch_python_dop_operator_3.py
[2025-02-10T03:01:51.739+0000] {logging_mixin.py:190} INFO - [2025-02-10T03:01:51.739+0000] {dag.py:3239} INFO - Sync 1 DAGs
[2025-02-10T03:01:51.753+0000] {logging_mixin.py:190} INFO - [2025-02-10T03:01:51.753+0000] {dag.py:4180} INFO - Setting next_dagrun for example_branch_dop_operator_v3 to 2025-02-10 03:00:00+00:00, run_after=2025-02-10 03:01:00+00:00
[2025-02-10T03:01:51.761+0000] {processor.py:208} INFO - Processing /home/airflow/.local/lib/python3.12/site-packages/airflow/example_dags/example_branch_python_dop_operator_3.py took 0.060 seconds
[2025-02-10T03:02:22.055+0000] {processor.py:186} INFO - Started process (PID=894) to work on /home/airflow/.local/lib/python3.12/site-packages/airflow/example_dags/example_branch_python_dop_operator_3.py
[2025-02-10T03:02:22.057+0000] {processor.py:914} INFO - Processing file /home/airflow/.local/lib/python3.12/site-packages/airflow/example_dags/example_branch_python_dop_operator_3.py for tasks to queue
[2025-02-10T03:02:22.060+0000] {logging_mixin.py:190} INFO - [2025-02-10T03:02:22.059+0000] {dagbag.py:588} INFO - Filling up the DagBag from /home/airflow/.local/lib/python3.12/site-packages/airflow/example_dags/example_branch_python_dop_operator_3.py
[2025-02-10T03:02:22.069+0000] {processor.py:925} INFO - DAG(s) 'example_branch_dop_operator_v3' retrieved from /home/airflow/.local/lib/python3.12/site-packages/airflow/example_dags/example_branch_python_dop_operator_3.py
[2025-02-10T03:02:22.083+0000] {logging_mixin.py:190} INFO - [2025-02-10T03:02:22.082+0000] {dag.py:3239} INFO - Sync 1 DAGs
[2025-02-10T03:02:22.098+0000] {logging_mixin.py:190} INFO - [2025-02-10T03:02:22.098+0000] {dag.py:4180} INFO - Setting next_dagrun for example_branch_dop_operator_v3 to 2025-02-10 03:01:00+00:00, run_after=2025-02-10 03:02:00+00:00
[2025-02-10T03:02:22.106+0000] {processor.py:208} INFO - Processing /home/airflow/.local/lib/python3.12/site-packages/airflow/example_dags/example_branch_python_dop_operator_3.py took 0.058 seconds
[2025-02-10T03:02:52.466+0000] {processor.py:186} INFO - Started process (PID=958) to work on /home/airflow/.local/lib/python3.12/site-packages/airflow/example_dags/example_branch_python_dop_operator_3.py
[2025-02-10T03:02:52.473+0000] {processor.py:914} INFO - Processing file /home/airflow/.local/lib/python3.12/site-packages/airflow/example_dags/example_branch_python_dop_operator_3.py for tasks to queue
[2025-02-10T03:02:52.482+0000] {logging_mixin.py:190} INFO - [2025-02-10T03:02:52.481+0000] {dagbag.py:588} INFO - Filling up the DagBag from /home/airflow/.local/lib/python3.12/site-packages/airflow/example_dags/example_branch_python_dop_operator_3.py
[2025-02-10T03:02:52.510+0000] {processor.py:925} INFO - DAG(s) 'example_branch_dop_operator_v3' retrieved from /home/airflow/.local/lib/python3.12/site-packages/airflow/example_dags/example_branch_python_dop_operator_3.py
[2025-02-10T03:02:52.527+0000] {logging_mixin.py:190} INFO - [2025-02-10T03:02:52.527+0000] {dag.py:3239} INFO - Sync 1 DAGs
[2025-02-10T03:02:52.542+0000] {logging_mixin.py:190} INFO - [2025-02-10T03:02:52.542+0000] {dag.py:4180} INFO - Setting next_dagrun for example_branch_dop_operator_v3 to 2025-02-10 03:01:00+00:00, run_after=2025-02-10 03:02:00+00:00
[2025-02-10T03:02:52.551+0000] {processor.py:208} INFO - Processing /home/airflow/.local/lib/python3.12/site-packages/airflow/example_dags/example_branch_python_dop_operator_3.py took 0.096 seconds
[2025-02-10T03:03:22.813+0000] {processor.py:186} INFO - Started process (PID=1022) to work on /home/airflow/.local/lib/python3.12/site-packages/airflow/example_dags/example_branch_python_dop_operator_3.py
[2025-02-10T03:03:22.815+0000] {processor.py:914} INFO - Processing file /home/airflow/.local/lib/python3.12/site-packages/airflow/example_dags/example_branch_python_dop_operator_3.py for tasks to queue
[2025-02-10T03:03:22.818+0000] {logging_mixin.py:190} INFO - [2025-02-10T03:03:22.818+0000] {dagbag.py:588} INFO - Filling up the DagBag from /home/airflow/.local/lib/python3.12/site-packages/airflow/example_dags/example_branch_python_dop_operator_3.py
[2025-02-10T03:03:22.834+0000] {processor.py:925} INFO - DAG(s) 'example_branch_dop_operator_v3' retrieved from /home/airflow/.local/lib/python3.12/site-packages/airflow/example_dags/example_branch_python_dop_operator_3.py
[2025-02-10T03:03:22.850+0000] {logging_mixin.py:190} INFO - [2025-02-10T03:03:22.850+0000] {dag.py:3239} INFO - Sync 1 DAGs
[2025-02-10T03:03:22.863+0000] {logging_mixin.py:190} INFO - [2025-02-10T03:03:22.863+0000] {dag.py:4180} INFO - Setting next_dagrun for example_branch_dop_operator_v3 to 2025-02-10 03:02:00+00:00, run_after=2025-02-10 03:03:00+00:00
[2025-02-10T03:03:22.871+0000] {processor.py:208} INFO - Processing /home/airflow/.local/lib/python3.12/site-packages/airflow/example_dags/example_branch_python_dop_operator_3.py took 0.066 seconds
[2025-02-10T03:03:53.046+0000] {processor.py:186} INFO - Started process (PID=1086) to work on /home/airflow/.local/lib/python3.12/site-packages/airflow/example_dags/example_branch_python_dop_operator_3.py
[2025-02-10T03:03:53.048+0000] {processor.py:914} INFO - Processing file /home/airflow/.local/lib/python3.12/site-packages/airflow/example_dags/example_branch_python_dop_operator_3.py for tasks to queue
[2025-02-10T03:03:53.050+0000] {logging_mixin.py:190} INFO - [2025-02-10T03:03:53.050+0000] {dagbag.py:588} INFO - Filling up the DagBag from /home/airflow/.local/lib/python3.12/site-packages/airflow/example_dags/example_branch_python_dop_operator_3.py
[2025-02-10T03:03:53.061+0000] {processor.py:925} INFO - DAG(s) 'example_branch_dop_operator_v3' retrieved from /home/airflow/.local/lib/python3.12/site-packages/airflow/example_dags/example_branch_python_dop_operator_3.py
[2025-02-10T03:03:53.075+0000] {logging_mixin.py:190} INFO - [2025-02-10T03:03:53.075+0000] {dag.py:3239} INFO - Sync 1 DAGs
[2025-02-10T03:03:53.091+0000] {logging_mixin.py:190} INFO - [2025-02-10T03:03:53.091+0000] {dag.py:4180} INFO - Setting next_dagrun for example_branch_dop_operator_v3 to 2025-02-10 03:02:00+00:00, run_after=2025-02-10 03:03:00+00:00
[2025-02-10T03:03:53.099+0000] {processor.py:208} INFO - Processing /home/airflow/.local/lib/python3.12/site-packages/airflow/example_dags/example_branch_python_dop_operator_3.py took 0.061 seconds
[2025-02-10T03:04:23.608+0000] {processor.py:186} INFO - Started process (PID=1150) to work on /home/airflow/.local/lib/python3.12/site-packages/airflow/example_dags/example_branch_python_dop_operator_3.py
[2025-02-10T03:04:23.611+0000] {processor.py:914} INFO - Processing file /home/airflow/.local/lib/python3.12/site-packages/airflow/example_dags/example_branch_python_dop_operator_3.py for tasks to queue
[2025-02-10T03:04:23.615+0000] {logging_mixin.py:190} INFO - [2025-02-10T03:04:23.614+0000] {dagbag.py:588} INFO - Filling up the DagBag from /home/airflow/.local/lib/python3.12/site-packages/airflow/example_dags/example_branch_python_dop_operator_3.py
[2025-02-10T03:04:23.645+0000] {processor.py:925} INFO - DAG(s) 'example_branch_dop_operator_v3' retrieved from /home/airflow/.local/lib/python3.12/site-packages/airflow/example_dags/example_branch_python_dop_operator_3.py
[2025-02-10T03:04:23.687+0000] {logging_mixin.py:190} INFO - [2025-02-10T03:04:23.687+0000] {dag.py:3239} INFO - Sync 1 DAGs
[2025-02-10T03:04:23.708+0000] {logging_mixin.py:190} INFO - [2025-02-10T03:04:23.708+0000] {dag.py:4180} INFO - Setting next_dagrun for example_branch_dop_operator_v3 to 2025-02-10 03:03:00+00:00, run_after=2025-02-10 03:04:00+00:00
[2025-02-10T03:04:23.719+0000] {processor.py:208} INFO - Processing /home/airflow/.local/lib/python3.12/site-packages/airflow/example_dags/example_branch_python_dop_operator_3.py took 0.124 seconds
[2025-02-10T03:04:54.054+0000] {processor.py:186} INFO - Started process (PID=1214) to work on /home/airflow/.local/lib/python3.12/site-packages/airflow/example_dags/example_branch_python_dop_operator_3.py
[2025-02-10T03:04:54.056+0000] {processor.py:914} INFO - Processing file /home/airflow/.local/lib/python3.12/site-packages/airflow/example_dags/example_branch_python_dop_operator_3.py for tasks to queue
[2025-02-10T03:04:54.059+0000] {logging_mixin.py:190} INFO - [2025-02-10T03:04:54.059+0000] {dagbag.py:588} INFO - Filling up the DagBag from /home/airflow/.local/lib/python3.12/site-packages/airflow/example_dags/example_branch_python_dop_operator_3.py
[2025-02-10T03:04:54.070+0000] {processor.py:925} INFO - DAG(s) 'example_branch_dop_operator_v3' retrieved from /home/airflow/.local/lib/python3.12/site-packages/airflow/example_dags/example_branch_python_dop_operator_3.py
[2025-02-10T03:04:54.084+0000] {logging_mixin.py:190} INFO - [2025-02-10T03:04:54.084+0000] {dag.py:3239} INFO - Sync 1 DAGs
[2025-02-10T03:04:54.097+0000] {logging_mixin.py:190} INFO - [2025-02-10T03:04:54.097+0000] {dag.py:4180} INFO - Setting next_dagrun for example_branch_dop_operator_v3 to 2025-02-10 03:03:00+00:00, run_after=2025-02-10 03:04:00+00:00
[2025-02-10T03:04:54.104+0000] {processor.py:208} INFO - Processing /home/airflow/.local/lib/python3.12/site-packages/airflow/example_dags/example_branch_python_dop_operator_3.py took 0.057 seconds
[2025-02-10T03:05:24.270+0000] {processor.py:186} INFO - Started process (PID=1278) to work on /home/airflow/.local/lib/python3.12/site-packages/airflow/example_dags/example_branch_python_dop_operator_3.py
[2025-02-10T03:05:24.273+0000] {processor.py:914} INFO - Processing file /home/airflow/.local/lib/python3.12/site-packages/airflow/example_dags/example_branch_python_dop_operator_3.py for tasks to queue
[2025-02-10T03:05:24.281+0000] {logging_mixin.py:190} INFO - [2025-02-10T03:05:24.281+0000] {dagbag.py:588} INFO - Filling up the DagBag from /home/airflow/.local/lib/python3.12/site-packages/airflow/example_dags/example_branch_python_dop_operator_3.py
[2025-02-10T03:05:24.293+0000] {processor.py:925} INFO - DAG(s) 'example_branch_dop_operator_v3' retrieved from /home/airflow/.local/lib/python3.12/site-packages/airflow/example_dags/example_branch_python_dop_operator_3.py
[2025-02-10T03:05:24.308+0000] {logging_mixin.py:190} INFO - [2025-02-10T03:05:24.308+0000] {dag.py:3239} INFO - Sync 1 DAGs
[2025-02-10T03:05:24.321+0000] {logging_mixin.py:190} INFO - [2025-02-10T03:05:24.321+0000] {dag.py:4180} INFO - Setting next_dagrun for example_branch_dop_operator_v3 to 2025-02-10 03:04:00+00:00, run_after=2025-02-10 03:05:00+00:00
[2025-02-10T03:05:24.329+0000] {processor.py:208} INFO - Processing /home/airflow/.local/lib/python3.12/site-packages/airflow/example_dags/example_branch_python_dop_operator_3.py took 0.070 seconds
[2025-02-10T03:05:54.457+0000] {processor.py:186} INFO - Started process (PID=1342) to work on /home/airflow/.local/lib/python3.12/site-packages/airflow/example_dags/example_branch_python_dop_operator_3.py
[2025-02-10T03:05:54.459+0000] {processor.py:914} INFO - Processing file /home/airflow/.local/lib/python3.12/site-packages/airflow/example_dags/example_branch_python_dop_operator_3.py for tasks to queue
[2025-02-10T03:05:54.464+0000] {logging_mixin.py:190} INFO - [2025-02-10T03:05:54.464+0000] {dagbag.py:588} INFO - Filling up the DagBag from /home/airflow/.local/lib/python3.12/site-packages/airflow/example_dags/example_branch_python_dop_operator_3.py
[2025-02-10T03:05:54.478+0000] {processor.py:925} INFO - DAG(s) 'example_branch_dop_operator_v3' retrieved from /home/airflow/.local/lib/python3.12/site-packages/airflow/example_dags/example_branch_python_dop_operator_3.py
[2025-02-10T03:05:54.493+0000] {logging_mixin.py:190} INFO - [2025-02-10T03:05:54.493+0000] {dag.py:3239} INFO - Sync 1 DAGs
[2025-02-10T03:05:54.509+0000] {logging_mixin.py:190} INFO - [2025-02-10T03:05:54.509+0000] {dag.py:4180} INFO - Setting next_dagrun for example_branch_dop_operator_v3 to 2025-02-10 03:04:00+00:00, run_after=2025-02-10 03:05:00+00:00
[2025-02-10T03:05:54.518+0000] {processor.py:208} INFO - Processing /home/airflow/.local/lib/python3.12/site-packages/airflow/example_dags/example_branch_python_dop_operator_3.py took 0.075 seconds
[2025-02-10T03:06:24.786+0000] {processor.py:186} INFO - Started process (PID=1406) to work on /home/airflow/.local/lib/python3.12/site-packages/airflow/example_dags/example_branch_python_dop_operator_3.py
[2025-02-10T03:06:24.788+0000] {processor.py:914} INFO - Processing file /home/airflow/.local/lib/python3.12/site-packages/airflow/example_dags/example_branch_python_dop_operator_3.py for tasks to queue
[2025-02-10T03:06:24.792+0000] {logging_mixin.py:190} INFO - [2025-02-10T03:06:24.791+0000] {dagbag.py:588} INFO - Filling up the DagBag from /home/airflow/.local/lib/python3.12/site-packages/airflow/example_dags/example_branch_python_dop_operator_3.py
[2025-02-10T03:06:24.803+0000] {processor.py:925} INFO - DAG(s) 'example_branch_dop_operator_v3' retrieved from /home/airflow/.local/lib/python3.12/site-packages/airflow/example_dags/example_branch_python_dop_operator_3.py
[2025-02-10T03:06:24.817+0000] {logging_mixin.py:190} INFO - [2025-02-10T03:06:24.817+0000] {dag.py:3239} INFO - Sync 1 DAGs
[2025-02-10T03:06:24.830+0000] {logging_mixin.py:190} INFO - [2025-02-10T03:06:24.829+0000] {dag.py:4180} INFO - Setting next_dagrun for example_branch_dop_operator_v3 to 2025-02-10 03:05:00+00:00, run_after=2025-02-10 03:06:00+00:00
[2025-02-10T03:06:24.837+0000] {processor.py:208} INFO - Processing /home/airflow/.local/lib/python3.12/site-packages/airflow/example_dags/example_branch_python_dop_operator_3.py took 0.060 seconds
[2025-02-10T03:06:55.248+0000] {processor.py:186} INFO - Started process (PID=1470) to work on /home/airflow/.local/lib/python3.12/site-packages/airflow/example_dags/example_branch_python_dop_operator_3.py
[2025-02-10T03:06:55.251+0000] {processor.py:914} INFO - Processing file /home/airflow/.local/lib/python3.12/site-packages/airflow/example_dags/example_branch_python_dop_operator_3.py for tasks to queue
[2025-02-10T03:06:55.256+0000] {logging_mixin.py:190} INFO - [2025-02-10T03:06:55.254+0000] {dagbag.py:588} INFO - Filling up the DagBag from /home/airflow/.local/lib/python3.12/site-packages/airflow/example_dags/example_branch_python_dop_operator_3.py
[2025-02-10T03:06:55.283+0000] {processor.py:925} INFO - DAG(s) 'example_branch_dop_operator_v3' retrieved from /home/airflow/.local/lib/python3.12/site-packages/airflow/example_dags/example_branch_python_dop_operator_3.py
[2025-02-10T03:06:55.301+0000] {logging_mixin.py:190} INFO - [2025-02-10T03:06:55.301+0000] {dag.py:3239} INFO - Sync 1 DAGs
[2025-02-10T03:06:55.316+0000] {logging_mixin.py:190} INFO - [2025-02-10T03:06:55.316+0000] {dag.py:4180} INFO - Setting next_dagrun for example_branch_dop_operator_v3 to 2025-02-10 03:05:00+00:00, run_after=2025-02-10 03:06:00+00:00
[2025-02-10T03:06:55.325+0000] {processor.py:208} INFO - Processing /home/airflow/.local/lib/python3.12/site-packages/airflow/example_dags/example_branch_python_dop_operator_3.py took 0.087 seconds
[2025-02-10T03:07:26.207+0000] {processor.py:186} INFO - Started process (PID=1534) to work on /home/airflow/.local/lib/python3.12/site-packages/airflow/example_dags/example_branch_python_dop_operator_3.py
[2025-02-10T03:07:26.211+0000] {processor.py:914} INFO - Processing file /home/airflow/.local/lib/python3.12/site-packages/airflow/example_dags/example_branch_python_dop_operator_3.py for tasks to queue
[2025-02-10T03:07:26.214+0000] {logging_mixin.py:190} INFO - [2025-02-10T03:07:26.214+0000] {dagbag.py:588} INFO - Filling up the DagBag from /home/airflow/.local/lib/python3.12/site-packages/airflow/example_dags/example_branch_python_dop_operator_3.py
[2025-02-10T03:07:26.235+0000] {processor.py:925} INFO - DAG(s) 'example_branch_dop_operator_v3' retrieved from /home/airflow/.local/lib/python3.12/site-packages/airflow/example_dags/example_branch_python_dop_operator_3.py
[2025-02-10T03:07:26.252+0000] {logging_mixin.py:190} INFO - [2025-02-10T03:07:26.252+0000] {dag.py:3239} INFO - Sync 1 DAGs
[2025-02-10T03:07:26.266+0000] {logging_mixin.py:190} INFO - [2025-02-10T03:07:26.266+0000] {dag.py:4180} INFO - Setting next_dagrun for example_branch_dop_operator_v3 to 2025-02-10 03:06:00+00:00, run_after=2025-02-10 03:07:00+00:00
[2025-02-10T03:07:26.274+0000] {processor.py:208} INFO - Processing /home/airflow/.local/lib/python3.12/site-packages/airflow/example_dags/example_branch_python_dop_operator_3.py took 0.075 seconds
[2025-02-10T03:07:56.685+0000] {processor.py:186} INFO - Started process (PID=1598) to work on /home/airflow/.local/lib/python3.12/site-packages/airflow/example_dags/example_branch_python_dop_operator_3.py
[2025-02-10T03:07:56.687+0000] {processor.py:914} INFO - Processing file /home/airflow/.local/lib/python3.12/site-packages/airflow/example_dags/example_branch_python_dop_operator_3.py for tasks to queue
[2025-02-10T03:07:56.689+0000] {logging_mixin.py:190} INFO - [2025-02-10T03:07:56.689+0000] {dagbag.py:588} INFO - Filling up the DagBag from /home/airflow/.local/lib/python3.12/site-packages/airflow/example_dags/example_branch_python_dop_operator_3.py
[2025-02-10T03:07:56.713+0000] {processor.py:925} INFO - DAG(s) 'example_branch_dop_operator_v3' retrieved from /home/airflow/.local/lib/python3.12/site-packages/airflow/example_dags/example_branch_python_dop_operator_3.py
[2025-02-10T03:07:56.729+0000] {logging_mixin.py:190} INFO - [2025-02-10T03:07:56.729+0000] {dag.py:3239} INFO - Sync 1 DAGs
[2025-02-10T03:07:56.745+0000] {logging_mixin.py:190} INFO - [2025-02-10T03:07:56.745+0000] {dag.py:4180} INFO - Setting next_dagrun for example_branch_dop_operator_v3 to 2025-02-10 03:06:00+00:00, run_after=2025-02-10 03:07:00+00:00
[2025-02-10T03:07:56.754+0000] {processor.py:208} INFO - Processing /home/airflow/.local/lib/python3.12/site-packages/airflow/example_dags/example_branch_python_dop_operator_3.py took 0.081 seconds
[2025-02-10T03:08:27.415+0000] {processor.py:186} INFO - Started process (PID=1662) to work on /home/airflow/.local/lib/python3.12/site-packages/airflow/example_dags/example_branch_python_dop_operator_3.py
[2025-02-10T03:08:27.418+0000] {processor.py:914} INFO - Processing file /home/airflow/.local/lib/python3.12/site-packages/airflow/example_dags/example_branch_python_dop_operator_3.py for tasks to queue
[2025-02-10T03:08:27.422+0000] {logging_mixin.py:190} INFO - [2025-02-10T03:08:27.421+0000] {dagbag.py:588} INFO - Filling up the DagBag from /home/airflow/.local/lib/python3.12/site-packages/airflow/example_dags/example_branch_python_dop_operator_3.py
[2025-02-10T03:08:27.438+0000] {processor.py:925} INFO - DAG(s) 'example_branch_dop_operator_v3' retrieved from /home/airflow/.local/lib/python3.12/site-packages/airflow/example_dags/example_branch_python_dop_operator_3.py
[2025-02-10T03:08:27.456+0000] {logging_mixin.py:190} INFO - [2025-02-10T03:08:27.456+0000] {dag.py:3239} INFO - Sync 1 DAGs
[2025-02-10T03:08:27.475+0000] {logging_mixin.py:190} INFO - [2025-02-10T03:08:27.475+0000] {dag.py:4180} INFO - Setting next_dagrun for example_branch_dop_operator_v3 to 2025-02-10 03:07:00+00:00, run_after=2025-02-10 03:08:00+00:00
[2025-02-10T03:08:27.486+0000] {processor.py:208} INFO - Processing /home/airflow/.local/lib/python3.12/site-packages/airflow/example_dags/example_branch_python_dop_operator_3.py took 0.078 seconds
[2025-02-10T03:08:57.920+0000] {processor.py:186} INFO - Started process (PID=1726) to work on /home/airflow/.local/lib/python3.12/site-packages/airflow/example_dags/example_branch_python_dop_operator_3.py
[2025-02-10T03:08:57.922+0000] {processor.py:914} INFO - Processing file /home/airflow/.local/lib/python3.12/site-packages/airflow/example_dags/example_branch_python_dop_operator_3.py for tasks to queue
[2025-02-10T03:08:57.925+0000] {logging_mixin.py:190} INFO - [2025-02-10T03:08:57.925+0000] {dagbag.py:588} INFO - Filling up the DagBag from /home/airflow/.local/lib/python3.12/site-packages/airflow/example_dags/example_branch_python_dop_operator_3.py
[2025-02-10T03:08:57.939+0000] {processor.py:925} INFO - DAG(s) 'example_branch_dop_operator_v3' retrieved from /home/airflow/.local/lib/python3.12/site-packages/airflow/example_dags/example_branch_python_dop_operator_3.py
[2025-02-10T03:08:57.954+0000] {logging_mixin.py:190} INFO - [2025-02-10T03:08:57.954+0000] {dag.py:3239} INFO - Sync 1 DAGs
[2025-02-10T03:08:57.969+0000] {logging_mixin.py:190} INFO - [2025-02-10T03:08:57.969+0000] {dag.py:4180} INFO - Setting next_dagrun for example_branch_dop_operator_v3 to 2025-02-10 03:07:00+00:00, run_after=2025-02-10 03:08:00+00:00
[2025-02-10T03:08:57.976+0000] {processor.py:208} INFO - Processing /home/airflow/.local/lib/python3.12/site-packages/airflow/example_dags/example_branch_python_dop_operator_3.py took 0.065 seconds
[2025-02-10T03:09:28.692+0000] {processor.py:186} INFO - Started process (PID=1790) to work on /home/airflow/.local/lib/python3.12/site-packages/airflow/example_dags/example_branch_python_dop_operator_3.py
[2025-02-10T03:09:28.693+0000] {processor.py:914} INFO - Processing file /home/airflow/.local/lib/python3.12/site-packages/airflow/example_dags/example_branch_python_dop_operator_3.py for tasks to queue
[2025-02-10T03:09:28.694+0000] {logging_mixin.py:190} INFO - [2025-02-10T03:09:28.694+0000] {dagbag.py:588} INFO - Filling up the DagBag from /home/airflow/.local/lib/python3.12/site-packages/airflow/example_dags/example_branch_python_dop_operator_3.py
[2025-02-10T03:09:28.701+0000] {processor.py:925} INFO - DAG(s) 'example_branch_dop_operator_v3' retrieved from /home/airflow/.local/lib/python3.12/site-packages/airflow/example_dags/example_branch_python_dop_operator_3.py
[2025-02-10T03:09:28.713+0000] {logging_mixin.py:190} INFO - [2025-02-10T03:09:28.713+0000] {dag.py:3239} INFO - Sync 1 DAGs
[2025-02-10T03:09:28.734+0000] {logging_mixin.py:190} INFO - [2025-02-10T03:09:28.734+0000] {dag.py:4180} INFO - Setting next_dagrun for example_branch_dop_operator_v3 to 2025-02-10 03:08:00+00:00, run_after=2025-02-10 03:09:00+00:00
[2025-02-10T03:09:28.745+0000] {processor.py:208} INFO - Processing /home/airflow/.local/lib/python3.12/site-packages/airflow/example_dags/example_branch_python_dop_operator_3.py took 0.057 seconds
[2025-02-10T03:09:59.650+0000] {processor.py:186} INFO - Started process (PID=1854) to work on /home/airflow/.local/lib/python3.12/site-packages/airflow/example_dags/example_branch_python_dop_operator_3.py
[2025-02-10T03:09:59.652+0000] {processor.py:914} INFO - Processing file /home/airflow/.local/lib/python3.12/site-packages/airflow/example_dags/example_branch_python_dop_operator_3.py for tasks to queue
[2025-02-10T03:09:59.653+0000] {logging_mixin.py:190} INFO - [2025-02-10T03:09:59.653+0000] {dagbag.py:588} INFO - Filling up the DagBag from /home/airflow/.local/lib/python3.12/site-packages/airflow/example_dags/example_branch_python_dop_operator_3.py
[2025-02-10T03:09:59.659+0000] {processor.py:925} INFO - DAG(s) 'example_branch_dop_operator_v3' retrieved from /home/airflow/.local/lib/python3.12/site-packages/airflow/example_dags/example_branch_python_dop_operator_3.py
[2025-02-10T03:09:59.671+0000] {logging_mixin.py:190} INFO - [2025-02-10T03:09:59.671+0000] {dag.py:3239} INFO - Sync 1 DAGs
[2025-02-10T03:09:59.683+0000] {logging_mixin.py:190} INFO - [2025-02-10T03:09:59.683+0000] {dag.py:4180} INFO - Setting next_dagrun for example_branch_dop_operator_v3 to 2025-02-10 03:08:00+00:00, run_after=2025-02-10 03:09:00+00:00
[2025-02-10T03:09:59.692+0000] {processor.py:208} INFO - Processing /home/airflow/.local/lib/python3.12/site-packages/airflow/example_dags/example_branch_python_dop_operator_3.py took 0.046 seconds
[2025-02-10T03:10:30.312+0000] {processor.py:186} INFO - Started process (PID=1918) to work on /home/airflow/.local/lib/python3.12/site-packages/airflow/example_dags/example_branch_python_dop_operator_3.py
[2025-02-10T03:10:30.314+0000] {processor.py:914} INFO - Processing file /home/airflow/.local/lib/python3.12/site-packages/airflow/example_dags/example_branch_python_dop_operator_3.py for tasks to queue
[2025-02-10T03:10:30.318+0000] {logging_mixin.py:190} INFO - [2025-02-10T03:10:30.318+0000] {dagbag.py:588} INFO - Filling up the DagBag from /home/airflow/.local/lib/python3.12/site-packages/airflow/example_dags/example_branch_python_dop_operator_3.py
[2025-02-10T03:10:30.329+0000] {processor.py:925} INFO - DAG(s) 'example_branch_dop_operator_v3' retrieved from /home/airflow/.local/lib/python3.12/site-packages/airflow/example_dags/example_branch_python_dop_operator_3.py
[2025-02-10T03:10:30.356+0000] {logging_mixin.py:190} INFO - [2025-02-10T03:10:30.356+0000] {dag.py:3239} INFO - Sync 1 DAGs
[2025-02-10T03:10:30.371+0000] {logging_mixin.py:190} INFO - [2025-02-10T03:10:30.371+0000] {dag.py:4180} INFO - Setting next_dagrun for example_branch_dop_operator_v3 to 2025-02-10 03:09:00+00:00, run_after=2025-02-10 03:10:00+00:00
[2025-02-10T03:10:30.380+0000] {processor.py:208} INFO - Processing /home/airflow/.local/lib/python3.12/site-packages/airflow/example_dags/example_branch_python_dop_operator_3.py took 0.078 seconds
[2025-02-10T03:11:00.953+0000] {processor.py:186} INFO - Started process (PID=1982) to work on /home/airflow/.local/lib/python3.12/site-packages/airflow/example_dags/example_branch_python_dop_operator_3.py
[2025-02-10T03:11:00.957+0000] {processor.py:914} INFO - Processing file /home/airflow/.local/lib/python3.12/site-packages/airflow/example_dags/example_branch_python_dop_operator_3.py for tasks to queue
[2025-02-10T03:11:00.958+0000] {logging_mixin.py:190} INFO - [2025-02-10T03:11:00.958+0000] {dagbag.py:588} INFO - Filling up the DagBag from /home/airflow/.local/lib/python3.12/site-packages/airflow/example_dags/example_branch_python_dop_operator_3.py
[2025-02-10T03:11:00.967+0000] {processor.py:925} INFO - DAG(s) 'example_branch_dop_operator_v3' retrieved from /home/airflow/.local/lib/python3.12/site-packages/airflow/example_dags/example_branch_python_dop_operator_3.py
[2025-02-10T03:11:00.990+0000] {logging_mixin.py:190} INFO - [2025-02-10T03:11:00.990+0000] {dag.py:3239} INFO - Sync 1 DAGs
[2025-02-10T03:11:01.004+0000] {logging_mixin.py:190} INFO - [2025-02-10T03:11:01.004+0000] {dag.py:4180} INFO - Setting next_dagrun for example_branch_dop_operator_v3 to 2025-02-10 03:10:00+00:00, run_after=2025-02-10 03:11:00+00:00
[2025-02-10T03:11:01.011+0000] {processor.py:208} INFO - Processing /home/airflow/.local/lib/python3.12/site-packages/airflow/example_dags/example_branch_python_dop_operator_3.py took 0.064 seconds
[2025-02-10T03:11:31.673+0000] {processor.py:186} INFO - Started process (PID=2046) to work on /home/airflow/.local/lib/python3.12/site-packages/airflow/example_dags/example_branch_python_dop_operator_3.py
[2025-02-10T03:11:31.674+0000] {processor.py:914} INFO - Processing file /home/airflow/.local/lib/python3.12/site-packages/airflow/example_dags/example_branch_python_dop_operator_3.py for tasks to queue
[2025-02-10T03:11:31.676+0000] {logging_mixin.py:190} INFO - [2025-02-10T03:11:31.676+0000] {dagbag.py:588} INFO - Filling up the DagBag from /home/airflow/.local/lib/python3.12/site-packages/airflow/example_dags/example_branch_python_dop_operator_3.py
[2025-02-10T03:11:31.685+0000] {processor.py:925} INFO - DAG(s) 'example_branch_dop_operator_v3' retrieved from /home/airflow/.local/lib/python3.12/site-packages/airflow/example_dags/example_branch_python_dop_operator_3.py
[2025-02-10T03:11:31.697+0000] {logging_mixin.py:190} INFO - [2025-02-10T03:11:31.697+0000] {dag.py:3239} INFO - Sync 1 DAGs
[2025-02-10T03:11:31.709+0000] {logging_mixin.py:190} INFO - [2025-02-10T03:11:31.709+0000] {dag.py:4180} INFO - Setting next_dagrun for example_branch_dop_operator_v3 to 2025-02-10 03:10:00+00:00, run_after=2025-02-10 03:11:00+00:00
[2025-02-10T03:11:31.716+0000] {processor.py:208} INFO - Processing /home/airflow/.local/lib/python3.12/site-packages/airflow/example_dags/example_branch_python_dop_operator_3.py took 0.049 seconds
[2025-02-10T03:12:02.380+0000] {processor.py:186} INFO - Started process (PID=2110) to work on /home/airflow/.local/lib/python3.12/site-packages/airflow/example_dags/example_branch_python_dop_operator_3.py
[2025-02-10T03:12:02.382+0000] {processor.py:914} INFO - Processing file /home/airflow/.local/lib/python3.12/site-packages/airflow/example_dags/example_branch_python_dop_operator_3.py for tasks to queue
[2025-02-10T03:12:02.385+0000] {logging_mixin.py:190} INFO - [2025-02-10T03:12:02.385+0000] {dagbag.py:588} INFO - Filling up the DagBag from /home/airflow/.local/lib/python3.12/site-packages/airflow/example_dags/example_branch_python_dop_operator_3.py
[2025-02-10T03:12:02.395+0000] {processor.py:925} INFO - DAG(s) 'example_branch_dop_operator_v3' retrieved from /home/airflow/.local/lib/python3.12/site-packages/airflow/example_dags/example_branch_python_dop_operator_3.py
[2025-02-10T03:12:02.410+0000] {logging_mixin.py:190} INFO - [2025-02-10T03:12:02.410+0000] {dag.py:3239} INFO - Sync 1 DAGs
[2025-02-10T03:12:02.424+0000] {logging_mixin.py:190} INFO - [2025-02-10T03:12:02.424+0000] {dag.py:4180} INFO - Setting next_dagrun for example_branch_dop_operator_v3 to 2025-02-10 03:11:00+00:00, run_after=2025-02-10 03:12:00+00:00
[2025-02-10T03:12:02.433+0000] {processor.py:208} INFO - Processing /home/airflow/.local/lib/python3.12/site-packages/airflow/example_dags/example_branch_python_dop_operator_3.py took 0.060 seconds
[2025-02-10T03:12:32.520+0000] {processor.py:186} INFO - Started process (PID=2174) to work on /home/airflow/.local/lib/python3.12/site-packages/airflow/example_dags/example_branch_python_dop_operator_3.py
[2025-02-10T03:12:32.521+0000] {processor.py:914} INFO - Processing file /home/airflow/.local/lib/python3.12/site-packages/airflow/example_dags/example_branch_python_dop_operator_3.py for tasks to queue
[2025-02-10T03:12:32.526+0000] {logging_mixin.py:190} INFO - [2025-02-10T03:12:32.525+0000] {dagbag.py:588} INFO - Filling up the DagBag from /home/airflow/.local/lib/python3.12/site-packages/airflow/example_dags/example_branch_python_dop_operator_3.py
[2025-02-10T03:12:32.539+0000] {processor.py:925} INFO - DAG(s) 'example_branch_dop_operator_v3' retrieved from /home/airflow/.local/lib/python3.12/site-packages/airflow/example_dags/example_branch_python_dop_operator_3.py
[2025-02-10T03:12:32.557+0000] {logging_mixin.py:190} INFO - [2025-02-10T03:12:32.557+0000] {dag.py:3239} INFO - Sync 1 DAGs
[2025-02-10T03:12:32.573+0000] {logging_mixin.py:190} INFO - [2025-02-10T03:12:32.573+0000] {dag.py:4180} INFO - Setting next_dagrun for example_branch_dop_operator_v3 to 2025-02-10 03:11:00+00:00, run_after=2025-02-10 03:12:00+00:00
[2025-02-10T03:12:32.582+0000] {processor.py:208} INFO - Processing /home/airflow/.local/lib/python3.12/site-packages/airflow/example_dags/example_branch_python_dop_operator_3.py took 0.075 seconds
[2025-02-10T03:13:03.460+0000] {processor.py:186} INFO - Started process (PID=2238) to work on /home/airflow/.local/lib/python3.12/site-packages/airflow/example_dags/example_branch_python_dop_operator_3.py
[2025-02-10T03:13:03.462+0000] {processor.py:914} INFO - Processing file /home/airflow/.local/lib/python3.12/site-packages/airflow/example_dags/example_branch_python_dop_operator_3.py for tasks to queue
[2025-02-10T03:13:03.465+0000] {logging_mixin.py:190} INFO - [2025-02-10T03:13:03.465+0000] {dagbag.py:588} INFO - Filling up the DagBag from /home/airflow/.local/lib/python3.12/site-packages/airflow/example_dags/example_branch_python_dop_operator_3.py
[2025-02-10T03:13:03.475+0000] {processor.py:925} INFO - DAG(s) 'example_branch_dop_operator_v3' retrieved from /home/airflow/.local/lib/python3.12/site-packages/airflow/example_dags/example_branch_python_dop_operator_3.py
[2025-02-10T03:13:03.487+0000] {logging_mixin.py:190} INFO - [2025-02-10T03:13:03.487+0000] {dag.py:3239} INFO - Sync 1 DAGs
[2025-02-10T03:13:03.501+0000] {logging_mixin.py:190} INFO - [2025-02-10T03:13:03.500+0000] {dag.py:4180} INFO - Setting next_dagrun for example_branch_dop_operator_v3 to 2025-02-10 03:12:00+00:00, run_after=2025-02-10 03:13:00+00:00
[2025-02-10T03:13:03.508+0000] {processor.py:208} INFO - Processing /home/airflow/.local/lib/python3.12/site-packages/airflow/example_dags/example_branch_python_dop_operator_3.py took 0.054 seconds
[2025-02-10T03:13:33.596+0000] {processor.py:186} INFO - Started process (PID=2302) to work on /home/airflow/.local/lib/python3.12/site-packages/airflow/example_dags/example_branch_python_dop_operator_3.py
[2025-02-10T03:13:33.598+0000] {processor.py:914} INFO - Processing file /home/airflow/.local/lib/python3.12/site-packages/airflow/example_dags/example_branch_python_dop_operator_3.py for tasks to queue
[2025-02-10T03:13:33.600+0000] {logging_mixin.py:190} INFO - [2025-02-10T03:13:33.600+0000] {dagbag.py:588} INFO - Filling up the DagBag from /home/airflow/.local/lib/python3.12/site-packages/airflow/example_dags/example_branch_python_dop_operator_3.py
[2025-02-10T03:13:33.609+0000] {processor.py:925} INFO - DAG(s) 'example_branch_dop_operator_v3' retrieved from /home/airflow/.local/lib/python3.12/site-packages/airflow/example_dags/example_branch_python_dop_operator_3.py
[2025-02-10T03:13:33.623+0000] {logging_mixin.py:190} INFO - [2025-02-10T03:13:33.623+0000] {dag.py:3239} INFO - Sync 1 DAGs
[2025-02-10T03:13:33.636+0000] {logging_mixin.py:190} INFO - [2025-02-10T03:13:33.636+0000] {dag.py:4180} INFO - Setting next_dagrun for example_branch_dop_operator_v3 to 2025-02-10 03:12:00+00:00, run_after=2025-02-10 03:13:00+00:00
[2025-02-10T03:13:33.643+0000] {processor.py:208} INFO - Processing /home/airflow/.local/lib/python3.12/site-packages/airflow/example_dags/example_branch_python_dop_operator_3.py took 0.054 seconds
[2025-02-10T03:14:04.330+0000] {processor.py:186} INFO - Started process (PID=2366) to work on /home/airflow/.local/lib/python3.12/site-packages/airflow/example_dags/example_branch_python_dop_operator_3.py
[2025-02-10T03:14:04.332+0000] {processor.py:914} INFO - Processing file /home/airflow/.local/lib/python3.12/site-packages/airflow/example_dags/example_branch_python_dop_operator_3.py for tasks to queue
[2025-02-10T03:14:04.334+0000] {logging_mixin.py:190} INFO - [2025-02-10T03:14:04.333+0000] {dagbag.py:588} INFO - Filling up the DagBag from /home/airflow/.local/lib/python3.12/site-packages/airflow/example_dags/example_branch_python_dop_operator_3.py
[2025-02-10T03:14:04.343+0000] {processor.py:925} INFO - DAG(s) 'example_branch_dop_operator_v3' retrieved from /home/airflow/.local/lib/python3.12/site-packages/airflow/example_dags/example_branch_python_dop_operator_3.py
[2025-02-10T03:14:04.356+0000] {logging_mixin.py:190} INFO - [2025-02-10T03:14:04.356+0000] {dag.py:3239} INFO - Sync 1 DAGs
[2025-02-10T03:14:04.368+0000] {logging_mixin.py:190} INFO - [2025-02-10T03:14:04.368+0000] {dag.py:4180} INFO - Setting next_dagrun for example_branch_dop_operator_v3 to 2025-02-10 03:13:00+00:00, run_after=2025-02-10 03:14:00+00:00
[2025-02-10T03:14:04.376+0000] {processor.py:208} INFO - Processing /home/airflow/.local/lib/python3.12/site-packages/airflow/example_dags/example_branch_python_dop_operator_3.py took 0.051 seconds
[2025-02-10T03:14:35.194+0000] {processor.py:186} INFO - Started process (PID=2430) to work on /home/airflow/.local/lib/python3.12/site-packages/airflow/example_dags/example_branch_python_dop_operator_3.py
[2025-02-10T03:14:35.196+0000] {processor.py:914} INFO - Processing file /home/airflow/.local/lib/python3.12/site-packages/airflow/example_dags/example_branch_python_dop_operator_3.py for tasks to queue
[2025-02-10T03:14:35.198+0000] {logging_mixin.py:190} INFO - [2025-02-10T03:14:35.198+0000] {dagbag.py:588} INFO - Filling up the DagBag from /home/airflow/.local/lib/python3.12/site-packages/airflow/example_dags/example_branch_python_dop_operator_3.py
[2025-02-10T03:14:35.205+0000] {processor.py:925} INFO - DAG(s) 'example_branch_dop_operator_v3' retrieved from /home/airflow/.local/lib/python3.12/site-packages/airflow/example_dags/example_branch_python_dop_operator_3.py
[2025-02-10T03:14:35.215+0000] {logging_mixin.py:190} INFO - [2025-02-10T03:14:35.215+0000] {dag.py:3239} INFO - Sync 1 DAGs
[2025-02-10T03:14:35.230+0000] {logging_mixin.py:190} INFO - [2025-02-10T03:14:35.229+0000] {dag.py:4180} INFO - Setting next_dagrun for example_branch_dop_operator_v3 to 2025-02-10 03:13:00+00:00, run_after=2025-02-10 03:14:00+00:00
[2025-02-10T03:14:35.240+0000] {processor.py:208} INFO - Processing /home/airflow/.local/lib/python3.12/site-packages/airflow/example_dags/example_branch_python_dop_operator_3.py took 0.053 seconds
[2025-02-10T03:15:05.946+0000] {processor.py:186} INFO - Started process (PID=2494) to work on /home/airflow/.local/lib/python3.12/site-packages/airflow/example_dags/example_branch_python_dop_operator_3.py
[2025-02-10T03:15:05.947+0000] {processor.py:914} INFO - Processing file /home/airflow/.local/lib/python3.12/site-packages/airflow/example_dags/example_branch_python_dop_operator_3.py for tasks to queue
[2025-02-10T03:15:05.949+0000] {logging_mixin.py:190} INFO - [2025-02-10T03:15:05.949+0000] {dagbag.py:588} INFO - Filling up the DagBag from /home/airflow/.local/lib/python3.12/site-packages/airflow/example_dags/example_branch_python_dop_operator_3.py
[2025-02-10T03:15:05.956+0000] {processor.py:925} INFO - DAG(s) 'example_branch_dop_operator_v3' retrieved from /home/airflow/.local/lib/python3.12/site-packages/airflow/example_dags/example_branch_python_dop_operator_3.py
[2025-02-10T03:15:05.964+0000] {logging_mixin.py:190} INFO - [2025-02-10T03:15:05.964+0000] {dag.py:3239} INFO - Sync 1 DAGs
[2025-02-10T03:15:05.977+0000] {logging_mixin.py:190} INFO - [2025-02-10T03:15:05.976+0000] {dag.py:4180} INFO - Setting next_dagrun for example_branch_dop_operator_v3 to 2025-02-10 03:14:00+00:00, run_after=2025-02-10 03:15:00+00:00
[2025-02-10T03:15:05.984+0000] {processor.py:208} INFO - Processing /home/airflow/.local/lib/python3.12/site-packages/airflow/example_dags/example_branch_python_dop_operator_3.py took 0.041 seconds
[2025-02-10T03:15:36.655+0000] {processor.py:186} INFO - Started process (PID=2557) to work on /home/airflow/.local/lib/python3.12/site-packages/airflow/example_dags/example_branch_python_dop_operator_3.py
[2025-02-10T03:15:36.656+0000] {processor.py:914} INFO - Processing file /home/airflow/.local/lib/python3.12/site-packages/airflow/example_dags/example_branch_python_dop_operator_3.py for tasks to queue
[2025-02-10T03:15:36.659+0000] {logging_mixin.py:190} INFO - [2025-02-10T03:15:36.659+0000] {dagbag.py:588} INFO - Filling up the DagBag from /home/airflow/.local/lib/python3.12/site-packages/airflow/example_dags/example_branch_python_dop_operator_3.py
[2025-02-10T03:15:36.667+0000] {processor.py:925} INFO - DAG(s) 'example_branch_dop_operator_v3' retrieved from /home/airflow/.local/lib/python3.12/site-packages/airflow/example_dags/example_branch_python_dop_operator_3.py
[2025-02-10T03:15:36.682+0000] {logging_mixin.py:190} INFO - [2025-02-10T03:15:36.682+0000] {dag.py:3239} INFO - Sync 1 DAGs
[2025-02-10T03:15:36.699+0000] {logging_mixin.py:190} INFO - [2025-02-10T03:15:36.699+0000] {dag.py:4180} INFO - Setting next_dagrun for example_branch_dop_operator_v3 to 2025-02-10 03:14:00+00:00, run_after=2025-02-10 03:15:00+00:00
[2025-02-10T03:15:36.712+0000] {processor.py:208} INFO - Processing /home/airflow/.local/lib/python3.12/site-packages/airflow/example_dags/example_branch_python_dop_operator_3.py took 0.064 seconds
