[2025-02-10T02:55:52.012+0000] {processor.py:186} INFO - Started process (PID=104) to work on /home/airflow/.local/lib/python3.12/site-packages/airflow/example_dags/example_nested_branch_dag.py
[2025-02-10T02:55:52.014+0000] {processor.py:914} INFO - Processing file /home/airflow/.local/lib/python3.12/site-packages/airflow/example_dags/example_nested_branch_dag.py for tasks to queue
[2025-02-10T02:55:52.016+0000] {logging_mixin.py:190} INFO - [2025-02-10T02:55:52.016+0000] {dagbag.py:588} INFO - Filling up the DagBag from /home/airflow/.local/lib/python3.12/site-packages/airflow/example_dags/example_nested_branch_dag.py
[2025-02-10T02:55:52.039+0000] {processor.py:925} INFO - DAG(s) 'example_nested_branch_dag' retrieved from /home/airflow/.local/lib/python3.12/site-packages/airflow/example_dags/example_nested_branch_dag.py
[2025-02-10T02:55:52.261+0000] {logging_mixin.py:190} INFO - [2025-02-10T02:55:52.259+0000] {override.py:1911} INFO - Created Permission View: can read on DAG:example_nested_branch_dag
[2025-02-10T02:55:52.289+0000] {logging_mixin.py:190} INFO - [2025-02-10T02:55:52.289+0000] {override.py:1911} INFO - Created Permission View: can edit on DAG:example_nested_branch_dag
[2025-02-10T02:55:52.295+0000] {logging_mixin.py:190} INFO - [2025-02-10T02:55:52.295+0000] {override.py:1911} INFO - Created Permission View: can delete on DAG:example_nested_branch_dag
[2025-02-10T02:55:52.300+0000] {logging_mixin.py:190} INFO - [2025-02-10T02:55:52.300+0000] {override.py:1911} INFO - Created Permission View: can read on DAG Run:example_nested_branch_dag
[2025-02-10T02:55:52.303+0000] {logging_mixin.py:190} INFO - [2025-02-10T02:55:52.302+0000] {override.py:1911} INFO - Created Permission View: can delete on DAG Run:example_nested_branch_dag
[2025-02-10T02:55:52.306+0000] {logging_mixin.py:190} INFO - [2025-02-10T02:55:52.306+0000] {override.py:1911} INFO - Created Permission View: menu access on DAG Run:example_nested_branch_dag
[2025-02-10T02:55:52.310+0000] {logging_mixin.py:190} INFO - [2025-02-10T02:55:52.310+0000] {override.py:1911} INFO - Created Permission View: can create on DAG Run:example_nested_branch_dag
[2025-02-10T02:55:52.310+0000] {logging_mixin.py:190} INFO - [2025-02-10T02:55:52.310+0000] {dag.py:3239} INFO - Sync 1 DAGs
[2025-02-10T02:55:52.323+0000] {logging_mixin.py:190} INFO - [2025-02-10T02:55:52.323+0000] {dag.py:3262} INFO - Creating ORM DAG for example_nested_branch_dag
[2025-02-10T02:55:52.349+0000] {logging_mixin.py:190} INFO - [2025-02-10T02:55:52.349+0000] {dag.py:4180} INFO - Setting next_dagrun for example_nested_branch_dag to 2025-02-09 00:00:00+00:00, run_after=2025-02-10 00:00:00+00:00
[2025-02-10T02:55:52.361+0000] {processor.py:208} INFO - Processing /home/airflow/.local/lib/python3.12/site-packages/airflow/example_dags/example_nested_branch_dag.py took 0.354 seconds
[2025-02-10T02:56:23.352+0000] {processor.py:186} INFO - Started process (PID=168) to work on /home/airflow/.local/lib/python3.12/site-packages/airflow/example_dags/example_nested_branch_dag.py
[2025-02-10T02:56:23.357+0000] {processor.py:914} INFO - Processing file /home/airflow/.local/lib/python3.12/site-packages/airflow/example_dags/example_nested_branch_dag.py for tasks to queue
[2025-02-10T02:56:23.364+0000] {logging_mixin.py:190} INFO - [2025-02-10T02:56:23.363+0000] {dagbag.py:588} INFO - Filling up the DagBag from /home/airflow/.local/lib/python3.12/site-packages/airflow/example_dags/example_nested_branch_dag.py
[2025-02-10T02:56:23.375+0000] {processor.py:925} INFO - DAG(s) 'example_nested_branch_dag' retrieved from /home/airflow/.local/lib/python3.12/site-packages/airflow/example_dags/example_nested_branch_dag.py
[2025-02-10T02:56:23.397+0000] {logging_mixin.py:190} INFO - [2025-02-10T02:56:23.396+0000] {dag.py:3239} INFO - Sync 1 DAGs
[2025-02-10T02:56:23.412+0000] {logging_mixin.py:190} INFO - [2025-02-10T02:56:23.412+0000] {dag.py:4180} INFO - Setting next_dagrun for example_nested_branch_dag to 2025-02-09 00:00:00+00:00, run_after=2025-02-10 00:00:00+00:00
[2025-02-10T02:56:23.424+0000] {processor.py:208} INFO - Processing /home/airflow/.local/lib/python3.12/site-packages/airflow/example_dags/example_nested_branch_dag.py took 0.089 seconds
[2025-02-10T02:56:54.122+0000] {processor.py:186} INFO - Started process (PID=232) to work on /home/airflow/.local/lib/python3.12/site-packages/airflow/example_dags/example_nested_branch_dag.py
[2025-02-10T02:56:54.128+0000] {processor.py:914} INFO - Processing file /home/airflow/.local/lib/python3.12/site-packages/airflow/example_dags/example_nested_branch_dag.py for tasks to queue
[2025-02-10T02:56:54.131+0000] {logging_mixin.py:190} INFO - [2025-02-10T02:56:54.131+0000] {dagbag.py:588} INFO - Filling up the DagBag from /home/airflow/.local/lib/python3.12/site-packages/airflow/example_dags/example_nested_branch_dag.py
[2025-02-10T02:56:54.142+0000] {processor.py:925} INFO - DAG(s) 'example_nested_branch_dag' retrieved from /home/airflow/.local/lib/python3.12/site-packages/airflow/example_dags/example_nested_branch_dag.py
[2025-02-10T02:56:54.161+0000] {logging_mixin.py:190} INFO - [2025-02-10T02:56:54.161+0000] {dag.py:3239} INFO - Sync 1 DAGs
[2025-02-10T02:56:54.175+0000] {logging_mixin.py:190} INFO - [2025-02-10T02:56:54.174+0000] {dag.py:4180} INFO - Setting next_dagrun for example_nested_branch_dag to 2025-02-09 00:00:00+00:00, run_after=2025-02-10 00:00:00+00:00
[2025-02-10T02:56:54.186+0000] {processor.py:208} INFO - Processing /home/airflow/.local/lib/python3.12/site-packages/airflow/example_dags/example_nested_branch_dag.py took 0.078 seconds
[2025-02-10T02:57:24.249+0000] {processor.py:186} INFO - Started process (PID=295) to work on /home/airflow/.local/lib/python3.12/site-packages/airflow/example_dags/example_nested_branch_dag.py
[2025-02-10T02:57:24.249+0000] {processor.py:914} INFO - Processing file /home/airflow/.local/lib/python3.12/site-packages/airflow/example_dags/example_nested_branch_dag.py for tasks to queue
[2025-02-10T02:57:24.251+0000] {logging_mixin.py:190} INFO - [2025-02-10T02:57:24.250+0000] {dagbag.py:588} INFO - Filling up the DagBag from /home/airflow/.local/lib/python3.12/site-packages/airflow/example_dags/example_nested_branch_dag.py
[2025-02-10T02:57:24.257+0000] {processor.py:925} INFO - DAG(s) 'example_nested_branch_dag' retrieved from /home/airflow/.local/lib/python3.12/site-packages/airflow/example_dags/example_nested_branch_dag.py
[2025-02-10T02:57:24.271+0000] {logging_mixin.py:190} INFO - [2025-02-10T02:57:24.271+0000] {dag.py:3239} INFO - Sync 1 DAGs
[2025-02-10T02:57:24.285+0000] {logging_mixin.py:190} INFO - [2025-02-10T02:57:24.285+0000] {dag.py:4180} INFO - Setting next_dagrun for example_nested_branch_dag to 2025-02-09 00:00:00+00:00, run_after=2025-02-10 00:00:00+00:00
[2025-02-10T02:57:24.294+0000] {processor.py:208} INFO - Processing /home/airflow/.local/lib/python3.12/site-packages/airflow/example_dags/example_nested_branch_dag.py took 0.048 seconds
[2025-02-10T02:57:54.771+0000] {processor.py:186} INFO - Started process (PID=359) to work on /home/airflow/.local/lib/python3.12/site-packages/airflow/example_dags/example_nested_branch_dag.py
[2025-02-10T02:57:54.773+0000] {processor.py:914} INFO - Processing file /home/airflow/.local/lib/python3.12/site-packages/airflow/example_dags/example_nested_branch_dag.py for tasks to queue
[2025-02-10T02:57:54.777+0000] {logging_mixin.py:190} INFO - [2025-02-10T02:57:54.776+0000] {dagbag.py:588} INFO - Filling up the DagBag from /home/airflow/.local/lib/python3.12/site-packages/airflow/example_dags/example_nested_branch_dag.py
[2025-02-10T02:57:54.793+0000] {processor.py:925} INFO - DAG(s) 'example_nested_branch_dag' retrieved from /home/airflow/.local/lib/python3.12/site-packages/airflow/example_dags/example_nested_branch_dag.py
[2025-02-10T02:57:54.809+0000] {logging_mixin.py:190} INFO - [2025-02-10T02:57:54.809+0000] {dag.py:3239} INFO - Sync 1 DAGs
[2025-02-10T02:57:54.820+0000] {logging_mixin.py:190} INFO - [2025-02-10T02:57:54.820+0000] {dag.py:4180} INFO - Setting next_dagrun for example_nested_branch_dag to 2025-02-09 00:00:00+00:00, run_after=2025-02-10 00:00:00+00:00
[2025-02-10T02:57:54.829+0000] {processor.py:208} INFO - Processing /home/airflow/.local/lib/python3.12/site-packages/airflow/example_dags/example_nested_branch_dag.py took 0.060 seconds
[2025-02-10T02:58:24.878+0000] {processor.py:186} INFO - Started process (PID=422) to work on /home/airflow/.local/lib/python3.12/site-packages/airflow/example_dags/example_nested_branch_dag.py
[2025-02-10T02:58:24.879+0000] {processor.py:914} INFO - Processing file /home/airflow/.local/lib/python3.12/site-packages/airflow/example_dags/example_nested_branch_dag.py for tasks to queue
[2025-02-10T02:58:24.880+0000] {logging_mixin.py:190} INFO - [2025-02-10T02:58:24.880+0000] {dagbag.py:588} INFO - Filling up the DagBag from /home/airflow/.local/lib/python3.12/site-packages/airflow/example_dags/example_nested_branch_dag.py
[2025-02-10T02:58:24.887+0000] {processor.py:925} INFO - DAG(s) 'example_nested_branch_dag' retrieved from /home/airflow/.local/lib/python3.12/site-packages/airflow/example_dags/example_nested_branch_dag.py
[2025-02-10T02:58:24.899+0000] {logging_mixin.py:190} INFO - [2025-02-10T02:58:24.899+0000] {dag.py:3239} INFO - Sync 1 DAGs
[2025-02-10T02:58:24.908+0000] {logging_mixin.py:190} INFO - [2025-02-10T02:58:24.908+0000] {dag.py:4180} INFO - Setting next_dagrun for example_nested_branch_dag to 2025-02-09 00:00:00+00:00, run_after=2025-02-10 00:00:00+00:00
[2025-02-10T02:58:24.915+0000] {processor.py:208} INFO - Processing /home/airflow/.local/lib/python3.12/site-packages/airflow/example_dags/example_nested_branch_dag.py took 0.040 seconds
[2025-02-10T02:58:55.408+0000] {processor.py:186} INFO - Started process (PID=486) to work on /home/airflow/.local/lib/python3.12/site-packages/airflow/example_dags/example_nested_branch_dag.py
[2025-02-10T02:58:55.410+0000] {processor.py:914} INFO - Processing file /home/airflow/.local/lib/python3.12/site-packages/airflow/example_dags/example_nested_branch_dag.py for tasks to queue
[2025-02-10T02:58:55.411+0000] {logging_mixin.py:190} INFO - [2025-02-10T02:58:55.411+0000] {dagbag.py:588} INFO - Filling up the DagBag from /home/airflow/.local/lib/python3.12/site-packages/airflow/example_dags/example_nested_branch_dag.py
[2025-02-10T02:58:55.419+0000] {processor.py:925} INFO - DAG(s) 'example_nested_branch_dag' retrieved from /home/airflow/.local/lib/python3.12/site-packages/airflow/example_dags/example_nested_branch_dag.py
[2025-02-10T02:58:55.433+0000] {logging_mixin.py:190} INFO - [2025-02-10T02:58:55.432+0000] {dag.py:3239} INFO - Sync 1 DAGs
[2025-02-10T02:58:55.445+0000] {logging_mixin.py:190} INFO - [2025-02-10T02:58:55.445+0000] {dag.py:4180} INFO - Setting next_dagrun for example_nested_branch_dag to 2025-02-09 00:00:00+00:00, run_after=2025-02-10 00:00:00+00:00
[2025-02-10T02:58:55.458+0000] {processor.py:208} INFO - Processing /home/airflow/.local/lib/python3.12/site-packages/airflow/example_dags/example_nested_branch_dag.py took 0.053 seconds
[2025-02-10T02:59:26.000+0000] {processor.py:186} INFO - Started process (PID=550) to work on /home/airflow/.local/lib/python3.12/site-packages/airflow/example_dags/example_nested_branch_dag.py
[2025-02-10T02:59:26.002+0000] {processor.py:914} INFO - Processing file /home/airflow/.local/lib/python3.12/site-packages/airflow/example_dags/example_nested_branch_dag.py for tasks to queue
[2025-02-10T02:59:26.004+0000] {logging_mixin.py:190} INFO - [2025-02-10T02:59:26.004+0000] {dagbag.py:588} INFO - Filling up the DagBag from /home/airflow/.local/lib/python3.12/site-packages/airflow/example_dags/example_nested_branch_dag.py
[2025-02-10T02:59:26.011+0000] {processor.py:925} INFO - DAG(s) 'example_nested_branch_dag' retrieved from /home/airflow/.local/lib/python3.12/site-packages/airflow/example_dags/example_nested_branch_dag.py
[2025-02-10T02:59:26.026+0000] {logging_mixin.py:190} INFO - [2025-02-10T02:59:26.026+0000] {dag.py:3239} INFO - Sync 1 DAGs
[2025-02-10T02:59:26.038+0000] {logging_mixin.py:190} INFO - [2025-02-10T02:59:26.038+0000] {dag.py:4180} INFO - Setting next_dagrun for example_nested_branch_dag to 2025-02-09 00:00:00+00:00, run_after=2025-02-10 00:00:00+00:00
[2025-02-10T02:59:26.049+0000] {processor.py:208} INFO - Processing /home/airflow/.local/lib/python3.12/site-packages/airflow/example_dags/example_nested_branch_dag.py took 0.051 seconds
[2025-02-10T02:59:57.635+0000] {processor.py:186} INFO - Started process (PID=614) to work on /home/airflow/.local/lib/python3.12/site-packages/airflow/example_dags/example_nested_branch_dag.py
[2025-02-10T02:59:57.636+0000] {processor.py:914} INFO - Processing file /home/airflow/.local/lib/python3.12/site-packages/airflow/example_dags/example_nested_branch_dag.py for tasks to queue
[2025-02-10T02:59:57.637+0000] {logging_mixin.py:190} INFO - [2025-02-10T02:59:57.637+0000] {dagbag.py:588} INFO - Filling up the DagBag from /home/airflow/.local/lib/python3.12/site-packages/airflow/example_dags/example_nested_branch_dag.py
[2025-02-10T02:59:57.642+0000] {processor.py:925} INFO - DAG(s) 'example_nested_branch_dag' retrieved from /home/airflow/.local/lib/python3.12/site-packages/airflow/example_dags/example_nested_branch_dag.py
[2025-02-10T02:59:57.656+0000] {logging_mixin.py:190} INFO - [2025-02-10T02:59:57.656+0000] {dag.py:3239} INFO - Sync 1 DAGs
[2025-02-10T02:59:57.674+0000] {logging_mixin.py:190} INFO - [2025-02-10T02:59:57.674+0000] {dag.py:4180} INFO - Setting next_dagrun for example_nested_branch_dag to 2025-02-09 00:00:00+00:00, run_after=2025-02-10 00:00:00+00:00
[2025-02-10T02:59:57.684+0000] {processor.py:208} INFO - Processing /home/airflow/.local/lib/python3.12/site-packages/airflow/example_dags/example_nested_branch_dag.py took 0.052 seconds
[2025-02-10T03:00:29.790+0000] {processor.py:186} INFO - Started process (PID=678) to work on /home/airflow/.local/lib/python3.12/site-packages/airflow/example_dags/example_nested_branch_dag.py
[2025-02-10T03:00:29.791+0000] {processor.py:914} INFO - Processing file /home/airflow/.local/lib/python3.12/site-packages/airflow/example_dags/example_nested_branch_dag.py for tasks to queue
[2025-02-10T03:00:29.792+0000] {logging_mixin.py:190} INFO - [2025-02-10T03:00:29.792+0000] {dagbag.py:588} INFO - Filling up the DagBag from /home/airflow/.local/lib/python3.12/site-packages/airflow/example_dags/example_nested_branch_dag.py
[2025-02-10T03:00:29.800+0000] {processor.py:925} INFO - DAG(s) 'example_nested_branch_dag' retrieved from /home/airflow/.local/lib/python3.12/site-packages/airflow/example_dags/example_nested_branch_dag.py
[2025-02-10T03:00:29.815+0000] {logging_mixin.py:190} INFO - [2025-02-10T03:00:29.815+0000] {dag.py:3239} INFO - Sync 1 DAGs
[2025-02-10T03:00:29.829+0000] {logging_mixin.py:190} INFO - [2025-02-10T03:00:29.829+0000] {dag.py:4180} INFO - Setting next_dagrun for example_nested_branch_dag to 2025-02-09 00:00:00+00:00, run_after=2025-02-10 00:00:00+00:00
[2025-02-10T03:00:29.845+0000] {processor.py:208} INFO - Processing /home/airflow/.local/lib/python3.12/site-packages/airflow/example_dags/example_nested_branch_dag.py took 0.059 seconds
[2025-02-10T03:01:00.845+0000] {processor.py:186} INFO - Started process (PID=742) to work on /home/airflow/.local/lib/python3.12/site-packages/airflow/example_dags/example_nested_branch_dag.py
[2025-02-10T03:01:00.846+0000] {processor.py:914} INFO - Processing file /home/airflow/.local/lib/python3.12/site-packages/airflow/example_dags/example_nested_branch_dag.py for tasks to queue
[2025-02-10T03:01:00.847+0000] {logging_mixin.py:190} INFO - [2025-02-10T03:01:00.847+0000] {dagbag.py:588} INFO - Filling up the DagBag from /home/airflow/.local/lib/python3.12/site-packages/airflow/example_dags/example_nested_branch_dag.py
[2025-02-10T03:01:00.855+0000] {processor.py:925} INFO - DAG(s) 'example_nested_branch_dag' retrieved from /home/airflow/.local/lib/python3.12/site-packages/airflow/example_dags/example_nested_branch_dag.py
[2025-02-10T03:01:00.886+0000] {logging_mixin.py:190} INFO - [2025-02-10T03:01:00.885+0000] {dag.py:3239} INFO - Sync 1 DAGs
[2025-02-10T03:01:00.908+0000] {logging_mixin.py:190} INFO - [2025-02-10T03:01:00.908+0000] {dag.py:4180} INFO - Setting next_dagrun for example_nested_branch_dag to 2025-02-09 00:00:00+00:00, run_after=2025-02-10 00:00:00+00:00
[2025-02-10T03:01:00.923+0000] {processor.py:208} INFO - Processing /home/airflow/.local/lib/python3.12/site-packages/airflow/example_dags/example_nested_branch_dag.py took 0.082 seconds
[2025-02-10T03:01:32.085+0000] {processor.py:186} INFO - Started process (PID=806) to work on /home/airflow/.local/lib/python3.12/site-packages/airflow/example_dags/example_nested_branch_dag.py
[2025-02-10T03:01:32.086+0000] {processor.py:914} INFO - Processing file /home/airflow/.local/lib/python3.12/site-packages/airflow/example_dags/example_nested_branch_dag.py for tasks to queue
[2025-02-10T03:01:32.089+0000] {logging_mixin.py:190} INFO - [2025-02-10T03:01:32.088+0000] {dagbag.py:588} INFO - Filling up the DagBag from /home/airflow/.local/lib/python3.12/site-packages/airflow/example_dags/example_nested_branch_dag.py
[2025-02-10T03:01:32.105+0000] {processor.py:925} INFO - DAG(s) 'example_nested_branch_dag' retrieved from /home/airflow/.local/lib/python3.12/site-packages/airflow/example_dags/example_nested_branch_dag.py
[2025-02-10T03:01:32.120+0000] {logging_mixin.py:190} INFO - [2025-02-10T03:01:32.120+0000] {dag.py:3239} INFO - Sync 1 DAGs
[2025-02-10T03:01:32.139+0000] {logging_mixin.py:190} INFO - [2025-02-10T03:01:32.139+0000] {dag.py:4180} INFO - Setting next_dagrun for example_nested_branch_dag to 2025-02-09 00:00:00+00:00, run_after=2025-02-10 00:00:00+00:00
[2025-02-10T03:01:32.155+0000] {processor.py:208} INFO - Processing /home/airflow/.local/lib/python3.12/site-packages/airflow/example_dags/example_nested_branch_dag.py took 0.081 seconds
[2025-02-10T03:02:03.182+0000] {processor.py:186} INFO - Started process (PID=870) to work on /home/airflow/.local/lib/python3.12/site-packages/airflow/example_dags/example_nested_branch_dag.py
[2025-02-10T03:02:03.183+0000] {processor.py:914} INFO - Processing file /home/airflow/.local/lib/python3.12/site-packages/airflow/example_dags/example_nested_branch_dag.py for tasks to queue
[2025-02-10T03:02:03.185+0000] {logging_mixin.py:190} INFO - [2025-02-10T03:02:03.184+0000] {dagbag.py:588} INFO - Filling up the DagBag from /home/airflow/.local/lib/python3.12/site-packages/airflow/example_dags/example_nested_branch_dag.py
[2025-02-10T03:02:03.191+0000] {processor.py:925} INFO - DAG(s) 'example_nested_branch_dag' retrieved from /home/airflow/.local/lib/python3.12/site-packages/airflow/example_dags/example_nested_branch_dag.py
[2025-02-10T03:02:03.203+0000] {logging_mixin.py:190} INFO - [2025-02-10T03:02:03.203+0000] {dag.py:3239} INFO - Sync 1 DAGs
[2025-02-10T03:02:03.214+0000] {logging_mixin.py:190} INFO - [2025-02-10T03:02:03.214+0000] {dag.py:4180} INFO - Setting next_dagrun for example_nested_branch_dag to 2025-02-09 00:00:00+00:00, run_after=2025-02-10 00:00:00+00:00
[2025-02-10T03:02:03.229+0000] {processor.py:208} INFO - Processing /home/airflow/.local/lib/python3.12/site-packages/airflow/example_dags/example_nested_branch_dag.py took 0.051 seconds
[2025-02-10T03:02:34.586+0000] {processor.py:186} INFO - Started process (PID=934) to work on /home/airflow/.local/lib/python3.12/site-packages/airflow/example_dags/example_nested_branch_dag.py
[2025-02-10T03:02:34.587+0000] {processor.py:914} INFO - Processing file /home/airflow/.local/lib/python3.12/site-packages/airflow/example_dags/example_nested_branch_dag.py for tasks to queue
[2025-02-10T03:02:34.588+0000] {logging_mixin.py:190} INFO - [2025-02-10T03:02:34.588+0000] {dagbag.py:588} INFO - Filling up the DagBag from /home/airflow/.local/lib/python3.12/site-packages/airflow/example_dags/example_nested_branch_dag.py
[2025-02-10T03:02:34.594+0000] {processor.py:925} INFO - DAG(s) 'example_nested_branch_dag' retrieved from /home/airflow/.local/lib/python3.12/site-packages/airflow/example_dags/example_nested_branch_dag.py
[2025-02-10T03:02:34.611+0000] {logging_mixin.py:190} INFO - [2025-02-10T03:02:34.611+0000] {dag.py:3239} INFO - Sync 1 DAGs
[2025-02-10T03:02:34.624+0000] {logging_mixin.py:190} INFO - [2025-02-10T03:02:34.624+0000] {dag.py:4180} INFO - Setting next_dagrun for example_nested_branch_dag to 2025-02-09 00:00:00+00:00, run_after=2025-02-10 00:00:00+00:00
[2025-02-10T03:02:34.640+0000] {processor.py:208} INFO - Processing /home/airflow/.local/lib/python3.12/site-packages/airflow/example_dags/example_nested_branch_dag.py took 0.057 seconds
[2025-02-10T03:03:06.211+0000] {processor.py:186} INFO - Started process (PID=998) to work on /home/airflow/.local/lib/python3.12/site-packages/airflow/example_dags/example_nested_branch_dag.py
[2025-02-10T03:03:06.217+0000] {processor.py:914} INFO - Processing file /home/airflow/.local/lib/python3.12/site-packages/airflow/example_dags/example_nested_branch_dag.py for tasks to queue
[2025-02-10T03:03:06.221+0000] {logging_mixin.py:190} INFO - [2025-02-10T03:03:06.220+0000] {dagbag.py:588} INFO - Filling up the DagBag from /home/airflow/.local/lib/python3.12/site-packages/airflow/example_dags/example_nested_branch_dag.py
[2025-02-10T03:03:06.237+0000] {processor.py:925} INFO - DAG(s) 'example_nested_branch_dag' retrieved from /home/airflow/.local/lib/python3.12/site-packages/airflow/example_dags/example_nested_branch_dag.py
[2025-02-10T03:03:06.261+0000] {logging_mixin.py:190} INFO - [2025-02-10T03:03:06.261+0000] {dag.py:3239} INFO - Sync 1 DAGs
[2025-02-10T03:03:06.277+0000] {logging_mixin.py:190} INFO - [2025-02-10T03:03:06.277+0000] {dag.py:4180} INFO - Setting next_dagrun for example_nested_branch_dag to 2025-02-09 00:00:00+00:00, run_after=2025-02-10 00:00:00+00:00
[2025-02-10T03:03:06.285+0000] {processor.py:208} INFO - Processing /home/airflow/.local/lib/python3.12/site-packages/airflow/example_dags/example_nested_branch_dag.py took 0.081 seconds
[2025-02-10T03:03:38.247+0000] {processor.py:186} INFO - Started process (PID=1062) to work on /home/airflow/.local/lib/python3.12/site-packages/airflow/example_dags/example_nested_branch_dag.py
[2025-02-10T03:03:38.248+0000] {processor.py:914} INFO - Processing file /home/airflow/.local/lib/python3.12/site-packages/airflow/example_dags/example_nested_branch_dag.py for tasks to queue
[2025-02-10T03:03:38.250+0000] {logging_mixin.py:190} INFO - [2025-02-10T03:03:38.250+0000] {dagbag.py:588} INFO - Filling up the DagBag from /home/airflow/.local/lib/python3.12/site-packages/airflow/example_dags/example_nested_branch_dag.py
[2025-02-10T03:03:38.257+0000] {processor.py:925} INFO - DAG(s) 'example_nested_branch_dag' retrieved from /home/airflow/.local/lib/python3.12/site-packages/airflow/example_dags/example_nested_branch_dag.py
[2025-02-10T03:03:38.272+0000] {logging_mixin.py:190} INFO - [2025-02-10T03:03:38.272+0000] {dag.py:3239} INFO - Sync 1 DAGs
[2025-02-10T03:03:38.285+0000] {logging_mixin.py:190} INFO - [2025-02-10T03:03:38.285+0000] {dag.py:4180} INFO - Setting next_dagrun for example_nested_branch_dag to 2025-02-09 00:00:00+00:00, run_after=2025-02-10 00:00:00+00:00
[2025-02-10T03:03:38.298+0000] {processor.py:208} INFO - Processing /home/airflow/.local/lib/python3.12/site-packages/airflow/example_dags/example_nested_branch_dag.py took 0.056 seconds
[2025-02-10T03:04:09.894+0000] {processor.py:186} INFO - Started process (PID=1126) to work on /home/airflow/.local/lib/python3.12/site-packages/airflow/example_dags/example_nested_branch_dag.py
[2025-02-10T03:04:09.895+0000] {processor.py:914} INFO - Processing file /home/airflow/.local/lib/python3.12/site-packages/airflow/example_dags/example_nested_branch_dag.py for tasks to queue
[2025-02-10T03:04:09.899+0000] {logging_mixin.py:190} INFO - [2025-02-10T03:04:09.899+0000] {dagbag.py:588} INFO - Filling up the DagBag from /home/airflow/.local/lib/python3.12/site-packages/airflow/example_dags/example_nested_branch_dag.py
[2025-02-10T03:04:09.911+0000] {processor.py:925} INFO - DAG(s) 'example_nested_branch_dag' retrieved from /home/airflow/.local/lib/python3.12/site-packages/airflow/example_dags/example_nested_branch_dag.py
[2025-02-10T03:04:09.926+0000] {logging_mixin.py:190} INFO - [2025-02-10T03:04:09.925+0000] {dag.py:3239} INFO - Sync 1 DAGs
[2025-02-10T03:04:09.944+0000] {logging_mixin.py:190} INFO - [2025-02-10T03:04:09.944+0000] {dag.py:4180} INFO - Setting next_dagrun for example_nested_branch_dag to 2025-02-09 00:00:00+00:00, run_after=2025-02-10 00:00:00+00:00
[2025-02-10T03:04:09.959+0000] {processor.py:208} INFO - Processing /home/airflow/.local/lib/python3.12/site-packages/airflow/example_dags/example_nested_branch_dag.py took 0.070 seconds
[2025-02-10T03:04:40.812+0000] {processor.py:186} INFO - Started process (PID=1190) to work on /home/airflow/.local/lib/python3.12/site-packages/airflow/example_dags/example_nested_branch_dag.py
[2025-02-10T03:04:40.813+0000] {processor.py:914} INFO - Processing file /home/airflow/.local/lib/python3.12/site-packages/airflow/example_dags/example_nested_branch_dag.py for tasks to queue
[2025-02-10T03:04:40.814+0000] {logging_mixin.py:190} INFO - [2025-02-10T03:04:40.814+0000] {dagbag.py:588} INFO - Filling up the DagBag from /home/airflow/.local/lib/python3.12/site-packages/airflow/example_dags/example_nested_branch_dag.py
[2025-02-10T03:04:40.822+0000] {processor.py:925} INFO - DAG(s) 'example_nested_branch_dag' retrieved from /home/airflow/.local/lib/python3.12/site-packages/airflow/example_dags/example_nested_branch_dag.py
[2025-02-10T03:04:40.834+0000] {logging_mixin.py:190} INFO - [2025-02-10T03:04:40.834+0000] {dag.py:3239} INFO - Sync 1 DAGs
[2025-02-10T03:04:40.845+0000] {logging_mixin.py:190} INFO - [2025-02-10T03:04:40.845+0000] {dag.py:4180} INFO - Setting next_dagrun for example_nested_branch_dag to 2025-02-09 00:00:00+00:00, run_after=2025-02-10 00:00:00+00:00
[2025-02-10T03:04:40.857+0000] {processor.py:208} INFO - Processing /home/airflow/.local/lib/python3.12/site-packages/airflow/example_dags/example_nested_branch_dag.py took 0.047 seconds
[2025-02-10T03:05:12.891+0000] {processor.py:186} INFO - Started process (PID=1254) to work on /home/airflow/.local/lib/python3.12/site-packages/airflow/example_dags/example_nested_branch_dag.py
[2025-02-10T03:05:12.891+0000] {processor.py:914} INFO - Processing file /home/airflow/.local/lib/python3.12/site-packages/airflow/example_dags/example_nested_branch_dag.py for tasks to queue
[2025-02-10T03:05:12.893+0000] {logging_mixin.py:190} INFO - [2025-02-10T03:05:12.893+0000] {dagbag.py:588} INFO - Filling up the DagBag from /home/airflow/.local/lib/python3.12/site-packages/airflow/example_dags/example_nested_branch_dag.py
[2025-02-10T03:05:12.900+0000] {processor.py:925} INFO - DAG(s) 'example_nested_branch_dag' retrieved from /home/airflow/.local/lib/python3.12/site-packages/airflow/example_dags/example_nested_branch_dag.py
[2025-02-10T03:05:12.912+0000] {logging_mixin.py:190} INFO - [2025-02-10T03:05:12.912+0000] {dag.py:3239} INFO - Sync 1 DAGs
[2025-02-10T03:05:12.923+0000] {logging_mixin.py:190} INFO - [2025-02-10T03:05:12.923+0000] {dag.py:4180} INFO - Setting next_dagrun for example_nested_branch_dag to 2025-02-09 00:00:00+00:00, run_after=2025-02-10 00:00:00+00:00
[2025-02-10T03:05:12.933+0000] {processor.py:208} INFO - Processing /home/airflow/.local/lib/python3.12/site-packages/airflow/example_dags/example_nested_branch_dag.py took 0.047 seconds
[2025-02-10T03:05:43.795+0000] {processor.py:186} INFO - Started process (PID=1318) to work on /home/airflow/.local/lib/python3.12/site-packages/airflow/example_dags/example_nested_branch_dag.py
[2025-02-10T03:05:43.798+0000] {processor.py:914} INFO - Processing file /home/airflow/.local/lib/python3.12/site-packages/airflow/example_dags/example_nested_branch_dag.py for tasks to queue
[2025-02-10T03:05:43.799+0000] {logging_mixin.py:190} INFO - [2025-02-10T03:05:43.799+0000] {dagbag.py:588} INFO - Filling up the DagBag from /home/airflow/.local/lib/python3.12/site-packages/airflow/example_dags/example_nested_branch_dag.py
[2025-02-10T03:05:43.806+0000] {processor.py:925} INFO - DAG(s) 'example_nested_branch_dag' retrieved from /home/airflow/.local/lib/python3.12/site-packages/airflow/example_dags/example_nested_branch_dag.py
[2025-02-10T03:05:43.819+0000] {logging_mixin.py:190} INFO - [2025-02-10T03:05:43.819+0000] {dag.py:3239} INFO - Sync 1 DAGs
[2025-02-10T03:05:43.830+0000] {logging_mixin.py:190} INFO - [2025-02-10T03:05:43.830+0000] {dag.py:4180} INFO - Setting next_dagrun for example_nested_branch_dag to 2025-02-09 00:00:00+00:00, run_after=2025-02-10 00:00:00+00:00
[2025-02-10T03:05:43.840+0000] {processor.py:208} INFO - Processing /home/airflow/.local/lib/python3.12/site-packages/airflow/example_dags/example_nested_branch_dag.py took 0.048 seconds
[2025-02-10T03:06:15.181+0000] {processor.py:186} INFO - Started process (PID=1383) to work on /home/airflow/.local/lib/python3.12/site-packages/airflow/example_dags/example_nested_branch_dag.py
[2025-02-10T03:06:15.183+0000] {processor.py:914} INFO - Processing file /home/airflow/.local/lib/python3.12/site-packages/airflow/example_dags/example_nested_branch_dag.py for tasks to queue
[2025-02-10T03:06:15.184+0000] {logging_mixin.py:190} INFO - [2025-02-10T03:06:15.184+0000] {dagbag.py:588} INFO - Filling up the DagBag from /home/airflow/.local/lib/python3.12/site-packages/airflow/example_dags/example_nested_branch_dag.py
[2025-02-10T03:06:15.191+0000] {processor.py:925} INFO - DAG(s) 'example_nested_branch_dag' retrieved from /home/airflow/.local/lib/python3.12/site-packages/airflow/example_dags/example_nested_branch_dag.py
[2025-02-10T03:06:15.205+0000] {logging_mixin.py:190} INFO - [2025-02-10T03:06:15.204+0000] {dag.py:3239} INFO - Sync 1 DAGs
[2025-02-10T03:06:15.222+0000] {logging_mixin.py:190} INFO - [2025-02-10T03:06:15.222+0000] {dag.py:4180} INFO - Setting next_dagrun for example_nested_branch_dag to 2025-02-09 00:00:00+00:00, run_after=2025-02-10 00:00:00+00:00
[2025-02-10T03:06:15.231+0000] {processor.py:208} INFO - Processing /home/airflow/.local/lib/python3.12/site-packages/airflow/example_dags/example_nested_branch_dag.py took 0.054 seconds
[2025-02-10T03:06:47.187+0000] {processor.py:186} INFO - Started process (PID=1453) to work on /home/airflow/.local/lib/python3.12/site-packages/airflow/example_dags/example_nested_branch_dag.py
[2025-02-10T03:06:47.191+0000] {processor.py:914} INFO - Processing file /home/airflow/.local/lib/python3.12/site-packages/airflow/example_dags/example_nested_branch_dag.py for tasks to queue
[2025-02-10T03:06:47.195+0000] {logging_mixin.py:190} INFO - [2025-02-10T03:06:47.195+0000] {dagbag.py:588} INFO - Filling up the DagBag from /home/airflow/.local/lib/python3.12/site-packages/airflow/example_dags/example_nested_branch_dag.py
[2025-02-10T03:06:47.216+0000] {processor.py:925} INFO - DAG(s) 'example_nested_branch_dag' retrieved from /home/airflow/.local/lib/python3.12/site-packages/airflow/example_dags/example_nested_branch_dag.py
[2025-02-10T03:06:47.265+0000] {logging_mixin.py:190} INFO - [2025-02-10T03:06:47.265+0000] {dag.py:3239} INFO - Sync 1 DAGs
[2025-02-10T03:06:47.287+0000] {logging_mixin.py:190} INFO - [2025-02-10T03:06:47.286+0000] {dag.py:4180} INFO - Setting next_dagrun for example_nested_branch_dag to 2025-02-09 00:00:00+00:00, run_after=2025-02-10 00:00:00+00:00
[2025-02-10T03:06:47.294+0000] {processor.py:208} INFO - Processing /home/airflow/.local/lib/python3.12/site-packages/airflow/example_dags/example_nested_branch_dag.py took 0.118 seconds
[2025-02-10T03:07:18.302+0000] {processor.py:186} INFO - Started process (PID=1517) to work on /home/airflow/.local/lib/python3.12/site-packages/airflow/example_dags/example_nested_branch_dag.py
[2025-02-10T03:07:18.303+0000] {processor.py:914} INFO - Processing file /home/airflow/.local/lib/python3.12/site-packages/airflow/example_dags/example_nested_branch_dag.py for tasks to queue
[2025-02-10T03:07:18.305+0000] {logging_mixin.py:190} INFO - [2025-02-10T03:07:18.305+0000] {dagbag.py:588} INFO - Filling up the DagBag from /home/airflow/.local/lib/python3.12/site-packages/airflow/example_dags/example_nested_branch_dag.py
[2025-02-10T03:07:18.311+0000] {processor.py:925} INFO - DAG(s) 'example_nested_branch_dag' retrieved from /home/airflow/.local/lib/python3.12/site-packages/airflow/example_dags/example_nested_branch_dag.py
[2025-02-10T03:07:18.335+0000] {logging_mixin.py:190} INFO - [2025-02-10T03:07:18.335+0000] {dag.py:3239} INFO - Sync 1 DAGs
[2025-02-10T03:07:18.352+0000] {logging_mixin.py:190} INFO - [2025-02-10T03:07:18.351+0000] {dag.py:4180} INFO - Setting next_dagrun for example_nested_branch_dag to 2025-02-09 00:00:00+00:00, run_after=2025-02-10 00:00:00+00:00
[2025-02-10T03:07:18.366+0000] {processor.py:208} INFO - Processing /home/airflow/.local/lib/python3.12/site-packages/airflow/example_dags/example_nested_branch_dag.py took 0.069 seconds
[2025-02-10T03:07:49.135+0000] {processor.py:186} INFO - Started process (PID=1581) to work on /home/airflow/.local/lib/python3.12/site-packages/airflow/example_dags/example_nested_branch_dag.py
[2025-02-10T03:07:49.137+0000] {processor.py:914} INFO - Processing file /home/airflow/.local/lib/python3.12/site-packages/airflow/example_dags/example_nested_branch_dag.py for tasks to queue
[2025-02-10T03:07:49.138+0000] {logging_mixin.py:190} INFO - [2025-02-10T03:07:49.138+0000] {dagbag.py:588} INFO - Filling up the DagBag from /home/airflow/.local/lib/python3.12/site-packages/airflow/example_dags/example_nested_branch_dag.py
[2025-02-10T03:07:49.144+0000] {processor.py:925} INFO - DAG(s) 'example_nested_branch_dag' retrieved from /home/airflow/.local/lib/python3.12/site-packages/airflow/example_dags/example_nested_branch_dag.py
[2025-02-10T03:07:49.153+0000] {logging_mixin.py:190} INFO - [2025-02-10T03:07:49.153+0000] {dag.py:3239} INFO - Sync 1 DAGs
[2025-02-10T03:07:49.164+0000] {logging_mixin.py:190} INFO - [2025-02-10T03:07:49.164+0000] {dag.py:4180} INFO - Setting next_dagrun for example_nested_branch_dag to 2025-02-09 00:00:00+00:00, run_after=2025-02-10 00:00:00+00:00
[2025-02-10T03:07:49.175+0000] {processor.py:208} INFO - Processing /home/airflow/.local/lib/python3.12/site-packages/airflow/example_dags/example_nested_branch_dag.py took 0.043 seconds
[2025-02-10T03:08:20.659+0000] {processor.py:186} INFO - Started process (PID=1646) to work on /home/airflow/.local/lib/python3.12/site-packages/airflow/example_dags/example_nested_branch_dag.py
[2025-02-10T03:08:20.659+0000] {processor.py:914} INFO - Processing file /home/airflow/.local/lib/python3.12/site-packages/airflow/example_dags/example_nested_branch_dag.py for tasks to queue
[2025-02-10T03:08:20.662+0000] {logging_mixin.py:190} INFO - [2025-02-10T03:08:20.662+0000] {dagbag.py:588} INFO - Filling up the DagBag from /home/airflow/.local/lib/python3.12/site-packages/airflow/example_dags/example_nested_branch_dag.py
[2025-02-10T03:08:20.667+0000] {processor.py:925} INFO - DAG(s) 'example_nested_branch_dag' retrieved from /home/airflow/.local/lib/python3.12/site-packages/airflow/example_dags/example_nested_branch_dag.py
[2025-02-10T03:08:20.681+0000] {logging_mixin.py:190} INFO - [2025-02-10T03:08:20.681+0000] {dag.py:3239} INFO - Sync 1 DAGs
[2025-02-10T03:08:20.692+0000] {logging_mixin.py:190} INFO - [2025-02-10T03:08:20.692+0000] {dag.py:4180} INFO - Setting next_dagrun for example_nested_branch_dag to 2025-02-09 00:00:00+00:00, run_after=2025-02-10 00:00:00+00:00
[2025-02-10T03:08:20.701+0000] {processor.py:208} INFO - Processing /home/airflow/.local/lib/python3.12/site-packages/airflow/example_dags/example_nested_branch_dag.py took 0.046 seconds
[2025-02-10T03:08:52.189+0000] {processor.py:186} INFO - Started process (PID=1710) to work on /home/airflow/.local/lib/python3.12/site-packages/airflow/example_dags/example_nested_branch_dag.py
[2025-02-10T03:08:52.190+0000] {processor.py:914} INFO - Processing file /home/airflow/.local/lib/python3.12/site-packages/airflow/example_dags/example_nested_branch_dag.py for tasks to queue
[2025-02-10T03:08:52.191+0000] {logging_mixin.py:190} INFO - [2025-02-10T03:08:52.191+0000] {dagbag.py:588} INFO - Filling up the DagBag from /home/airflow/.local/lib/python3.12/site-packages/airflow/example_dags/example_nested_branch_dag.py
[2025-02-10T03:08:52.198+0000] {processor.py:925} INFO - DAG(s) 'example_nested_branch_dag' retrieved from /home/airflow/.local/lib/python3.12/site-packages/airflow/example_dags/example_nested_branch_dag.py
[2025-02-10T03:08:52.211+0000] {logging_mixin.py:190} INFO - [2025-02-10T03:08:52.211+0000] {dag.py:3239} INFO - Sync 1 DAGs
[2025-02-10T03:08:52.222+0000] {logging_mixin.py:190} INFO - [2025-02-10T03:08:52.222+0000] {dag.py:4180} INFO - Setting next_dagrun for example_nested_branch_dag to 2025-02-09 00:00:00+00:00, run_after=2025-02-10 00:00:00+00:00
[2025-02-10T03:08:52.229+0000] {processor.py:208} INFO - Processing /home/airflow/.local/lib/python3.12/site-packages/airflow/example_dags/example_nested_branch_dag.py took 0.043 seconds
[2025-02-10T03:09:22.991+0000] {processor.py:186} INFO - Started process (PID=1774) to work on /home/airflow/.local/lib/python3.12/site-packages/airflow/example_dags/example_nested_branch_dag.py
[2025-02-10T03:09:22.992+0000] {processor.py:914} INFO - Processing file /home/airflow/.local/lib/python3.12/site-packages/airflow/example_dags/example_nested_branch_dag.py for tasks to queue
[2025-02-10T03:09:22.994+0000] {logging_mixin.py:190} INFO - [2025-02-10T03:09:22.993+0000] {dagbag.py:588} INFO - Filling up the DagBag from /home/airflow/.local/lib/python3.12/site-packages/airflow/example_dags/example_nested_branch_dag.py
[2025-02-10T03:09:23.000+0000] {processor.py:925} INFO - DAG(s) 'example_nested_branch_dag' retrieved from /home/airflow/.local/lib/python3.12/site-packages/airflow/example_dags/example_nested_branch_dag.py
[2025-02-10T03:09:23.015+0000] {logging_mixin.py:190} INFO - [2025-02-10T03:09:23.015+0000] {dag.py:3239} INFO - Sync 1 DAGs
[2025-02-10T03:09:23.035+0000] {logging_mixin.py:190} INFO - [2025-02-10T03:09:23.035+0000] {dag.py:4180} INFO - Setting next_dagrun for example_nested_branch_dag to 2025-02-09 00:00:00+00:00, run_after=2025-02-10 00:00:00+00:00
[2025-02-10T03:09:23.053+0000] {processor.py:208} INFO - Processing /home/airflow/.local/lib/python3.12/site-packages/airflow/example_dags/example_nested_branch_dag.py took 0.065 seconds
[2025-02-10T03:09:53.942+0000] {processor.py:186} INFO - Started process (PID=1838) to work on /home/airflow/.local/lib/python3.12/site-packages/airflow/example_dags/example_nested_branch_dag.py
[2025-02-10T03:09:53.943+0000] {processor.py:914} INFO - Processing file /home/airflow/.local/lib/python3.12/site-packages/airflow/example_dags/example_nested_branch_dag.py for tasks to queue
[2025-02-10T03:09:53.944+0000] {logging_mixin.py:190} INFO - [2025-02-10T03:09:53.944+0000] {dagbag.py:588} INFO - Filling up the DagBag from /home/airflow/.local/lib/python3.12/site-packages/airflow/example_dags/example_nested_branch_dag.py
[2025-02-10T03:09:53.951+0000] {processor.py:925} INFO - DAG(s) 'example_nested_branch_dag' retrieved from /home/airflow/.local/lib/python3.12/site-packages/airflow/example_dags/example_nested_branch_dag.py
[2025-02-10T03:09:53.963+0000] {logging_mixin.py:190} INFO - [2025-02-10T03:09:53.963+0000] {dag.py:3239} INFO - Sync 1 DAGs
[2025-02-10T03:09:53.974+0000] {logging_mixin.py:190} INFO - [2025-02-10T03:09:53.973+0000] {dag.py:4180} INFO - Setting next_dagrun for example_nested_branch_dag to 2025-02-09 00:00:00+00:00, run_after=2025-02-10 00:00:00+00:00
[2025-02-10T03:09:53.981+0000] {processor.py:208} INFO - Processing /home/airflow/.local/lib/python3.12/site-packages/airflow/example_dags/example_nested_branch_dag.py took 0.042 seconds
[2025-02-10T03:10:24.512+0000] {processor.py:186} INFO - Started process (PID=1902) to work on /home/airflow/.local/lib/python3.12/site-packages/airflow/example_dags/example_nested_branch_dag.py
[2025-02-10T03:10:24.512+0000] {processor.py:914} INFO - Processing file /home/airflow/.local/lib/python3.12/site-packages/airflow/example_dags/example_nested_branch_dag.py for tasks to queue
[2025-02-10T03:10:24.513+0000] {logging_mixin.py:190} INFO - [2025-02-10T03:10:24.513+0000] {dagbag.py:588} INFO - Filling up the DagBag from /home/airflow/.local/lib/python3.12/site-packages/airflow/example_dags/example_nested_branch_dag.py
[2025-02-10T03:10:24.519+0000] {processor.py:925} INFO - DAG(s) 'example_nested_branch_dag' retrieved from /home/airflow/.local/lib/python3.12/site-packages/airflow/example_dags/example_nested_branch_dag.py
[2025-02-10T03:10:24.531+0000] {logging_mixin.py:190} INFO - [2025-02-10T03:10:24.531+0000] {dag.py:3239} INFO - Sync 1 DAGs
[2025-02-10T03:10:24.544+0000] {logging_mixin.py:190} INFO - [2025-02-10T03:10:24.544+0000] {dag.py:4180} INFO - Setting next_dagrun for example_nested_branch_dag to 2025-02-09 00:00:00+00:00, run_after=2025-02-10 00:00:00+00:00
[2025-02-10T03:10:24.555+0000] {processor.py:208} INFO - Processing /home/airflow/.local/lib/python3.12/site-packages/airflow/example_dags/example_nested_branch_dag.py took 0.046 seconds
[2025-02-10T03:10:55.326+0000] {processor.py:186} INFO - Started process (PID=1966) to work on /home/airflow/.local/lib/python3.12/site-packages/airflow/example_dags/example_nested_branch_dag.py
[2025-02-10T03:10:55.327+0000] {processor.py:914} INFO - Processing file /home/airflow/.local/lib/python3.12/site-packages/airflow/example_dags/example_nested_branch_dag.py for tasks to queue
[2025-02-10T03:10:55.329+0000] {logging_mixin.py:190} INFO - [2025-02-10T03:10:55.328+0000] {dagbag.py:588} INFO - Filling up the DagBag from /home/airflow/.local/lib/python3.12/site-packages/airflow/example_dags/example_nested_branch_dag.py
[2025-02-10T03:10:55.334+0000] {processor.py:925} INFO - DAG(s) 'example_nested_branch_dag' retrieved from /home/airflow/.local/lib/python3.12/site-packages/airflow/example_dags/example_nested_branch_dag.py
[2025-02-10T03:10:55.344+0000] {logging_mixin.py:190} INFO - [2025-02-10T03:10:55.343+0000] {dag.py:3239} INFO - Sync 1 DAGs
[2025-02-10T03:10:55.353+0000] {logging_mixin.py:190} INFO - [2025-02-10T03:10:55.353+0000] {dag.py:4180} INFO - Setting next_dagrun for example_nested_branch_dag to 2025-02-09 00:00:00+00:00, run_after=2025-02-10 00:00:00+00:00
[2025-02-10T03:10:55.365+0000] {processor.py:208} INFO - Processing /home/airflow/.local/lib/python3.12/site-packages/airflow/example_dags/example_nested_branch_dag.py took 0.042 seconds
[2025-02-10T03:11:25.946+0000] {processor.py:186} INFO - Started process (PID=2030) to work on /home/airflow/.local/lib/python3.12/site-packages/airflow/example_dags/example_nested_branch_dag.py
[2025-02-10T03:11:25.947+0000] {processor.py:914} INFO - Processing file /home/airflow/.local/lib/python3.12/site-packages/airflow/example_dags/example_nested_branch_dag.py for tasks to queue
[2025-02-10T03:11:25.950+0000] {logging_mixin.py:190} INFO - [2025-02-10T03:11:25.950+0000] {dagbag.py:588} INFO - Filling up the DagBag from /home/airflow/.local/lib/python3.12/site-packages/airflow/example_dags/example_nested_branch_dag.py
[2025-02-10T03:11:25.961+0000] {processor.py:925} INFO - DAG(s) 'example_nested_branch_dag' retrieved from /home/airflow/.local/lib/python3.12/site-packages/airflow/example_dags/example_nested_branch_dag.py
[2025-02-10T03:11:25.975+0000] {logging_mixin.py:190} INFO - [2025-02-10T03:11:25.975+0000] {dag.py:3239} INFO - Sync 1 DAGs
[2025-02-10T03:11:25.992+0000] {logging_mixin.py:190} INFO - [2025-02-10T03:11:25.992+0000] {dag.py:4180} INFO - Setting next_dagrun for example_nested_branch_dag to 2025-02-09 00:00:00+00:00, run_after=2025-02-10 00:00:00+00:00
[2025-02-10T03:11:26.001+0000] {processor.py:208} INFO - Processing /home/airflow/.local/lib/python3.12/site-packages/airflow/example_dags/example_nested_branch_dag.py took 0.060 seconds
[2025-02-10T03:11:56.712+0000] {processor.py:186} INFO - Started process (PID=2094) to work on /home/airflow/.local/lib/python3.12/site-packages/airflow/example_dags/example_nested_branch_dag.py
[2025-02-10T03:11:56.713+0000] {processor.py:914} INFO - Processing file /home/airflow/.local/lib/python3.12/site-packages/airflow/example_dags/example_nested_branch_dag.py for tasks to queue
[2025-02-10T03:11:56.716+0000] {logging_mixin.py:190} INFO - [2025-02-10T03:11:56.716+0000] {dagbag.py:588} INFO - Filling up the DagBag from /home/airflow/.local/lib/python3.12/site-packages/airflow/example_dags/example_nested_branch_dag.py
[2025-02-10T03:11:56.731+0000] {processor.py:925} INFO - DAG(s) 'example_nested_branch_dag' retrieved from /home/airflow/.local/lib/python3.12/site-packages/airflow/example_dags/example_nested_branch_dag.py
[2025-02-10T03:11:56.766+0000] {logging_mixin.py:190} INFO - [2025-02-10T03:11:56.766+0000] {dag.py:3239} INFO - Sync 1 DAGs
[2025-02-10T03:11:56.784+0000] {logging_mixin.py:190} INFO - [2025-02-10T03:11:56.784+0000] {dag.py:4180} INFO - Setting next_dagrun for example_nested_branch_dag to 2025-02-09 00:00:00+00:00, run_after=2025-02-10 00:00:00+00:00
[2025-02-10T03:11:56.800+0000] {processor.py:208} INFO - Processing /home/airflow/.local/lib/python3.12/site-packages/airflow/example_dags/example_nested_branch_dag.py took 0.092 seconds
[2025-02-10T03:12:27.801+0000] {processor.py:186} INFO - Started process (PID=2158) to work on /home/airflow/.local/lib/python3.12/site-packages/airflow/example_dags/example_nested_branch_dag.py
[2025-02-10T03:12:27.802+0000] {processor.py:914} INFO - Processing file /home/airflow/.local/lib/python3.12/site-packages/airflow/example_dags/example_nested_branch_dag.py for tasks to queue
[2025-02-10T03:12:27.803+0000] {logging_mixin.py:190} INFO - [2025-02-10T03:12:27.803+0000] {dagbag.py:588} INFO - Filling up the DagBag from /home/airflow/.local/lib/python3.12/site-packages/airflow/example_dags/example_nested_branch_dag.py
[2025-02-10T03:12:27.809+0000] {processor.py:925} INFO - DAG(s) 'example_nested_branch_dag' retrieved from /home/airflow/.local/lib/python3.12/site-packages/airflow/example_dags/example_nested_branch_dag.py
[2025-02-10T03:12:27.831+0000] {logging_mixin.py:190} INFO - [2025-02-10T03:12:27.830+0000] {dag.py:3239} INFO - Sync 1 DAGs
[2025-02-10T03:12:27.849+0000] {logging_mixin.py:190} INFO - [2025-02-10T03:12:27.849+0000] {dag.py:4180} INFO - Setting next_dagrun for example_nested_branch_dag to 2025-02-09 00:00:00+00:00, run_after=2025-02-10 00:00:00+00:00
[2025-02-10T03:12:27.860+0000] {processor.py:208} INFO - Processing /home/airflow/.local/lib/python3.12/site-packages/airflow/example_dags/example_nested_branch_dag.py took 0.062 seconds
[2025-02-10T03:12:58.911+0000] {processor.py:186} INFO - Started process (PID=2222) to work on /home/airflow/.local/lib/python3.12/site-packages/airflow/example_dags/example_nested_branch_dag.py
[2025-02-10T03:12:58.912+0000] {processor.py:914} INFO - Processing file /home/airflow/.local/lib/python3.12/site-packages/airflow/example_dags/example_nested_branch_dag.py for tasks to queue
[2025-02-10T03:12:58.913+0000] {logging_mixin.py:190} INFO - [2025-02-10T03:12:58.913+0000] {dagbag.py:588} INFO - Filling up the DagBag from /home/airflow/.local/lib/python3.12/site-packages/airflow/example_dags/example_nested_branch_dag.py
[2025-02-10T03:12:58.921+0000] {processor.py:925} INFO - DAG(s) 'example_nested_branch_dag' retrieved from /home/airflow/.local/lib/python3.12/site-packages/airflow/example_dags/example_nested_branch_dag.py
[2025-02-10T03:12:58.936+0000] {logging_mixin.py:190} INFO - [2025-02-10T03:12:58.936+0000] {dag.py:3239} INFO - Sync 1 DAGs
[2025-02-10T03:12:58.954+0000] {logging_mixin.py:190} INFO - [2025-02-10T03:12:58.954+0000] {dag.py:4180} INFO - Setting next_dagrun for example_nested_branch_dag to 2025-02-09 00:00:00+00:00, run_after=2025-02-10 00:00:00+00:00
[2025-02-10T03:12:58.969+0000] {processor.py:208} INFO - Processing /home/airflow/.local/lib/python3.12/site-packages/airflow/example_dags/example_nested_branch_dag.py took 0.062 seconds
[2025-02-10T03:13:29.847+0000] {processor.py:186} INFO - Started process (PID=2286) to work on /home/airflow/.local/lib/python3.12/site-packages/airflow/example_dags/example_nested_branch_dag.py
[2025-02-10T03:13:29.848+0000] {processor.py:914} INFO - Processing file /home/airflow/.local/lib/python3.12/site-packages/airflow/example_dags/example_nested_branch_dag.py for tasks to queue
[2025-02-10T03:13:29.850+0000] {logging_mixin.py:190} INFO - [2025-02-10T03:13:29.849+0000] {dagbag.py:588} INFO - Filling up the DagBag from /home/airflow/.local/lib/python3.12/site-packages/airflow/example_dags/example_nested_branch_dag.py
[2025-02-10T03:13:29.857+0000] {processor.py:925} INFO - DAG(s) 'example_nested_branch_dag' retrieved from /home/airflow/.local/lib/python3.12/site-packages/airflow/example_dags/example_nested_branch_dag.py
[2025-02-10T03:13:29.872+0000] {logging_mixin.py:190} INFO - [2025-02-10T03:13:29.872+0000] {dag.py:3239} INFO - Sync 1 DAGs
[2025-02-10T03:13:29.885+0000] {logging_mixin.py:190} INFO - [2025-02-10T03:13:29.885+0000] {dag.py:4180} INFO - Setting next_dagrun for example_nested_branch_dag to 2025-02-09 00:00:00+00:00, run_after=2025-02-10 00:00:00+00:00
[2025-02-10T03:13:29.893+0000] {processor.py:208} INFO - Processing /home/airflow/.local/lib/python3.12/site-packages/airflow/example_dags/example_nested_branch_dag.py took 0.053 seconds
[2025-02-10T03:14:00.727+0000] {processor.py:186} INFO - Started process (PID=2350) to work on /home/airflow/.local/lib/python3.12/site-packages/airflow/example_dags/example_nested_branch_dag.py
[2025-02-10T03:14:00.728+0000] {processor.py:914} INFO - Processing file /home/airflow/.local/lib/python3.12/site-packages/airflow/example_dags/example_nested_branch_dag.py for tasks to queue
[2025-02-10T03:14:00.729+0000] {logging_mixin.py:190} INFO - [2025-02-10T03:14:00.729+0000] {dagbag.py:588} INFO - Filling up the DagBag from /home/airflow/.local/lib/python3.12/site-packages/airflow/example_dags/example_nested_branch_dag.py
[2025-02-10T03:14:00.735+0000] {processor.py:925} INFO - DAG(s) 'example_nested_branch_dag' retrieved from /home/airflow/.local/lib/python3.12/site-packages/airflow/example_dags/example_nested_branch_dag.py
[2025-02-10T03:14:00.754+0000] {logging_mixin.py:190} INFO - [2025-02-10T03:14:00.754+0000] {dag.py:3239} INFO - Sync 1 DAGs
[2025-02-10T03:14:00.767+0000] {logging_mixin.py:190} INFO - [2025-02-10T03:14:00.766+0000] {dag.py:4180} INFO - Setting next_dagrun for example_nested_branch_dag to 2025-02-09 00:00:00+00:00, run_after=2025-02-10 00:00:00+00:00
[2025-02-10T03:14:00.777+0000] {processor.py:208} INFO - Processing /home/airflow/.local/lib/python3.12/site-packages/airflow/example_dags/example_nested_branch_dag.py took 0.053 seconds
[2025-02-10T03:14:31.512+0000] {processor.py:186} INFO - Started process (PID=2414) to work on /home/airflow/.local/lib/python3.12/site-packages/airflow/example_dags/example_nested_branch_dag.py
[2025-02-10T03:14:31.513+0000] {processor.py:914} INFO - Processing file /home/airflow/.local/lib/python3.12/site-packages/airflow/example_dags/example_nested_branch_dag.py for tasks to queue
[2025-02-10T03:14:31.514+0000] {logging_mixin.py:190} INFO - [2025-02-10T03:14:31.514+0000] {dagbag.py:588} INFO - Filling up the DagBag from /home/airflow/.local/lib/python3.12/site-packages/airflow/example_dags/example_nested_branch_dag.py
[2025-02-10T03:14:31.520+0000] {processor.py:925} INFO - DAG(s) 'example_nested_branch_dag' retrieved from /home/airflow/.local/lib/python3.12/site-packages/airflow/example_dags/example_nested_branch_dag.py
[2025-02-10T03:14:31.542+0000] {logging_mixin.py:190} INFO - [2025-02-10T03:14:31.542+0000] {dag.py:3239} INFO - Sync 1 DAGs
[2025-02-10T03:14:31.561+0000] {logging_mixin.py:190} INFO - [2025-02-10T03:14:31.561+0000] {dag.py:4180} INFO - Setting next_dagrun for example_nested_branch_dag to 2025-02-09 00:00:00+00:00, run_after=2025-02-10 00:00:00+00:00
[2025-02-10T03:14:31.583+0000] {processor.py:208} INFO - Processing /home/airflow/.local/lib/python3.12/site-packages/airflow/example_dags/example_nested_branch_dag.py took 0.075 seconds
[2025-02-10T03:15:02.317+0000] {processor.py:186} INFO - Started process (PID=2478) to work on /home/airflow/.local/lib/python3.12/site-packages/airflow/example_dags/example_nested_branch_dag.py
[2025-02-10T03:15:02.317+0000] {processor.py:914} INFO - Processing file /home/airflow/.local/lib/python3.12/site-packages/airflow/example_dags/example_nested_branch_dag.py for tasks to queue
[2025-02-10T03:15:02.318+0000] {logging_mixin.py:190} INFO - [2025-02-10T03:15:02.318+0000] {dagbag.py:588} INFO - Filling up the DagBag from /home/airflow/.local/lib/python3.12/site-packages/airflow/example_dags/example_nested_branch_dag.py
[2025-02-10T03:15:02.329+0000] {processor.py:925} INFO - DAG(s) 'example_nested_branch_dag' retrieved from /home/airflow/.local/lib/python3.12/site-packages/airflow/example_dags/example_nested_branch_dag.py
[2025-02-10T03:15:02.345+0000] {logging_mixin.py:190} INFO - [2025-02-10T03:15:02.344+0000] {dag.py:3239} INFO - Sync 1 DAGs
[2025-02-10T03:15:02.360+0000] {logging_mixin.py:190} INFO - [2025-02-10T03:15:02.360+0000] {dag.py:4180} INFO - Setting next_dagrun for example_nested_branch_dag to 2025-02-09 00:00:00+00:00, run_after=2025-02-10 00:00:00+00:00
[2025-02-10T03:15:02.373+0000] {processor.py:208} INFO - Processing /home/airflow/.local/lib/python3.12/site-packages/airflow/example_dags/example_nested_branch_dag.py took 0.059 seconds
[2025-02-10T03:15:32.772+0000] {processor.py:186} INFO - Started process (PID=2541) to work on /home/airflow/.local/lib/python3.12/site-packages/airflow/example_dags/example_nested_branch_dag.py
[2025-02-10T03:15:32.773+0000] {processor.py:914} INFO - Processing file /home/airflow/.local/lib/python3.12/site-packages/airflow/example_dags/example_nested_branch_dag.py for tasks to queue
[2025-02-10T03:15:32.774+0000] {logging_mixin.py:190} INFO - [2025-02-10T03:15:32.773+0000] {dagbag.py:588} INFO - Filling up the DagBag from /home/airflow/.local/lib/python3.12/site-packages/airflow/example_dags/example_nested_branch_dag.py
[2025-02-10T03:15:32.780+0000] {processor.py:925} INFO - DAG(s) 'example_nested_branch_dag' retrieved from /home/airflow/.local/lib/python3.12/site-packages/airflow/example_dags/example_nested_branch_dag.py
[2025-02-10T03:15:32.790+0000] {logging_mixin.py:190} INFO - [2025-02-10T03:15:32.789+0000] {dag.py:3239} INFO - Sync 1 DAGs
[2025-02-10T03:15:32.800+0000] {logging_mixin.py:190} INFO - [2025-02-10T03:15:32.799+0000] {dag.py:4180} INFO - Setting next_dagrun for example_nested_branch_dag to 2025-02-09 00:00:00+00:00, run_after=2025-02-10 00:00:00+00:00
[2025-02-10T03:15:32.806+0000] {processor.py:208} INFO - Processing /home/airflow/.local/lib/python3.12/site-packages/airflow/example_dags/example_nested_branch_dag.py took 0.037 seconds
