[2025-02-10T02:55:47.846+0000] {processor.py:186} INFO - Started process (PID=76) to work on /home/airflow/.local/lib/python3.12/site-packages/airflow/example_dags/example_params_ui_tutorial.py
[2025-02-10T02:55:47.847+0000] {processor.py:914} INFO - Processing file /home/airflow/.local/lib/python3.12/site-packages/airflow/example_dags/example_params_ui_tutorial.py for tasks to queue
[2025-02-10T02:55:47.853+0000] {logging_mixin.py:190} INFO - [2025-02-10T02:55:47.851+0000] {dagbag.py:588} INFO - Filling up the DagBag from /home/airflow/.local/lib/python3.12/site-packages/airflow/example_dags/example_params_ui_tutorial.py
[2025-02-10T02:55:47.879+0000] {processor.py:925} INFO - DAG(s) 'example_params_ui_tutorial' retrieved from /home/airflow/.local/lib/python3.12/site-packages/airflow/example_dags/example_params_ui_tutorial.py
[2025-02-10T02:55:48.005+0000] {logging_mixin.py:190} INFO - [2025-02-10T02:55:48.004+0000] {override.py:1911} INFO - Created Permission View: can read on DAG:example_params_ui_tutorial
[2025-02-10T02:55:48.009+0000] {logging_mixin.py:190} INFO - [2025-02-10T02:55:48.009+0000] {override.py:1911} INFO - Created Permission View: can edit on DAG:example_params_ui_tutorial
[2025-02-10T02:55:48.017+0000] {logging_mixin.py:190} INFO - [2025-02-10T02:55:48.016+0000] {override.py:1911} INFO - Created Permission View: can delete on DAG:example_params_ui_tutorial
[2025-02-10T02:55:48.022+0000] {logging_mixin.py:190} INFO - [2025-02-10T02:55:48.022+0000] {override.py:1911} INFO - Created Permission View: can read on DAG Run:example_params_ui_tutorial
[2025-02-10T02:55:48.030+0000] {logging_mixin.py:190} INFO - [2025-02-10T02:55:48.030+0000] {override.py:1911} INFO - Created Permission View: can delete on DAG Run:example_params_ui_tutorial
[2025-02-10T02:55:48.038+0000] {logging_mixin.py:190} INFO - [2025-02-10T02:55:48.037+0000] {override.py:1911} INFO - Created Permission View: menu access on DAG Run:example_params_ui_tutorial
[2025-02-10T02:55:48.043+0000] {logging_mixin.py:190} INFO - [2025-02-10T02:55:48.043+0000] {override.py:1911} INFO - Created Permission View: can create on DAG Run:example_params_ui_tutorial
[2025-02-10T02:55:48.043+0000] {logging_mixin.py:190} INFO - [2025-02-10T02:55:48.043+0000] {dag.py:3239} INFO - Sync 1 DAGs
[2025-02-10T02:55:48.053+0000] {logging_mixin.py:190} INFO - [2025-02-10T02:55:48.053+0000] {dag.py:3262} INFO - Creating ORM DAG for example_params_ui_tutorial
[2025-02-10T02:55:48.057+0000] {logging_mixin.py:190} INFO - [2025-02-10T02:55:48.057+0000] {dag.py:4180} INFO - Setting next_dagrun for example_params_ui_tutorial to None, run_after=None
[2025-02-10T02:55:48.068+0000] {processor.py:208} INFO - Processing /home/airflow/.local/lib/python3.12/site-packages/airflow/example_dags/example_params_ui_tutorial.py took 0.230 seconds
[2025-02-10T02:56:18.830+0000] {processor.py:186} INFO - Started process (PID=140) to work on /home/airflow/.local/lib/python3.12/site-packages/airflow/example_dags/example_params_ui_tutorial.py
[2025-02-10T02:56:18.831+0000] {processor.py:914} INFO - Processing file /home/airflow/.local/lib/python3.12/site-packages/airflow/example_dags/example_params_ui_tutorial.py for tasks to queue
[2025-02-10T02:56:18.833+0000] {logging_mixin.py:190} INFO - [2025-02-10T02:56:18.833+0000] {dagbag.py:588} INFO - Filling up the DagBag from /home/airflow/.local/lib/python3.12/site-packages/airflow/example_dags/example_params_ui_tutorial.py
[2025-02-10T02:56:18.838+0000] {processor.py:925} INFO - DAG(s) 'example_params_ui_tutorial' retrieved from /home/airflow/.local/lib/python3.12/site-packages/airflow/example_dags/example_params_ui_tutorial.py
[2025-02-10T02:56:18.868+0000] {logging_mixin.py:190} INFO - [2025-02-10T02:56:18.868+0000] {dag.py:3239} INFO - Sync 1 DAGs
[2025-02-10T02:56:18.877+0000] {logging_mixin.py:190} INFO - [2025-02-10T02:56:18.877+0000] {dag.py:4180} INFO - Setting next_dagrun for example_params_ui_tutorial to None, run_after=None
[2025-02-10T02:56:18.888+0000] {processor.py:208} INFO - Processing /home/airflow/.local/lib/python3.12/site-packages/airflow/example_dags/example_params_ui_tutorial.py took 0.061 seconds
[2025-02-10T02:56:49.654+0000] {processor.py:186} INFO - Started process (PID=204) to work on /home/airflow/.local/lib/python3.12/site-packages/airflow/example_dags/example_params_ui_tutorial.py
[2025-02-10T02:56:49.655+0000] {processor.py:914} INFO - Processing file /home/airflow/.local/lib/python3.12/site-packages/airflow/example_dags/example_params_ui_tutorial.py for tasks to queue
[2025-02-10T02:56:49.656+0000] {logging_mixin.py:190} INFO - [2025-02-10T02:56:49.656+0000] {dagbag.py:588} INFO - Filling up the DagBag from /home/airflow/.local/lib/python3.12/site-packages/airflow/example_dags/example_params_ui_tutorial.py
[2025-02-10T02:56:49.662+0000] {processor.py:925} INFO - DAG(s) 'example_params_ui_tutorial' retrieved from /home/airflow/.local/lib/python3.12/site-packages/airflow/example_dags/example_params_ui_tutorial.py
[2025-02-10T02:56:49.707+0000] {logging_mixin.py:190} INFO - [2025-02-10T02:56:49.707+0000] {dag.py:3239} INFO - Sync 1 DAGs
[2025-02-10T02:56:49.717+0000] {logging_mixin.py:190} INFO - [2025-02-10T02:56:49.717+0000] {dag.py:4180} INFO - Setting next_dagrun for example_params_ui_tutorial to None, run_after=None
[2025-02-10T02:56:49.727+0000] {processor.py:208} INFO - Processing /home/airflow/.local/lib/python3.12/site-packages/airflow/example_dags/example_params_ui_tutorial.py took 0.077 seconds
[2025-02-10T02:57:20.189+0000] {processor.py:186} INFO - Started process (PID=266) to work on /home/airflow/.local/lib/python3.12/site-packages/airflow/example_dags/example_params_ui_tutorial.py
[2025-02-10T02:57:20.189+0000] {processor.py:914} INFO - Processing file /home/airflow/.local/lib/python3.12/site-packages/airflow/example_dags/example_params_ui_tutorial.py for tasks to queue
[2025-02-10T02:57:20.190+0000] {logging_mixin.py:190} INFO - [2025-02-10T02:57:20.190+0000] {dagbag.py:588} INFO - Filling up the DagBag from /home/airflow/.local/lib/python3.12/site-packages/airflow/example_dags/example_params_ui_tutorial.py
[2025-02-10T02:57:20.195+0000] {processor.py:925} INFO - DAG(s) 'example_params_ui_tutorial' retrieved from /home/airflow/.local/lib/python3.12/site-packages/airflow/example_dags/example_params_ui_tutorial.py
[2025-02-10T02:57:20.211+0000] {logging_mixin.py:190} INFO - [2025-02-10T02:57:20.211+0000] {dag.py:3239} INFO - Sync 1 DAGs
[2025-02-10T02:57:20.216+0000] {logging_mixin.py:190} INFO - [2025-02-10T02:57:20.216+0000] {dag.py:4180} INFO - Setting next_dagrun for example_params_ui_tutorial to None, run_after=None
[2025-02-10T02:57:20.223+0000] {processor.py:208} INFO - Processing /home/airflow/.local/lib/python3.12/site-packages/airflow/example_dags/example_params_ui_tutorial.py took 0.037 seconds
[2025-02-10T02:57:51.338+0000] {processor.py:186} INFO - Started process (PID=331) to work on /home/airflow/.local/lib/python3.12/site-packages/airflow/example_dags/example_params_ui_tutorial.py
[2025-02-10T02:57:51.339+0000] {processor.py:914} INFO - Processing file /home/airflow/.local/lib/python3.12/site-packages/airflow/example_dags/example_params_ui_tutorial.py for tasks to queue
[2025-02-10T02:57:51.340+0000] {logging_mixin.py:190} INFO - [2025-02-10T02:57:51.340+0000] {dagbag.py:588} INFO - Filling up the DagBag from /home/airflow/.local/lib/python3.12/site-packages/airflow/example_dags/example_params_ui_tutorial.py
[2025-02-10T02:57:51.345+0000] {processor.py:925} INFO - DAG(s) 'example_params_ui_tutorial' retrieved from /home/airflow/.local/lib/python3.12/site-packages/airflow/example_dags/example_params_ui_tutorial.py
[2025-02-10T02:57:51.367+0000] {logging_mixin.py:190} INFO - [2025-02-10T02:57:51.367+0000] {dag.py:3239} INFO - Sync 1 DAGs
[2025-02-10T02:57:51.376+0000] {logging_mixin.py:190} INFO - [2025-02-10T02:57:51.376+0000] {dag.py:4180} INFO - Setting next_dagrun for example_params_ui_tutorial to None, run_after=None
[2025-02-10T02:57:51.384+0000] {processor.py:208} INFO - Processing /home/airflow/.local/lib/python3.12/site-packages/airflow/example_dags/example_params_ui_tutorial.py took 0.050 seconds
[2025-02-10T02:58:22.505+0000] {processor.py:186} INFO - Started process (PID=395) to work on /home/airflow/.local/lib/python3.12/site-packages/airflow/example_dags/example_params_ui_tutorial.py
[2025-02-10T02:58:22.510+0000] {processor.py:914} INFO - Processing file /home/airflow/.local/lib/python3.12/site-packages/airflow/example_dags/example_params_ui_tutorial.py for tasks to queue
[2025-02-10T02:58:22.514+0000] {logging_mixin.py:190} INFO - [2025-02-10T02:58:22.514+0000] {dagbag.py:588} INFO - Filling up the DagBag from /home/airflow/.local/lib/python3.12/site-packages/airflow/example_dags/example_params_ui_tutorial.py
[2025-02-10T02:58:22.522+0000] {processor.py:925} INFO - DAG(s) 'example_params_ui_tutorial' retrieved from /home/airflow/.local/lib/python3.12/site-packages/airflow/example_dags/example_params_ui_tutorial.py
[2025-02-10T02:58:22.560+0000] {logging_mixin.py:190} INFO - [2025-02-10T02:58:22.560+0000] {dag.py:3239} INFO - Sync 1 DAGs
[2025-02-10T02:58:22.569+0000] {logging_mixin.py:190} INFO - [2025-02-10T02:58:22.569+0000] {dag.py:4180} INFO - Setting next_dagrun for example_params_ui_tutorial to None, run_after=None
[2025-02-10T02:58:22.578+0000] {processor.py:208} INFO - Processing /home/airflow/.local/lib/python3.12/site-packages/airflow/example_dags/example_params_ui_tutorial.py took 0.085 seconds
[2025-02-10T02:58:53.241+0000] {processor.py:186} INFO - Started process (PID=459) to work on /home/airflow/.local/lib/python3.12/site-packages/airflow/example_dags/example_params_ui_tutorial.py
[2025-02-10T02:58:53.242+0000] {processor.py:914} INFO - Processing file /home/airflow/.local/lib/python3.12/site-packages/airflow/example_dags/example_params_ui_tutorial.py for tasks to queue
[2025-02-10T02:58:53.244+0000] {logging_mixin.py:190} INFO - [2025-02-10T02:58:53.244+0000] {dagbag.py:588} INFO - Filling up the DagBag from /home/airflow/.local/lib/python3.12/site-packages/airflow/example_dags/example_params_ui_tutorial.py
[2025-02-10T02:58:53.249+0000] {processor.py:925} INFO - DAG(s) 'example_params_ui_tutorial' retrieved from /home/airflow/.local/lib/python3.12/site-packages/airflow/example_dags/example_params_ui_tutorial.py
[2025-02-10T02:58:53.268+0000] {logging_mixin.py:190} INFO - [2025-02-10T02:58:53.268+0000] {dag.py:3239} INFO - Sync 1 DAGs
[2025-02-10T02:58:53.274+0000] {logging_mixin.py:190} INFO - [2025-02-10T02:58:53.274+0000] {dag.py:4180} INFO - Setting next_dagrun for example_params_ui_tutorial to None, run_after=None
[2025-02-10T02:58:53.282+0000] {processor.py:208} INFO - Processing /home/airflow/.local/lib/python3.12/site-packages/airflow/example_dags/example_params_ui_tutorial.py took 0.044 seconds
[2025-02-10T02:59:24.285+0000] {processor.py:186} INFO - Started process (PID=522) to work on /home/airflow/.local/lib/python3.12/site-packages/airflow/example_dags/example_params_ui_tutorial.py
[2025-02-10T02:59:24.286+0000] {processor.py:914} INFO - Processing file /home/airflow/.local/lib/python3.12/site-packages/airflow/example_dags/example_params_ui_tutorial.py for tasks to queue
[2025-02-10T02:59:24.288+0000] {logging_mixin.py:190} INFO - [2025-02-10T02:59:24.287+0000] {dagbag.py:588} INFO - Filling up the DagBag from /home/airflow/.local/lib/python3.12/site-packages/airflow/example_dags/example_params_ui_tutorial.py
[2025-02-10T02:59:24.294+0000] {processor.py:925} INFO - DAG(s) 'example_params_ui_tutorial' retrieved from /home/airflow/.local/lib/python3.12/site-packages/airflow/example_dags/example_params_ui_tutorial.py
[2025-02-10T02:59:24.326+0000] {logging_mixin.py:190} INFO - [2025-02-10T02:59:24.326+0000] {dag.py:3239} INFO - Sync 1 DAGs
[2025-02-10T02:59:24.336+0000] {logging_mixin.py:190} INFO - [2025-02-10T02:59:24.336+0000] {dag.py:4180} INFO - Setting next_dagrun for example_params_ui_tutorial to None, run_after=None
[2025-02-10T02:59:24.345+0000] {processor.py:208} INFO - Processing /home/airflow/.local/lib/python3.12/site-packages/airflow/example_dags/example_params_ui_tutorial.py took 0.064 seconds
[2025-02-10T02:59:55.666+0000] {processor.py:186} INFO - Started process (PID=586) to work on /home/airflow/.local/lib/python3.12/site-packages/airflow/example_dags/example_params_ui_tutorial.py
[2025-02-10T02:59:55.666+0000] {processor.py:914} INFO - Processing file /home/airflow/.local/lib/python3.12/site-packages/airflow/example_dags/example_params_ui_tutorial.py for tasks to queue
[2025-02-10T02:59:55.667+0000] {logging_mixin.py:190} INFO - [2025-02-10T02:59:55.667+0000] {dagbag.py:588} INFO - Filling up the DagBag from /home/airflow/.local/lib/python3.12/site-packages/airflow/example_dags/example_params_ui_tutorial.py
[2025-02-10T02:59:55.675+0000] {processor.py:925} INFO - DAG(s) 'example_params_ui_tutorial' retrieved from /home/airflow/.local/lib/python3.12/site-packages/airflow/example_dags/example_params_ui_tutorial.py
[2025-02-10T02:59:55.707+0000] {logging_mixin.py:190} INFO - [2025-02-10T02:59:55.707+0000] {dag.py:3239} INFO - Sync 1 DAGs
[2025-02-10T02:59:55.717+0000] {logging_mixin.py:190} INFO - [2025-02-10T02:59:55.717+0000] {dag.py:4180} INFO - Setting next_dagrun for example_params_ui_tutorial to None, run_after=None
[2025-02-10T02:59:55.731+0000] {processor.py:208} INFO - Processing /home/airflow/.local/lib/python3.12/site-packages/airflow/example_dags/example_params_ui_tutorial.py took 0.068 seconds
[2025-02-10T03:00:27.527+0000] {processor.py:186} INFO - Started process (PID=650) to work on /home/airflow/.local/lib/python3.12/site-packages/airflow/example_dags/example_params_ui_tutorial.py
[2025-02-10T03:00:27.530+0000] {processor.py:914} INFO - Processing file /home/airflow/.local/lib/python3.12/site-packages/airflow/example_dags/example_params_ui_tutorial.py for tasks to queue
[2025-02-10T03:00:27.533+0000] {logging_mixin.py:190} INFO - [2025-02-10T03:00:27.533+0000] {dagbag.py:588} INFO - Filling up the DagBag from /home/airflow/.local/lib/python3.12/site-packages/airflow/example_dags/example_params_ui_tutorial.py
[2025-02-10T03:00:27.539+0000] {processor.py:925} INFO - DAG(s) 'example_params_ui_tutorial' retrieved from /home/airflow/.local/lib/python3.12/site-packages/airflow/example_dags/example_params_ui_tutorial.py
[2025-02-10T03:00:27.562+0000] {logging_mixin.py:190} INFO - [2025-02-10T03:00:27.562+0000] {dag.py:3239} INFO - Sync 1 DAGs
[2025-02-10T03:00:27.571+0000] {logging_mixin.py:190} INFO - [2025-02-10T03:00:27.571+0000] {dag.py:4180} INFO - Setting next_dagrun for example_params_ui_tutorial to None, run_after=None
[2025-02-10T03:00:27.584+0000] {processor.py:208} INFO - Processing /home/airflow/.local/lib/python3.12/site-packages/airflow/example_dags/example_params_ui_tutorial.py took 0.061 seconds
[2025-02-10T03:00:58.979+0000] {processor.py:186} INFO - Started process (PID=715) to work on /home/airflow/.local/lib/python3.12/site-packages/airflow/example_dags/example_params_ui_tutorial.py
[2025-02-10T03:00:58.980+0000] {processor.py:914} INFO - Processing file /home/airflow/.local/lib/python3.12/site-packages/airflow/example_dags/example_params_ui_tutorial.py for tasks to queue
[2025-02-10T03:00:58.982+0000] {logging_mixin.py:190} INFO - [2025-02-10T03:00:58.982+0000] {dagbag.py:588} INFO - Filling up the DagBag from /home/airflow/.local/lib/python3.12/site-packages/airflow/example_dags/example_params_ui_tutorial.py
[2025-02-10T03:00:58.989+0000] {processor.py:925} INFO - DAG(s) 'example_params_ui_tutorial' retrieved from /home/airflow/.local/lib/python3.12/site-packages/airflow/example_dags/example_params_ui_tutorial.py
[2025-02-10T03:00:59.011+0000] {logging_mixin.py:190} INFO - [2025-02-10T03:00:59.011+0000] {dag.py:3239} INFO - Sync 1 DAGs
[2025-02-10T03:00:59.022+0000] {logging_mixin.py:190} INFO - [2025-02-10T03:00:59.022+0000] {dag.py:4180} INFO - Setting next_dagrun for example_params_ui_tutorial to None, run_after=None
[2025-02-10T03:00:59.034+0000] {processor.py:208} INFO - Processing /home/airflow/.local/lib/python3.12/site-packages/airflow/example_dags/example_params_ui_tutorial.py took 0.059 seconds
[2025-02-10T03:01:30.429+0000] {processor.py:186} INFO - Started process (PID=779) to work on /home/airflow/.local/lib/python3.12/site-packages/airflow/example_dags/example_params_ui_tutorial.py
[2025-02-10T03:01:30.431+0000] {processor.py:914} INFO - Processing file /home/airflow/.local/lib/python3.12/site-packages/airflow/example_dags/example_params_ui_tutorial.py for tasks to queue
[2025-02-10T03:01:30.434+0000] {logging_mixin.py:190} INFO - [2025-02-10T03:01:30.434+0000] {dagbag.py:588} INFO - Filling up the DagBag from /home/airflow/.local/lib/python3.12/site-packages/airflow/example_dags/example_params_ui_tutorial.py
[2025-02-10T03:01:30.443+0000] {processor.py:925} INFO - DAG(s) 'example_params_ui_tutorial' retrieved from /home/airflow/.local/lib/python3.12/site-packages/airflow/example_dags/example_params_ui_tutorial.py
[2025-02-10T03:01:30.464+0000] {logging_mixin.py:190} INFO - [2025-02-10T03:01:30.463+0000] {dag.py:3239} INFO - Sync 1 DAGs
[2025-02-10T03:01:30.478+0000] {logging_mixin.py:190} INFO - [2025-02-10T03:01:30.478+0000] {dag.py:4180} INFO - Setting next_dagrun for example_params_ui_tutorial to None, run_after=None
[2025-02-10T03:01:30.495+0000] {processor.py:208} INFO - Processing /home/airflow/.local/lib/python3.12/site-packages/airflow/example_dags/example_params_ui_tutorial.py took 0.074 seconds
[2025-02-10T03:02:01.959+0000] {processor.py:186} INFO - Started process (PID=843) to work on /home/airflow/.local/lib/python3.12/site-packages/airflow/example_dags/example_params_ui_tutorial.py
[2025-02-10T03:02:01.960+0000] {processor.py:914} INFO - Processing file /home/airflow/.local/lib/python3.12/site-packages/airflow/example_dags/example_params_ui_tutorial.py for tasks to queue
[2025-02-10T03:02:01.961+0000] {logging_mixin.py:190} INFO - [2025-02-10T03:02:01.961+0000] {dagbag.py:588} INFO - Filling up the DagBag from /home/airflow/.local/lib/python3.12/site-packages/airflow/example_dags/example_params_ui_tutorial.py
[2025-02-10T03:02:01.967+0000] {processor.py:925} INFO - DAG(s) 'example_params_ui_tutorial' retrieved from /home/airflow/.local/lib/python3.12/site-packages/airflow/example_dags/example_params_ui_tutorial.py
[2025-02-10T03:02:01.986+0000] {logging_mixin.py:190} INFO - [2025-02-10T03:02:01.986+0000] {dag.py:3239} INFO - Sync 1 DAGs
[2025-02-10T03:02:01.994+0000] {logging_mixin.py:190} INFO - [2025-02-10T03:02:01.994+0000] {dag.py:4180} INFO - Setting next_dagrun for example_params_ui_tutorial to None, run_after=None
[2025-02-10T03:02:02.004+0000] {processor.py:208} INFO - Processing /home/airflow/.local/lib/python3.12/site-packages/airflow/example_dags/example_params_ui_tutorial.py took 0.048 seconds
[2025-02-10T03:02:33.389+0000] {processor.py:186} INFO - Started process (PID=907) to work on /home/airflow/.local/lib/python3.12/site-packages/airflow/example_dags/example_params_ui_tutorial.py
[2025-02-10T03:02:33.389+0000] {processor.py:914} INFO - Processing file /home/airflow/.local/lib/python3.12/site-packages/airflow/example_dags/example_params_ui_tutorial.py for tasks to queue
[2025-02-10T03:02:33.390+0000] {logging_mixin.py:190} INFO - [2025-02-10T03:02:33.390+0000] {dagbag.py:588} INFO - Filling up the DagBag from /home/airflow/.local/lib/python3.12/site-packages/airflow/example_dags/example_params_ui_tutorial.py
[2025-02-10T03:02:33.395+0000] {processor.py:925} INFO - DAG(s) 'example_params_ui_tutorial' retrieved from /home/airflow/.local/lib/python3.12/site-packages/airflow/example_dags/example_params_ui_tutorial.py
[2025-02-10T03:02:33.413+0000] {logging_mixin.py:190} INFO - [2025-02-10T03:02:33.413+0000] {dag.py:3239} INFO - Sync 1 DAGs
[2025-02-10T03:02:33.419+0000] {logging_mixin.py:190} INFO - [2025-02-10T03:02:33.419+0000] {dag.py:4180} INFO - Setting next_dagrun for example_params_ui_tutorial to None, run_after=None
[2025-02-10T03:02:33.431+0000] {processor.py:208} INFO - Processing /home/airflow/.local/lib/python3.12/site-packages/airflow/example_dags/example_params_ui_tutorial.py took 0.045 seconds
[2025-02-10T03:03:04.809+0000] {processor.py:186} INFO - Started process (PID=971) to work on /home/airflow/.local/lib/python3.12/site-packages/airflow/example_dags/example_params_ui_tutorial.py
[2025-02-10T03:03:04.810+0000] {processor.py:914} INFO - Processing file /home/airflow/.local/lib/python3.12/site-packages/airflow/example_dags/example_params_ui_tutorial.py for tasks to queue
[2025-02-10T03:03:04.811+0000] {logging_mixin.py:190} INFO - [2025-02-10T03:03:04.811+0000] {dagbag.py:588} INFO - Filling up the DagBag from /home/airflow/.local/lib/python3.12/site-packages/airflow/example_dags/example_params_ui_tutorial.py
[2025-02-10T03:03:04.819+0000] {processor.py:925} INFO - DAG(s) 'example_params_ui_tutorial' retrieved from /home/airflow/.local/lib/python3.12/site-packages/airflow/example_dags/example_params_ui_tutorial.py
[2025-02-10T03:03:04.847+0000] {logging_mixin.py:190} INFO - [2025-02-10T03:03:04.847+0000] {dag.py:3239} INFO - Sync 1 DAGs
[2025-02-10T03:03:04.856+0000] {logging_mixin.py:190} INFO - [2025-02-10T03:03:04.856+0000] {dag.py:4180} INFO - Setting next_dagrun for example_params_ui_tutorial to None, run_after=None
[2025-02-10T03:03:04.864+0000] {processor.py:208} INFO - Processing /home/airflow/.local/lib/python3.12/site-packages/airflow/example_dags/example_params_ui_tutorial.py took 0.058 seconds
[2025-02-10T03:03:36.351+0000] {processor.py:186} INFO - Started process (PID=1035) to work on /home/airflow/.local/lib/python3.12/site-packages/airflow/example_dags/example_params_ui_tutorial.py
[2025-02-10T03:03:36.352+0000] {processor.py:914} INFO - Processing file /home/airflow/.local/lib/python3.12/site-packages/airflow/example_dags/example_params_ui_tutorial.py for tasks to queue
[2025-02-10T03:03:36.354+0000] {logging_mixin.py:190} INFO - [2025-02-10T03:03:36.354+0000] {dagbag.py:588} INFO - Filling up the DagBag from /home/airflow/.local/lib/python3.12/site-packages/airflow/example_dags/example_params_ui_tutorial.py
[2025-02-10T03:03:36.360+0000] {processor.py:925} INFO - DAG(s) 'example_params_ui_tutorial' retrieved from /home/airflow/.local/lib/python3.12/site-packages/airflow/example_dags/example_params_ui_tutorial.py
[2025-02-10T03:03:36.406+0000] {logging_mixin.py:190} INFO - [2025-02-10T03:03:36.405+0000] {dag.py:3239} INFO - Sync 1 DAGs
[2025-02-10T03:03:36.429+0000] {logging_mixin.py:190} INFO - [2025-02-10T03:03:36.429+0000] {dag.py:4180} INFO - Setting next_dagrun for example_params_ui_tutorial to None, run_after=None
[2025-02-10T03:03:36.448+0000] {processor.py:208} INFO - Processing /home/airflow/.local/lib/python3.12/site-packages/airflow/example_dags/example_params_ui_tutorial.py took 0.102 seconds
[2025-02-10T03:04:08.252+0000] {processor.py:186} INFO - Started process (PID=1099) to work on /home/airflow/.local/lib/python3.12/site-packages/airflow/example_dags/example_params_ui_tutorial.py
[2025-02-10T03:04:08.253+0000] {processor.py:914} INFO - Processing file /home/airflow/.local/lib/python3.12/site-packages/airflow/example_dags/example_params_ui_tutorial.py for tasks to queue
[2025-02-10T03:04:08.254+0000] {logging_mixin.py:190} INFO - [2025-02-10T03:04:08.254+0000] {dagbag.py:588} INFO - Filling up the DagBag from /home/airflow/.local/lib/python3.12/site-packages/airflow/example_dags/example_params_ui_tutorial.py
[2025-02-10T03:04:08.260+0000] {processor.py:925} INFO - DAG(s) 'example_params_ui_tutorial' retrieved from /home/airflow/.local/lib/python3.12/site-packages/airflow/example_dags/example_params_ui_tutorial.py
[2025-02-10T03:04:08.280+0000] {logging_mixin.py:190} INFO - [2025-02-10T03:04:08.280+0000] {dag.py:3239} INFO - Sync 1 DAGs
[2025-02-10T03:04:08.290+0000] {logging_mixin.py:190} INFO - [2025-02-10T03:04:08.290+0000] {dag.py:4180} INFO - Setting next_dagrun for example_params_ui_tutorial to None, run_after=None
[2025-02-10T03:04:08.299+0000] {processor.py:208} INFO - Processing /home/airflow/.local/lib/python3.12/site-packages/airflow/example_dags/example_params_ui_tutorial.py took 0.050 seconds
[2025-02-10T03:04:39.478+0000] {processor.py:186} INFO - Started process (PID=1163) to work on /home/airflow/.local/lib/python3.12/site-packages/airflow/example_dags/example_params_ui_tutorial.py
[2025-02-10T03:04:39.479+0000] {processor.py:914} INFO - Processing file /home/airflow/.local/lib/python3.12/site-packages/airflow/example_dags/example_params_ui_tutorial.py for tasks to queue
[2025-02-10T03:04:39.481+0000] {logging_mixin.py:190} INFO - [2025-02-10T03:04:39.481+0000] {dagbag.py:588} INFO - Filling up the DagBag from /home/airflow/.local/lib/python3.12/site-packages/airflow/example_dags/example_params_ui_tutorial.py
[2025-02-10T03:04:39.489+0000] {processor.py:925} INFO - DAG(s) 'example_params_ui_tutorial' retrieved from /home/airflow/.local/lib/python3.12/site-packages/airflow/example_dags/example_params_ui_tutorial.py
[2025-02-10T03:04:39.519+0000] {logging_mixin.py:190} INFO - [2025-02-10T03:04:39.519+0000] {dag.py:3239} INFO - Sync 1 DAGs
[2025-02-10T03:04:39.529+0000] {logging_mixin.py:190} INFO - [2025-02-10T03:04:39.529+0000] {dag.py:4180} INFO - Setting next_dagrun for example_params_ui_tutorial to None, run_after=None
[2025-02-10T03:04:39.541+0000] {processor.py:208} INFO - Processing /home/airflow/.local/lib/python3.12/site-packages/airflow/example_dags/example_params_ui_tutorial.py took 0.068 seconds
[2025-02-10T03:05:10.430+0000] {processor.py:186} INFO - Started process (PID=1227) to work on /home/airflow/.local/lib/python3.12/site-packages/airflow/example_dags/example_params_ui_tutorial.py
[2025-02-10T03:05:10.430+0000] {processor.py:914} INFO - Processing file /home/airflow/.local/lib/python3.12/site-packages/airflow/example_dags/example_params_ui_tutorial.py for tasks to queue
[2025-02-10T03:05:10.432+0000] {logging_mixin.py:190} INFO - [2025-02-10T03:05:10.432+0000] {dagbag.py:588} INFO - Filling up the DagBag from /home/airflow/.local/lib/python3.12/site-packages/airflow/example_dags/example_params_ui_tutorial.py
[2025-02-10T03:05:10.438+0000] {processor.py:925} INFO - DAG(s) 'example_params_ui_tutorial' retrieved from /home/airflow/.local/lib/python3.12/site-packages/airflow/example_dags/example_params_ui_tutorial.py
[2025-02-10T03:05:10.461+0000] {logging_mixin.py:190} INFO - [2025-02-10T03:05:10.461+0000] {dag.py:3239} INFO - Sync 1 DAGs
[2025-02-10T03:05:10.468+0000] {logging_mixin.py:190} INFO - [2025-02-10T03:05:10.468+0000] {dag.py:4180} INFO - Setting next_dagrun for example_params_ui_tutorial to None, run_after=None
[2025-02-10T03:05:10.476+0000] {processor.py:208} INFO - Processing /home/airflow/.local/lib/python3.12/site-packages/airflow/example_dags/example_params_ui_tutorial.py took 0.051 seconds
[2025-02-10T03:05:41.507+0000] {processor.py:186} INFO - Started process (PID=1290) to work on /home/airflow/.local/lib/python3.12/site-packages/airflow/example_dags/example_params_ui_tutorial.py
[2025-02-10T03:05:41.510+0000] {processor.py:914} INFO - Processing file /home/airflow/.local/lib/python3.12/site-packages/airflow/example_dags/example_params_ui_tutorial.py for tasks to queue
[2025-02-10T03:05:41.512+0000] {logging_mixin.py:190} INFO - [2025-02-10T03:05:41.511+0000] {dagbag.py:588} INFO - Filling up the DagBag from /home/airflow/.local/lib/python3.12/site-packages/airflow/example_dags/example_params_ui_tutorial.py
[2025-02-10T03:05:41.517+0000] {processor.py:925} INFO - DAG(s) 'example_params_ui_tutorial' retrieved from /home/airflow/.local/lib/python3.12/site-packages/airflow/example_dags/example_params_ui_tutorial.py
[2025-02-10T03:05:41.538+0000] {logging_mixin.py:190} INFO - [2025-02-10T03:05:41.537+0000] {dag.py:3239} INFO - Sync 1 DAGs
[2025-02-10T03:05:41.544+0000] {logging_mixin.py:190} INFO - [2025-02-10T03:05:41.544+0000] {dag.py:4180} INFO - Setting next_dagrun for example_params_ui_tutorial to None, run_after=None
[2025-02-10T03:05:41.559+0000] {processor.py:208} INFO - Processing /home/airflow/.local/lib/python3.12/site-packages/airflow/example_dags/example_params_ui_tutorial.py took 0.055 seconds
[2025-02-10T03:06:12.593+0000] {processor.py:186} INFO - Started process (PID=1354) to work on /home/airflow/.local/lib/python3.12/site-packages/airflow/example_dags/example_params_ui_tutorial.py
[2025-02-10T03:06:12.594+0000] {processor.py:914} INFO - Processing file /home/airflow/.local/lib/python3.12/site-packages/airflow/example_dags/example_params_ui_tutorial.py for tasks to queue
[2025-02-10T03:06:12.595+0000] {logging_mixin.py:190} INFO - [2025-02-10T03:06:12.595+0000] {dagbag.py:588} INFO - Filling up the DagBag from /home/airflow/.local/lib/python3.12/site-packages/airflow/example_dags/example_params_ui_tutorial.py
[2025-02-10T03:06:12.600+0000] {processor.py:925} INFO - DAG(s) 'example_params_ui_tutorial' retrieved from /home/airflow/.local/lib/python3.12/site-packages/airflow/example_dags/example_params_ui_tutorial.py
[2025-02-10T03:06:12.629+0000] {logging_mixin.py:190} INFO - [2025-02-10T03:06:12.629+0000] {dag.py:3239} INFO - Sync 1 DAGs
[2025-02-10T03:06:12.636+0000] {logging_mixin.py:190} INFO - [2025-02-10T03:06:12.636+0000] {dag.py:4180} INFO - Setting next_dagrun for example_params_ui_tutorial to None, run_after=None
[2025-02-10T03:06:12.647+0000] {processor.py:208} INFO - Processing /home/airflow/.local/lib/python3.12/site-packages/airflow/example_dags/example_params_ui_tutorial.py took 0.056 seconds
[2025-02-10T03:06:44.741+0000] {processor.py:186} INFO - Started process (PID=1419) to work on /home/airflow/.local/lib/python3.12/site-packages/airflow/example_dags/example_params_ui_tutorial.py
[2025-02-10T03:06:44.742+0000] {processor.py:914} INFO - Processing file /home/airflow/.local/lib/python3.12/site-packages/airflow/example_dags/example_params_ui_tutorial.py for tasks to queue
[2025-02-10T03:06:44.744+0000] {logging_mixin.py:190} INFO - [2025-02-10T03:06:44.744+0000] {dagbag.py:588} INFO - Filling up the DagBag from /home/airflow/.local/lib/python3.12/site-packages/airflow/example_dags/example_params_ui_tutorial.py
[2025-02-10T03:06:44.749+0000] {processor.py:925} INFO - DAG(s) 'example_params_ui_tutorial' retrieved from /home/airflow/.local/lib/python3.12/site-packages/airflow/example_dags/example_params_ui_tutorial.py
[2025-02-10T03:06:44.777+0000] {logging_mixin.py:190} INFO - [2025-02-10T03:06:44.776+0000] {dag.py:3239} INFO - Sync 1 DAGs
[2025-02-10T03:06:44.789+0000] {logging_mixin.py:190} INFO - [2025-02-10T03:06:44.789+0000] {dag.py:4180} INFO - Setting next_dagrun for example_params_ui_tutorial to None, run_after=None
[2025-02-10T03:06:44.806+0000] {processor.py:208} INFO - Processing /home/airflow/.local/lib/python3.12/site-packages/airflow/example_dags/example_params_ui_tutorial.py took 0.070 seconds
[2025-02-10T03:07:15.757+0000] {processor.py:186} INFO - Started process (PID=1483) to work on /home/airflow/.local/lib/python3.12/site-packages/airflow/example_dags/example_params_ui_tutorial.py
[2025-02-10T03:07:15.758+0000] {processor.py:914} INFO - Processing file /home/airflow/.local/lib/python3.12/site-packages/airflow/example_dags/example_params_ui_tutorial.py for tasks to queue
[2025-02-10T03:07:15.759+0000] {logging_mixin.py:190} INFO - [2025-02-10T03:07:15.759+0000] {dagbag.py:588} INFO - Filling up the DagBag from /home/airflow/.local/lib/python3.12/site-packages/airflow/example_dags/example_params_ui_tutorial.py
[2025-02-10T03:07:15.764+0000] {processor.py:925} INFO - DAG(s) 'example_params_ui_tutorial' retrieved from /home/airflow/.local/lib/python3.12/site-packages/airflow/example_dags/example_params_ui_tutorial.py
[2025-02-10T03:07:15.787+0000] {logging_mixin.py:190} INFO - [2025-02-10T03:07:15.787+0000] {dag.py:3239} INFO - Sync 1 DAGs
[2025-02-10T03:07:15.794+0000] {logging_mixin.py:190} INFO - [2025-02-10T03:07:15.794+0000] {dag.py:4180} INFO - Setting next_dagrun for example_params_ui_tutorial to None, run_after=None
[2025-02-10T03:07:15.802+0000] {processor.py:208} INFO - Processing /home/airflow/.local/lib/python3.12/site-packages/airflow/example_dags/example_params_ui_tutorial.py took 0.052 seconds
[2025-02-10T03:07:46.599+0000] {processor.py:186} INFO - Started process (PID=1547) to work on /home/airflow/.local/lib/python3.12/site-packages/airflow/example_dags/example_params_ui_tutorial.py
[2025-02-10T03:07:46.601+0000] {processor.py:914} INFO - Processing file /home/airflow/.local/lib/python3.12/site-packages/airflow/example_dags/example_params_ui_tutorial.py for tasks to queue
[2025-02-10T03:07:46.604+0000] {logging_mixin.py:190} INFO - [2025-02-10T03:07:46.604+0000] {dagbag.py:588} INFO - Filling up the DagBag from /home/airflow/.local/lib/python3.12/site-packages/airflow/example_dags/example_params_ui_tutorial.py
[2025-02-10T03:07:46.613+0000] {processor.py:925} INFO - DAG(s) 'example_params_ui_tutorial' retrieved from /home/airflow/.local/lib/python3.12/site-packages/airflow/example_dags/example_params_ui_tutorial.py
[2025-02-10T03:07:46.644+0000] {logging_mixin.py:190} INFO - [2025-02-10T03:07:46.644+0000] {dag.py:3239} INFO - Sync 1 DAGs
[2025-02-10T03:07:46.653+0000] {logging_mixin.py:190} INFO - [2025-02-10T03:07:46.653+0000] {dag.py:4180} INFO - Setting next_dagrun for example_params_ui_tutorial to None, run_after=None
[2025-02-10T03:07:46.663+0000] {processor.py:208} INFO - Processing /home/airflow/.local/lib/python3.12/site-packages/airflow/example_dags/example_params_ui_tutorial.py took 0.070 seconds
[2025-02-10T03:08:18.100+0000] {processor.py:186} INFO - Started process (PID=1618) to work on /home/airflow/.local/lib/python3.12/site-packages/airflow/example_dags/example_params_ui_tutorial.py
[2025-02-10T03:08:18.101+0000] {processor.py:914} INFO - Processing file /home/airflow/.local/lib/python3.12/site-packages/airflow/example_dags/example_params_ui_tutorial.py for tasks to queue
[2025-02-10T03:08:18.102+0000] {logging_mixin.py:190} INFO - [2025-02-10T03:08:18.102+0000] {dagbag.py:588} INFO - Filling up the DagBag from /home/airflow/.local/lib/python3.12/site-packages/airflow/example_dags/example_params_ui_tutorial.py
[2025-02-10T03:08:18.106+0000] {processor.py:925} INFO - DAG(s) 'example_params_ui_tutorial' retrieved from /home/airflow/.local/lib/python3.12/site-packages/airflow/example_dags/example_params_ui_tutorial.py
[2025-02-10T03:08:18.130+0000] {logging_mixin.py:190} INFO - [2025-02-10T03:08:18.129+0000] {dag.py:3239} INFO - Sync 1 DAGs
[2025-02-10T03:08:18.138+0000] {logging_mixin.py:190} INFO - [2025-02-10T03:08:18.138+0000] {dag.py:4180} INFO - Setting next_dagrun for example_params_ui_tutorial to None, run_after=None
[2025-02-10T03:08:18.149+0000] {processor.py:208} INFO - Processing /home/airflow/.local/lib/python3.12/site-packages/airflow/example_dags/example_params_ui_tutorial.py took 0.052 seconds
[2025-02-10T03:08:48.774+0000] {processor.py:186} INFO - Started process (PID=1682) to work on /home/airflow/.local/lib/python3.12/site-packages/airflow/example_dags/example_params_ui_tutorial.py
[2025-02-10T03:08:48.775+0000] {processor.py:914} INFO - Processing file /home/airflow/.local/lib/python3.12/site-packages/airflow/example_dags/example_params_ui_tutorial.py for tasks to queue
[2025-02-10T03:08:48.776+0000] {logging_mixin.py:190} INFO - [2025-02-10T03:08:48.776+0000] {dagbag.py:588} INFO - Filling up the DagBag from /home/airflow/.local/lib/python3.12/site-packages/airflow/example_dags/example_params_ui_tutorial.py
[2025-02-10T03:08:48.780+0000] {processor.py:925} INFO - DAG(s) 'example_params_ui_tutorial' retrieved from /home/airflow/.local/lib/python3.12/site-packages/airflow/example_dags/example_params_ui_tutorial.py
[2025-02-10T03:08:48.805+0000] {logging_mixin.py:190} INFO - [2025-02-10T03:08:48.805+0000] {dag.py:3239} INFO - Sync 1 DAGs
[2025-02-10T03:08:48.812+0000] {logging_mixin.py:190} INFO - [2025-02-10T03:08:48.812+0000] {dag.py:4180} INFO - Setting next_dagrun for example_params_ui_tutorial to None, run_after=None
[2025-02-10T03:08:48.828+0000] {processor.py:208} INFO - Processing /home/airflow/.local/lib/python3.12/site-packages/airflow/example_dags/example_params_ui_tutorial.py took 0.056 seconds
[2025-02-10T03:09:19.610+0000] {processor.py:186} INFO - Started process (PID=1746) to work on /home/airflow/.local/lib/python3.12/site-packages/airflow/example_dags/example_params_ui_tutorial.py
[2025-02-10T03:09:19.611+0000] {processor.py:914} INFO - Processing file /home/airflow/.local/lib/python3.12/site-packages/airflow/example_dags/example_params_ui_tutorial.py for tasks to queue
[2025-02-10T03:09:19.612+0000] {logging_mixin.py:190} INFO - [2025-02-10T03:09:19.612+0000] {dagbag.py:588} INFO - Filling up the DagBag from /home/airflow/.local/lib/python3.12/site-packages/airflow/example_dags/example_params_ui_tutorial.py
[2025-02-10T03:09:19.617+0000] {processor.py:925} INFO - DAG(s) 'example_params_ui_tutorial' retrieved from /home/airflow/.local/lib/python3.12/site-packages/airflow/example_dags/example_params_ui_tutorial.py
[2025-02-10T03:09:19.636+0000] {logging_mixin.py:190} INFO - [2025-02-10T03:09:19.636+0000] {dag.py:3239} INFO - Sync 1 DAGs
[2025-02-10T03:09:19.644+0000] {logging_mixin.py:190} INFO - [2025-02-10T03:09:19.644+0000] {dag.py:4180} INFO - Setting next_dagrun for example_params_ui_tutorial to None, run_after=None
[2025-02-10T03:09:19.652+0000] {processor.py:208} INFO - Processing /home/airflow/.local/lib/python3.12/site-packages/airflow/example_dags/example_params_ui_tutorial.py took 0.045 seconds
[2025-02-10T03:09:49.999+0000] {processor.py:186} INFO - Started process (PID=1809) to work on /home/airflow/.local/lib/python3.12/site-packages/airflow/example_dags/example_params_ui_tutorial.py
[2025-02-10T03:09:50.000+0000] {processor.py:914} INFO - Processing file /home/airflow/.local/lib/python3.12/site-packages/airflow/example_dags/example_params_ui_tutorial.py for tasks to queue
[2025-02-10T03:09:50.001+0000] {logging_mixin.py:190} INFO - [2025-02-10T03:09:50.001+0000] {dagbag.py:588} INFO - Filling up the DagBag from /home/airflow/.local/lib/python3.12/site-packages/airflow/example_dags/example_params_ui_tutorial.py
[2025-02-10T03:09:50.006+0000] {processor.py:925} INFO - DAG(s) 'example_params_ui_tutorial' retrieved from /home/airflow/.local/lib/python3.12/site-packages/airflow/example_dags/example_params_ui_tutorial.py
[2025-02-10T03:09:50.028+0000] {logging_mixin.py:190} INFO - [2025-02-10T03:09:50.028+0000] {dag.py:3239} INFO - Sync 1 DAGs
[2025-02-10T03:09:50.038+0000] {logging_mixin.py:190} INFO - [2025-02-10T03:09:50.038+0000] {dag.py:4180} INFO - Setting next_dagrun for example_params_ui_tutorial to None, run_after=None
[2025-02-10T03:09:50.044+0000] {processor.py:208} INFO - Processing /home/airflow/.local/lib/python3.12/site-packages/airflow/example_dags/example_params_ui_tutorial.py took 0.049 seconds
[2025-02-10T03:10:20.994+0000] {processor.py:186} INFO - Started process (PID=1873) to work on /home/airflow/.local/lib/python3.12/site-packages/airflow/example_dags/example_params_ui_tutorial.py
[2025-02-10T03:10:20.997+0000] {processor.py:914} INFO - Processing file /home/airflow/.local/lib/python3.12/site-packages/airflow/example_dags/example_params_ui_tutorial.py for tasks to queue
[2025-02-10T03:10:20.998+0000] {logging_mixin.py:190} INFO - [2025-02-10T03:10:20.998+0000] {dagbag.py:588} INFO - Filling up the DagBag from /home/airflow/.local/lib/python3.12/site-packages/airflow/example_dags/example_params_ui_tutorial.py
[2025-02-10T03:10:21.003+0000] {processor.py:925} INFO - DAG(s) 'example_params_ui_tutorial' retrieved from /home/airflow/.local/lib/python3.12/site-packages/airflow/example_dags/example_params_ui_tutorial.py
[2025-02-10T03:10:21.020+0000] {logging_mixin.py:190} INFO - [2025-02-10T03:10:21.020+0000] {dag.py:3239} INFO - Sync 1 DAGs
[2025-02-10T03:10:21.026+0000] {logging_mixin.py:190} INFO - [2025-02-10T03:10:21.026+0000] {dag.py:4180} INFO - Setting next_dagrun for example_params_ui_tutorial to None, run_after=None
[2025-02-10T03:10:21.032+0000] {processor.py:208} INFO - Processing /home/airflow/.local/lib/python3.12/site-packages/airflow/example_dags/example_params_ui_tutorial.py took 0.042 seconds
[2025-02-10T03:10:51.768+0000] {processor.py:186} INFO - Started process (PID=1937) to work on /home/airflow/.local/lib/python3.12/site-packages/airflow/example_dags/example_params_ui_tutorial.py
[2025-02-10T03:10:51.768+0000] {processor.py:914} INFO - Processing file /home/airflow/.local/lib/python3.12/site-packages/airflow/example_dags/example_params_ui_tutorial.py for tasks to queue
[2025-02-10T03:10:51.769+0000] {logging_mixin.py:190} INFO - [2025-02-10T03:10:51.769+0000] {dagbag.py:588} INFO - Filling up the DagBag from /home/airflow/.local/lib/python3.12/site-packages/airflow/example_dags/example_params_ui_tutorial.py
[2025-02-10T03:10:51.775+0000] {processor.py:925} INFO - DAG(s) 'example_params_ui_tutorial' retrieved from /home/airflow/.local/lib/python3.12/site-packages/airflow/example_dags/example_params_ui_tutorial.py
[2025-02-10T03:10:51.792+0000] {logging_mixin.py:190} INFO - [2025-02-10T03:10:51.792+0000] {dag.py:3239} INFO - Sync 1 DAGs
[2025-02-10T03:10:51.798+0000] {logging_mixin.py:190} INFO - [2025-02-10T03:10:51.797+0000] {dag.py:4180} INFO - Setting next_dagrun for example_params_ui_tutorial to None, run_after=None
[2025-02-10T03:10:51.804+0000] {processor.py:208} INFO - Processing /home/airflow/.local/lib/python3.12/site-packages/airflow/example_dags/example_params_ui_tutorial.py took 0.039 seconds
[2025-02-10T03:11:22.961+0000] {processor.py:186} INFO - Started process (PID=2001) to work on /home/airflow/.local/lib/python3.12/site-packages/airflow/example_dags/example_params_ui_tutorial.py
[2025-02-10T03:11:22.962+0000] {processor.py:914} INFO - Processing file /home/airflow/.local/lib/python3.12/site-packages/airflow/example_dags/example_params_ui_tutorial.py for tasks to queue
[2025-02-10T03:11:22.963+0000] {logging_mixin.py:190} INFO - [2025-02-10T03:11:22.963+0000] {dagbag.py:588} INFO - Filling up the DagBag from /home/airflow/.local/lib/python3.12/site-packages/airflow/example_dags/example_params_ui_tutorial.py
[2025-02-10T03:11:22.969+0000] {processor.py:925} INFO - DAG(s) 'example_params_ui_tutorial' retrieved from /home/airflow/.local/lib/python3.12/site-packages/airflow/example_dags/example_params_ui_tutorial.py
[2025-02-10T03:11:22.996+0000] {logging_mixin.py:190} INFO - [2025-02-10T03:11:22.995+0000] {dag.py:3239} INFO - Sync 1 DAGs
[2025-02-10T03:11:23.003+0000] {logging_mixin.py:190} INFO - [2025-02-10T03:11:23.003+0000] {dag.py:4180} INFO - Setting next_dagrun for example_params_ui_tutorial to None, run_after=None
[2025-02-10T03:11:23.017+0000] {processor.py:208} INFO - Processing /home/airflow/.local/lib/python3.12/site-packages/airflow/example_dags/example_params_ui_tutorial.py took 0.062 seconds
[2025-02-10T03:11:53.952+0000] {processor.py:186} INFO - Started process (PID=2065) to work on /home/airflow/.local/lib/python3.12/site-packages/airflow/example_dags/example_params_ui_tutorial.py
[2025-02-10T03:11:53.952+0000] {processor.py:914} INFO - Processing file /home/airflow/.local/lib/python3.12/site-packages/airflow/example_dags/example_params_ui_tutorial.py for tasks to queue
[2025-02-10T03:11:53.953+0000] {logging_mixin.py:190} INFO - [2025-02-10T03:11:53.953+0000] {dagbag.py:588} INFO - Filling up the DagBag from /home/airflow/.local/lib/python3.12/site-packages/airflow/example_dags/example_params_ui_tutorial.py
[2025-02-10T03:11:53.958+0000] {processor.py:925} INFO - DAG(s) 'example_params_ui_tutorial' retrieved from /home/airflow/.local/lib/python3.12/site-packages/airflow/example_dags/example_params_ui_tutorial.py
[2025-02-10T03:11:53.980+0000] {logging_mixin.py:190} INFO - [2025-02-10T03:11:53.980+0000] {dag.py:3239} INFO - Sync 1 DAGs
[2025-02-10T03:11:53.986+0000] {logging_mixin.py:190} INFO - [2025-02-10T03:11:53.986+0000] {dag.py:4180} INFO - Setting next_dagrun for example_params_ui_tutorial to None, run_after=None
[2025-02-10T03:11:53.995+0000] {processor.py:208} INFO - Processing /home/airflow/.local/lib/python3.12/site-packages/airflow/example_dags/example_params_ui_tutorial.py took 0.046 seconds
[2025-02-10T03:12:24.884+0000] {processor.py:186} INFO - Started process (PID=2129) to work on /home/airflow/.local/lib/python3.12/site-packages/airflow/example_dags/example_params_ui_tutorial.py
[2025-02-10T03:12:24.886+0000] {processor.py:914} INFO - Processing file /home/airflow/.local/lib/python3.12/site-packages/airflow/example_dags/example_params_ui_tutorial.py for tasks to queue
[2025-02-10T03:12:24.888+0000] {logging_mixin.py:190} INFO - [2025-02-10T03:12:24.887+0000] {dagbag.py:588} INFO - Filling up the DagBag from /home/airflow/.local/lib/python3.12/site-packages/airflow/example_dags/example_params_ui_tutorial.py
[2025-02-10T03:12:24.893+0000] {processor.py:925} INFO - DAG(s) 'example_params_ui_tutorial' retrieved from /home/airflow/.local/lib/python3.12/site-packages/airflow/example_dags/example_params_ui_tutorial.py
[2025-02-10T03:12:24.915+0000] {logging_mixin.py:190} INFO - [2025-02-10T03:12:24.915+0000] {dag.py:3239} INFO - Sync 1 DAGs
[2025-02-10T03:12:24.922+0000] {logging_mixin.py:190} INFO - [2025-02-10T03:12:24.922+0000] {dag.py:4180} INFO - Setting next_dagrun for example_params_ui_tutorial to None, run_after=None
[2025-02-10T03:12:24.934+0000] {processor.py:208} INFO - Processing /home/airflow/.local/lib/python3.12/site-packages/airflow/example_dags/example_params_ui_tutorial.py took 0.053 seconds
[2025-02-10T03:12:56.126+0000] {processor.py:186} INFO - Started process (PID=2193) to work on /home/airflow/.local/lib/python3.12/site-packages/airflow/example_dags/example_params_ui_tutorial.py
[2025-02-10T03:12:56.126+0000] {processor.py:914} INFO - Processing file /home/airflow/.local/lib/python3.12/site-packages/airflow/example_dags/example_params_ui_tutorial.py for tasks to queue
[2025-02-10T03:12:56.129+0000] {logging_mixin.py:190} INFO - [2025-02-10T03:12:56.129+0000] {dagbag.py:588} INFO - Filling up the DagBag from /home/airflow/.local/lib/python3.12/site-packages/airflow/example_dags/example_params_ui_tutorial.py
[2025-02-10T03:12:56.135+0000] {processor.py:925} INFO - DAG(s) 'example_params_ui_tutorial' retrieved from /home/airflow/.local/lib/python3.12/site-packages/airflow/example_dags/example_params_ui_tutorial.py
[2025-02-10T03:12:56.158+0000] {logging_mixin.py:190} INFO - [2025-02-10T03:12:56.158+0000] {dag.py:3239} INFO - Sync 1 DAGs
[2025-02-10T03:12:56.164+0000] {logging_mixin.py:190} INFO - [2025-02-10T03:12:56.164+0000] {dag.py:4180} INFO - Setting next_dagrun for example_params_ui_tutorial to None, run_after=None
[2025-02-10T03:12:56.173+0000] {processor.py:208} INFO - Processing /home/airflow/.local/lib/python3.12/site-packages/airflow/example_dags/example_params_ui_tutorial.py took 0.050 seconds
[2025-02-10T03:13:26.816+0000] {processor.py:186} INFO - Started process (PID=2257) to work on /home/airflow/.local/lib/python3.12/site-packages/airflow/example_dags/example_params_ui_tutorial.py
[2025-02-10T03:13:26.819+0000] {processor.py:914} INFO - Processing file /home/airflow/.local/lib/python3.12/site-packages/airflow/example_dags/example_params_ui_tutorial.py for tasks to queue
[2025-02-10T03:13:26.821+0000] {logging_mixin.py:190} INFO - [2025-02-10T03:13:26.820+0000] {dagbag.py:588} INFO - Filling up the DagBag from /home/airflow/.local/lib/python3.12/site-packages/airflow/example_dags/example_params_ui_tutorial.py
[2025-02-10T03:13:26.828+0000] {processor.py:925} INFO - DAG(s) 'example_params_ui_tutorial' retrieved from /home/airflow/.local/lib/python3.12/site-packages/airflow/example_dags/example_params_ui_tutorial.py
[2025-02-10T03:13:26.855+0000] {logging_mixin.py:190} INFO - [2025-02-10T03:13:26.855+0000] {dag.py:3239} INFO - Sync 1 DAGs
[2025-02-10T03:13:26.862+0000] {logging_mixin.py:190} INFO - [2025-02-10T03:13:26.862+0000] {dag.py:4180} INFO - Setting next_dagrun for example_params_ui_tutorial to None, run_after=None
[2025-02-10T03:13:26.874+0000] {processor.py:208} INFO - Processing /home/airflow/.local/lib/python3.12/site-packages/airflow/example_dags/example_params_ui_tutorial.py took 0.061 seconds
[2025-02-10T03:13:57.990+0000] {processor.py:186} INFO - Started process (PID=2321) to work on /home/airflow/.local/lib/python3.12/site-packages/airflow/example_dags/example_params_ui_tutorial.py
[2025-02-10T03:13:57.991+0000] {processor.py:914} INFO - Processing file /home/airflow/.local/lib/python3.12/site-packages/airflow/example_dags/example_params_ui_tutorial.py for tasks to queue
[2025-02-10T03:13:57.995+0000] {logging_mixin.py:190} INFO - [2025-02-10T03:13:57.995+0000] {dagbag.py:588} INFO - Filling up the DagBag from /home/airflow/.local/lib/python3.12/site-packages/airflow/example_dags/example_params_ui_tutorial.py
[2025-02-10T03:13:58.001+0000] {processor.py:925} INFO - DAG(s) 'example_params_ui_tutorial' retrieved from /home/airflow/.local/lib/python3.12/site-packages/airflow/example_dags/example_params_ui_tutorial.py
[2025-02-10T03:13:58.021+0000] {logging_mixin.py:190} INFO - [2025-02-10T03:13:58.021+0000] {dag.py:3239} INFO - Sync 1 DAGs
[2025-02-10T03:13:58.027+0000] {logging_mixin.py:190} INFO - [2025-02-10T03:13:58.027+0000] {dag.py:4180} INFO - Setting next_dagrun for example_params_ui_tutorial to None, run_after=None
[2025-02-10T03:13:58.034+0000] {processor.py:208} INFO - Processing /home/airflow/.local/lib/python3.12/site-packages/airflow/example_dags/example_params_ui_tutorial.py took 0.047 seconds
[2025-02-10T03:14:29.703+0000] {processor.py:186} INFO - Started process (PID=2385) to work on /home/airflow/.local/lib/python3.12/site-packages/airflow/example_dags/example_params_ui_tutorial.py
[2025-02-10T03:14:29.703+0000] {processor.py:914} INFO - Processing file /home/airflow/.local/lib/python3.12/site-packages/airflow/example_dags/example_params_ui_tutorial.py for tasks to queue
[2025-02-10T03:14:29.705+0000] {logging_mixin.py:190} INFO - [2025-02-10T03:14:29.705+0000] {dagbag.py:588} INFO - Filling up the DagBag from /home/airflow/.local/lib/python3.12/site-packages/airflow/example_dags/example_params_ui_tutorial.py
[2025-02-10T03:14:29.712+0000] {processor.py:925} INFO - DAG(s) 'example_params_ui_tutorial' retrieved from /home/airflow/.local/lib/python3.12/site-packages/airflow/example_dags/example_params_ui_tutorial.py
[2025-02-10T03:14:29.750+0000] {logging_mixin.py:190} INFO - [2025-02-10T03:14:29.749+0000] {dag.py:3239} INFO - Sync 1 DAGs
[2025-02-10T03:14:29.760+0000] {logging_mixin.py:190} INFO - [2025-02-10T03:14:29.760+0000] {dag.py:4180} INFO - Setting next_dagrun for example_params_ui_tutorial to None, run_after=None
[2025-02-10T03:14:29.772+0000] {processor.py:208} INFO - Processing /home/airflow/.local/lib/python3.12/site-packages/airflow/example_dags/example_params_ui_tutorial.py took 0.073 seconds
[2025-02-10T03:15:00.571+0000] {processor.py:186} INFO - Started process (PID=2449) to work on /home/airflow/.local/lib/python3.12/site-packages/airflow/example_dags/example_params_ui_tutorial.py
[2025-02-10T03:15:00.572+0000] {processor.py:914} INFO - Processing file /home/airflow/.local/lib/python3.12/site-packages/airflow/example_dags/example_params_ui_tutorial.py for tasks to queue
[2025-02-10T03:15:00.573+0000] {logging_mixin.py:190} INFO - [2025-02-10T03:15:00.573+0000] {dagbag.py:588} INFO - Filling up the DagBag from /home/airflow/.local/lib/python3.12/site-packages/airflow/example_dags/example_params_ui_tutorial.py
[2025-02-10T03:15:00.578+0000] {processor.py:925} INFO - DAG(s) 'example_params_ui_tutorial' retrieved from /home/airflow/.local/lib/python3.12/site-packages/airflow/example_dags/example_params_ui_tutorial.py
[2025-02-10T03:15:00.599+0000] {logging_mixin.py:190} INFO - [2025-02-10T03:15:00.599+0000] {dag.py:3239} INFO - Sync 1 DAGs
[2025-02-10T03:15:00.607+0000] {logging_mixin.py:190} INFO - [2025-02-10T03:15:00.607+0000] {dag.py:4180} INFO - Setting next_dagrun for example_params_ui_tutorial to None, run_after=None
[2025-02-10T03:15:00.615+0000] {processor.py:208} INFO - Processing /home/airflow/.local/lib/python3.12/site-packages/airflow/example_dags/example_params_ui_tutorial.py took 0.048 seconds
[2025-02-10T03:15:31.365+0000] {processor.py:186} INFO - Started process (PID=2512) to work on /home/airflow/.local/lib/python3.12/site-packages/airflow/example_dags/example_params_ui_tutorial.py
[2025-02-10T03:15:31.368+0000] {processor.py:914} INFO - Processing file /home/airflow/.local/lib/python3.12/site-packages/airflow/example_dags/example_params_ui_tutorial.py for tasks to queue
[2025-02-10T03:15:31.370+0000] {logging_mixin.py:190} INFO - [2025-02-10T03:15:31.369+0000] {dagbag.py:588} INFO - Filling up the DagBag from /home/airflow/.local/lib/python3.12/site-packages/airflow/example_dags/example_params_ui_tutorial.py
[2025-02-10T03:15:31.374+0000] {processor.py:925} INFO - DAG(s) 'example_params_ui_tutorial' retrieved from /home/airflow/.local/lib/python3.12/site-packages/airflow/example_dags/example_params_ui_tutorial.py
[2025-02-10T03:15:31.402+0000] {logging_mixin.py:190} INFO - [2025-02-10T03:15:31.402+0000] {dag.py:3239} INFO - Sync 1 DAGs
[2025-02-10T03:15:31.415+0000] {logging_mixin.py:190} INFO - [2025-02-10T03:15:31.415+0000] {dag.py:4180} INFO - Setting next_dagrun for example_params_ui_tutorial to None, run_after=None
[2025-02-10T03:15:31.429+0000] {processor.py:208} INFO - Processing /home/airflow/.local/lib/python3.12/site-packages/airflow/example_dags/example_params_ui_tutorial.py took 0.067 seconds
