[2025-02-10T02:55:51.216+0000] {processor.py:186} INFO - Started process (PID=96) to work on /home/airflow/.local/lib/python3.12/site-packages/airflow/example_dags/example_latest_only_with_trigger.py
[2025-02-10T02:55:51.217+0000] {processor.py:914} INFO - Processing file /home/airflow/.local/lib/python3.12/site-packages/airflow/example_dags/example_latest_only_with_trigger.py for tasks to queue
[2025-02-10T02:55:51.219+0000] {logging_mixin.py:190} INFO - [2025-02-10T02:55:51.219+0000] {dagbag.py:588} INFO - Filling up the DagBag from /home/airflow/.local/lib/python3.12/site-packages/airflow/example_dags/example_latest_only_with_trigger.py
[2025-02-10T02:55:51.228+0000] {processor.py:925} INFO - DAG(s) 'latest_only_with_trigger' retrieved from /home/airflow/.local/lib/python3.12/site-packages/airflow/example_dags/example_latest_only_with_trigger.py
[2025-02-10T02:55:51.289+0000] {logging_mixin.py:190} INFO - [2025-02-10T02:55:51.288+0000] {override.py:1911} INFO - Created Permission View: can read on DAG:latest_only_with_trigger
[2025-02-10T02:55:51.295+0000] {logging_mixin.py:190} INFO - [2025-02-10T02:55:51.295+0000] {override.py:1911} INFO - Created Permission View: can edit on DAG:latest_only_with_trigger
[2025-02-10T02:55:51.298+0000] {logging_mixin.py:190} INFO - [2025-02-10T02:55:51.298+0000] {override.py:1911} INFO - Created Permission View: can delete on DAG:latest_only_with_trigger
[2025-02-10T02:55:51.301+0000] {logging_mixin.py:190} INFO - [2025-02-10T02:55:51.301+0000] {override.py:1911} INFO - Created Permission View: can read on DAG Run:latest_only_with_trigger
[2025-02-10T02:55:51.304+0000] {logging_mixin.py:190} INFO - [2025-02-10T02:55:51.303+0000] {override.py:1911} INFO - Created Permission View: can delete on DAG Run:latest_only_with_trigger
[2025-02-10T02:55:51.306+0000] {logging_mixin.py:190} INFO - [2025-02-10T02:55:51.306+0000] {override.py:1911} INFO - Created Permission View: menu access on DAG Run:latest_only_with_trigger
[2025-02-10T02:55:51.309+0000] {logging_mixin.py:190} INFO - [2025-02-10T02:55:51.309+0000] {override.py:1911} INFO - Created Permission View: can create on DAG Run:latest_only_with_trigger
[2025-02-10T02:55:51.310+0000] {logging_mixin.py:190} INFO - [2025-02-10T02:55:51.310+0000] {dag.py:3239} INFO - Sync 1 DAGs
[2025-02-10T02:55:51.318+0000] {logging_mixin.py:190} INFO - [2025-02-10T02:55:51.318+0000] {dag.py:3262} INFO - Creating ORM DAG for latest_only_with_trigger
[2025-02-10T02:55:51.325+0000] {logging_mixin.py:190} INFO - [2025-02-10T02:55:51.325+0000] {dag.py:4180} INFO - Setting next_dagrun for latest_only_with_trigger to 2025-02-09 20:00:00+00:00, run_after=2025-02-10 00:00:00+00:00
[2025-02-10T02:55:51.342+0000] {processor.py:208} INFO - Processing /home/airflow/.local/lib/python3.12/site-packages/airflow/example_dags/example_latest_only_with_trigger.py took 0.137 seconds
[2025-02-10T02:56:22.035+0000] {processor.py:186} INFO - Started process (PID=160) to work on /home/airflow/.local/lib/python3.12/site-packages/airflow/example_dags/example_latest_only_with_trigger.py
[2025-02-10T02:56:22.035+0000] {processor.py:914} INFO - Processing file /home/airflow/.local/lib/python3.12/site-packages/airflow/example_dags/example_latest_only_with_trigger.py for tasks to queue
[2025-02-10T02:56:22.037+0000] {logging_mixin.py:190} INFO - [2025-02-10T02:56:22.037+0000] {dagbag.py:588} INFO - Filling up the DagBag from /home/airflow/.local/lib/python3.12/site-packages/airflow/example_dags/example_latest_only_with_trigger.py
[2025-02-10T02:56:22.043+0000] {processor.py:925} INFO - DAG(s) 'latest_only_with_trigger' retrieved from /home/airflow/.local/lib/python3.12/site-packages/airflow/example_dags/example_latest_only_with_trigger.py
[2025-02-10T02:56:22.056+0000] {logging_mixin.py:190} INFO - [2025-02-10T02:56:22.056+0000] {dag.py:3239} INFO - Sync 1 DAGs
[2025-02-10T02:56:22.067+0000] {logging_mixin.py:190} INFO - [2025-02-10T02:56:22.067+0000] {dag.py:4180} INFO - Setting next_dagrun for latest_only_with_trigger to 2025-02-09 20:00:00+00:00, run_after=2025-02-10 00:00:00+00:00
[2025-02-10T02:56:22.075+0000] {processor.py:208} INFO - Processing /home/airflow/.local/lib/python3.12/site-packages/airflow/example_dags/example_latest_only_with_trigger.py took 0.044 seconds
[2025-02-10T02:56:52.805+0000] {processor.py:186} INFO - Started process (PID=224) to work on /home/airflow/.local/lib/python3.12/site-packages/airflow/example_dags/example_latest_only_with_trigger.py
[2025-02-10T02:56:52.809+0000] {processor.py:914} INFO - Processing file /home/airflow/.local/lib/python3.12/site-packages/airflow/example_dags/example_latest_only_with_trigger.py for tasks to queue
[2025-02-10T02:56:52.813+0000] {logging_mixin.py:190} INFO - [2025-02-10T02:56:52.812+0000] {dagbag.py:588} INFO - Filling up the DagBag from /home/airflow/.local/lib/python3.12/site-packages/airflow/example_dags/example_latest_only_with_trigger.py
[2025-02-10T02:56:52.828+0000] {processor.py:925} INFO - DAG(s) 'latest_only_with_trigger' retrieved from /home/airflow/.local/lib/python3.12/site-packages/airflow/example_dags/example_latest_only_with_trigger.py
[2025-02-10T02:56:52.842+0000] {logging_mixin.py:190} INFO - [2025-02-10T02:56:52.842+0000] {dag.py:3239} INFO - Sync 1 DAGs
[2025-02-10T02:56:52.855+0000] {logging_mixin.py:190} INFO - [2025-02-10T02:56:52.855+0000] {dag.py:4180} INFO - Setting next_dagrun for latest_only_with_trigger to 2025-02-09 20:00:00+00:00, run_after=2025-02-10 00:00:00+00:00
[2025-02-10T02:56:52.865+0000] {processor.py:208} INFO - Processing /home/airflow/.local/lib/python3.12/site-packages/airflow/example_dags/example_latest_only_with_trigger.py took 0.066 seconds
[2025-02-10T02:57:23.657+0000] {processor.py:186} INFO - Started process (PID=287) to work on /home/airflow/.local/lib/python3.12/site-packages/airflow/example_dags/example_latest_only_with_trigger.py
[2025-02-10T02:57:23.660+0000] {processor.py:914} INFO - Processing file /home/airflow/.local/lib/python3.12/site-packages/airflow/example_dags/example_latest_only_with_trigger.py for tasks to queue
[2025-02-10T02:57:23.662+0000] {logging_mixin.py:190} INFO - [2025-02-10T02:57:23.662+0000] {dagbag.py:588} INFO - Filling up the DagBag from /home/airflow/.local/lib/python3.12/site-packages/airflow/example_dags/example_latest_only_with_trigger.py
[2025-02-10T02:57:23.700+0000] {processor.py:925} INFO - DAG(s) 'latest_only_with_trigger' retrieved from /home/airflow/.local/lib/python3.12/site-packages/airflow/example_dags/example_latest_only_with_trigger.py
[2025-02-10T02:57:23.727+0000] {logging_mixin.py:190} INFO - [2025-02-10T02:57:23.727+0000] {dag.py:3239} INFO - Sync 1 DAGs
[2025-02-10T02:57:23.745+0000] {logging_mixin.py:190} INFO - [2025-02-10T02:57:23.745+0000] {dag.py:4180} INFO - Setting next_dagrun for latest_only_with_trigger to 2025-02-09 20:00:00+00:00, run_after=2025-02-10 00:00:00+00:00
[2025-02-10T02:57:23.755+0000] {processor.py:208} INFO - Processing /home/airflow/.local/lib/python3.12/site-packages/airflow/example_dags/example_latest_only_with_trigger.py took 0.107 seconds
[2025-02-10T02:57:54.334+0000] {processor.py:186} INFO - Started process (PID=350) to work on /home/airflow/.local/lib/python3.12/site-packages/airflow/example_dags/example_latest_only_with_trigger.py
[2025-02-10T02:57:54.339+0000] {processor.py:914} INFO - Processing file /home/airflow/.local/lib/python3.12/site-packages/airflow/example_dags/example_latest_only_with_trigger.py for tasks to queue
[2025-02-10T02:57:54.346+0000] {logging_mixin.py:190} INFO - [2025-02-10T02:57:54.345+0000] {dagbag.py:588} INFO - Filling up the DagBag from /home/airflow/.local/lib/python3.12/site-packages/airflow/example_dags/example_latest_only_with_trigger.py
[2025-02-10T02:57:54.363+0000] {processor.py:925} INFO - DAG(s) 'latest_only_with_trigger' retrieved from /home/airflow/.local/lib/python3.12/site-packages/airflow/example_dags/example_latest_only_with_trigger.py
[2025-02-10T02:57:54.404+0000] {logging_mixin.py:190} INFO - [2025-02-10T02:57:54.404+0000] {dag.py:3239} INFO - Sync 1 DAGs
[2025-02-10T02:57:54.425+0000] {logging_mixin.py:190} INFO - [2025-02-10T02:57:54.425+0000] {dag.py:4180} INFO - Setting next_dagrun for latest_only_with_trigger to 2025-02-09 20:00:00+00:00, run_after=2025-02-10 00:00:00+00:00
[2025-02-10T02:57:54.460+0000] {processor.py:208} INFO - Processing /home/airflow/.local/lib/python3.12/site-packages/airflow/example_dags/example_latest_only_with_trigger.py took 0.149 seconds
[2025-02-10T02:58:24.571+0000] {processor.py:186} INFO - Started process (PID=414) to work on /home/airflow/.local/lib/python3.12/site-packages/airflow/example_dags/example_latest_only_with_trigger.py
[2025-02-10T02:58:24.575+0000] {processor.py:914} INFO - Processing file /home/airflow/.local/lib/python3.12/site-packages/airflow/example_dags/example_latest_only_with_trigger.py for tasks to queue
[2025-02-10T02:58:24.579+0000] {logging_mixin.py:190} INFO - [2025-02-10T02:58:24.579+0000] {dagbag.py:588} INFO - Filling up the DagBag from /home/airflow/.local/lib/python3.12/site-packages/airflow/example_dags/example_latest_only_with_trigger.py
[2025-02-10T02:58:24.589+0000] {processor.py:925} INFO - DAG(s) 'latest_only_with_trigger' retrieved from /home/airflow/.local/lib/python3.12/site-packages/airflow/example_dags/example_latest_only_with_trigger.py
[2025-02-10T02:58:24.620+0000] {logging_mixin.py:190} INFO - [2025-02-10T02:58:24.620+0000] {dag.py:3239} INFO - Sync 1 DAGs
[2025-02-10T02:58:24.640+0000] {logging_mixin.py:190} INFO - [2025-02-10T02:58:24.640+0000] {dag.py:4180} INFO - Setting next_dagrun for latest_only_with_trigger to 2025-02-09 20:00:00+00:00, run_after=2025-02-10 00:00:00+00:00
[2025-02-10T02:58:24.653+0000] {processor.py:208} INFO - Processing /home/airflow/.local/lib/python3.12/site-packages/airflow/example_dags/example_latest_only_with_trigger.py took 0.091 seconds
[2025-02-10T02:58:55.144+0000] {processor.py:186} INFO - Started process (PID=478) to work on /home/airflow/.local/lib/python3.12/site-packages/airflow/example_dags/example_latest_only_with_trigger.py
[2025-02-10T02:58:55.145+0000] {processor.py:914} INFO - Processing file /home/airflow/.local/lib/python3.12/site-packages/airflow/example_dags/example_latest_only_with_trigger.py for tasks to queue
[2025-02-10T02:58:55.148+0000] {logging_mixin.py:190} INFO - [2025-02-10T02:58:55.148+0000] {dagbag.py:588} INFO - Filling up the DagBag from /home/airflow/.local/lib/python3.12/site-packages/airflow/example_dags/example_latest_only_with_trigger.py
[2025-02-10T02:58:55.156+0000] {processor.py:925} INFO - DAG(s) 'latest_only_with_trigger' retrieved from /home/airflow/.local/lib/python3.12/site-packages/airflow/example_dags/example_latest_only_with_trigger.py
[2025-02-10T02:58:55.176+0000] {logging_mixin.py:190} INFO - [2025-02-10T02:58:55.176+0000] {dag.py:3239} INFO - Sync 1 DAGs
[2025-02-10T02:58:55.200+0000] {logging_mixin.py:190} INFO - [2025-02-10T02:58:55.200+0000] {dag.py:4180} INFO - Setting next_dagrun for latest_only_with_trigger to 2025-02-09 20:00:00+00:00, run_after=2025-02-10 00:00:00+00:00
[2025-02-10T02:58:55.214+0000] {processor.py:208} INFO - Processing /home/airflow/.local/lib/python3.12/site-packages/airflow/example_dags/example_latest_only_with_trigger.py took 0.076 seconds
[2025-02-10T02:59:25.672+0000] {processor.py:186} INFO - Started process (PID=542) to work on /home/airflow/.local/lib/python3.12/site-packages/airflow/example_dags/example_latest_only_with_trigger.py
[2025-02-10T02:59:25.676+0000] {processor.py:914} INFO - Processing file /home/airflow/.local/lib/python3.12/site-packages/airflow/example_dags/example_latest_only_with_trigger.py for tasks to queue
[2025-02-10T02:59:25.680+0000] {logging_mixin.py:190} INFO - [2025-02-10T02:59:25.679+0000] {dagbag.py:588} INFO - Filling up the DagBag from /home/airflow/.local/lib/python3.12/site-packages/airflow/example_dags/example_latest_only_with_trigger.py
[2025-02-10T02:59:25.696+0000] {processor.py:925} INFO - DAG(s) 'latest_only_with_trigger' retrieved from /home/airflow/.local/lib/python3.12/site-packages/airflow/example_dags/example_latest_only_with_trigger.py
[2025-02-10T02:59:25.737+0000] {logging_mixin.py:190} INFO - [2025-02-10T02:59:25.737+0000] {dag.py:3239} INFO - Sync 1 DAGs
[2025-02-10T02:59:25.755+0000] {logging_mixin.py:190} INFO - [2025-02-10T02:59:25.755+0000] {dag.py:4180} INFO - Setting next_dagrun for latest_only_with_trigger to 2025-02-09 20:00:00+00:00, run_after=2025-02-10 00:00:00+00:00
[2025-02-10T02:59:25.767+0000] {processor.py:208} INFO - Processing /home/airflow/.local/lib/python3.12/site-packages/airflow/example_dags/example_latest_only_with_trigger.py took 0.103 seconds
[2025-02-10T02:59:57.264+0000] {processor.py:186} INFO - Started process (PID=606) to work on /home/airflow/.local/lib/python3.12/site-packages/airflow/example_dags/example_latest_only_with_trigger.py
[2025-02-10T02:59:57.265+0000] {processor.py:914} INFO - Processing file /home/airflow/.local/lib/python3.12/site-packages/airflow/example_dags/example_latest_only_with_trigger.py for tasks to queue
[2025-02-10T02:59:57.266+0000] {logging_mixin.py:190} INFO - [2025-02-10T02:59:57.266+0000] {dagbag.py:588} INFO - Filling up the DagBag from /home/airflow/.local/lib/python3.12/site-packages/airflow/example_dags/example_latest_only_with_trigger.py
[2025-02-10T02:59:57.270+0000] {processor.py:925} INFO - DAG(s) 'latest_only_with_trigger' retrieved from /home/airflow/.local/lib/python3.12/site-packages/airflow/example_dags/example_latest_only_with_trigger.py
[2025-02-10T02:59:57.278+0000] {logging_mixin.py:190} INFO - [2025-02-10T02:59:57.278+0000] {dag.py:3239} INFO - Sync 1 DAGs
[2025-02-10T02:59:57.287+0000] {logging_mixin.py:190} INFO - [2025-02-10T02:59:57.287+0000] {dag.py:4180} INFO - Setting next_dagrun for latest_only_with_trigger to 2025-02-09 20:00:00+00:00, run_after=2025-02-10 00:00:00+00:00
[2025-02-10T02:59:57.293+0000] {processor.py:208} INFO - Processing /home/airflow/.local/lib/python3.12/site-packages/airflow/example_dags/example_latest_only_with_trigger.py took 0.034 seconds
[2025-02-10T03:00:29.375+0000] {processor.py:186} INFO - Started process (PID=670) to work on /home/airflow/.local/lib/python3.12/site-packages/airflow/example_dags/example_latest_only_with_trigger.py
[2025-02-10T03:00:29.376+0000] {processor.py:914} INFO - Processing file /home/airflow/.local/lib/python3.12/site-packages/airflow/example_dags/example_latest_only_with_trigger.py for tasks to queue
[2025-02-10T03:00:29.377+0000] {logging_mixin.py:190} INFO - [2025-02-10T03:00:29.377+0000] {dagbag.py:588} INFO - Filling up the DagBag from /home/airflow/.local/lib/python3.12/site-packages/airflow/example_dags/example_latest_only_with_trigger.py
[2025-02-10T03:00:29.384+0000] {processor.py:925} INFO - DAG(s) 'latest_only_with_trigger' retrieved from /home/airflow/.local/lib/python3.12/site-packages/airflow/example_dags/example_latest_only_with_trigger.py
[2025-02-10T03:00:29.399+0000] {logging_mixin.py:190} INFO - [2025-02-10T03:00:29.399+0000] {dag.py:3239} INFO - Sync 1 DAGs
[2025-02-10T03:00:29.411+0000] {logging_mixin.py:190} INFO - [2025-02-10T03:00:29.411+0000] {dag.py:4180} INFO - Setting next_dagrun for latest_only_with_trigger to 2025-02-09 20:00:00+00:00, run_after=2025-02-10 00:00:00+00:00
[2025-02-10T03:00:29.419+0000] {processor.py:208} INFO - Processing /home/airflow/.local/lib/python3.12/site-packages/airflow/example_dags/example_latest_only_with_trigger.py took 0.050 seconds
[2025-02-10T03:01:00.458+0000] {processor.py:186} INFO - Started process (PID=734) to work on /home/airflow/.local/lib/python3.12/site-packages/airflow/example_dags/example_latest_only_with_trigger.py
[2025-02-10T03:01:00.460+0000] {processor.py:914} INFO - Processing file /home/airflow/.local/lib/python3.12/site-packages/airflow/example_dags/example_latest_only_with_trigger.py for tasks to queue
[2025-02-10T03:01:00.462+0000] {logging_mixin.py:190} INFO - [2025-02-10T03:01:00.462+0000] {dagbag.py:588} INFO - Filling up the DagBag from /home/airflow/.local/lib/python3.12/site-packages/airflow/example_dags/example_latest_only_with_trigger.py
[2025-02-10T03:01:00.468+0000] {processor.py:925} INFO - DAG(s) 'latest_only_with_trigger' retrieved from /home/airflow/.local/lib/python3.12/site-packages/airflow/example_dags/example_latest_only_with_trigger.py
[2025-02-10T03:01:00.480+0000] {logging_mixin.py:190} INFO - [2025-02-10T03:01:00.480+0000] {dag.py:3239} INFO - Sync 1 DAGs
[2025-02-10T03:01:00.492+0000] {logging_mixin.py:190} INFO - [2025-02-10T03:01:00.492+0000] {dag.py:4180} INFO - Setting next_dagrun for latest_only_with_trigger to 2025-02-09 20:00:00+00:00, run_after=2025-02-10 00:00:00+00:00
[2025-02-10T03:01:00.503+0000] {processor.py:208} INFO - Processing /home/airflow/.local/lib/python3.12/site-packages/airflow/example_dags/example_latest_only_with_trigger.py took 0.049 seconds
[2025-02-10T03:01:31.711+0000] {processor.py:186} INFO - Started process (PID=798) to work on /home/airflow/.local/lib/python3.12/site-packages/airflow/example_dags/example_latest_only_with_trigger.py
[2025-02-10T03:01:31.712+0000] {processor.py:914} INFO - Processing file /home/airflow/.local/lib/python3.12/site-packages/airflow/example_dags/example_latest_only_with_trigger.py for tasks to queue
[2025-02-10T03:01:31.714+0000] {logging_mixin.py:190} INFO - [2025-02-10T03:01:31.713+0000] {dagbag.py:588} INFO - Filling up the DagBag from /home/airflow/.local/lib/python3.12/site-packages/airflow/example_dags/example_latest_only_with_trigger.py
[2025-02-10T03:01:31.719+0000] {processor.py:925} INFO - DAG(s) 'latest_only_with_trigger' retrieved from /home/airflow/.local/lib/python3.12/site-packages/airflow/example_dags/example_latest_only_with_trigger.py
[2025-02-10T03:01:31.734+0000] {logging_mixin.py:190} INFO - [2025-02-10T03:01:31.734+0000] {dag.py:3239} INFO - Sync 1 DAGs
[2025-02-10T03:01:31.753+0000] {logging_mixin.py:190} INFO - [2025-02-10T03:01:31.753+0000] {dag.py:4180} INFO - Setting next_dagrun for latest_only_with_trigger to 2025-02-09 20:00:00+00:00, run_after=2025-02-10 00:00:00+00:00
[2025-02-10T03:01:31.769+0000] {processor.py:208} INFO - Processing /home/airflow/.local/lib/python3.12/site-packages/airflow/example_dags/example_latest_only_with_trigger.py took 0.061 seconds
[2025-02-10T03:02:02.875+0000] {processor.py:186} INFO - Started process (PID=862) to work on /home/airflow/.local/lib/python3.12/site-packages/airflow/example_dags/example_latest_only_with_trigger.py
[2025-02-10T03:02:02.876+0000] {processor.py:914} INFO - Processing file /home/airflow/.local/lib/python3.12/site-packages/airflow/example_dags/example_latest_only_with_trigger.py for tasks to queue
[2025-02-10T03:02:02.878+0000] {logging_mixin.py:190} INFO - [2025-02-10T03:02:02.877+0000] {dagbag.py:588} INFO - Filling up the DagBag from /home/airflow/.local/lib/python3.12/site-packages/airflow/example_dags/example_latest_only_with_trigger.py
[2025-02-10T03:02:02.882+0000] {processor.py:925} INFO - DAG(s) 'latest_only_with_trigger' retrieved from /home/airflow/.local/lib/python3.12/site-packages/airflow/example_dags/example_latest_only_with_trigger.py
[2025-02-10T03:02:02.896+0000] {logging_mixin.py:190} INFO - [2025-02-10T03:02:02.896+0000] {dag.py:3239} INFO - Sync 1 DAGs
[2025-02-10T03:02:02.919+0000] {logging_mixin.py:190} INFO - [2025-02-10T03:02:02.918+0000] {dag.py:4180} INFO - Setting next_dagrun for latest_only_with_trigger to 2025-02-09 20:00:00+00:00, run_after=2025-02-10 00:00:00+00:00
[2025-02-10T03:02:02.931+0000] {processor.py:208} INFO - Processing /home/airflow/.local/lib/python3.12/site-packages/airflow/example_dags/example_latest_only_with_trigger.py took 0.060 seconds
[2025-02-10T03:02:34.333+0000] {processor.py:186} INFO - Started process (PID=926) to work on /home/airflow/.local/lib/python3.12/site-packages/airflow/example_dags/example_latest_only_with_trigger.py
[2025-02-10T03:02:34.335+0000] {processor.py:914} INFO - Processing file /home/airflow/.local/lib/python3.12/site-packages/airflow/example_dags/example_latest_only_with_trigger.py for tasks to queue
[2025-02-10T03:02:34.336+0000] {logging_mixin.py:190} INFO - [2025-02-10T03:02:34.336+0000] {dagbag.py:588} INFO - Filling up the DagBag from /home/airflow/.local/lib/python3.12/site-packages/airflow/example_dags/example_latest_only_with_trigger.py
[2025-02-10T03:02:34.340+0000] {processor.py:925} INFO - DAG(s) 'latest_only_with_trigger' retrieved from /home/airflow/.local/lib/python3.12/site-packages/airflow/example_dags/example_latest_only_with_trigger.py
[2025-02-10T03:02:34.354+0000] {logging_mixin.py:190} INFO - [2025-02-10T03:02:34.354+0000] {dag.py:3239} INFO - Sync 1 DAGs
[2025-02-10T03:02:34.372+0000] {logging_mixin.py:190} INFO - [2025-02-10T03:02:34.372+0000] {dag.py:4180} INFO - Setting next_dagrun for latest_only_with_trigger to 2025-02-09 20:00:00+00:00, run_after=2025-02-10 00:00:00+00:00
[2025-02-10T03:02:34.382+0000] {processor.py:208} INFO - Processing /home/airflow/.local/lib/python3.12/site-packages/airflow/example_dags/example_latest_only_with_trigger.py took 0.053 seconds
[2025-02-10T03:03:05.914+0000] {processor.py:186} INFO - Started process (PID=990) to work on /home/airflow/.local/lib/python3.12/site-packages/airflow/example_dags/example_latest_only_with_trigger.py
[2025-02-10T03:03:05.915+0000] {processor.py:914} INFO - Processing file /home/airflow/.local/lib/python3.12/site-packages/airflow/example_dags/example_latest_only_with_trigger.py for tasks to queue
[2025-02-10T03:03:05.916+0000] {logging_mixin.py:190} INFO - [2025-02-10T03:03:05.916+0000] {dagbag.py:588} INFO - Filling up the DagBag from /home/airflow/.local/lib/python3.12/site-packages/airflow/example_dags/example_latest_only_with_trigger.py
[2025-02-10T03:03:05.924+0000] {processor.py:925} INFO - DAG(s) 'latest_only_with_trigger' retrieved from /home/airflow/.local/lib/python3.12/site-packages/airflow/example_dags/example_latest_only_with_trigger.py
[2025-02-10T03:03:05.951+0000] {logging_mixin.py:190} INFO - [2025-02-10T03:03:05.951+0000] {dag.py:3239} INFO - Sync 1 DAGs
[2025-02-10T03:03:05.971+0000] {logging_mixin.py:190} INFO - [2025-02-10T03:03:05.971+0000] {dag.py:4180} INFO - Setting next_dagrun for latest_only_with_trigger to 2025-02-09 20:00:00+00:00, run_after=2025-02-10 00:00:00+00:00
[2025-02-10T03:03:05.988+0000] {processor.py:208} INFO - Processing /home/airflow/.local/lib/python3.12/site-packages/airflow/example_dags/example_latest_only_with_trigger.py took 0.077 seconds
[2025-02-10T03:03:37.937+0000] {processor.py:186} INFO - Started process (PID=1054) to work on /home/airflow/.local/lib/python3.12/site-packages/airflow/example_dags/example_latest_only_with_trigger.py
[2025-02-10T03:03:37.938+0000] {processor.py:914} INFO - Processing file /home/airflow/.local/lib/python3.12/site-packages/airflow/example_dags/example_latest_only_with_trigger.py for tasks to queue
[2025-02-10T03:03:37.939+0000] {logging_mixin.py:190} INFO - [2025-02-10T03:03:37.939+0000] {dagbag.py:588} INFO - Filling up the DagBag from /home/airflow/.local/lib/python3.12/site-packages/airflow/example_dags/example_latest_only_with_trigger.py
[2025-02-10T03:03:37.943+0000] {processor.py:925} INFO - DAG(s) 'latest_only_with_trigger' retrieved from /home/airflow/.local/lib/python3.12/site-packages/airflow/example_dags/example_latest_only_with_trigger.py
[2025-02-10T03:03:37.956+0000] {logging_mixin.py:190} INFO - [2025-02-10T03:03:37.956+0000] {dag.py:3239} INFO - Sync 1 DAGs
[2025-02-10T03:03:37.977+0000] {logging_mixin.py:190} INFO - [2025-02-10T03:03:37.977+0000] {dag.py:4180} INFO - Setting next_dagrun for latest_only_with_trigger to 2025-02-09 20:00:00+00:00, run_after=2025-02-10 00:00:00+00:00
[2025-02-10T03:03:37.985+0000] {processor.py:208} INFO - Processing /home/airflow/.local/lib/python3.12/site-packages/airflow/example_dags/example_latest_only_with_trigger.py took 0.052 seconds
[2025-02-10T03:04:09.466+0000] {processor.py:186} INFO - Started process (PID=1118) to work on /home/airflow/.local/lib/python3.12/site-packages/airflow/example_dags/example_latest_only_with_trigger.py
[2025-02-10T03:04:09.469+0000] {processor.py:914} INFO - Processing file /home/airflow/.local/lib/python3.12/site-packages/airflow/example_dags/example_latest_only_with_trigger.py for tasks to queue
[2025-02-10T03:04:09.472+0000] {logging_mixin.py:190} INFO - [2025-02-10T03:04:09.472+0000] {dagbag.py:588} INFO - Filling up the DagBag from /home/airflow/.local/lib/python3.12/site-packages/airflow/example_dags/example_latest_only_with_trigger.py
[2025-02-10T03:04:09.476+0000] {processor.py:925} INFO - DAG(s) 'latest_only_with_trigger' retrieved from /home/airflow/.local/lib/python3.12/site-packages/airflow/example_dags/example_latest_only_with_trigger.py
[2025-02-10T03:04:09.500+0000] {logging_mixin.py:190} INFO - [2025-02-10T03:04:09.500+0000] {dag.py:3239} INFO - Sync 1 DAGs
[2025-02-10T03:04:09.515+0000] {logging_mixin.py:190} INFO - [2025-02-10T03:04:09.515+0000] {dag.py:4180} INFO - Setting next_dagrun for latest_only_with_trigger to 2025-02-09 20:00:00+00:00, run_after=2025-02-10 00:00:00+00:00
[2025-02-10T03:04:09.530+0000] {processor.py:208} INFO - Processing /home/airflow/.local/lib/python3.12/site-packages/airflow/example_dags/example_latest_only_with_trigger.py took 0.068 seconds
[2025-02-10T03:04:40.564+0000] {processor.py:186} INFO - Started process (PID=1182) to work on /home/airflow/.local/lib/python3.12/site-packages/airflow/example_dags/example_latest_only_with_trigger.py
[2025-02-10T03:04:40.567+0000] {processor.py:914} INFO - Processing file /home/airflow/.local/lib/python3.12/site-packages/airflow/example_dags/example_latest_only_with_trigger.py for tasks to queue
[2025-02-10T03:04:40.568+0000] {logging_mixin.py:190} INFO - [2025-02-10T03:04:40.568+0000] {dagbag.py:588} INFO - Filling up the DagBag from /home/airflow/.local/lib/python3.12/site-packages/airflow/example_dags/example_latest_only_with_trigger.py
[2025-02-10T03:04:40.572+0000] {processor.py:925} INFO - DAG(s) 'latest_only_with_trigger' retrieved from /home/airflow/.local/lib/python3.12/site-packages/airflow/example_dags/example_latest_only_with_trigger.py
[2025-02-10T03:04:40.586+0000] {logging_mixin.py:190} INFO - [2025-02-10T03:04:40.586+0000] {dag.py:3239} INFO - Sync 1 DAGs
[2025-02-10T03:04:40.597+0000] {logging_mixin.py:190} INFO - [2025-02-10T03:04:40.597+0000] {dag.py:4180} INFO - Setting next_dagrun for latest_only_with_trigger to 2025-02-09 20:00:00+00:00, run_after=2025-02-10 00:00:00+00:00
[2025-02-10T03:04:40.609+0000] {processor.py:208} INFO - Processing /home/airflow/.local/lib/python3.12/site-packages/airflow/example_dags/example_latest_only_with_trigger.py took 0.048 seconds
[2025-02-10T03:05:12.390+0000] {processor.py:186} INFO - Started process (PID=1246) to work on /home/airflow/.local/lib/python3.12/site-packages/airflow/example_dags/example_latest_only_with_trigger.py
[2025-02-10T03:05:12.391+0000] {processor.py:914} INFO - Processing file /home/airflow/.local/lib/python3.12/site-packages/airflow/example_dags/example_latest_only_with_trigger.py for tasks to queue
[2025-02-10T03:05:12.394+0000] {logging_mixin.py:190} INFO - [2025-02-10T03:05:12.393+0000] {dagbag.py:588} INFO - Filling up the DagBag from /home/airflow/.local/lib/python3.12/site-packages/airflow/example_dags/example_latest_only_with_trigger.py
[2025-02-10T03:05:12.401+0000] {processor.py:925} INFO - DAG(s) 'latest_only_with_trigger' retrieved from /home/airflow/.local/lib/python3.12/site-packages/airflow/example_dags/example_latest_only_with_trigger.py
[2025-02-10T03:05:12.433+0000] {logging_mixin.py:190} INFO - [2025-02-10T03:05:12.433+0000] {dag.py:3239} INFO - Sync 1 DAGs
[2025-02-10T03:05:12.457+0000] {logging_mixin.py:190} INFO - [2025-02-10T03:05:12.457+0000] {dag.py:4180} INFO - Setting next_dagrun for latest_only_with_trigger to 2025-02-09 20:00:00+00:00, run_after=2025-02-10 00:00:00+00:00
[2025-02-10T03:05:12.483+0000] {processor.py:208} INFO - Processing /home/airflow/.local/lib/python3.12/site-packages/airflow/example_dags/example_latest_only_with_trigger.py took 0.107 seconds
[2025-02-10T03:05:43.398+0000] {processor.py:186} INFO - Started process (PID=1310) to work on /home/airflow/.local/lib/python3.12/site-packages/airflow/example_dags/example_latest_only_with_trigger.py
[2025-02-10T03:05:43.399+0000] {processor.py:914} INFO - Processing file /home/airflow/.local/lib/python3.12/site-packages/airflow/example_dags/example_latest_only_with_trigger.py for tasks to queue
[2025-02-10T03:05:43.400+0000] {logging_mixin.py:190} INFO - [2025-02-10T03:05:43.400+0000] {dagbag.py:588} INFO - Filling up the DagBag from /home/airflow/.local/lib/python3.12/site-packages/airflow/example_dags/example_latest_only_with_trigger.py
[2025-02-10T03:05:43.404+0000] {processor.py:925} INFO - DAG(s) 'latest_only_with_trigger' retrieved from /home/airflow/.local/lib/python3.12/site-packages/airflow/example_dags/example_latest_only_with_trigger.py
[2025-02-10T03:05:43.414+0000] {logging_mixin.py:190} INFO - [2025-02-10T03:05:43.414+0000] {dag.py:3239} INFO - Sync 1 DAGs
[2025-02-10T03:05:43.424+0000] {logging_mixin.py:190} INFO - [2025-02-10T03:05:43.423+0000] {dag.py:4180} INFO - Setting next_dagrun for latest_only_with_trigger to 2025-02-09 20:00:00+00:00, run_after=2025-02-10 00:00:00+00:00
[2025-02-10T03:05:43.430+0000] {processor.py:208} INFO - Processing /home/airflow/.local/lib/python3.12/site-packages/airflow/example_dags/example_latest_only_with_trigger.py took 0.035 seconds
[2025-02-10T03:06:13.464+0000] {processor.py:186} INFO - Started process (PID=1373) to work on /home/airflow/.local/lib/python3.12/site-packages/airflow/example_dags/example_latest_only_with_trigger.py
[2025-02-10T03:06:13.465+0000] {processor.py:914} INFO - Processing file /home/airflow/.local/lib/python3.12/site-packages/airflow/example_dags/example_latest_only_with_trigger.py for tasks to queue
[2025-02-10T03:06:13.467+0000] {logging_mixin.py:190} INFO - [2025-02-10T03:06:13.467+0000] {dagbag.py:588} INFO - Filling up the DagBag from /home/airflow/.local/lib/python3.12/site-packages/airflow/example_dags/example_latest_only_with_trigger.py
[2025-02-10T03:06:13.471+0000] {processor.py:925} INFO - DAG(s) 'latest_only_with_trigger' retrieved from /home/airflow/.local/lib/python3.12/site-packages/airflow/example_dags/example_latest_only_with_trigger.py
[2025-02-10T03:06:13.484+0000] {logging_mixin.py:190} INFO - [2025-02-10T03:06:13.484+0000] {dag.py:3239} INFO - Sync 1 DAGs
[2025-02-10T03:06:13.497+0000] {logging_mixin.py:190} INFO - [2025-02-10T03:06:13.497+0000] {dag.py:4180} INFO - Setting next_dagrun for latest_only_with_trigger to 2025-02-09 20:00:00+00:00, run_after=2025-02-10 00:00:00+00:00
[2025-02-10T03:06:13.508+0000] {processor.py:208} INFO - Processing /home/airflow/.local/lib/python3.12/site-packages/airflow/example_dags/example_latest_only_with_trigger.py took 0.046 seconds
[2025-02-10T03:06:45.491+0000] {processor.py:186} INFO - Started process (PID=1437) to work on /home/airflow/.local/lib/python3.12/site-packages/airflow/example_dags/example_latest_only_with_trigger.py
[2025-02-10T03:06:45.493+0000] {processor.py:914} INFO - Processing file /home/airflow/.local/lib/python3.12/site-packages/airflow/example_dags/example_latest_only_with_trigger.py for tasks to queue
[2025-02-10T03:06:45.495+0000] {logging_mixin.py:190} INFO - [2025-02-10T03:06:45.494+0000] {dagbag.py:588} INFO - Filling up the DagBag from /home/airflow/.local/lib/python3.12/site-packages/airflow/example_dags/example_latest_only_with_trigger.py
[2025-02-10T03:06:45.500+0000] {processor.py:925} INFO - DAG(s) 'latest_only_with_trigger' retrieved from /home/airflow/.local/lib/python3.12/site-packages/airflow/example_dags/example_latest_only_with_trigger.py
[2025-02-10T03:06:45.518+0000] {logging_mixin.py:190} INFO - [2025-02-10T03:06:45.518+0000] {dag.py:3239} INFO - Sync 1 DAGs
[2025-02-10T03:06:45.532+0000] {logging_mixin.py:190} INFO - [2025-02-10T03:06:45.532+0000] {dag.py:4180} INFO - Setting next_dagrun for latest_only_with_trigger to 2025-02-09 20:00:00+00:00, run_after=2025-02-10 00:00:00+00:00
[2025-02-10T03:06:45.540+0000] {processor.py:208} INFO - Processing /home/airflow/.local/lib/python3.12/site-packages/airflow/example_dags/example_latest_only_with_trigger.py took 0.054 seconds
[2025-02-10T03:07:16.799+0000] {processor.py:186} INFO - Started process (PID=1507) to work on /home/airflow/.local/lib/python3.12/site-packages/airflow/example_dags/example_latest_only_with_trigger.py
[2025-02-10T03:07:16.800+0000] {processor.py:914} INFO - Processing file /home/airflow/.local/lib/python3.12/site-packages/airflow/example_dags/example_latest_only_with_trigger.py for tasks to queue
[2025-02-10T03:07:16.802+0000] {logging_mixin.py:190} INFO - [2025-02-10T03:07:16.801+0000] {dagbag.py:588} INFO - Filling up the DagBag from /home/airflow/.local/lib/python3.12/site-packages/airflow/example_dags/example_latest_only_with_trigger.py
[2025-02-10T03:07:16.805+0000] {processor.py:925} INFO - DAG(s) 'latest_only_with_trigger' retrieved from /home/airflow/.local/lib/python3.12/site-packages/airflow/example_dags/example_latest_only_with_trigger.py
[2025-02-10T03:07:16.816+0000] {logging_mixin.py:190} INFO - [2025-02-10T03:07:16.816+0000] {dag.py:3239} INFO - Sync 1 DAGs
[2025-02-10T03:07:16.828+0000] {logging_mixin.py:190} INFO - [2025-02-10T03:07:16.828+0000] {dag.py:4180} INFO - Setting next_dagrun for latest_only_with_trigger to 2025-02-09 20:00:00+00:00, run_after=2025-02-10 00:00:00+00:00
[2025-02-10T03:07:16.836+0000] {processor.py:208} INFO - Processing /home/airflow/.local/lib/python3.12/site-packages/airflow/example_dags/example_latest_only_with_trigger.py took 0.040 seconds
[2025-02-10T03:07:47.294+0000] {processor.py:186} INFO - Started process (PID=1571) to work on /home/airflow/.local/lib/python3.12/site-packages/airflow/example_dags/example_latest_only_with_trigger.py
[2025-02-10T03:07:47.295+0000] {processor.py:914} INFO - Processing file /home/airflow/.local/lib/python3.12/site-packages/airflow/example_dags/example_latest_only_with_trigger.py for tasks to queue
[2025-02-10T03:07:47.296+0000] {logging_mixin.py:190} INFO - [2025-02-10T03:07:47.296+0000] {dagbag.py:588} INFO - Filling up the DagBag from /home/airflow/.local/lib/python3.12/site-packages/airflow/example_dags/example_latest_only_with_trigger.py
[2025-02-10T03:07:47.301+0000] {processor.py:925} INFO - DAG(s) 'latest_only_with_trigger' retrieved from /home/airflow/.local/lib/python3.12/site-packages/airflow/example_dags/example_latest_only_with_trigger.py
[2025-02-10T03:07:47.313+0000] {logging_mixin.py:190} INFO - [2025-02-10T03:07:47.313+0000] {dag.py:3239} INFO - Sync 1 DAGs
[2025-02-10T03:07:47.327+0000] {logging_mixin.py:190} INFO - [2025-02-10T03:07:47.327+0000] {dag.py:4180} INFO - Setting next_dagrun for latest_only_with_trigger to 2025-02-09 20:00:00+00:00, run_after=2025-02-10 00:00:00+00:00
[2025-02-10T03:07:47.335+0000] {processor.py:208} INFO - Processing /home/airflow/.local/lib/python3.12/site-packages/airflow/example_dags/example_latest_only_with_trigger.py took 0.045 seconds
[2025-02-10T03:08:18.775+0000] {processor.py:186} INFO - Started process (PID=1636) to work on /home/airflow/.local/lib/python3.12/site-packages/airflow/example_dags/example_latest_only_with_trigger.py
[2025-02-10T03:08:18.776+0000] {processor.py:914} INFO - Processing file /home/airflow/.local/lib/python3.12/site-packages/airflow/example_dags/example_latest_only_with_trigger.py for tasks to queue
[2025-02-10T03:08:18.777+0000] {logging_mixin.py:190} INFO - [2025-02-10T03:08:18.776+0000] {dagbag.py:588} INFO - Filling up the DagBag from /home/airflow/.local/lib/python3.12/site-packages/airflow/example_dags/example_latest_only_with_trigger.py
[2025-02-10T03:08:18.780+0000] {processor.py:925} INFO - DAG(s) 'latest_only_with_trigger' retrieved from /home/airflow/.local/lib/python3.12/site-packages/airflow/example_dags/example_latest_only_with_trigger.py
[2025-02-10T03:08:18.789+0000] {logging_mixin.py:190} INFO - [2025-02-10T03:08:18.789+0000] {dag.py:3239} INFO - Sync 1 DAGs
[2025-02-10T03:08:18.800+0000] {logging_mixin.py:190} INFO - [2025-02-10T03:08:18.800+0000] {dag.py:4180} INFO - Setting next_dagrun for latest_only_with_trigger to 2025-02-09 20:00:00+00:00, run_after=2025-02-10 00:00:00+00:00
[2025-02-10T03:08:18.807+0000] {processor.py:208} INFO - Processing /home/airflow/.local/lib/python3.12/site-packages/airflow/example_dags/example_latest_only_with_trigger.py took 0.034 seconds
[2025-02-10T03:08:49.359+0000] {processor.py:186} INFO - Started process (PID=1700) to work on /home/airflow/.local/lib/python3.12/site-packages/airflow/example_dags/example_latest_only_with_trigger.py
[2025-02-10T03:08:49.364+0000] {processor.py:914} INFO - Processing file /home/airflow/.local/lib/python3.12/site-packages/airflow/example_dags/example_latest_only_with_trigger.py for tasks to queue
[2025-02-10T03:08:49.365+0000] {logging_mixin.py:190} INFO - [2025-02-10T03:08:49.365+0000] {dagbag.py:588} INFO - Filling up the DagBag from /home/airflow/.local/lib/python3.12/site-packages/airflow/example_dags/example_latest_only_with_trigger.py
[2025-02-10T03:08:49.370+0000] {processor.py:925} INFO - DAG(s) 'latest_only_with_trigger' retrieved from /home/airflow/.local/lib/python3.12/site-packages/airflow/example_dags/example_latest_only_with_trigger.py
[2025-02-10T03:08:49.387+0000] {logging_mixin.py:190} INFO - [2025-02-10T03:08:49.387+0000] {dag.py:3239} INFO - Sync 1 DAGs
[2025-02-10T03:08:49.398+0000] {logging_mixin.py:190} INFO - [2025-02-10T03:08:49.398+0000] {dag.py:4180} INFO - Setting next_dagrun for latest_only_with_trigger to 2025-02-09 20:00:00+00:00, run_after=2025-02-10 00:00:00+00:00
[2025-02-10T03:08:49.408+0000] {processor.py:208} INFO - Processing /home/airflow/.local/lib/python3.12/site-packages/airflow/example_dags/example_latest_only_with_trigger.py took 0.052 seconds
[2025-02-10T03:09:20.946+0000] {processor.py:186} INFO - Started process (PID=1764) to work on /home/airflow/.local/lib/python3.12/site-packages/airflow/example_dags/example_latest_only_with_trigger.py
[2025-02-10T03:09:20.947+0000] {processor.py:914} INFO - Processing file /home/airflow/.local/lib/python3.12/site-packages/airflow/example_dags/example_latest_only_with_trigger.py for tasks to queue
[2025-02-10T03:09:20.951+0000] {logging_mixin.py:190} INFO - [2025-02-10T03:09:20.951+0000] {dagbag.py:588} INFO - Filling up the DagBag from /home/airflow/.local/lib/python3.12/site-packages/airflow/example_dags/example_latest_only_with_trigger.py
[2025-02-10T03:09:20.956+0000] {processor.py:925} INFO - DAG(s) 'latest_only_with_trigger' retrieved from /home/airflow/.local/lib/python3.12/site-packages/airflow/example_dags/example_latest_only_with_trigger.py
[2025-02-10T03:09:20.970+0000] {logging_mixin.py:190} INFO - [2025-02-10T03:09:20.970+0000] {dag.py:3239} INFO - Sync 1 DAGs
[2025-02-10T03:09:20.989+0000] {logging_mixin.py:190} INFO - [2025-02-10T03:09:20.989+0000] {dag.py:4180} INFO - Setting next_dagrun for latest_only_with_trigger to 2025-02-09 20:00:00+00:00, run_after=2025-02-10 00:00:00+00:00
[2025-02-10T03:09:21.002+0000] {processor.py:208} INFO - Processing /home/airflow/.local/lib/python3.12/site-packages/airflow/example_dags/example_latest_only_with_trigger.py took 0.058 seconds
[2025-02-10T03:09:51.785+0000] {processor.py:186} INFO - Started process (PID=1828) to work on /home/airflow/.local/lib/python3.12/site-packages/airflow/example_dags/example_latest_only_with_trigger.py
[2025-02-10T03:09:51.785+0000] {processor.py:914} INFO - Processing file /home/airflow/.local/lib/python3.12/site-packages/airflow/example_dags/example_latest_only_with_trigger.py for tasks to queue
[2025-02-10T03:09:51.788+0000] {logging_mixin.py:190} INFO - [2025-02-10T03:09:51.788+0000] {dagbag.py:588} INFO - Filling up the DagBag from /home/airflow/.local/lib/python3.12/site-packages/airflow/example_dags/example_latest_only_with_trigger.py
[2025-02-10T03:09:51.794+0000] {processor.py:925} INFO - DAG(s) 'latest_only_with_trigger' retrieved from /home/airflow/.local/lib/python3.12/site-packages/airflow/example_dags/example_latest_only_with_trigger.py
[2025-02-10T03:09:51.807+0000] {logging_mixin.py:190} INFO - [2025-02-10T03:09:51.806+0000] {dag.py:3239} INFO - Sync 1 DAGs
[2025-02-10T03:09:51.816+0000] {logging_mixin.py:190} INFO - [2025-02-10T03:09:51.816+0000] {dag.py:4180} INFO - Setting next_dagrun for latest_only_with_trigger to 2025-02-09 20:00:00+00:00, run_after=2025-02-10 00:00:00+00:00
[2025-02-10T03:09:51.822+0000] {processor.py:208} INFO - Processing /home/airflow/.local/lib/python3.12/site-packages/airflow/example_dags/example_latest_only_with_trigger.py took 0.040 seconds
[2025-02-10T03:10:22.858+0000] {processor.py:186} INFO - Started process (PID=1892) to work on /home/airflow/.local/lib/python3.12/site-packages/airflow/example_dags/example_latest_only_with_trigger.py
[2025-02-10T03:10:22.860+0000] {processor.py:914} INFO - Processing file /home/airflow/.local/lib/python3.12/site-packages/airflow/example_dags/example_latest_only_with_trigger.py for tasks to queue
[2025-02-10T03:10:22.861+0000] {logging_mixin.py:190} INFO - [2025-02-10T03:10:22.861+0000] {dagbag.py:588} INFO - Filling up the DagBag from /home/airflow/.local/lib/python3.12/site-packages/airflow/example_dags/example_latest_only_with_trigger.py
[2025-02-10T03:10:22.867+0000] {processor.py:925} INFO - DAG(s) 'latest_only_with_trigger' retrieved from /home/airflow/.local/lib/python3.12/site-packages/airflow/example_dags/example_latest_only_with_trigger.py
[2025-02-10T03:10:22.883+0000] {logging_mixin.py:190} INFO - [2025-02-10T03:10:22.883+0000] {dag.py:3239} INFO - Sync 1 DAGs
[2025-02-10T03:10:22.896+0000] {logging_mixin.py:190} INFO - [2025-02-10T03:10:22.896+0000] {dag.py:4180} INFO - Setting next_dagrun for latest_only_with_trigger to 2025-02-09 20:00:00+00:00, run_after=2025-02-10 00:00:00+00:00
[2025-02-10T03:10:22.903+0000] {processor.py:208} INFO - Processing /home/airflow/.local/lib/python3.12/site-packages/airflow/example_dags/example_latest_only_with_trigger.py took 0.051 seconds
[2025-02-10T03:10:53.659+0000] {processor.py:186} INFO - Started process (PID=1956) to work on /home/airflow/.local/lib/python3.12/site-packages/airflow/example_dags/example_latest_only_with_trigger.py
[2025-02-10T03:10:53.660+0000] {processor.py:914} INFO - Processing file /home/airflow/.local/lib/python3.12/site-packages/airflow/example_dags/example_latest_only_with_trigger.py for tasks to queue
[2025-02-10T03:10:53.660+0000] {logging_mixin.py:190} INFO - [2025-02-10T03:10:53.660+0000] {dagbag.py:588} INFO - Filling up the DagBag from /home/airflow/.local/lib/python3.12/site-packages/airflow/example_dags/example_latest_only_with_trigger.py
[2025-02-10T03:10:53.664+0000] {processor.py:925} INFO - DAG(s) 'latest_only_with_trigger' retrieved from /home/airflow/.local/lib/python3.12/site-packages/airflow/example_dags/example_latest_only_with_trigger.py
[2025-02-10T03:10:53.677+0000] {logging_mixin.py:190} INFO - [2025-02-10T03:10:53.677+0000] {dag.py:3239} INFO - Sync 1 DAGs
[2025-02-10T03:10:53.690+0000] {logging_mixin.py:190} INFO - [2025-02-10T03:10:53.690+0000] {dag.py:4180} INFO - Setting next_dagrun for latest_only_with_trigger to 2025-02-09 20:00:00+00:00, run_after=2025-02-10 00:00:00+00:00
[2025-02-10T03:10:53.701+0000] {processor.py:208} INFO - Processing /home/airflow/.local/lib/python3.12/site-packages/airflow/example_dags/example_latest_only_with_trigger.py took 0.045 seconds
[2025-02-10T03:11:25.167+0000] {processor.py:186} INFO - Started process (PID=2020) to work on /home/airflow/.local/lib/python3.12/site-packages/airflow/example_dags/example_latest_only_with_trigger.py
[2025-02-10T03:11:25.168+0000] {processor.py:914} INFO - Processing file /home/airflow/.local/lib/python3.12/site-packages/airflow/example_dags/example_latest_only_with_trigger.py for tasks to queue
[2025-02-10T03:11:25.169+0000] {logging_mixin.py:190} INFO - [2025-02-10T03:11:25.169+0000] {dagbag.py:588} INFO - Filling up the DagBag from /home/airflow/.local/lib/python3.12/site-packages/airflow/example_dags/example_latest_only_with_trigger.py
[2025-02-10T03:11:25.174+0000] {processor.py:925} INFO - DAG(s) 'latest_only_with_trigger' retrieved from /home/airflow/.local/lib/python3.12/site-packages/airflow/example_dags/example_latest_only_with_trigger.py
[2025-02-10T03:11:25.186+0000] {logging_mixin.py:190} INFO - [2025-02-10T03:11:25.186+0000] {dag.py:3239} INFO - Sync 1 DAGs
[2025-02-10T03:11:25.199+0000] {logging_mixin.py:190} INFO - [2025-02-10T03:11:25.199+0000] {dag.py:4180} INFO - Setting next_dagrun for latest_only_with_trigger to 2025-02-09 20:00:00+00:00, run_after=2025-02-10 00:00:00+00:00
[2025-02-10T03:11:25.216+0000] {processor.py:208} INFO - Processing /home/airflow/.local/lib/python3.12/site-packages/airflow/example_dags/example_latest_only_with_trigger.py took 0.053 seconds
[2025-02-10T03:11:56.454+0000] {processor.py:186} INFO - Started process (PID=2086) to work on /home/airflow/.local/lib/python3.12/site-packages/airflow/example_dags/example_latest_only_with_trigger.py
[2025-02-10T03:11:56.455+0000] {processor.py:914} INFO - Processing file /home/airflow/.local/lib/python3.12/site-packages/airflow/example_dags/example_latest_only_with_trigger.py for tasks to queue
[2025-02-10T03:11:56.456+0000] {logging_mixin.py:190} INFO - [2025-02-10T03:11:56.456+0000] {dagbag.py:588} INFO - Filling up the DagBag from /home/airflow/.local/lib/python3.12/site-packages/airflow/example_dags/example_latest_only_with_trigger.py
[2025-02-10T03:11:56.460+0000] {processor.py:925} INFO - DAG(s) 'latest_only_with_trigger' retrieved from /home/airflow/.local/lib/python3.12/site-packages/airflow/example_dags/example_latest_only_with_trigger.py
[2025-02-10T03:11:56.478+0000] {logging_mixin.py:190} INFO - [2025-02-10T03:11:56.478+0000] {dag.py:3239} INFO - Sync 1 DAGs
[2025-02-10T03:11:56.497+0000] {logging_mixin.py:190} INFO - [2025-02-10T03:11:56.497+0000] {dag.py:4180} INFO - Setting next_dagrun for latest_only_with_trigger to 2025-02-09 20:00:00+00:00, run_after=2025-02-10 00:00:00+00:00
[2025-02-10T03:11:56.507+0000] {processor.py:208} INFO - Processing /home/airflow/.local/lib/python3.12/site-packages/airflow/example_dags/example_latest_only_with_trigger.py took 0.056 seconds
[2025-02-10T03:12:27.296+0000] {processor.py:186} INFO - Started process (PID=2150) to work on /home/airflow/.local/lib/python3.12/site-packages/airflow/example_dags/example_latest_only_with_trigger.py
[2025-02-10T03:12:27.297+0000] {processor.py:914} INFO - Processing file /home/airflow/.local/lib/python3.12/site-packages/airflow/example_dags/example_latest_only_with_trigger.py for tasks to queue
[2025-02-10T03:12:27.298+0000] {logging_mixin.py:190} INFO - [2025-02-10T03:12:27.298+0000] {dagbag.py:588} INFO - Filling up the DagBag from /home/airflow/.local/lib/python3.12/site-packages/airflow/example_dags/example_latest_only_with_trigger.py
[2025-02-10T03:12:27.302+0000] {processor.py:925} INFO - DAG(s) 'latest_only_with_trigger' retrieved from /home/airflow/.local/lib/python3.12/site-packages/airflow/example_dags/example_latest_only_with_trigger.py
[2025-02-10T03:12:27.312+0000] {logging_mixin.py:190} INFO - [2025-02-10T03:12:27.312+0000] {dag.py:3239} INFO - Sync 1 DAGs
[2025-02-10T03:12:27.325+0000] {logging_mixin.py:190} INFO - [2025-02-10T03:12:27.325+0000] {dag.py:4180} INFO - Setting next_dagrun for latest_only_with_trigger to 2025-02-09 20:00:00+00:00, run_after=2025-02-10 00:00:00+00:00
[2025-02-10T03:12:27.338+0000] {processor.py:208} INFO - Processing /home/airflow/.local/lib/python3.12/site-packages/airflow/example_dags/example_latest_only_with_trigger.py took 0.044 seconds
[2025-02-10T03:12:58.368+0000] {processor.py:186} INFO - Started process (PID=2214) to work on /home/airflow/.local/lib/python3.12/site-packages/airflow/example_dags/example_latest_only_with_trigger.py
[2025-02-10T03:12:58.368+0000] {processor.py:914} INFO - Processing file /home/airflow/.local/lib/python3.12/site-packages/airflow/example_dags/example_latest_only_with_trigger.py for tasks to queue
[2025-02-10T03:12:58.371+0000] {logging_mixin.py:190} INFO - [2025-02-10T03:12:58.370+0000] {dagbag.py:588} INFO - Filling up the DagBag from /home/airflow/.local/lib/python3.12/site-packages/airflow/example_dags/example_latest_only_with_trigger.py
[2025-02-10T03:12:58.375+0000] {processor.py:925} INFO - DAG(s) 'latest_only_with_trigger' retrieved from /home/airflow/.local/lib/python3.12/site-packages/airflow/example_dags/example_latest_only_with_trigger.py
[2025-02-10T03:12:58.394+0000] {logging_mixin.py:190} INFO - [2025-02-10T03:12:58.394+0000] {dag.py:3239} INFO - Sync 1 DAGs
[2025-02-10T03:12:58.405+0000] {logging_mixin.py:190} INFO - [2025-02-10T03:12:58.404+0000] {dag.py:4180} INFO - Setting next_dagrun for latest_only_with_trigger to 2025-02-09 20:00:00+00:00, run_after=2025-02-10 00:00:00+00:00
[2025-02-10T03:12:58.412+0000] {processor.py:208} INFO - Processing /home/airflow/.local/lib/python3.12/site-packages/airflow/example_dags/example_latest_only_with_trigger.py took 0.048 seconds
[2025-02-10T03:13:29.132+0000] {processor.py:186} INFO - Started process (PID=2277) to work on /home/airflow/.local/lib/python3.12/site-packages/airflow/example_dags/example_latest_only_with_trigger.py
[2025-02-10T03:13:29.133+0000] {processor.py:914} INFO - Processing file /home/airflow/.local/lib/python3.12/site-packages/airflow/example_dags/example_latest_only_with_trigger.py for tasks to queue
[2025-02-10T03:13:29.134+0000] {logging_mixin.py:190} INFO - [2025-02-10T03:13:29.134+0000] {dagbag.py:588} INFO - Filling up the DagBag from /home/airflow/.local/lib/python3.12/site-packages/airflow/example_dags/example_latest_only_with_trigger.py
[2025-02-10T03:13:29.138+0000] {processor.py:925} INFO - DAG(s) 'latest_only_with_trigger' retrieved from /home/airflow/.local/lib/python3.12/site-packages/airflow/example_dags/example_latest_only_with_trigger.py
[2025-02-10T03:13:29.152+0000] {logging_mixin.py:190} INFO - [2025-02-10T03:13:29.151+0000] {dag.py:3239} INFO - Sync 1 DAGs
[2025-02-10T03:13:29.165+0000] {logging_mixin.py:190} INFO - [2025-02-10T03:13:29.165+0000] {dag.py:4180} INFO - Setting next_dagrun for latest_only_with_trigger to 2025-02-09 20:00:00+00:00, run_after=2025-02-10 00:00:00+00:00
[2025-02-10T03:13:29.176+0000] {processor.py:208} INFO - Processing /home/airflow/.local/lib/python3.12/site-packages/airflow/example_dags/example_latest_only_with_trigger.py took 0.046 seconds
[2025-02-10T03:14:00.168+0000] {processor.py:186} INFO - Started process (PID=2341) to work on /home/airflow/.local/lib/python3.12/site-packages/airflow/example_dags/example_latest_only_with_trigger.py
[2025-02-10T03:14:00.169+0000] {processor.py:914} INFO - Processing file /home/airflow/.local/lib/python3.12/site-packages/airflow/example_dags/example_latest_only_with_trigger.py for tasks to queue
[2025-02-10T03:14:00.170+0000] {logging_mixin.py:190} INFO - [2025-02-10T03:14:00.170+0000] {dagbag.py:588} INFO - Filling up the DagBag from /home/airflow/.local/lib/python3.12/site-packages/airflow/example_dags/example_latest_only_with_trigger.py
[2025-02-10T03:14:00.176+0000] {processor.py:925} INFO - DAG(s) 'latest_only_with_trigger' retrieved from /home/airflow/.local/lib/python3.12/site-packages/airflow/example_dags/example_latest_only_with_trigger.py
[2025-02-10T03:14:00.189+0000] {logging_mixin.py:190} INFO - [2025-02-10T03:14:00.189+0000] {dag.py:3239} INFO - Sync 1 DAGs
[2025-02-10T03:14:00.199+0000] {logging_mixin.py:190} INFO - [2025-02-10T03:14:00.199+0000] {dag.py:4180} INFO - Setting next_dagrun for latest_only_with_trigger to 2025-02-09 20:00:00+00:00, run_after=2025-02-10 00:00:00+00:00
[2025-02-10T03:14:00.209+0000] {processor.py:208} INFO - Processing /home/airflow/.local/lib/python3.12/site-packages/airflow/example_dags/example_latest_only_with_trigger.py took 0.043 seconds
[2025-02-10T03:14:30.950+0000] {processor.py:186} INFO - Started process (PID=2405) to work on /home/airflow/.local/lib/python3.12/site-packages/airflow/example_dags/example_latest_only_with_trigger.py
[2025-02-10T03:14:30.953+0000] {processor.py:914} INFO - Processing file /home/airflow/.local/lib/python3.12/site-packages/airflow/example_dags/example_latest_only_with_trigger.py for tasks to queue
[2025-02-10T03:14:30.955+0000] {logging_mixin.py:190} INFO - [2025-02-10T03:14:30.954+0000] {dagbag.py:588} INFO - Filling up the DagBag from /home/airflow/.local/lib/python3.12/site-packages/airflow/example_dags/example_latest_only_with_trigger.py
[2025-02-10T03:14:30.959+0000] {processor.py:925} INFO - DAG(s) 'latest_only_with_trigger' retrieved from /home/airflow/.local/lib/python3.12/site-packages/airflow/example_dags/example_latest_only_with_trigger.py
[2025-02-10T03:14:30.975+0000] {logging_mixin.py:190} INFO - [2025-02-10T03:14:30.975+0000] {dag.py:3239} INFO - Sync 1 DAGs
[2025-02-10T03:14:30.987+0000] {logging_mixin.py:190} INFO - [2025-02-10T03:14:30.987+0000] {dag.py:4180} INFO - Setting next_dagrun for latest_only_with_trigger to 2025-02-09 20:00:00+00:00, run_after=2025-02-10 00:00:00+00:00
[2025-02-10T03:14:30.997+0000] {processor.py:208} INFO - Processing /home/airflow/.local/lib/python3.12/site-packages/airflow/example_dags/example_latest_only_with_trigger.py took 0.055 seconds
[2025-02-10T03:15:01.873+0000] {processor.py:186} INFO - Started process (PID=2470) to work on /home/airflow/.local/lib/python3.12/site-packages/airflow/example_dags/example_latest_only_with_trigger.py
[2025-02-10T03:15:01.874+0000] {processor.py:914} INFO - Processing file /home/airflow/.local/lib/python3.12/site-packages/airflow/example_dags/example_latest_only_with_trigger.py for tasks to queue
[2025-02-10T03:15:01.877+0000] {logging_mixin.py:190} INFO - [2025-02-10T03:15:01.877+0000] {dagbag.py:588} INFO - Filling up the DagBag from /home/airflow/.local/lib/python3.12/site-packages/airflow/example_dags/example_latest_only_with_trigger.py
[2025-02-10T03:15:01.881+0000] {processor.py:925} INFO - DAG(s) 'latest_only_with_trigger' retrieved from /home/airflow/.local/lib/python3.12/site-packages/airflow/example_dags/example_latest_only_with_trigger.py
[2025-02-10T03:15:01.902+0000] {logging_mixin.py:190} INFO - [2025-02-10T03:15:01.902+0000] {dag.py:3239} INFO - Sync 1 DAGs
[2025-02-10T03:15:01.914+0000] {logging_mixin.py:190} INFO - [2025-02-10T03:15:01.914+0000] {dag.py:4180} INFO - Setting next_dagrun for latest_only_with_trigger to 2025-02-09 20:00:00+00:00, run_after=2025-02-10 00:00:00+00:00
[2025-02-10T03:15:01.924+0000] {processor.py:208} INFO - Processing /home/airflow/.local/lib/python3.12/site-packages/airflow/example_dags/example_latest_only_with_trigger.py took 0.053 seconds
[2025-02-10T03:15:32.408+0000] {processor.py:186} INFO - Started process (PID=2532) to work on /home/airflow/.local/lib/python3.12/site-packages/airflow/example_dags/example_latest_only_with_trigger.py
[2025-02-10T03:15:32.409+0000] {processor.py:914} INFO - Processing file /home/airflow/.local/lib/python3.12/site-packages/airflow/example_dags/example_latest_only_with_trigger.py for tasks to queue
[2025-02-10T03:15:32.410+0000] {logging_mixin.py:190} INFO - [2025-02-10T03:15:32.410+0000] {dagbag.py:588} INFO - Filling up the DagBag from /home/airflow/.local/lib/python3.12/site-packages/airflow/example_dags/example_latest_only_with_trigger.py
[2025-02-10T03:15:32.414+0000] {processor.py:925} INFO - DAG(s) 'latest_only_with_trigger' retrieved from /home/airflow/.local/lib/python3.12/site-packages/airflow/example_dags/example_latest_only_with_trigger.py
[2025-02-10T03:15:32.425+0000] {logging_mixin.py:190} INFO - [2025-02-10T03:15:32.425+0000] {dag.py:3239} INFO - Sync 1 DAGs
[2025-02-10T03:15:32.436+0000] {logging_mixin.py:190} INFO - [2025-02-10T03:15:32.436+0000] {dag.py:4180} INFO - Setting next_dagrun for latest_only_with_trigger to 2025-02-09 20:00:00+00:00, run_after=2025-02-10 00:00:00+00:00
[2025-02-10T03:15:32.447+0000] {processor.py:208} INFO - Processing /home/airflow/.local/lib/python3.12/site-packages/airflow/example_dags/example_latest_only_with_trigger.py took 0.041 seconds
