[2025-02-10T02:55:48.084+0000] {processor.py:186} INFO - Started process (PID=78) to work on /home/airflow/.local/lib/python3.12/site-packages/airflow/example_dags/example_dag_decorator.py
[2025-02-10T02:55:48.084+0000] {processor.py:914} INFO - Processing file /home/airflow/.local/lib/python3.12/site-packages/airflow/example_dags/example_dag_decorator.py for tasks to queue
[2025-02-10T02:55:48.085+0000] {logging_mixin.py:190} INFO - [2025-02-10T02:55:48.085+0000] {dagbag.py:588} INFO - Filling up the DagBag from /home/airflow/.local/lib/python3.12/site-packages/airflow/example_dags/example_dag_decorator.py
[2025-02-10T02:55:48.104+0000] {processor.py:925} INFO - DAG(s) 'example_dag_decorator' retrieved from /home/airflow/.local/lib/python3.12/site-packages/airflow/example_dags/example_dag_decorator.py
[2025-02-10T02:55:48.184+0000] {logging_mixin.py:190} INFO - [2025-02-10T02:55:48.184+0000] {override.py:1911} INFO - Created Permission View: can read on DAG:example_dag_decorator
[2025-02-10T02:55:48.193+0000] {logging_mixin.py:190} INFO - [2025-02-10T02:55:48.193+0000] {override.py:1911} INFO - Created Permission View: can edit on DAG:example_dag_decorator
[2025-02-10T02:55:48.196+0000] {logging_mixin.py:190} INFO - [2025-02-10T02:55:48.196+0000] {override.py:1911} INFO - Created Permission View: can delete on DAG:example_dag_decorator
[2025-02-10T02:55:48.199+0000] {logging_mixin.py:190} INFO - [2025-02-10T02:55:48.199+0000] {override.py:1911} INFO - Created Permission View: can read on DAG Run:example_dag_decorator
[2025-02-10T02:55:48.202+0000] {logging_mixin.py:190} INFO - [2025-02-10T02:55:48.202+0000] {override.py:1911} INFO - Created Permission View: can delete on DAG Run:example_dag_decorator
[2025-02-10T02:55:48.204+0000] {logging_mixin.py:190} INFO - [2025-02-10T02:55:48.204+0000] {override.py:1911} INFO - Created Permission View: menu access on DAG Run:example_dag_decorator
[2025-02-10T02:55:48.208+0000] {logging_mixin.py:190} INFO - [2025-02-10T02:55:48.207+0000] {override.py:1911} INFO - Created Permission View: can create on DAG Run:example_dag_decorator
[2025-02-10T02:55:48.208+0000] {logging_mixin.py:190} INFO - [2025-02-10T02:55:48.208+0000] {dag.py:3239} INFO - Sync 1 DAGs
[2025-02-10T02:55:48.217+0000] {logging_mixin.py:190} INFO - [2025-02-10T02:55:48.217+0000] {dag.py:3262} INFO - Creating ORM DAG for example_dag_decorator
[2025-02-10T02:55:48.218+0000] {logging_mixin.py:190} INFO - [2025-02-10T02:55:48.218+0000] {dag.py:4180} INFO - Setting next_dagrun for example_dag_decorator to None, run_after=None
[2025-02-10T02:55:48.234+0000] {processor.py:208} INFO - Processing /home/airflow/.local/lib/python3.12/site-packages/airflow/example_dags/example_dag_decorator.py took 0.154 seconds
[2025-02-10T02:56:18.991+0000] {processor.py:186} INFO - Started process (PID=142) to work on /home/airflow/.local/lib/python3.12/site-packages/airflow/example_dags/example_dag_decorator.py
[2025-02-10T02:56:18.992+0000] {processor.py:914} INFO - Processing file /home/airflow/.local/lib/python3.12/site-packages/airflow/example_dags/example_dag_decorator.py for tasks to queue
[2025-02-10T02:56:18.994+0000] {logging_mixin.py:190} INFO - [2025-02-10T02:56:18.994+0000] {dagbag.py:588} INFO - Filling up the DagBag from /home/airflow/.local/lib/python3.12/site-packages/airflow/example_dags/example_dag_decorator.py
[2025-02-10T02:56:19.010+0000] {processor.py:925} INFO - DAG(s) 'example_dag_decorator' retrieved from /home/airflow/.local/lib/python3.12/site-packages/airflow/example_dags/example_dag_decorator.py
[2025-02-10T02:56:19.041+0000] {logging_mixin.py:190} INFO - [2025-02-10T02:56:19.041+0000] {dag.py:3239} INFO - Sync 1 DAGs
[2025-02-10T02:56:19.052+0000] {logging_mixin.py:190} INFO - [2025-02-10T02:56:19.052+0000] {dag.py:4180} INFO - Setting next_dagrun for example_dag_decorator to None, run_after=None
[2025-02-10T02:56:19.070+0000] {processor.py:208} INFO - Processing /home/airflow/.local/lib/python3.12/site-packages/airflow/example_dags/example_dag_decorator.py took 0.083 seconds
[2025-02-10T02:56:49.856+0000] {processor.py:186} INFO - Started process (PID=206) to work on /home/airflow/.local/lib/python3.12/site-packages/airflow/example_dags/example_dag_decorator.py
[2025-02-10T02:56:49.857+0000] {processor.py:914} INFO - Processing file /home/airflow/.local/lib/python3.12/site-packages/airflow/example_dags/example_dag_decorator.py for tasks to queue
[2025-02-10T02:56:49.867+0000] {logging_mixin.py:190} INFO - [2025-02-10T02:56:49.865+0000] {dagbag.py:588} INFO - Filling up the DagBag from /home/airflow/.local/lib/python3.12/site-packages/airflow/example_dags/example_dag_decorator.py
[2025-02-10T02:56:49.882+0000] {processor.py:925} INFO - DAG(s) 'example_dag_decorator' retrieved from /home/airflow/.local/lib/python3.12/site-packages/airflow/example_dags/example_dag_decorator.py
[2025-02-10T02:56:50.002+0000] {logging_mixin.py:190} INFO - [2025-02-10T02:56:50.002+0000] {dag.py:3239} INFO - Sync 1 DAGs
[2025-02-10T02:56:50.029+0000] {logging_mixin.py:190} INFO - [2025-02-10T02:56:50.028+0000] {dag.py:4180} INFO - Setting next_dagrun for example_dag_decorator to None, run_after=None
[2025-02-10T02:56:50.046+0000] {processor.py:208} INFO - Processing /home/airflow/.local/lib/python3.12/site-packages/airflow/example_dags/example_dag_decorator.py took 0.234 seconds
[2025-02-10T02:57:20.276+0000] {processor.py:186} INFO - Started process (PID=268) to work on /home/airflow/.local/lib/python3.12/site-packages/airflow/example_dags/example_dag_decorator.py
[2025-02-10T02:57:20.277+0000] {processor.py:914} INFO - Processing file /home/airflow/.local/lib/python3.12/site-packages/airflow/example_dags/example_dag_decorator.py for tasks to queue
[2025-02-10T02:57:20.278+0000] {logging_mixin.py:190} INFO - [2025-02-10T02:57:20.278+0000] {dagbag.py:588} INFO - Filling up the DagBag from /home/airflow/.local/lib/python3.12/site-packages/airflow/example_dags/example_dag_decorator.py
[2025-02-10T02:57:20.285+0000] {processor.py:925} INFO - DAG(s) 'example_dag_decorator' retrieved from /home/airflow/.local/lib/python3.12/site-packages/airflow/example_dags/example_dag_decorator.py
[2025-02-10T02:57:20.306+0000] {logging_mixin.py:190} INFO - [2025-02-10T02:57:20.306+0000] {dag.py:3239} INFO - Sync 1 DAGs
[2025-02-10T02:57:20.315+0000] {logging_mixin.py:190} INFO - [2025-02-10T02:57:20.315+0000] {dag.py:4180} INFO - Setting next_dagrun for example_dag_decorator to None, run_after=None
[2025-02-10T02:57:20.327+0000] {processor.py:208} INFO - Processing /home/airflow/.local/lib/python3.12/site-packages/airflow/example_dags/example_dag_decorator.py took 0.054 seconds
[2025-02-10T02:57:51.482+0000] {processor.py:186} INFO - Started process (PID=333) to work on /home/airflow/.local/lib/python3.12/site-packages/airflow/example_dags/example_dag_decorator.py
[2025-02-10T02:57:51.484+0000] {processor.py:914} INFO - Processing file /home/airflow/.local/lib/python3.12/site-packages/airflow/example_dags/example_dag_decorator.py for tasks to queue
[2025-02-10T02:57:51.486+0000] {logging_mixin.py:190} INFO - [2025-02-10T02:57:51.486+0000] {dagbag.py:588} INFO - Filling up the DagBag from /home/airflow/.local/lib/python3.12/site-packages/airflow/example_dags/example_dag_decorator.py
[2025-02-10T02:57:51.496+0000] {processor.py:925} INFO - DAG(s) 'example_dag_decorator' retrieved from /home/airflow/.local/lib/python3.12/site-packages/airflow/example_dags/example_dag_decorator.py
[2025-02-10T02:57:51.557+0000] {logging_mixin.py:190} INFO - [2025-02-10T02:57:51.557+0000] {dag.py:3239} INFO - Sync 1 DAGs
[2025-02-10T02:57:51.566+0000] {logging_mixin.py:190} INFO - [2025-02-10T02:57:51.566+0000] {dag.py:4180} INFO - Setting next_dagrun for example_dag_decorator to None, run_after=None
[2025-02-10T02:57:51.590+0000] {processor.py:208} INFO - Processing /home/airflow/.local/lib/python3.12/site-packages/airflow/example_dags/example_dag_decorator.py took 0.118 seconds
[2025-02-10T02:58:22.600+0000] {processor.py:186} INFO - Started process (PID=397) to work on /home/airflow/.local/lib/python3.12/site-packages/airflow/example_dags/example_dag_decorator.py
[2025-02-10T02:58:22.601+0000] {processor.py:914} INFO - Processing file /home/airflow/.local/lib/python3.12/site-packages/airflow/example_dags/example_dag_decorator.py for tasks to queue
[2025-02-10T02:58:22.602+0000] {logging_mixin.py:190} INFO - [2025-02-10T02:58:22.602+0000] {dagbag.py:588} INFO - Filling up the DagBag from /home/airflow/.local/lib/python3.12/site-packages/airflow/example_dags/example_dag_decorator.py
[2025-02-10T02:58:22.613+0000] {processor.py:925} INFO - DAG(s) 'example_dag_decorator' retrieved from /home/airflow/.local/lib/python3.12/site-packages/airflow/example_dags/example_dag_decorator.py
[2025-02-10T02:58:22.633+0000] {logging_mixin.py:190} INFO - [2025-02-10T02:58:22.633+0000] {dag.py:3239} INFO - Sync 1 DAGs
[2025-02-10T02:58:22.640+0000] {logging_mixin.py:190} INFO - [2025-02-10T02:58:22.640+0000] {dag.py:4180} INFO - Setting next_dagrun for example_dag_decorator to None, run_after=None
[2025-02-10T02:58:22.650+0000] {processor.py:208} INFO - Processing /home/airflow/.local/lib/python3.12/site-packages/airflow/example_dags/example_dag_decorator.py took 0.054 seconds
[2025-02-10T02:58:53.367+0000] {processor.py:186} INFO - Started process (PID=461) to work on /home/airflow/.local/lib/python3.12/site-packages/airflow/example_dags/example_dag_decorator.py
[2025-02-10T02:58:53.369+0000] {processor.py:914} INFO - Processing file /home/airflow/.local/lib/python3.12/site-packages/airflow/example_dags/example_dag_decorator.py for tasks to queue
[2025-02-10T02:58:53.373+0000] {logging_mixin.py:190} INFO - [2025-02-10T02:58:53.373+0000] {dagbag.py:588} INFO - Filling up the DagBag from /home/airflow/.local/lib/python3.12/site-packages/airflow/example_dags/example_dag_decorator.py
[2025-02-10T02:58:53.384+0000] {processor.py:925} INFO - DAG(s) 'example_dag_decorator' retrieved from /home/airflow/.local/lib/python3.12/site-packages/airflow/example_dags/example_dag_decorator.py
[2025-02-10T02:58:53.404+0000] {logging_mixin.py:190} INFO - [2025-02-10T02:58:53.403+0000] {dag.py:3239} INFO - Sync 1 DAGs
[2025-02-10T02:58:53.411+0000] {logging_mixin.py:190} INFO - [2025-02-10T02:58:53.411+0000] {dag.py:4180} INFO - Setting next_dagrun for example_dag_decorator to None, run_after=None
[2025-02-10T02:58:53.418+0000] {processor.py:208} INFO - Processing /home/airflow/.local/lib/python3.12/site-packages/airflow/example_dags/example_dag_decorator.py took 0.054 seconds
[2025-02-10T02:59:24.486+0000] {processor.py:186} INFO - Started process (PID=525) to work on /home/airflow/.local/lib/python3.12/site-packages/airflow/example_dags/example_dag_decorator.py
[2025-02-10T02:59:24.487+0000] {processor.py:914} INFO - Processing file /home/airflow/.local/lib/python3.12/site-packages/airflow/example_dags/example_dag_decorator.py for tasks to queue
[2025-02-10T02:59:24.488+0000] {logging_mixin.py:190} INFO - [2025-02-10T02:59:24.488+0000] {dagbag.py:588} INFO - Filling up the DagBag from /home/airflow/.local/lib/python3.12/site-packages/airflow/example_dags/example_dag_decorator.py
[2025-02-10T02:59:24.499+0000] {processor.py:925} INFO - DAG(s) 'example_dag_decorator' retrieved from /home/airflow/.local/lib/python3.12/site-packages/airflow/example_dags/example_dag_decorator.py
[2025-02-10T02:59:24.520+0000] {logging_mixin.py:190} INFO - [2025-02-10T02:59:24.520+0000] {dag.py:3239} INFO - Sync 1 DAGs
[2025-02-10T02:59:24.528+0000] {logging_mixin.py:190} INFO - [2025-02-10T02:59:24.528+0000] {dag.py:4180} INFO - Setting next_dagrun for example_dag_decorator to None, run_after=None
[2025-02-10T02:59:24.537+0000] {processor.py:208} INFO - Processing /home/airflow/.local/lib/python3.12/site-packages/airflow/example_dags/example_dag_decorator.py took 0.063 seconds
[2025-02-10T02:59:55.766+0000] {processor.py:186} INFO - Started process (PID=588) to work on /home/airflow/.local/lib/python3.12/site-packages/airflow/example_dags/example_dag_decorator.py
[2025-02-10T02:59:55.768+0000] {processor.py:914} INFO - Processing file /home/airflow/.local/lib/python3.12/site-packages/airflow/example_dags/example_dag_decorator.py for tasks to queue
[2025-02-10T02:59:55.769+0000] {logging_mixin.py:190} INFO - [2025-02-10T02:59:55.769+0000] {dagbag.py:588} INFO - Filling up the DagBag from /home/airflow/.local/lib/python3.12/site-packages/airflow/example_dags/example_dag_decorator.py
[2025-02-10T02:59:55.780+0000] {processor.py:925} INFO - DAG(s) 'example_dag_decorator' retrieved from /home/airflow/.local/lib/python3.12/site-packages/airflow/example_dags/example_dag_decorator.py
[2025-02-10T02:59:55.805+0000] {logging_mixin.py:190} INFO - [2025-02-10T02:59:55.805+0000] {dag.py:3239} INFO - Sync 1 DAGs
[2025-02-10T02:59:55.824+0000] {logging_mixin.py:190} INFO - [2025-02-10T02:59:55.823+0000] {dag.py:4180} INFO - Setting next_dagrun for example_dag_decorator to None, run_after=None
[2025-02-10T02:59:55.837+0000] {processor.py:208} INFO - Processing /home/airflow/.local/lib/python3.12/site-packages/airflow/example_dags/example_dag_decorator.py took 0.075 seconds
[2025-02-10T03:00:27.597+0000] {processor.py:186} INFO - Started process (PID=652) to work on /home/airflow/.local/lib/python3.12/site-packages/airflow/example_dags/example_dag_decorator.py
[2025-02-10T03:00:27.598+0000] {processor.py:914} INFO - Processing file /home/airflow/.local/lib/python3.12/site-packages/airflow/example_dags/example_dag_decorator.py for tasks to queue
[2025-02-10T03:00:27.599+0000] {logging_mixin.py:190} INFO - [2025-02-10T03:00:27.599+0000] {dagbag.py:588} INFO - Filling up the DagBag from /home/airflow/.local/lib/python3.12/site-packages/airflow/example_dags/example_dag_decorator.py
[2025-02-10T03:00:27.605+0000] {processor.py:925} INFO - DAG(s) 'example_dag_decorator' retrieved from /home/airflow/.local/lib/python3.12/site-packages/airflow/example_dags/example_dag_decorator.py
[2025-02-10T03:00:27.621+0000] {logging_mixin.py:190} INFO - [2025-02-10T03:00:27.621+0000] {dag.py:3239} INFO - Sync 1 DAGs
[2025-02-10T03:00:27.628+0000] {logging_mixin.py:190} INFO - [2025-02-10T03:00:27.628+0000] {dag.py:4180} INFO - Setting next_dagrun for example_dag_decorator to None, run_after=None
[2025-02-10T03:00:27.637+0000] {processor.py:208} INFO - Processing /home/airflow/.local/lib/python3.12/site-packages/airflow/example_dags/example_dag_decorator.py took 0.042 seconds
[2025-02-10T03:00:59.180+0000] {processor.py:186} INFO - Started process (PID=717) to work on /home/airflow/.local/lib/python3.12/site-packages/airflow/example_dags/example_dag_decorator.py
[2025-02-10T03:00:59.182+0000] {processor.py:914} INFO - Processing file /home/airflow/.local/lib/python3.12/site-packages/airflow/example_dags/example_dag_decorator.py for tasks to queue
[2025-02-10T03:00:59.188+0000] {logging_mixin.py:190} INFO - [2025-02-10T03:00:59.187+0000] {dagbag.py:588} INFO - Filling up the DagBag from /home/airflow/.local/lib/python3.12/site-packages/airflow/example_dags/example_dag_decorator.py
[2025-02-10T03:00:59.238+0000] {processor.py:925} INFO - DAG(s) 'example_dag_decorator' retrieved from /home/airflow/.local/lib/python3.12/site-packages/airflow/example_dags/example_dag_decorator.py
[2025-02-10T03:00:59.383+0000] {logging_mixin.py:190} INFO - [2025-02-10T03:00:59.383+0000] {dag.py:3239} INFO - Sync 1 DAGs
[2025-02-10T03:00:59.401+0000] {logging_mixin.py:190} INFO - [2025-02-10T03:00:59.400+0000] {dag.py:4180} INFO - Setting next_dagrun for example_dag_decorator to None, run_after=None
[2025-02-10T03:00:59.436+0000] {processor.py:208} INFO - Processing /home/airflow/.local/lib/python3.12/site-packages/airflow/example_dags/example_dag_decorator.py took 0.265 seconds
[2025-02-10T03:01:30.598+0000] {processor.py:186} INFO - Started process (PID=781) to work on /home/airflow/.local/lib/python3.12/site-packages/airflow/example_dags/example_dag_decorator.py
[2025-02-10T03:01:30.599+0000] {processor.py:914} INFO - Processing file /home/airflow/.local/lib/python3.12/site-packages/airflow/example_dags/example_dag_decorator.py for tasks to queue
[2025-02-10T03:01:30.602+0000] {logging_mixin.py:190} INFO - [2025-02-10T03:01:30.602+0000] {dagbag.py:588} INFO - Filling up the DagBag from /home/airflow/.local/lib/python3.12/site-packages/airflow/example_dags/example_dag_decorator.py
[2025-02-10T03:01:30.615+0000] {processor.py:925} INFO - DAG(s) 'example_dag_decorator' retrieved from /home/airflow/.local/lib/python3.12/site-packages/airflow/example_dags/example_dag_decorator.py
[2025-02-10T03:01:30.695+0000] {logging_mixin.py:190} INFO - [2025-02-10T03:01:30.695+0000] {dag.py:3239} INFO - Sync 1 DAGs
[2025-02-10T03:01:30.702+0000] {logging_mixin.py:190} INFO - [2025-02-10T03:01:30.702+0000] {dag.py:4180} INFO - Setting next_dagrun for example_dag_decorator to None, run_after=None
[2025-02-10T03:01:30.713+0000] {processor.py:208} INFO - Processing /home/airflow/.local/lib/python3.12/site-packages/airflow/example_dags/example_dag_decorator.py took 0.117 seconds
[2025-02-10T03:02:02.051+0000] {processor.py:186} INFO - Started process (PID=845) to work on /home/airflow/.local/lib/python3.12/site-packages/airflow/example_dags/example_dag_decorator.py
[2025-02-10T03:02:02.053+0000] {processor.py:914} INFO - Processing file /home/airflow/.local/lib/python3.12/site-packages/airflow/example_dags/example_dag_decorator.py for tasks to queue
[2025-02-10T03:02:02.054+0000] {logging_mixin.py:190} INFO - [2025-02-10T03:02:02.054+0000] {dagbag.py:588} INFO - Filling up the DagBag from /home/airflow/.local/lib/python3.12/site-packages/airflow/example_dags/example_dag_decorator.py
[2025-02-10T03:02:02.062+0000] {processor.py:925} INFO - DAG(s) 'example_dag_decorator' retrieved from /home/airflow/.local/lib/python3.12/site-packages/airflow/example_dags/example_dag_decorator.py
[2025-02-10T03:02:02.078+0000] {logging_mixin.py:190} INFO - [2025-02-10T03:02:02.078+0000] {dag.py:3239} INFO - Sync 1 DAGs
[2025-02-10T03:02:02.085+0000] {logging_mixin.py:190} INFO - [2025-02-10T03:02:02.085+0000] {dag.py:4180} INFO - Setting next_dagrun for example_dag_decorator to None, run_after=None
[2025-02-10T03:02:02.093+0000] {processor.py:208} INFO - Processing /home/airflow/.local/lib/python3.12/site-packages/airflow/example_dags/example_dag_decorator.py took 0.046 seconds
[2025-02-10T03:02:33.480+0000] {processor.py:186} INFO - Started process (PID=909) to work on /home/airflow/.local/lib/python3.12/site-packages/airflow/example_dags/example_dag_decorator.py
[2025-02-10T03:02:33.481+0000] {processor.py:914} INFO - Processing file /home/airflow/.local/lib/python3.12/site-packages/airflow/example_dags/example_dag_decorator.py for tasks to queue
[2025-02-10T03:02:33.483+0000] {logging_mixin.py:190} INFO - [2025-02-10T03:02:33.483+0000] {dagbag.py:588} INFO - Filling up the DagBag from /home/airflow/.local/lib/python3.12/site-packages/airflow/example_dags/example_dag_decorator.py
[2025-02-10T03:02:33.496+0000] {processor.py:925} INFO - DAG(s) 'example_dag_decorator' retrieved from /home/airflow/.local/lib/python3.12/site-packages/airflow/example_dags/example_dag_decorator.py
[2025-02-10T03:02:33.562+0000] {logging_mixin.py:190} INFO - [2025-02-10T03:02:33.562+0000] {dag.py:3239} INFO - Sync 1 DAGs
[2025-02-10T03:02:33.567+0000] {logging_mixin.py:190} INFO - [2025-02-10T03:02:33.567+0000] {dag.py:4180} INFO - Setting next_dagrun for example_dag_decorator to None, run_after=None
[2025-02-10T03:02:33.578+0000] {processor.py:208} INFO - Processing /home/airflow/.local/lib/python3.12/site-packages/airflow/example_dags/example_dag_decorator.py took 0.103 seconds
[2025-02-10T03:03:04.946+0000] {processor.py:186} INFO - Started process (PID=973) to work on /home/airflow/.local/lib/python3.12/site-packages/airflow/example_dags/example_dag_decorator.py
[2025-02-10T03:03:04.946+0000] {processor.py:914} INFO - Processing file /home/airflow/.local/lib/python3.12/site-packages/airflow/example_dags/example_dag_decorator.py for tasks to queue
[2025-02-10T03:03:04.947+0000] {logging_mixin.py:190} INFO - [2025-02-10T03:03:04.947+0000] {dagbag.py:588} INFO - Filling up the DagBag from /home/airflow/.local/lib/python3.12/site-packages/airflow/example_dags/example_dag_decorator.py
[2025-02-10T03:03:04.956+0000] {processor.py:925} INFO - DAG(s) 'example_dag_decorator' retrieved from /home/airflow/.local/lib/python3.12/site-packages/airflow/example_dags/example_dag_decorator.py
[2025-02-10T03:03:05.003+0000] {logging_mixin.py:190} INFO - [2025-02-10T03:03:05.003+0000] {dag.py:3239} INFO - Sync 1 DAGs
[2025-02-10T03:03:05.010+0000] {logging_mixin.py:190} INFO - [2025-02-10T03:03:05.010+0000] {dag.py:4180} INFO - Setting next_dagrun for example_dag_decorator to None, run_after=None
[2025-02-10T03:03:05.020+0000] {processor.py:208} INFO - Processing /home/airflow/.local/lib/python3.12/site-packages/airflow/example_dags/example_dag_decorator.py took 0.078 seconds
[2025-02-10T03:03:36.586+0000] {processor.py:186} INFO - Started process (PID=1037) to work on /home/airflow/.local/lib/python3.12/site-packages/airflow/example_dags/example_dag_decorator.py
[2025-02-10T03:03:36.586+0000] {processor.py:914} INFO - Processing file /home/airflow/.local/lib/python3.12/site-packages/airflow/example_dags/example_dag_decorator.py for tasks to queue
[2025-02-10T03:03:36.588+0000] {logging_mixin.py:190} INFO - [2025-02-10T03:03:36.588+0000] {dagbag.py:588} INFO - Filling up the DagBag from /home/airflow/.local/lib/python3.12/site-packages/airflow/example_dags/example_dag_decorator.py
[2025-02-10T03:03:36.599+0000] {processor.py:925} INFO - DAG(s) 'example_dag_decorator' retrieved from /home/airflow/.local/lib/python3.12/site-packages/airflow/example_dags/example_dag_decorator.py
[2025-02-10T03:03:36.712+0000] {logging_mixin.py:190} INFO - [2025-02-10T03:03:36.712+0000] {dag.py:3239} INFO - Sync 1 DAGs
[2025-02-10T03:03:36.748+0000] {logging_mixin.py:190} INFO - [2025-02-10T03:03:36.748+0000] {dag.py:4180} INFO - Setting next_dagrun for example_dag_decorator to None, run_after=None
[2025-02-10T03:03:36.762+0000] {processor.py:208} INFO - Processing /home/airflow/.local/lib/python3.12/site-packages/airflow/example_dags/example_dag_decorator.py took 0.181 seconds
[2025-02-10T03:04:08.388+0000] {processor.py:186} INFO - Started process (PID=1101) to work on /home/airflow/.local/lib/python3.12/site-packages/airflow/example_dags/example_dag_decorator.py
[2025-02-10T03:04:08.389+0000] {processor.py:914} INFO - Processing file /home/airflow/.local/lib/python3.12/site-packages/airflow/example_dags/example_dag_decorator.py for tasks to queue
[2025-02-10T03:04:08.391+0000] {logging_mixin.py:190} INFO - [2025-02-10T03:04:08.391+0000] {dagbag.py:588} INFO - Filling up the DagBag from /home/airflow/.local/lib/python3.12/site-packages/airflow/example_dags/example_dag_decorator.py
[2025-02-10T03:04:08.400+0000] {processor.py:925} INFO - DAG(s) 'example_dag_decorator' retrieved from /home/airflow/.local/lib/python3.12/site-packages/airflow/example_dags/example_dag_decorator.py
[2025-02-10T03:04:08.488+0000] {logging_mixin.py:190} INFO - [2025-02-10T03:04:08.488+0000] {dag.py:3239} INFO - Sync 1 DAGs
[2025-02-10T03:04:08.495+0000] {logging_mixin.py:190} INFO - [2025-02-10T03:04:08.495+0000] {dag.py:4180} INFO - Setting next_dagrun for example_dag_decorator to None, run_after=None
[2025-02-10T03:04:08.506+0000] {processor.py:208} INFO - Processing /home/airflow/.local/lib/python3.12/site-packages/airflow/example_dags/example_dag_decorator.py took 0.125 seconds
[2025-02-10T03:04:39.618+0000] {processor.py:186} INFO - Started process (PID=1165) to work on /home/airflow/.local/lib/python3.12/site-packages/airflow/example_dags/example_dag_decorator.py
[2025-02-10T03:04:39.619+0000] {processor.py:914} INFO - Processing file /home/airflow/.local/lib/python3.12/site-packages/airflow/example_dags/example_dag_decorator.py for tasks to queue
[2025-02-10T03:04:39.620+0000] {logging_mixin.py:190} INFO - [2025-02-10T03:04:39.620+0000] {dagbag.py:588} INFO - Filling up the DagBag from /home/airflow/.local/lib/python3.12/site-packages/airflow/example_dags/example_dag_decorator.py
[2025-02-10T03:04:39.628+0000] {processor.py:925} INFO - DAG(s) 'example_dag_decorator' retrieved from /home/airflow/.local/lib/python3.12/site-packages/airflow/example_dags/example_dag_decorator.py
[2025-02-10T03:04:39.737+0000] {logging_mixin.py:190} INFO - [2025-02-10T03:04:39.736+0000] {dag.py:3239} INFO - Sync 1 DAGs
[2025-02-10T03:04:39.745+0000] {logging_mixin.py:190} INFO - [2025-02-10T03:04:39.745+0000] {dag.py:4180} INFO - Setting next_dagrun for example_dag_decorator to None, run_after=None
[2025-02-10T03:04:39.760+0000] {processor.py:208} INFO - Processing /home/airflow/.local/lib/python3.12/site-packages/airflow/example_dags/example_dag_decorator.py took 0.145 seconds
[2025-02-10T03:05:10.564+0000] {processor.py:186} INFO - Started process (PID=1229) to work on /home/airflow/.local/lib/python3.12/site-packages/airflow/example_dags/example_dag_decorator.py
[2025-02-10T03:05:10.564+0000] {processor.py:914} INFO - Processing file /home/airflow/.local/lib/python3.12/site-packages/airflow/example_dags/example_dag_decorator.py for tasks to queue
[2025-02-10T03:05:10.566+0000] {logging_mixin.py:190} INFO - [2025-02-10T03:05:10.565+0000] {dagbag.py:588} INFO - Filling up the DagBag from /home/airflow/.local/lib/python3.12/site-packages/airflow/example_dags/example_dag_decorator.py
[2025-02-10T03:05:10.573+0000] {processor.py:925} INFO - DAG(s) 'example_dag_decorator' retrieved from /home/airflow/.local/lib/python3.12/site-packages/airflow/example_dags/example_dag_decorator.py
[2025-02-10T03:05:10.634+0000] {logging_mixin.py:190} INFO - [2025-02-10T03:05:10.634+0000] {dag.py:3239} INFO - Sync 1 DAGs
[2025-02-10T03:05:10.639+0000] {logging_mixin.py:190} INFO - [2025-02-10T03:05:10.639+0000] {dag.py:4180} INFO - Setting next_dagrun for example_dag_decorator to None, run_after=None
[2025-02-10T03:05:10.653+0000] {processor.py:208} INFO - Processing /home/airflow/.local/lib/python3.12/site-packages/airflow/example_dags/example_dag_decorator.py took 0.094 seconds
[2025-02-10T03:05:41.645+0000] {processor.py:186} INFO - Started process (PID=1293) to work on /home/airflow/.local/lib/python3.12/site-packages/airflow/example_dags/example_dag_decorator.py
[2025-02-10T03:05:41.646+0000] {processor.py:914} INFO - Processing file /home/airflow/.local/lib/python3.12/site-packages/airflow/example_dags/example_dag_decorator.py for tasks to queue
[2025-02-10T03:05:41.646+0000] {logging_mixin.py:190} INFO - [2025-02-10T03:05:41.646+0000] {dagbag.py:588} INFO - Filling up the DagBag from /home/airflow/.local/lib/python3.12/site-packages/airflow/example_dags/example_dag_decorator.py
[2025-02-10T03:05:41.652+0000] {processor.py:925} INFO - DAG(s) 'example_dag_decorator' retrieved from /home/airflow/.local/lib/python3.12/site-packages/airflow/example_dags/example_dag_decorator.py
[2025-02-10T03:05:41.711+0000] {logging_mixin.py:190} INFO - [2025-02-10T03:05:41.711+0000] {dag.py:3239} INFO - Sync 1 DAGs
[2025-02-10T03:05:41.716+0000] {logging_mixin.py:190} INFO - [2025-02-10T03:05:41.716+0000] {dag.py:4180} INFO - Setting next_dagrun for example_dag_decorator to None, run_after=None
[2025-02-10T03:05:41.725+0000] {processor.py:208} INFO - Processing /home/airflow/.local/lib/python3.12/site-packages/airflow/example_dags/example_dag_decorator.py took 0.083 seconds
[2025-02-10T03:06:12.956+0000] {processor.py:186} INFO - Started process (PID=1357) to work on /home/airflow/.local/lib/python3.12/site-packages/airflow/example_dags/example_dag_decorator.py
[2025-02-10T03:06:12.958+0000] {processor.py:914} INFO - Processing file /home/airflow/.local/lib/python3.12/site-packages/airflow/example_dags/example_dag_decorator.py for tasks to queue
[2025-02-10T03:06:12.960+0000] {logging_mixin.py:190} INFO - [2025-02-10T03:06:12.959+0000] {dagbag.py:588} INFO - Filling up the DagBag from /home/airflow/.local/lib/python3.12/site-packages/airflow/example_dags/example_dag_decorator.py
[2025-02-10T03:06:12.967+0000] {processor.py:925} INFO - DAG(s) 'example_dag_decorator' retrieved from /home/airflow/.local/lib/python3.12/site-packages/airflow/example_dags/example_dag_decorator.py
[2025-02-10T03:06:13.037+0000] {logging_mixin.py:190} INFO - [2025-02-10T03:06:13.037+0000] {dag.py:3239} INFO - Sync 1 DAGs
[2025-02-10T03:06:13.045+0000] {logging_mixin.py:190} INFO - [2025-02-10T03:06:13.045+0000] {dag.py:4180} INFO - Setting next_dagrun for example_dag_decorator to None, run_after=None
[2025-02-10T03:06:13.057+0000] {processor.py:208} INFO - Processing /home/airflow/.local/lib/python3.12/site-packages/airflow/example_dags/example_dag_decorator.py took 0.105 seconds
[2025-02-10T03:06:44.994+0000] {processor.py:186} INFO - Started process (PID=1422) to work on /home/airflow/.local/lib/python3.12/site-packages/airflow/example_dags/example_dag_decorator.py
[2025-02-10T03:06:44.995+0000] {processor.py:914} INFO - Processing file /home/airflow/.local/lib/python3.12/site-packages/airflow/example_dags/example_dag_decorator.py for tasks to queue
[2025-02-10T03:06:44.997+0000] {logging_mixin.py:190} INFO - [2025-02-10T03:06:44.996+0000] {dagbag.py:588} INFO - Filling up the DagBag from /home/airflow/.local/lib/python3.12/site-packages/airflow/example_dags/example_dag_decorator.py
[2025-02-10T03:06:45.007+0000] {processor.py:925} INFO - DAG(s) 'example_dag_decorator' retrieved from /home/airflow/.local/lib/python3.12/site-packages/airflow/example_dags/example_dag_decorator.py
[2025-02-10T03:06:45.090+0000] {logging_mixin.py:190} INFO - [2025-02-10T03:06:45.090+0000] {dag.py:3239} INFO - Sync 1 DAGs
[2025-02-10T03:06:45.096+0000] {logging_mixin.py:190} INFO - [2025-02-10T03:06:45.096+0000] {dag.py:4180} INFO - Setting next_dagrun for example_dag_decorator to None, run_after=None
[2025-02-10T03:06:45.107+0000] {processor.py:208} INFO - Processing /home/airflow/.local/lib/python3.12/site-packages/airflow/example_dags/example_dag_decorator.py took 0.118 seconds
[2025-02-10T03:07:15.883+0000] {processor.py:186} INFO - Started process (PID=1485) to work on /home/airflow/.local/lib/python3.12/site-packages/airflow/example_dags/example_dag_decorator.py
[2025-02-10T03:07:15.885+0000] {processor.py:914} INFO - Processing file /home/airflow/.local/lib/python3.12/site-packages/airflow/example_dags/example_dag_decorator.py for tasks to queue
[2025-02-10T03:07:15.888+0000] {logging_mixin.py:190} INFO - [2025-02-10T03:07:15.888+0000] {dagbag.py:588} INFO - Filling up the DagBag from /home/airflow/.local/lib/python3.12/site-packages/airflow/example_dags/example_dag_decorator.py
[2025-02-10T03:07:15.899+0000] {processor.py:925} INFO - DAG(s) 'example_dag_decorator' retrieved from /home/airflow/.local/lib/python3.12/site-packages/airflow/example_dags/example_dag_decorator.py
[2025-02-10T03:07:15.981+0000] {logging_mixin.py:190} INFO - [2025-02-10T03:07:15.980+0000] {dag.py:3239} INFO - Sync 1 DAGs
[2025-02-10T03:07:15.988+0000] {logging_mixin.py:190} INFO - [2025-02-10T03:07:15.988+0000] {dag.py:4180} INFO - Setting next_dagrun for example_dag_decorator to None, run_after=None
[2025-02-10T03:07:15.998+0000] {processor.py:208} INFO - Processing /home/airflow/.local/lib/python3.12/site-packages/airflow/example_dags/example_dag_decorator.py took 0.120 seconds
[2025-02-10T03:07:46.708+0000] {processor.py:186} INFO - Started process (PID=1549) to work on /home/airflow/.local/lib/python3.12/site-packages/airflow/example_dags/example_dag_decorator.py
[2025-02-10T03:07:46.711+0000] {processor.py:914} INFO - Processing file /home/airflow/.local/lib/python3.12/site-packages/airflow/example_dags/example_dag_decorator.py for tasks to queue
[2025-02-10T03:07:46.717+0000] {logging_mixin.py:190} INFO - [2025-02-10T03:07:46.716+0000] {dagbag.py:588} INFO - Filling up the DagBag from /home/airflow/.local/lib/python3.12/site-packages/airflow/example_dags/example_dag_decorator.py
[2025-02-10T03:07:46.735+0000] {processor.py:925} INFO - DAG(s) 'example_dag_decorator' retrieved from /home/airflow/.local/lib/python3.12/site-packages/airflow/example_dags/example_dag_decorator.py
[2025-02-10T03:07:46.827+0000] {logging_mixin.py:190} INFO - [2025-02-10T03:07:46.827+0000] {dag.py:3239} INFO - Sync 1 DAGs
[2025-02-10T03:07:46.836+0000] {logging_mixin.py:190} INFO - [2025-02-10T03:07:46.836+0000] {dag.py:4180} INFO - Setting next_dagrun for example_dag_decorator to None, run_after=None
[2025-02-10T03:07:46.847+0000] {processor.py:208} INFO - Processing /home/airflow/.local/lib/python3.12/site-packages/airflow/example_dags/example_dag_decorator.py took 0.147 seconds
[2025-02-10T03:08:18.176+0000] {processor.py:186} INFO - Started process (PID=1620) to work on /home/airflow/.local/lib/python3.12/site-packages/airflow/example_dags/example_dag_decorator.py
[2025-02-10T03:08:18.178+0000] {processor.py:914} INFO - Processing file /home/airflow/.local/lib/python3.12/site-packages/airflow/example_dags/example_dag_decorator.py for tasks to queue
[2025-02-10T03:08:18.179+0000] {logging_mixin.py:190} INFO - [2025-02-10T03:08:18.179+0000] {dagbag.py:588} INFO - Filling up the DagBag from /home/airflow/.local/lib/python3.12/site-packages/airflow/example_dags/example_dag_decorator.py
[2025-02-10T03:08:18.187+0000] {processor.py:925} INFO - DAG(s) 'example_dag_decorator' retrieved from /home/airflow/.local/lib/python3.12/site-packages/airflow/example_dags/example_dag_decorator.py
[2025-02-10T03:08:18.270+0000] {logging_mixin.py:190} INFO - [2025-02-10T03:08:18.270+0000] {dag.py:3239} INFO - Sync 1 DAGs
[2025-02-10T03:08:18.277+0000] {logging_mixin.py:190} INFO - [2025-02-10T03:08:18.277+0000] {dag.py:4180} INFO - Setting next_dagrun for example_dag_decorator to None, run_after=None
[2025-02-10T03:08:18.288+0000] {processor.py:208} INFO - Processing /home/airflow/.local/lib/python3.12/site-packages/airflow/example_dags/example_dag_decorator.py took 0.122 seconds
[2025-02-10T03:08:48.843+0000] {processor.py:186} INFO - Started process (PID=1684) to work on /home/airflow/.local/lib/python3.12/site-packages/airflow/example_dags/example_dag_decorator.py
[2025-02-10T03:08:48.846+0000] {processor.py:914} INFO - Processing file /home/airflow/.local/lib/python3.12/site-packages/airflow/example_dags/example_dag_decorator.py for tasks to queue
[2025-02-10T03:08:48.847+0000] {logging_mixin.py:190} INFO - [2025-02-10T03:08:48.847+0000] {dagbag.py:588} INFO - Filling up the DagBag from /home/airflow/.local/lib/python3.12/site-packages/airflow/example_dags/example_dag_decorator.py
[2025-02-10T03:08:48.858+0000] {processor.py:925} INFO - DAG(s) 'example_dag_decorator' retrieved from /home/airflow/.local/lib/python3.12/site-packages/airflow/example_dags/example_dag_decorator.py
[2025-02-10T03:08:48.909+0000] {logging_mixin.py:190} INFO - [2025-02-10T03:08:48.909+0000] {dag.py:3239} INFO - Sync 1 DAGs
[2025-02-10T03:08:48.917+0000] {logging_mixin.py:190} INFO - [2025-02-10T03:08:48.917+0000] {dag.py:4180} INFO - Setting next_dagrun for example_dag_decorator to None, run_after=None
[2025-02-10T03:08:48.926+0000] {processor.py:208} INFO - Processing /home/airflow/.local/lib/python3.12/site-packages/airflow/example_dags/example_dag_decorator.py took 0.085 seconds
[2025-02-10T03:09:20.213+0000] {processor.py:186} INFO - Started process (PID=1748) to work on /home/airflow/.local/lib/python3.12/site-packages/airflow/example_dags/example_dag_decorator.py
[2025-02-10T03:09:20.214+0000] {processor.py:914} INFO - Processing file /home/airflow/.local/lib/python3.12/site-packages/airflow/example_dags/example_dag_decorator.py for tasks to queue
[2025-02-10T03:09:20.218+0000] {logging_mixin.py:190} INFO - [2025-02-10T03:09:20.217+0000] {dagbag.py:588} INFO - Filling up the DagBag from /home/airflow/.local/lib/python3.12/site-packages/airflow/example_dags/example_dag_decorator.py
[2025-02-10T03:09:20.259+0000] {processor.py:925} INFO - DAG(s) 'example_dag_decorator' retrieved from /home/airflow/.local/lib/python3.12/site-packages/airflow/example_dags/example_dag_decorator.py
[2025-02-10T03:09:20.376+0000] {logging_mixin.py:190} INFO - [2025-02-10T03:09:20.376+0000] {dag.py:3239} INFO - Sync 1 DAGs
[2025-02-10T03:09:20.384+0000] {logging_mixin.py:190} INFO - [2025-02-10T03:09:20.384+0000] {dag.py:4180} INFO - Setting next_dagrun for example_dag_decorator to None, run_after=None
[2025-02-10T03:09:20.401+0000] {processor.py:208} INFO - Processing /home/airflow/.local/lib/python3.12/site-packages/airflow/example_dags/example_dag_decorator.py took 0.206 seconds
[2025-02-10T03:09:51.156+0000] {processor.py:186} INFO - Started process (PID=1812) to work on /home/airflow/.local/lib/python3.12/site-packages/airflow/example_dags/example_dag_decorator.py
[2025-02-10T03:09:51.157+0000] {processor.py:914} INFO - Processing file /home/airflow/.local/lib/python3.12/site-packages/airflow/example_dags/example_dag_decorator.py for tasks to queue
[2025-02-10T03:09:51.158+0000] {logging_mixin.py:190} INFO - [2025-02-10T03:09:51.158+0000] {dagbag.py:588} INFO - Filling up the DagBag from /home/airflow/.local/lib/python3.12/site-packages/airflow/example_dags/example_dag_decorator.py
[2025-02-10T03:09:51.164+0000] {processor.py:925} INFO - DAG(s) 'example_dag_decorator' retrieved from /home/airflow/.local/lib/python3.12/site-packages/airflow/example_dags/example_dag_decorator.py
[2025-02-10T03:09:51.222+0000] {logging_mixin.py:190} INFO - [2025-02-10T03:09:51.222+0000] {dag.py:3239} INFO - Sync 1 DAGs
[2025-02-10T03:09:51.228+0000] {logging_mixin.py:190} INFO - [2025-02-10T03:09:51.228+0000] {dag.py:4180} INFO - Setting next_dagrun for example_dag_decorator to None, run_after=None
[2025-02-10T03:09:51.236+0000] {processor.py:208} INFO - Processing /home/airflow/.local/lib/python3.12/site-packages/airflow/example_dags/example_dag_decorator.py took 0.082 seconds
[2025-02-10T03:10:22.129+0000] {processor.py:186} INFO - Started process (PID=1876) to work on /home/airflow/.local/lib/python3.12/site-packages/airflow/example_dags/example_dag_decorator.py
[2025-02-10T03:10:22.130+0000] {processor.py:914} INFO - Processing file /home/airflow/.local/lib/python3.12/site-packages/airflow/example_dags/example_dag_decorator.py for tasks to queue
[2025-02-10T03:10:22.131+0000] {logging_mixin.py:190} INFO - [2025-02-10T03:10:22.131+0000] {dagbag.py:588} INFO - Filling up the DagBag from /home/airflow/.local/lib/python3.12/site-packages/airflow/example_dags/example_dag_decorator.py
[2025-02-10T03:10:22.138+0000] {processor.py:925} INFO - DAG(s) 'example_dag_decorator' retrieved from /home/airflow/.local/lib/python3.12/site-packages/airflow/example_dags/example_dag_decorator.py
[2025-02-10T03:10:22.200+0000] {logging_mixin.py:190} INFO - [2025-02-10T03:10:22.200+0000] {dag.py:3239} INFO - Sync 1 DAGs
[2025-02-10T03:10:22.208+0000] {logging_mixin.py:190} INFO - [2025-02-10T03:10:22.207+0000] {dag.py:4180} INFO - Setting next_dagrun for example_dag_decorator to None, run_after=None
[2025-02-10T03:10:22.218+0000] {processor.py:208} INFO - Processing /home/airflow/.local/lib/python3.12/site-packages/airflow/example_dags/example_dag_decorator.py took 0.093 seconds
[2025-02-10T03:10:52.916+0000] {processor.py:186} INFO - Started process (PID=1940) to work on /home/airflow/.local/lib/python3.12/site-packages/airflow/example_dags/example_dag_decorator.py
[2025-02-10T03:10:52.916+0000] {processor.py:914} INFO - Processing file /home/airflow/.local/lib/python3.12/site-packages/airflow/example_dags/example_dag_decorator.py for tasks to queue
[2025-02-10T03:10:52.917+0000] {logging_mixin.py:190} INFO - [2025-02-10T03:10:52.917+0000] {dagbag.py:588} INFO - Filling up the DagBag from /home/airflow/.local/lib/python3.12/site-packages/airflow/example_dags/example_dag_decorator.py
[2025-02-10T03:10:52.930+0000] {processor.py:925} INFO - DAG(s) 'example_dag_decorator' retrieved from /home/airflow/.local/lib/python3.12/site-packages/airflow/example_dags/example_dag_decorator.py
[2025-02-10T03:10:52.994+0000] {logging_mixin.py:190} INFO - [2025-02-10T03:10:52.994+0000] {dag.py:3239} INFO - Sync 1 DAGs
[2025-02-10T03:10:53.003+0000] {logging_mixin.py:190} INFO - [2025-02-10T03:10:53.003+0000] {dag.py:4180} INFO - Setting next_dagrun for example_dag_decorator to None, run_after=None
[2025-02-10T03:10:53.015+0000] {processor.py:208} INFO - Processing /home/airflow/.local/lib/python3.12/site-packages/airflow/example_dags/example_dag_decorator.py took 0.103 seconds
[2025-02-10T03:11:23.038+0000] {processor.py:186} INFO - Started process (PID=2003) to work on /home/airflow/.local/lib/python3.12/site-packages/airflow/example_dags/example_dag_decorator.py
[2025-02-10T03:11:23.039+0000] {processor.py:914} INFO - Processing file /home/airflow/.local/lib/python3.12/site-packages/airflow/example_dags/example_dag_decorator.py for tasks to queue
[2025-02-10T03:11:23.040+0000] {logging_mixin.py:190} INFO - [2025-02-10T03:11:23.040+0000] {dagbag.py:588} INFO - Filling up the DagBag from /home/airflow/.local/lib/python3.12/site-packages/airflow/example_dags/example_dag_decorator.py
[2025-02-10T03:11:23.047+0000] {processor.py:925} INFO - DAG(s) 'example_dag_decorator' retrieved from /home/airflow/.local/lib/python3.12/site-packages/airflow/example_dags/example_dag_decorator.py
[2025-02-10T03:11:23.118+0000] {logging_mixin.py:190} INFO - [2025-02-10T03:11:23.118+0000] {dag.py:3239} INFO - Sync 1 DAGs
[2025-02-10T03:11:23.125+0000] {logging_mixin.py:190} INFO - [2025-02-10T03:11:23.125+0000] {dag.py:4180} INFO - Setting next_dagrun for example_dag_decorator to None, run_after=None
[2025-02-10T03:11:23.135+0000] {processor.py:208} INFO - Processing /home/airflow/.local/lib/python3.12/site-packages/airflow/example_dags/example_dag_decorator.py took 0.101 seconds
[2025-02-10T03:11:54.006+0000] {processor.py:186} INFO - Started process (PID=2067) to work on /home/airflow/.local/lib/python3.12/site-packages/airflow/example_dags/example_dag_decorator.py
[2025-02-10T03:11:54.007+0000] {processor.py:914} INFO - Processing file /home/airflow/.local/lib/python3.12/site-packages/airflow/example_dags/example_dag_decorator.py for tasks to queue
[2025-02-10T03:11:54.008+0000] {logging_mixin.py:190} INFO - [2025-02-10T03:11:54.008+0000] {dagbag.py:588} INFO - Filling up the DagBag from /home/airflow/.local/lib/python3.12/site-packages/airflow/example_dags/example_dag_decorator.py
[2025-02-10T03:11:54.013+0000] {processor.py:925} INFO - DAG(s) 'example_dag_decorator' retrieved from /home/airflow/.local/lib/python3.12/site-packages/airflow/example_dags/example_dag_decorator.py
[2025-02-10T03:11:54.055+0000] {logging_mixin.py:190} INFO - [2025-02-10T03:11:54.055+0000] {dag.py:3239} INFO - Sync 1 DAGs
[2025-02-10T03:11:54.060+0000] {logging_mixin.py:190} INFO - [2025-02-10T03:11:54.060+0000] {dag.py:4180} INFO - Setting next_dagrun for example_dag_decorator to None, run_after=None
[2025-02-10T03:11:54.066+0000] {processor.py:208} INFO - Processing /home/airflow/.local/lib/python3.12/site-packages/airflow/example_dags/example_dag_decorator.py took 0.062 seconds
[2025-02-10T03:12:24.942+0000] {processor.py:186} INFO - Started process (PID=2131) to work on /home/airflow/.local/lib/python3.12/site-packages/airflow/example_dags/example_dag_decorator.py
[2025-02-10T03:12:24.943+0000] {processor.py:914} INFO - Processing file /home/airflow/.local/lib/python3.12/site-packages/airflow/example_dags/example_dag_decorator.py for tasks to queue
[2025-02-10T03:12:24.944+0000] {logging_mixin.py:190} INFO - [2025-02-10T03:12:24.944+0000] {dagbag.py:588} INFO - Filling up the DagBag from /home/airflow/.local/lib/python3.12/site-packages/airflow/example_dags/example_dag_decorator.py
[2025-02-10T03:12:24.952+0000] {processor.py:925} INFO - DAG(s) 'example_dag_decorator' retrieved from /home/airflow/.local/lib/python3.12/site-packages/airflow/example_dags/example_dag_decorator.py
[2025-02-10T03:12:25.001+0000] {logging_mixin.py:190} INFO - [2025-02-10T03:12:25.001+0000] {dag.py:3239} INFO - Sync 1 DAGs
[2025-02-10T03:12:25.006+0000] {logging_mixin.py:190} INFO - [2025-02-10T03:12:25.006+0000] {dag.py:4180} INFO - Setting next_dagrun for example_dag_decorator to None, run_after=None
[2025-02-10T03:12:25.015+0000] {processor.py:208} INFO - Processing /home/airflow/.local/lib/python3.12/site-packages/airflow/example_dags/example_dag_decorator.py took 0.076 seconds
[2025-02-10T03:12:56.189+0000] {processor.py:186} INFO - Started process (PID=2195) to work on /home/airflow/.local/lib/python3.12/site-packages/airflow/example_dags/example_dag_decorator.py
[2025-02-10T03:12:56.190+0000] {processor.py:914} INFO - Processing file /home/airflow/.local/lib/python3.12/site-packages/airflow/example_dags/example_dag_decorator.py for tasks to queue
[2025-02-10T03:12:56.194+0000] {logging_mixin.py:190} INFO - [2025-02-10T03:12:56.194+0000] {dagbag.py:588} INFO - Filling up the DagBag from /home/airflow/.local/lib/python3.12/site-packages/airflow/example_dags/example_dag_decorator.py
[2025-02-10T03:12:56.204+0000] {processor.py:925} INFO - DAG(s) 'example_dag_decorator' retrieved from /home/airflow/.local/lib/python3.12/site-packages/airflow/example_dags/example_dag_decorator.py
[2025-02-10T03:12:56.269+0000] {logging_mixin.py:190} INFO - [2025-02-10T03:12:56.268+0000] {dag.py:3239} INFO - Sync 1 DAGs
[2025-02-10T03:12:56.275+0000] {logging_mixin.py:190} INFO - [2025-02-10T03:12:56.275+0000] {dag.py:4180} INFO - Setting next_dagrun for example_dag_decorator to None, run_after=None
[2025-02-10T03:12:56.288+0000] {processor.py:208} INFO - Processing /home/airflow/.local/lib/python3.12/site-packages/airflow/example_dags/example_dag_decorator.py took 0.103 seconds
[2025-02-10T03:13:26.888+0000] {processor.py:186} INFO - Started process (PID=2259) to work on /home/airflow/.local/lib/python3.12/site-packages/airflow/example_dags/example_dag_decorator.py
[2025-02-10T03:13:26.889+0000] {processor.py:914} INFO - Processing file /home/airflow/.local/lib/python3.12/site-packages/airflow/example_dags/example_dag_decorator.py for tasks to queue
[2025-02-10T03:13:26.890+0000] {logging_mixin.py:190} INFO - [2025-02-10T03:13:26.890+0000] {dagbag.py:588} INFO - Filling up the DagBag from /home/airflow/.local/lib/python3.12/site-packages/airflow/example_dags/example_dag_decorator.py
[2025-02-10T03:13:26.900+0000] {processor.py:925} INFO - DAG(s) 'example_dag_decorator' retrieved from /home/airflow/.local/lib/python3.12/site-packages/airflow/example_dags/example_dag_decorator.py
[2025-02-10T03:13:26.958+0000] {logging_mixin.py:190} INFO - [2025-02-10T03:13:26.957+0000] {dag.py:3239} INFO - Sync 1 DAGs
[2025-02-10T03:13:26.965+0000] {logging_mixin.py:190} INFO - [2025-02-10T03:13:26.965+0000] {dag.py:4180} INFO - Setting next_dagrun for example_dag_decorator to None, run_after=None
[2025-02-10T03:13:26.979+0000] {processor.py:208} INFO - Processing /home/airflow/.local/lib/python3.12/site-packages/airflow/example_dags/example_dag_decorator.py took 0.093 seconds
[2025-02-10T03:13:58.046+0000] {processor.py:186} INFO - Started process (PID=2323) to work on /home/airflow/.local/lib/python3.12/site-packages/airflow/example_dags/example_dag_decorator.py
[2025-02-10T03:13:58.047+0000] {processor.py:914} INFO - Processing file /home/airflow/.local/lib/python3.12/site-packages/airflow/example_dags/example_dag_decorator.py for tasks to queue
[2025-02-10T03:13:58.048+0000] {logging_mixin.py:190} INFO - [2025-02-10T03:13:58.048+0000] {dagbag.py:588} INFO - Filling up the DagBag from /home/airflow/.local/lib/python3.12/site-packages/airflow/example_dags/example_dag_decorator.py
[2025-02-10T03:13:58.053+0000] {processor.py:925} INFO - DAG(s) 'example_dag_decorator' retrieved from /home/airflow/.local/lib/python3.12/site-packages/airflow/example_dags/example_dag_decorator.py
[2025-02-10T03:13:58.118+0000] {logging_mixin.py:190} INFO - [2025-02-10T03:13:58.118+0000] {dag.py:3239} INFO - Sync 1 DAGs
[2025-02-10T03:13:58.123+0000] {logging_mixin.py:190} INFO - [2025-02-10T03:13:58.123+0000] {dag.py:4180} INFO - Setting next_dagrun for example_dag_decorator to None, run_after=None
[2025-02-10T03:13:58.133+0000] {processor.py:208} INFO - Processing /home/airflow/.local/lib/python3.12/site-packages/airflow/example_dags/example_dag_decorator.py took 0.090 seconds
[2025-02-10T03:14:29.784+0000] {processor.py:186} INFO - Started process (PID=2387) to work on /home/airflow/.local/lib/python3.12/site-packages/airflow/example_dags/example_dag_decorator.py
[2025-02-10T03:14:29.785+0000] {processor.py:914} INFO - Processing file /home/airflow/.local/lib/python3.12/site-packages/airflow/example_dags/example_dag_decorator.py for tasks to queue
[2025-02-10T03:14:29.786+0000] {logging_mixin.py:190} INFO - [2025-02-10T03:14:29.786+0000] {dagbag.py:588} INFO - Filling up the DagBag from /home/airflow/.local/lib/python3.12/site-packages/airflow/example_dags/example_dag_decorator.py
[2025-02-10T03:14:29.792+0000] {processor.py:925} INFO - DAG(s) 'example_dag_decorator' retrieved from /home/airflow/.local/lib/python3.12/site-packages/airflow/example_dags/example_dag_decorator.py
[2025-02-10T03:14:29.861+0000] {logging_mixin.py:190} INFO - [2025-02-10T03:14:29.861+0000] {dag.py:3239} INFO - Sync 1 DAGs
[2025-02-10T03:14:29.868+0000] {logging_mixin.py:190} INFO - [2025-02-10T03:14:29.868+0000] {dag.py:4180} INFO - Setting next_dagrun for example_dag_decorator to None, run_after=None
[2025-02-10T03:14:29.876+0000] {processor.py:208} INFO - Processing /home/airflow/.local/lib/python3.12/site-packages/airflow/example_dags/example_dag_decorator.py took 0.095 seconds
[2025-02-10T03:15:00.637+0000] {processor.py:186} INFO - Started process (PID=2451) to work on /home/airflow/.local/lib/python3.12/site-packages/airflow/example_dags/example_dag_decorator.py
[2025-02-10T03:15:00.638+0000] {processor.py:914} INFO - Processing file /home/airflow/.local/lib/python3.12/site-packages/airflow/example_dags/example_dag_decorator.py for tasks to queue
[2025-02-10T03:15:00.640+0000] {logging_mixin.py:190} INFO - [2025-02-10T03:15:00.640+0000] {dagbag.py:588} INFO - Filling up the DagBag from /home/airflow/.local/lib/python3.12/site-packages/airflow/example_dags/example_dag_decorator.py
[2025-02-10T03:15:00.649+0000] {processor.py:925} INFO - DAG(s) 'example_dag_decorator' retrieved from /home/airflow/.local/lib/python3.12/site-packages/airflow/example_dags/example_dag_decorator.py
[2025-02-10T03:15:00.745+0000] {logging_mixin.py:190} INFO - [2025-02-10T03:15:00.745+0000] {dag.py:3239} INFO - Sync 1 DAGs
[2025-02-10T03:15:00.751+0000] {logging_mixin.py:190} INFO - [2025-02-10T03:15:00.751+0000] {dag.py:4180} INFO - Setting next_dagrun for example_dag_decorator to None, run_after=None
[2025-02-10T03:15:00.764+0000] {processor.py:208} INFO - Processing /home/airflow/.local/lib/python3.12/site-packages/airflow/example_dags/example_dag_decorator.py took 0.134 seconds
[2025-02-10T03:15:31.459+0000] {processor.py:186} INFO - Started process (PID=2514) to work on /home/airflow/.local/lib/python3.12/site-packages/airflow/example_dags/example_dag_decorator.py
[2025-02-10T03:15:31.461+0000] {processor.py:914} INFO - Processing file /home/airflow/.local/lib/python3.12/site-packages/airflow/example_dags/example_dag_decorator.py for tasks to queue
[2025-02-10T03:15:31.462+0000] {logging_mixin.py:190} INFO - [2025-02-10T03:15:31.462+0000] {dagbag.py:588} INFO - Filling up the DagBag from /home/airflow/.local/lib/python3.12/site-packages/airflow/example_dags/example_dag_decorator.py
[2025-02-10T03:15:31.475+0000] {processor.py:925} INFO - DAG(s) 'example_dag_decorator' retrieved from /home/airflow/.local/lib/python3.12/site-packages/airflow/example_dags/example_dag_decorator.py
[2025-02-10T03:15:31.538+0000] {logging_mixin.py:190} INFO - [2025-02-10T03:15:31.538+0000] {dag.py:3239} INFO - Sync 1 DAGs
[2025-02-10T03:15:31.543+0000] {logging_mixin.py:190} INFO - [2025-02-10T03:15:31.543+0000] {dag.py:4180} INFO - Setting next_dagrun for example_dag_decorator to None, run_after=None
[2025-02-10T03:15:31.558+0000] {processor.py:208} INFO - Processing /home/airflow/.local/lib/python3.12/site-packages/airflow/example_dags/example_dag_decorator.py took 0.104 seconds
