[2025-02-10T02:55:48.375+0000] {processor.py:186} INFO - Started process (PID=81) to work on /home/airflow/.local/lib/python3.12/site-packages/airflow/example_dags/example_bash_operator.py
[2025-02-10T02:55:48.376+0000] {processor.py:914} INFO - Processing file /home/airflow/.local/lib/python3.12/site-packages/airflow/example_dags/example_bash_operator.py for tasks to queue
[2025-02-10T02:55:48.378+0000] {logging_mixin.py:190} INFO - [2025-02-10T02:55:48.377+0000] {dagbag.py:588} INFO - Filling up the DagBag from /home/airflow/.local/lib/python3.12/site-packages/airflow/example_dags/example_bash_operator.py
[2025-02-10T02:55:48.390+0000] {processor.py:925} INFO - DAG(s) 'example_bash_operator' retrieved from /home/airflow/.local/lib/python3.12/site-packages/airflow/example_dags/example_bash_operator.py
[2025-02-10T02:55:48.477+0000] {logging_mixin.py:190} INFO - [2025-02-10T02:55:48.477+0000] {override.py:1911} INFO - Created Permission View: can read on DAG:example_bash_operator
[2025-02-10T02:55:48.486+0000] {logging_mixin.py:190} INFO - [2025-02-10T02:55:48.485+0000] {override.py:1911} INFO - Created Permission View: can edit on DAG:example_bash_operator
[2025-02-10T02:55:48.491+0000] {logging_mixin.py:190} INFO - [2025-02-10T02:55:48.491+0000] {override.py:1911} INFO - Created Permission View: can delete on DAG:example_bash_operator
[2025-02-10T02:55:48.496+0000] {logging_mixin.py:190} INFO - [2025-02-10T02:55:48.496+0000] {override.py:1911} INFO - Created Permission View: can read on DAG Run:example_bash_operator
[2025-02-10T02:55:48.500+0000] {logging_mixin.py:190} INFO - [2025-02-10T02:55:48.500+0000] {override.py:1911} INFO - Created Permission View: can delete on DAG Run:example_bash_operator
[2025-02-10T02:55:48.503+0000] {logging_mixin.py:190} INFO - [2025-02-10T02:55:48.503+0000] {override.py:1911} INFO - Created Permission View: menu access on DAG Run:example_bash_operator
[2025-02-10T02:55:48.506+0000] {logging_mixin.py:190} INFO - [2025-02-10T02:55:48.505+0000] {override.py:1911} INFO - Created Permission View: can create on DAG Run:example_bash_operator
[2025-02-10T02:55:48.506+0000] {logging_mixin.py:190} INFO - [2025-02-10T02:55:48.506+0000] {dag.py:3239} INFO - Sync 1 DAGs
[2025-02-10T02:55:48.513+0000] {logging_mixin.py:190} INFO - [2025-02-10T02:55:48.513+0000] {dag.py:3262} INFO - Creating ORM DAG for example_bash_operator
[2025-02-10T02:55:48.519+0000] {logging_mixin.py:190} INFO - [2025-02-10T02:55:48.519+0000] {dag.py:4180} INFO - Setting next_dagrun for example_bash_operator to 2025-02-09 00:00:00+00:00, run_after=2025-02-10 00:00:00+00:00
[2025-02-10T02:55:48.532+0000] {processor.py:208} INFO - Processing /home/airflow/.local/lib/python3.12/site-packages/airflow/example_dags/example_bash_operator.py took 0.165 seconds
[2025-02-10T02:56:19.268+0000] {processor.py:186} INFO - Started process (PID=145) to work on /home/airflow/.local/lib/python3.12/site-packages/airflow/example_dags/example_bash_operator.py
[2025-02-10T02:56:19.268+0000] {processor.py:914} INFO - Processing file /home/airflow/.local/lib/python3.12/site-packages/airflow/example_dags/example_bash_operator.py for tasks to queue
[2025-02-10T02:56:19.269+0000] {logging_mixin.py:190} INFO - [2025-02-10T02:56:19.269+0000] {dagbag.py:588} INFO - Filling up the DagBag from /home/airflow/.local/lib/python3.12/site-packages/airflow/example_dags/example_bash_operator.py
[2025-02-10T02:56:19.276+0000] {processor.py:925} INFO - DAG(s) 'example_bash_operator' retrieved from /home/airflow/.local/lib/python3.12/site-packages/airflow/example_dags/example_bash_operator.py
[2025-02-10T02:56:19.289+0000] {logging_mixin.py:190} INFO - [2025-02-10T02:56:19.288+0000] {dag.py:3239} INFO - Sync 1 DAGs
[2025-02-10T02:56:19.304+0000] {logging_mixin.py:190} INFO - [2025-02-10T02:56:19.304+0000] {dag.py:4180} INFO - Setting next_dagrun for example_bash_operator to 2025-02-09 00:00:00+00:00, run_after=2025-02-10 00:00:00+00:00
[2025-02-10T02:56:19.316+0000] {processor.py:208} INFO - Processing /home/airflow/.local/lib/python3.12/site-packages/airflow/example_dags/example_bash_operator.py took 0.051 seconds
[2025-02-10T02:56:50.270+0000] {processor.py:186} INFO - Started process (PID=209) to work on /home/airflow/.local/lib/python3.12/site-packages/airflow/example_dags/example_bash_operator.py
[2025-02-10T02:56:50.271+0000] {processor.py:914} INFO - Processing file /home/airflow/.local/lib/python3.12/site-packages/airflow/example_dags/example_bash_operator.py for tasks to queue
[2025-02-10T02:56:50.274+0000] {logging_mixin.py:190} INFO - [2025-02-10T02:56:50.274+0000] {dagbag.py:588} INFO - Filling up the DagBag from /home/airflow/.local/lib/python3.12/site-packages/airflow/example_dags/example_bash_operator.py
[2025-02-10T02:56:50.283+0000] {processor.py:925} INFO - DAG(s) 'example_bash_operator' retrieved from /home/airflow/.local/lib/python3.12/site-packages/airflow/example_dags/example_bash_operator.py
[2025-02-10T02:56:50.308+0000] {logging_mixin.py:190} INFO - [2025-02-10T02:56:50.308+0000] {dag.py:3239} INFO - Sync 1 DAGs
[2025-02-10T02:56:50.325+0000] {logging_mixin.py:190} INFO - [2025-02-10T02:56:50.325+0000] {dag.py:4180} INFO - Setting next_dagrun for example_bash_operator to 2025-02-09 00:00:00+00:00, run_after=2025-02-10 00:00:00+00:00
[2025-02-10T02:56:50.333+0000] {processor.py:208} INFO - Processing /home/airflow/.local/lib/python3.12/site-packages/airflow/example_dags/example_bash_operator.py took 0.072 seconds
[2025-02-10T02:57:20.380+0000] {processor.py:186} INFO - Started process (PID=271) to work on /home/airflow/.local/lib/python3.12/site-packages/airflow/example_dags/example_bash_operator.py
[2025-02-10T02:57:20.380+0000] {processor.py:914} INFO - Processing file /home/airflow/.local/lib/python3.12/site-packages/airflow/example_dags/example_bash_operator.py for tasks to queue
[2025-02-10T02:57:20.382+0000] {logging_mixin.py:190} INFO - [2025-02-10T02:57:20.382+0000] {dagbag.py:588} INFO - Filling up the DagBag from /home/airflow/.local/lib/python3.12/site-packages/airflow/example_dags/example_bash_operator.py
[2025-02-10T02:57:20.394+0000] {processor.py:925} INFO - DAG(s) 'example_bash_operator' retrieved from /home/airflow/.local/lib/python3.12/site-packages/airflow/example_dags/example_bash_operator.py
[2025-02-10T02:57:20.414+0000] {logging_mixin.py:190} INFO - [2025-02-10T02:57:20.414+0000] {dag.py:3239} INFO - Sync 1 DAGs
[2025-02-10T02:57:20.427+0000] {logging_mixin.py:190} INFO - [2025-02-10T02:57:20.426+0000] {dag.py:4180} INFO - Setting next_dagrun for example_bash_operator to 2025-02-09 00:00:00+00:00, run_after=2025-02-10 00:00:00+00:00
[2025-02-10T02:57:20.434+0000] {processor.py:208} INFO - Processing /home/airflow/.local/lib/python3.12/site-packages/airflow/example_dags/example_bash_operator.py took 0.057 seconds
[2025-02-10T02:57:51.753+0000] {processor.py:186} INFO - Started process (PID=336) to work on /home/airflow/.local/lib/python3.12/site-packages/airflow/example_dags/example_bash_operator.py
[2025-02-10T02:57:51.754+0000] {processor.py:914} INFO - Processing file /home/airflow/.local/lib/python3.12/site-packages/airflow/example_dags/example_bash_operator.py for tasks to queue
[2025-02-10T02:57:51.758+0000] {logging_mixin.py:190} INFO - [2025-02-10T02:57:51.757+0000] {dagbag.py:588} INFO - Filling up the DagBag from /home/airflow/.local/lib/python3.12/site-packages/airflow/example_dags/example_bash_operator.py
[2025-02-10T02:57:51.780+0000] {processor.py:925} INFO - DAG(s) 'example_bash_operator' retrieved from /home/airflow/.local/lib/python3.12/site-packages/airflow/example_dags/example_bash_operator.py
[2025-02-10T02:57:51.803+0000] {logging_mixin.py:190} INFO - [2025-02-10T02:57:51.803+0000] {dag.py:3239} INFO - Sync 1 DAGs
[2025-02-10T02:57:51.822+0000] {logging_mixin.py:190} INFO - [2025-02-10T02:57:51.822+0000] {dag.py:4180} INFO - Setting next_dagrun for example_bash_operator to 2025-02-09 00:00:00+00:00, run_after=2025-02-10 00:00:00+00:00
[2025-02-10T02:57:51.834+0000] {processor.py:208} INFO - Processing /home/airflow/.local/lib/python3.12/site-packages/airflow/example_dags/example_bash_operator.py took 0.087 seconds
[2025-02-10T02:58:22.688+0000] {processor.py:186} INFO - Started process (PID=400) to work on /home/airflow/.local/lib/python3.12/site-packages/airflow/example_dags/example_bash_operator.py
[2025-02-10T02:58:22.690+0000] {processor.py:914} INFO - Processing file /home/airflow/.local/lib/python3.12/site-packages/airflow/example_dags/example_bash_operator.py for tasks to queue
[2025-02-10T02:58:22.691+0000] {logging_mixin.py:190} INFO - [2025-02-10T02:58:22.691+0000] {dagbag.py:588} INFO - Filling up the DagBag from /home/airflow/.local/lib/python3.12/site-packages/airflow/example_dags/example_bash_operator.py
[2025-02-10T02:58:22.698+0000] {processor.py:925} INFO - DAG(s) 'example_bash_operator' retrieved from /home/airflow/.local/lib/python3.12/site-packages/airflow/example_dags/example_bash_operator.py
[2025-02-10T02:58:22.711+0000] {logging_mixin.py:190} INFO - [2025-02-10T02:58:22.711+0000] {dag.py:3239} INFO - Sync 1 DAGs
[2025-02-10T02:58:22.723+0000] {logging_mixin.py:190} INFO - [2025-02-10T02:58:22.723+0000] {dag.py:4180} INFO - Setting next_dagrun for example_bash_operator to 2025-02-09 00:00:00+00:00, run_after=2025-02-10 00:00:00+00:00
[2025-02-10T02:58:22.734+0000] {processor.py:208} INFO - Processing /home/airflow/.local/lib/python3.12/site-packages/airflow/example_dags/example_bash_operator.py took 0.049 seconds
[2025-02-10T02:58:53.474+0000] {processor.py:186} INFO - Started process (PID=464) to work on /home/airflow/.local/lib/python3.12/site-packages/airflow/example_dags/example_bash_operator.py
[2025-02-10T02:58:53.475+0000] {processor.py:914} INFO - Processing file /home/airflow/.local/lib/python3.12/site-packages/airflow/example_dags/example_bash_operator.py for tasks to queue
[2025-02-10T02:58:53.477+0000] {logging_mixin.py:190} INFO - [2025-02-10T02:58:53.477+0000] {dagbag.py:588} INFO - Filling up the DagBag from /home/airflow/.local/lib/python3.12/site-packages/airflow/example_dags/example_bash_operator.py
[2025-02-10T02:58:53.484+0000] {processor.py:925} INFO - DAG(s) 'example_bash_operator' retrieved from /home/airflow/.local/lib/python3.12/site-packages/airflow/example_dags/example_bash_operator.py
[2025-02-10T02:58:53.496+0000] {logging_mixin.py:190} INFO - [2025-02-10T02:58:53.496+0000] {dag.py:3239} INFO - Sync 1 DAGs
[2025-02-10T02:58:53.508+0000] {logging_mixin.py:190} INFO - [2025-02-10T02:58:53.508+0000] {dag.py:4180} INFO - Setting next_dagrun for example_bash_operator to 2025-02-09 00:00:00+00:00, run_after=2025-02-10 00:00:00+00:00
[2025-02-10T02:58:53.520+0000] {processor.py:208} INFO - Processing /home/airflow/.local/lib/python3.12/site-packages/airflow/example_dags/example_bash_operator.py took 0.049 seconds
[2025-02-10T02:59:24.762+0000] {processor.py:186} INFO - Started process (PID=528) to work on /home/airflow/.local/lib/python3.12/site-packages/airflow/example_dags/example_bash_operator.py
[2025-02-10T02:59:24.763+0000] {processor.py:914} INFO - Processing file /home/airflow/.local/lib/python3.12/site-packages/airflow/example_dags/example_bash_operator.py for tasks to queue
[2025-02-10T02:59:24.764+0000] {logging_mixin.py:190} INFO - [2025-02-10T02:59:24.764+0000] {dagbag.py:588} INFO - Filling up the DagBag from /home/airflow/.local/lib/python3.12/site-packages/airflow/example_dags/example_bash_operator.py
[2025-02-10T02:59:24.778+0000] {processor.py:925} INFO - DAG(s) 'example_bash_operator' retrieved from /home/airflow/.local/lib/python3.12/site-packages/airflow/example_dags/example_bash_operator.py
[2025-02-10T02:59:24.798+0000] {logging_mixin.py:190} INFO - [2025-02-10T02:59:24.798+0000] {dag.py:3239} INFO - Sync 1 DAGs
[2025-02-10T02:59:24.814+0000] {logging_mixin.py:190} INFO - [2025-02-10T02:59:24.814+0000] {dag.py:4180} INFO - Setting next_dagrun for example_bash_operator to 2025-02-09 00:00:00+00:00, run_after=2025-02-10 00:00:00+00:00
[2025-02-10T02:59:24.830+0000] {processor.py:208} INFO - Processing /home/airflow/.local/lib/python3.12/site-packages/airflow/example_dags/example_bash_operator.py took 0.074 seconds
[2025-02-10T02:59:56.030+0000] {processor.py:186} INFO - Started process (PID=592) to work on /home/airflow/.local/lib/python3.12/site-packages/airflow/example_dags/example_bash_operator.py
[2025-02-10T02:59:56.030+0000] {processor.py:914} INFO - Processing file /home/airflow/.local/lib/python3.12/site-packages/airflow/example_dags/example_bash_operator.py for tasks to queue
[2025-02-10T02:59:56.031+0000] {logging_mixin.py:190} INFO - [2025-02-10T02:59:56.031+0000] {dagbag.py:588} INFO - Filling up the DagBag from /home/airflow/.local/lib/python3.12/site-packages/airflow/example_dags/example_bash_operator.py
[2025-02-10T02:59:56.039+0000] {processor.py:925} INFO - DAG(s) 'example_bash_operator' retrieved from /home/airflow/.local/lib/python3.12/site-packages/airflow/example_dags/example_bash_operator.py
[2025-02-10T02:59:56.052+0000] {logging_mixin.py:190} INFO - [2025-02-10T02:59:56.052+0000] {dag.py:3239} INFO - Sync 1 DAGs
[2025-02-10T02:59:56.078+0000] {logging_mixin.py:190} INFO - [2025-02-10T02:59:56.078+0000] {dag.py:4180} INFO - Setting next_dagrun for example_bash_operator to 2025-02-09 00:00:00+00:00, run_after=2025-02-10 00:00:00+00:00
[2025-02-10T02:59:56.093+0000] {processor.py:208} INFO - Processing /home/airflow/.local/lib/python3.12/site-packages/airflow/example_dags/example_bash_operator.py took 0.066 seconds
[2025-02-10T03:00:28.130+0000] {processor.py:186} INFO - Started process (PID=656) to work on /home/airflow/.local/lib/python3.12/site-packages/airflow/example_dags/example_bash_operator.py
[2025-02-10T03:00:28.131+0000] {processor.py:914} INFO - Processing file /home/airflow/.local/lib/python3.12/site-packages/airflow/example_dags/example_bash_operator.py for tasks to queue
[2025-02-10T03:00:28.134+0000] {logging_mixin.py:190} INFO - [2025-02-10T03:00:28.133+0000] {dagbag.py:588} INFO - Filling up the DagBag from /home/airflow/.local/lib/python3.12/site-packages/airflow/example_dags/example_bash_operator.py
[2025-02-10T03:00:28.155+0000] {processor.py:925} INFO - DAG(s) 'example_bash_operator' retrieved from /home/airflow/.local/lib/python3.12/site-packages/airflow/example_dags/example_bash_operator.py
[2025-02-10T03:00:28.177+0000] {logging_mixin.py:190} INFO - [2025-02-10T03:00:28.177+0000] {dag.py:3239} INFO - Sync 1 DAGs
[2025-02-10T03:00:28.191+0000] {logging_mixin.py:190} INFO - [2025-02-10T03:00:28.191+0000] {dag.py:4180} INFO - Setting next_dagrun for example_bash_operator to 2025-02-09 00:00:00+00:00, run_after=2025-02-10 00:00:00+00:00
[2025-02-10T03:00:28.207+0000] {processor.py:208} INFO - Processing /home/airflow/.local/lib/python3.12/site-packages/airflow/example_dags/example_bash_operator.py took 0.082 seconds
[2025-02-10T03:00:59.628+0000] {processor.py:186} INFO - Started process (PID=720) to work on /home/airflow/.local/lib/python3.12/site-packages/airflow/example_dags/example_bash_operator.py
[2025-02-10T03:00:59.629+0000] {processor.py:914} INFO - Processing file /home/airflow/.local/lib/python3.12/site-packages/airflow/example_dags/example_bash_operator.py for tasks to queue
[2025-02-10T03:00:59.631+0000] {logging_mixin.py:190} INFO - [2025-02-10T03:00:59.631+0000] {dagbag.py:588} INFO - Filling up the DagBag from /home/airflow/.local/lib/python3.12/site-packages/airflow/example_dags/example_bash_operator.py
[2025-02-10T03:00:59.640+0000] {processor.py:925} INFO - DAG(s) 'example_bash_operator' retrieved from /home/airflow/.local/lib/python3.12/site-packages/airflow/example_dags/example_bash_operator.py
[2025-02-10T03:00:59.658+0000] {logging_mixin.py:190} INFO - [2025-02-10T03:00:59.658+0000] {dag.py:3239} INFO - Sync 1 DAGs
[2025-02-10T03:00:59.671+0000] {logging_mixin.py:190} INFO - [2025-02-10T03:00:59.671+0000] {dag.py:4180} INFO - Setting next_dagrun for example_bash_operator to 2025-02-09 00:00:00+00:00, run_after=2025-02-10 00:00:00+00:00
[2025-02-10T03:00:59.682+0000] {processor.py:208} INFO - Processing /home/airflow/.local/lib/python3.12/site-packages/airflow/example_dags/example_bash_operator.py took 0.059 seconds
[2025-02-10T03:01:30.731+0000] {processor.py:186} INFO - Started process (PID=784) to work on /home/airflow/.local/lib/python3.12/site-packages/airflow/example_dags/example_bash_operator.py
[2025-02-10T03:01:30.732+0000] {processor.py:914} INFO - Processing file /home/airflow/.local/lib/python3.12/site-packages/airflow/example_dags/example_bash_operator.py for tasks to queue
[2025-02-10T03:01:30.734+0000] {logging_mixin.py:190} INFO - [2025-02-10T03:01:30.734+0000] {dagbag.py:588} INFO - Filling up the DagBag from /home/airflow/.local/lib/python3.12/site-packages/airflow/example_dags/example_bash_operator.py
[2025-02-10T03:01:30.740+0000] {processor.py:925} INFO - DAG(s) 'example_bash_operator' retrieved from /home/airflow/.local/lib/python3.12/site-packages/airflow/example_dags/example_bash_operator.py
[2025-02-10T03:01:30.762+0000] {logging_mixin.py:190} INFO - [2025-02-10T03:01:30.761+0000] {dag.py:3239} INFO - Sync 1 DAGs
[2025-02-10T03:01:30.780+0000] {logging_mixin.py:190} INFO - [2025-02-10T03:01:30.780+0000] {dag.py:4180} INFO - Setting next_dagrun for example_bash_operator to 2025-02-09 00:00:00+00:00, run_after=2025-02-10 00:00:00+00:00
[2025-02-10T03:01:30.792+0000] {processor.py:208} INFO - Processing /home/airflow/.local/lib/python3.12/site-packages/airflow/example_dags/example_bash_operator.py took 0.064 seconds
[2025-02-10T03:02:02.137+0000] {processor.py:186} INFO - Started process (PID=848) to work on /home/airflow/.local/lib/python3.12/site-packages/airflow/example_dags/example_bash_operator.py
[2025-02-10T03:02:02.139+0000] {processor.py:914} INFO - Processing file /home/airflow/.local/lib/python3.12/site-packages/airflow/example_dags/example_bash_operator.py for tasks to queue
[2025-02-10T03:02:02.140+0000] {logging_mixin.py:190} INFO - [2025-02-10T03:02:02.140+0000] {dagbag.py:588} INFO - Filling up the DagBag from /home/airflow/.local/lib/python3.12/site-packages/airflow/example_dags/example_bash_operator.py
[2025-02-10T03:02:02.149+0000] {processor.py:925} INFO - DAG(s) 'example_bash_operator' retrieved from /home/airflow/.local/lib/python3.12/site-packages/airflow/example_dags/example_bash_operator.py
[2025-02-10T03:02:02.165+0000] {logging_mixin.py:190} INFO - [2025-02-10T03:02:02.165+0000] {dag.py:3239} INFO - Sync 1 DAGs
[2025-02-10T03:02:02.180+0000] {logging_mixin.py:190} INFO - [2025-02-10T03:02:02.180+0000] {dag.py:4180} INFO - Setting next_dagrun for example_bash_operator to 2025-02-09 00:00:00+00:00, run_after=2025-02-10 00:00:00+00:00
[2025-02-10T03:02:02.191+0000] {processor.py:208} INFO - Processing /home/airflow/.local/lib/python3.12/site-packages/airflow/example_dags/example_bash_operator.py took 0.058 seconds
[2025-02-10T03:02:33.602+0000] {processor.py:186} INFO - Started process (PID=912) to work on /home/airflow/.local/lib/python3.12/site-packages/airflow/example_dags/example_bash_operator.py
[2025-02-10T03:02:33.606+0000] {processor.py:914} INFO - Processing file /home/airflow/.local/lib/python3.12/site-packages/airflow/example_dags/example_bash_operator.py for tasks to queue
[2025-02-10T03:02:33.607+0000] {logging_mixin.py:190} INFO - [2025-02-10T03:02:33.607+0000] {dagbag.py:588} INFO - Filling up the DagBag from /home/airflow/.local/lib/python3.12/site-packages/airflow/example_dags/example_bash_operator.py
[2025-02-10T03:02:33.617+0000] {processor.py:925} INFO - DAG(s) 'example_bash_operator' retrieved from /home/airflow/.local/lib/python3.12/site-packages/airflow/example_dags/example_bash_operator.py
[2025-02-10T03:02:33.633+0000] {logging_mixin.py:190} INFO - [2025-02-10T03:02:33.633+0000] {dag.py:3239} INFO - Sync 1 DAGs
[2025-02-10T03:02:33.647+0000] {logging_mixin.py:190} INFO - [2025-02-10T03:02:33.647+0000] {dag.py:4180} INFO - Setting next_dagrun for example_bash_operator to 2025-02-09 00:00:00+00:00, run_after=2025-02-10 00:00:00+00:00
[2025-02-10T03:02:33.657+0000] {processor.py:208} INFO - Processing /home/airflow/.local/lib/python3.12/site-packages/airflow/example_dags/example_bash_operator.py took 0.061 seconds
[2025-02-10T03:03:05.084+0000] {processor.py:186} INFO - Started process (PID=976) to work on /home/airflow/.local/lib/python3.12/site-packages/airflow/example_dags/example_bash_operator.py
[2025-02-10T03:03:05.090+0000] {processor.py:914} INFO - Processing file /home/airflow/.local/lib/python3.12/site-packages/airflow/example_dags/example_bash_operator.py for tasks to queue
[2025-02-10T03:03:05.096+0000] {logging_mixin.py:190} INFO - [2025-02-10T03:03:05.096+0000] {dagbag.py:588} INFO - Filling up the DagBag from /home/airflow/.local/lib/python3.12/site-packages/airflow/example_dags/example_bash_operator.py
[2025-02-10T03:03:05.117+0000] {processor.py:925} INFO - DAG(s) 'example_bash_operator' retrieved from /home/airflow/.local/lib/python3.12/site-packages/airflow/example_dags/example_bash_operator.py
[2025-02-10T03:03:05.141+0000] {logging_mixin.py:190} INFO - [2025-02-10T03:03:05.141+0000] {dag.py:3239} INFO - Sync 1 DAGs
[2025-02-10T03:03:05.157+0000] {logging_mixin.py:190} INFO - [2025-02-10T03:03:05.157+0000] {dag.py:4180} INFO - Setting next_dagrun for example_bash_operator to 2025-02-09 00:00:00+00:00, run_after=2025-02-10 00:00:00+00:00
[2025-02-10T03:03:05.164+0000] {processor.py:208} INFO - Processing /home/airflow/.local/lib/python3.12/site-packages/airflow/example_dags/example_bash_operator.py took 0.084 seconds
[2025-02-10T03:03:36.878+0000] {processor.py:186} INFO - Started process (PID=1040) to work on /home/airflow/.local/lib/python3.12/site-packages/airflow/example_dags/example_bash_operator.py
[2025-02-10T03:03:36.880+0000] {processor.py:914} INFO - Processing file /home/airflow/.local/lib/python3.12/site-packages/airflow/example_dags/example_bash_operator.py for tasks to queue
[2025-02-10T03:03:36.882+0000] {logging_mixin.py:190} INFO - [2025-02-10T03:03:36.882+0000] {dagbag.py:588} INFO - Filling up the DagBag from /home/airflow/.local/lib/python3.12/site-packages/airflow/example_dags/example_bash_operator.py
[2025-02-10T03:03:36.896+0000] {processor.py:925} INFO - DAG(s) 'example_bash_operator' retrieved from /home/airflow/.local/lib/python3.12/site-packages/airflow/example_dags/example_bash_operator.py
[2025-02-10T03:03:36.911+0000] {logging_mixin.py:190} INFO - [2025-02-10T03:03:36.911+0000] {dag.py:3239} INFO - Sync 1 DAGs
[2025-02-10T03:03:36.922+0000] {logging_mixin.py:190} INFO - [2025-02-10T03:03:36.922+0000] {dag.py:4180} INFO - Setting next_dagrun for example_bash_operator to 2025-02-09 00:00:00+00:00, run_after=2025-02-10 00:00:00+00:00
[2025-02-10T03:03:36.935+0000] {processor.py:208} INFO - Processing /home/airflow/.local/lib/python3.12/site-packages/airflow/example_dags/example_bash_operator.py took 0.076 seconds
[2025-02-10T03:04:08.675+0000] {processor.py:186} INFO - Started process (PID=1104) to work on /home/airflow/.local/lib/python3.12/site-packages/airflow/example_dags/example_bash_operator.py
[2025-02-10T03:04:08.677+0000] {processor.py:914} INFO - Processing file /home/airflow/.local/lib/python3.12/site-packages/airflow/example_dags/example_bash_operator.py for tasks to queue
[2025-02-10T03:04:08.679+0000] {logging_mixin.py:190} INFO - [2025-02-10T03:04:08.678+0000] {dagbag.py:588} INFO - Filling up the DagBag from /home/airflow/.local/lib/python3.12/site-packages/airflow/example_dags/example_bash_operator.py
[2025-02-10T03:04:08.688+0000] {processor.py:925} INFO - DAG(s) 'example_bash_operator' retrieved from /home/airflow/.local/lib/python3.12/site-packages/airflow/example_dags/example_bash_operator.py
[2025-02-10T03:04:08.707+0000] {logging_mixin.py:190} INFO - [2025-02-10T03:04:08.707+0000] {dag.py:3239} INFO - Sync 1 DAGs
[2025-02-10T03:04:08.719+0000] {logging_mixin.py:190} INFO - [2025-02-10T03:04:08.719+0000] {dag.py:4180} INFO - Setting next_dagrun for example_bash_operator to 2025-02-09 00:00:00+00:00, run_after=2025-02-10 00:00:00+00:00
[2025-02-10T03:04:08.733+0000] {processor.py:208} INFO - Processing /home/airflow/.local/lib/python3.12/site-packages/airflow/example_dags/example_bash_operator.py took 0.078 seconds
[2025-02-10T03:04:39.841+0000] {processor.py:186} INFO - Started process (PID=1168) to work on /home/airflow/.local/lib/python3.12/site-packages/airflow/example_dags/example_bash_operator.py
[2025-02-10T03:04:39.842+0000] {processor.py:914} INFO - Processing file /home/airflow/.local/lib/python3.12/site-packages/airflow/example_dags/example_bash_operator.py for tasks to queue
[2025-02-10T03:04:39.845+0000] {logging_mixin.py:190} INFO - [2025-02-10T03:04:39.845+0000] {dagbag.py:588} INFO - Filling up the DagBag from /home/airflow/.local/lib/python3.12/site-packages/airflow/example_dags/example_bash_operator.py
[2025-02-10T03:04:39.857+0000] {processor.py:925} INFO - DAG(s) 'example_bash_operator' retrieved from /home/airflow/.local/lib/python3.12/site-packages/airflow/example_dags/example_bash_operator.py
[2025-02-10T03:04:39.875+0000] {logging_mixin.py:190} INFO - [2025-02-10T03:04:39.875+0000] {dag.py:3239} INFO - Sync 1 DAGs
[2025-02-10T03:04:39.887+0000] {logging_mixin.py:190} INFO - [2025-02-10T03:04:39.887+0000] {dag.py:4180} INFO - Setting next_dagrun for example_bash_operator to 2025-02-09 00:00:00+00:00, run_after=2025-02-10 00:00:00+00:00
[2025-02-10T03:04:39.897+0000] {processor.py:208} INFO - Processing /home/airflow/.local/lib/python3.12/site-packages/airflow/example_dags/example_bash_operator.py took 0.060 seconds
[2025-02-10T03:05:10.816+0000] {processor.py:186} INFO - Started process (PID=1232) to work on /home/airflow/.local/lib/python3.12/site-packages/airflow/example_dags/example_bash_operator.py
[2025-02-10T03:05:10.817+0000] {processor.py:914} INFO - Processing file /home/airflow/.local/lib/python3.12/site-packages/airflow/example_dags/example_bash_operator.py for tasks to queue
[2025-02-10T03:05:10.818+0000] {logging_mixin.py:190} INFO - [2025-02-10T03:05:10.818+0000] {dagbag.py:588} INFO - Filling up the DagBag from /home/airflow/.local/lib/python3.12/site-packages/airflow/example_dags/example_bash_operator.py
[2025-02-10T03:05:10.857+0000] {processor.py:925} INFO - DAG(s) 'example_bash_operator' retrieved from /home/airflow/.local/lib/python3.12/site-packages/airflow/example_dags/example_bash_operator.py
[2025-02-10T03:05:10.879+0000] {logging_mixin.py:190} INFO - [2025-02-10T03:05:10.879+0000] {dag.py:3239} INFO - Sync 1 DAGs
[2025-02-10T03:05:10.891+0000] {logging_mixin.py:190} INFO - [2025-02-10T03:05:10.891+0000] {dag.py:4180} INFO - Setting next_dagrun for example_bash_operator to 2025-02-09 00:00:00+00:00, run_after=2025-02-10 00:00:00+00:00
[2025-02-10T03:05:10.904+0000] {processor.py:208} INFO - Processing /home/airflow/.local/lib/python3.12/site-packages/airflow/example_dags/example_bash_operator.py took 0.094 seconds
[2025-02-10T03:05:41.885+0000] {processor.py:186} INFO - Started process (PID=1296) to work on /home/airflow/.local/lib/python3.12/site-packages/airflow/example_dags/example_bash_operator.py
[2025-02-10T03:05:41.886+0000] {processor.py:914} INFO - Processing file /home/airflow/.local/lib/python3.12/site-packages/airflow/example_dags/example_bash_operator.py for tasks to queue
[2025-02-10T03:05:41.888+0000] {logging_mixin.py:190} INFO - [2025-02-10T03:05:41.888+0000] {dagbag.py:588} INFO - Filling up the DagBag from /home/airflow/.local/lib/python3.12/site-packages/airflow/example_dags/example_bash_operator.py
[2025-02-10T03:05:41.895+0000] {processor.py:925} INFO - DAG(s) 'example_bash_operator' retrieved from /home/airflow/.local/lib/python3.12/site-packages/airflow/example_dags/example_bash_operator.py
[2025-02-10T03:05:41.909+0000] {logging_mixin.py:190} INFO - [2025-02-10T03:05:41.908+0000] {dag.py:3239} INFO - Sync 1 DAGs
[2025-02-10T03:05:41.925+0000] {logging_mixin.py:190} INFO - [2025-02-10T03:05:41.925+0000] {dag.py:4180} INFO - Setting next_dagrun for example_bash_operator to 2025-02-09 00:00:00+00:00, run_after=2025-02-10 00:00:00+00:00
[2025-02-10T03:05:41.935+0000] {processor.py:208} INFO - Processing /home/airflow/.local/lib/python3.12/site-packages/airflow/example_dags/example_bash_operator.py took 0.054 seconds
[2025-02-10T03:06:13.070+0000] {processor.py:186} INFO - Started process (PID=1360) to work on /home/airflow/.local/lib/python3.12/site-packages/airflow/example_dags/example_bash_operator.py
[2025-02-10T03:06:13.070+0000] {processor.py:914} INFO - Processing file /home/airflow/.local/lib/python3.12/site-packages/airflow/example_dags/example_bash_operator.py for tasks to queue
[2025-02-10T03:06:13.071+0000] {logging_mixin.py:190} INFO - [2025-02-10T03:06:13.071+0000] {dagbag.py:588} INFO - Filling up the DagBag from /home/airflow/.local/lib/python3.12/site-packages/airflow/example_dags/example_bash_operator.py
[2025-02-10T03:06:13.077+0000] {processor.py:925} INFO - DAG(s) 'example_bash_operator' retrieved from /home/airflow/.local/lib/python3.12/site-packages/airflow/example_dags/example_bash_operator.py
[2025-02-10T03:06:13.088+0000] {logging_mixin.py:190} INFO - [2025-02-10T03:06:13.088+0000] {dag.py:3239} INFO - Sync 1 DAGs
[2025-02-10T03:06:13.098+0000] {logging_mixin.py:190} INFO - [2025-02-10T03:06:13.098+0000] {dag.py:4180} INFO - Setting next_dagrun for example_bash_operator to 2025-02-09 00:00:00+00:00, run_after=2025-02-10 00:00:00+00:00
[2025-02-10T03:06:13.105+0000] {processor.py:208} INFO - Processing /home/airflow/.local/lib/python3.12/site-packages/airflow/example_dags/example_bash_operator.py took 0.037 seconds
[2025-02-10T03:06:45.067+0000] {processor.py:186} INFO - Started process (PID=1424) to work on /home/airflow/.local/lib/python3.12/site-packages/airflow/example_dags/example_bash_operator.py
[2025-02-10T03:06:45.067+0000] {processor.py:914} INFO - Processing file /home/airflow/.local/lib/python3.12/site-packages/airflow/example_dags/example_bash_operator.py for tasks to queue
[2025-02-10T03:06:45.069+0000] {logging_mixin.py:190} INFO - [2025-02-10T03:06:45.069+0000] {dagbag.py:588} INFO - Filling up the DagBag from /home/airflow/.local/lib/python3.12/site-packages/airflow/example_dags/example_bash_operator.py
[2025-02-10T03:06:45.076+0000] {processor.py:925} INFO - DAG(s) 'example_bash_operator' retrieved from /home/airflow/.local/lib/python3.12/site-packages/airflow/example_dags/example_bash_operator.py
[2025-02-10T03:06:45.090+0000] {logging_mixin.py:190} INFO - [2025-02-10T03:06:45.090+0000] {dag.py:3239} INFO - Sync 1 DAGs
[2025-02-10T03:06:45.103+0000] {logging_mixin.py:190} INFO - [2025-02-10T03:06:45.103+0000] {dag.py:4180} INFO - Setting next_dagrun for example_bash_operator to 2025-02-09 00:00:00+00:00, run_after=2025-02-10 00:00:00+00:00
[2025-02-10T03:06:45.113+0000] {processor.py:208} INFO - Processing /home/airflow/.local/lib/python3.12/site-packages/airflow/example_dags/example_bash_operator.py took 0.051 seconds
[2025-02-10T03:07:16.126+0000] {processor.py:186} INFO - Started process (PID=1488) to work on /home/airflow/.local/lib/python3.12/site-packages/airflow/example_dags/example_bash_operator.py
[2025-02-10T03:07:16.127+0000] {processor.py:914} INFO - Processing file /home/airflow/.local/lib/python3.12/site-packages/airflow/example_dags/example_bash_operator.py for tasks to queue
[2025-02-10T03:07:16.129+0000] {logging_mixin.py:190} INFO - [2025-02-10T03:07:16.128+0000] {dagbag.py:588} INFO - Filling up the DagBag from /home/airflow/.local/lib/python3.12/site-packages/airflow/example_dags/example_bash_operator.py
[2025-02-10T03:07:16.137+0000] {processor.py:925} INFO - DAG(s) 'example_bash_operator' retrieved from /home/airflow/.local/lib/python3.12/site-packages/airflow/example_dags/example_bash_operator.py
[2025-02-10T03:07:16.156+0000] {logging_mixin.py:190} INFO - [2025-02-10T03:07:16.155+0000] {dag.py:3239} INFO - Sync 1 DAGs
[2025-02-10T03:07:16.170+0000] {logging_mixin.py:190} INFO - [2025-02-10T03:07:16.170+0000] {dag.py:4180} INFO - Setting next_dagrun for example_bash_operator to 2025-02-09 00:00:00+00:00, run_after=2025-02-10 00:00:00+00:00
[2025-02-10T03:07:16.180+0000] {processor.py:208} INFO - Processing /home/airflow/.local/lib/python3.12/site-packages/airflow/example_dags/example_bash_operator.py took 0.057 seconds
[2025-02-10T03:07:46.891+0000] {processor.py:186} INFO - Started process (PID=1558) to work on /home/airflow/.local/lib/python3.12/site-packages/airflow/example_dags/example_bash_operator.py
[2025-02-10T03:07:46.892+0000] {processor.py:914} INFO - Processing file /home/airflow/.local/lib/python3.12/site-packages/airflow/example_dags/example_bash_operator.py for tasks to queue
[2025-02-10T03:07:46.896+0000] {logging_mixin.py:190} INFO - [2025-02-10T03:07:46.896+0000] {dagbag.py:588} INFO - Filling up the DagBag from /home/airflow/.local/lib/python3.12/site-packages/airflow/example_dags/example_bash_operator.py
[2025-02-10T03:07:46.904+0000] {processor.py:925} INFO - DAG(s) 'example_bash_operator' retrieved from /home/airflow/.local/lib/python3.12/site-packages/airflow/example_dags/example_bash_operator.py
[2025-02-10T03:07:46.920+0000] {logging_mixin.py:190} INFO - [2025-02-10T03:07:46.919+0000] {dag.py:3239} INFO - Sync 1 DAGs
[2025-02-10T03:07:46.936+0000] {logging_mixin.py:190} INFO - [2025-02-10T03:07:46.936+0000] {dag.py:4180} INFO - Setting next_dagrun for example_bash_operator to 2025-02-09 00:00:00+00:00, run_after=2025-02-10 00:00:00+00:00
[2025-02-10T03:07:46.944+0000] {processor.py:208} INFO - Processing /home/airflow/.local/lib/python3.12/site-packages/airflow/example_dags/example_bash_operator.py took 0.058 seconds
[2025-02-10T03:08:18.301+0000] {processor.py:186} INFO - Started process (PID=1623) to work on /home/airflow/.local/lib/python3.12/site-packages/airflow/example_dags/example_bash_operator.py
[2025-02-10T03:08:18.301+0000] {processor.py:914} INFO - Processing file /home/airflow/.local/lib/python3.12/site-packages/airflow/example_dags/example_bash_operator.py for tasks to queue
[2025-02-10T03:08:18.302+0000] {logging_mixin.py:190} INFO - [2025-02-10T03:08:18.302+0000] {dagbag.py:588} INFO - Filling up the DagBag from /home/airflow/.local/lib/python3.12/site-packages/airflow/example_dags/example_bash_operator.py
[2025-02-10T03:08:18.308+0000] {processor.py:925} INFO - DAG(s) 'example_bash_operator' retrieved from /home/airflow/.local/lib/python3.12/site-packages/airflow/example_dags/example_bash_operator.py
[2025-02-10T03:08:18.319+0000] {logging_mixin.py:190} INFO - [2025-02-10T03:08:18.319+0000] {dag.py:3239} INFO - Sync 1 DAGs
[2025-02-10T03:08:18.328+0000] {logging_mixin.py:190} INFO - [2025-02-10T03:08:18.328+0000] {dag.py:4180} INFO - Setting next_dagrun for example_bash_operator to 2025-02-09 00:00:00+00:00, run_after=2025-02-10 00:00:00+00:00
[2025-02-10T03:08:18.333+0000] {processor.py:208} INFO - Processing /home/airflow/.local/lib/python3.12/site-packages/airflow/example_dags/example_bash_operator.py took 0.035 seconds
[2025-02-10T03:08:48.939+0000] {processor.py:186} INFO - Started process (PID=1687) to work on /home/airflow/.local/lib/python3.12/site-packages/airflow/example_dags/example_bash_operator.py
[2025-02-10T03:08:48.940+0000] {processor.py:914} INFO - Processing file /home/airflow/.local/lib/python3.12/site-packages/airflow/example_dags/example_bash_operator.py for tasks to queue
[2025-02-10T03:08:48.942+0000] {logging_mixin.py:190} INFO - [2025-02-10T03:08:48.942+0000] {dagbag.py:588} INFO - Filling up the DagBag from /home/airflow/.local/lib/python3.12/site-packages/airflow/example_dags/example_bash_operator.py
[2025-02-10T03:08:48.947+0000] {processor.py:925} INFO - DAG(s) 'example_bash_operator' retrieved from /home/airflow/.local/lib/python3.12/site-packages/airflow/example_dags/example_bash_operator.py
[2025-02-10T03:08:48.960+0000] {logging_mixin.py:190} INFO - [2025-02-10T03:08:48.960+0000] {dag.py:3239} INFO - Sync 1 DAGs
[2025-02-10T03:08:48.973+0000] {logging_mixin.py:190} INFO - [2025-02-10T03:08:48.973+0000] {dag.py:4180} INFO - Setting next_dagrun for example_bash_operator to 2025-02-09 00:00:00+00:00, run_after=2025-02-10 00:00:00+00:00
[2025-02-10T03:08:48.984+0000] {processor.py:208} INFO - Processing /home/airflow/.local/lib/python3.12/site-packages/airflow/example_dags/example_bash_operator.py took 0.048 seconds
[2025-02-10T03:09:20.434+0000] {processor.py:186} INFO - Started process (PID=1751) to work on /home/airflow/.local/lib/python3.12/site-packages/airflow/example_dags/example_bash_operator.py
[2025-02-10T03:09:20.434+0000] {processor.py:914} INFO - Processing file /home/airflow/.local/lib/python3.12/site-packages/airflow/example_dags/example_bash_operator.py for tasks to queue
[2025-02-10T03:09:20.435+0000] {logging_mixin.py:190} INFO - [2025-02-10T03:09:20.435+0000] {dagbag.py:588} INFO - Filling up the DagBag from /home/airflow/.local/lib/python3.12/site-packages/airflow/example_dags/example_bash_operator.py
[2025-02-10T03:09:20.443+0000] {processor.py:925} INFO - DAG(s) 'example_bash_operator' retrieved from /home/airflow/.local/lib/python3.12/site-packages/airflow/example_dags/example_bash_operator.py
[2025-02-10T03:09:20.461+0000] {logging_mixin.py:190} INFO - [2025-02-10T03:09:20.461+0000] {dag.py:3239} INFO - Sync 1 DAGs
[2025-02-10T03:09:20.483+0000] {logging_mixin.py:190} INFO - [2025-02-10T03:09:20.482+0000] {dag.py:4180} INFO - Setting next_dagrun for example_bash_operator to 2025-02-09 00:00:00+00:00, run_after=2025-02-10 00:00:00+00:00
[2025-02-10T03:09:20.491+0000] {processor.py:208} INFO - Processing /home/airflow/.local/lib/python3.12/site-packages/airflow/example_dags/example_bash_operator.py took 0.060 seconds
[2025-02-10T03:09:51.359+0000] {processor.py:186} INFO - Started process (PID=1815) to work on /home/airflow/.local/lib/python3.12/site-packages/airflow/example_dags/example_bash_operator.py
[2025-02-10T03:09:51.360+0000] {processor.py:914} INFO - Processing file /home/airflow/.local/lib/python3.12/site-packages/airflow/example_dags/example_bash_operator.py for tasks to queue
[2025-02-10T03:09:51.361+0000] {logging_mixin.py:190} INFO - [2025-02-10T03:09:51.361+0000] {dagbag.py:588} INFO - Filling up the DagBag from /home/airflow/.local/lib/python3.12/site-packages/airflow/example_dags/example_bash_operator.py
[2025-02-10T03:09:51.367+0000] {processor.py:925} INFO - DAG(s) 'example_bash_operator' retrieved from /home/airflow/.local/lib/python3.12/site-packages/airflow/example_dags/example_bash_operator.py
[2025-02-10T03:09:51.388+0000] {logging_mixin.py:190} INFO - [2025-02-10T03:09:51.387+0000] {dag.py:3239} INFO - Sync 1 DAGs
[2025-02-10T03:09:51.403+0000] {logging_mixin.py:190} INFO - [2025-02-10T03:09:51.403+0000] {dag.py:4180} INFO - Setting next_dagrun for example_bash_operator to 2025-02-09 00:00:00+00:00, run_after=2025-02-10 00:00:00+00:00
[2025-02-10T03:09:51.413+0000] {processor.py:208} INFO - Processing /home/airflow/.local/lib/python3.12/site-packages/airflow/example_dags/example_bash_operator.py took 0.058 seconds
[2025-02-10T03:10:22.369+0000] {processor.py:186} INFO - Started process (PID=1879) to work on /home/airflow/.local/lib/python3.12/site-packages/airflow/example_dags/example_bash_operator.py
[2025-02-10T03:10:22.371+0000] {processor.py:914} INFO - Processing file /home/airflow/.local/lib/python3.12/site-packages/airflow/example_dags/example_bash_operator.py for tasks to queue
[2025-02-10T03:10:22.372+0000] {logging_mixin.py:190} INFO - [2025-02-10T03:10:22.372+0000] {dagbag.py:588} INFO - Filling up the DagBag from /home/airflow/.local/lib/python3.12/site-packages/airflow/example_dags/example_bash_operator.py
[2025-02-10T03:10:22.380+0000] {processor.py:925} INFO - DAG(s) 'example_bash_operator' retrieved from /home/airflow/.local/lib/python3.12/site-packages/airflow/example_dags/example_bash_operator.py
[2025-02-10T03:10:22.401+0000] {logging_mixin.py:190} INFO - [2025-02-10T03:10:22.401+0000] {dag.py:3239} INFO - Sync 1 DAGs
[2025-02-10T03:10:22.414+0000] {logging_mixin.py:190} INFO - [2025-02-10T03:10:22.414+0000] {dag.py:4180} INFO - Setting next_dagrun for example_bash_operator to 2025-02-09 00:00:00+00:00, run_after=2025-02-10 00:00:00+00:00
[2025-02-10T03:10:22.422+0000] {processor.py:208} INFO - Processing /home/airflow/.local/lib/python3.12/site-packages/airflow/example_dags/example_bash_operator.py took 0.056 seconds
[2025-02-10T03:10:53.147+0000] {processor.py:186} INFO - Started process (PID=1943) to work on /home/airflow/.local/lib/python3.12/site-packages/airflow/example_dags/example_bash_operator.py
[2025-02-10T03:10:53.148+0000] {processor.py:914} INFO - Processing file /home/airflow/.local/lib/python3.12/site-packages/airflow/example_dags/example_bash_operator.py for tasks to queue
[2025-02-10T03:10:53.150+0000] {logging_mixin.py:190} INFO - [2025-02-10T03:10:53.150+0000] {dagbag.py:588} INFO - Filling up the DagBag from /home/airflow/.local/lib/python3.12/site-packages/airflow/example_dags/example_bash_operator.py
[2025-02-10T03:10:53.160+0000] {processor.py:925} INFO - DAG(s) 'example_bash_operator' retrieved from /home/airflow/.local/lib/python3.12/site-packages/airflow/example_dags/example_bash_operator.py
[2025-02-10T03:10:53.172+0000] {logging_mixin.py:190} INFO - [2025-02-10T03:10:53.172+0000] {dag.py:3239} INFO - Sync 1 DAGs
[2025-02-10T03:10:53.185+0000] {logging_mixin.py:190} INFO - [2025-02-10T03:10:53.185+0000] {dag.py:4180} INFO - Setting next_dagrun for example_bash_operator to 2025-02-09 00:00:00+00:00, run_after=2025-02-10 00:00:00+00:00
[2025-02-10T03:10:53.201+0000] {processor.py:208} INFO - Processing /home/airflow/.local/lib/python3.12/site-packages/airflow/example_dags/example_bash_operator.py took 0.059 seconds
[2025-02-10T03:11:23.226+0000] {processor.py:186} INFO - Started process (PID=2006) to work on /home/airflow/.local/lib/python3.12/site-packages/airflow/example_dags/example_bash_operator.py
[2025-02-10T03:11:23.227+0000] {processor.py:914} INFO - Processing file /home/airflow/.local/lib/python3.12/site-packages/airflow/example_dags/example_bash_operator.py for tasks to queue
[2025-02-10T03:11:23.228+0000] {logging_mixin.py:190} INFO - [2025-02-10T03:11:23.228+0000] {dagbag.py:588} INFO - Filling up the DagBag from /home/airflow/.local/lib/python3.12/site-packages/airflow/example_dags/example_bash_operator.py
[2025-02-10T03:11:23.235+0000] {processor.py:925} INFO - DAG(s) 'example_bash_operator' retrieved from /home/airflow/.local/lib/python3.12/site-packages/airflow/example_dags/example_bash_operator.py
[2025-02-10T03:11:23.245+0000] {logging_mixin.py:190} INFO - [2025-02-10T03:11:23.245+0000] {dag.py:3239} INFO - Sync 1 DAGs
[2025-02-10T03:11:23.254+0000] {logging_mixin.py:190} INFO - [2025-02-10T03:11:23.254+0000] {dag.py:4180} INFO - Setting next_dagrun for example_bash_operator to 2025-02-09 00:00:00+00:00, run_after=2025-02-10 00:00:00+00:00
[2025-02-10T03:11:23.260+0000] {processor.py:208} INFO - Processing /home/airflow/.local/lib/python3.12/site-packages/airflow/example_dags/example_bash_operator.py took 0.038 seconds
[2025-02-10T03:11:54.139+0000] {processor.py:186} INFO - Started process (PID=2070) to work on /home/airflow/.local/lib/python3.12/site-packages/airflow/example_dags/example_bash_operator.py
[2025-02-10T03:11:54.139+0000] {processor.py:914} INFO - Processing file /home/airflow/.local/lib/python3.12/site-packages/airflow/example_dags/example_bash_operator.py for tasks to queue
[2025-02-10T03:11:54.140+0000] {logging_mixin.py:190} INFO - [2025-02-10T03:11:54.140+0000] {dagbag.py:588} INFO - Filling up the DagBag from /home/airflow/.local/lib/python3.12/site-packages/airflow/example_dags/example_bash_operator.py
[2025-02-10T03:11:54.147+0000] {processor.py:925} INFO - DAG(s) 'example_bash_operator' retrieved from /home/airflow/.local/lib/python3.12/site-packages/airflow/example_dags/example_bash_operator.py
[2025-02-10T03:11:54.157+0000] {logging_mixin.py:190} INFO - [2025-02-10T03:11:54.157+0000] {dag.py:3239} INFO - Sync 1 DAGs
[2025-02-10T03:11:54.166+0000] {logging_mixin.py:190} INFO - [2025-02-10T03:11:54.166+0000] {dag.py:4180} INFO - Setting next_dagrun for example_bash_operator to 2025-02-09 00:00:00+00:00, run_after=2025-02-10 00:00:00+00:00
[2025-02-10T03:11:54.172+0000] {processor.py:208} INFO - Processing /home/airflow/.local/lib/python3.12/site-packages/airflow/example_dags/example_bash_operator.py took 0.036 seconds
[2025-02-10T03:12:25.096+0000] {processor.py:186} INFO - Started process (PID=2134) to work on /home/airflow/.local/lib/python3.12/site-packages/airflow/example_dags/example_bash_operator.py
[2025-02-10T03:12:25.097+0000] {processor.py:914} INFO - Processing file /home/airflow/.local/lib/python3.12/site-packages/airflow/example_dags/example_bash_operator.py for tasks to queue
[2025-02-10T03:12:25.098+0000] {logging_mixin.py:190} INFO - [2025-02-10T03:12:25.098+0000] {dagbag.py:588} INFO - Filling up the DagBag from /home/airflow/.local/lib/python3.12/site-packages/airflow/example_dags/example_bash_operator.py
[2025-02-10T03:12:25.104+0000] {processor.py:925} INFO - DAG(s) 'example_bash_operator' retrieved from /home/airflow/.local/lib/python3.12/site-packages/airflow/example_dags/example_bash_operator.py
[2025-02-10T03:12:25.114+0000] {logging_mixin.py:190} INFO - [2025-02-10T03:12:25.114+0000] {dag.py:3239} INFO - Sync 1 DAGs
[2025-02-10T03:12:25.124+0000] {logging_mixin.py:190} INFO - [2025-02-10T03:12:25.124+0000] {dag.py:4180} INFO - Setting next_dagrun for example_bash_operator to 2025-02-09 00:00:00+00:00, run_after=2025-02-10 00:00:00+00:00
[2025-02-10T03:12:25.130+0000] {processor.py:208} INFO - Processing /home/airflow/.local/lib/python3.12/site-packages/airflow/example_dags/example_bash_operator.py took 0.038 seconds
[2025-02-10T03:12:56.302+0000] {processor.py:186} INFO - Started process (PID=2198) to work on /home/airflow/.local/lib/python3.12/site-packages/airflow/example_dags/example_bash_operator.py
[2025-02-10T03:12:56.303+0000] {processor.py:914} INFO - Processing file /home/airflow/.local/lib/python3.12/site-packages/airflow/example_dags/example_bash_operator.py for tasks to queue
[2025-02-10T03:12:56.304+0000] {logging_mixin.py:190} INFO - [2025-02-10T03:12:56.304+0000] {dagbag.py:588} INFO - Filling up the DagBag from /home/airflow/.local/lib/python3.12/site-packages/airflow/example_dags/example_bash_operator.py
[2025-02-10T03:12:56.310+0000] {processor.py:925} INFO - DAG(s) 'example_bash_operator' retrieved from /home/airflow/.local/lib/python3.12/site-packages/airflow/example_dags/example_bash_operator.py
[2025-02-10T03:12:56.319+0000] {logging_mixin.py:190} INFO - [2025-02-10T03:12:56.319+0000] {dag.py:3239} INFO - Sync 1 DAGs
[2025-02-10T03:12:56.329+0000] {logging_mixin.py:190} INFO - [2025-02-10T03:12:56.329+0000] {dag.py:4180} INFO - Setting next_dagrun for example_bash_operator to 2025-02-09 00:00:00+00:00, run_after=2025-02-10 00:00:00+00:00
[2025-02-10T03:12:56.338+0000] {processor.py:208} INFO - Processing /home/airflow/.local/lib/python3.12/site-packages/airflow/example_dags/example_bash_operator.py took 0.038 seconds
[2025-02-10T03:13:26.996+0000] {processor.py:186} INFO - Started process (PID=2262) to work on /home/airflow/.local/lib/python3.12/site-packages/airflow/example_dags/example_bash_operator.py
[2025-02-10T03:13:26.997+0000] {processor.py:914} INFO - Processing file /home/airflow/.local/lib/python3.12/site-packages/airflow/example_dags/example_bash_operator.py for tasks to queue
[2025-02-10T03:13:26.999+0000] {logging_mixin.py:190} INFO - [2025-02-10T03:13:26.999+0000] {dagbag.py:588} INFO - Filling up the DagBag from /home/airflow/.local/lib/python3.12/site-packages/airflow/example_dags/example_bash_operator.py
[2025-02-10T03:13:27.006+0000] {processor.py:925} INFO - DAG(s) 'example_bash_operator' retrieved from /home/airflow/.local/lib/python3.12/site-packages/airflow/example_dags/example_bash_operator.py
[2025-02-10T03:13:27.016+0000] {logging_mixin.py:190} INFO - [2025-02-10T03:13:27.016+0000] {dag.py:3239} INFO - Sync 1 DAGs
[2025-02-10T03:13:27.025+0000] {logging_mixin.py:190} INFO - [2025-02-10T03:13:27.025+0000] {dag.py:4180} INFO - Setting next_dagrun for example_bash_operator to 2025-02-09 00:00:00+00:00, run_after=2025-02-10 00:00:00+00:00
[2025-02-10T03:13:27.032+0000] {processor.py:208} INFO - Processing /home/airflow/.local/lib/python3.12/site-packages/airflow/example_dags/example_bash_operator.py took 0.039 seconds
[2025-02-10T03:13:58.184+0000] {processor.py:186} INFO - Started process (PID=2326) to work on /home/airflow/.local/lib/python3.12/site-packages/airflow/example_dags/example_bash_operator.py
[2025-02-10T03:13:58.185+0000] {processor.py:914} INFO - Processing file /home/airflow/.local/lib/python3.12/site-packages/airflow/example_dags/example_bash_operator.py for tasks to queue
[2025-02-10T03:13:58.186+0000] {logging_mixin.py:190} INFO - [2025-02-10T03:13:58.186+0000] {dagbag.py:588} INFO - Filling up the DagBag from /home/airflow/.local/lib/python3.12/site-packages/airflow/example_dags/example_bash_operator.py
[2025-02-10T03:13:58.192+0000] {processor.py:925} INFO - DAG(s) 'example_bash_operator' retrieved from /home/airflow/.local/lib/python3.12/site-packages/airflow/example_dags/example_bash_operator.py
[2025-02-10T03:13:58.203+0000] {logging_mixin.py:190} INFO - [2025-02-10T03:13:58.203+0000] {dag.py:3239} INFO - Sync 1 DAGs
[2025-02-10T03:13:58.214+0000] {logging_mixin.py:190} INFO - [2025-02-10T03:13:58.214+0000] {dag.py:4180} INFO - Setting next_dagrun for example_bash_operator to 2025-02-09 00:00:00+00:00, run_after=2025-02-10 00:00:00+00:00
[2025-02-10T03:13:58.221+0000] {processor.py:208} INFO - Processing /home/airflow/.local/lib/python3.12/site-packages/airflow/example_dags/example_bash_operator.py took 0.040 seconds
[2025-02-10T03:14:29.966+0000] {processor.py:186} INFO - Started process (PID=2390) to work on /home/airflow/.local/lib/python3.12/site-packages/airflow/example_dags/example_bash_operator.py
[2025-02-10T03:14:29.967+0000] {processor.py:914} INFO - Processing file /home/airflow/.local/lib/python3.12/site-packages/airflow/example_dags/example_bash_operator.py for tasks to queue
[2025-02-10T03:14:29.968+0000] {logging_mixin.py:190} INFO - [2025-02-10T03:14:29.968+0000] {dagbag.py:588} INFO - Filling up the DagBag from /home/airflow/.local/lib/python3.12/site-packages/airflow/example_dags/example_bash_operator.py
[2025-02-10T03:14:29.974+0000] {processor.py:925} INFO - DAG(s) 'example_bash_operator' retrieved from /home/airflow/.local/lib/python3.12/site-packages/airflow/example_dags/example_bash_operator.py
[2025-02-10T03:14:29.986+0000] {logging_mixin.py:190} INFO - [2025-02-10T03:14:29.986+0000] {dag.py:3239} INFO - Sync 1 DAGs
[2025-02-10T03:14:29.996+0000] {logging_mixin.py:190} INFO - [2025-02-10T03:14:29.996+0000] {dag.py:4180} INFO - Setting next_dagrun for example_bash_operator to 2025-02-09 00:00:00+00:00, run_after=2025-02-10 00:00:00+00:00
[2025-02-10T03:14:30.002+0000] {processor.py:208} INFO - Processing /home/airflow/.local/lib/python3.12/site-packages/airflow/example_dags/example_bash_operator.py took 0.040 seconds
[2025-02-10T03:15:00.781+0000] {processor.py:186} INFO - Started process (PID=2454) to work on /home/airflow/.local/lib/python3.12/site-packages/airflow/example_dags/example_bash_operator.py
[2025-02-10T03:15:00.782+0000] {processor.py:914} INFO - Processing file /home/airflow/.local/lib/python3.12/site-packages/airflow/example_dags/example_bash_operator.py for tasks to queue
[2025-02-10T03:15:00.784+0000] {logging_mixin.py:190} INFO - [2025-02-10T03:15:00.784+0000] {dagbag.py:588} INFO - Filling up the DagBag from /home/airflow/.local/lib/python3.12/site-packages/airflow/example_dags/example_bash_operator.py
[2025-02-10T03:15:00.796+0000] {processor.py:925} INFO - DAG(s) 'example_bash_operator' retrieved from /home/airflow/.local/lib/python3.12/site-packages/airflow/example_dags/example_bash_operator.py
[2025-02-10T03:15:00.809+0000] {logging_mixin.py:190} INFO - [2025-02-10T03:15:00.809+0000] {dag.py:3239} INFO - Sync 1 DAGs
[2025-02-10T03:15:00.819+0000] {logging_mixin.py:190} INFO - [2025-02-10T03:15:00.819+0000] {dag.py:4180} INFO - Setting next_dagrun for example_bash_operator to 2025-02-09 00:00:00+00:00, run_after=2025-02-10 00:00:00+00:00
[2025-02-10T03:15:00.826+0000] {processor.py:208} INFO - Processing /home/airflow/.local/lib/python3.12/site-packages/airflow/example_dags/example_bash_operator.py took 0.048 seconds
[2025-02-10T03:15:31.576+0000] {processor.py:186} INFO - Started process (PID=2517) to work on /home/airflow/.local/lib/python3.12/site-packages/airflow/example_dags/example_bash_operator.py
[2025-02-10T03:15:31.579+0000] {processor.py:914} INFO - Processing file /home/airflow/.local/lib/python3.12/site-packages/airflow/example_dags/example_bash_operator.py for tasks to queue
[2025-02-10T03:15:31.582+0000] {logging_mixin.py:190} INFO - [2025-02-10T03:15:31.582+0000] {dagbag.py:588} INFO - Filling up the DagBag from /home/airflow/.local/lib/python3.12/site-packages/airflow/example_dags/example_bash_operator.py
[2025-02-10T03:15:31.591+0000] {processor.py:925} INFO - DAG(s) 'example_bash_operator' retrieved from /home/airflow/.local/lib/python3.12/site-packages/airflow/example_dags/example_bash_operator.py
[2025-02-10T03:15:31.608+0000] {logging_mixin.py:190} INFO - [2025-02-10T03:15:31.608+0000] {dag.py:3239} INFO - Sync 1 DAGs
[2025-02-10T03:15:31.621+0000] {logging_mixin.py:190} INFO - [2025-02-10T03:15:31.621+0000] {dag.py:4180} INFO - Setting next_dagrun for example_bash_operator to 2025-02-09 00:00:00+00:00, run_after=2025-02-10 00:00:00+00:00
[2025-02-10T03:15:31.629+0000] {processor.py:208} INFO - Processing /home/airflow/.local/lib/python3.12/site-packages/airflow/example_dags/example_bash_operator.py took 0.059 seconds
