[2025-02-10T02:55:49.904+0000] {processor.py:186} INFO - Started process (PID=90) to work on /home/airflow/.local/lib/python3.12/site-packages/airflow/example_dags/example_trigger_controller_dag.py
[2025-02-10T02:55:49.904+0000] {processor.py:914} INFO - Processing file /home/airflow/.local/lib/python3.12/site-packages/airflow/example_dags/example_trigger_controller_dag.py for tasks to queue
[2025-02-10T02:55:49.906+0000] {logging_mixin.py:190} INFO - [2025-02-10T02:55:49.905+0000] {dagbag.py:588} INFO - Filling up the DagBag from /home/airflow/.local/lib/python3.12/site-packages/airflow/example_dags/example_trigger_controller_dag.py
[2025-02-10T02:55:49.912+0000] {processor.py:925} INFO - DAG(s) 'example_trigger_controller_dag' retrieved from /home/airflow/.local/lib/python3.12/site-packages/airflow/example_dags/example_trigger_controller_dag.py
[2025-02-10T02:55:49.979+0000] {logging_mixin.py:190} INFO - [2025-02-10T02:55:49.978+0000] {override.py:1911} INFO - Created Permission View: can read on DAG:example_trigger_controller_dag
[2025-02-10T02:55:49.989+0000] {logging_mixin.py:190} INFO - [2025-02-10T02:55:49.988+0000] {override.py:1911} INFO - Created Permission View: can edit on DAG:example_trigger_controller_dag
[2025-02-10T02:55:49.995+0000] {logging_mixin.py:190} INFO - [2025-02-10T02:55:49.995+0000] {override.py:1911} INFO - Created Permission View: can delete on DAG:example_trigger_controller_dag
[2025-02-10T02:55:49.999+0000] {logging_mixin.py:190} INFO - [2025-02-10T02:55:49.999+0000] {override.py:1911} INFO - Created Permission View: can read on DAG Run:example_trigger_controller_dag
[2025-02-10T02:55:50.003+0000] {logging_mixin.py:190} INFO - [2025-02-10T02:55:50.003+0000] {override.py:1911} INFO - Created Permission View: can delete on DAG Run:example_trigger_controller_dag
[2025-02-10T02:55:50.006+0000] {logging_mixin.py:190} INFO - [2025-02-10T02:55:50.006+0000] {override.py:1911} INFO - Created Permission View: menu access on DAG Run:example_trigger_controller_dag
[2025-02-10T02:55:50.010+0000] {logging_mixin.py:190} INFO - [2025-02-10T02:55:50.010+0000] {override.py:1911} INFO - Created Permission View: can create on DAG Run:example_trigger_controller_dag
[2025-02-10T02:55:50.010+0000] {logging_mixin.py:190} INFO - [2025-02-10T02:55:50.010+0000] {dag.py:3239} INFO - Sync 1 DAGs
[2025-02-10T02:55:50.020+0000] {logging_mixin.py:190} INFO - [2025-02-10T02:55:50.020+0000] {dag.py:3262} INFO - Creating ORM DAG for example_trigger_controller_dag
[2025-02-10T02:55:50.027+0000] {logging_mixin.py:190} INFO - [2025-02-10T02:55:50.027+0000] {dag.py:4180} INFO - Setting next_dagrun for example_trigger_controller_dag to 2021-01-01 00:00:00+00:00, run_after=2021-01-01 00:00:00+00:00
[2025-02-10T02:55:50.038+0000] {processor.py:208} INFO - Processing /home/airflow/.local/lib/python3.12/site-packages/airflow/example_dags/example_trigger_controller_dag.py took 0.138 seconds
[2025-02-10T02:56:20.245+0000] {processor.py:186} INFO - Started process (PID=154) to work on /home/airflow/.local/lib/python3.12/site-packages/airflow/example_dags/example_trigger_controller_dag.py
[2025-02-10T02:56:20.245+0000] {processor.py:914} INFO - Processing file /home/airflow/.local/lib/python3.12/site-packages/airflow/example_dags/example_trigger_controller_dag.py for tasks to queue
[2025-02-10T02:56:20.247+0000] {logging_mixin.py:190} INFO - [2025-02-10T02:56:20.247+0000] {dagbag.py:588} INFO - Filling up the DagBag from /home/airflow/.local/lib/python3.12/site-packages/airflow/example_dags/example_trigger_controller_dag.py
[2025-02-10T02:56:20.251+0000] {processor.py:925} INFO - DAG(s) 'example_trigger_controller_dag' retrieved from /home/airflow/.local/lib/python3.12/site-packages/airflow/example_dags/example_trigger_controller_dag.py
[2025-02-10T02:56:20.267+0000] {logging_mixin.py:190} INFO - [2025-02-10T02:56:20.267+0000] {dag.py:3239} INFO - Sync 1 DAGs
[2025-02-10T02:56:20.279+0000] {logging_mixin.py:190} INFO - [2025-02-10T02:56:20.279+0000] {dag.py:4180} INFO - Setting next_dagrun for example_trigger_controller_dag to 2021-01-01 00:00:00+00:00, run_after=2021-01-01 00:00:00+00:00
[2025-02-10T02:56:20.290+0000] {processor.py:208} INFO - Processing /home/airflow/.local/lib/python3.12/site-packages/airflow/example_dags/example_trigger_controller_dag.py took 0.049 seconds
[2025-02-10T02:56:50.950+0000] {processor.py:186} INFO - Started process (PID=218) to work on /home/airflow/.local/lib/python3.12/site-packages/airflow/example_dags/example_trigger_controller_dag.py
[2025-02-10T02:56:50.952+0000] {processor.py:914} INFO - Processing file /home/airflow/.local/lib/python3.12/site-packages/airflow/example_dags/example_trigger_controller_dag.py for tasks to queue
[2025-02-10T02:56:50.955+0000] {logging_mixin.py:190} INFO - [2025-02-10T02:56:50.954+0000] {dagbag.py:588} INFO - Filling up the DagBag from /home/airflow/.local/lib/python3.12/site-packages/airflow/example_dags/example_trigger_controller_dag.py
[2025-02-10T02:56:50.962+0000] {processor.py:925} INFO - DAG(s) 'example_trigger_controller_dag' retrieved from /home/airflow/.local/lib/python3.12/site-packages/airflow/example_dags/example_trigger_controller_dag.py
[2025-02-10T02:56:50.988+0000] {logging_mixin.py:190} INFO - [2025-02-10T02:56:50.988+0000] {dag.py:3239} INFO - Sync 1 DAGs
[2025-02-10T02:56:51.019+0000] {logging_mixin.py:190} INFO - [2025-02-10T02:56:51.019+0000] {dag.py:4180} INFO - Setting next_dagrun for example_trigger_controller_dag to 2021-01-01 00:00:00+00:00, run_after=2021-01-01 00:00:00+00:00
[2025-02-10T02:56:51.035+0000] {processor.py:208} INFO - Processing /home/airflow/.local/lib/python3.12/site-packages/airflow/example_dags/example_trigger_controller_dag.py took 0.098 seconds
[2025-02-10T02:57:21.069+0000] {processor.py:186} INFO - Started process (PID=280) to work on /home/airflow/.local/lib/python3.12/site-packages/airflow/example_dags/example_trigger_controller_dag.py
[2025-02-10T02:57:21.070+0000] {processor.py:914} INFO - Processing file /home/airflow/.local/lib/python3.12/site-packages/airflow/example_dags/example_trigger_controller_dag.py for tasks to queue
[2025-02-10T02:57:21.071+0000] {logging_mixin.py:190} INFO - [2025-02-10T02:57:21.071+0000] {dagbag.py:588} INFO - Filling up the DagBag from /home/airflow/.local/lib/python3.12/site-packages/airflow/example_dags/example_trigger_controller_dag.py
[2025-02-10T02:57:21.074+0000] {processor.py:925} INFO - DAG(s) 'example_trigger_controller_dag' retrieved from /home/airflow/.local/lib/python3.12/site-packages/airflow/example_dags/example_trigger_controller_dag.py
[2025-02-10T02:57:21.081+0000] {logging_mixin.py:190} INFO - [2025-02-10T02:57:21.081+0000] {dag.py:3239} INFO - Sync 1 DAGs
[2025-02-10T02:57:21.090+0000] {logging_mixin.py:190} INFO - [2025-02-10T02:57:21.090+0000] {dag.py:4180} INFO - Setting next_dagrun for example_trigger_controller_dag to 2021-01-01 00:00:00+00:00, run_after=2021-01-01 00:00:00+00:00
[2025-02-10T02:57:21.096+0000] {processor.py:208} INFO - Processing /home/airflow/.local/lib/python3.12/site-packages/airflow/example_dags/example_trigger_controller_dag.py took 0.029 seconds
[2025-02-10T02:57:52.084+0000] {processor.py:186} INFO - Started process (PID=344) to work on /home/airflow/.local/lib/python3.12/site-packages/airflow/example_dags/example_trigger_controller_dag.py
[2025-02-10T02:57:52.085+0000] {processor.py:914} INFO - Processing file /home/airflow/.local/lib/python3.12/site-packages/airflow/example_dags/example_trigger_controller_dag.py for tasks to queue
[2025-02-10T02:57:52.086+0000] {logging_mixin.py:190} INFO - [2025-02-10T02:57:52.086+0000] {dagbag.py:588} INFO - Filling up the DagBag from /home/airflow/.local/lib/python3.12/site-packages/airflow/example_dags/example_trigger_controller_dag.py
[2025-02-10T02:57:52.091+0000] {processor.py:925} INFO - DAG(s) 'example_trigger_controller_dag' retrieved from /home/airflow/.local/lib/python3.12/site-packages/airflow/example_dags/example_trigger_controller_dag.py
[2025-02-10T02:57:52.107+0000] {logging_mixin.py:190} INFO - [2025-02-10T02:57:52.106+0000] {dag.py:3239} INFO - Sync 1 DAGs
[2025-02-10T02:57:52.117+0000] {logging_mixin.py:190} INFO - [2025-02-10T02:57:52.117+0000] {dag.py:4180} INFO - Setting next_dagrun for example_trigger_controller_dag to 2021-01-01 00:00:00+00:00, run_after=2021-01-01 00:00:00+00:00
[2025-02-10T02:57:52.125+0000] {processor.py:208} INFO - Processing /home/airflow/.local/lib/python3.12/site-packages/airflow/example_dags/example_trigger_controller_dag.py took 0.044 seconds
[2025-02-10T02:58:23.042+0000] {processor.py:186} INFO - Started process (PID=409) to work on /home/airflow/.local/lib/python3.12/site-packages/airflow/example_dags/example_trigger_controller_dag.py
[2025-02-10T02:58:23.042+0000] {processor.py:914} INFO - Processing file /home/airflow/.local/lib/python3.12/site-packages/airflow/example_dags/example_trigger_controller_dag.py for tasks to queue
[2025-02-10T02:58:23.044+0000] {logging_mixin.py:190} INFO - [2025-02-10T02:58:23.044+0000] {dagbag.py:588} INFO - Filling up the DagBag from /home/airflow/.local/lib/python3.12/site-packages/airflow/example_dags/example_trigger_controller_dag.py
[2025-02-10T02:58:23.047+0000] {processor.py:925} INFO - DAG(s) 'example_trigger_controller_dag' retrieved from /home/airflow/.local/lib/python3.12/site-packages/airflow/example_dags/example_trigger_controller_dag.py
[2025-02-10T02:58:23.057+0000] {logging_mixin.py:190} INFO - [2025-02-10T02:58:23.057+0000] {dag.py:3239} INFO - Sync 1 DAGs
[2025-02-10T02:58:23.067+0000] {logging_mixin.py:190} INFO - [2025-02-10T02:58:23.067+0000] {dag.py:4180} INFO - Setting next_dagrun for example_trigger_controller_dag to 2021-01-01 00:00:00+00:00, run_after=2021-01-01 00:00:00+00:00
[2025-02-10T02:58:23.074+0000] {processor.py:208} INFO - Processing /home/airflow/.local/lib/python3.12/site-packages/airflow/example_dags/example_trigger_controller_dag.py took 0.037 seconds
[2025-02-10T02:58:53.781+0000] {processor.py:186} INFO - Started process (PID=473) to work on /home/airflow/.local/lib/python3.12/site-packages/airflow/example_dags/example_trigger_controller_dag.py
[2025-02-10T02:58:53.781+0000] {processor.py:914} INFO - Processing file /home/airflow/.local/lib/python3.12/site-packages/airflow/example_dags/example_trigger_controller_dag.py for tasks to queue
[2025-02-10T02:58:53.783+0000] {logging_mixin.py:190} INFO - [2025-02-10T02:58:53.782+0000] {dagbag.py:588} INFO - Filling up the DagBag from /home/airflow/.local/lib/python3.12/site-packages/airflow/example_dags/example_trigger_controller_dag.py
[2025-02-10T02:58:53.786+0000] {processor.py:925} INFO - DAG(s) 'example_trigger_controller_dag' retrieved from /home/airflow/.local/lib/python3.12/site-packages/airflow/example_dags/example_trigger_controller_dag.py
[2025-02-10T02:58:53.796+0000] {logging_mixin.py:190} INFO - [2025-02-10T02:58:53.796+0000] {dag.py:3239} INFO - Sync 1 DAGs
[2025-02-10T02:58:53.814+0000] {logging_mixin.py:190} INFO - [2025-02-10T02:58:53.814+0000] {dag.py:4180} INFO - Setting next_dagrun for example_trigger_controller_dag to 2021-01-01 00:00:00+00:00, run_after=2021-01-01 00:00:00+00:00
[2025-02-10T02:58:53.831+0000] {processor.py:208} INFO - Processing /home/airflow/.local/lib/python3.12/site-packages/airflow/example_dags/example_trigger_controller_dag.py took 0.052 seconds
[2025-02-10T02:59:25.475+0000] {processor.py:186} INFO - Started process (PID=537) to work on /home/airflow/.local/lib/python3.12/site-packages/airflow/example_dags/example_trigger_controller_dag.py
[2025-02-10T02:59:25.478+0000] {processor.py:914} INFO - Processing file /home/airflow/.local/lib/python3.12/site-packages/airflow/example_dags/example_trigger_controller_dag.py for tasks to queue
[2025-02-10T02:59:25.480+0000] {logging_mixin.py:190} INFO - [2025-02-10T02:59:25.479+0000] {dagbag.py:588} INFO - Filling up the DagBag from /home/airflow/.local/lib/python3.12/site-packages/airflow/example_dags/example_trigger_controller_dag.py
[2025-02-10T02:59:25.484+0000] {processor.py:925} INFO - DAG(s) 'example_trigger_controller_dag' retrieved from /home/airflow/.local/lib/python3.12/site-packages/airflow/example_dags/example_trigger_controller_dag.py
[2025-02-10T02:59:25.499+0000] {logging_mixin.py:190} INFO - [2025-02-10T02:59:25.498+0000] {dag.py:3239} INFO - Sync 1 DAGs
[2025-02-10T02:59:25.515+0000] {logging_mixin.py:190} INFO - [2025-02-10T02:59:25.514+0000] {dag.py:4180} INFO - Setting next_dagrun for example_trigger_controller_dag to 2021-01-01 00:00:00+00:00, run_after=2021-01-01 00:00:00+00:00
[2025-02-10T02:59:25.527+0000] {processor.py:208} INFO - Processing /home/airflow/.local/lib/python3.12/site-packages/airflow/example_dags/example_trigger_controller_dag.py took 0.055 seconds
[2025-02-10T02:59:57.063+0000] {processor.py:186} INFO - Started process (PID=601) to work on /home/airflow/.local/lib/python3.12/site-packages/airflow/example_dags/example_trigger_controller_dag.py
[2025-02-10T02:59:57.063+0000] {processor.py:914} INFO - Processing file /home/airflow/.local/lib/python3.12/site-packages/airflow/example_dags/example_trigger_controller_dag.py for tasks to queue
[2025-02-10T02:59:57.064+0000] {logging_mixin.py:190} INFO - [2025-02-10T02:59:57.064+0000] {dagbag.py:588} INFO - Filling up the DagBag from /home/airflow/.local/lib/python3.12/site-packages/airflow/example_dags/example_trigger_controller_dag.py
[2025-02-10T02:59:57.068+0000] {processor.py:925} INFO - DAG(s) 'example_trigger_controller_dag' retrieved from /home/airflow/.local/lib/python3.12/site-packages/airflow/example_dags/example_trigger_controller_dag.py
[2025-02-10T02:59:57.077+0000] {logging_mixin.py:190} INFO - [2025-02-10T02:59:57.076+0000] {dag.py:3239} INFO - Sync 1 DAGs
[2025-02-10T02:59:57.088+0000] {logging_mixin.py:190} INFO - [2025-02-10T02:59:57.088+0000] {dag.py:4180} INFO - Setting next_dagrun for example_trigger_controller_dag to 2021-01-01 00:00:00+00:00, run_after=2021-01-01 00:00:00+00:00
[2025-02-10T02:59:57.099+0000] {processor.py:208} INFO - Processing /home/airflow/.local/lib/python3.12/site-packages/airflow/example_dags/example_trigger_controller_dag.py took 0.038 seconds
[2025-02-10T03:00:29.125+0000] {processor.py:186} INFO - Started process (PID=665) to work on /home/airflow/.local/lib/python3.12/site-packages/airflow/example_dags/example_trigger_controller_dag.py
[2025-02-10T03:00:29.128+0000] {processor.py:914} INFO - Processing file /home/airflow/.local/lib/python3.12/site-packages/airflow/example_dags/example_trigger_controller_dag.py for tasks to queue
[2025-02-10T03:00:29.132+0000] {logging_mixin.py:190} INFO - [2025-02-10T03:00:29.131+0000] {dagbag.py:588} INFO - Filling up the DagBag from /home/airflow/.local/lib/python3.12/site-packages/airflow/example_dags/example_trigger_controller_dag.py
[2025-02-10T03:00:29.162+0000] {processor.py:925} INFO - DAG(s) 'example_trigger_controller_dag' retrieved from /home/airflow/.local/lib/python3.12/site-packages/airflow/example_dags/example_trigger_controller_dag.py
[2025-02-10T03:00:29.192+0000] {logging_mixin.py:190} INFO - [2025-02-10T03:00:29.192+0000] {dag.py:3239} INFO - Sync 1 DAGs
[2025-02-10T03:00:29.208+0000] {logging_mixin.py:190} INFO - [2025-02-10T03:00:29.207+0000] {dag.py:4180} INFO - Setting next_dagrun for example_trigger_controller_dag to 2021-01-01 00:00:00+00:00, run_after=2021-01-01 00:00:00+00:00
[2025-02-10T03:00:29.219+0000] {processor.py:208} INFO - Processing /home/airflow/.local/lib/python3.12/site-packages/airflow/example_dags/example_trigger_controller_dag.py took 0.110 seconds
[2025-02-10T03:01:00.244+0000] {processor.py:186} INFO - Started process (PID=729) to work on /home/airflow/.local/lib/python3.12/site-packages/airflow/example_dags/example_trigger_controller_dag.py
[2025-02-10T03:01:00.245+0000] {processor.py:914} INFO - Processing file /home/airflow/.local/lib/python3.12/site-packages/airflow/example_dags/example_trigger_controller_dag.py for tasks to queue
[2025-02-10T03:01:00.246+0000] {logging_mixin.py:190} INFO - [2025-02-10T03:01:00.246+0000] {dagbag.py:588} INFO - Filling up the DagBag from /home/airflow/.local/lib/python3.12/site-packages/airflow/example_dags/example_trigger_controller_dag.py
[2025-02-10T03:01:00.250+0000] {processor.py:925} INFO - DAG(s) 'example_trigger_controller_dag' retrieved from /home/airflow/.local/lib/python3.12/site-packages/airflow/example_dags/example_trigger_controller_dag.py
[2025-02-10T03:01:00.262+0000] {logging_mixin.py:190} INFO - [2025-02-10T03:01:00.262+0000] {dag.py:3239} INFO - Sync 1 DAGs
[2025-02-10T03:01:00.280+0000] {logging_mixin.py:190} INFO - [2025-02-10T03:01:00.279+0000] {dag.py:4180} INFO - Setting next_dagrun for example_trigger_controller_dag to 2021-01-01 00:00:00+00:00, run_after=2021-01-01 00:00:00+00:00
[2025-02-10T03:01:00.297+0000] {processor.py:208} INFO - Processing /home/airflow/.local/lib/python3.12/site-packages/airflow/example_dags/example_trigger_controller_dag.py took 0.056 seconds
[2025-02-10T03:01:31.370+0000] {processor.py:186} INFO - Started process (PID=793) to work on /home/airflow/.local/lib/python3.12/site-packages/airflow/example_dags/example_trigger_controller_dag.py
[2025-02-10T03:01:31.371+0000] {processor.py:914} INFO - Processing file /home/airflow/.local/lib/python3.12/site-packages/airflow/example_dags/example_trigger_controller_dag.py for tasks to queue
[2025-02-10T03:01:31.373+0000] {logging_mixin.py:190} INFO - [2025-02-10T03:01:31.372+0000] {dagbag.py:588} INFO - Filling up the DagBag from /home/airflow/.local/lib/python3.12/site-packages/airflow/example_dags/example_trigger_controller_dag.py
[2025-02-10T03:01:31.377+0000] {processor.py:925} INFO - DAG(s) 'example_trigger_controller_dag' retrieved from /home/airflow/.local/lib/python3.12/site-packages/airflow/example_dags/example_trigger_controller_dag.py
[2025-02-10T03:01:31.388+0000] {logging_mixin.py:190} INFO - [2025-02-10T03:01:31.387+0000] {dag.py:3239} INFO - Sync 1 DAGs
[2025-02-10T03:01:31.400+0000] {logging_mixin.py:190} INFO - [2025-02-10T03:01:31.399+0000] {dag.py:4180} INFO - Setting next_dagrun for example_trigger_controller_dag to 2021-01-01 00:00:00+00:00, run_after=2021-01-01 00:00:00+00:00
[2025-02-10T03:01:31.408+0000] {processor.py:208} INFO - Processing /home/airflow/.local/lib/python3.12/site-packages/airflow/example_dags/example_trigger_controller_dag.py took 0.041 seconds
[2025-02-10T03:02:02.690+0000] {processor.py:186} INFO - Started process (PID=857) to work on /home/airflow/.local/lib/python3.12/site-packages/airflow/example_dags/example_trigger_controller_dag.py
[2025-02-10T03:02:02.690+0000] {processor.py:914} INFO - Processing file /home/airflow/.local/lib/python3.12/site-packages/airflow/example_dags/example_trigger_controller_dag.py for tasks to queue
[2025-02-10T03:02:02.692+0000] {logging_mixin.py:190} INFO - [2025-02-10T03:02:02.691+0000] {dagbag.py:588} INFO - Filling up the DagBag from /home/airflow/.local/lib/python3.12/site-packages/airflow/example_dags/example_trigger_controller_dag.py
[2025-02-10T03:02:02.696+0000] {processor.py:925} INFO - DAG(s) 'example_trigger_controller_dag' retrieved from /home/airflow/.local/lib/python3.12/site-packages/airflow/example_dags/example_trigger_controller_dag.py
[2025-02-10T03:02:02.720+0000] {logging_mixin.py:190} INFO - [2025-02-10T03:02:02.720+0000] {dag.py:3239} INFO - Sync 1 DAGs
[2025-02-10T03:02:02.737+0000] {logging_mixin.py:190} INFO - [2025-02-10T03:02:02.737+0000] {dag.py:4180} INFO - Setting next_dagrun for example_trigger_controller_dag to 2021-01-01 00:00:00+00:00, run_after=2021-01-01 00:00:00+00:00
[2025-02-10T03:02:02.749+0000] {processor.py:208} INFO - Processing /home/airflow/.local/lib/python3.12/site-packages/airflow/example_dags/example_trigger_controller_dag.py took 0.063 seconds
[2025-02-10T03:02:34.184+0000] {processor.py:186} INFO - Started process (PID=921) to work on /home/airflow/.local/lib/python3.12/site-packages/airflow/example_dags/example_trigger_controller_dag.py
[2025-02-10T03:02:34.185+0000] {processor.py:914} INFO - Processing file /home/airflow/.local/lib/python3.12/site-packages/airflow/example_dags/example_trigger_controller_dag.py for tasks to queue
[2025-02-10T03:02:34.188+0000] {logging_mixin.py:190} INFO - [2025-02-10T03:02:34.188+0000] {dagbag.py:588} INFO - Filling up the DagBag from /home/airflow/.local/lib/python3.12/site-packages/airflow/example_dags/example_trigger_controller_dag.py
[2025-02-10T03:02:34.193+0000] {processor.py:925} INFO - DAG(s) 'example_trigger_controller_dag' retrieved from /home/airflow/.local/lib/python3.12/site-packages/airflow/example_dags/example_trigger_controller_dag.py
[2025-02-10T03:02:34.203+0000] {logging_mixin.py:190} INFO - [2025-02-10T03:02:34.203+0000] {dag.py:3239} INFO - Sync 1 DAGs
[2025-02-10T03:02:34.214+0000] {logging_mixin.py:190} INFO - [2025-02-10T03:02:34.214+0000] {dag.py:4180} INFO - Setting next_dagrun for example_trigger_controller_dag to 2021-01-01 00:00:00+00:00, run_after=2021-01-01 00:00:00+00:00
[2025-02-10T03:02:34.224+0000] {processor.py:208} INFO - Processing /home/airflow/.local/lib/python3.12/site-packages/airflow/example_dags/example_trigger_controller_dag.py took 0.042 seconds
[2025-02-10T03:03:05.656+0000] {processor.py:186} INFO - Started process (PID=985) to work on /home/airflow/.local/lib/python3.12/site-packages/airflow/example_dags/example_trigger_controller_dag.py
[2025-02-10T03:03:05.657+0000] {processor.py:914} INFO - Processing file /home/airflow/.local/lib/python3.12/site-packages/airflow/example_dags/example_trigger_controller_dag.py for tasks to queue
[2025-02-10T03:03:05.659+0000] {logging_mixin.py:190} INFO - [2025-02-10T03:03:05.658+0000] {dagbag.py:588} INFO - Filling up the DagBag from /home/airflow/.local/lib/python3.12/site-packages/airflow/example_dags/example_trigger_controller_dag.py
[2025-02-10T03:03:05.662+0000] {processor.py:925} INFO - DAG(s) 'example_trigger_controller_dag' retrieved from /home/airflow/.local/lib/python3.12/site-packages/airflow/example_dags/example_trigger_controller_dag.py
[2025-02-10T03:03:05.680+0000] {logging_mixin.py:190} INFO - [2025-02-10T03:03:05.680+0000] {dag.py:3239} INFO - Sync 1 DAGs
[2025-02-10T03:03:05.703+0000] {logging_mixin.py:190} INFO - [2025-02-10T03:03:05.703+0000] {dag.py:4180} INFO - Setting next_dagrun for example_trigger_controller_dag to 2021-01-01 00:00:00+00:00, run_after=2021-01-01 00:00:00+00:00
[2025-02-10T03:03:05.722+0000] {processor.py:208} INFO - Processing /home/airflow/.local/lib/python3.12/site-packages/airflow/example_dags/example_trigger_controller_dag.py took 0.070 seconds
[2025-02-10T03:03:37.747+0000] {processor.py:186} INFO - Started process (PID=1049) to work on /home/airflow/.local/lib/python3.12/site-packages/airflow/example_dags/example_trigger_controller_dag.py
[2025-02-10T03:03:37.748+0000] {processor.py:914} INFO - Processing file /home/airflow/.local/lib/python3.12/site-packages/airflow/example_dags/example_trigger_controller_dag.py for tasks to queue
[2025-02-10T03:03:37.749+0000] {logging_mixin.py:190} INFO - [2025-02-10T03:03:37.749+0000] {dagbag.py:588} INFO - Filling up the DagBag from /home/airflow/.local/lib/python3.12/site-packages/airflow/example_dags/example_trigger_controller_dag.py
[2025-02-10T03:03:37.753+0000] {processor.py:925} INFO - DAG(s) 'example_trigger_controller_dag' retrieved from /home/airflow/.local/lib/python3.12/site-packages/airflow/example_dags/example_trigger_controller_dag.py
[2025-02-10T03:03:37.763+0000] {logging_mixin.py:190} INFO - [2025-02-10T03:03:37.763+0000] {dag.py:3239} INFO - Sync 1 DAGs
[2025-02-10T03:03:37.775+0000] {logging_mixin.py:190} INFO - [2025-02-10T03:03:37.775+0000] {dag.py:4180} INFO - Setting next_dagrun for example_trigger_controller_dag to 2021-01-01 00:00:00+00:00, run_after=2021-01-01 00:00:00+00:00
[2025-02-10T03:03:37.788+0000] {processor.py:208} INFO - Processing /home/airflow/.local/lib/python3.12/site-packages/airflow/example_dags/example_trigger_controller_dag.py took 0.051 seconds
[2025-02-10T03:04:09.239+0000] {processor.py:186} INFO - Started process (PID=1113) to work on /home/airflow/.local/lib/python3.12/site-packages/airflow/example_dags/example_trigger_controller_dag.py
[2025-02-10T03:04:09.240+0000] {processor.py:914} INFO - Processing file /home/airflow/.local/lib/python3.12/site-packages/airflow/example_dags/example_trigger_controller_dag.py for tasks to queue
[2025-02-10T03:04:09.242+0000] {logging_mixin.py:190} INFO - [2025-02-10T03:04:09.241+0000] {dagbag.py:588} INFO - Filling up the DagBag from /home/airflow/.local/lib/python3.12/site-packages/airflow/example_dags/example_trigger_controller_dag.py
[2025-02-10T03:04:09.247+0000] {processor.py:925} INFO - DAG(s) 'example_trigger_controller_dag' retrieved from /home/airflow/.local/lib/python3.12/site-packages/airflow/example_dags/example_trigger_controller_dag.py
[2025-02-10T03:04:09.257+0000] {logging_mixin.py:190} INFO - [2025-02-10T03:04:09.257+0000] {dag.py:3239} INFO - Sync 1 DAGs
[2025-02-10T03:04:09.269+0000] {logging_mixin.py:190} INFO - [2025-02-10T03:04:09.269+0000] {dag.py:4180} INFO - Setting next_dagrun for example_trigger_controller_dag to 2021-01-01 00:00:00+00:00, run_after=2021-01-01 00:00:00+00:00
[2025-02-10T03:04:09.282+0000] {processor.py:208} INFO - Processing /home/airflow/.local/lib/python3.12/site-packages/airflow/example_dags/example_trigger_controller_dag.py took 0.047 seconds
[2025-02-10T03:04:40.365+0000] {processor.py:186} INFO - Started process (PID=1177) to work on /home/airflow/.local/lib/python3.12/site-packages/airflow/example_dags/example_trigger_controller_dag.py
[2025-02-10T03:04:40.366+0000] {processor.py:914} INFO - Processing file /home/airflow/.local/lib/python3.12/site-packages/airflow/example_dags/example_trigger_controller_dag.py for tasks to queue
[2025-02-10T03:04:40.368+0000] {logging_mixin.py:190} INFO - [2025-02-10T03:04:40.368+0000] {dagbag.py:588} INFO - Filling up the DagBag from /home/airflow/.local/lib/python3.12/site-packages/airflow/example_dags/example_trigger_controller_dag.py
[2025-02-10T03:04:40.372+0000] {processor.py:925} INFO - DAG(s) 'example_trigger_controller_dag' retrieved from /home/airflow/.local/lib/python3.12/site-packages/airflow/example_dags/example_trigger_controller_dag.py
[2025-02-10T03:04:40.402+0000] {logging_mixin.py:190} INFO - [2025-02-10T03:04:40.402+0000] {dag.py:3239} INFO - Sync 1 DAGs
[2025-02-10T03:04:40.414+0000] {logging_mixin.py:190} INFO - [2025-02-10T03:04:40.414+0000] {dag.py:4180} INFO - Setting next_dagrun for example_trigger_controller_dag to 2021-01-01 00:00:00+00:00, run_after=2021-01-01 00:00:00+00:00
[2025-02-10T03:04:40.426+0000] {processor.py:208} INFO - Processing /home/airflow/.local/lib/python3.12/site-packages/airflow/example_dags/example_trigger_controller_dag.py took 0.067 seconds
[2025-02-10T03:05:11.271+0000] {processor.py:186} INFO - Started process (PID=1241) to work on /home/airflow/.local/lib/python3.12/site-packages/airflow/example_dags/example_trigger_controller_dag.py
[2025-02-10T03:05:11.273+0000] {processor.py:914} INFO - Processing file /home/airflow/.local/lib/python3.12/site-packages/airflow/example_dags/example_trigger_controller_dag.py for tasks to queue
[2025-02-10T03:05:11.276+0000] {logging_mixin.py:190} INFO - [2025-02-10T03:05:11.276+0000] {dagbag.py:588} INFO - Filling up the DagBag from /home/airflow/.local/lib/python3.12/site-packages/airflow/example_dags/example_trigger_controller_dag.py
[2025-02-10T03:05:11.288+0000] {processor.py:925} INFO - DAG(s) 'example_trigger_controller_dag' retrieved from /home/airflow/.local/lib/python3.12/site-packages/airflow/example_dags/example_trigger_controller_dag.py
[2025-02-10T03:05:11.312+0000] {logging_mixin.py:190} INFO - [2025-02-10T03:05:11.311+0000] {dag.py:3239} INFO - Sync 1 DAGs
[2025-02-10T03:05:11.329+0000] {logging_mixin.py:190} INFO - [2025-02-10T03:05:11.329+0000] {dag.py:4180} INFO - Setting next_dagrun for example_trigger_controller_dag to 2021-01-01 00:00:00+00:00, run_after=2021-01-01 00:00:00+00:00
[2025-02-10T03:05:11.342+0000] {processor.py:208} INFO - Processing /home/airflow/.local/lib/python3.12/site-packages/airflow/example_dags/example_trigger_controller_dag.py took 0.077 seconds
[2025-02-10T03:05:42.174+0000] {processor.py:186} INFO - Started process (PID=1304) to work on /home/airflow/.local/lib/python3.12/site-packages/airflow/example_dags/example_trigger_controller_dag.py
[2025-02-10T03:05:42.175+0000] {processor.py:914} INFO - Processing file /home/airflow/.local/lib/python3.12/site-packages/airflow/example_dags/example_trigger_controller_dag.py for tasks to queue
[2025-02-10T03:05:42.175+0000] {logging_mixin.py:190} INFO - [2025-02-10T03:05:42.175+0000] {dagbag.py:588} INFO - Filling up the DagBag from /home/airflow/.local/lib/python3.12/site-packages/airflow/example_dags/example_trigger_controller_dag.py
[2025-02-10T03:05:42.180+0000] {processor.py:925} INFO - DAG(s) 'example_trigger_controller_dag' retrieved from /home/airflow/.local/lib/python3.12/site-packages/airflow/example_dags/example_trigger_controller_dag.py
[2025-02-10T03:05:42.190+0000] {logging_mixin.py:190} INFO - [2025-02-10T03:05:42.190+0000] {dag.py:3239} INFO - Sync 1 DAGs
[2025-02-10T03:05:42.207+0000] {logging_mixin.py:190} INFO - [2025-02-10T03:05:42.207+0000] {dag.py:4180} INFO - Setting next_dagrun for example_trigger_controller_dag to 2021-01-01 00:00:00+00:00, run_after=2021-01-01 00:00:00+00:00
[2025-02-10T03:05:42.217+0000] {processor.py:208} INFO - Processing /home/airflow/.local/lib/python3.12/site-packages/airflow/example_dags/example_trigger_controller_dag.py took 0.046 seconds
[2025-02-10T03:06:13.324+0000] {processor.py:186} INFO - Started process (PID=1368) to work on /home/airflow/.local/lib/python3.12/site-packages/airflow/example_dags/example_trigger_controller_dag.py
[2025-02-10T03:06:13.325+0000] {processor.py:914} INFO - Processing file /home/airflow/.local/lib/python3.12/site-packages/airflow/example_dags/example_trigger_controller_dag.py for tasks to queue
[2025-02-10T03:06:13.326+0000] {logging_mixin.py:190} INFO - [2025-02-10T03:06:13.325+0000] {dagbag.py:588} INFO - Filling up the DagBag from /home/airflow/.local/lib/python3.12/site-packages/airflow/example_dags/example_trigger_controller_dag.py
[2025-02-10T03:06:13.329+0000] {processor.py:925} INFO - DAG(s) 'example_trigger_controller_dag' retrieved from /home/airflow/.local/lib/python3.12/site-packages/airflow/example_dags/example_trigger_controller_dag.py
[2025-02-10T03:06:13.336+0000] {logging_mixin.py:190} INFO - [2025-02-10T03:06:13.336+0000] {dag.py:3239} INFO - Sync 1 DAGs
[2025-02-10T03:06:13.344+0000] {logging_mixin.py:190} INFO - [2025-02-10T03:06:13.344+0000] {dag.py:4180} INFO - Setting next_dagrun for example_trigger_controller_dag to 2021-01-01 00:00:00+00:00, run_after=2021-01-01 00:00:00+00:00
[2025-02-10T03:06:13.351+0000] {processor.py:208} INFO - Processing /home/airflow/.local/lib/python3.12/site-packages/airflow/example_dags/example_trigger_controller_dag.py took 0.029 seconds
[2025-02-10T03:06:45.353+0000] {processor.py:186} INFO - Started process (PID=1432) to work on /home/airflow/.local/lib/python3.12/site-packages/airflow/example_dags/example_trigger_controller_dag.py
[2025-02-10T03:06:45.354+0000] {processor.py:914} INFO - Processing file /home/airflow/.local/lib/python3.12/site-packages/airflow/example_dags/example_trigger_controller_dag.py for tasks to queue
[2025-02-10T03:06:45.356+0000] {logging_mixin.py:190} INFO - [2025-02-10T03:06:45.355+0000] {dagbag.py:588} INFO - Filling up the DagBag from /home/airflow/.local/lib/python3.12/site-packages/airflow/example_dags/example_trigger_controller_dag.py
[2025-02-10T03:06:45.359+0000] {processor.py:925} INFO - DAG(s) 'example_trigger_controller_dag' retrieved from /home/airflow/.local/lib/python3.12/site-packages/airflow/example_dags/example_trigger_controller_dag.py
[2025-02-10T03:06:45.369+0000] {logging_mixin.py:190} INFO - [2025-02-10T03:06:45.369+0000] {dag.py:3239} INFO - Sync 1 DAGs
[2025-02-10T03:06:45.380+0000] {logging_mixin.py:190} INFO - [2025-02-10T03:06:45.379+0000] {dag.py:4180} INFO - Setting next_dagrun for example_trigger_controller_dag to 2021-01-01 00:00:00+00:00, run_after=2021-01-01 00:00:00+00:00
[2025-02-10T03:06:45.389+0000] {processor.py:208} INFO - Processing /home/airflow/.local/lib/python3.12/site-packages/airflow/example_dags/example_trigger_controller_dag.py took 0.041 seconds
[2025-02-10T03:07:16.421+0000] {processor.py:186} INFO - Started process (PID=1496) to work on /home/airflow/.local/lib/python3.12/site-packages/airflow/example_dags/example_trigger_controller_dag.py
[2025-02-10T03:07:16.424+0000] {processor.py:914} INFO - Processing file /home/airflow/.local/lib/python3.12/site-packages/airflow/example_dags/example_trigger_controller_dag.py for tasks to queue
[2025-02-10T03:07:16.427+0000] {logging_mixin.py:190} INFO - [2025-02-10T03:07:16.426+0000] {dagbag.py:588} INFO - Filling up the DagBag from /home/airflow/.local/lib/python3.12/site-packages/airflow/example_dags/example_trigger_controller_dag.py
[2025-02-10T03:07:16.434+0000] {processor.py:925} INFO - DAG(s) 'example_trigger_controller_dag' retrieved from /home/airflow/.local/lib/python3.12/site-packages/airflow/example_dags/example_trigger_controller_dag.py
[2025-02-10T03:07:16.447+0000] {logging_mixin.py:190} INFO - [2025-02-10T03:07:16.447+0000] {dag.py:3239} INFO - Sync 1 DAGs
[2025-02-10T03:07:16.461+0000] {logging_mixin.py:190} INFO - [2025-02-10T03:07:16.461+0000] {dag.py:4180} INFO - Setting next_dagrun for example_trigger_controller_dag to 2021-01-01 00:00:00+00:00, run_after=2021-01-01 00:00:00+00:00
[2025-02-10T03:07:16.481+0000] {processor.py:208} INFO - Processing /home/airflow/.local/lib/python3.12/site-packages/airflow/example_dags/example_trigger_controller_dag.py took 0.063 seconds
[2025-02-10T03:07:47.148+0000] {processor.py:186} INFO - Started process (PID=1566) to work on /home/airflow/.local/lib/python3.12/site-packages/airflow/example_dags/example_trigger_controller_dag.py
[2025-02-10T03:07:47.148+0000] {processor.py:914} INFO - Processing file /home/airflow/.local/lib/python3.12/site-packages/airflow/example_dags/example_trigger_controller_dag.py for tasks to queue
[2025-02-10T03:07:47.150+0000] {logging_mixin.py:190} INFO - [2025-02-10T03:07:47.149+0000] {dagbag.py:588} INFO - Filling up the DagBag from /home/airflow/.local/lib/python3.12/site-packages/airflow/example_dags/example_trigger_controller_dag.py
[2025-02-10T03:07:47.154+0000] {processor.py:925} INFO - DAG(s) 'example_trigger_controller_dag' retrieved from /home/airflow/.local/lib/python3.12/site-packages/airflow/example_dags/example_trigger_controller_dag.py
[2025-02-10T03:07:47.165+0000] {logging_mixin.py:190} INFO - [2025-02-10T03:07:47.165+0000] {dag.py:3239} INFO - Sync 1 DAGs
[2025-02-10T03:07:47.176+0000] {logging_mixin.py:190} INFO - [2025-02-10T03:07:47.176+0000] {dag.py:4180} INFO - Setting next_dagrun for example_trigger_controller_dag to 2021-01-01 00:00:00+00:00, run_after=2021-01-01 00:00:00+00:00
[2025-02-10T03:07:47.185+0000] {processor.py:208} INFO - Processing /home/airflow/.local/lib/python3.12/site-packages/airflow/example_dags/example_trigger_controller_dag.py took 0.041 seconds
[2025-02-10T03:08:18.605+0000] {processor.py:186} INFO - Started process (PID=1631) to work on /home/airflow/.local/lib/python3.12/site-packages/airflow/example_dags/example_trigger_controller_dag.py
[2025-02-10T03:08:18.607+0000] {processor.py:914} INFO - Processing file /home/airflow/.local/lib/python3.12/site-packages/airflow/example_dags/example_trigger_controller_dag.py for tasks to queue
[2025-02-10T03:08:18.609+0000] {logging_mixin.py:190} INFO - [2025-02-10T03:08:18.609+0000] {dagbag.py:588} INFO - Filling up the DagBag from /home/airflow/.local/lib/python3.12/site-packages/airflow/example_dags/example_trigger_controller_dag.py
[2025-02-10T03:08:18.613+0000] {processor.py:925} INFO - DAG(s) 'example_trigger_controller_dag' retrieved from /home/airflow/.local/lib/python3.12/site-packages/airflow/example_dags/example_trigger_controller_dag.py
[2025-02-10T03:08:18.624+0000] {logging_mixin.py:190} INFO - [2025-02-10T03:08:18.624+0000] {dag.py:3239} INFO - Sync 1 DAGs
[2025-02-10T03:08:18.644+0000] {logging_mixin.py:190} INFO - [2025-02-10T03:08:18.644+0000] {dag.py:4180} INFO - Setting next_dagrun for example_trigger_controller_dag to 2021-01-01 00:00:00+00:00, run_after=2021-01-01 00:00:00+00:00
[2025-02-10T03:08:18.659+0000] {processor.py:208} INFO - Processing /home/airflow/.local/lib/python3.12/site-packages/airflow/example_dags/example_trigger_controller_dag.py took 0.059 seconds
[2025-02-10T03:08:49.228+0000] {processor.py:186} INFO - Started process (PID=1695) to work on /home/airflow/.local/lib/python3.12/site-packages/airflow/example_dags/example_trigger_controller_dag.py
[2025-02-10T03:08:49.229+0000] {processor.py:914} INFO - Processing file /home/airflow/.local/lib/python3.12/site-packages/airflow/example_dags/example_trigger_controller_dag.py for tasks to queue
[2025-02-10T03:08:49.230+0000] {logging_mixin.py:190} INFO - [2025-02-10T03:08:49.230+0000] {dagbag.py:588} INFO - Filling up the DagBag from /home/airflow/.local/lib/python3.12/site-packages/airflow/example_dags/example_trigger_controller_dag.py
[2025-02-10T03:08:49.233+0000] {processor.py:925} INFO - DAG(s) 'example_trigger_controller_dag' retrieved from /home/airflow/.local/lib/python3.12/site-packages/airflow/example_dags/example_trigger_controller_dag.py
[2025-02-10T03:08:49.241+0000] {logging_mixin.py:190} INFO - [2025-02-10T03:08:49.241+0000] {dag.py:3239} INFO - Sync 1 DAGs
[2025-02-10T03:08:49.249+0000] {logging_mixin.py:190} INFO - [2025-02-10T03:08:49.249+0000] {dag.py:4180} INFO - Setting next_dagrun for example_trigger_controller_dag to 2021-01-01 00:00:00+00:00, run_after=2021-01-01 00:00:00+00:00
[2025-02-10T03:08:49.256+0000] {processor.py:208} INFO - Processing /home/airflow/.local/lib/python3.12/site-packages/airflow/example_dags/example_trigger_controller_dag.py took 0.030 seconds
[2025-02-10T03:09:20.781+0000] {processor.py:186} INFO - Started process (PID=1759) to work on /home/airflow/.local/lib/python3.12/site-packages/airflow/example_dags/example_trigger_controller_dag.py
[2025-02-10T03:09:20.781+0000] {processor.py:914} INFO - Processing file /home/airflow/.local/lib/python3.12/site-packages/airflow/example_dags/example_trigger_controller_dag.py for tasks to queue
[2025-02-10T03:09:20.782+0000] {logging_mixin.py:190} INFO - [2025-02-10T03:09:20.782+0000] {dagbag.py:588} INFO - Filling up the DagBag from /home/airflow/.local/lib/python3.12/site-packages/airflow/example_dags/example_trigger_controller_dag.py
[2025-02-10T03:09:20.785+0000] {processor.py:925} INFO - DAG(s) 'example_trigger_controller_dag' retrieved from /home/airflow/.local/lib/python3.12/site-packages/airflow/example_dags/example_trigger_controller_dag.py
[2025-02-10T03:09:20.793+0000] {logging_mixin.py:190} INFO - [2025-02-10T03:09:20.793+0000] {dag.py:3239} INFO - Sync 1 DAGs
[2025-02-10T03:09:20.802+0000] {logging_mixin.py:190} INFO - [2025-02-10T03:09:20.801+0000] {dag.py:4180} INFO - Setting next_dagrun for example_trigger_controller_dag to 2021-01-01 00:00:00+00:00, run_after=2021-01-01 00:00:00+00:00
[2025-02-10T03:09:20.808+0000] {processor.py:208} INFO - Processing /home/airflow/.local/lib/python3.12/site-packages/airflow/example_dags/example_trigger_controller_dag.py took 0.030 seconds
[2025-02-10T03:09:51.647+0000] {processor.py:186} INFO - Started process (PID=1823) to work on /home/airflow/.local/lib/python3.12/site-packages/airflow/example_dags/example_trigger_controller_dag.py
[2025-02-10T03:09:51.650+0000] {processor.py:914} INFO - Processing file /home/airflow/.local/lib/python3.12/site-packages/airflow/example_dags/example_trigger_controller_dag.py for tasks to queue
[2025-02-10T03:09:51.652+0000] {logging_mixin.py:190} INFO - [2025-02-10T03:09:51.651+0000] {dagbag.py:588} INFO - Filling up the DagBag from /home/airflow/.local/lib/python3.12/site-packages/airflow/example_dags/example_trigger_controller_dag.py
[2025-02-10T03:09:51.657+0000] {processor.py:925} INFO - DAG(s) 'example_trigger_controller_dag' retrieved from /home/airflow/.local/lib/python3.12/site-packages/airflow/example_dags/example_trigger_controller_dag.py
[2025-02-10T03:09:51.671+0000] {logging_mixin.py:190} INFO - [2025-02-10T03:09:51.671+0000] {dag.py:3239} INFO - Sync 1 DAGs
[2025-02-10T03:09:51.682+0000] {logging_mixin.py:190} INFO - [2025-02-10T03:09:51.682+0000] {dag.py:4180} INFO - Setting next_dagrun for example_trigger_controller_dag to 2021-01-01 00:00:00+00:00, run_after=2021-01-01 00:00:00+00:00
[2025-02-10T03:09:51.694+0000] {processor.py:208} INFO - Processing /home/airflow/.local/lib/python3.12/site-packages/airflow/example_dags/example_trigger_controller_dag.py took 0.050 seconds
[2025-02-10T03:10:22.697+0000] {processor.py:186} INFO - Started process (PID=1887) to work on /home/airflow/.local/lib/python3.12/site-packages/airflow/example_dags/example_trigger_controller_dag.py
[2025-02-10T03:10:22.697+0000] {processor.py:914} INFO - Processing file /home/airflow/.local/lib/python3.12/site-packages/airflow/example_dags/example_trigger_controller_dag.py for tasks to queue
[2025-02-10T03:10:22.699+0000] {logging_mixin.py:190} INFO - [2025-02-10T03:10:22.699+0000] {dagbag.py:588} INFO - Filling up the DagBag from /home/airflow/.local/lib/python3.12/site-packages/airflow/example_dags/example_trigger_controller_dag.py
[2025-02-10T03:10:22.702+0000] {processor.py:925} INFO - DAG(s) 'example_trigger_controller_dag' retrieved from /home/airflow/.local/lib/python3.12/site-packages/airflow/example_dags/example_trigger_controller_dag.py
[2025-02-10T03:10:22.711+0000] {logging_mixin.py:190} INFO - [2025-02-10T03:10:22.711+0000] {dag.py:3239} INFO - Sync 1 DAGs
[2025-02-10T03:10:22.724+0000] {logging_mixin.py:190} INFO - [2025-02-10T03:10:22.724+0000] {dag.py:4180} INFO - Setting next_dagrun for example_trigger_controller_dag to 2021-01-01 00:00:00+00:00, run_after=2021-01-01 00:00:00+00:00
[2025-02-10T03:10:22.734+0000] {processor.py:208} INFO - Processing /home/airflow/.local/lib/python3.12/site-packages/airflow/example_dags/example_trigger_controller_dag.py took 0.040 seconds
[2025-02-10T03:10:53.530+0000] {processor.py:186} INFO - Started process (PID=1951) to work on /home/airflow/.local/lib/python3.12/site-packages/airflow/example_dags/example_trigger_controller_dag.py
[2025-02-10T03:10:53.531+0000] {processor.py:914} INFO - Processing file /home/airflow/.local/lib/python3.12/site-packages/airflow/example_dags/example_trigger_controller_dag.py for tasks to queue
[2025-02-10T03:10:53.532+0000] {logging_mixin.py:190} INFO - [2025-02-10T03:10:53.532+0000] {dagbag.py:588} INFO - Filling up the DagBag from /home/airflow/.local/lib/python3.12/site-packages/airflow/example_dags/example_trigger_controller_dag.py
[2025-02-10T03:10:53.535+0000] {processor.py:925} INFO - DAG(s) 'example_trigger_controller_dag' retrieved from /home/airflow/.local/lib/python3.12/site-packages/airflow/example_dags/example_trigger_controller_dag.py
[2025-02-10T03:10:53.542+0000] {logging_mixin.py:190} INFO - [2025-02-10T03:10:53.542+0000] {dag.py:3239} INFO - Sync 1 DAGs
[2025-02-10T03:10:53.550+0000] {logging_mixin.py:190} INFO - [2025-02-10T03:10:53.550+0000] {dag.py:4180} INFO - Setting next_dagrun for example_trigger_controller_dag to 2021-01-01 00:00:00+00:00, run_after=2021-01-01 00:00:00+00:00
[2025-02-10T03:10:53.557+0000] {processor.py:208} INFO - Processing /home/airflow/.local/lib/python3.12/site-packages/airflow/example_dags/example_trigger_controller_dag.py took 0.029 seconds
[2025-02-10T03:11:24.948+0000] {processor.py:186} INFO - Started process (PID=2015) to work on /home/airflow/.local/lib/python3.12/site-packages/airflow/example_dags/example_trigger_controller_dag.py
[2025-02-10T03:11:24.951+0000] {processor.py:914} INFO - Processing file /home/airflow/.local/lib/python3.12/site-packages/airflow/example_dags/example_trigger_controller_dag.py for tasks to queue
[2025-02-10T03:11:24.954+0000] {logging_mixin.py:190} INFO - [2025-02-10T03:11:24.954+0000] {dagbag.py:588} INFO - Filling up the DagBag from /home/airflow/.local/lib/python3.12/site-packages/airflow/example_dags/example_trigger_controller_dag.py
[2025-02-10T03:11:24.961+0000] {processor.py:925} INFO - DAG(s) 'example_trigger_controller_dag' retrieved from /home/airflow/.local/lib/python3.12/site-packages/airflow/example_dags/example_trigger_controller_dag.py
[2025-02-10T03:11:24.982+0000] {logging_mixin.py:190} INFO - [2025-02-10T03:11:24.982+0000] {dag.py:3239} INFO - Sync 1 DAGs
[2025-02-10T03:11:25.006+0000] {logging_mixin.py:190} INFO - [2025-02-10T03:11:25.006+0000] {dag.py:4180} INFO - Setting next_dagrun for example_trigger_controller_dag to 2021-01-01 00:00:00+00:00, run_after=2021-01-01 00:00:00+00:00
[2025-02-10T03:11:25.020+0000] {processor.py:208} INFO - Processing /home/airflow/.local/lib/python3.12/site-packages/airflow/example_dags/example_trigger_controller_dag.py took 0.077 seconds
[2025-02-10T03:11:55.648+0000] {processor.py:186} INFO - Started process (PID=2079) to work on /home/airflow/.local/lib/python3.12/site-packages/airflow/example_dags/example_trigger_controller_dag.py
[2025-02-10T03:11:55.648+0000] {processor.py:914} INFO - Processing file /home/airflow/.local/lib/python3.12/site-packages/airflow/example_dags/example_trigger_controller_dag.py for tasks to queue
[2025-02-10T03:11:55.649+0000] {logging_mixin.py:190} INFO - [2025-02-10T03:11:55.649+0000] {dagbag.py:588} INFO - Filling up the DagBag from /home/airflow/.local/lib/python3.12/site-packages/airflow/example_dags/example_trigger_controller_dag.py
[2025-02-10T03:11:55.653+0000] {processor.py:925} INFO - DAG(s) 'example_trigger_controller_dag' retrieved from /home/airflow/.local/lib/python3.12/site-packages/airflow/example_dags/example_trigger_controller_dag.py
[2025-02-10T03:11:55.662+0000] {logging_mixin.py:190} INFO - [2025-02-10T03:11:55.662+0000] {dag.py:3239} INFO - Sync 1 DAGs
[2025-02-10T03:11:55.671+0000] {logging_mixin.py:190} INFO - [2025-02-10T03:11:55.671+0000] {dag.py:4180} INFO - Setting next_dagrun for example_trigger_controller_dag to 2021-01-01 00:00:00+00:00, run_after=2021-01-01 00:00:00+00:00
[2025-02-10T03:11:55.677+0000] {processor.py:208} INFO - Processing /home/airflow/.local/lib/python3.12/site-packages/airflow/example_dags/example_trigger_controller_dag.py took 0.032 seconds
[2025-02-10T03:12:27.094+0000] {processor.py:186} INFO - Started process (PID=2144) to work on /home/airflow/.local/lib/python3.12/site-packages/airflow/example_dags/example_trigger_controller_dag.py
[2025-02-10T03:12:27.095+0000] {processor.py:914} INFO - Processing file /home/airflow/.local/lib/python3.12/site-packages/airflow/example_dags/example_trigger_controller_dag.py for tasks to queue
[2025-02-10T03:12:27.098+0000] {logging_mixin.py:190} INFO - [2025-02-10T03:12:27.097+0000] {dagbag.py:588} INFO - Filling up the DagBag from /home/airflow/.local/lib/python3.12/site-packages/airflow/example_dags/example_trigger_controller_dag.py
[2025-02-10T03:12:27.103+0000] {processor.py:925} INFO - DAG(s) 'example_trigger_controller_dag' retrieved from /home/airflow/.local/lib/python3.12/site-packages/airflow/example_dags/example_trigger_controller_dag.py
[2025-02-10T03:12:27.117+0000] {logging_mixin.py:190} INFO - [2025-02-10T03:12:27.116+0000] {dag.py:3239} INFO - Sync 1 DAGs
[2025-02-10T03:12:27.126+0000] {logging_mixin.py:190} INFO - [2025-02-10T03:12:27.126+0000] {dag.py:4180} INFO - Setting next_dagrun for example_trigger_controller_dag to 2021-01-01 00:00:00+00:00, run_after=2021-01-01 00:00:00+00:00
[2025-02-10T03:12:27.140+0000] {processor.py:208} INFO - Processing /home/airflow/.local/lib/python3.12/site-packages/airflow/example_dags/example_trigger_controller_dag.py took 0.049 seconds
[2025-02-10T03:12:58.186+0000] {processor.py:186} INFO - Started process (PID=2208) to work on /home/airflow/.local/lib/python3.12/site-packages/airflow/example_dags/example_trigger_controller_dag.py
[2025-02-10T03:12:58.189+0000] {processor.py:914} INFO - Processing file /home/airflow/.local/lib/python3.12/site-packages/airflow/example_dags/example_trigger_controller_dag.py for tasks to queue
[2025-02-10T03:12:58.190+0000] {logging_mixin.py:190} INFO - [2025-02-10T03:12:58.190+0000] {dagbag.py:588} INFO - Filling up the DagBag from /home/airflow/.local/lib/python3.12/site-packages/airflow/example_dags/example_trigger_controller_dag.py
[2025-02-10T03:12:58.193+0000] {processor.py:925} INFO - DAG(s) 'example_trigger_controller_dag' retrieved from /home/airflow/.local/lib/python3.12/site-packages/airflow/example_dags/example_trigger_controller_dag.py
[2025-02-10T03:12:58.210+0000] {logging_mixin.py:190} INFO - [2025-02-10T03:12:58.210+0000] {dag.py:3239} INFO - Sync 1 DAGs
[2025-02-10T03:12:58.223+0000] {logging_mixin.py:190} INFO - [2025-02-10T03:12:58.223+0000] {dag.py:4180} INFO - Setting next_dagrun for example_trigger_controller_dag to 2021-01-01 00:00:00+00:00, run_after=2021-01-01 00:00:00+00:00
[2025-02-10T03:12:58.232+0000] {processor.py:208} INFO - Processing /home/airflow/.local/lib/python3.12/site-packages/airflow/example_dags/example_trigger_controller_dag.py took 0.049 seconds
[2025-02-10T03:13:28.959+0000] {processor.py:186} INFO - Started process (PID=2272) to work on /home/airflow/.local/lib/python3.12/site-packages/airflow/example_dags/example_trigger_controller_dag.py
[2025-02-10T03:13:28.962+0000] {processor.py:914} INFO - Processing file /home/airflow/.local/lib/python3.12/site-packages/airflow/example_dags/example_trigger_controller_dag.py for tasks to queue
[2025-02-10T03:13:28.966+0000] {logging_mixin.py:190} INFO - [2025-02-10T03:13:28.965+0000] {dagbag.py:588} INFO - Filling up the DagBag from /home/airflow/.local/lib/python3.12/site-packages/airflow/example_dags/example_trigger_controller_dag.py
[2025-02-10T03:13:28.978+0000] {processor.py:925} INFO - DAG(s) 'example_trigger_controller_dag' retrieved from /home/airflow/.local/lib/python3.12/site-packages/airflow/example_dags/example_trigger_controller_dag.py
[2025-02-10T03:13:28.996+0000] {logging_mixin.py:190} INFO - [2025-02-10T03:13:28.996+0000] {dag.py:3239} INFO - Sync 1 DAGs
[2025-02-10T03:13:29.015+0000] {logging_mixin.py:190} INFO - [2025-02-10T03:13:29.015+0000] {dag.py:4180} INFO - Setting next_dagrun for example_trigger_controller_dag to 2021-01-01 00:00:00+00:00, run_after=2021-01-01 00:00:00+00:00
[2025-02-10T03:13:29.029+0000] {processor.py:208} INFO - Processing /home/airflow/.local/lib/python3.12/site-packages/airflow/example_dags/example_trigger_controller_dag.py took 0.080 seconds
[2025-02-10T03:14:00.017+0000] {processor.py:186} INFO - Started process (PID=2336) to work on /home/airflow/.local/lib/python3.12/site-packages/airflow/example_dags/example_trigger_controller_dag.py
[2025-02-10T03:14:00.019+0000] {processor.py:914} INFO - Processing file /home/airflow/.local/lib/python3.12/site-packages/airflow/example_dags/example_trigger_controller_dag.py for tasks to queue
[2025-02-10T03:14:00.020+0000] {logging_mixin.py:190} INFO - [2025-02-10T03:14:00.020+0000] {dagbag.py:588} INFO - Filling up the DagBag from /home/airflow/.local/lib/python3.12/site-packages/airflow/example_dags/example_trigger_controller_dag.py
[2025-02-10T03:14:00.026+0000] {processor.py:925} INFO - DAG(s) 'example_trigger_controller_dag' retrieved from /home/airflow/.local/lib/python3.12/site-packages/airflow/example_dags/example_trigger_controller_dag.py
[2025-02-10T03:14:00.045+0000] {logging_mixin.py:190} INFO - [2025-02-10T03:14:00.045+0000] {dag.py:3239} INFO - Sync 1 DAGs
[2025-02-10T03:14:00.058+0000] {logging_mixin.py:190} INFO - [2025-02-10T03:14:00.058+0000] {dag.py:4180} INFO - Setting next_dagrun for example_trigger_controller_dag to 2021-01-01 00:00:00+00:00, run_after=2021-01-01 00:00:00+00:00
[2025-02-10T03:14:00.069+0000] {processor.py:208} INFO - Processing /home/airflow/.local/lib/python3.12/site-packages/airflow/example_dags/example_trigger_controller_dag.py took 0.056 seconds
[2025-02-10T03:14:30.792+0000] {processor.py:186} INFO - Started process (PID=2400) to work on /home/airflow/.local/lib/python3.12/site-packages/airflow/example_dags/example_trigger_controller_dag.py
[2025-02-10T03:14:30.795+0000] {processor.py:914} INFO - Processing file /home/airflow/.local/lib/python3.12/site-packages/airflow/example_dags/example_trigger_controller_dag.py for tasks to queue
[2025-02-10T03:14:30.796+0000] {logging_mixin.py:190} INFO - [2025-02-10T03:14:30.796+0000] {dagbag.py:588} INFO - Filling up the DagBag from /home/airflow/.local/lib/python3.12/site-packages/airflow/example_dags/example_trigger_controller_dag.py
[2025-02-10T03:14:30.802+0000] {processor.py:925} INFO - DAG(s) 'example_trigger_controller_dag' retrieved from /home/airflow/.local/lib/python3.12/site-packages/airflow/example_dags/example_trigger_controller_dag.py
[2025-02-10T03:14:30.814+0000] {logging_mixin.py:190} INFO - [2025-02-10T03:14:30.814+0000] {dag.py:3239} INFO - Sync 1 DAGs
[2025-02-10T03:14:30.825+0000] {logging_mixin.py:190} INFO - [2025-02-10T03:14:30.825+0000] {dag.py:4180} INFO - Setting next_dagrun for example_trigger_controller_dag to 2021-01-01 00:00:00+00:00, run_after=2021-01-01 00:00:00+00:00
[2025-02-10T03:14:30.837+0000] {processor.py:208} INFO - Processing /home/airflow/.local/lib/python3.12/site-packages/airflow/example_dags/example_trigger_controller_dag.py took 0.048 seconds
[2025-02-10T03:15:01.706+0000] {processor.py:186} INFO - Started process (PID=2464) to work on /home/airflow/.local/lib/python3.12/site-packages/airflow/example_dags/example_trigger_controller_dag.py
[2025-02-10T03:15:01.708+0000] {processor.py:914} INFO - Processing file /home/airflow/.local/lib/python3.12/site-packages/airflow/example_dags/example_trigger_controller_dag.py for tasks to queue
[2025-02-10T03:15:01.710+0000] {logging_mixin.py:190} INFO - [2025-02-10T03:15:01.710+0000] {dagbag.py:588} INFO - Filling up the DagBag from /home/airflow/.local/lib/python3.12/site-packages/airflow/example_dags/example_trigger_controller_dag.py
[2025-02-10T03:15:01.714+0000] {processor.py:925} INFO - DAG(s) 'example_trigger_controller_dag' retrieved from /home/airflow/.local/lib/python3.12/site-packages/airflow/example_dags/example_trigger_controller_dag.py
[2025-02-10T03:15:01.724+0000] {logging_mixin.py:190} INFO - [2025-02-10T03:15:01.724+0000] {dag.py:3239} INFO - Sync 1 DAGs
[2025-02-10T03:15:01.734+0000] {logging_mixin.py:190} INFO - [2025-02-10T03:15:01.734+0000] {dag.py:4180} INFO - Setting next_dagrun for example_trigger_controller_dag to 2021-01-01 00:00:00+00:00, run_after=2021-01-01 00:00:00+00:00
[2025-02-10T03:15:01.744+0000] {processor.py:208} INFO - Processing /home/airflow/.local/lib/python3.12/site-packages/airflow/example_dags/example_trigger_controller_dag.py took 0.041 seconds
[2025-02-10T03:15:32.279+0000] {processor.py:186} INFO - Started process (PID=2527) to work on /home/airflow/.local/lib/python3.12/site-packages/airflow/example_dags/example_trigger_controller_dag.py
[2025-02-10T03:15:32.280+0000] {processor.py:914} INFO - Processing file /home/airflow/.local/lib/python3.12/site-packages/airflow/example_dags/example_trigger_controller_dag.py for tasks to queue
[2025-02-10T03:15:32.281+0000] {logging_mixin.py:190} INFO - [2025-02-10T03:15:32.281+0000] {dagbag.py:588} INFO - Filling up the DagBag from /home/airflow/.local/lib/python3.12/site-packages/airflow/example_dags/example_trigger_controller_dag.py
[2025-02-10T03:15:32.285+0000] {processor.py:925} INFO - DAG(s) 'example_trigger_controller_dag' retrieved from /home/airflow/.local/lib/python3.12/site-packages/airflow/example_dags/example_trigger_controller_dag.py
[2025-02-10T03:15:32.297+0000] {logging_mixin.py:190} INFO - [2025-02-10T03:15:32.296+0000] {dag.py:3239} INFO - Sync 1 DAGs
[2025-02-10T03:15:32.309+0000] {logging_mixin.py:190} INFO - [2025-02-10T03:15:32.309+0000] {dag.py:4180} INFO - Setting next_dagrun for example_trigger_controller_dag to 2021-01-01 00:00:00+00:00, run_after=2021-01-01 00:00:00+00:00
[2025-02-10T03:15:32.317+0000] {processor.py:208} INFO - Processing /home/airflow/.local/lib/python3.12/site-packages/airflow/example_dags/example_trigger_controller_dag.py took 0.046 seconds
