[2025-02-10T02:55:50.224+0000] {processor.py:186} INFO - Started process (PID=94) to work on /home/airflow/.local/lib/python3.12/site-packages/airflow/example_dags/example_kubernetes_executor.py
[2025-02-10T02:55:50.232+0000] {processor.py:914} INFO - Processing file /home/airflow/.local/lib/python3.12/site-packages/airflow/example_dags/example_kubernetes_executor.py for tasks to queue
[2025-02-10T02:55:50.234+0000] {logging_mixin.py:190} INFO - [2025-02-10T02:55:50.234+0000] {dagbag.py:588} INFO - Filling up the DagBag from /home/airflow/.local/lib/python3.12/site-packages/airflow/example_dags/example_kubernetes_executor.py
[2025-02-10T02:55:50.249+0000] {processor.py:925} INFO - DAG(s) 'example_kubernetes_executor' retrieved from /home/airflow/.local/lib/python3.12/site-packages/airflow/example_dags/example_kubernetes_executor.py
[2025-02-10T02:55:50.322+0000] {logging_mixin.py:190} INFO - [2025-02-10T02:55:50.321+0000] {override.py:1911} INFO - Created Permission View: can read on DAG:example_kubernetes_executor
[2025-02-10T02:55:50.328+0000] {logging_mixin.py:190} INFO - [2025-02-10T02:55:50.328+0000] {override.py:1911} INFO - Created Permission View: can edit on DAG:example_kubernetes_executor
[2025-02-10T02:55:50.331+0000] {logging_mixin.py:190} INFO - [2025-02-10T02:55:50.331+0000] {override.py:1911} INFO - Created Permission View: can delete on DAG:example_kubernetes_executor
[2025-02-10T02:55:50.335+0000] {logging_mixin.py:190} INFO - [2025-02-10T02:55:50.335+0000] {override.py:1911} INFO - Created Permission View: can read on DAG Run:example_kubernetes_executor
[2025-02-10T02:55:50.338+0000] {logging_mixin.py:190} INFO - [2025-02-10T02:55:50.338+0000] {override.py:1911} INFO - Created Permission View: can delete on DAG Run:example_kubernetes_executor
[2025-02-10T02:55:50.341+0000] {logging_mixin.py:190} INFO - [2025-02-10T02:55:50.341+0000] {override.py:1911} INFO - Created Permission View: menu access on DAG Run:example_kubernetes_executor
[2025-02-10T02:55:50.345+0000] {logging_mixin.py:190} INFO - [2025-02-10T02:55:50.344+0000] {override.py:1911} INFO - Created Permission View: can create on DAG Run:example_kubernetes_executor
[2025-02-10T02:55:50.345+0000] {logging_mixin.py:190} INFO - [2025-02-10T02:55:50.345+0000] {dag.py:3239} INFO - Sync 1 DAGs
[2025-02-10T02:55:50.363+0000] {logging_mixin.py:190} INFO - [2025-02-10T02:55:50.362+0000] {dag.py:3262} INFO - Creating ORM DAG for example_kubernetes_executor
[2025-02-10T02:55:50.363+0000] {logging_mixin.py:190} INFO - [2025-02-10T02:55:50.363+0000] {dag.py:4180} INFO - Setting next_dagrun for example_kubernetes_executor to None, run_after=None
[2025-02-10T02:55:50.376+0000] {processor.py:208} INFO - Processing /home/airflow/.local/lib/python3.12/site-packages/airflow/example_dags/example_kubernetes_executor.py took 0.155 seconds
[2025-02-10T02:56:21.375+0000] {processor.py:186} INFO - Started process (PID=158) to work on /home/airflow/.local/lib/python3.12/site-packages/airflow/example_dags/example_kubernetes_executor.py
[2025-02-10T02:56:21.376+0000] {processor.py:914} INFO - Processing file /home/airflow/.local/lib/python3.12/site-packages/airflow/example_dags/example_kubernetes_executor.py for tasks to queue
[2025-02-10T02:56:21.379+0000] {logging_mixin.py:190} INFO - [2025-02-10T02:56:21.379+0000] {dagbag.py:588} INFO - Filling up the DagBag from /home/airflow/.local/lib/python3.12/site-packages/airflow/example_dags/example_kubernetes_executor.py
[2025-02-10T02:56:21.406+0000] {processor.py:925} INFO - DAG(s) 'example_kubernetes_executor' retrieved from /home/airflow/.local/lib/python3.12/site-packages/airflow/example_dags/example_kubernetes_executor.py
[2025-02-10T02:56:21.434+0000] {logging_mixin.py:190} INFO - [2025-02-10T02:56:21.434+0000] {dag.py:3239} INFO - Sync 1 DAGs
[2025-02-10T02:56:21.449+0000] {logging_mixin.py:190} INFO - [2025-02-10T02:56:21.449+0000] {dag.py:4180} INFO - Setting next_dagrun for example_kubernetes_executor to None, run_after=None
[2025-02-10T02:56:21.469+0000] {processor.py:208} INFO - Processing /home/airflow/.local/lib/python3.12/site-packages/airflow/example_dags/example_kubernetes_executor.py took 0.101 seconds
[2025-02-10T02:56:52.195+0000] {processor.py:186} INFO - Started process (PID=222) to work on /home/airflow/.local/lib/python3.12/site-packages/airflow/example_dags/example_kubernetes_executor.py
[2025-02-10T02:56:52.197+0000] {processor.py:914} INFO - Processing file /home/airflow/.local/lib/python3.12/site-packages/airflow/example_dags/example_kubernetes_executor.py for tasks to queue
[2025-02-10T02:56:52.202+0000] {logging_mixin.py:190} INFO - [2025-02-10T02:56:52.202+0000] {dagbag.py:588} INFO - Filling up the DagBag from /home/airflow/.local/lib/python3.12/site-packages/airflow/example_dags/example_kubernetes_executor.py
[2025-02-10T02:56:52.217+0000] {processor.py:925} INFO - DAG(s) 'example_kubernetes_executor' retrieved from /home/airflow/.local/lib/python3.12/site-packages/airflow/example_dags/example_kubernetes_executor.py
[2025-02-10T02:56:52.237+0000] {logging_mixin.py:190} INFO - [2025-02-10T02:56:52.237+0000] {dag.py:3239} INFO - Sync 1 DAGs
[2025-02-10T02:56:52.247+0000] {logging_mixin.py:190} INFO - [2025-02-10T02:56:52.246+0000] {dag.py:4180} INFO - Setting next_dagrun for example_kubernetes_executor to None, run_after=None
[2025-02-10T02:56:52.259+0000] {processor.py:208} INFO - Processing /home/airflow/.local/lib/python3.12/site-packages/airflow/example_dags/example_kubernetes_executor.py took 0.069 seconds
[2025-02-10T02:57:22.612+0000] {processor.py:186} INFO - Started process (PID=285) to work on /home/airflow/.local/lib/python3.12/site-packages/airflow/example_dags/example_kubernetes_executor.py
[2025-02-10T02:57:22.615+0000] {processor.py:914} INFO - Processing file /home/airflow/.local/lib/python3.12/site-packages/airflow/example_dags/example_kubernetes_executor.py for tasks to queue
[2025-02-10T02:57:22.619+0000] {logging_mixin.py:190} INFO - [2025-02-10T02:57:22.619+0000] {dagbag.py:588} INFO - Filling up the DagBag from /home/airflow/.local/lib/python3.12/site-packages/airflow/example_dags/example_kubernetes_executor.py
[2025-02-10T02:57:22.663+0000] {processor.py:925} INFO - DAG(s) 'example_kubernetes_executor' retrieved from /home/airflow/.local/lib/python3.12/site-packages/airflow/example_dags/example_kubernetes_executor.py
[2025-02-10T02:57:22.693+0000] {logging_mixin.py:190} INFO - [2025-02-10T02:57:22.692+0000] {dag.py:3239} INFO - Sync 1 DAGs
[2025-02-10T02:57:22.702+0000] {logging_mixin.py:190} INFO - [2025-02-10T02:57:22.702+0000] {dag.py:4180} INFO - Setting next_dagrun for example_kubernetes_executor to None, run_after=None
[2025-02-10T02:57:22.716+0000] {processor.py:208} INFO - Processing /home/airflow/.local/lib/python3.12/site-packages/airflow/example_dags/example_kubernetes_executor.py took 0.108 seconds
[2025-02-10T02:57:53.295+0000] {processor.py:186} INFO - Started process (PID=349) to work on /home/airflow/.local/lib/python3.12/site-packages/airflow/example_dags/example_kubernetes_executor.py
[2025-02-10T02:57:53.296+0000] {processor.py:914} INFO - Processing file /home/airflow/.local/lib/python3.12/site-packages/airflow/example_dags/example_kubernetes_executor.py for tasks to queue
[2025-02-10T02:57:53.298+0000] {logging_mixin.py:190} INFO - [2025-02-10T02:57:53.298+0000] {dagbag.py:588} INFO - Filling up the DagBag from /home/airflow/.local/lib/python3.12/site-packages/airflow/example_dags/example_kubernetes_executor.py
[2025-02-10T02:57:53.323+0000] {processor.py:925} INFO - DAG(s) 'example_kubernetes_executor' retrieved from /home/airflow/.local/lib/python3.12/site-packages/airflow/example_dags/example_kubernetes_executor.py
[2025-02-10T02:57:53.362+0000] {logging_mixin.py:190} INFO - [2025-02-10T02:57:53.362+0000] {dag.py:3239} INFO - Sync 1 DAGs
[2025-02-10T02:57:53.375+0000] {logging_mixin.py:190} INFO - [2025-02-10T02:57:53.375+0000] {dag.py:4180} INFO - Setting next_dagrun for example_kubernetes_executor to None, run_after=None
[2025-02-10T02:57:53.394+0000] {processor.py:208} INFO - Processing /home/airflow/.local/lib/python3.12/site-packages/airflow/example_dags/example_kubernetes_executor.py took 0.106 seconds
[2025-02-10T02:58:23.484+0000] {processor.py:186} INFO - Started process (PID=413) to work on /home/airflow/.local/lib/python3.12/site-packages/airflow/example_dags/example_kubernetes_executor.py
[2025-02-10T02:58:23.488+0000] {processor.py:914} INFO - Processing file /home/airflow/.local/lib/python3.12/site-packages/airflow/example_dags/example_kubernetes_executor.py for tasks to queue
[2025-02-10T02:58:23.489+0000] {logging_mixin.py:190} INFO - [2025-02-10T02:58:23.489+0000] {dagbag.py:588} INFO - Filling up the DagBag from /home/airflow/.local/lib/python3.12/site-packages/airflow/example_dags/example_kubernetes_executor.py
[2025-02-10T02:58:23.499+0000] {processor.py:925} INFO - DAG(s) 'example_kubernetes_executor' retrieved from /home/airflow/.local/lib/python3.12/site-packages/airflow/example_dags/example_kubernetes_executor.py
[2025-02-10T02:58:23.514+0000] {logging_mixin.py:190} INFO - [2025-02-10T02:58:23.513+0000] {dag.py:3239} INFO - Sync 1 DAGs
[2025-02-10T02:58:23.521+0000] {logging_mixin.py:190} INFO - [2025-02-10T02:58:23.521+0000] {dag.py:4180} INFO - Setting next_dagrun for example_kubernetes_executor to None, run_after=None
[2025-02-10T02:58:23.529+0000] {processor.py:208} INFO - Processing /home/airflow/.local/lib/python3.12/site-packages/airflow/example_dags/example_kubernetes_executor.py took 0.047 seconds
[2025-02-10T02:58:54.054+0000] {processor.py:186} INFO - Started process (PID=477) to work on /home/airflow/.local/lib/python3.12/site-packages/airflow/example_dags/example_kubernetes_executor.py
[2025-02-10T02:58:54.055+0000] {processor.py:914} INFO - Processing file /home/airflow/.local/lib/python3.12/site-packages/airflow/example_dags/example_kubernetes_executor.py for tasks to queue
[2025-02-10T02:58:54.056+0000] {logging_mixin.py:190} INFO - [2025-02-10T02:58:54.056+0000] {dagbag.py:588} INFO - Filling up the DagBag from /home/airflow/.local/lib/python3.12/site-packages/airflow/example_dags/example_kubernetes_executor.py
[2025-02-10T02:58:54.064+0000] {processor.py:925} INFO - DAG(s) 'example_kubernetes_executor' retrieved from /home/airflow/.local/lib/python3.12/site-packages/airflow/example_dags/example_kubernetes_executor.py
[2025-02-10T02:58:54.079+0000] {logging_mixin.py:190} INFO - [2025-02-10T02:58:54.079+0000] {dag.py:3239} INFO - Sync 1 DAGs
[2025-02-10T02:58:54.088+0000] {logging_mixin.py:190} INFO - [2025-02-10T02:58:54.088+0000] {dag.py:4180} INFO - Setting next_dagrun for example_kubernetes_executor to None, run_after=None
[2025-02-10T02:58:54.106+0000] {processor.py:208} INFO - Processing /home/airflow/.local/lib/python3.12/site-packages/airflow/example_dags/example_kubernetes_executor.py took 0.057 seconds
[2025-02-10T02:59:25.643+0000] {processor.py:186} INFO - Started process (PID=541) to work on /home/airflow/.local/lib/python3.12/site-packages/airflow/example_dags/example_kubernetes_executor.py
[2025-02-10T02:59:25.643+0000] {processor.py:914} INFO - Processing file /home/airflow/.local/lib/python3.12/site-packages/airflow/example_dags/example_kubernetes_executor.py for tasks to queue
[2025-02-10T02:59:25.646+0000] {logging_mixin.py:190} INFO - [2025-02-10T02:59:25.646+0000] {dagbag.py:588} INFO - Filling up the DagBag from /home/airflow/.local/lib/python3.12/site-packages/airflow/example_dags/example_kubernetes_executor.py
[2025-02-10T02:59:25.658+0000] {processor.py:925} INFO - DAG(s) 'example_kubernetes_executor' retrieved from /home/airflow/.local/lib/python3.12/site-packages/airflow/example_dags/example_kubernetes_executor.py
[2025-02-10T02:59:25.697+0000] {logging_mixin.py:190} INFO - [2025-02-10T02:59:25.696+0000] {dag.py:3239} INFO - Sync 1 DAGs
[2025-02-10T02:59:25.719+0000] {logging_mixin.py:190} INFO - [2025-02-10T02:59:25.719+0000] {dag.py:4180} INFO - Setting next_dagrun for example_kubernetes_executor to None, run_after=None
[2025-02-10T02:59:25.735+0000] {processor.py:208} INFO - Processing /home/airflow/.local/lib/python3.12/site-packages/airflow/example_dags/example_kubernetes_executor.py took 0.097 seconds
[2025-02-10T02:59:57.198+0000] {processor.py:186} INFO - Started process (PID=605) to work on /home/airflow/.local/lib/python3.12/site-packages/airflow/example_dags/example_kubernetes_executor.py
[2025-02-10T02:59:57.199+0000] {processor.py:914} INFO - Processing file /home/airflow/.local/lib/python3.12/site-packages/airflow/example_dags/example_kubernetes_executor.py for tasks to queue
[2025-02-10T02:59:57.202+0000] {logging_mixin.py:190} INFO - [2025-02-10T02:59:57.202+0000] {dagbag.py:588} INFO - Filling up the DagBag from /home/airflow/.local/lib/python3.12/site-packages/airflow/example_dags/example_kubernetes_executor.py
[2025-02-10T02:59:57.210+0000] {processor.py:925} INFO - DAG(s) 'example_kubernetes_executor' retrieved from /home/airflow/.local/lib/python3.12/site-packages/airflow/example_dags/example_kubernetes_executor.py
[2025-02-10T02:59:57.234+0000] {logging_mixin.py:190} INFO - [2025-02-10T02:59:57.234+0000] {dag.py:3239} INFO - Sync 1 DAGs
[2025-02-10T02:59:57.241+0000] {logging_mixin.py:190} INFO - [2025-02-10T02:59:57.241+0000] {dag.py:4180} INFO - Setting next_dagrun for example_kubernetes_executor to None, run_after=None
[2025-02-10T02:59:57.253+0000] {processor.py:208} INFO - Processing /home/airflow/.local/lib/python3.12/site-packages/airflow/example_dags/example_kubernetes_executor.py took 0.058 seconds
[2025-02-10T03:00:29.358+0000] {processor.py:186} INFO - Started process (PID=669) to work on /home/airflow/.local/lib/python3.12/site-packages/airflow/example_dags/example_kubernetes_executor.py
[2025-02-10T03:00:29.359+0000] {processor.py:914} INFO - Processing file /home/airflow/.local/lib/python3.12/site-packages/airflow/example_dags/example_kubernetes_executor.py for tasks to queue
[2025-02-10T03:00:29.360+0000] {logging_mixin.py:190} INFO - [2025-02-10T03:00:29.360+0000] {dagbag.py:588} INFO - Filling up the DagBag from /home/airflow/.local/lib/python3.12/site-packages/airflow/example_dags/example_kubernetes_executor.py
[2025-02-10T03:00:29.372+0000] {processor.py:925} INFO - DAG(s) 'example_kubernetes_executor' retrieved from /home/airflow/.local/lib/python3.12/site-packages/airflow/example_dags/example_kubernetes_executor.py
[2025-02-10T03:00:29.388+0000] {logging_mixin.py:190} INFO - [2025-02-10T03:00:29.388+0000] {dag.py:3239} INFO - Sync 1 DAGs
[2025-02-10T03:00:29.397+0000] {logging_mixin.py:190} INFO - [2025-02-10T03:00:29.397+0000] {dag.py:4180} INFO - Setting next_dagrun for example_kubernetes_executor to None, run_after=None
[2025-02-10T03:00:29.411+0000] {processor.py:208} INFO - Processing /home/airflow/.local/lib/python3.12/site-packages/airflow/example_dags/example_kubernetes_executor.py took 0.056 seconds
[2025-02-10T03:01:00.389+0000] {processor.py:186} INFO - Started process (PID=733) to work on /home/airflow/.local/lib/python3.12/site-packages/airflow/example_dags/example_kubernetes_executor.py
[2025-02-10T03:01:00.390+0000] {processor.py:914} INFO - Processing file /home/airflow/.local/lib/python3.12/site-packages/airflow/example_dags/example_kubernetes_executor.py for tasks to queue
[2025-02-10T03:01:00.393+0000] {logging_mixin.py:190} INFO - [2025-02-10T03:01:00.392+0000] {dagbag.py:588} INFO - Filling up the DagBag from /home/airflow/.local/lib/python3.12/site-packages/airflow/example_dags/example_kubernetes_executor.py
[2025-02-10T03:01:00.413+0000] {processor.py:925} INFO - DAG(s) 'example_kubernetes_executor' retrieved from /home/airflow/.local/lib/python3.12/site-packages/airflow/example_dags/example_kubernetes_executor.py
[2025-02-10T03:01:00.445+0000] {logging_mixin.py:190} INFO - [2025-02-10T03:01:00.444+0000] {dag.py:3239} INFO - Sync 1 DAGs
[2025-02-10T03:01:00.453+0000] {logging_mixin.py:190} INFO - [2025-02-10T03:01:00.453+0000] {dag.py:4180} INFO - Setting next_dagrun for example_kubernetes_executor to None, run_after=None
[2025-02-10T03:01:00.465+0000] {processor.py:208} INFO - Processing /home/airflow/.local/lib/python3.12/site-packages/airflow/example_dags/example_kubernetes_executor.py took 0.083 seconds
[2025-02-10T03:01:31.643+0000] {processor.py:186} INFO - Started process (PID=797) to work on /home/airflow/.local/lib/python3.12/site-packages/airflow/example_dags/example_kubernetes_executor.py
[2025-02-10T03:01:31.645+0000] {processor.py:914} INFO - Processing file /home/airflow/.local/lib/python3.12/site-packages/airflow/example_dags/example_kubernetes_executor.py for tasks to queue
[2025-02-10T03:01:31.649+0000] {logging_mixin.py:190} INFO - [2025-02-10T03:01:31.649+0000] {dagbag.py:588} INFO - Filling up the DagBag from /home/airflow/.local/lib/python3.12/site-packages/airflow/example_dags/example_kubernetes_executor.py
[2025-02-10T03:01:31.661+0000] {processor.py:925} INFO - DAG(s) 'example_kubernetes_executor' retrieved from /home/airflow/.local/lib/python3.12/site-packages/airflow/example_dags/example_kubernetes_executor.py
[2025-02-10T03:01:31.690+0000] {logging_mixin.py:190} INFO - [2025-02-10T03:01:31.689+0000] {dag.py:3239} INFO - Sync 1 DAGs
[2025-02-10T03:01:31.708+0000] {logging_mixin.py:190} INFO - [2025-02-10T03:01:31.707+0000] {dag.py:4180} INFO - Setting next_dagrun for example_kubernetes_executor to None, run_after=None
[2025-02-10T03:01:31.720+0000] {processor.py:208} INFO - Processing /home/airflow/.local/lib/python3.12/site-packages/airflow/example_dags/example_kubernetes_executor.py took 0.081 seconds
[2025-02-10T03:02:02.812+0000] {processor.py:186} INFO - Started process (PID=861) to work on /home/airflow/.local/lib/python3.12/site-packages/airflow/example_dags/example_kubernetes_executor.py
[2025-02-10T03:02:02.815+0000] {processor.py:914} INFO - Processing file /home/airflow/.local/lib/python3.12/site-packages/airflow/example_dags/example_kubernetes_executor.py for tasks to queue
[2025-02-10T03:02:02.818+0000] {logging_mixin.py:190} INFO - [2025-02-10T03:02:02.818+0000] {dagbag.py:588} INFO - Filling up the DagBag from /home/airflow/.local/lib/python3.12/site-packages/airflow/example_dags/example_kubernetes_executor.py
[2025-02-10T03:02:02.833+0000] {processor.py:925} INFO - DAG(s) 'example_kubernetes_executor' retrieved from /home/airflow/.local/lib/python3.12/site-packages/airflow/example_dags/example_kubernetes_executor.py
[2025-02-10T03:02:02.849+0000] {logging_mixin.py:190} INFO - [2025-02-10T03:02:02.848+0000] {dag.py:3239} INFO - Sync 1 DAGs
[2025-02-10T03:02:02.855+0000] {logging_mixin.py:190} INFO - [2025-02-10T03:02:02.855+0000] {dag.py:4180} INFO - Setting next_dagrun for example_kubernetes_executor to None, run_after=None
[2025-02-10T03:02:02.867+0000] {processor.py:208} INFO - Processing /home/airflow/.local/lib/python3.12/site-packages/airflow/example_dags/example_kubernetes_executor.py took 0.063 seconds
[2025-02-10T03:02:34.299+0000] {processor.py:186} INFO - Started process (PID=925) to work on /home/airflow/.local/lib/python3.12/site-packages/airflow/example_dags/example_kubernetes_executor.py
[2025-02-10T03:02:34.300+0000] {processor.py:914} INFO - Processing file /home/airflow/.local/lib/python3.12/site-packages/airflow/example_dags/example_kubernetes_executor.py for tasks to queue
[2025-02-10T03:02:34.301+0000] {logging_mixin.py:190} INFO - [2025-02-10T03:02:34.301+0000] {dagbag.py:588} INFO - Filling up the DagBag from /home/airflow/.local/lib/python3.12/site-packages/airflow/example_dags/example_kubernetes_executor.py
[2025-02-10T03:02:34.311+0000] {processor.py:925} INFO - DAG(s) 'example_kubernetes_executor' retrieved from /home/airflow/.local/lib/python3.12/site-packages/airflow/example_dags/example_kubernetes_executor.py
[2025-02-10T03:02:34.326+0000] {logging_mixin.py:190} INFO - [2025-02-10T03:02:34.326+0000] {dag.py:3239} INFO - Sync 1 DAGs
[2025-02-10T03:02:34.333+0000] {logging_mixin.py:190} INFO - [2025-02-10T03:02:34.333+0000] {dag.py:4180} INFO - Setting next_dagrun for example_kubernetes_executor to None, run_after=None
[2025-02-10T03:02:34.341+0000] {processor.py:208} INFO - Processing /home/airflow/.local/lib/python3.12/site-packages/airflow/example_dags/example_kubernetes_executor.py took 0.046 seconds
[2025-02-10T03:03:05.855+0000] {processor.py:186} INFO - Started process (PID=989) to work on /home/airflow/.local/lib/python3.12/site-packages/airflow/example_dags/example_kubernetes_executor.py
[2025-02-10T03:03:05.855+0000] {processor.py:914} INFO - Processing file /home/airflow/.local/lib/python3.12/site-packages/airflow/example_dags/example_kubernetes_executor.py for tasks to queue
[2025-02-10T03:03:05.856+0000] {logging_mixin.py:190} INFO - [2025-02-10T03:03:05.856+0000] {dagbag.py:588} INFO - Filling up the DagBag from /home/airflow/.local/lib/python3.12/site-packages/airflow/example_dags/example_kubernetes_executor.py
[2025-02-10T03:03:05.870+0000] {processor.py:925} INFO - DAG(s) 'example_kubernetes_executor' retrieved from /home/airflow/.local/lib/python3.12/site-packages/airflow/example_dags/example_kubernetes_executor.py
[2025-02-10T03:03:05.887+0000] {logging_mixin.py:190} INFO - [2025-02-10T03:03:05.886+0000] {dag.py:3239} INFO - Sync 1 DAGs
[2025-02-10T03:03:05.894+0000] {logging_mixin.py:190} INFO - [2025-02-10T03:03:05.894+0000] {dag.py:4180} INFO - Setting next_dagrun for example_kubernetes_executor to None, run_after=None
[2025-02-10T03:03:05.902+0000] {processor.py:208} INFO - Processing /home/airflow/.local/lib/python3.12/site-packages/airflow/example_dags/example_kubernetes_executor.py took 0.051 seconds
[2025-02-10T03:03:37.918+0000] {processor.py:186} INFO - Started process (PID=1053) to work on /home/airflow/.local/lib/python3.12/site-packages/airflow/example_dags/example_kubernetes_executor.py
[2025-02-10T03:03:37.921+0000] {processor.py:914} INFO - Processing file /home/airflow/.local/lib/python3.12/site-packages/airflow/example_dags/example_kubernetes_executor.py for tasks to queue
[2025-02-10T03:03:37.922+0000] {logging_mixin.py:190} INFO - [2025-02-10T03:03:37.922+0000] {dagbag.py:588} INFO - Filling up the DagBag from /home/airflow/.local/lib/python3.12/site-packages/airflow/example_dags/example_kubernetes_executor.py
[2025-02-10T03:03:37.931+0000] {processor.py:925} INFO - DAG(s) 'example_kubernetes_executor' retrieved from /home/airflow/.local/lib/python3.12/site-packages/airflow/example_dags/example_kubernetes_executor.py
[2025-02-10T03:03:37.945+0000] {logging_mixin.py:190} INFO - [2025-02-10T03:03:37.945+0000] {dag.py:3239} INFO - Sync 1 DAGs
[2025-02-10T03:03:37.955+0000] {logging_mixin.py:190} INFO - [2025-02-10T03:03:37.955+0000] {dag.py:4180} INFO - Setting next_dagrun for example_kubernetes_executor to None, run_after=None
[2025-02-10T03:03:37.970+0000] {processor.py:208} INFO - Processing /home/airflow/.local/lib/python3.12/site-packages/airflow/example_dags/example_kubernetes_executor.py took 0.056 seconds
[2025-02-10T03:04:09.463+0000] {processor.py:186} INFO - Started process (PID=1117) to work on /home/airflow/.local/lib/python3.12/site-packages/airflow/example_dags/example_kubernetes_executor.py
[2025-02-10T03:04:09.464+0000] {processor.py:914} INFO - Processing file /home/airflow/.local/lib/python3.12/site-packages/airflow/example_dags/example_kubernetes_executor.py for tasks to queue
[2025-02-10T03:04:09.465+0000] {logging_mixin.py:190} INFO - [2025-02-10T03:04:09.465+0000] {dagbag.py:588} INFO - Filling up the DagBag from /home/airflow/.local/lib/python3.12/site-packages/airflow/example_dags/example_kubernetes_executor.py
[2025-02-10T03:04:09.478+0000] {processor.py:925} INFO - DAG(s) 'example_kubernetes_executor' retrieved from /home/airflow/.local/lib/python3.12/site-packages/airflow/example_dags/example_kubernetes_executor.py
[2025-02-10T03:04:09.503+0000] {logging_mixin.py:190} INFO - [2025-02-10T03:04:09.503+0000] {dag.py:3239} INFO - Sync 1 DAGs
[2025-02-10T03:04:09.512+0000] {logging_mixin.py:190} INFO - [2025-02-10T03:04:09.512+0000] {dag.py:4180} INFO - Setting next_dagrun for example_kubernetes_executor to None, run_after=None
[2025-02-10T03:04:09.526+0000] {processor.py:208} INFO - Processing /home/airflow/.local/lib/python3.12/site-packages/airflow/example_dags/example_kubernetes_executor.py took 0.068 seconds
[2025-02-10T03:04:40.529+0000] {processor.py:186} INFO - Started process (PID=1181) to work on /home/airflow/.local/lib/python3.12/site-packages/airflow/example_dags/example_kubernetes_executor.py
[2025-02-10T03:04:40.533+0000] {processor.py:914} INFO - Processing file /home/airflow/.local/lib/python3.12/site-packages/airflow/example_dags/example_kubernetes_executor.py for tasks to queue
[2025-02-10T03:04:40.534+0000] {logging_mixin.py:190} INFO - [2025-02-10T03:04:40.534+0000] {dagbag.py:588} INFO - Filling up the DagBag from /home/airflow/.local/lib/python3.12/site-packages/airflow/example_dags/example_kubernetes_executor.py
[2025-02-10T03:04:40.545+0000] {processor.py:925} INFO - DAG(s) 'example_kubernetes_executor' retrieved from /home/airflow/.local/lib/python3.12/site-packages/airflow/example_dags/example_kubernetes_executor.py
[2025-02-10T03:04:40.562+0000] {logging_mixin.py:190} INFO - [2025-02-10T03:04:40.562+0000] {dag.py:3239} INFO - Sync 1 DAGs
[2025-02-10T03:04:40.568+0000] {logging_mixin.py:190} INFO - [2025-02-10T03:04:40.568+0000] {dag.py:4180} INFO - Setting next_dagrun for example_kubernetes_executor to None, run_after=None
[2025-02-10T03:04:40.580+0000] {processor.py:208} INFO - Processing /home/airflow/.local/lib/python3.12/site-packages/airflow/example_dags/example_kubernetes_executor.py took 0.056 seconds
[2025-02-10T03:05:12.191+0000] {processor.py:186} INFO - Started process (PID=1245) to work on /home/airflow/.local/lib/python3.12/site-packages/airflow/example_dags/example_kubernetes_executor.py
[2025-02-10T03:05:12.193+0000] {processor.py:914} INFO - Processing file /home/airflow/.local/lib/python3.12/site-packages/airflow/example_dags/example_kubernetes_executor.py for tasks to queue
[2025-02-10T03:05:12.198+0000] {logging_mixin.py:190} INFO - [2025-02-10T03:05:12.197+0000] {dagbag.py:588} INFO - Filling up the DagBag from /home/airflow/.local/lib/python3.12/site-packages/airflow/example_dags/example_kubernetes_executor.py
[2025-02-10T03:05:12.217+0000] {processor.py:925} INFO - DAG(s) 'example_kubernetes_executor' retrieved from /home/airflow/.local/lib/python3.12/site-packages/airflow/example_dags/example_kubernetes_executor.py
[2025-02-10T03:05:12.287+0000] {logging_mixin.py:190} INFO - [2025-02-10T03:05:12.285+0000] {dag.py:3239} INFO - Sync 1 DAGs
[2025-02-10T03:05:12.321+0000] {logging_mixin.py:190} INFO - [2025-02-10T03:05:12.321+0000] {dag.py:4180} INFO - Setting next_dagrun for example_kubernetes_executor to None, run_after=None
[2025-02-10T03:05:12.337+0000] {processor.py:208} INFO - Processing /home/airflow/.local/lib/python3.12/site-packages/airflow/example_dags/example_kubernetes_executor.py took 0.158 seconds
[2025-02-10T03:05:43.330+0000] {processor.py:186} INFO - Started process (PID=1309) to work on /home/airflow/.local/lib/python3.12/site-packages/airflow/example_dags/example_kubernetes_executor.py
[2025-02-10T03:05:43.336+0000] {processor.py:914} INFO - Processing file /home/airflow/.local/lib/python3.12/site-packages/airflow/example_dags/example_kubernetes_executor.py for tasks to queue
[2025-02-10T03:05:43.337+0000] {logging_mixin.py:190} INFO - [2025-02-10T03:05:43.337+0000] {dagbag.py:588} INFO - Filling up the DagBag from /home/airflow/.local/lib/python3.12/site-packages/airflow/example_dags/example_kubernetes_executor.py
[2025-02-10T03:05:43.347+0000] {processor.py:925} INFO - DAG(s) 'example_kubernetes_executor' retrieved from /home/airflow/.local/lib/python3.12/site-packages/airflow/example_dags/example_kubernetes_executor.py
[2025-02-10T03:05:43.372+0000] {logging_mixin.py:190} INFO - [2025-02-10T03:05:43.372+0000] {dag.py:3239} INFO - Sync 1 DAGs
[2025-02-10T03:05:43.379+0000] {logging_mixin.py:190} INFO - [2025-02-10T03:05:43.379+0000] {dag.py:4180} INFO - Setting next_dagrun for example_kubernetes_executor to None, run_after=None
[2025-02-10T03:05:43.387+0000] {processor.py:208} INFO - Processing /home/airflow/.local/lib/python3.12/site-packages/airflow/example_dags/example_kubernetes_executor.py took 0.062 seconds
[2025-02-10T03:06:13.464+0000] {processor.py:186} INFO - Started process (PID=1372) to work on /home/airflow/.local/lib/python3.12/site-packages/airflow/example_dags/example_kubernetes_executor.py
[2025-02-10T03:06:13.465+0000] {processor.py:914} INFO - Processing file /home/airflow/.local/lib/python3.12/site-packages/airflow/example_dags/example_kubernetes_executor.py for tasks to queue
[2025-02-10T03:06:13.466+0000] {logging_mixin.py:190} INFO - [2025-02-10T03:06:13.466+0000] {dagbag.py:588} INFO - Filling up the DagBag from /home/airflow/.local/lib/python3.12/site-packages/airflow/example_dags/example_kubernetes_executor.py
[2025-02-10T03:06:13.477+0000] {processor.py:925} INFO - DAG(s) 'example_kubernetes_executor' retrieved from /home/airflow/.local/lib/python3.12/site-packages/airflow/example_dags/example_kubernetes_executor.py
[2025-02-10T03:06:13.493+0000] {logging_mixin.py:190} INFO - [2025-02-10T03:06:13.493+0000] {dag.py:3239} INFO - Sync 1 DAGs
[2025-02-10T03:06:13.500+0000] {logging_mixin.py:190} INFO - [2025-02-10T03:06:13.500+0000] {dag.py:4180} INFO - Setting next_dagrun for example_kubernetes_executor to None, run_after=None
[2025-02-10T03:06:13.513+0000] {processor.py:208} INFO - Processing /home/airflow/.local/lib/python3.12/site-packages/airflow/example_dags/example_kubernetes_executor.py took 0.052 seconds
[2025-02-10T03:06:45.461+0000] {processor.py:186} INFO - Started process (PID=1436) to work on /home/airflow/.local/lib/python3.12/site-packages/airflow/example_dags/example_kubernetes_executor.py
[2025-02-10T03:06:45.462+0000] {processor.py:914} INFO - Processing file /home/airflow/.local/lib/python3.12/site-packages/airflow/example_dags/example_kubernetes_executor.py for tasks to queue
[2025-02-10T03:06:45.464+0000] {logging_mixin.py:190} INFO - [2025-02-10T03:06:45.464+0000] {dagbag.py:588} INFO - Filling up the DagBag from /home/airflow/.local/lib/python3.12/site-packages/airflow/example_dags/example_kubernetes_executor.py
[2025-02-10T03:06:45.472+0000] {processor.py:925} INFO - DAG(s) 'example_kubernetes_executor' retrieved from /home/airflow/.local/lib/python3.12/site-packages/airflow/example_dags/example_kubernetes_executor.py
[2025-02-10T03:06:45.486+0000] {logging_mixin.py:190} INFO - [2025-02-10T03:06:45.485+0000] {dag.py:3239} INFO - Sync 1 DAGs
[2025-02-10T03:06:45.497+0000] {logging_mixin.py:190} INFO - [2025-02-10T03:06:45.497+0000] {dag.py:4180} INFO - Setting next_dagrun for example_kubernetes_executor to None, run_after=None
[2025-02-10T03:06:45.511+0000] {processor.py:208} INFO - Processing /home/airflow/.local/lib/python3.12/site-packages/airflow/example_dags/example_kubernetes_executor.py took 0.054 seconds
[2025-02-10T03:07:16.728+0000] {processor.py:186} INFO - Started process (PID=1506) to work on /home/airflow/.local/lib/python3.12/site-packages/airflow/example_dags/example_kubernetes_executor.py
[2025-02-10T03:07:16.729+0000] {processor.py:914} INFO - Processing file /home/airflow/.local/lib/python3.12/site-packages/airflow/example_dags/example_kubernetes_executor.py for tasks to queue
[2025-02-10T03:07:16.731+0000] {logging_mixin.py:190} INFO - [2025-02-10T03:07:16.730+0000] {dagbag.py:588} INFO - Filling up the DagBag from /home/airflow/.local/lib/python3.12/site-packages/airflow/example_dags/example_kubernetes_executor.py
[2025-02-10T03:07:16.741+0000] {processor.py:925} INFO - DAG(s) 'example_kubernetes_executor' retrieved from /home/airflow/.local/lib/python3.12/site-packages/airflow/example_dags/example_kubernetes_executor.py
[2025-02-10T03:07:16.757+0000] {logging_mixin.py:190} INFO - [2025-02-10T03:07:16.757+0000] {dag.py:3239} INFO - Sync 1 DAGs
[2025-02-10T03:07:16.765+0000] {logging_mixin.py:190} INFO - [2025-02-10T03:07:16.765+0000] {dag.py:4180} INFO - Setting next_dagrun for example_kubernetes_executor to None, run_after=None
[2025-02-10T03:07:16.784+0000] {processor.py:208} INFO - Processing /home/airflow/.local/lib/python3.12/site-packages/airflow/example_dags/example_kubernetes_executor.py took 0.061 seconds
[2025-02-10T03:07:47.266+0000] {processor.py:186} INFO - Started process (PID=1570) to work on /home/airflow/.local/lib/python3.12/site-packages/airflow/example_dags/example_kubernetes_executor.py
[2025-02-10T03:07:47.267+0000] {processor.py:914} INFO - Processing file /home/airflow/.local/lib/python3.12/site-packages/airflow/example_dags/example_kubernetes_executor.py for tasks to queue
[2025-02-10T03:07:47.269+0000] {logging_mixin.py:190} INFO - [2025-02-10T03:07:47.268+0000] {dagbag.py:588} INFO - Filling up the DagBag from /home/airflow/.local/lib/python3.12/site-packages/airflow/example_dags/example_kubernetes_executor.py
[2025-02-10T03:07:47.277+0000] {processor.py:925} INFO - DAG(s) 'example_kubernetes_executor' retrieved from /home/airflow/.local/lib/python3.12/site-packages/airflow/example_dags/example_kubernetes_executor.py
[2025-02-10T03:07:47.289+0000] {logging_mixin.py:190} INFO - [2025-02-10T03:07:47.289+0000] {dag.py:3239} INFO - Sync 1 DAGs
[2025-02-10T03:07:47.296+0000] {logging_mixin.py:190} INFO - [2025-02-10T03:07:47.296+0000] {dag.py:4180} INFO - Setting next_dagrun for example_kubernetes_executor to None, run_after=None
[2025-02-10T03:07:47.305+0000] {processor.py:208} INFO - Processing /home/airflow/.local/lib/python3.12/site-packages/airflow/example_dags/example_kubernetes_executor.py took 0.044 seconds
[2025-02-10T03:08:18.732+0000] {processor.py:186} INFO - Started process (PID=1635) to work on /home/airflow/.local/lib/python3.12/site-packages/airflow/example_dags/example_kubernetes_executor.py
[2025-02-10T03:08:18.733+0000] {processor.py:914} INFO - Processing file /home/airflow/.local/lib/python3.12/site-packages/airflow/example_dags/example_kubernetes_executor.py for tasks to queue
[2025-02-10T03:08:18.734+0000] {logging_mixin.py:190} INFO - [2025-02-10T03:08:18.734+0000] {dagbag.py:588} INFO - Filling up the DagBag from /home/airflow/.local/lib/python3.12/site-packages/airflow/example_dags/example_kubernetes_executor.py
[2025-02-10T03:08:18.742+0000] {processor.py:925} INFO - DAG(s) 'example_kubernetes_executor' retrieved from /home/airflow/.local/lib/python3.12/site-packages/airflow/example_dags/example_kubernetes_executor.py
[2025-02-10T03:08:18.753+0000] {logging_mixin.py:190} INFO - [2025-02-10T03:08:18.753+0000] {dag.py:3239} INFO - Sync 1 DAGs
[2025-02-10T03:08:18.759+0000] {logging_mixin.py:190} INFO - [2025-02-10T03:08:18.758+0000] {dag.py:4180} INFO - Setting next_dagrun for example_kubernetes_executor to None, run_after=None
[2025-02-10T03:08:18.765+0000] {processor.py:208} INFO - Processing /home/airflow/.local/lib/python3.12/site-packages/airflow/example_dags/example_kubernetes_executor.py took 0.036 seconds
[2025-02-10T03:08:49.356+0000] {processor.py:186} INFO - Started process (PID=1699) to work on /home/airflow/.local/lib/python3.12/site-packages/airflow/example_dags/example_kubernetes_executor.py
[2025-02-10T03:08:49.357+0000] {processor.py:914} INFO - Processing file /home/airflow/.local/lib/python3.12/site-packages/airflow/example_dags/example_kubernetes_executor.py for tasks to queue
[2025-02-10T03:08:49.358+0000] {logging_mixin.py:190} INFO - [2025-02-10T03:08:49.358+0000] {dagbag.py:588} INFO - Filling up the DagBag from /home/airflow/.local/lib/python3.12/site-packages/airflow/example_dags/example_kubernetes_executor.py
[2025-02-10T03:08:49.365+0000] {processor.py:925} INFO - DAG(s) 'example_kubernetes_executor' retrieved from /home/airflow/.local/lib/python3.12/site-packages/airflow/example_dags/example_kubernetes_executor.py
[2025-02-10T03:08:49.381+0000] {logging_mixin.py:190} INFO - [2025-02-10T03:08:49.381+0000] {dag.py:3239} INFO - Sync 1 DAGs
[2025-02-10T03:08:49.387+0000] {logging_mixin.py:190} INFO - [2025-02-10T03:08:49.387+0000] {dag.py:4180} INFO - Setting next_dagrun for example_kubernetes_executor to None, run_after=None
[2025-02-10T03:08:49.399+0000] {processor.py:208} INFO - Processing /home/airflow/.local/lib/python3.12/site-packages/airflow/example_dags/example_kubernetes_executor.py took 0.046 seconds
[2025-02-10T03:09:20.945+0000] {processor.py:186} INFO - Started process (PID=1763) to work on /home/airflow/.local/lib/python3.12/site-packages/airflow/example_dags/example_kubernetes_executor.py
[2025-02-10T03:09:20.946+0000] {processor.py:914} INFO - Processing file /home/airflow/.local/lib/python3.12/site-packages/airflow/example_dags/example_kubernetes_executor.py for tasks to queue
[2025-02-10T03:09:20.948+0000] {logging_mixin.py:190} INFO - [2025-02-10T03:09:20.948+0000] {dagbag.py:588} INFO - Filling up the DagBag from /home/airflow/.local/lib/python3.12/site-packages/airflow/example_dags/example_kubernetes_executor.py
[2025-02-10T03:09:20.962+0000] {processor.py:925} INFO - DAG(s) 'example_kubernetes_executor' retrieved from /home/airflow/.local/lib/python3.12/site-packages/airflow/example_dags/example_kubernetes_executor.py
[2025-02-10T03:09:20.982+0000] {logging_mixin.py:190} INFO - [2025-02-10T03:09:20.982+0000] {dag.py:3239} INFO - Sync 1 DAGs
[2025-02-10T03:09:20.993+0000] {logging_mixin.py:190} INFO - [2025-02-10T03:09:20.993+0000] {dag.py:4180} INFO - Setting next_dagrun for example_kubernetes_executor to None, run_after=None
[2025-02-10T03:09:21.008+0000] {processor.py:208} INFO - Processing /home/airflow/.local/lib/python3.12/site-packages/airflow/example_dags/example_kubernetes_executor.py took 0.066 seconds
[2025-02-10T03:09:51.765+0000] {processor.py:186} INFO - Started process (PID=1827) to work on /home/airflow/.local/lib/python3.12/site-packages/airflow/example_dags/example_kubernetes_executor.py
[2025-02-10T03:09:51.766+0000] {processor.py:914} INFO - Processing file /home/airflow/.local/lib/python3.12/site-packages/airflow/example_dags/example_kubernetes_executor.py for tasks to queue
[2025-02-10T03:09:51.767+0000] {logging_mixin.py:190} INFO - [2025-02-10T03:09:51.767+0000] {dagbag.py:588} INFO - Filling up the DagBag from /home/airflow/.local/lib/python3.12/site-packages/airflow/example_dags/example_kubernetes_executor.py
[2025-02-10T03:09:51.774+0000] {processor.py:925} INFO - DAG(s) 'example_kubernetes_executor' retrieved from /home/airflow/.local/lib/python3.12/site-packages/airflow/example_dags/example_kubernetes_executor.py
[2025-02-10T03:09:51.785+0000] {logging_mixin.py:190} INFO - [2025-02-10T03:09:51.785+0000] {dag.py:3239} INFO - Sync 1 DAGs
[2025-02-10T03:09:51.795+0000] {logging_mixin.py:190} INFO - [2025-02-10T03:09:51.795+0000] {dag.py:4180} INFO - Setting next_dagrun for example_kubernetes_executor to None, run_after=None
[2025-02-10T03:09:51.805+0000] {processor.py:208} INFO - Processing /home/airflow/.local/lib/python3.12/site-packages/airflow/example_dags/example_kubernetes_executor.py took 0.044 seconds
[2025-02-10T03:10:22.833+0000] {processor.py:186} INFO - Started process (PID=1891) to work on /home/airflow/.local/lib/python3.12/site-packages/airflow/example_dags/example_kubernetes_executor.py
[2025-02-10T03:10:22.834+0000] {processor.py:914} INFO - Processing file /home/airflow/.local/lib/python3.12/site-packages/airflow/example_dags/example_kubernetes_executor.py for tasks to queue
[2025-02-10T03:10:22.835+0000] {logging_mixin.py:190} INFO - [2025-02-10T03:10:22.835+0000] {dagbag.py:588} INFO - Filling up the DagBag from /home/airflow/.local/lib/python3.12/site-packages/airflow/example_dags/example_kubernetes_executor.py
[2025-02-10T03:10:22.842+0000] {processor.py:925} INFO - DAG(s) 'example_kubernetes_executor' retrieved from /home/airflow/.local/lib/python3.12/site-packages/airflow/example_dags/example_kubernetes_executor.py
[2025-02-10T03:10:22.855+0000] {logging_mixin.py:190} INFO - [2025-02-10T03:10:22.855+0000] {dag.py:3239} INFO - Sync 1 DAGs
[2025-02-10T03:10:22.862+0000] {logging_mixin.py:190} INFO - [2025-02-10T03:10:22.862+0000] {dag.py:4180} INFO - Setting next_dagrun for example_kubernetes_executor to None, run_after=None
[2025-02-10T03:10:22.873+0000] {processor.py:208} INFO - Processing /home/airflow/.local/lib/python3.12/site-packages/airflow/example_dags/example_kubernetes_executor.py took 0.043 seconds
[2025-02-10T03:10:53.654+0000] {processor.py:186} INFO - Started process (PID=1955) to work on /home/airflow/.local/lib/python3.12/site-packages/airflow/example_dags/example_kubernetes_executor.py
[2025-02-10T03:10:53.654+0000] {processor.py:914} INFO - Processing file /home/airflow/.local/lib/python3.12/site-packages/airflow/example_dags/example_kubernetes_executor.py for tasks to queue
[2025-02-10T03:10:53.656+0000] {logging_mixin.py:190} INFO - [2025-02-10T03:10:53.655+0000] {dagbag.py:588} INFO - Filling up the DagBag from /home/airflow/.local/lib/python3.12/site-packages/airflow/example_dags/example_kubernetes_executor.py
[2025-02-10T03:10:53.663+0000] {processor.py:925} INFO - DAG(s) 'example_kubernetes_executor' retrieved from /home/airflow/.local/lib/python3.12/site-packages/airflow/example_dags/example_kubernetes_executor.py
[2025-02-10T03:10:53.681+0000] {logging_mixin.py:190} INFO - [2025-02-10T03:10:53.681+0000] {dag.py:3239} INFO - Sync 1 DAGs
[2025-02-10T03:10:53.689+0000] {logging_mixin.py:190} INFO - [2025-02-10T03:10:53.689+0000] {dag.py:4180} INFO - Setting next_dagrun for example_kubernetes_executor to None, run_after=None
[2025-02-10T03:10:53.699+0000] {processor.py:208} INFO - Processing /home/airflow/.local/lib/python3.12/site-packages/airflow/example_dags/example_kubernetes_executor.py took 0.048 seconds
[2025-02-10T03:11:25.120+0000] {processor.py:186} INFO - Started process (PID=2019) to work on /home/airflow/.local/lib/python3.12/site-packages/airflow/example_dags/example_kubernetes_executor.py
[2025-02-10T03:11:25.123+0000] {processor.py:914} INFO - Processing file /home/airflow/.local/lib/python3.12/site-packages/airflow/example_dags/example_kubernetes_executor.py for tasks to queue
[2025-02-10T03:11:25.125+0000] {logging_mixin.py:190} INFO - [2025-02-10T03:11:25.124+0000] {dagbag.py:588} INFO - Filling up the DagBag from /home/airflow/.local/lib/python3.12/site-packages/airflow/example_dags/example_kubernetes_executor.py
[2025-02-10T03:11:25.135+0000] {processor.py:925} INFO - DAG(s) 'example_kubernetes_executor' retrieved from /home/airflow/.local/lib/python3.12/site-packages/airflow/example_dags/example_kubernetes_executor.py
[2025-02-10T03:11:25.155+0000] {logging_mixin.py:190} INFO - [2025-02-10T03:11:25.155+0000] {dag.py:3239} INFO - Sync 1 DAGs
[2025-02-10T03:11:25.162+0000] {logging_mixin.py:190} INFO - [2025-02-10T03:11:25.162+0000] {dag.py:4180} INFO - Setting next_dagrun for example_kubernetes_executor to None, run_after=None
[2025-02-10T03:11:25.174+0000] {processor.py:208} INFO - Processing /home/airflow/.local/lib/python3.12/site-packages/airflow/example_dags/example_kubernetes_executor.py took 0.059 seconds
[2025-02-10T03:11:56.105+0000] {processor.py:186} INFO - Started process (PID=2084) to work on /home/airflow/.local/lib/python3.12/site-packages/airflow/example_dags/example_kubernetes_executor.py
[2025-02-10T03:11:56.106+0000] {processor.py:914} INFO - Processing file /home/airflow/.local/lib/python3.12/site-packages/airflow/example_dags/example_kubernetes_executor.py for tasks to queue
[2025-02-10T03:11:56.110+0000] {logging_mixin.py:190} INFO - [2025-02-10T03:11:56.110+0000] {dagbag.py:588} INFO - Filling up the DagBag from /home/airflow/.local/lib/python3.12/site-packages/airflow/example_dags/example_kubernetes_executor.py
[2025-02-10T03:11:56.116+0000] {processor.py:925} INFO - DAG(s) 'example_kubernetes_executor' retrieved from /home/airflow/.local/lib/python3.12/site-packages/airflow/example_dags/example_kubernetes_executor.py
[2025-02-10T03:11:56.135+0000] {logging_mixin.py:190} INFO - [2025-02-10T03:11:56.135+0000] {dag.py:3239} INFO - Sync 1 DAGs
[2025-02-10T03:11:56.142+0000] {logging_mixin.py:190} INFO - [2025-02-10T03:11:56.142+0000] {dag.py:4180} INFO - Setting next_dagrun for example_kubernetes_executor to None, run_after=None
[2025-02-10T03:11:56.154+0000] {processor.py:208} INFO - Processing /home/airflow/.local/lib/python3.12/site-packages/airflow/example_dags/example_kubernetes_executor.py took 0.052 seconds
[2025-02-10T03:12:27.228+0000] {processor.py:186} INFO - Started process (PID=2148) to work on /home/airflow/.local/lib/python3.12/site-packages/airflow/example_dags/example_kubernetes_executor.py
[2025-02-10T03:12:27.231+0000] {processor.py:914} INFO - Processing file /home/airflow/.local/lib/python3.12/site-packages/airflow/example_dags/example_kubernetes_executor.py for tasks to queue
[2025-02-10T03:12:27.233+0000] {logging_mixin.py:190} INFO - [2025-02-10T03:12:27.233+0000] {dagbag.py:588} INFO - Filling up the DagBag from /home/airflow/.local/lib/python3.12/site-packages/airflow/example_dags/example_kubernetes_executor.py
[2025-02-10T03:12:27.246+0000] {processor.py:925} INFO - DAG(s) 'example_kubernetes_executor' retrieved from /home/airflow/.local/lib/python3.12/site-packages/airflow/example_dags/example_kubernetes_executor.py
[2025-02-10T03:12:27.266+0000] {logging_mixin.py:190} INFO - [2025-02-10T03:12:27.266+0000] {dag.py:3239} INFO - Sync 1 DAGs
[2025-02-10T03:12:27.273+0000] {logging_mixin.py:190} INFO - [2025-02-10T03:12:27.273+0000] {dag.py:4180} INFO - Setting next_dagrun for example_kubernetes_executor to None, run_after=None
[2025-02-10T03:12:27.282+0000] {processor.py:208} INFO - Processing /home/airflow/.local/lib/python3.12/site-packages/airflow/example_dags/example_kubernetes_executor.py took 0.063 seconds
[2025-02-10T03:12:58.307+0000] {processor.py:186} INFO - Started process (PID=2212) to work on /home/airflow/.local/lib/python3.12/site-packages/airflow/example_dags/example_kubernetes_executor.py
[2025-02-10T03:12:58.308+0000] {processor.py:914} INFO - Processing file /home/airflow/.local/lib/python3.12/site-packages/airflow/example_dags/example_kubernetes_executor.py for tasks to queue
[2025-02-10T03:12:58.310+0000] {logging_mixin.py:190} INFO - [2025-02-10T03:12:58.310+0000] {dagbag.py:588} INFO - Filling up the DagBag from /home/airflow/.local/lib/python3.12/site-packages/airflow/example_dags/example_kubernetes_executor.py
[2025-02-10T03:12:58.323+0000] {processor.py:925} INFO - DAG(s) 'example_kubernetes_executor' retrieved from /home/airflow/.local/lib/python3.12/site-packages/airflow/example_dags/example_kubernetes_executor.py
[2025-02-10T03:12:58.339+0000] {logging_mixin.py:190} INFO - [2025-02-10T03:12:58.339+0000] {dag.py:3239} INFO - Sync 1 DAGs
[2025-02-10T03:12:58.346+0000] {logging_mixin.py:190} INFO - [2025-02-10T03:12:58.346+0000] {dag.py:4180} INFO - Setting next_dagrun for example_kubernetes_executor to None, run_after=None
[2025-02-10T03:12:58.354+0000] {processor.py:208} INFO - Processing /home/airflow/.local/lib/python3.12/site-packages/airflow/example_dags/example_kubernetes_executor.py took 0.051 seconds
[2025-02-10T03:13:29.127+0000] {processor.py:186} INFO - Started process (PID=2276) to work on /home/airflow/.local/lib/python3.12/site-packages/airflow/example_dags/example_kubernetes_executor.py
[2025-02-10T03:13:29.129+0000] {processor.py:914} INFO - Processing file /home/airflow/.local/lib/python3.12/site-packages/airflow/example_dags/example_kubernetes_executor.py for tasks to queue
[2025-02-10T03:13:29.130+0000] {logging_mixin.py:190} INFO - [2025-02-10T03:13:29.130+0000] {dagbag.py:588} INFO - Filling up the DagBag from /home/airflow/.local/lib/python3.12/site-packages/airflow/example_dags/example_kubernetes_executor.py
[2025-02-10T03:13:29.139+0000] {processor.py:925} INFO - DAG(s) 'example_kubernetes_executor' retrieved from /home/airflow/.local/lib/python3.12/site-packages/airflow/example_dags/example_kubernetes_executor.py
[2025-02-10T03:13:29.154+0000] {logging_mixin.py:190} INFO - [2025-02-10T03:13:29.154+0000] {dag.py:3239} INFO - Sync 1 DAGs
[2025-02-10T03:13:29.161+0000] {logging_mixin.py:190} INFO - [2025-02-10T03:13:29.161+0000] {dag.py:4180} INFO - Setting next_dagrun for example_kubernetes_executor to None, run_after=None
[2025-02-10T03:13:29.171+0000] {processor.py:208} INFO - Processing /home/airflow/.local/lib/python3.12/site-packages/airflow/example_dags/example_kubernetes_executor.py took 0.051 seconds
[2025-02-10T03:14:00.136+0000] {processor.py:186} INFO - Started process (PID=2340) to work on /home/airflow/.local/lib/python3.12/site-packages/airflow/example_dags/example_kubernetes_executor.py
[2025-02-10T03:14:00.138+0000] {processor.py:914} INFO - Processing file /home/airflow/.local/lib/python3.12/site-packages/airflow/example_dags/example_kubernetes_executor.py for tasks to queue
[2025-02-10T03:14:00.140+0000] {logging_mixin.py:190} INFO - [2025-02-10T03:14:00.139+0000] {dagbag.py:588} INFO - Filling up the DagBag from /home/airflow/.local/lib/python3.12/site-packages/airflow/example_dags/example_kubernetes_executor.py
[2025-02-10T03:14:00.150+0000] {processor.py:925} INFO - DAG(s) 'example_kubernetes_executor' retrieved from /home/airflow/.local/lib/python3.12/site-packages/airflow/example_dags/example_kubernetes_executor.py
[2025-02-10T03:14:00.164+0000] {logging_mixin.py:190} INFO - [2025-02-10T03:14:00.164+0000] {dag.py:3239} INFO - Sync 1 DAGs
[2025-02-10T03:14:00.171+0000] {logging_mixin.py:190} INFO - [2025-02-10T03:14:00.171+0000] {dag.py:4180} INFO - Setting next_dagrun for example_kubernetes_executor to None, run_after=None
[2025-02-10T03:14:00.184+0000] {processor.py:208} INFO - Processing /home/airflow/.local/lib/python3.12/site-packages/airflow/example_dags/example_kubernetes_executor.py took 0.051 seconds
[2025-02-10T03:14:30.891+0000] {processor.py:186} INFO - Started process (PID=2404) to work on /home/airflow/.local/lib/python3.12/site-packages/airflow/example_dags/example_kubernetes_executor.py
[2025-02-10T03:14:30.892+0000] {processor.py:914} INFO - Processing file /home/airflow/.local/lib/python3.12/site-packages/airflow/example_dags/example_kubernetes_executor.py for tasks to queue
[2025-02-10T03:14:30.894+0000] {logging_mixin.py:190} INFO - [2025-02-10T03:14:30.894+0000] {dagbag.py:588} INFO - Filling up the DagBag from /home/airflow/.local/lib/python3.12/site-packages/airflow/example_dags/example_kubernetes_executor.py
[2025-02-10T03:14:30.907+0000] {processor.py:925} INFO - DAG(s) 'example_kubernetes_executor' retrieved from /home/airflow/.local/lib/python3.12/site-packages/airflow/example_dags/example_kubernetes_executor.py
[2025-02-10T03:14:30.927+0000] {logging_mixin.py:190} INFO - [2025-02-10T03:14:30.927+0000] {dag.py:3239} INFO - Sync 1 DAGs
[2025-02-10T03:14:30.934+0000] {logging_mixin.py:190} INFO - [2025-02-10T03:14:30.934+0000] {dag.py:4180} INFO - Setting next_dagrun for example_kubernetes_executor to None, run_after=None
[2025-02-10T03:14:30.941+0000] {processor.py:208} INFO - Processing /home/airflow/.local/lib/python3.12/site-packages/airflow/example_dags/example_kubernetes_executor.py took 0.053 seconds
[2025-02-10T03:15:01.821+0000] {processor.py:186} INFO - Started process (PID=2468) to work on /home/airflow/.local/lib/python3.12/site-packages/airflow/example_dags/example_kubernetes_executor.py
[2025-02-10T03:15:01.822+0000] {processor.py:914} INFO - Processing file /home/airflow/.local/lib/python3.12/site-packages/airflow/example_dags/example_kubernetes_executor.py for tasks to queue
[2025-02-10T03:15:01.824+0000] {logging_mixin.py:190} INFO - [2025-02-10T03:15:01.823+0000] {dagbag.py:588} INFO - Filling up the DagBag from /home/airflow/.local/lib/python3.12/site-packages/airflow/example_dags/example_kubernetes_executor.py
[2025-02-10T03:15:01.836+0000] {processor.py:925} INFO - DAG(s) 'example_kubernetes_executor' retrieved from /home/airflow/.local/lib/python3.12/site-packages/airflow/example_dags/example_kubernetes_executor.py
[2025-02-10T03:15:01.848+0000] {logging_mixin.py:190} INFO - [2025-02-10T03:15:01.847+0000] {dag.py:3239} INFO - Sync 1 DAGs
[2025-02-10T03:15:01.853+0000] {logging_mixin.py:190} INFO - [2025-02-10T03:15:01.853+0000] {dag.py:4180} INFO - Setting next_dagrun for example_kubernetes_executor to None, run_after=None
[2025-02-10T03:15:01.860+0000] {processor.py:208} INFO - Processing /home/airflow/.local/lib/python3.12/site-packages/airflow/example_dags/example_kubernetes_executor.py took 0.042 seconds
[2025-02-10T03:15:32.381+0000] {processor.py:186} INFO - Started process (PID=2531) to work on /home/airflow/.local/lib/python3.12/site-packages/airflow/example_dags/example_kubernetes_executor.py
[2025-02-10T03:15:32.382+0000] {processor.py:914} INFO - Processing file /home/airflow/.local/lib/python3.12/site-packages/airflow/example_dags/example_kubernetes_executor.py for tasks to queue
[2025-02-10T03:15:32.383+0000] {logging_mixin.py:190} INFO - [2025-02-10T03:15:32.383+0000] {dagbag.py:588} INFO - Filling up the DagBag from /home/airflow/.local/lib/python3.12/site-packages/airflow/example_dags/example_kubernetes_executor.py
[2025-02-10T03:15:32.391+0000] {processor.py:925} INFO - DAG(s) 'example_kubernetes_executor' retrieved from /home/airflow/.local/lib/python3.12/site-packages/airflow/example_dags/example_kubernetes_executor.py
[2025-02-10T03:15:32.405+0000] {logging_mixin.py:190} INFO - [2025-02-10T03:15:32.405+0000] {dag.py:3239} INFO - Sync 1 DAGs
[2025-02-10T03:15:32.411+0000] {logging_mixin.py:190} INFO - [2025-02-10T03:15:32.411+0000] {dag.py:4180} INFO - Setting next_dagrun for example_kubernetes_executor to None, run_after=None
[2025-02-10T03:15:32.421+0000] {processor.py:208} INFO - Processing /home/airflow/.local/lib/python3.12/site-packages/airflow/example_dags/example_kubernetes_executor.py took 0.042 seconds
