[2025-02-10T02:55:44.818+0000] {processor.py:186} INFO - Started process (PID=63) to work on /home/airflow/.local/lib/python3.12/site-packages/airflow/example_dags/tutorial_objectstorage.py
[2025-02-10T02:55:44.819+0000] {processor.py:914} INFO - Processing file /home/airflow/.local/lib/python3.12/site-packages/airflow/example_dags/tutorial_objectstorage.py for tasks to queue
[2025-02-10T02:55:44.823+0000] {logging_mixin.py:190} INFO - [2025-02-10T02:55:44.822+0000] {dagbag.py:588} INFO - Filling up the DagBag from /home/airflow/.local/lib/python3.12/site-packages/airflow/example_dags/tutorial_objectstorage.py
[2025-02-10T02:55:44.842+0000] {processor.py:925} INFO - DAG(s) 'tutorial_objectstorage' retrieved from /home/airflow/.local/lib/python3.12/site-packages/airflow/example_dags/tutorial_objectstorage.py
[2025-02-10T02:55:44.972+0000] {logging_mixin.py:190} INFO - [2025-02-10T02:55:44.971+0000] {override.py:1911} INFO - Created Permission View: can read on DAG:tutorial_objectstorage
[2025-02-10T02:55:44.981+0000] {logging_mixin.py:190} INFO - [2025-02-10T02:55:44.981+0000] {override.py:1911} INFO - Created Permission View: can edit on DAG:tutorial_objectstorage
[2025-02-10T02:55:44.987+0000] {logging_mixin.py:190} INFO - [2025-02-10T02:55:44.986+0000] {override.py:1911} INFO - Created Permission View: can delete on DAG:tutorial_objectstorage
[2025-02-10T02:55:44.990+0000] {logging_mixin.py:190} INFO - [2025-02-10T02:55:44.989+0000] {override.py:1911} INFO - Created Permission View: can read on DAG Run:tutorial_objectstorage
[2025-02-10T02:55:44.992+0000] {logging_mixin.py:190} INFO - [2025-02-10T02:55:44.992+0000] {override.py:1911} INFO - Created Permission View: can delete on DAG Run:tutorial_objectstorage
[2025-02-10T02:55:44.994+0000] {logging_mixin.py:190} INFO - [2025-02-10T02:55:44.994+0000] {override.py:1911} INFO - Created Permission View: menu access on DAG Run:tutorial_objectstorage
[2025-02-10T02:55:44.997+0000] {logging_mixin.py:190} INFO - [2025-02-10T02:55:44.996+0000] {override.py:1911} INFO - Created Permission View: can create on DAG Run:tutorial_objectstorage
[2025-02-10T02:55:44.997+0000] {logging_mixin.py:190} INFO - [2025-02-10T02:55:44.997+0000] {dag.py:3239} INFO - Sync 1 DAGs
[2025-02-10T02:55:45.011+0000] {logging_mixin.py:190} INFO - [2025-02-10T02:55:45.010+0000] {dag.py:3262} INFO - Creating ORM DAG for tutorial_objectstorage
[2025-02-10T02:55:45.011+0000] {logging_mixin.py:190} INFO - [2025-02-10T02:55:45.011+0000] {dag.py:4180} INFO - Setting next_dagrun for tutorial_objectstorage to None, run_after=None
[2025-02-10T02:55:45.023+0000] {processor.py:208} INFO - Processing /home/airflow/.local/lib/python3.12/site-packages/airflow/example_dags/tutorial_objectstorage.py took 0.209 seconds
[2025-02-10T02:56:15.781+0000] {processor.py:186} INFO - Started process (PID=127) to work on /home/airflow/.local/lib/python3.12/site-packages/airflow/example_dags/tutorial_objectstorage.py
[2025-02-10T02:56:15.790+0000] {processor.py:914} INFO - Processing file /home/airflow/.local/lib/python3.12/site-packages/airflow/example_dags/tutorial_objectstorage.py for tasks to queue
[2025-02-10T02:56:15.810+0000] {logging_mixin.py:190} INFO - [2025-02-10T02:56:15.808+0000] {dagbag.py:588} INFO - Filling up the DagBag from /home/airflow/.local/lib/python3.12/site-packages/airflow/example_dags/tutorial_objectstorage.py
[2025-02-10T02:56:15.955+0000] {processor.py:925} INFO - DAG(s) 'tutorial_objectstorage' retrieved from /home/airflow/.local/lib/python3.12/site-packages/airflow/example_dags/tutorial_objectstorage.py
[2025-02-10T02:56:16.080+0000] {logging_mixin.py:190} INFO - [2025-02-10T02:56:16.080+0000] {dag.py:3239} INFO - Sync 1 DAGs
[2025-02-10T02:56:16.101+0000] {logging_mixin.py:190} INFO - [2025-02-10T02:56:16.101+0000] {dag.py:4180} INFO - Setting next_dagrun for tutorial_objectstorage to None, run_after=None
[2025-02-10T02:56:16.114+0000] {processor.py:208} INFO - Processing /home/airflow/.local/lib/python3.12/site-packages/airflow/example_dags/tutorial_objectstorage.py took 0.343 seconds
[2025-02-10T02:56:46.264+0000] {processor.py:186} INFO - Started process (PID=190) to work on /home/airflow/.local/lib/python3.12/site-packages/airflow/example_dags/tutorial_objectstorage.py
[2025-02-10T02:56:46.265+0000] {processor.py:914} INFO - Processing file /home/airflow/.local/lib/python3.12/site-packages/airflow/example_dags/tutorial_objectstorage.py for tasks to queue
[2025-02-10T02:56:46.267+0000] {logging_mixin.py:190} INFO - [2025-02-10T02:56:46.267+0000] {dagbag.py:588} INFO - Filling up the DagBag from /home/airflow/.local/lib/python3.12/site-packages/airflow/example_dags/tutorial_objectstorage.py
[2025-02-10T02:56:46.277+0000] {processor.py:925} INFO - DAG(s) 'tutorial_objectstorage' retrieved from /home/airflow/.local/lib/python3.12/site-packages/airflow/example_dags/tutorial_objectstorage.py
[2025-02-10T02:56:46.308+0000] {logging_mixin.py:190} INFO - [2025-02-10T02:56:46.308+0000] {dag.py:3239} INFO - Sync 1 DAGs
[2025-02-10T02:56:46.319+0000] {logging_mixin.py:190} INFO - [2025-02-10T02:56:46.318+0000] {dag.py:4180} INFO - Setting next_dagrun for tutorial_objectstorage to None, run_after=None
[2025-02-10T02:56:46.359+0000] {processor.py:208} INFO - Processing /home/airflow/.local/lib/python3.12/site-packages/airflow/example_dags/tutorial_objectstorage.py took 0.099 seconds
[2025-02-10T02:57:17.152+0000] {processor.py:186} INFO - Started process (PID=253) to work on /home/airflow/.local/lib/python3.12/site-packages/airflow/example_dags/tutorial_objectstorage.py
[2025-02-10T02:57:17.154+0000] {processor.py:914} INFO - Processing file /home/airflow/.local/lib/python3.12/site-packages/airflow/example_dags/tutorial_objectstorage.py for tasks to queue
[2025-02-10T02:57:17.156+0000] {logging_mixin.py:190} INFO - [2025-02-10T02:57:17.156+0000] {dagbag.py:588} INFO - Filling up the DagBag from /home/airflow/.local/lib/python3.12/site-packages/airflow/example_dags/tutorial_objectstorage.py
[2025-02-10T02:57:17.171+0000] {processor.py:925} INFO - DAG(s) 'tutorial_objectstorage' retrieved from /home/airflow/.local/lib/python3.12/site-packages/airflow/example_dags/tutorial_objectstorage.py
[2025-02-10T02:57:17.185+0000] {logging_mixin.py:190} INFO - [2025-02-10T02:57:17.185+0000] {dag.py:3239} INFO - Sync 1 DAGs
[2025-02-10T02:57:17.194+0000] {logging_mixin.py:190} INFO - [2025-02-10T02:57:17.194+0000] {dag.py:4180} INFO - Setting next_dagrun for tutorial_objectstorage to None, run_after=None
[2025-02-10T02:57:17.208+0000] {processor.py:208} INFO - Processing /home/airflow/.local/lib/python3.12/site-packages/airflow/example_dags/tutorial_objectstorage.py took 0.059 seconds
[2025-02-10T02:57:48.089+0000] {processor.py:186} INFO - Started process (PID=317) to work on /home/airflow/.local/lib/python3.12/site-packages/airflow/example_dags/tutorial_objectstorage.py
[2025-02-10T02:57:48.089+0000] {processor.py:914} INFO - Processing file /home/airflow/.local/lib/python3.12/site-packages/airflow/example_dags/tutorial_objectstorage.py for tasks to queue
[2025-02-10T02:57:48.090+0000] {logging_mixin.py:190} INFO - [2025-02-10T02:57:48.090+0000] {dagbag.py:588} INFO - Filling up the DagBag from /home/airflow/.local/lib/python3.12/site-packages/airflow/example_dags/tutorial_objectstorage.py
[2025-02-10T02:57:48.095+0000] {processor.py:925} INFO - DAG(s) 'tutorial_objectstorage' retrieved from /home/airflow/.local/lib/python3.12/site-packages/airflow/example_dags/tutorial_objectstorage.py
[2025-02-10T02:57:48.107+0000] {logging_mixin.py:190} INFO - [2025-02-10T02:57:48.107+0000] {dag.py:3239} INFO - Sync 1 DAGs
[2025-02-10T02:57:48.115+0000] {logging_mixin.py:190} INFO - [2025-02-10T02:57:48.115+0000] {dag.py:4180} INFO - Setting next_dagrun for tutorial_objectstorage to None, run_after=None
[2025-02-10T02:57:48.126+0000] {processor.py:208} INFO - Processing /home/airflow/.local/lib/python3.12/site-packages/airflow/example_dags/tutorial_objectstorage.py took 0.041 seconds
[2025-02-10T02:58:19.020+0000] {processor.py:186} INFO - Started process (PID=381) to work on /home/airflow/.local/lib/python3.12/site-packages/airflow/example_dags/tutorial_objectstorage.py
[2025-02-10T02:58:19.021+0000] {processor.py:914} INFO - Processing file /home/airflow/.local/lib/python3.12/site-packages/airflow/example_dags/tutorial_objectstorage.py for tasks to queue
[2025-02-10T02:58:19.022+0000] {logging_mixin.py:190} INFO - [2025-02-10T02:58:19.022+0000] {dagbag.py:588} INFO - Filling up the DagBag from /home/airflow/.local/lib/python3.12/site-packages/airflow/example_dags/tutorial_objectstorage.py
[2025-02-10T02:58:19.031+0000] {processor.py:925} INFO - DAG(s) 'tutorial_objectstorage' retrieved from /home/airflow/.local/lib/python3.12/site-packages/airflow/example_dags/tutorial_objectstorage.py
[2025-02-10T02:58:19.050+0000] {logging_mixin.py:190} INFO - [2025-02-10T02:58:19.050+0000] {dag.py:3239} INFO - Sync 1 DAGs
[2025-02-10T02:58:19.067+0000] {logging_mixin.py:190} INFO - [2025-02-10T02:58:19.066+0000] {dag.py:4180} INFO - Setting next_dagrun for tutorial_objectstorage to None, run_after=None
[2025-02-10T02:58:19.085+0000] {processor.py:208} INFO - Processing /home/airflow/.local/lib/python3.12/site-packages/airflow/example_dags/tutorial_objectstorage.py took 0.069 seconds
[2025-02-10T02:58:49.116+0000] {processor.py:186} INFO - Started process (PID=445) to work on /home/airflow/.local/lib/python3.12/site-packages/airflow/example_dags/tutorial_objectstorage.py
[2025-02-10T02:58:49.117+0000] {processor.py:914} INFO - Processing file /home/airflow/.local/lib/python3.12/site-packages/airflow/example_dags/tutorial_objectstorage.py for tasks to queue
[2025-02-10T02:58:49.119+0000] {logging_mixin.py:190} INFO - [2025-02-10T02:58:49.118+0000] {dagbag.py:588} INFO - Filling up the DagBag from /home/airflow/.local/lib/python3.12/site-packages/airflow/example_dags/tutorial_objectstorage.py
[2025-02-10T02:58:49.125+0000] {processor.py:925} INFO - DAG(s) 'tutorial_objectstorage' retrieved from /home/airflow/.local/lib/python3.12/site-packages/airflow/example_dags/tutorial_objectstorage.py
[2025-02-10T02:58:49.134+0000] {logging_mixin.py:190} INFO - [2025-02-10T02:58:49.134+0000] {dag.py:3239} INFO - Sync 1 DAGs
[2025-02-10T02:58:49.139+0000] {logging_mixin.py:190} INFO - [2025-02-10T02:58:49.139+0000] {dag.py:4180} INFO - Setting next_dagrun for tutorial_objectstorage to None, run_after=None
[2025-02-10T02:58:49.146+0000] {processor.py:208} INFO - Processing /home/airflow/.local/lib/python3.12/site-packages/airflow/example_dags/tutorial_objectstorage.py took 0.033 seconds
[2025-02-10T02:59:19.231+0000] {processor.py:186} INFO - Started process (PID=509) to work on /home/airflow/.local/lib/python3.12/site-packages/airflow/example_dags/tutorial_objectstorage.py
[2025-02-10T02:59:19.233+0000] {processor.py:914} INFO - Processing file /home/airflow/.local/lib/python3.12/site-packages/airflow/example_dags/tutorial_objectstorage.py for tasks to queue
[2025-02-10T02:59:19.234+0000] {logging_mixin.py:190} INFO - [2025-02-10T02:59:19.233+0000] {dagbag.py:588} INFO - Filling up the DagBag from /home/airflow/.local/lib/python3.12/site-packages/airflow/example_dags/tutorial_objectstorage.py
[2025-02-10T02:59:19.239+0000] {processor.py:925} INFO - DAG(s) 'tutorial_objectstorage' retrieved from /home/airflow/.local/lib/python3.12/site-packages/airflow/example_dags/tutorial_objectstorage.py
[2025-02-10T02:59:19.254+0000] {logging_mixin.py:190} INFO - [2025-02-10T02:59:19.254+0000] {dag.py:3239} INFO - Sync 1 DAGs
[2025-02-10T02:59:19.263+0000] {logging_mixin.py:190} INFO - [2025-02-10T02:59:19.263+0000] {dag.py:4180} INFO - Setting next_dagrun for tutorial_objectstorage to None, run_after=None
[2025-02-10T02:59:19.273+0000] {processor.py:208} INFO - Processing /home/airflow/.local/lib/python3.12/site-packages/airflow/example_dags/tutorial_objectstorage.py took 0.044 seconds
[2025-02-10T02:59:49.564+0000] {processor.py:186} INFO - Started process (PID=573) to work on /home/airflow/.local/lib/python3.12/site-packages/airflow/example_dags/tutorial_objectstorage.py
[2025-02-10T02:59:49.564+0000] {processor.py:914} INFO - Processing file /home/airflow/.local/lib/python3.12/site-packages/airflow/example_dags/tutorial_objectstorage.py for tasks to queue
[2025-02-10T02:59:49.566+0000] {logging_mixin.py:190} INFO - [2025-02-10T02:59:49.566+0000] {dagbag.py:588} INFO - Filling up the DagBag from /home/airflow/.local/lib/python3.12/site-packages/airflow/example_dags/tutorial_objectstorage.py
[2025-02-10T02:59:49.579+0000] {processor.py:925} INFO - DAG(s) 'tutorial_objectstorage' retrieved from /home/airflow/.local/lib/python3.12/site-packages/airflow/example_dags/tutorial_objectstorage.py
[2025-02-10T02:59:49.599+0000] {logging_mixin.py:190} INFO - [2025-02-10T02:59:49.599+0000] {dag.py:3239} INFO - Sync 1 DAGs
[2025-02-10T02:59:49.608+0000] {logging_mixin.py:190} INFO - [2025-02-10T02:59:49.608+0000] {dag.py:4180} INFO - Setting next_dagrun for tutorial_objectstorage to None, run_after=None
[2025-02-10T02:59:49.619+0000] {processor.py:208} INFO - Processing /home/airflow/.local/lib/python3.12/site-packages/airflow/example_dags/tutorial_objectstorage.py took 0.060 seconds
[2025-02-10T03:00:19.804+0000] {processor.py:186} INFO - Started process (PID=637) to work on /home/airflow/.local/lib/python3.12/site-packages/airflow/example_dags/tutorial_objectstorage.py
[2025-02-10T03:00:19.806+0000] {processor.py:914} INFO - Processing file /home/airflow/.local/lib/python3.12/site-packages/airflow/example_dags/tutorial_objectstorage.py for tasks to queue
[2025-02-10T03:00:19.807+0000] {logging_mixin.py:190} INFO - [2025-02-10T03:00:19.807+0000] {dagbag.py:588} INFO - Filling up the DagBag from /home/airflow/.local/lib/python3.12/site-packages/airflow/example_dags/tutorial_objectstorage.py
[2025-02-10T03:00:19.813+0000] {processor.py:925} INFO - DAG(s) 'tutorial_objectstorage' retrieved from /home/airflow/.local/lib/python3.12/site-packages/airflow/example_dags/tutorial_objectstorage.py
[2025-02-10T03:00:19.839+0000] {logging_mixin.py:190} INFO - [2025-02-10T03:00:19.839+0000] {dag.py:3239} INFO - Sync 1 DAGs
[2025-02-10T03:00:19.849+0000] {logging_mixin.py:190} INFO - [2025-02-10T03:00:19.849+0000] {dag.py:4180} INFO - Setting next_dagrun for tutorial_objectstorage to None, run_after=None
[2025-02-10T03:00:19.863+0000] {processor.py:208} INFO - Processing /home/airflow/.local/lib/python3.12/site-packages/airflow/example_dags/tutorial_objectstorage.py took 0.062 seconds
[2025-02-10T03:00:50.397+0000] {processor.py:186} INFO - Started process (PID=701) to work on /home/airflow/.local/lib/python3.12/site-packages/airflow/example_dags/tutorial_objectstorage.py
[2025-02-10T03:00:50.398+0000] {processor.py:914} INFO - Processing file /home/airflow/.local/lib/python3.12/site-packages/airflow/example_dags/tutorial_objectstorage.py for tasks to queue
[2025-02-10T03:00:50.399+0000] {logging_mixin.py:190} INFO - [2025-02-10T03:00:50.399+0000] {dagbag.py:588} INFO - Filling up the DagBag from /home/airflow/.local/lib/python3.12/site-packages/airflow/example_dags/tutorial_objectstorage.py
[2025-02-10T03:00:50.406+0000] {processor.py:925} INFO - DAG(s) 'tutorial_objectstorage' retrieved from /home/airflow/.local/lib/python3.12/site-packages/airflow/example_dags/tutorial_objectstorage.py
[2025-02-10T03:00:50.416+0000] {logging_mixin.py:190} INFO - [2025-02-10T03:00:50.416+0000] {dag.py:3239} INFO - Sync 1 DAGs
[2025-02-10T03:00:50.422+0000] {logging_mixin.py:190} INFO - [2025-02-10T03:00:50.422+0000] {dag.py:4180} INFO - Setting next_dagrun for tutorial_objectstorage to None, run_after=None
[2025-02-10T03:00:50.429+0000] {processor.py:208} INFO - Processing /home/airflow/.local/lib/python3.12/site-packages/airflow/example_dags/tutorial_objectstorage.py took 0.037 seconds
[2025-02-10T03:01:20.533+0000] {processor.py:186} INFO - Started process (PID=765) to work on /home/airflow/.local/lib/python3.12/site-packages/airflow/example_dags/tutorial_objectstorage.py
[2025-02-10T03:01:20.534+0000] {processor.py:914} INFO - Processing file /home/airflow/.local/lib/python3.12/site-packages/airflow/example_dags/tutorial_objectstorage.py for tasks to queue
[2025-02-10T03:01:20.535+0000] {logging_mixin.py:190} INFO - [2025-02-10T03:01:20.535+0000] {dagbag.py:588} INFO - Filling up the DagBag from /home/airflow/.local/lib/python3.12/site-packages/airflow/example_dags/tutorial_objectstorage.py
[2025-02-10T03:01:20.540+0000] {processor.py:925} INFO - DAG(s) 'tutorial_objectstorage' retrieved from /home/airflow/.local/lib/python3.12/site-packages/airflow/example_dags/tutorial_objectstorage.py
[2025-02-10T03:01:20.552+0000] {logging_mixin.py:190} INFO - [2025-02-10T03:01:20.552+0000] {dag.py:3239} INFO - Sync 1 DAGs
[2025-02-10T03:01:20.558+0000] {logging_mixin.py:190} INFO - [2025-02-10T03:01:20.558+0000] {dag.py:4180} INFO - Setting next_dagrun for tutorial_objectstorage to None, run_after=None
[2025-02-10T03:01:20.565+0000] {processor.py:208} INFO - Processing /home/airflow/.local/lib/python3.12/site-packages/airflow/example_dags/tutorial_objectstorage.py took 0.040 seconds
[2025-02-10T03:01:50.661+0000] {processor.py:186} INFO - Started process (PID=829) to work on /home/airflow/.local/lib/python3.12/site-packages/airflow/example_dags/tutorial_objectstorage.py
[2025-02-10T03:01:50.665+0000] {processor.py:914} INFO - Processing file /home/airflow/.local/lib/python3.12/site-packages/airflow/example_dags/tutorial_objectstorage.py for tasks to queue
[2025-02-10T03:01:50.666+0000] {logging_mixin.py:190} INFO - [2025-02-10T03:01:50.666+0000] {dagbag.py:588} INFO - Filling up the DagBag from /home/airflow/.local/lib/python3.12/site-packages/airflow/example_dags/tutorial_objectstorage.py
[2025-02-10T03:01:50.674+0000] {processor.py:925} INFO - DAG(s) 'tutorial_objectstorage' retrieved from /home/airflow/.local/lib/python3.12/site-packages/airflow/example_dags/tutorial_objectstorage.py
[2025-02-10T03:01:50.686+0000] {logging_mixin.py:190} INFO - [2025-02-10T03:01:50.686+0000] {dag.py:3239} INFO - Sync 1 DAGs
[2025-02-10T03:01:50.693+0000] {logging_mixin.py:190} INFO - [2025-02-10T03:01:50.693+0000] {dag.py:4180} INFO - Setting next_dagrun for tutorial_objectstorage to None, run_after=None
[2025-02-10T03:01:50.701+0000] {processor.py:208} INFO - Processing /home/airflow/.local/lib/python3.12/site-packages/airflow/example_dags/tutorial_objectstorage.py took 0.047 seconds
[2025-02-10T03:02:21.039+0000] {processor.py:186} INFO - Started process (PID=893) to work on /home/airflow/.local/lib/python3.12/site-packages/airflow/example_dags/tutorial_objectstorage.py
[2025-02-10T03:02:21.040+0000] {processor.py:914} INFO - Processing file /home/airflow/.local/lib/python3.12/site-packages/airflow/example_dags/tutorial_objectstorage.py for tasks to queue
[2025-02-10T03:02:21.041+0000] {logging_mixin.py:190} INFO - [2025-02-10T03:02:21.041+0000] {dagbag.py:588} INFO - Filling up the DagBag from /home/airflow/.local/lib/python3.12/site-packages/airflow/example_dags/tutorial_objectstorage.py
[2025-02-10T03:02:21.047+0000] {processor.py:925} INFO - DAG(s) 'tutorial_objectstorage' retrieved from /home/airflow/.local/lib/python3.12/site-packages/airflow/example_dags/tutorial_objectstorage.py
[2025-02-10T03:02:21.057+0000] {logging_mixin.py:190} INFO - [2025-02-10T03:02:21.057+0000] {dag.py:3239} INFO - Sync 1 DAGs
[2025-02-10T03:02:21.062+0000] {logging_mixin.py:190} INFO - [2025-02-10T03:02:21.062+0000] {dag.py:4180} INFO - Setting next_dagrun for tutorial_objectstorage to None, run_after=None
[2025-02-10T03:02:21.069+0000] {processor.py:208} INFO - Processing /home/airflow/.local/lib/python3.12/site-packages/airflow/example_dags/tutorial_objectstorage.py took 0.033 seconds
[2025-02-10T03:02:51.376+0000] {processor.py:186} INFO - Started process (PID=957) to work on /home/airflow/.local/lib/python3.12/site-packages/airflow/example_dags/tutorial_objectstorage.py
[2025-02-10T03:02:51.379+0000] {processor.py:914} INFO - Processing file /home/airflow/.local/lib/python3.12/site-packages/airflow/example_dags/tutorial_objectstorage.py for tasks to queue
[2025-02-10T03:02:51.384+0000] {logging_mixin.py:190} INFO - [2025-02-10T03:02:51.384+0000] {dagbag.py:588} INFO - Filling up the DagBag from /home/airflow/.local/lib/python3.12/site-packages/airflow/example_dags/tutorial_objectstorage.py
[2025-02-10T03:02:51.392+0000] {processor.py:925} INFO - DAG(s) 'tutorial_objectstorage' retrieved from /home/airflow/.local/lib/python3.12/site-packages/airflow/example_dags/tutorial_objectstorage.py
[2025-02-10T03:02:51.408+0000] {logging_mixin.py:190} INFO - [2025-02-10T03:02:51.408+0000] {dag.py:3239} INFO - Sync 1 DAGs
[2025-02-10T03:02:51.416+0000] {logging_mixin.py:190} INFO - [2025-02-10T03:02:51.416+0000] {dag.py:4180} INFO - Setting next_dagrun for tutorial_objectstorage to None, run_after=None
[2025-02-10T03:02:51.423+0000] {processor.py:208} INFO - Processing /home/airflow/.local/lib/python3.12/site-packages/airflow/example_dags/tutorial_objectstorage.py took 0.059 seconds
[2025-02-10T03:03:21.726+0000] {processor.py:186} INFO - Started process (PID=1021) to work on /home/airflow/.local/lib/python3.12/site-packages/airflow/example_dags/tutorial_objectstorage.py
[2025-02-10T03:03:21.728+0000] {processor.py:914} INFO - Processing file /home/airflow/.local/lib/python3.12/site-packages/airflow/example_dags/tutorial_objectstorage.py for tasks to queue
[2025-02-10T03:03:21.730+0000] {logging_mixin.py:190} INFO - [2025-02-10T03:03:21.730+0000] {dagbag.py:588} INFO - Filling up the DagBag from /home/airflow/.local/lib/python3.12/site-packages/airflow/example_dags/tutorial_objectstorage.py
[2025-02-10T03:03:21.736+0000] {processor.py:925} INFO - DAG(s) 'tutorial_objectstorage' retrieved from /home/airflow/.local/lib/python3.12/site-packages/airflow/example_dags/tutorial_objectstorage.py
[2025-02-10T03:03:21.750+0000] {logging_mixin.py:190} INFO - [2025-02-10T03:03:21.750+0000] {dag.py:3239} INFO - Sync 1 DAGs
[2025-02-10T03:03:21.756+0000] {logging_mixin.py:190} INFO - [2025-02-10T03:03:21.756+0000] {dag.py:4180} INFO - Setting next_dagrun for tutorial_objectstorage to None, run_after=None
[2025-02-10T03:03:21.772+0000] {processor.py:208} INFO - Processing /home/airflow/.local/lib/python3.12/site-packages/airflow/example_dags/tutorial_objectstorage.py took 0.048 seconds
[2025-02-10T03:03:51.939+0000] {processor.py:186} INFO - Started process (PID=1085) to work on /home/airflow/.local/lib/python3.12/site-packages/airflow/example_dags/tutorial_objectstorage.py
[2025-02-10T03:03:51.940+0000] {processor.py:914} INFO - Processing file /home/airflow/.local/lib/python3.12/site-packages/airflow/example_dags/tutorial_objectstorage.py for tasks to queue
[2025-02-10T03:03:51.941+0000] {logging_mixin.py:190} INFO - [2025-02-10T03:03:51.941+0000] {dagbag.py:588} INFO - Filling up the DagBag from /home/airflow/.local/lib/python3.12/site-packages/airflow/example_dags/tutorial_objectstorage.py
[2025-02-10T03:03:51.947+0000] {processor.py:925} INFO - DAG(s) 'tutorial_objectstorage' retrieved from /home/airflow/.local/lib/python3.12/site-packages/airflow/example_dags/tutorial_objectstorage.py
[2025-02-10T03:03:51.959+0000] {logging_mixin.py:190} INFO - [2025-02-10T03:03:51.959+0000] {dag.py:3239} INFO - Sync 1 DAGs
[2025-02-10T03:03:51.967+0000] {logging_mixin.py:190} INFO - [2025-02-10T03:03:51.967+0000] {dag.py:4180} INFO - Setting next_dagrun for tutorial_objectstorage to None, run_after=None
[2025-02-10T03:03:51.980+0000] {processor.py:208} INFO - Processing /home/airflow/.local/lib/python3.12/site-packages/airflow/example_dags/tutorial_objectstorage.py took 0.043 seconds
[2025-02-10T03:04:22.550+0000] {processor.py:186} INFO - Started process (PID=1149) to work on /home/airflow/.local/lib/python3.12/site-packages/airflow/example_dags/tutorial_objectstorage.py
[2025-02-10T03:04:22.551+0000] {processor.py:914} INFO - Processing file /home/airflow/.local/lib/python3.12/site-packages/airflow/example_dags/tutorial_objectstorage.py for tasks to queue
[2025-02-10T03:04:22.552+0000] {logging_mixin.py:190} INFO - [2025-02-10T03:04:22.552+0000] {dagbag.py:588} INFO - Filling up the DagBag from /home/airflow/.local/lib/python3.12/site-packages/airflow/example_dags/tutorial_objectstorage.py
[2025-02-10T03:04:22.558+0000] {processor.py:925} INFO - DAG(s) 'tutorial_objectstorage' retrieved from /home/airflow/.local/lib/python3.12/site-packages/airflow/example_dags/tutorial_objectstorage.py
[2025-02-10T03:04:22.568+0000] {logging_mixin.py:190} INFO - [2025-02-10T03:04:22.568+0000] {dag.py:3239} INFO - Sync 1 DAGs
[2025-02-10T03:04:22.574+0000] {logging_mixin.py:190} INFO - [2025-02-10T03:04:22.574+0000] {dag.py:4180} INFO - Setting next_dagrun for tutorial_objectstorage to None, run_after=None
[2025-02-10T03:04:22.581+0000] {processor.py:208} INFO - Processing /home/airflow/.local/lib/python3.12/site-packages/airflow/example_dags/tutorial_objectstorage.py took 0.034 seconds
[2025-02-10T03:04:52.961+0000] {processor.py:186} INFO - Started process (PID=1213) to work on /home/airflow/.local/lib/python3.12/site-packages/airflow/example_dags/tutorial_objectstorage.py
[2025-02-10T03:04:52.962+0000] {processor.py:914} INFO - Processing file /home/airflow/.local/lib/python3.12/site-packages/airflow/example_dags/tutorial_objectstorage.py for tasks to queue
[2025-02-10T03:04:52.963+0000] {logging_mixin.py:190} INFO - [2025-02-10T03:04:52.963+0000] {dagbag.py:588} INFO - Filling up the DagBag from /home/airflow/.local/lib/python3.12/site-packages/airflow/example_dags/tutorial_objectstorage.py
[2025-02-10T03:04:52.970+0000] {processor.py:925} INFO - DAG(s) 'tutorial_objectstorage' retrieved from /home/airflow/.local/lib/python3.12/site-packages/airflow/example_dags/tutorial_objectstorage.py
[2025-02-10T03:04:52.981+0000] {logging_mixin.py:190} INFO - [2025-02-10T03:04:52.981+0000] {dag.py:3239} INFO - Sync 1 DAGs
[2025-02-10T03:04:52.992+0000] {logging_mixin.py:190} INFO - [2025-02-10T03:04:52.991+0000] {dag.py:4180} INFO - Setting next_dagrun for tutorial_objectstorage to None, run_after=None
[2025-02-10T03:04:53.006+0000] {processor.py:208} INFO - Processing /home/airflow/.local/lib/python3.12/site-packages/airflow/example_dags/tutorial_objectstorage.py took 0.048 seconds
[2025-02-10T03:05:23.175+0000] {processor.py:186} INFO - Started process (PID=1277) to work on /home/airflow/.local/lib/python3.12/site-packages/airflow/example_dags/tutorial_objectstorage.py
[2025-02-10T03:05:23.176+0000] {processor.py:914} INFO - Processing file /home/airflow/.local/lib/python3.12/site-packages/airflow/example_dags/tutorial_objectstorage.py for tasks to queue
[2025-02-10T03:05:23.177+0000] {logging_mixin.py:190} INFO - [2025-02-10T03:05:23.177+0000] {dagbag.py:588} INFO - Filling up the DagBag from /home/airflow/.local/lib/python3.12/site-packages/airflow/example_dags/tutorial_objectstorage.py
[2025-02-10T03:05:23.182+0000] {processor.py:925} INFO - DAG(s) 'tutorial_objectstorage' retrieved from /home/airflow/.local/lib/python3.12/site-packages/airflow/example_dags/tutorial_objectstorage.py
[2025-02-10T03:05:23.196+0000] {logging_mixin.py:190} INFO - [2025-02-10T03:05:23.196+0000] {dag.py:3239} INFO - Sync 1 DAGs
[2025-02-10T03:05:23.207+0000] {logging_mixin.py:190} INFO - [2025-02-10T03:05:23.207+0000] {dag.py:4180} INFO - Setting next_dagrun for tutorial_objectstorage to None, run_after=None
[2025-02-10T03:05:23.218+0000] {processor.py:208} INFO - Processing /home/airflow/.local/lib/python3.12/site-packages/airflow/example_dags/tutorial_objectstorage.py took 0.047 seconds
[2025-02-10T03:05:53.371+0000] {processor.py:186} INFO - Started process (PID=1341) to work on /home/airflow/.local/lib/python3.12/site-packages/airflow/example_dags/tutorial_objectstorage.py
[2025-02-10T03:05:53.372+0000] {processor.py:914} INFO - Processing file /home/airflow/.local/lib/python3.12/site-packages/airflow/example_dags/tutorial_objectstorage.py for tasks to queue
[2025-02-10T03:05:53.374+0000] {logging_mixin.py:190} INFO - [2025-02-10T03:05:53.374+0000] {dagbag.py:588} INFO - Filling up the DagBag from /home/airflow/.local/lib/python3.12/site-packages/airflow/example_dags/tutorial_objectstorage.py
[2025-02-10T03:05:53.380+0000] {processor.py:925} INFO - DAG(s) 'tutorial_objectstorage' retrieved from /home/airflow/.local/lib/python3.12/site-packages/airflow/example_dags/tutorial_objectstorage.py
[2025-02-10T03:05:53.387+0000] {logging_mixin.py:190} INFO - [2025-02-10T03:05:53.387+0000] {dag.py:3239} INFO - Sync 1 DAGs
[2025-02-10T03:05:53.395+0000] {logging_mixin.py:190} INFO - [2025-02-10T03:05:53.395+0000] {dag.py:4180} INFO - Setting next_dagrun for tutorial_objectstorage to None, run_after=None
[2025-02-10T03:05:53.406+0000] {processor.py:208} INFO - Processing /home/airflow/.local/lib/python3.12/site-packages/airflow/example_dags/tutorial_objectstorage.py took 0.038 seconds
[2025-02-10T03:06:23.723+0000] {processor.py:186} INFO - Started process (PID=1405) to work on /home/airflow/.local/lib/python3.12/site-packages/airflow/example_dags/tutorial_objectstorage.py
[2025-02-10T03:06:23.724+0000] {processor.py:914} INFO - Processing file /home/airflow/.local/lib/python3.12/site-packages/airflow/example_dags/tutorial_objectstorage.py for tasks to queue
[2025-02-10T03:06:23.725+0000] {logging_mixin.py:190} INFO - [2025-02-10T03:06:23.725+0000] {dagbag.py:588} INFO - Filling up the DagBag from /home/airflow/.local/lib/python3.12/site-packages/airflow/example_dags/tutorial_objectstorage.py
[2025-02-10T03:06:23.729+0000] {processor.py:925} INFO - DAG(s) 'tutorial_objectstorage' retrieved from /home/airflow/.local/lib/python3.12/site-packages/airflow/example_dags/tutorial_objectstorage.py
[2025-02-10T03:06:23.739+0000] {logging_mixin.py:190} INFO - [2025-02-10T03:06:23.739+0000] {dag.py:3239} INFO - Sync 1 DAGs
[2025-02-10T03:06:23.745+0000] {logging_mixin.py:190} INFO - [2025-02-10T03:06:23.745+0000] {dag.py:4180} INFO - Setting next_dagrun for tutorial_objectstorage to None, run_after=None
[2025-02-10T03:06:23.752+0000] {processor.py:208} INFO - Processing /home/airflow/.local/lib/python3.12/site-packages/airflow/example_dags/tutorial_objectstorage.py took 0.031 seconds
[2025-02-10T03:06:54.032+0000] {processor.py:186} INFO - Started process (PID=1469) to work on /home/airflow/.local/lib/python3.12/site-packages/airflow/example_dags/tutorial_objectstorage.py
[2025-02-10T03:06:54.045+0000] {processor.py:914} INFO - Processing file /home/airflow/.local/lib/python3.12/site-packages/airflow/example_dags/tutorial_objectstorage.py for tasks to queue
[2025-02-10T03:06:54.068+0000] {logging_mixin.py:190} INFO - [2025-02-10T03:06:54.067+0000] {dagbag.py:588} INFO - Filling up the DagBag from /home/airflow/.local/lib/python3.12/site-packages/airflow/example_dags/tutorial_objectstorage.py
[2025-02-10T03:06:54.083+0000] {processor.py:925} INFO - DAG(s) 'tutorial_objectstorage' retrieved from /home/airflow/.local/lib/python3.12/site-packages/airflow/example_dags/tutorial_objectstorage.py
[2025-02-10T03:06:54.139+0000] {logging_mixin.py:190} INFO - [2025-02-10T03:06:54.137+0000] {dag.py:3239} INFO - Sync 1 DAGs
[2025-02-10T03:06:54.180+0000] {logging_mixin.py:190} INFO - [2025-02-10T03:06:54.180+0000] {dag.py:4180} INFO - Setting next_dagrun for tutorial_objectstorage to None, run_after=None
[2025-02-10T03:06:54.197+0000] {processor.py:208} INFO - Processing /home/airflow/.local/lib/python3.12/site-packages/airflow/example_dags/tutorial_objectstorage.py took 0.175 seconds
[2025-02-10T03:07:25.104+0000] {processor.py:186} INFO - Started process (PID=1533) to work on /home/airflow/.local/lib/python3.12/site-packages/airflow/example_dags/tutorial_objectstorage.py
[2025-02-10T03:07:25.105+0000] {processor.py:914} INFO - Processing file /home/airflow/.local/lib/python3.12/site-packages/airflow/example_dags/tutorial_objectstorage.py for tasks to queue
[2025-02-10T03:07:25.107+0000] {logging_mixin.py:190} INFO - [2025-02-10T03:07:25.107+0000] {dagbag.py:588} INFO - Filling up the DagBag from /home/airflow/.local/lib/python3.12/site-packages/airflow/example_dags/tutorial_objectstorage.py
[2025-02-10T03:07:25.114+0000] {processor.py:925} INFO - DAG(s) 'tutorial_objectstorage' retrieved from /home/airflow/.local/lib/python3.12/site-packages/airflow/example_dags/tutorial_objectstorage.py
[2025-02-10T03:07:25.130+0000] {logging_mixin.py:190} INFO - [2025-02-10T03:07:25.130+0000] {dag.py:3239} INFO - Sync 1 DAGs
[2025-02-10T03:07:25.137+0000] {logging_mixin.py:190} INFO - [2025-02-10T03:07:25.137+0000] {dag.py:4180} INFO - Setting next_dagrun for tutorial_objectstorage to None, run_after=None
[2025-02-10T03:07:25.151+0000] {processor.py:208} INFO - Processing /home/airflow/.local/lib/python3.12/site-packages/airflow/example_dags/tutorial_objectstorage.py took 0.054 seconds
[2025-02-10T03:07:55.628+0000] {processor.py:186} INFO - Started process (PID=1597) to work on /home/airflow/.local/lib/python3.12/site-packages/airflow/example_dags/tutorial_objectstorage.py
[2025-02-10T03:07:55.629+0000] {processor.py:914} INFO - Processing file /home/airflow/.local/lib/python3.12/site-packages/airflow/example_dags/tutorial_objectstorage.py for tasks to queue
[2025-02-10T03:07:55.630+0000] {logging_mixin.py:190} INFO - [2025-02-10T03:07:55.630+0000] {dagbag.py:588} INFO - Filling up the DagBag from /home/airflow/.local/lib/python3.12/site-packages/airflow/example_dags/tutorial_objectstorage.py
[2025-02-10T03:07:55.639+0000] {processor.py:925} INFO - DAG(s) 'tutorial_objectstorage' retrieved from /home/airflow/.local/lib/python3.12/site-packages/airflow/example_dags/tutorial_objectstorage.py
[2025-02-10T03:07:55.655+0000] {logging_mixin.py:190} INFO - [2025-02-10T03:07:55.655+0000] {dag.py:3239} INFO - Sync 1 DAGs
[2025-02-10T03:07:55.666+0000] {logging_mixin.py:190} INFO - [2025-02-10T03:07:55.666+0000] {dag.py:4180} INFO - Setting next_dagrun for tutorial_objectstorage to None, run_after=None
[2025-02-10T03:07:55.674+0000] {processor.py:208} INFO - Processing /home/airflow/.local/lib/python3.12/site-packages/airflow/example_dags/tutorial_objectstorage.py took 0.048 seconds
[2025-02-10T03:08:26.344+0000] {processor.py:186} INFO - Started process (PID=1661) to work on /home/airflow/.local/lib/python3.12/site-packages/airflow/example_dags/tutorial_objectstorage.py
[2025-02-10T03:08:26.345+0000] {processor.py:914} INFO - Processing file /home/airflow/.local/lib/python3.12/site-packages/airflow/example_dags/tutorial_objectstorage.py for tasks to queue
[2025-02-10T03:08:26.347+0000] {logging_mixin.py:190} INFO - [2025-02-10T03:08:26.346+0000] {dagbag.py:588} INFO - Filling up the DagBag from /home/airflow/.local/lib/python3.12/site-packages/airflow/example_dags/tutorial_objectstorage.py
[2025-02-10T03:08:26.357+0000] {processor.py:925} INFO - DAG(s) 'tutorial_objectstorage' retrieved from /home/airflow/.local/lib/python3.12/site-packages/airflow/example_dags/tutorial_objectstorage.py
[2025-02-10T03:08:26.378+0000] {logging_mixin.py:190} INFO - [2025-02-10T03:08:26.378+0000] {dag.py:3239} INFO - Sync 1 DAGs
[2025-02-10T03:08:26.385+0000] {logging_mixin.py:190} INFO - [2025-02-10T03:08:26.385+0000] {dag.py:4180} INFO - Setting next_dagrun for tutorial_objectstorage to None, run_after=None
[2025-02-10T03:08:26.393+0000] {processor.py:208} INFO - Processing /home/airflow/.local/lib/python3.12/site-packages/airflow/example_dags/tutorial_objectstorage.py took 0.052 seconds
[2025-02-10T03:08:56.890+0000] {processor.py:186} INFO - Started process (PID=1725) to work on /home/airflow/.local/lib/python3.12/site-packages/airflow/example_dags/tutorial_objectstorage.py
[2025-02-10T03:08:56.891+0000] {processor.py:914} INFO - Processing file /home/airflow/.local/lib/python3.12/site-packages/airflow/example_dags/tutorial_objectstorage.py for tasks to queue
[2025-02-10T03:08:56.893+0000] {logging_mixin.py:190} INFO - [2025-02-10T03:08:56.892+0000] {dagbag.py:588} INFO - Filling up the DagBag from /home/airflow/.local/lib/python3.12/site-packages/airflow/example_dags/tutorial_objectstorage.py
[2025-02-10T03:08:56.900+0000] {processor.py:925} INFO - DAG(s) 'tutorial_objectstorage' retrieved from /home/airflow/.local/lib/python3.12/site-packages/airflow/example_dags/tutorial_objectstorage.py
[2025-02-10T03:08:56.915+0000] {logging_mixin.py:190} INFO - [2025-02-10T03:08:56.914+0000] {dag.py:3239} INFO - Sync 1 DAGs
[2025-02-10T03:08:56.936+0000] {logging_mixin.py:190} INFO - [2025-02-10T03:08:56.935+0000] {dag.py:4180} INFO - Setting next_dagrun for tutorial_objectstorage to None, run_after=None
[2025-02-10T03:08:56.948+0000] {processor.py:208} INFO - Processing /home/airflow/.local/lib/python3.12/site-packages/airflow/example_dags/tutorial_objectstorage.py took 0.063 seconds
[2025-02-10T03:09:27.641+0000] {processor.py:186} INFO - Started process (PID=1789) to work on /home/airflow/.local/lib/python3.12/site-packages/airflow/example_dags/tutorial_objectstorage.py
[2025-02-10T03:09:27.642+0000] {processor.py:914} INFO - Processing file /home/airflow/.local/lib/python3.12/site-packages/airflow/example_dags/tutorial_objectstorage.py for tasks to queue
[2025-02-10T03:09:27.644+0000] {logging_mixin.py:190} INFO - [2025-02-10T03:09:27.644+0000] {dagbag.py:588} INFO - Filling up the DagBag from /home/airflow/.local/lib/python3.12/site-packages/airflow/example_dags/tutorial_objectstorage.py
[2025-02-10T03:09:27.650+0000] {processor.py:925} INFO - DAG(s) 'tutorial_objectstorage' retrieved from /home/airflow/.local/lib/python3.12/site-packages/airflow/example_dags/tutorial_objectstorage.py
[2025-02-10T03:09:27.665+0000] {logging_mixin.py:190} INFO - [2025-02-10T03:09:27.665+0000] {dag.py:3239} INFO - Sync 1 DAGs
[2025-02-10T03:09:27.675+0000] {logging_mixin.py:190} INFO - [2025-02-10T03:09:27.675+0000] {dag.py:4180} INFO - Setting next_dagrun for tutorial_objectstorage to None, run_after=None
[2025-02-10T03:09:27.684+0000] {processor.py:208} INFO - Processing /home/airflow/.local/lib/python3.12/site-packages/airflow/example_dags/tutorial_objectstorage.py took 0.047 seconds
[2025-02-10T03:09:58.592+0000] {processor.py:186} INFO - Started process (PID=1853) to work on /home/airflow/.local/lib/python3.12/site-packages/airflow/example_dags/tutorial_objectstorage.py
[2025-02-10T03:09:58.593+0000] {processor.py:914} INFO - Processing file /home/airflow/.local/lib/python3.12/site-packages/airflow/example_dags/tutorial_objectstorage.py for tasks to queue
[2025-02-10T03:09:58.597+0000] {logging_mixin.py:190} INFO - [2025-02-10T03:09:58.596+0000] {dagbag.py:588} INFO - Filling up the DagBag from /home/airflow/.local/lib/python3.12/site-packages/airflow/example_dags/tutorial_objectstorage.py
[2025-02-10T03:09:58.604+0000] {processor.py:925} INFO - DAG(s) 'tutorial_objectstorage' retrieved from /home/airflow/.local/lib/python3.12/site-packages/airflow/example_dags/tutorial_objectstorage.py
[2025-02-10T03:09:58.616+0000] {logging_mixin.py:190} INFO - [2025-02-10T03:09:58.616+0000] {dag.py:3239} INFO - Sync 1 DAGs
[2025-02-10T03:09:58.626+0000] {logging_mixin.py:190} INFO - [2025-02-10T03:09:58.626+0000] {dag.py:4180} INFO - Setting next_dagrun for tutorial_objectstorage to None, run_after=None
[2025-02-10T03:09:58.633+0000] {processor.py:208} INFO - Processing /home/airflow/.local/lib/python3.12/site-packages/airflow/example_dags/tutorial_objectstorage.py took 0.043 seconds
[2025-02-10T03:10:29.164+0000] {processor.py:186} INFO - Started process (PID=1917) to work on /home/airflow/.local/lib/python3.12/site-packages/airflow/example_dags/tutorial_objectstorage.py
[2025-02-10T03:10:29.165+0000] {processor.py:914} INFO - Processing file /home/airflow/.local/lib/python3.12/site-packages/airflow/example_dags/tutorial_objectstorage.py for tasks to queue
[2025-02-10T03:10:29.169+0000] {logging_mixin.py:190} INFO - [2025-02-10T03:10:29.169+0000] {dagbag.py:588} INFO - Filling up the DagBag from /home/airflow/.local/lib/python3.12/site-packages/airflow/example_dags/tutorial_objectstorage.py
[2025-02-10T03:10:29.188+0000] {processor.py:925} INFO - DAG(s) 'tutorial_objectstorage' retrieved from /home/airflow/.local/lib/python3.12/site-packages/airflow/example_dags/tutorial_objectstorage.py
[2025-02-10T03:10:29.211+0000] {logging_mixin.py:190} INFO - [2025-02-10T03:10:29.211+0000] {dag.py:3239} INFO - Sync 1 DAGs
[2025-02-10T03:10:29.230+0000] {logging_mixin.py:190} INFO - [2025-02-10T03:10:29.230+0000] {dag.py:4180} INFO - Setting next_dagrun for tutorial_objectstorage to None, run_after=None
[2025-02-10T03:10:29.241+0000] {processor.py:208} INFO - Processing /home/airflow/.local/lib/python3.12/site-packages/airflow/example_dags/tutorial_objectstorage.py took 0.088 seconds
[2025-02-10T03:10:59.909+0000] {processor.py:186} INFO - Started process (PID=1981) to work on /home/airflow/.local/lib/python3.12/site-packages/airflow/example_dags/tutorial_objectstorage.py
[2025-02-10T03:10:59.910+0000] {processor.py:914} INFO - Processing file /home/airflow/.local/lib/python3.12/site-packages/airflow/example_dags/tutorial_objectstorage.py for tasks to queue
[2025-02-10T03:10:59.911+0000] {logging_mixin.py:190} INFO - [2025-02-10T03:10:59.911+0000] {dagbag.py:588} INFO - Filling up the DagBag from /home/airflow/.local/lib/python3.12/site-packages/airflow/example_dags/tutorial_objectstorage.py
[2025-02-10T03:10:59.930+0000] {processor.py:925} INFO - DAG(s) 'tutorial_objectstorage' retrieved from /home/airflow/.local/lib/python3.12/site-packages/airflow/example_dags/tutorial_objectstorage.py
[2025-02-10T03:10:59.946+0000] {logging_mixin.py:190} INFO - [2025-02-10T03:10:59.946+0000] {dag.py:3239} INFO - Sync 1 DAGs
[2025-02-10T03:10:59.953+0000] {logging_mixin.py:190} INFO - [2025-02-10T03:10:59.953+0000] {dag.py:4180} INFO - Setting next_dagrun for tutorial_objectstorage to None, run_after=None
[2025-02-10T03:10:59.960+0000] {processor.py:208} INFO - Processing /home/airflow/.local/lib/python3.12/site-packages/airflow/example_dags/tutorial_objectstorage.py took 0.054 seconds
[2025-02-10T03:11:30.621+0000] {processor.py:186} INFO - Started process (PID=2045) to work on /home/airflow/.local/lib/python3.12/site-packages/airflow/example_dags/tutorial_objectstorage.py
[2025-02-10T03:11:30.622+0000] {processor.py:914} INFO - Processing file /home/airflow/.local/lib/python3.12/site-packages/airflow/example_dags/tutorial_objectstorage.py for tasks to queue
[2025-02-10T03:11:30.624+0000] {logging_mixin.py:190} INFO - [2025-02-10T03:11:30.624+0000] {dagbag.py:588} INFO - Filling up the DagBag from /home/airflow/.local/lib/python3.12/site-packages/airflow/example_dags/tutorial_objectstorage.py
[2025-02-10T03:11:30.633+0000] {processor.py:925} INFO - DAG(s) 'tutorial_objectstorage' retrieved from /home/airflow/.local/lib/python3.12/site-packages/airflow/example_dags/tutorial_objectstorage.py
[2025-02-10T03:11:30.643+0000] {logging_mixin.py:190} INFO - [2025-02-10T03:11:30.643+0000] {dag.py:3239} INFO - Sync 1 DAGs
[2025-02-10T03:11:30.649+0000] {logging_mixin.py:190} INFO - [2025-02-10T03:11:30.649+0000] {dag.py:4180} INFO - Setting next_dagrun for tutorial_objectstorage to None, run_after=None
[2025-02-10T03:11:30.655+0000] {processor.py:208} INFO - Processing /home/airflow/.local/lib/python3.12/site-packages/airflow/example_dags/tutorial_objectstorage.py took 0.038 seconds
[2025-02-10T03:12:01.326+0000] {processor.py:186} INFO - Started process (PID=2109) to work on /home/airflow/.local/lib/python3.12/site-packages/airflow/example_dags/tutorial_objectstorage.py
[2025-02-10T03:12:01.327+0000] {processor.py:914} INFO - Processing file /home/airflow/.local/lib/python3.12/site-packages/airflow/example_dags/tutorial_objectstorage.py for tasks to queue
[2025-02-10T03:12:01.328+0000] {logging_mixin.py:190} INFO - [2025-02-10T03:12:01.328+0000] {dagbag.py:588} INFO - Filling up the DagBag from /home/airflow/.local/lib/python3.12/site-packages/airflow/example_dags/tutorial_objectstorage.py
[2025-02-10T03:12:01.333+0000] {processor.py:925} INFO - DAG(s) 'tutorial_objectstorage' retrieved from /home/airflow/.local/lib/python3.12/site-packages/airflow/example_dags/tutorial_objectstorage.py
[2025-02-10T03:12:01.342+0000] {logging_mixin.py:190} INFO - [2025-02-10T03:12:01.342+0000] {dag.py:3239} INFO - Sync 1 DAGs
[2025-02-10T03:12:01.347+0000] {logging_mixin.py:190} INFO - [2025-02-10T03:12:01.347+0000] {dag.py:4180} INFO - Setting next_dagrun for tutorial_objectstorage to None, run_after=None
[2025-02-10T03:12:01.356+0000] {processor.py:208} INFO - Processing /home/airflow/.local/lib/python3.12/site-packages/airflow/example_dags/tutorial_objectstorage.py took 0.034 seconds
[2025-02-10T03:12:31.439+0000] {processor.py:186} INFO - Started process (PID=2173) to work on /home/airflow/.local/lib/python3.12/site-packages/airflow/example_dags/tutorial_objectstorage.py
[2025-02-10T03:12:31.440+0000] {processor.py:914} INFO - Processing file /home/airflow/.local/lib/python3.12/site-packages/airflow/example_dags/tutorial_objectstorage.py for tasks to queue
[2025-02-10T03:12:31.441+0000] {logging_mixin.py:190} INFO - [2025-02-10T03:12:31.441+0000] {dagbag.py:588} INFO - Filling up the DagBag from /home/airflow/.local/lib/python3.12/site-packages/airflow/example_dags/tutorial_objectstorage.py
[2025-02-10T03:12:31.445+0000] {processor.py:925} INFO - DAG(s) 'tutorial_objectstorage' retrieved from /home/airflow/.local/lib/python3.12/site-packages/airflow/example_dags/tutorial_objectstorage.py
[2025-02-10T03:12:31.456+0000] {logging_mixin.py:190} INFO - [2025-02-10T03:12:31.456+0000] {dag.py:3239} INFO - Sync 1 DAGs
[2025-02-10T03:12:31.462+0000] {logging_mixin.py:190} INFO - [2025-02-10T03:12:31.462+0000] {dag.py:4180} INFO - Setting next_dagrun for tutorial_objectstorage to None, run_after=None
[2025-02-10T03:12:31.471+0000] {processor.py:208} INFO - Processing /home/airflow/.local/lib/python3.12/site-packages/airflow/example_dags/tutorial_objectstorage.py took 0.035 seconds
[2025-02-10T03:13:02.425+0000] {processor.py:186} INFO - Started process (PID=2237) to work on /home/airflow/.local/lib/python3.12/site-packages/airflow/example_dags/tutorial_objectstorage.py
[2025-02-10T03:13:02.426+0000] {processor.py:914} INFO - Processing file /home/airflow/.local/lib/python3.12/site-packages/airflow/example_dags/tutorial_objectstorage.py for tasks to queue
[2025-02-10T03:13:02.427+0000] {logging_mixin.py:190} INFO - [2025-02-10T03:13:02.427+0000] {dagbag.py:588} INFO - Filling up the DagBag from /home/airflow/.local/lib/python3.12/site-packages/airflow/example_dags/tutorial_objectstorage.py
[2025-02-10T03:13:02.433+0000] {processor.py:925} INFO - DAG(s) 'tutorial_objectstorage' retrieved from /home/airflow/.local/lib/python3.12/site-packages/airflow/example_dags/tutorial_objectstorage.py
[2025-02-10T03:13:02.444+0000] {logging_mixin.py:190} INFO - [2025-02-10T03:13:02.444+0000] {dag.py:3239} INFO - Sync 1 DAGs
[2025-02-10T03:13:02.452+0000] {logging_mixin.py:190} INFO - [2025-02-10T03:13:02.452+0000] {dag.py:4180} INFO - Setting next_dagrun for tutorial_objectstorage to None, run_after=None
[2025-02-10T03:13:02.461+0000] {processor.py:208} INFO - Processing /home/airflow/.local/lib/python3.12/site-packages/airflow/example_dags/tutorial_objectstorage.py took 0.039 seconds
[2025-02-10T03:13:32.533+0000] {processor.py:186} INFO - Started process (PID=2301) to work on /home/airflow/.local/lib/python3.12/site-packages/airflow/example_dags/tutorial_objectstorage.py
[2025-02-10T03:13:32.534+0000] {processor.py:914} INFO - Processing file /home/airflow/.local/lib/python3.12/site-packages/airflow/example_dags/tutorial_objectstorage.py for tasks to queue
[2025-02-10T03:13:32.536+0000] {logging_mixin.py:190} INFO - [2025-02-10T03:13:32.536+0000] {dagbag.py:588} INFO - Filling up the DagBag from /home/airflow/.local/lib/python3.12/site-packages/airflow/example_dags/tutorial_objectstorage.py
[2025-02-10T03:13:32.546+0000] {processor.py:925} INFO - DAG(s) 'tutorial_objectstorage' retrieved from /home/airflow/.local/lib/python3.12/site-packages/airflow/example_dags/tutorial_objectstorage.py
[2025-02-10T03:13:32.555+0000] {logging_mixin.py:190} INFO - [2025-02-10T03:13:32.555+0000] {dag.py:3239} INFO - Sync 1 DAGs
[2025-02-10T03:13:32.560+0000] {logging_mixin.py:190} INFO - [2025-02-10T03:13:32.560+0000] {dag.py:4180} INFO - Setting next_dagrun for tutorial_objectstorage to None, run_after=None
[2025-02-10T03:13:32.567+0000] {processor.py:208} INFO - Processing /home/airflow/.local/lib/python3.12/site-packages/airflow/example_dags/tutorial_objectstorage.py took 0.036 seconds
[2025-02-10T03:14:03.287+0000] {processor.py:186} INFO - Started process (PID=2365) to work on /home/airflow/.local/lib/python3.12/site-packages/airflow/example_dags/tutorial_objectstorage.py
[2025-02-10T03:14:03.288+0000] {processor.py:914} INFO - Processing file /home/airflow/.local/lib/python3.12/site-packages/airflow/example_dags/tutorial_objectstorage.py for tasks to queue
[2025-02-10T03:14:03.289+0000] {logging_mixin.py:190} INFO - [2025-02-10T03:14:03.288+0000] {dagbag.py:588} INFO - Filling up the DagBag from /home/airflow/.local/lib/python3.12/site-packages/airflow/example_dags/tutorial_objectstorage.py
[2025-02-10T03:14:03.294+0000] {processor.py:925} INFO - DAG(s) 'tutorial_objectstorage' retrieved from /home/airflow/.local/lib/python3.12/site-packages/airflow/example_dags/tutorial_objectstorage.py
[2025-02-10T03:14:03.302+0000] {logging_mixin.py:190} INFO - [2025-02-10T03:14:03.302+0000] {dag.py:3239} INFO - Sync 1 DAGs
[2025-02-10T03:14:03.307+0000] {logging_mixin.py:190} INFO - [2025-02-10T03:14:03.307+0000] {dag.py:4180} INFO - Setting next_dagrun for tutorial_objectstorage to None, run_after=None
[2025-02-10T03:14:03.314+0000] {processor.py:208} INFO - Processing /home/airflow/.local/lib/python3.12/site-packages/airflow/example_dags/tutorial_objectstorage.py took 0.030 seconds
[2025-02-10T03:14:34.134+0000] {processor.py:186} INFO - Started process (PID=2429) to work on /home/airflow/.local/lib/python3.12/site-packages/airflow/example_dags/tutorial_objectstorage.py
[2025-02-10T03:14:34.138+0000] {processor.py:914} INFO - Processing file /home/airflow/.local/lib/python3.12/site-packages/airflow/example_dags/tutorial_objectstorage.py for tasks to queue
[2025-02-10T03:14:34.140+0000] {logging_mixin.py:190} INFO - [2025-02-10T03:14:34.140+0000] {dagbag.py:588} INFO - Filling up the DagBag from /home/airflow/.local/lib/python3.12/site-packages/airflow/example_dags/tutorial_objectstorage.py
[2025-02-10T03:14:34.156+0000] {processor.py:925} INFO - DAG(s) 'tutorial_objectstorage' retrieved from /home/airflow/.local/lib/python3.12/site-packages/airflow/example_dags/tutorial_objectstorage.py
[2025-02-10T03:14:34.168+0000] {logging_mixin.py:190} INFO - [2025-02-10T03:14:34.168+0000] {dag.py:3239} INFO - Sync 1 DAGs
[2025-02-10T03:14:34.174+0000] {logging_mixin.py:190} INFO - [2025-02-10T03:14:34.174+0000] {dag.py:4180} INFO - Setting next_dagrun for tutorial_objectstorage to None, run_after=None
[2025-02-10T03:14:34.181+0000] {processor.py:208} INFO - Processing /home/airflow/.local/lib/python3.12/site-packages/airflow/example_dags/tutorial_objectstorage.py took 0.059 seconds
[2025-02-10T03:15:04.900+0000] {processor.py:186} INFO - Started process (PID=2493) to work on /home/airflow/.local/lib/python3.12/site-packages/airflow/example_dags/tutorial_objectstorage.py
[2025-02-10T03:15:04.900+0000] {processor.py:914} INFO - Processing file /home/airflow/.local/lib/python3.12/site-packages/airflow/example_dags/tutorial_objectstorage.py for tasks to queue
[2025-02-10T03:15:04.901+0000] {logging_mixin.py:190} INFO - [2025-02-10T03:15:04.901+0000] {dagbag.py:588} INFO - Filling up the DagBag from /home/airflow/.local/lib/python3.12/site-packages/airflow/example_dags/tutorial_objectstorage.py
[2025-02-10T03:15:04.907+0000] {processor.py:925} INFO - DAG(s) 'tutorial_objectstorage' retrieved from /home/airflow/.local/lib/python3.12/site-packages/airflow/example_dags/tutorial_objectstorage.py
[2025-02-10T03:15:04.921+0000] {logging_mixin.py:190} INFO - [2025-02-10T03:15:04.920+0000] {dag.py:3239} INFO - Sync 1 DAGs
[2025-02-10T03:15:04.930+0000] {logging_mixin.py:190} INFO - [2025-02-10T03:15:04.930+0000] {dag.py:4180} INFO - Setting next_dagrun for tutorial_objectstorage to None, run_after=None
[2025-02-10T03:15:04.936+0000] {processor.py:208} INFO - Processing /home/airflow/.local/lib/python3.12/site-packages/airflow/example_dags/tutorial_objectstorage.py took 0.041 seconds
[2025-02-10T03:15:35.514+0000] {processor.py:186} INFO - Started process (PID=2556) to work on /home/airflow/.local/lib/python3.12/site-packages/airflow/example_dags/tutorial_objectstorage.py
[2025-02-10T03:15:35.515+0000] {processor.py:914} INFO - Processing file /home/airflow/.local/lib/python3.12/site-packages/airflow/example_dags/tutorial_objectstorage.py for tasks to queue
[2025-02-10T03:15:35.516+0000] {logging_mixin.py:190} INFO - [2025-02-10T03:15:35.516+0000] {dagbag.py:588} INFO - Filling up the DagBag from /home/airflow/.local/lib/python3.12/site-packages/airflow/example_dags/tutorial_objectstorage.py
[2025-02-10T03:15:35.521+0000] {processor.py:925} INFO - DAG(s) 'tutorial_objectstorage' retrieved from /home/airflow/.local/lib/python3.12/site-packages/airflow/example_dags/tutorial_objectstorage.py
[2025-02-10T03:15:35.532+0000] {logging_mixin.py:190} INFO - [2025-02-10T03:15:35.532+0000] {dag.py:3239} INFO - Sync 1 DAGs
[2025-02-10T03:15:35.539+0000] {logging_mixin.py:190} INFO - [2025-02-10T03:15:35.538+0000] {dag.py:4180} INFO - Setting next_dagrun for tutorial_objectstorage to None, run_after=None
[2025-02-10T03:15:35.546+0000] {processor.py:208} INFO - Processing /home/airflow/.local/lib/python3.12/site-packages/airflow/example_dags/tutorial_objectstorage.py took 0.035 seconds
