[2025-02-10T02:55:48.258+0000] {processor.py:186} INFO - Started process (PID=80) to work on /home/airflow/.local/lib/python3.12/site-packages/airflow/example_dags/tutorial.py
[2025-02-10T02:55:48.259+0000] {processor.py:914} INFO - Processing file /home/airflow/.local/lib/python3.12/site-packages/airflow/example_dags/tutorial.py for tasks to queue
[2025-02-10T02:55:48.261+0000] {logging_mixin.py:190} INFO - [2025-02-10T02:55:48.261+0000] {dagbag.py:588} INFO - Filling up the DagBag from /home/airflow/.local/lib/python3.12/site-packages/airflow/example_dags/tutorial.py
[2025-02-10T02:55:48.268+0000] {processor.py:925} INFO - DAG(s) 'tutorial' retrieved from /home/airflow/.local/lib/python3.12/site-packages/airflow/example_dags/tutorial.py
[2025-02-10T02:55:48.343+0000] {logging_mixin.py:190} INFO - [2025-02-10T02:55:48.343+0000] {override.py:1911} INFO - Created Permission View: can read on DAG:tutorial
[2025-02-10T02:55:48.350+0000] {logging_mixin.py:190} INFO - [2025-02-10T02:55:48.350+0000] {override.py:1911} INFO - Created Permission View: can edit on DAG:tutorial
[2025-02-10T02:55:48.355+0000] {logging_mixin.py:190} INFO - [2025-02-10T02:55:48.355+0000] {override.py:1911} INFO - Created Permission View: can delete on DAG:tutorial
[2025-02-10T02:55:48.360+0000] {logging_mixin.py:190} INFO - [2025-02-10T02:55:48.360+0000] {override.py:1911} INFO - Created Permission View: can read on DAG Run:tutorial
[2025-02-10T02:55:48.363+0000] {logging_mixin.py:190} INFO - [2025-02-10T02:55:48.363+0000] {override.py:1911} INFO - Created Permission View: can delete on DAG Run:tutorial
[2025-02-10T02:55:48.370+0000] {logging_mixin.py:190} INFO - [2025-02-10T02:55:48.370+0000] {override.py:1911} INFO - Created Permission View: menu access on DAG Run:tutorial
[2025-02-10T02:55:48.376+0000] {logging_mixin.py:190} INFO - [2025-02-10T02:55:48.376+0000] {override.py:1911} INFO - Created Permission View: can create on DAG Run:tutorial
[2025-02-10T02:55:48.377+0000] {logging_mixin.py:190} INFO - [2025-02-10T02:55:48.377+0000] {dag.py:3239} INFO - Sync 1 DAGs
[2025-02-10T02:55:48.387+0000] {logging_mixin.py:190} INFO - [2025-02-10T02:55:48.386+0000] {dag.py:3262} INFO - Creating ORM DAG for tutorial
[2025-02-10T02:55:48.394+0000] {logging_mixin.py:190} INFO - [2025-02-10T02:55:48.394+0000] {dag.py:4180} INFO - Setting next_dagrun for tutorial to 2025-02-09 00:00:00+00:00, run_after=2025-02-10 00:00:00+00:00
[2025-02-10T02:55:48.409+0000] {processor.py:208} INFO - Processing /home/airflow/.local/lib/python3.12/site-packages/airflow/example_dags/tutorial.py took 0.156 seconds
[2025-02-10T02:56:19.211+0000] {processor.py:186} INFO - Started process (PID=144) to work on /home/airflow/.local/lib/python3.12/site-packages/airflow/example_dags/tutorial.py
[2025-02-10T02:56:19.212+0000] {processor.py:914} INFO - Processing file /home/airflow/.local/lib/python3.12/site-packages/airflow/example_dags/tutorial.py for tasks to queue
[2025-02-10T02:56:19.213+0000] {logging_mixin.py:190} INFO - [2025-02-10T02:56:19.213+0000] {dagbag.py:588} INFO - Filling up the DagBag from /home/airflow/.local/lib/python3.12/site-packages/airflow/example_dags/tutorial.py
[2025-02-10T02:56:19.219+0000] {processor.py:925} INFO - DAG(s) 'tutorial' retrieved from /home/airflow/.local/lib/python3.12/site-packages/airflow/example_dags/tutorial.py
[2025-02-10T02:56:19.230+0000] {logging_mixin.py:190} INFO - [2025-02-10T02:56:19.230+0000] {dag.py:3239} INFO - Sync 1 DAGs
[2025-02-10T02:56:19.242+0000] {logging_mixin.py:190} INFO - [2025-02-10T02:56:19.242+0000] {dag.py:4180} INFO - Setting next_dagrun for tutorial to 2025-02-09 00:00:00+00:00, run_after=2025-02-10 00:00:00+00:00
[2025-02-10T02:56:19.252+0000] {processor.py:208} INFO - Processing /home/airflow/.local/lib/python3.12/site-packages/airflow/example_dags/tutorial.py took 0.044 seconds
[2025-02-10T02:56:50.184+0000] {processor.py:186} INFO - Started process (PID=208) to work on /home/airflow/.local/lib/python3.12/site-packages/airflow/example_dags/tutorial.py
[2025-02-10T02:56:50.186+0000] {processor.py:914} INFO - Processing file /home/airflow/.local/lib/python3.12/site-packages/airflow/example_dags/tutorial.py for tasks to queue
[2025-02-10T02:56:50.188+0000] {logging_mixin.py:190} INFO - [2025-02-10T02:56:50.188+0000] {dagbag.py:588} INFO - Filling up the DagBag from /home/airflow/.local/lib/python3.12/site-packages/airflow/example_dags/tutorial.py
[2025-02-10T02:56:50.196+0000] {processor.py:925} INFO - DAG(s) 'tutorial' retrieved from /home/airflow/.local/lib/python3.12/site-packages/airflow/example_dags/tutorial.py
[2025-02-10T02:56:50.209+0000] {logging_mixin.py:190} INFO - [2025-02-10T02:56:50.209+0000] {dag.py:3239} INFO - Sync 1 DAGs
[2025-02-10T02:56:50.223+0000] {logging_mixin.py:190} INFO - [2025-02-10T02:56:50.223+0000] {dag.py:4180} INFO - Setting next_dagrun for tutorial to 2025-02-09 00:00:00+00:00, run_after=2025-02-10 00:00:00+00:00
[2025-02-10T02:56:50.237+0000] {processor.py:208} INFO - Processing /home/airflow/.local/lib/python3.12/site-packages/airflow/example_dags/tutorial.py took 0.060 seconds
[2025-02-10T02:57:20.336+0000] {processor.py:186} INFO - Started process (PID=270) to work on /home/airflow/.local/lib/python3.12/site-packages/airflow/example_dags/tutorial.py
[2025-02-10T02:57:20.336+0000] {processor.py:914} INFO - Processing file /home/airflow/.local/lib/python3.12/site-packages/airflow/example_dags/tutorial.py for tasks to queue
[2025-02-10T02:57:20.337+0000] {logging_mixin.py:190} INFO - [2025-02-10T02:57:20.337+0000] {dagbag.py:588} INFO - Filling up the DagBag from /home/airflow/.local/lib/python3.12/site-packages/airflow/example_dags/tutorial.py
[2025-02-10T02:57:20.341+0000] {processor.py:925} INFO - DAG(s) 'tutorial' retrieved from /home/airflow/.local/lib/python3.12/site-packages/airflow/example_dags/tutorial.py
[2025-02-10T02:57:20.350+0000] {logging_mixin.py:190} INFO - [2025-02-10T02:57:20.350+0000] {dag.py:3239} INFO - Sync 1 DAGs
[2025-02-10T02:57:20.359+0000] {logging_mixin.py:190} INFO - [2025-02-10T02:57:20.359+0000] {dag.py:4180} INFO - Setting next_dagrun for tutorial to 2025-02-09 00:00:00+00:00, run_after=2025-02-10 00:00:00+00:00
[2025-02-10T02:57:20.366+0000] {processor.py:208} INFO - Processing /home/airflow/.local/lib/python3.12/site-packages/airflow/example_dags/tutorial.py took 0.033 seconds
[2025-02-10T02:57:51.681+0000] {processor.py:186} INFO - Started process (PID=335) to work on /home/airflow/.local/lib/python3.12/site-packages/airflow/example_dags/tutorial.py
[2025-02-10T02:57:51.682+0000] {processor.py:914} INFO - Processing file /home/airflow/.local/lib/python3.12/site-packages/airflow/example_dags/tutorial.py for tasks to queue
[2025-02-10T02:57:51.683+0000] {logging_mixin.py:190} INFO - [2025-02-10T02:57:51.683+0000] {dagbag.py:588} INFO - Filling up the DagBag from /home/airflow/.local/lib/python3.12/site-packages/airflow/example_dags/tutorial.py
[2025-02-10T02:57:51.688+0000] {processor.py:925} INFO - DAG(s) 'tutorial' retrieved from /home/airflow/.local/lib/python3.12/site-packages/airflow/example_dags/tutorial.py
[2025-02-10T02:57:51.710+0000] {logging_mixin.py:190} INFO - [2025-02-10T02:57:51.710+0000] {dag.py:3239} INFO - Sync 1 DAGs
[2025-02-10T02:57:51.733+0000] {logging_mixin.py:190} INFO - [2025-02-10T02:57:51.733+0000] {dag.py:4180} INFO - Setting next_dagrun for tutorial to 2025-02-09 00:00:00+00:00, run_after=2025-02-10 00:00:00+00:00
[2025-02-10T02:57:51.746+0000] {processor.py:208} INFO - Processing /home/airflow/.local/lib/python3.12/site-packages/airflow/example_dags/tutorial.py took 0.078 seconds
[2025-02-10T02:58:22.667+0000] {processor.py:186} INFO - Started process (PID=399) to work on /home/airflow/.local/lib/python3.12/site-packages/airflow/example_dags/tutorial.py
[2025-02-10T02:58:22.668+0000] {processor.py:914} INFO - Processing file /home/airflow/.local/lib/python3.12/site-packages/airflow/example_dags/tutorial.py for tasks to queue
[2025-02-10T02:58:22.670+0000] {logging_mixin.py:190} INFO - [2025-02-10T02:58:22.670+0000] {dagbag.py:588} INFO - Filling up the DagBag from /home/airflow/.local/lib/python3.12/site-packages/airflow/example_dags/tutorial.py
[2025-02-10T02:58:22.674+0000] {processor.py:925} INFO - DAG(s) 'tutorial' retrieved from /home/airflow/.local/lib/python3.12/site-packages/airflow/example_dags/tutorial.py
[2025-02-10T02:58:22.685+0000] {logging_mixin.py:190} INFO - [2025-02-10T02:58:22.685+0000] {dag.py:3239} INFO - Sync 1 DAGs
[2025-02-10T02:58:22.696+0000] {logging_mixin.py:190} INFO - [2025-02-10T02:58:22.696+0000] {dag.py:4180} INFO - Setting next_dagrun for tutorial to 2025-02-09 00:00:00+00:00, run_after=2025-02-10 00:00:00+00:00
[2025-02-10T02:58:22.705+0000] {processor.py:208} INFO - Processing /home/airflow/.local/lib/python3.12/site-packages/airflow/example_dags/tutorial.py took 0.042 seconds
[2025-02-10T02:58:53.434+0000] {processor.py:186} INFO - Started process (PID=463) to work on /home/airflow/.local/lib/python3.12/site-packages/airflow/example_dags/tutorial.py
[2025-02-10T02:58:53.434+0000] {processor.py:914} INFO - Processing file /home/airflow/.local/lib/python3.12/site-packages/airflow/example_dags/tutorial.py for tasks to queue
[2025-02-10T02:58:53.435+0000] {logging_mixin.py:190} INFO - [2025-02-10T02:58:53.435+0000] {dagbag.py:588} INFO - Filling up the DagBag from /home/airflow/.local/lib/python3.12/site-packages/airflow/example_dags/tutorial.py
[2025-02-10T02:58:53.440+0000] {processor.py:925} INFO - DAG(s) 'tutorial' retrieved from /home/airflow/.local/lib/python3.12/site-packages/airflow/example_dags/tutorial.py
[2025-02-10T02:58:53.451+0000] {logging_mixin.py:190} INFO - [2025-02-10T02:58:53.450+0000] {dag.py:3239} INFO - Sync 1 DAGs
[2025-02-10T02:58:53.465+0000] {logging_mixin.py:190} INFO - [2025-02-10T02:58:53.465+0000] {dag.py:4180} INFO - Setting next_dagrun for tutorial to 2025-02-09 00:00:00+00:00, run_after=2025-02-10 00:00:00+00:00
[2025-02-10T02:58:53.472+0000] {processor.py:208} INFO - Processing /home/airflow/.local/lib/python3.12/site-packages/airflow/example_dags/tutorial.py took 0.042 seconds
[2025-02-10T02:59:24.629+0000] {processor.py:186} INFO - Started process (PID=527) to work on /home/airflow/.local/lib/python3.12/site-packages/airflow/example_dags/tutorial.py
[2025-02-10T02:59:24.632+0000] {processor.py:914} INFO - Processing file /home/airflow/.local/lib/python3.12/site-packages/airflow/example_dags/tutorial.py for tasks to queue
[2025-02-10T02:59:24.639+0000] {logging_mixin.py:190} INFO - [2025-02-10T02:59:24.638+0000] {dagbag.py:588} INFO - Filling up the DagBag from /home/airflow/.local/lib/python3.12/site-packages/airflow/example_dags/tutorial.py
[2025-02-10T02:59:24.649+0000] {processor.py:925} INFO - DAG(s) 'tutorial' retrieved from /home/airflow/.local/lib/python3.12/site-packages/airflow/example_dags/tutorial.py
[2025-02-10T02:59:24.673+0000] {logging_mixin.py:190} INFO - [2025-02-10T02:59:24.673+0000] {dag.py:3239} INFO - Sync 1 DAGs
[2025-02-10T02:59:24.720+0000] {logging_mixin.py:190} INFO - [2025-02-10T02:59:24.719+0000] {dag.py:4180} INFO - Setting next_dagrun for tutorial to 2025-02-09 00:00:00+00:00, run_after=2025-02-10 00:00:00+00:00
[2025-02-10T02:59:24.733+0000] {processor.py:208} INFO - Processing /home/airflow/.local/lib/python3.12/site-packages/airflow/example_dags/tutorial.py took 0.119 seconds
[2025-02-10T02:59:55.937+0000] {processor.py:186} INFO - Started process (PID=591) to work on /home/airflow/.local/lib/python3.12/site-packages/airflow/example_dags/tutorial.py
[2025-02-10T02:59:55.938+0000] {processor.py:914} INFO - Processing file /home/airflow/.local/lib/python3.12/site-packages/airflow/example_dags/tutorial.py for tasks to queue
[2025-02-10T02:59:55.942+0000] {logging_mixin.py:190} INFO - [2025-02-10T02:59:55.941+0000] {dagbag.py:588} INFO - Filling up the DagBag from /home/airflow/.local/lib/python3.12/site-packages/airflow/example_dags/tutorial.py
[2025-02-10T02:59:55.962+0000] {processor.py:925} INFO - DAG(s) 'tutorial' retrieved from /home/airflow/.local/lib/python3.12/site-packages/airflow/example_dags/tutorial.py
[2025-02-10T02:59:55.985+0000] {logging_mixin.py:190} INFO - [2025-02-10T02:59:55.985+0000] {dag.py:3239} INFO - Sync 1 DAGs
[2025-02-10T02:59:56.008+0000] {logging_mixin.py:190} INFO - [2025-02-10T02:59:56.008+0000] {dag.py:4180} INFO - Setting next_dagrun for tutorial to 2025-02-09 00:00:00+00:00, run_after=2025-02-10 00:00:00+00:00
[2025-02-10T02:59:56.018+0000] {processor.py:208} INFO - Processing /home/airflow/.local/lib/python3.12/site-packages/airflow/example_dags/tutorial.py took 0.086 seconds
[2025-02-10T03:00:28.126+0000] {processor.py:186} INFO - Started process (PID=655) to work on /home/airflow/.local/lib/python3.12/site-packages/airflow/example_dags/tutorial.py
[2025-02-10T03:00:28.130+0000] {processor.py:914} INFO - Processing file /home/airflow/.local/lib/python3.12/site-packages/airflow/example_dags/tutorial.py for tasks to queue
[2025-02-10T03:00:28.135+0000] {logging_mixin.py:190} INFO - [2025-02-10T03:00:28.134+0000] {dagbag.py:588} INFO - Filling up the DagBag from /home/airflow/.local/lib/python3.12/site-packages/airflow/example_dags/tutorial.py
[2025-02-10T03:00:28.147+0000] {processor.py:925} INFO - DAG(s) 'tutorial' retrieved from /home/airflow/.local/lib/python3.12/site-packages/airflow/example_dags/tutorial.py
[2025-02-10T03:00:28.175+0000] {logging_mixin.py:190} INFO - [2025-02-10T03:00:28.175+0000] {dag.py:3239} INFO - Sync 1 DAGs
[2025-02-10T03:00:28.190+0000] {logging_mixin.py:190} INFO - [2025-02-10T03:00:28.190+0000] {dag.py:4180} INFO - Setting next_dagrun for tutorial to 2025-02-09 00:00:00+00:00, run_after=2025-02-10 00:00:00+00:00
[2025-02-10T03:00:28.201+0000] {processor.py:208} INFO - Processing /home/airflow/.local/lib/python3.12/site-packages/airflow/example_dags/tutorial.py took 0.080 seconds
[2025-02-10T03:00:59.555+0000] {processor.py:186} INFO - Started process (PID=719) to work on /home/airflow/.local/lib/python3.12/site-packages/airflow/example_dags/tutorial.py
[2025-02-10T03:00:59.556+0000] {processor.py:914} INFO - Processing file /home/airflow/.local/lib/python3.12/site-packages/airflow/example_dags/tutorial.py for tasks to queue
[2025-02-10T03:00:59.558+0000] {logging_mixin.py:190} INFO - [2025-02-10T03:00:59.558+0000] {dagbag.py:588} INFO - Filling up the DagBag from /home/airflow/.local/lib/python3.12/site-packages/airflow/example_dags/tutorial.py
[2025-02-10T03:00:59.564+0000] {processor.py:925} INFO - DAG(s) 'tutorial' retrieved from /home/airflow/.local/lib/python3.12/site-packages/airflow/example_dags/tutorial.py
[2025-02-10T03:00:59.575+0000] {logging_mixin.py:190} INFO - [2025-02-10T03:00:59.575+0000] {dag.py:3239} INFO - Sync 1 DAGs
[2025-02-10T03:00:59.587+0000] {logging_mixin.py:190} INFO - [2025-02-10T03:00:59.587+0000] {dag.py:4180} INFO - Setting next_dagrun for tutorial to 2025-02-09 00:00:00+00:00, run_after=2025-02-10 00:00:00+00:00
[2025-02-10T03:00:59.600+0000] {processor.py:208} INFO - Processing /home/airflow/.local/lib/python3.12/site-packages/airflow/example_dags/tutorial.py took 0.051 seconds
[2025-02-10T03:01:30.711+0000] {processor.py:186} INFO - Started process (PID=783) to work on /home/airflow/.local/lib/python3.12/site-packages/airflow/example_dags/tutorial.py
[2025-02-10T03:01:30.712+0000] {processor.py:914} INFO - Processing file /home/airflow/.local/lib/python3.12/site-packages/airflow/example_dags/tutorial.py for tasks to queue
[2025-02-10T03:01:30.714+0000] {logging_mixin.py:190} INFO - [2025-02-10T03:01:30.714+0000] {dagbag.py:588} INFO - Filling up the DagBag from /home/airflow/.local/lib/python3.12/site-packages/airflow/example_dags/tutorial.py
[2025-02-10T03:01:30.718+0000] {processor.py:925} INFO - DAG(s) 'tutorial' retrieved from /home/airflow/.local/lib/python3.12/site-packages/airflow/example_dags/tutorial.py
[2025-02-10T03:01:30.728+0000] {logging_mixin.py:190} INFO - [2025-02-10T03:01:30.728+0000] {dag.py:3239} INFO - Sync 1 DAGs
[2025-02-10T03:01:30.740+0000] {logging_mixin.py:190} INFO - [2025-02-10T03:01:30.739+0000] {dag.py:4180} INFO - Setting next_dagrun for tutorial to 2025-02-09 00:00:00+00:00, run_after=2025-02-10 00:00:00+00:00
[2025-02-10T03:01:30.756+0000] {processor.py:208} INFO - Processing /home/airflow/.local/lib/python3.12/site-packages/airflow/example_dags/tutorial.py took 0.049 seconds
[2025-02-10T03:02:02.109+0000] {processor.py:186} INFO - Started process (PID=847) to work on /home/airflow/.local/lib/python3.12/site-packages/airflow/example_dags/tutorial.py
[2025-02-10T03:02:02.111+0000] {processor.py:914} INFO - Processing file /home/airflow/.local/lib/python3.12/site-packages/airflow/example_dags/tutorial.py for tasks to queue
[2025-02-10T03:02:02.113+0000] {logging_mixin.py:190} INFO - [2025-02-10T03:02:02.112+0000] {dagbag.py:588} INFO - Filling up the DagBag from /home/airflow/.local/lib/python3.12/site-packages/airflow/example_dags/tutorial.py
[2025-02-10T03:02:02.117+0000] {processor.py:925} INFO - DAG(s) 'tutorial' retrieved from /home/airflow/.local/lib/python3.12/site-packages/airflow/example_dags/tutorial.py
[2025-02-10T03:02:02.128+0000] {logging_mixin.py:190} INFO - [2025-02-10T03:02:02.128+0000] {dag.py:3239} INFO - Sync 1 DAGs
[2025-02-10T03:02:02.140+0000] {logging_mixin.py:190} INFO - [2025-02-10T03:02:02.140+0000] {dag.py:4180} INFO - Setting next_dagrun for tutorial to 2025-02-09 00:00:00+00:00, run_after=2025-02-10 00:00:00+00:00
[2025-02-10T03:02:02.148+0000] {processor.py:208} INFO - Processing /home/airflow/.local/lib/python3.12/site-packages/airflow/example_dags/tutorial.py took 0.042 seconds
[2025-02-10T03:02:33.571+0000] {processor.py:186} INFO - Started process (PID=911) to work on /home/airflow/.local/lib/python3.12/site-packages/airflow/example_dags/tutorial.py
[2025-02-10T03:02:33.572+0000] {processor.py:914} INFO - Processing file /home/airflow/.local/lib/python3.12/site-packages/airflow/example_dags/tutorial.py for tasks to queue
[2025-02-10T03:02:33.574+0000] {logging_mixin.py:190} INFO - [2025-02-10T03:02:33.573+0000] {dagbag.py:588} INFO - Filling up the DagBag from /home/airflow/.local/lib/python3.12/site-packages/airflow/example_dags/tutorial.py
[2025-02-10T03:02:33.581+0000] {processor.py:925} INFO - DAG(s) 'tutorial' retrieved from /home/airflow/.local/lib/python3.12/site-packages/airflow/example_dags/tutorial.py
[2025-02-10T03:02:33.596+0000] {logging_mixin.py:190} INFO - [2025-02-10T03:02:33.596+0000] {dag.py:3239} INFO - Sync 1 DAGs
[2025-02-10T03:02:33.615+0000] {logging_mixin.py:190} INFO - [2025-02-10T03:02:33.615+0000] {dag.py:4180} INFO - Setting next_dagrun for tutorial to 2025-02-09 00:00:00+00:00, run_after=2025-02-10 00:00:00+00:00
[2025-02-10T03:02:33.626+0000] {processor.py:208} INFO - Processing /home/airflow/.local/lib/python3.12/site-packages/airflow/example_dags/tutorial.py took 0.057 seconds
[2025-02-10T03:03:05.077+0000] {processor.py:186} INFO - Started process (PID=975) to work on /home/airflow/.local/lib/python3.12/site-packages/airflow/example_dags/tutorial.py
[2025-02-10T03:03:05.078+0000] {processor.py:914} INFO - Processing file /home/airflow/.local/lib/python3.12/site-packages/airflow/example_dags/tutorial.py for tasks to queue
[2025-02-10T03:03:05.081+0000] {logging_mixin.py:190} INFO - [2025-02-10T03:03:05.081+0000] {dagbag.py:588} INFO - Filling up the DagBag from /home/airflow/.local/lib/python3.12/site-packages/airflow/example_dags/tutorial.py
[2025-02-10T03:03:05.089+0000] {processor.py:925} INFO - DAG(s) 'tutorial' retrieved from /home/airflow/.local/lib/python3.12/site-packages/airflow/example_dags/tutorial.py
[2025-02-10T03:03:05.119+0000] {logging_mixin.py:190} INFO - [2025-02-10T03:03:05.119+0000] {dag.py:3239} INFO - Sync 1 DAGs
[2025-02-10T03:03:05.139+0000] {logging_mixin.py:190} INFO - [2025-02-10T03:03:05.139+0000] {dag.py:4180} INFO - Setting next_dagrun for tutorial to 2025-02-09 00:00:00+00:00, run_after=2025-02-10 00:00:00+00:00
[2025-02-10T03:03:05.151+0000] {processor.py:208} INFO - Processing /home/airflow/.local/lib/python3.12/site-packages/airflow/example_dags/tutorial.py took 0.079 seconds
[2025-02-10T03:03:36.846+0000] {processor.py:186} INFO - Started process (PID=1039) to work on /home/airflow/.local/lib/python3.12/site-packages/airflow/example_dags/tutorial.py
[2025-02-10T03:03:36.848+0000] {processor.py:914} INFO - Processing file /home/airflow/.local/lib/python3.12/site-packages/airflow/example_dags/tutorial.py for tasks to queue
[2025-02-10T03:03:36.862+0000] {logging_mixin.py:190} INFO - [2025-02-10T03:03:36.861+0000] {dagbag.py:588} INFO - Filling up the DagBag from /home/airflow/.local/lib/python3.12/site-packages/airflow/example_dags/tutorial.py
[2025-02-10T03:03:36.881+0000] {processor.py:925} INFO - DAG(s) 'tutorial' retrieved from /home/airflow/.local/lib/python3.12/site-packages/airflow/example_dags/tutorial.py
[2025-02-10T03:03:36.901+0000] {logging_mixin.py:190} INFO - [2025-02-10T03:03:36.901+0000] {dag.py:3239} INFO - Sync 1 DAGs
[2025-02-10T03:03:36.912+0000] {logging_mixin.py:190} INFO - [2025-02-10T03:03:36.912+0000] {dag.py:4180} INFO - Setting next_dagrun for tutorial to 2025-02-09 00:00:00+00:00, run_after=2025-02-10 00:00:00+00:00
[2025-02-10T03:03:36.924+0000] {processor.py:208} INFO - Processing /home/airflow/.local/lib/python3.12/site-packages/airflow/example_dags/tutorial.py took 0.089 seconds
[2025-02-10T03:04:08.579+0000] {processor.py:186} INFO - Started process (PID=1103) to work on /home/airflow/.local/lib/python3.12/site-packages/airflow/example_dags/tutorial.py
[2025-02-10T03:04:08.580+0000] {processor.py:914} INFO - Processing file /home/airflow/.local/lib/python3.12/site-packages/airflow/example_dags/tutorial.py for tasks to queue
[2025-02-10T03:04:08.582+0000] {logging_mixin.py:190} INFO - [2025-02-10T03:04:08.582+0000] {dagbag.py:588} INFO - Filling up the DagBag from /home/airflow/.local/lib/python3.12/site-packages/airflow/example_dags/tutorial.py
[2025-02-10T03:04:08.587+0000] {processor.py:925} INFO - DAG(s) 'tutorial' retrieved from /home/airflow/.local/lib/python3.12/site-packages/airflow/example_dags/tutorial.py
[2025-02-10T03:04:08.602+0000] {logging_mixin.py:190} INFO - [2025-02-10T03:04:08.602+0000] {dag.py:3239} INFO - Sync 1 DAGs
[2025-02-10T03:04:08.620+0000] {logging_mixin.py:190} INFO - [2025-02-10T03:04:08.620+0000] {dag.py:4180} INFO - Setting next_dagrun for tutorial to 2025-02-09 00:00:00+00:00, run_after=2025-02-10 00:00:00+00:00
[2025-02-10T03:04:08.631+0000] {processor.py:208} INFO - Processing /home/airflow/.local/lib/python3.12/site-packages/airflow/example_dags/tutorial.py took 0.057 seconds
[2025-02-10T03:04:39.835+0000] {processor.py:186} INFO - Started process (PID=1167) to work on /home/airflow/.local/lib/python3.12/site-packages/airflow/example_dags/tutorial.py
[2025-02-10T03:04:39.836+0000] {processor.py:914} INFO - Processing file /home/airflow/.local/lib/python3.12/site-packages/airflow/example_dags/tutorial.py for tasks to queue
[2025-02-10T03:04:39.837+0000] {logging_mixin.py:190} INFO - [2025-02-10T03:04:39.837+0000] {dagbag.py:588} INFO - Filling up the DagBag from /home/airflow/.local/lib/python3.12/site-packages/airflow/example_dags/tutorial.py
[2025-02-10T03:04:39.842+0000] {processor.py:925} INFO - DAG(s) 'tutorial' retrieved from /home/airflow/.local/lib/python3.12/site-packages/airflow/example_dags/tutorial.py
[2025-02-10T03:04:39.860+0000] {logging_mixin.py:190} INFO - [2025-02-10T03:04:39.860+0000] {dag.py:3239} INFO - Sync 1 DAGs
[2025-02-10T03:04:39.877+0000] {logging_mixin.py:190} INFO - [2025-02-10T03:04:39.877+0000] {dag.py:4180} INFO - Setting next_dagrun for tutorial to 2025-02-09 00:00:00+00:00, run_after=2025-02-10 00:00:00+00:00
[2025-02-10T03:04:39.890+0000] {processor.py:208} INFO - Processing /home/airflow/.local/lib/python3.12/site-packages/airflow/example_dags/tutorial.py took 0.059 seconds
[2025-02-10T03:05:10.699+0000] {processor.py:186} INFO - Started process (PID=1231) to work on /home/airflow/.local/lib/python3.12/site-packages/airflow/example_dags/tutorial.py
[2025-02-10T03:05:10.710+0000] {processor.py:914} INFO - Processing file /home/airflow/.local/lib/python3.12/site-packages/airflow/example_dags/tutorial.py for tasks to queue
[2025-02-10T03:05:10.713+0000] {logging_mixin.py:190} INFO - [2025-02-10T03:05:10.713+0000] {dagbag.py:588} INFO - Filling up the DagBag from /home/airflow/.local/lib/python3.12/site-packages/airflow/example_dags/tutorial.py
[2025-02-10T03:05:10.727+0000] {processor.py:925} INFO - DAG(s) 'tutorial' retrieved from /home/airflow/.local/lib/python3.12/site-packages/airflow/example_dags/tutorial.py
[2025-02-10T03:05:10.807+0000] {logging_mixin.py:190} INFO - [2025-02-10T03:05:10.806+0000] {dag.py:3239} INFO - Sync 1 DAGs
[2025-02-10T03:05:10.853+0000] {logging_mixin.py:190} INFO - [2025-02-10T03:05:10.853+0000] {dag.py:4180} INFO - Setting next_dagrun for tutorial to 2025-02-09 00:00:00+00:00, run_after=2025-02-10 00:00:00+00:00
[2025-02-10T03:05:10.876+0000] {processor.py:208} INFO - Processing /home/airflow/.local/lib/python3.12/site-packages/airflow/example_dags/tutorial.py took 0.183 seconds
[2025-02-10T03:05:41.815+0000] {processor.py:186} INFO - Started process (PID=1295) to work on /home/airflow/.local/lib/python3.12/site-packages/airflow/example_dags/tutorial.py
[2025-02-10T03:05:41.817+0000] {processor.py:914} INFO - Processing file /home/airflow/.local/lib/python3.12/site-packages/airflow/example_dags/tutorial.py for tasks to queue
[2025-02-10T03:05:41.819+0000] {logging_mixin.py:190} INFO - [2025-02-10T03:05:41.819+0000] {dagbag.py:588} INFO - Filling up the DagBag from /home/airflow/.local/lib/python3.12/site-packages/airflow/example_dags/tutorial.py
[2025-02-10T03:05:41.832+0000] {processor.py:925} INFO - DAG(s) 'tutorial' retrieved from /home/airflow/.local/lib/python3.12/site-packages/airflow/example_dags/tutorial.py
[2025-02-10T03:05:41.851+0000] {logging_mixin.py:190} INFO - [2025-02-10T03:05:41.850+0000] {dag.py:3239} INFO - Sync 1 DAGs
[2025-02-10T03:05:41.862+0000] {logging_mixin.py:190} INFO - [2025-02-10T03:05:41.862+0000] {dag.py:4180} INFO - Setting next_dagrun for tutorial to 2025-02-09 00:00:00+00:00, run_after=2025-02-10 00:00:00+00:00
[2025-02-10T03:05:41.870+0000] {processor.py:208} INFO - Processing /home/airflow/.local/lib/python3.12/site-packages/airflow/example_dags/tutorial.py took 0.061 seconds
[2025-02-10T03:06:13.018+0000] {processor.py:186} INFO - Started process (PID=1359) to work on /home/airflow/.local/lib/python3.12/site-packages/airflow/example_dags/tutorial.py
[2025-02-10T03:06:13.020+0000] {processor.py:914} INFO - Processing file /home/airflow/.local/lib/python3.12/site-packages/airflow/example_dags/tutorial.py for tasks to queue
[2025-02-10T03:06:13.021+0000] {logging_mixin.py:190} INFO - [2025-02-10T03:06:13.021+0000] {dagbag.py:588} INFO - Filling up the DagBag from /home/airflow/.local/lib/python3.12/site-packages/airflow/example_dags/tutorial.py
[2025-02-10T03:06:13.027+0000] {processor.py:925} INFO - DAG(s) 'tutorial' retrieved from /home/airflow/.local/lib/python3.12/site-packages/airflow/example_dags/tutorial.py
[2025-02-10T03:06:13.037+0000] {logging_mixin.py:190} INFO - [2025-02-10T03:06:13.037+0000] {dag.py:3239} INFO - Sync 1 DAGs
[2025-02-10T03:06:13.050+0000] {logging_mixin.py:190} INFO - [2025-02-10T03:06:13.050+0000] {dag.py:4180} INFO - Setting next_dagrun for tutorial to 2025-02-09 00:00:00+00:00, run_after=2025-02-10 00:00:00+00:00
[2025-02-10T03:06:13.060+0000] {processor.py:208} INFO - Processing /home/airflow/.local/lib/python3.12/site-packages/airflow/example_dags/tutorial.py took 0.045 seconds
[2025-02-10T03:06:44.998+0000] {processor.py:186} INFO - Started process (PID=1423) to work on /home/airflow/.local/lib/python3.12/site-packages/airflow/example_dags/tutorial.py
[2025-02-10T03:06:44.999+0000] {processor.py:914} INFO - Processing file /home/airflow/.local/lib/python3.12/site-packages/airflow/example_dags/tutorial.py for tasks to queue
[2025-02-10T03:06:45.003+0000] {logging_mixin.py:190} INFO - [2025-02-10T03:06:45.002+0000] {dagbag.py:588} INFO - Filling up the DagBag from /home/airflow/.local/lib/python3.12/site-packages/airflow/example_dags/tutorial.py
[2025-02-10T03:06:45.010+0000] {processor.py:925} INFO - DAG(s) 'tutorial' retrieved from /home/airflow/.local/lib/python3.12/site-packages/airflow/example_dags/tutorial.py
[2025-02-10T03:06:45.023+0000] {logging_mixin.py:190} INFO - [2025-02-10T03:06:45.023+0000] {dag.py:3239} INFO - Sync 1 DAGs
[2025-02-10T03:06:45.037+0000] {logging_mixin.py:190} INFO - [2025-02-10T03:06:45.036+0000] {dag.py:4180} INFO - Setting next_dagrun for tutorial to 2025-02-09 00:00:00+00:00, run_after=2025-02-10 00:00:00+00:00
[2025-02-10T03:06:45.044+0000] {processor.py:208} INFO - Processing /home/airflow/.local/lib/python3.12/site-packages/airflow/example_dags/tutorial.py took 0.051 seconds
[2025-02-10T03:07:16.072+0000] {processor.py:186} INFO - Started process (PID=1487) to work on /home/airflow/.local/lib/python3.12/site-packages/airflow/example_dags/tutorial.py
[2025-02-10T03:07:16.074+0000] {processor.py:914} INFO - Processing file /home/airflow/.local/lib/python3.12/site-packages/airflow/example_dags/tutorial.py for tasks to queue
[2025-02-10T03:07:16.075+0000] {logging_mixin.py:190} INFO - [2025-02-10T03:07:16.075+0000] {dagbag.py:588} INFO - Filling up the DagBag from /home/airflow/.local/lib/python3.12/site-packages/airflow/example_dags/tutorial.py
[2025-02-10T03:07:16.080+0000] {processor.py:925} INFO - DAG(s) 'tutorial' retrieved from /home/airflow/.local/lib/python3.12/site-packages/airflow/example_dags/tutorial.py
[2025-02-10T03:07:16.093+0000] {logging_mixin.py:190} INFO - [2025-02-10T03:07:16.092+0000] {dag.py:3239} INFO - Sync 1 DAGs
[2025-02-10T03:07:16.104+0000] {logging_mixin.py:190} INFO - [2025-02-10T03:07:16.103+0000] {dag.py:4180} INFO - Setting next_dagrun for tutorial to 2025-02-09 00:00:00+00:00, run_after=2025-02-10 00:00:00+00:00
[2025-02-10T03:07:16.112+0000] {processor.py:208} INFO - Processing /home/airflow/.local/lib/python3.12/site-packages/airflow/example_dags/tutorial.py took 0.043 seconds
[2025-02-10T03:07:46.850+0000] {processor.py:186} INFO - Started process (PID=1557) to work on /home/airflow/.local/lib/python3.12/site-packages/airflow/example_dags/tutorial.py
[2025-02-10T03:07:46.852+0000] {processor.py:914} INFO - Processing file /home/airflow/.local/lib/python3.12/site-packages/airflow/example_dags/tutorial.py for tasks to queue
[2025-02-10T03:07:46.853+0000] {logging_mixin.py:190} INFO - [2025-02-10T03:07:46.853+0000] {dagbag.py:588} INFO - Filling up the DagBag from /home/airflow/.local/lib/python3.12/site-packages/airflow/example_dags/tutorial.py
[2025-02-10T03:07:46.863+0000] {processor.py:925} INFO - DAG(s) 'tutorial' retrieved from /home/airflow/.local/lib/python3.12/site-packages/airflow/example_dags/tutorial.py
[2025-02-10T03:07:46.892+0000] {logging_mixin.py:190} INFO - [2025-02-10T03:07:46.892+0000] {dag.py:3239} INFO - Sync 1 DAGs
[2025-02-10T03:07:46.907+0000] {logging_mixin.py:190} INFO - [2025-02-10T03:07:46.906+0000] {dag.py:4180} INFO - Setting next_dagrun for tutorial to 2025-02-09 00:00:00+00:00, run_after=2025-02-10 00:00:00+00:00
[2025-02-10T03:07:46.919+0000] {processor.py:208} INFO - Processing /home/airflow/.local/lib/python3.12/site-packages/airflow/example_dags/tutorial.py took 0.072 seconds
[2025-02-10T03:08:18.246+0000] {processor.py:186} INFO - Started process (PID=1622) to work on /home/airflow/.local/lib/python3.12/site-packages/airflow/example_dags/tutorial.py
[2025-02-10T03:08:18.247+0000] {processor.py:914} INFO - Processing file /home/airflow/.local/lib/python3.12/site-packages/airflow/example_dags/tutorial.py for tasks to queue
[2025-02-10T03:08:18.248+0000] {logging_mixin.py:190} INFO - [2025-02-10T03:08:18.248+0000] {dagbag.py:588} INFO - Filling up the DagBag from /home/airflow/.local/lib/python3.12/site-packages/airflow/example_dags/tutorial.py
[2025-02-10T03:08:18.253+0000] {processor.py:925} INFO - DAG(s) 'tutorial' retrieved from /home/airflow/.local/lib/python3.12/site-packages/airflow/example_dags/tutorial.py
[2025-02-10T03:08:18.266+0000] {logging_mixin.py:190} INFO - [2025-02-10T03:08:18.266+0000] {dag.py:3239} INFO - Sync 1 DAGs
[2025-02-10T03:08:18.279+0000] {logging_mixin.py:190} INFO - [2025-02-10T03:08:18.279+0000] {dag.py:4180} INFO - Setting next_dagrun for tutorial to 2025-02-09 00:00:00+00:00, run_after=2025-02-10 00:00:00+00:00
[2025-02-10T03:08:18.289+0000] {processor.py:208} INFO - Processing /home/airflow/.local/lib/python3.12/site-packages/airflow/example_dags/tutorial.py took 0.047 seconds
[2025-02-10T03:08:48.899+0000] {processor.py:186} INFO - Started process (PID=1686) to work on /home/airflow/.local/lib/python3.12/site-packages/airflow/example_dags/tutorial.py
[2025-02-10T03:08:48.899+0000] {processor.py:914} INFO - Processing file /home/airflow/.local/lib/python3.12/site-packages/airflow/example_dags/tutorial.py for tasks to queue
[2025-02-10T03:08:48.900+0000] {logging_mixin.py:190} INFO - [2025-02-10T03:08:48.900+0000] {dagbag.py:588} INFO - Filling up the DagBag from /home/airflow/.local/lib/python3.12/site-packages/airflow/example_dags/tutorial.py
[2025-02-10T03:08:48.904+0000] {processor.py:925} INFO - DAG(s) 'tutorial' retrieved from /home/airflow/.local/lib/python3.12/site-packages/airflow/example_dags/tutorial.py
[2025-02-10T03:08:48.914+0000] {logging_mixin.py:190} INFO - [2025-02-10T03:08:48.914+0000] {dag.py:3239} INFO - Sync 1 DAGs
[2025-02-10T03:08:48.924+0000] {logging_mixin.py:190} INFO - [2025-02-10T03:08:48.924+0000] {dag.py:4180} INFO - Setting next_dagrun for tutorial to 2025-02-09 00:00:00+00:00, run_after=2025-02-10 00:00:00+00:00
[2025-02-10T03:08:48.933+0000] {processor.py:208} INFO - Processing /home/airflow/.local/lib/python3.12/site-packages/airflow/example_dags/tutorial.py took 0.037 seconds
[2025-02-10T03:09:20.425+0000] {processor.py:186} INFO - Started process (PID=1750) to work on /home/airflow/.local/lib/python3.12/site-packages/airflow/example_dags/tutorial.py
[2025-02-10T03:09:20.426+0000] {processor.py:914} INFO - Processing file /home/airflow/.local/lib/python3.12/site-packages/airflow/example_dags/tutorial.py for tasks to queue
[2025-02-10T03:09:20.427+0000] {logging_mixin.py:190} INFO - [2025-02-10T03:09:20.427+0000] {dagbag.py:588} INFO - Filling up the DagBag from /home/airflow/.local/lib/python3.12/site-packages/airflow/example_dags/tutorial.py
[2025-02-10T03:09:20.431+0000] {processor.py:925} INFO - DAG(s) 'tutorial' retrieved from /home/airflow/.local/lib/python3.12/site-packages/airflow/example_dags/tutorial.py
[2025-02-10T03:09:20.444+0000] {logging_mixin.py:190} INFO - [2025-02-10T03:09:20.444+0000] {dag.py:3239} INFO - Sync 1 DAGs
[2025-02-10T03:09:20.459+0000] {logging_mixin.py:190} INFO - [2025-02-10T03:09:20.459+0000] {dag.py:4180} INFO - Setting next_dagrun for tutorial to 2025-02-09 00:00:00+00:00, run_after=2025-02-10 00:00:00+00:00
[2025-02-10T03:09:20.474+0000] {processor.py:208} INFO - Processing /home/airflow/.local/lib/python3.12/site-packages/airflow/example_dags/tutorial.py took 0.051 seconds
[2025-02-10T03:09:51.305+0000] {processor.py:186} INFO - Started process (PID=1814) to work on /home/airflow/.local/lib/python3.12/site-packages/airflow/example_dags/tutorial.py
[2025-02-10T03:09:51.305+0000] {processor.py:914} INFO - Processing file /home/airflow/.local/lib/python3.12/site-packages/airflow/example_dags/tutorial.py for tasks to queue
[2025-02-10T03:09:51.307+0000] {logging_mixin.py:190} INFO - [2025-02-10T03:09:51.307+0000] {dagbag.py:588} INFO - Filling up the DagBag from /home/airflow/.local/lib/python3.12/site-packages/airflow/example_dags/tutorial.py
[2025-02-10T03:09:51.314+0000] {processor.py:925} INFO - DAG(s) 'tutorial' retrieved from /home/airflow/.local/lib/python3.12/site-packages/airflow/example_dags/tutorial.py
[2025-02-10T03:09:51.327+0000] {logging_mixin.py:190} INFO - [2025-02-10T03:09:51.327+0000] {dag.py:3239} INFO - Sync 1 DAGs
[2025-02-10T03:09:51.337+0000] {logging_mixin.py:190} INFO - [2025-02-10T03:09:51.336+0000] {dag.py:4180} INFO - Setting next_dagrun for tutorial to 2025-02-09 00:00:00+00:00, run_after=2025-02-10 00:00:00+00:00
[2025-02-10T03:09:51.344+0000] {processor.py:208} INFO - Processing /home/airflow/.local/lib/python3.12/site-packages/airflow/example_dags/tutorial.py took 0.042 seconds
[2025-02-10T03:10:22.294+0000] {processor.py:186} INFO - Started process (PID=1878) to work on /home/airflow/.local/lib/python3.12/site-packages/airflow/example_dags/tutorial.py
[2025-02-10T03:10:22.294+0000] {processor.py:914} INFO - Processing file /home/airflow/.local/lib/python3.12/site-packages/airflow/example_dags/tutorial.py for tasks to queue
[2025-02-10T03:10:22.296+0000] {logging_mixin.py:190} INFO - [2025-02-10T03:10:22.296+0000] {dagbag.py:588} INFO - Filling up the DagBag from /home/airflow/.local/lib/python3.12/site-packages/airflow/example_dags/tutorial.py
[2025-02-10T03:10:22.303+0000] {processor.py:925} INFO - DAG(s) 'tutorial' retrieved from /home/airflow/.local/lib/python3.12/site-packages/airflow/example_dags/tutorial.py
[2025-02-10T03:10:22.318+0000] {logging_mixin.py:190} INFO - [2025-02-10T03:10:22.317+0000] {dag.py:3239} INFO - Sync 1 DAGs
[2025-02-10T03:10:22.343+0000] {logging_mixin.py:190} INFO - [2025-02-10T03:10:22.343+0000] {dag.py:4180} INFO - Setting next_dagrun for tutorial to 2025-02-09 00:00:00+00:00, run_after=2025-02-10 00:00:00+00:00
[2025-02-10T03:10:22.352+0000] {processor.py:208} INFO - Processing /home/airflow/.local/lib/python3.12/site-packages/airflow/example_dags/tutorial.py took 0.063 seconds
[2025-02-10T03:10:53.091+0000] {processor.py:186} INFO - Started process (PID=1942) to work on /home/airflow/.local/lib/python3.12/site-packages/airflow/example_dags/tutorial.py
[2025-02-10T03:10:53.091+0000] {processor.py:914} INFO - Processing file /home/airflow/.local/lib/python3.12/site-packages/airflow/example_dags/tutorial.py for tasks to queue
[2025-02-10T03:10:53.093+0000] {logging_mixin.py:190} INFO - [2025-02-10T03:10:53.093+0000] {dagbag.py:588} INFO - Filling up the DagBag from /home/airflow/.local/lib/python3.12/site-packages/airflow/example_dags/tutorial.py
[2025-02-10T03:10:53.098+0000] {processor.py:925} INFO - DAG(s) 'tutorial' retrieved from /home/airflow/.local/lib/python3.12/site-packages/airflow/example_dags/tutorial.py
[2025-02-10T03:10:53.110+0000] {logging_mixin.py:190} INFO - [2025-02-10T03:10:53.110+0000] {dag.py:3239} INFO - Sync 1 DAGs
[2025-02-10T03:10:53.121+0000] {logging_mixin.py:190} INFO - [2025-02-10T03:10:53.121+0000] {dag.py:4180} INFO - Setting next_dagrun for tutorial to 2025-02-09 00:00:00+00:00, run_after=2025-02-10 00:00:00+00:00
[2025-02-10T03:10:53.130+0000] {processor.py:208} INFO - Processing /home/airflow/.local/lib/python3.12/site-packages/airflow/example_dags/tutorial.py took 0.043 seconds
[2025-02-10T03:11:23.162+0000] {processor.py:186} INFO - Started process (PID=2005) to work on /home/airflow/.local/lib/python3.12/site-packages/airflow/example_dags/tutorial.py
[2025-02-10T03:11:23.162+0000] {processor.py:914} INFO - Processing file /home/airflow/.local/lib/python3.12/site-packages/airflow/example_dags/tutorial.py for tasks to queue
[2025-02-10T03:11:23.165+0000] {logging_mixin.py:190} INFO - [2025-02-10T03:11:23.164+0000] {dagbag.py:588} INFO - Filling up the DagBag from /home/airflow/.local/lib/python3.12/site-packages/airflow/example_dags/tutorial.py
[2025-02-10T03:11:23.171+0000] {processor.py:925} INFO - DAG(s) 'tutorial' retrieved from /home/airflow/.local/lib/python3.12/site-packages/airflow/example_dags/tutorial.py
[2025-02-10T03:11:23.185+0000] {logging_mixin.py:190} INFO - [2025-02-10T03:11:23.185+0000] {dag.py:3239} INFO - Sync 1 DAGs
[2025-02-10T03:11:23.203+0000] {logging_mixin.py:190} INFO - [2025-02-10T03:11:23.203+0000] {dag.py:4180} INFO - Setting next_dagrun for tutorial to 2025-02-09 00:00:00+00:00, run_after=2025-02-10 00:00:00+00:00
[2025-02-10T03:11:23.216+0000] {processor.py:208} INFO - Processing /home/airflow/.local/lib/python3.12/site-packages/airflow/example_dags/tutorial.py took 0.059 seconds
[2025-02-10T03:11:54.079+0000] {processor.py:186} INFO - Started process (PID=2069) to work on /home/airflow/.local/lib/python3.12/site-packages/airflow/example_dags/tutorial.py
[2025-02-10T03:11:54.079+0000] {processor.py:914} INFO - Processing file /home/airflow/.local/lib/python3.12/site-packages/airflow/example_dags/tutorial.py for tasks to queue
[2025-02-10T03:11:54.080+0000] {logging_mixin.py:190} INFO - [2025-02-10T03:11:54.080+0000] {dagbag.py:588} INFO - Filling up the DagBag from /home/airflow/.local/lib/python3.12/site-packages/airflow/example_dags/tutorial.py
[2025-02-10T03:11:54.086+0000] {processor.py:925} INFO - DAG(s) 'tutorial' retrieved from /home/airflow/.local/lib/python3.12/site-packages/airflow/example_dags/tutorial.py
[2025-02-10T03:11:54.106+0000] {logging_mixin.py:190} INFO - [2025-02-10T03:11:54.106+0000] {dag.py:3239} INFO - Sync 1 DAGs
[2025-02-10T03:11:54.119+0000] {logging_mixin.py:190} INFO - [2025-02-10T03:11:54.119+0000] {dag.py:4180} INFO - Setting next_dagrun for tutorial to 2025-02-09 00:00:00+00:00, run_after=2025-02-10 00:00:00+00:00
[2025-02-10T03:11:54.131+0000] {processor.py:208} INFO - Processing /home/airflow/.local/lib/python3.12/site-packages/airflow/example_dags/tutorial.py took 0.055 seconds
[2025-02-10T03:12:25.037+0000] {processor.py:186} INFO - Started process (PID=2133) to work on /home/airflow/.local/lib/python3.12/site-packages/airflow/example_dags/tutorial.py
[2025-02-10T03:12:25.037+0000] {processor.py:914} INFO - Processing file /home/airflow/.local/lib/python3.12/site-packages/airflow/example_dags/tutorial.py for tasks to queue
[2025-02-10T03:12:25.041+0000] {logging_mixin.py:190} INFO - [2025-02-10T03:12:25.041+0000] {dagbag.py:588} INFO - Filling up the DagBag from /home/airflow/.local/lib/python3.12/site-packages/airflow/example_dags/tutorial.py
[2025-02-10T03:12:25.047+0000] {processor.py:925} INFO - DAG(s) 'tutorial' retrieved from /home/airflow/.local/lib/python3.12/site-packages/airflow/example_dags/tutorial.py
[2025-02-10T03:12:25.063+0000] {logging_mixin.py:190} INFO - [2025-02-10T03:12:25.062+0000] {dag.py:3239} INFO - Sync 1 DAGs
[2025-02-10T03:12:25.076+0000] {logging_mixin.py:190} INFO - [2025-02-10T03:12:25.075+0000] {dag.py:4180} INFO - Setting next_dagrun for tutorial to 2025-02-09 00:00:00+00:00, run_after=2025-02-10 00:00:00+00:00
[2025-02-10T03:12:25.088+0000] {processor.py:208} INFO - Processing /home/airflow/.local/lib/python3.12/site-packages/airflow/example_dags/tutorial.py took 0.057 seconds
[2025-02-10T03:12:56.266+0000] {processor.py:186} INFO - Started process (PID=2197) to work on /home/airflow/.local/lib/python3.12/site-packages/airflow/example_dags/tutorial.py
[2025-02-10T03:12:56.267+0000] {processor.py:914} INFO - Processing file /home/airflow/.local/lib/python3.12/site-packages/airflow/example_dags/tutorial.py for tasks to queue
[2025-02-10T03:12:56.267+0000] {logging_mixin.py:190} INFO - [2025-02-10T03:12:56.267+0000] {dagbag.py:588} INFO - Filling up the DagBag from /home/airflow/.local/lib/python3.12/site-packages/airflow/example_dags/tutorial.py
[2025-02-10T03:12:56.271+0000] {processor.py:925} INFO - DAG(s) 'tutorial' retrieved from /home/airflow/.local/lib/python3.12/site-packages/airflow/example_dags/tutorial.py
[2025-02-10T03:12:56.282+0000] {logging_mixin.py:190} INFO - [2025-02-10T03:12:56.282+0000] {dag.py:3239} INFO - Sync 1 DAGs
[2025-02-10T03:12:56.291+0000] {logging_mixin.py:190} INFO - [2025-02-10T03:12:56.291+0000] {dag.py:4180} INFO - Setting next_dagrun for tutorial to 2025-02-09 00:00:00+00:00, run_after=2025-02-10 00:00:00+00:00
[2025-02-10T03:12:56.300+0000] {processor.py:208} INFO - Processing /home/airflow/.local/lib/python3.12/site-packages/airflow/example_dags/tutorial.py took 0.036 seconds
[2025-02-10T03:13:26.957+0000] {processor.py:186} INFO - Started process (PID=2261) to work on /home/airflow/.local/lib/python3.12/site-packages/airflow/example_dags/tutorial.py
[2025-02-10T03:13:26.958+0000] {processor.py:914} INFO - Processing file /home/airflow/.local/lib/python3.12/site-packages/airflow/example_dags/tutorial.py for tasks to queue
[2025-02-10T03:13:26.960+0000] {logging_mixin.py:190} INFO - [2025-02-10T03:13:26.960+0000] {dagbag.py:588} INFO - Filling up the DagBag from /home/airflow/.local/lib/python3.12/site-packages/airflow/example_dags/tutorial.py
[2025-02-10T03:13:26.965+0000] {processor.py:925} INFO - DAG(s) 'tutorial' retrieved from /home/airflow/.local/lib/python3.12/site-packages/airflow/example_dags/tutorial.py
[2025-02-10T03:13:26.975+0000] {logging_mixin.py:190} INFO - [2025-02-10T03:13:26.975+0000] {dag.py:3239} INFO - Sync 1 DAGs
[2025-02-10T03:13:26.986+0000] {logging_mixin.py:190} INFO - [2025-02-10T03:13:26.986+0000] {dag.py:4180} INFO - Setting next_dagrun for tutorial to 2025-02-09 00:00:00+00:00, run_after=2025-02-10 00:00:00+00:00
[2025-02-10T03:13:26.996+0000] {processor.py:208} INFO - Processing /home/airflow/.local/lib/python3.12/site-packages/airflow/example_dags/tutorial.py took 0.041 seconds
[2025-02-10T03:13:58.144+0000] {processor.py:186} INFO - Started process (PID=2325) to work on /home/airflow/.local/lib/python3.12/site-packages/airflow/example_dags/tutorial.py
[2025-02-10T03:13:58.145+0000] {processor.py:914} INFO - Processing file /home/airflow/.local/lib/python3.12/site-packages/airflow/example_dags/tutorial.py for tasks to queue
[2025-02-10T03:13:58.146+0000] {logging_mixin.py:190} INFO - [2025-02-10T03:13:58.145+0000] {dagbag.py:588} INFO - Filling up the DagBag from /home/airflow/.local/lib/python3.12/site-packages/airflow/example_dags/tutorial.py
[2025-02-10T03:13:58.149+0000] {processor.py:925} INFO - DAG(s) 'tutorial' retrieved from /home/airflow/.local/lib/python3.12/site-packages/airflow/example_dags/tutorial.py
[2025-02-10T03:13:58.158+0000] {logging_mixin.py:190} INFO - [2025-02-10T03:13:58.158+0000] {dag.py:3239} INFO - Sync 1 DAGs
[2025-02-10T03:13:58.167+0000] {logging_mixin.py:190} INFO - [2025-02-10T03:13:58.167+0000] {dag.py:4180} INFO - Setting next_dagrun for tutorial to 2025-02-09 00:00:00+00:00, run_after=2025-02-10 00:00:00+00:00
[2025-02-10T03:13:58.173+0000] {processor.py:208} INFO - Processing /home/airflow/.local/lib/python3.12/site-packages/airflow/example_dags/tutorial.py took 0.032 seconds
[2025-02-10T03:14:29.896+0000] {processor.py:186} INFO - Started process (PID=2389) to work on /home/airflow/.local/lib/python3.12/site-packages/airflow/example_dags/tutorial.py
[2025-02-10T03:14:29.897+0000] {processor.py:914} INFO - Processing file /home/airflow/.local/lib/python3.12/site-packages/airflow/example_dags/tutorial.py for tasks to queue
[2025-02-10T03:14:29.899+0000] {logging_mixin.py:190} INFO - [2025-02-10T03:14:29.899+0000] {dagbag.py:588} INFO - Filling up the DagBag from /home/airflow/.local/lib/python3.12/site-packages/airflow/example_dags/tutorial.py
[2025-02-10T03:14:29.906+0000] {processor.py:925} INFO - DAG(s) 'tutorial' retrieved from /home/airflow/.local/lib/python3.12/site-packages/airflow/example_dags/tutorial.py
[2025-02-10T03:14:29.928+0000] {logging_mixin.py:190} INFO - [2025-02-10T03:14:29.927+0000] {dag.py:3239} INFO - Sync 1 DAGs
[2025-02-10T03:14:29.947+0000] {logging_mixin.py:190} INFO - [2025-02-10T03:14:29.947+0000] {dag.py:4180} INFO - Setting next_dagrun for tutorial to 2025-02-09 00:00:00+00:00, run_after=2025-02-10 00:00:00+00:00
[2025-02-10T03:14:29.957+0000] {processor.py:208} INFO - Processing /home/airflow/.local/lib/python3.12/site-packages/airflow/example_dags/tutorial.py took 0.066 seconds
[2025-02-10T03:15:00.712+0000] {processor.py:186} INFO - Started process (PID=2453) to work on /home/airflow/.local/lib/python3.12/site-packages/airflow/example_dags/tutorial.py
[2025-02-10T03:15:00.713+0000] {processor.py:914} INFO - Processing file /home/airflow/.local/lib/python3.12/site-packages/airflow/example_dags/tutorial.py for tasks to queue
[2025-02-10T03:15:00.715+0000] {logging_mixin.py:190} INFO - [2025-02-10T03:15:00.715+0000] {dagbag.py:588} INFO - Filling up the DagBag from /home/airflow/.local/lib/python3.12/site-packages/airflow/example_dags/tutorial.py
[2025-02-10T03:15:00.724+0000] {processor.py:925} INFO - DAG(s) 'tutorial' retrieved from /home/airflow/.local/lib/python3.12/site-packages/airflow/example_dags/tutorial.py
[2025-02-10T03:15:00.740+0000] {logging_mixin.py:190} INFO - [2025-02-10T03:15:00.739+0000] {dag.py:3239} INFO - Sync 1 DAGs
[2025-02-10T03:15:00.757+0000] {logging_mixin.py:190} INFO - [2025-02-10T03:15:00.757+0000] {dag.py:4180} INFO - Setting next_dagrun for tutorial to 2025-02-09 00:00:00+00:00, run_after=2025-02-10 00:00:00+00:00
[2025-02-10T03:15:00.768+0000] {processor.py:208} INFO - Processing /home/airflow/.local/lib/python3.12/site-packages/airflow/example_dags/tutorial.py took 0.067 seconds
[2025-02-10T03:15:31.546+0000] {processor.py:186} INFO - Started process (PID=2516) to work on /home/airflow/.local/lib/python3.12/site-packages/airflow/example_dags/tutorial.py
[2025-02-10T03:15:31.547+0000] {processor.py:914} INFO - Processing file /home/airflow/.local/lib/python3.12/site-packages/airflow/example_dags/tutorial.py for tasks to queue
[2025-02-10T03:15:31.549+0000] {logging_mixin.py:190} INFO - [2025-02-10T03:15:31.549+0000] {dagbag.py:588} INFO - Filling up the DagBag from /home/airflow/.local/lib/python3.12/site-packages/airflow/example_dags/tutorial.py
[2025-02-10T03:15:31.553+0000] {processor.py:925} INFO - DAG(s) 'tutorial' retrieved from /home/airflow/.local/lib/python3.12/site-packages/airflow/example_dags/tutorial.py
[2025-02-10T03:15:31.566+0000] {logging_mixin.py:190} INFO - [2025-02-10T03:15:31.566+0000] {dag.py:3239} INFO - Sync 1 DAGs
[2025-02-10T03:15:31.582+0000] {logging_mixin.py:190} INFO - [2025-02-10T03:15:31.582+0000] {dag.py:4180} INFO - Setting next_dagrun for tutorial to 2025-02-09 00:00:00+00:00, run_after=2025-02-10 00:00:00+00:00
[2025-02-10T03:15:31.595+0000] {processor.py:208} INFO - Processing /home/airflow/.local/lib/python3.12/site-packages/airflow/example_dags/tutorial.py took 0.051 seconds
