[2025-02-10T02:55:44.003+0000] {processor.py:186} INFO - Started process (PID=51) to work on /home/airflow/.local/lib/python3.12/site-packages/airflow/example_dags/tutorial_dag.py
[2025-02-10T02:55:44.005+0000] {processor.py:914} INFO - Processing file /home/airflow/.local/lib/python3.12/site-packages/airflow/example_dags/tutorial_dag.py for tasks to queue
[2025-02-10T02:55:44.018+0000] {logging_mixin.py:190} INFO - [2025-02-10T02:55:44.017+0000] {dagbag.py:588} INFO - Filling up the DagBag from /home/airflow/.local/lib/python3.12/site-packages/airflow/example_dags/tutorial_dag.py
[2025-02-10T02:55:44.029+0000] {processor.py:925} INFO - DAG(s) 'tutorial_dag' retrieved from /home/airflow/.local/lib/python3.12/site-packages/airflow/example_dags/tutorial_dag.py
[2025-02-10T02:55:44.119+0000] {logging_mixin.py:190} INFO - [2025-02-10T02:55:44.118+0000] {override.py:1911} INFO - Created Permission View: can read on DAG:tutorial_dag
[2025-02-10T02:55:44.124+0000] {logging_mixin.py:190} INFO - [2025-02-10T02:55:44.124+0000] {override.py:1911} INFO - Created Permission View: can edit on DAG:tutorial_dag
[2025-02-10T02:55:44.127+0000] {logging_mixin.py:190} INFO - [2025-02-10T02:55:44.127+0000] {override.py:1911} INFO - Created Permission View: can delete on DAG:tutorial_dag
[2025-02-10T02:55:44.133+0000] {logging_mixin.py:190} INFO - [2025-02-10T02:55:44.133+0000] {override.py:1911} INFO - Created Permission View: can read on DAG Run:tutorial_dag
[2025-02-10T02:55:44.140+0000] {logging_mixin.py:190} INFO - [2025-02-10T02:55:44.140+0000] {override.py:1911} INFO - Created Permission View: can delete on DAG Run:tutorial_dag
[2025-02-10T02:55:44.149+0000] {logging_mixin.py:190} INFO - [2025-02-10T02:55:44.149+0000] {override.py:1911} INFO - Created Permission View: menu access on DAG Run:tutorial_dag
[2025-02-10T02:55:44.157+0000] {logging_mixin.py:190} INFO - [2025-02-10T02:55:44.157+0000] {override.py:1911} INFO - Created Permission View: can create on DAG Run:tutorial_dag
[2025-02-10T02:55:44.158+0000] {logging_mixin.py:190} INFO - [2025-02-10T02:55:44.158+0000] {dag.py:3239} INFO - Sync 1 DAGs
[2025-02-10T02:55:44.171+0000] {logging_mixin.py:190} INFO - [2025-02-10T02:55:44.171+0000] {dag.py:3262} INFO - Creating ORM DAG for tutorial_dag
[2025-02-10T02:55:44.172+0000] {logging_mixin.py:190} INFO - [2025-02-10T02:55:44.172+0000] {dag.py:4180} INFO - Setting next_dagrun for tutorial_dag to None, run_after=None
[2025-02-10T02:55:44.182+0000] {processor.py:208} INFO - Processing /home/airflow/.local/lib/python3.12/site-packages/airflow/example_dags/tutorial_dag.py took 0.190 seconds
[2025-02-10T02:56:14.273+0000] {processor.py:186} INFO - Started process (PID=114) to work on /home/airflow/.local/lib/python3.12/site-packages/airflow/example_dags/tutorial_dag.py
[2025-02-10T02:56:14.273+0000] {processor.py:914} INFO - Processing file /home/airflow/.local/lib/python3.12/site-packages/airflow/example_dags/tutorial_dag.py for tasks to queue
[2025-02-10T02:56:14.274+0000] {logging_mixin.py:190} INFO - [2025-02-10T02:56:14.274+0000] {dagbag.py:588} INFO - Filling up the DagBag from /home/airflow/.local/lib/python3.12/site-packages/airflow/example_dags/tutorial_dag.py
[2025-02-10T02:56:14.279+0000] {processor.py:925} INFO - DAG(s) 'tutorial_dag' retrieved from /home/airflow/.local/lib/python3.12/site-packages/airflow/example_dags/tutorial_dag.py
[2025-02-10T02:56:14.297+0000] {logging_mixin.py:190} INFO - [2025-02-10T02:56:14.297+0000] {dag.py:3239} INFO - Sync 1 DAGs
[2025-02-10T02:56:14.304+0000] {logging_mixin.py:190} INFO - [2025-02-10T02:56:14.304+0000] {dag.py:4180} INFO - Setting next_dagrun for tutorial_dag to None, run_after=None
[2025-02-10T02:56:14.311+0000] {processor.py:208} INFO - Processing /home/airflow/.local/lib/python3.12/site-packages/airflow/example_dags/tutorial_dag.py took 0.041 seconds
[2025-02-10T02:56:45.058+0000] {processor.py:186} INFO - Started process (PID=184) to work on /home/airflow/.local/lib/python3.12/site-packages/airflow/example_dags/tutorial_dag.py
[2025-02-10T02:56:45.058+0000] {processor.py:914} INFO - Processing file /home/airflow/.local/lib/python3.12/site-packages/airflow/example_dags/tutorial_dag.py for tasks to queue
[2025-02-10T02:56:45.060+0000] {logging_mixin.py:190} INFO - [2025-02-10T02:56:45.060+0000] {dagbag.py:588} INFO - Filling up the DagBag from /home/airflow/.local/lib/python3.12/site-packages/airflow/example_dags/tutorial_dag.py
[2025-02-10T02:56:45.064+0000] {processor.py:925} INFO - DAG(s) 'tutorial_dag' retrieved from /home/airflow/.local/lib/python3.12/site-packages/airflow/example_dags/tutorial_dag.py
[2025-02-10T02:56:45.073+0000] {logging_mixin.py:190} INFO - [2025-02-10T02:56:45.073+0000] {dag.py:3239} INFO - Sync 1 DAGs
[2025-02-10T02:56:45.082+0000] {logging_mixin.py:190} INFO - [2025-02-10T02:56:45.081+0000] {dag.py:4180} INFO - Setting next_dagrun for tutorial_dag to None, run_after=None
[2025-02-10T02:56:45.092+0000] {processor.py:208} INFO - Processing /home/airflow/.local/lib/python3.12/site-packages/airflow/example_dags/tutorial_dag.py took 0.037 seconds
[2025-02-10T02:57:15.868+0000] {processor.py:186} INFO - Started process (PID=247) to work on /home/airflow/.local/lib/python3.12/site-packages/airflow/example_dags/tutorial_dag.py
[2025-02-10T02:57:15.868+0000] {processor.py:914} INFO - Processing file /home/airflow/.local/lib/python3.12/site-packages/airflow/example_dags/tutorial_dag.py for tasks to queue
[2025-02-10T02:57:15.869+0000] {logging_mixin.py:190} INFO - [2025-02-10T02:57:15.869+0000] {dagbag.py:588} INFO - Filling up the DagBag from /home/airflow/.local/lib/python3.12/site-packages/airflow/example_dags/tutorial_dag.py
[2025-02-10T02:57:15.874+0000] {processor.py:925} INFO - DAG(s) 'tutorial_dag' retrieved from /home/airflow/.local/lib/python3.12/site-packages/airflow/example_dags/tutorial_dag.py
[2025-02-10T02:57:15.884+0000] {logging_mixin.py:190} INFO - [2025-02-10T02:57:15.884+0000] {dag.py:3239} INFO - Sync 1 DAGs
[2025-02-10T02:57:15.891+0000] {logging_mixin.py:190} INFO - [2025-02-10T02:57:15.891+0000] {dag.py:4180} INFO - Setting next_dagrun for tutorial_dag to None, run_after=None
[2025-02-10T02:57:15.899+0000] {processor.py:208} INFO - Processing /home/airflow/.local/lib/python3.12/site-packages/airflow/example_dags/tutorial_dag.py took 0.034 seconds
[2025-02-10T02:57:46.891+0000] {processor.py:186} INFO - Started process (PID=311) to work on /home/airflow/.local/lib/python3.12/site-packages/airflow/example_dags/tutorial_dag.py
[2025-02-10T02:57:46.892+0000] {processor.py:914} INFO - Processing file /home/airflow/.local/lib/python3.12/site-packages/airflow/example_dags/tutorial_dag.py for tasks to queue
[2025-02-10T02:57:46.893+0000] {logging_mixin.py:190} INFO - [2025-02-10T02:57:46.893+0000] {dagbag.py:588} INFO - Filling up the DagBag from /home/airflow/.local/lib/python3.12/site-packages/airflow/example_dags/tutorial_dag.py
[2025-02-10T02:57:46.898+0000] {processor.py:925} INFO - DAG(s) 'tutorial_dag' retrieved from /home/airflow/.local/lib/python3.12/site-packages/airflow/example_dags/tutorial_dag.py
[2025-02-10T02:57:46.907+0000] {logging_mixin.py:190} INFO - [2025-02-10T02:57:46.907+0000] {dag.py:3239} INFO - Sync 1 DAGs
[2025-02-10T02:57:46.913+0000] {logging_mixin.py:190} INFO - [2025-02-10T02:57:46.913+0000] {dag.py:4180} INFO - Setting next_dagrun for tutorial_dag to None, run_after=None
[2025-02-10T02:57:46.922+0000] {processor.py:208} INFO - Processing /home/airflow/.local/lib/python3.12/site-packages/airflow/example_dags/tutorial_dag.py took 0.034 seconds
[2025-02-10T02:58:17.646+0000] {processor.py:186} INFO - Started process (PID=375) to work on /home/airflow/.local/lib/python3.12/site-packages/airflow/example_dags/tutorial_dag.py
[2025-02-10T02:58:17.647+0000] {processor.py:914} INFO - Processing file /home/airflow/.local/lib/python3.12/site-packages/airflow/example_dags/tutorial_dag.py for tasks to queue
[2025-02-10T02:58:17.650+0000] {logging_mixin.py:190} INFO - [2025-02-10T02:58:17.649+0000] {dagbag.py:588} INFO - Filling up the DagBag from /home/airflow/.local/lib/python3.12/site-packages/airflow/example_dags/tutorial_dag.py
[2025-02-10T02:58:17.656+0000] {processor.py:925} INFO - DAG(s) 'tutorial_dag' retrieved from /home/airflow/.local/lib/python3.12/site-packages/airflow/example_dags/tutorial_dag.py
[2025-02-10T02:58:17.668+0000] {logging_mixin.py:190} INFO - [2025-02-10T02:58:17.668+0000] {dag.py:3239} INFO - Sync 1 DAGs
[2025-02-10T02:58:17.675+0000] {logging_mixin.py:190} INFO - [2025-02-10T02:58:17.675+0000] {dag.py:4180} INFO - Setting next_dagrun for tutorial_dag to None, run_after=None
[2025-02-10T02:58:17.682+0000] {processor.py:208} INFO - Processing /home/airflow/.local/lib/python3.12/site-packages/airflow/example_dags/tutorial_dag.py took 0.040 seconds
[2025-02-10T02:58:47.815+0000] {processor.py:186} INFO - Started process (PID=439) to work on /home/airflow/.local/lib/python3.12/site-packages/airflow/example_dags/tutorial_dag.py
[2025-02-10T02:58:47.816+0000] {processor.py:914} INFO - Processing file /home/airflow/.local/lib/python3.12/site-packages/airflow/example_dags/tutorial_dag.py for tasks to queue
[2025-02-10T02:58:47.817+0000] {logging_mixin.py:190} INFO - [2025-02-10T02:58:47.817+0000] {dagbag.py:588} INFO - Filling up the DagBag from /home/airflow/.local/lib/python3.12/site-packages/airflow/example_dags/tutorial_dag.py
[2025-02-10T02:58:47.821+0000] {processor.py:925} INFO - DAG(s) 'tutorial_dag' retrieved from /home/airflow/.local/lib/python3.12/site-packages/airflow/example_dags/tutorial_dag.py
[2025-02-10T02:58:47.830+0000] {logging_mixin.py:190} INFO - [2025-02-10T02:58:47.830+0000] {dag.py:3239} INFO - Sync 1 DAGs
[2025-02-10T02:58:47.836+0000] {logging_mixin.py:190} INFO - [2025-02-10T02:58:47.836+0000] {dag.py:4180} INFO - Setting next_dagrun for tutorial_dag to None, run_after=None
[2025-02-10T02:58:47.843+0000] {processor.py:208} INFO - Processing /home/airflow/.local/lib/python3.12/site-packages/airflow/example_dags/tutorial_dag.py took 0.032 seconds
[2025-02-10T02:59:18.045+0000] {processor.py:186} INFO - Started process (PID=503) to work on /home/airflow/.local/lib/python3.12/site-packages/airflow/example_dags/tutorial_dag.py
[2025-02-10T02:59:18.046+0000] {processor.py:914} INFO - Processing file /home/airflow/.local/lib/python3.12/site-packages/airflow/example_dags/tutorial_dag.py for tasks to queue
[2025-02-10T02:59:18.047+0000] {logging_mixin.py:190} INFO - [2025-02-10T02:59:18.047+0000] {dagbag.py:588} INFO - Filling up the DagBag from /home/airflow/.local/lib/python3.12/site-packages/airflow/example_dags/tutorial_dag.py
[2025-02-10T02:59:18.051+0000] {processor.py:925} INFO - DAG(s) 'tutorial_dag' retrieved from /home/airflow/.local/lib/python3.12/site-packages/airflow/example_dags/tutorial_dag.py
[2025-02-10T02:59:18.060+0000] {logging_mixin.py:190} INFO - [2025-02-10T02:59:18.060+0000] {dag.py:3239} INFO - Sync 1 DAGs
[2025-02-10T02:59:18.065+0000] {logging_mixin.py:190} INFO - [2025-02-10T02:59:18.065+0000] {dag.py:4180} INFO - Setting next_dagrun for tutorial_dag to None, run_after=None
[2025-02-10T02:59:18.072+0000] {processor.py:208} INFO - Processing /home/airflow/.local/lib/python3.12/site-packages/airflow/example_dags/tutorial_dag.py took 0.030 seconds
[2025-02-10T02:59:48.321+0000] {processor.py:186} INFO - Started process (PID=567) to work on /home/airflow/.local/lib/python3.12/site-packages/airflow/example_dags/tutorial_dag.py
[2025-02-10T02:59:48.322+0000] {processor.py:914} INFO - Processing file /home/airflow/.local/lib/python3.12/site-packages/airflow/example_dags/tutorial_dag.py for tasks to queue
[2025-02-10T02:59:48.323+0000] {logging_mixin.py:190} INFO - [2025-02-10T02:59:48.323+0000] {dagbag.py:588} INFO - Filling up the DagBag from /home/airflow/.local/lib/python3.12/site-packages/airflow/example_dags/tutorial_dag.py
[2025-02-10T02:59:48.327+0000] {processor.py:925} INFO - DAG(s) 'tutorial_dag' retrieved from /home/airflow/.local/lib/python3.12/site-packages/airflow/example_dags/tutorial_dag.py
[2025-02-10T02:59:48.337+0000] {logging_mixin.py:190} INFO - [2025-02-10T02:59:48.336+0000] {dag.py:3239} INFO - Sync 1 DAGs
[2025-02-10T02:59:48.342+0000] {logging_mixin.py:190} INFO - [2025-02-10T02:59:48.342+0000] {dag.py:4180} INFO - Setting next_dagrun for tutorial_dag to None, run_after=None
[2025-02-10T02:59:48.349+0000] {processor.py:208} INFO - Processing /home/airflow/.local/lib/python3.12/site-packages/airflow/example_dags/tutorial_dag.py took 0.034 seconds
[2025-02-10T03:00:18.534+0000] {processor.py:186} INFO - Started process (PID=631) to work on /home/airflow/.local/lib/python3.12/site-packages/airflow/example_dags/tutorial_dag.py
[2025-02-10T03:00:18.535+0000] {processor.py:914} INFO - Processing file /home/airflow/.local/lib/python3.12/site-packages/airflow/example_dags/tutorial_dag.py for tasks to queue
[2025-02-10T03:00:18.536+0000] {logging_mixin.py:190} INFO - [2025-02-10T03:00:18.536+0000] {dagbag.py:588} INFO - Filling up the DagBag from /home/airflow/.local/lib/python3.12/site-packages/airflow/example_dags/tutorial_dag.py
[2025-02-10T03:00:18.540+0000] {processor.py:925} INFO - DAG(s) 'tutorial_dag' retrieved from /home/airflow/.local/lib/python3.12/site-packages/airflow/example_dags/tutorial_dag.py
[2025-02-10T03:00:18.549+0000] {logging_mixin.py:190} INFO - [2025-02-10T03:00:18.549+0000] {dag.py:3239} INFO - Sync 1 DAGs
[2025-02-10T03:00:18.557+0000] {logging_mixin.py:190} INFO - [2025-02-10T03:00:18.557+0000] {dag.py:4180} INFO - Setting next_dagrun for tutorial_dag to None, run_after=None
[2025-02-10T03:00:18.566+0000] {processor.py:208} INFO - Processing /home/airflow/.local/lib/python3.12/site-packages/airflow/example_dags/tutorial_dag.py took 0.038 seconds
[2025-02-10T03:00:49.084+0000] {processor.py:186} INFO - Started process (PID=695) to work on /home/airflow/.local/lib/python3.12/site-packages/airflow/example_dags/tutorial_dag.py
[2025-02-10T03:00:49.084+0000] {processor.py:914} INFO - Processing file /home/airflow/.local/lib/python3.12/site-packages/airflow/example_dags/tutorial_dag.py for tasks to queue
[2025-02-10T03:00:49.085+0000] {logging_mixin.py:190} INFO - [2025-02-10T03:00:49.085+0000] {dagbag.py:588} INFO - Filling up the DagBag from /home/airflow/.local/lib/python3.12/site-packages/airflow/example_dags/tutorial_dag.py
[2025-02-10T03:00:49.089+0000] {processor.py:925} INFO - DAG(s) 'tutorial_dag' retrieved from /home/airflow/.local/lib/python3.12/site-packages/airflow/example_dags/tutorial_dag.py
[2025-02-10T03:00:49.098+0000] {logging_mixin.py:190} INFO - [2025-02-10T03:00:49.098+0000] {dag.py:3239} INFO - Sync 1 DAGs
[2025-02-10T03:00:49.104+0000] {logging_mixin.py:190} INFO - [2025-02-10T03:00:49.104+0000] {dag.py:4180} INFO - Setting next_dagrun for tutorial_dag to None, run_after=None
[2025-02-10T03:00:49.110+0000] {processor.py:208} INFO - Processing /home/airflow/.local/lib/python3.12/site-packages/airflow/example_dags/tutorial_dag.py took 0.029 seconds
[2025-02-10T03:01:19.269+0000] {processor.py:186} INFO - Started process (PID=759) to work on /home/airflow/.local/lib/python3.12/site-packages/airflow/example_dags/tutorial_dag.py
[2025-02-10T03:01:19.270+0000] {processor.py:914} INFO - Processing file /home/airflow/.local/lib/python3.12/site-packages/airflow/example_dags/tutorial_dag.py for tasks to queue
[2025-02-10T03:01:19.271+0000] {logging_mixin.py:190} INFO - [2025-02-10T03:01:19.271+0000] {dagbag.py:588} INFO - Filling up the DagBag from /home/airflow/.local/lib/python3.12/site-packages/airflow/example_dags/tutorial_dag.py
[2025-02-10T03:01:19.275+0000] {processor.py:925} INFO - DAG(s) 'tutorial_dag' retrieved from /home/airflow/.local/lib/python3.12/site-packages/airflow/example_dags/tutorial_dag.py
[2025-02-10T03:01:19.283+0000] {logging_mixin.py:190} INFO - [2025-02-10T03:01:19.283+0000] {dag.py:3239} INFO - Sync 1 DAGs
[2025-02-10T03:01:19.289+0000] {logging_mixin.py:190} INFO - [2025-02-10T03:01:19.289+0000] {dag.py:4180} INFO - Setting next_dagrun for tutorial_dag to None, run_after=None
[2025-02-10T03:01:19.295+0000] {processor.py:208} INFO - Processing /home/airflow/.local/lib/python3.12/site-packages/airflow/example_dags/tutorial_dag.py took 0.029 seconds
[2025-02-10T03:01:49.418+0000] {processor.py:186} INFO - Started process (PID=823) to work on /home/airflow/.local/lib/python3.12/site-packages/airflow/example_dags/tutorial_dag.py
[2025-02-10T03:01:49.419+0000] {processor.py:914} INFO - Processing file /home/airflow/.local/lib/python3.12/site-packages/airflow/example_dags/tutorial_dag.py for tasks to queue
[2025-02-10T03:01:49.421+0000] {logging_mixin.py:190} INFO - [2025-02-10T03:01:49.421+0000] {dagbag.py:588} INFO - Filling up the DagBag from /home/airflow/.local/lib/python3.12/site-packages/airflow/example_dags/tutorial_dag.py
[2025-02-10T03:01:49.425+0000] {processor.py:925} INFO - DAG(s) 'tutorial_dag' retrieved from /home/airflow/.local/lib/python3.12/site-packages/airflow/example_dags/tutorial_dag.py
[2025-02-10T03:01:49.436+0000] {logging_mixin.py:190} INFO - [2025-02-10T03:01:49.436+0000] {dag.py:3239} INFO - Sync 1 DAGs
[2025-02-10T03:01:49.442+0000] {logging_mixin.py:190} INFO - [2025-02-10T03:01:49.442+0000] {dag.py:4180} INFO - Setting next_dagrun for tutorial_dag to None, run_after=None
[2025-02-10T03:01:49.450+0000] {processor.py:208} INFO - Processing /home/airflow/.local/lib/python3.12/site-packages/airflow/example_dags/tutorial_dag.py took 0.038 seconds
[2025-02-10T03:02:19.758+0000] {processor.py:186} INFO - Started process (PID=887) to work on /home/airflow/.local/lib/python3.12/site-packages/airflow/example_dags/tutorial_dag.py
[2025-02-10T03:02:19.759+0000] {processor.py:914} INFO - Processing file /home/airflow/.local/lib/python3.12/site-packages/airflow/example_dags/tutorial_dag.py for tasks to queue
[2025-02-10T03:02:19.760+0000] {logging_mixin.py:190} INFO - [2025-02-10T03:02:19.760+0000] {dagbag.py:588} INFO - Filling up the DagBag from /home/airflow/.local/lib/python3.12/site-packages/airflow/example_dags/tutorial_dag.py
[2025-02-10T03:02:19.763+0000] {processor.py:925} INFO - DAG(s) 'tutorial_dag' retrieved from /home/airflow/.local/lib/python3.12/site-packages/airflow/example_dags/tutorial_dag.py
[2025-02-10T03:02:19.771+0000] {logging_mixin.py:190} INFO - [2025-02-10T03:02:19.771+0000] {dag.py:3239} INFO - Sync 1 DAGs
[2025-02-10T03:02:19.777+0000] {logging_mixin.py:190} INFO - [2025-02-10T03:02:19.777+0000] {dag.py:4180} INFO - Setting next_dagrun for tutorial_dag to None, run_after=None
[2025-02-10T03:02:19.783+0000] {processor.py:208} INFO - Processing /home/airflow/.local/lib/python3.12/site-packages/airflow/example_dags/tutorial_dag.py took 0.028 seconds
[2025-02-10T03:02:50.135+0000] {processor.py:186} INFO - Started process (PID=951) to work on /home/airflow/.local/lib/python3.12/site-packages/airflow/example_dags/tutorial_dag.py
[2025-02-10T03:02:50.136+0000] {processor.py:914} INFO - Processing file /home/airflow/.local/lib/python3.12/site-packages/airflow/example_dags/tutorial_dag.py for tasks to queue
[2025-02-10T03:02:50.137+0000] {logging_mixin.py:190} INFO - [2025-02-10T03:02:50.137+0000] {dagbag.py:588} INFO - Filling up the DagBag from /home/airflow/.local/lib/python3.12/site-packages/airflow/example_dags/tutorial_dag.py
[2025-02-10T03:02:50.141+0000] {processor.py:925} INFO - DAG(s) 'tutorial_dag' retrieved from /home/airflow/.local/lib/python3.12/site-packages/airflow/example_dags/tutorial_dag.py
[2025-02-10T03:02:50.150+0000] {logging_mixin.py:190} INFO - [2025-02-10T03:02:50.150+0000] {dag.py:3239} INFO - Sync 1 DAGs
[2025-02-10T03:02:50.156+0000] {logging_mixin.py:190} INFO - [2025-02-10T03:02:50.156+0000] {dag.py:4180} INFO - Setting next_dagrun for tutorial_dag to None, run_after=None
[2025-02-10T03:02:50.162+0000] {processor.py:208} INFO - Processing /home/airflow/.local/lib/python3.12/site-packages/airflow/example_dags/tutorial_dag.py took 0.033 seconds
[2025-02-10T03:03:20.552+0000] {processor.py:186} INFO - Started process (PID=1015) to work on /home/airflow/.local/lib/python3.12/site-packages/airflow/example_dags/tutorial_dag.py
[2025-02-10T03:03:20.553+0000] {processor.py:914} INFO - Processing file /home/airflow/.local/lib/python3.12/site-packages/airflow/example_dags/tutorial_dag.py for tasks to queue
[2025-02-10T03:03:20.554+0000] {logging_mixin.py:190} INFO - [2025-02-10T03:03:20.554+0000] {dagbag.py:588} INFO - Filling up the DagBag from /home/airflow/.local/lib/python3.12/site-packages/airflow/example_dags/tutorial_dag.py
[2025-02-10T03:03:20.560+0000] {processor.py:925} INFO - DAG(s) 'tutorial_dag' retrieved from /home/airflow/.local/lib/python3.12/site-packages/airflow/example_dags/tutorial_dag.py
[2025-02-10T03:03:20.570+0000] {logging_mixin.py:190} INFO - [2025-02-10T03:03:20.570+0000] {dag.py:3239} INFO - Sync 1 DAGs
[2025-02-10T03:03:20.577+0000] {logging_mixin.py:190} INFO - [2025-02-10T03:03:20.577+0000] {dag.py:4180} INFO - Setting next_dagrun for tutorial_dag to None, run_after=None
[2025-02-10T03:03:20.584+0000] {processor.py:208} INFO - Processing /home/airflow/.local/lib/python3.12/site-packages/airflow/example_dags/tutorial_dag.py took 0.034 seconds
[2025-02-10T03:03:50.712+0000] {processor.py:186} INFO - Started process (PID=1079) to work on /home/airflow/.local/lib/python3.12/site-packages/airflow/example_dags/tutorial_dag.py
[2025-02-10T03:03:50.713+0000] {processor.py:914} INFO - Processing file /home/airflow/.local/lib/python3.12/site-packages/airflow/example_dags/tutorial_dag.py for tasks to queue
[2025-02-10T03:03:50.714+0000] {logging_mixin.py:190} INFO - [2025-02-10T03:03:50.713+0000] {dagbag.py:588} INFO - Filling up the DagBag from /home/airflow/.local/lib/python3.12/site-packages/airflow/example_dags/tutorial_dag.py
[2025-02-10T03:03:50.717+0000] {processor.py:925} INFO - DAG(s) 'tutorial_dag' retrieved from /home/airflow/.local/lib/python3.12/site-packages/airflow/example_dags/tutorial_dag.py
[2025-02-10T03:03:50.726+0000] {logging_mixin.py:190} INFO - [2025-02-10T03:03:50.726+0000] {dag.py:3239} INFO - Sync 1 DAGs
[2025-02-10T03:03:50.732+0000] {logging_mixin.py:190} INFO - [2025-02-10T03:03:50.732+0000] {dag.py:4180} INFO - Setting next_dagrun for tutorial_dag to None, run_after=None
[2025-02-10T03:03:50.741+0000] {processor.py:208} INFO - Processing /home/airflow/.local/lib/python3.12/site-packages/airflow/example_dags/tutorial_dag.py took 0.035 seconds
[2025-02-10T03:04:21.282+0000] {processor.py:186} INFO - Started process (PID=1143) to work on /home/airflow/.local/lib/python3.12/site-packages/airflow/example_dags/tutorial_dag.py
[2025-02-10T03:04:21.283+0000] {processor.py:914} INFO - Processing file /home/airflow/.local/lib/python3.12/site-packages/airflow/example_dags/tutorial_dag.py for tasks to queue
[2025-02-10T03:04:21.285+0000] {logging_mixin.py:190} INFO - [2025-02-10T03:04:21.284+0000] {dagbag.py:588} INFO - Filling up the DagBag from /home/airflow/.local/lib/python3.12/site-packages/airflow/example_dags/tutorial_dag.py
[2025-02-10T03:04:21.290+0000] {processor.py:925} INFO - DAG(s) 'tutorial_dag' retrieved from /home/airflow/.local/lib/python3.12/site-packages/airflow/example_dags/tutorial_dag.py
[2025-02-10T03:04:21.300+0000] {logging_mixin.py:190} INFO - [2025-02-10T03:04:21.300+0000] {dag.py:3239} INFO - Sync 1 DAGs
[2025-02-10T03:04:21.308+0000] {logging_mixin.py:190} INFO - [2025-02-10T03:04:21.308+0000] {dag.py:4180} INFO - Setting next_dagrun for tutorial_dag to None, run_after=None
[2025-02-10T03:04:21.316+0000] {processor.py:208} INFO - Processing /home/airflow/.local/lib/python3.12/site-packages/airflow/example_dags/tutorial_dag.py took 0.041 seconds
[2025-02-10T03:04:51.794+0000] {processor.py:186} INFO - Started process (PID=1207) to work on /home/airflow/.local/lib/python3.12/site-packages/airflow/example_dags/tutorial_dag.py
[2025-02-10T03:04:51.795+0000] {processor.py:914} INFO - Processing file /home/airflow/.local/lib/python3.12/site-packages/airflow/example_dags/tutorial_dag.py for tasks to queue
[2025-02-10T03:04:51.796+0000] {logging_mixin.py:190} INFO - [2025-02-10T03:04:51.796+0000] {dagbag.py:588} INFO - Filling up the DagBag from /home/airflow/.local/lib/python3.12/site-packages/airflow/example_dags/tutorial_dag.py
[2025-02-10T03:04:51.800+0000] {processor.py:925} INFO - DAG(s) 'tutorial_dag' retrieved from /home/airflow/.local/lib/python3.12/site-packages/airflow/example_dags/tutorial_dag.py
[2025-02-10T03:04:51.810+0000] {logging_mixin.py:190} INFO - [2025-02-10T03:04:51.809+0000] {dag.py:3239} INFO - Sync 1 DAGs
[2025-02-10T03:04:51.815+0000] {logging_mixin.py:190} INFO - [2025-02-10T03:04:51.815+0000] {dag.py:4180} INFO - Setting next_dagrun for tutorial_dag to None, run_after=None
[2025-02-10T03:04:51.824+0000] {processor.py:208} INFO - Processing /home/airflow/.local/lib/python3.12/site-packages/airflow/example_dags/tutorial_dag.py took 0.035 seconds
[2025-02-10T03:05:21.979+0000] {processor.py:186} INFO - Started process (PID=1271) to work on /home/airflow/.local/lib/python3.12/site-packages/airflow/example_dags/tutorial_dag.py
[2025-02-10T03:05:21.982+0000] {processor.py:914} INFO - Processing file /home/airflow/.local/lib/python3.12/site-packages/airflow/example_dags/tutorial_dag.py for tasks to queue
[2025-02-10T03:05:21.984+0000] {logging_mixin.py:190} INFO - [2025-02-10T03:05:21.983+0000] {dagbag.py:588} INFO - Filling up the DagBag from /home/airflow/.local/lib/python3.12/site-packages/airflow/example_dags/tutorial_dag.py
[2025-02-10T03:05:21.990+0000] {processor.py:925} INFO - DAG(s) 'tutorial_dag' retrieved from /home/airflow/.local/lib/python3.12/site-packages/airflow/example_dags/tutorial_dag.py
[2025-02-10T03:05:22.000+0000] {logging_mixin.py:190} INFO - [2025-02-10T03:05:22.000+0000] {dag.py:3239} INFO - Sync 1 DAGs
[2025-02-10T03:05:22.005+0000] {logging_mixin.py:190} INFO - [2025-02-10T03:05:22.005+0000] {dag.py:4180} INFO - Setting next_dagrun for tutorial_dag to None, run_after=None
[2025-02-10T03:05:22.012+0000] {processor.py:208} INFO - Processing /home/airflow/.local/lib/python3.12/site-packages/airflow/example_dags/tutorial_dag.py took 0.039 seconds
[2025-02-10T03:05:52.149+0000] {processor.py:186} INFO - Started process (PID=1335) to work on /home/airflow/.local/lib/python3.12/site-packages/airflow/example_dags/tutorial_dag.py
[2025-02-10T03:05:52.149+0000] {processor.py:914} INFO - Processing file /home/airflow/.local/lib/python3.12/site-packages/airflow/example_dags/tutorial_dag.py for tasks to queue
[2025-02-10T03:05:52.151+0000] {logging_mixin.py:190} INFO - [2025-02-10T03:05:52.150+0000] {dagbag.py:588} INFO - Filling up the DagBag from /home/airflow/.local/lib/python3.12/site-packages/airflow/example_dags/tutorial_dag.py
[2025-02-10T03:05:52.154+0000] {processor.py:925} INFO - DAG(s) 'tutorial_dag' retrieved from /home/airflow/.local/lib/python3.12/site-packages/airflow/example_dags/tutorial_dag.py
[2025-02-10T03:05:52.163+0000] {logging_mixin.py:190} INFO - [2025-02-10T03:05:52.163+0000] {dag.py:3239} INFO - Sync 1 DAGs
[2025-02-10T03:05:52.169+0000] {logging_mixin.py:190} INFO - [2025-02-10T03:05:52.169+0000] {dag.py:4180} INFO - Setting next_dagrun for tutorial_dag to None, run_after=None
[2025-02-10T03:05:52.176+0000] {processor.py:208} INFO - Processing /home/airflow/.local/lib/python3.12/site-packages/airflow/example_dags/tutorial_dag.py took 0.034 seconds
[2025-02-10T03:06:22.513+0000] {processor.py:186} INFO - Started process (PID=1399) to work on /home/airflow/.local/lib/python3.12/site-packages/airflow/example_dags/tutorial_dag.py
[2025-02-10T03:06:22.514+0000] {processor.py:914} INFO - Processing file /home/airflow/.local/lib/python3.12/site-packages/airflow/example_dags/tutorial_dag.py for tasks to queue
[2025-02-10T03:06:22.515+0000] {logging_mixin.py:190} INFO - [2025-02-10T03:06:22.515+0000] {dagbag.py:588} INFO - Filling up the DagBag from /home/airflow/.local/lib/python3.12/site-packages/airflow/example_dags/tutorial_dag.py
[2025-02-10T03:06:22.519+0000] {processor.py:925} INFO - DAG(s) 'tutorial_dag' retrieved from /home/airflow/.local/lib/python3.12/site-packages/airflow/example_dags/tutorial_dag.py
[2025-02-10T03:06:22.527+0000] {logging_mixin.py:190} INFO - [2025-02-10T03:06:22.527+0000] {dag.py:3239} INFO - Sync 1 DAGs
[2025-02-10T03:06:22.533+0000] {logging_mixin.py:190} INFO - [2025-02-10T03:06:22.533+0000] {dag.py:4180} INFO - Setting next_dagrun for tutorial_dag to None, run_after=None
[2025-02-10T03:06:22.539+0000] {processor.py:208} INFO - Processing /home/airflow/.local/lib/python3.12/site-packages/airflow/example_dags/tutorial_dag.py took 0.030 seconds
[2025-02-10T03:06:52.648+0000] {processor.py:186} INFO - Started process (PID=1463) to work on /home/airflow/.local/lib/python3.12/site-packages/airflow/example_dags/tutorial_dag.py
[2025-02-10T03:06:52.648+0000] {processor.py:914} INFO - Processing file /home/airflow/.local/lib/python3.12/site-packages/airflow/example_dags/tutorial_dag.py for tasks to queue
[2025-02-10T03:06:52.650+0000] {logging_mixin.py:190} INFO - [2025-02-10T03:06:52.649+0000] {dagbag.py:588} INFO - Filling up the DagBag from /home/airflow/.local/lib/python3.12/site-packages/airflow/example_dags/tutorial_dag.py
[2025-02-10T03:06:52.653+0000] {processor.py:925} INFO - DAG(s) 'tutorial_dag' retrieved from /home/airflow/.local/lib/python3.12/site-packages/airflow/example_dags/tutorial_dag.py
[2025-02-10T03:06:52.663+0000] {logging_mixin.py:190} INFO - [2025-02-10T03:06:52.663+0000] {dag.py:3239} INFO - Sync 1 DAGs
[2025-02-10T03:06:52.669+0000] {logging_mixin.py:190} INFO - [2025-02-10T03:06:52.669+0000] {dag.py:4180} INFO - Setting next_dagrun for tutorial_dag to None, run_after=None
[2025-02-10T03:06:52.677+0000] {processor.py:208} INFO - Processing /home/airflow/.local/lib/python3.12/site-packages/airflow/example_dags/tutorial_dag.py took 0.033 seconds
[2025-02-10T03:07:22.786+0000] {processor.py:186} INFO - Started process (PID=1527) to work on /home/airflow/.local/lib/python3.12/site-packages/airflow/example_dags/tutorial_dag.py
[2025-02-10T03:07:22.787+0000] {processor.py:914} INFO - Processing file /home/airflow/.local/lib/python3.12/site-packages/airflow/example_dags/tutorial_dag.py for tasks to queue
[2025-02-10T03:07:22.788+0000] {logging_mixin.py:190} INFO - [2025-02-10T03:07:22.788+0000] {dagbag.py:588} INFO - Filling up the DagBag from /home/airflow/.local/lib/python3.12/site-packages/airflow/example_dags/tutorial_dag.py
[2025-02-10T03:07:22.794+0000] {processor.py:925} INFO - DAG(s) 'tutorial_dag' retrieved from /home/airflow/.local/lib/python3.12/site-packages/airflow/example_dags/tutorial_dag.py
[2025-02-10T03:07:22.815+0000] {logging_mixin.py:190} INFO - [2025-02-10T03:07:22.815+0000] {dag.py:3239} INFO - Sync 1 DAGs
[2025-02-10T03:07:22.826+0000] {logging_mixin.py:190} INFO - [2025-02-10T03:07:22.825+0000] {dag.py:4180} INFO - Setting next_dagrun for tutorial_dag to None, run_after=None
[2025-02-10T03:07:22.839+0000] {processor.py:208} INFO - Processing /home/airflow/.local/lib/python3.12/site-packages/airflow/example_dags/tutorial_dag.py took 0.057 seconds
[2025-02-10T03:07:53.410+0000] {processor.py:186} INFO - Started process (PID=1591) to work on /home/airflow/.local/lib/python3.12/site-packages/airflow/example_dags/tutorial_dag.py
[2025-02-10T03:07:53.411+0000] {processor.py:914} INFO - Processing file /home/airflow/.local/lib/python3.12/site-packages/airflow/example_dags/tutorial_dag.py for tasks to queue
[2025-02-10T03:07:53.412+0000] {logging_mixin.py:190} INFO - [2025-02-10T03:07:53.412+0000] {dagbag.py:588} INFO - Filling up the DagBag from /home/airflow/.local/lib/python3.12/site-packages/airflow/example_dags/tutorial_dag.py
[2025-02-10T03:07:53.415+0000] {processor.py:925} INFO - DAG(s) 'tutorial_dag' retrieved from /home/airflow/.local/lib/python3.12/site-packages/airflow/example_dags/tutorial_dag.py
[2025-02-10T03:07:53.425+0000] {logging_mixin.py:190} INFO - [2025-02-10T03:07:53.425+0000] {dag.py:3239} INFO - Sync 1 DAGs
[2025-02-10T03:07:53.432+0000] {logging_mixin.py:190} INFO - [2025-02-10T03:07:53.432+0000] {dag.py:4180} INFO - Setting next_dagrun for tutorial_dag to None, run_after=None
[2025-02-10T03:07:53.439+0000] {processor.py:208} INFO - Processing /home/airflow/.local/lib/python3.12/site-packages/airflow/example_dags/tutorial_dag.py took 0.031 seconds
[2025-02-10T03:08:24.043+0000] {processor.py:186} INFO - Started process (PID=1655) to work on /home/airflow/.local/lib/python3.12/site-packages/airflow/example_dags/tutorial_dag.py
[2025-02-10T03:08:24.044+0000] {processor.py:914} INFO - Processing file /home/airflow/.local/lib/python3.12/site-packages/airflow/example_dags/tutorial_dag.py for tasks to queue
[2025-02-10T03:08:24.045+0000] {logging_mixin.py:190} INFO - [2025-02-10T03:08:24.045+0000] {dagbag.py:588} INFO - Filling up the DagBag from /home/airflow/.local/lib/python3.12/site-packages/airflow/example_dags/tutorial_dag.py
[2025-02-10T03:08:24.050+0000] {processor.py:925} INFO - DAG(s) 'tutorial_dag' retrieved from /home/airflow/.local/lib/python3.12/site-packages/airflow/example_dags/tutorial_dag.py
[2025-02-10T03:08:24.060+0000] {logging_mixin.py:190} INFO - [2025-02-10T03:08:24.060+0000] {dag.py:3239} INFO - Sync 1 DAGs
[2025-02-10T03:08:24.066+0000] {logging_mixin.py:190} INFO - [2025-02-10T03:08:24.066+0000] {dag.py:4180} INFO - Setting next_dagrun for tutorial_dag to None, run_after=None
[2025-02-10T03:08:24.073+0000] {processor.py:208} INFO - Processing /home/airflow/.local/lib/python3.12/site-packages/airflow/example_dags/tutorial_dag.py took 0.033 seconds
[2025-02-10T03:08:54.474+0000] {processor.py:186} INFO - Started process (PID=1719) to work on /home/airflow/.local/lib/python3.12/site-packages/airflow/example_dags/tutorial_dag.py
[2025-02-10T03:08:54.475+0000] {processor.py:914} INFO - Processing file /home/airflow/.local/lib/python3.12/site-packages/airflow/example_dags/tutorial_dag.py for tasks to queue
[2025-02-10T03:08:54.477+0000] {logging_mixin.py:190} INFO - [2025-02-10T03:08:54.477+0000] {dagbag.py:588} INFO - Filling up the DagBag from /home/airflow/.local/lib/python3.12/site-packages/airflow/example_dags/tutorial_dag.py
[2025-02-10T03:08:54.481+0000] {processor.py:925} INFO - DAG(s) 'tutorial_dag' retrieved from /home/airflow/.local/lib/python3.12/site-packages/airflow/example_dags/tutorial_dag.py
[2025-02-10T03:08:54.491+0000] {logging_mixin.py:190} INFO - [2025-02-10T03:08:54.491+0000] {dag.py:3239} INFO - Sync 1 DAGs
[2025-02-10T03:08:54.496+0000] {logging_mixin.py:190} INFO - [2025-02-10T03:08:54.496+0000] {dag.py:4180} INFO - Setting next_dagrun for tutorial_dag to None, run_after=None
[2025-02-10T03:08:54.503+0000] {processor.py:208} INFO - Processing /home/airflow/.local/lib/python3.12/site-packages/airflow/example_dags/tutorial_dag.py took 0.035 seconds
[2025-02-10T03:09:25.356+0000] {processor.py:186} INFO - Started process (PID=1783) to work on /home/airflow/.local/lib/python3.12/site-packages/airflow/example_dags/tutorial_dag.py
[2025-02-10T03:09:25.357+0000] {processor.py:914} INFO - Processing file /home/airflow/.local/lib/python3.12/site-packages/airflow/example_dags/tutorial_dag.py for tasks to queue
[2025-02-10T03:09:25.359+0000] {logging_mixin.py:190} INFO - [2025-02-10T03:09:25.358+0000] {dagbag.py:588} INFO - Filling up the DagBag from /home/airflow/.local/lib/python3.12/site-packages/airflow/example_dags/tutorial_dag.py
[2025-02-10T03:09:25.365+0000] {processor.py:925} INFO - DAG(s) 'tutorial_dag' retrieved from /home/airflow/.local/lib/python3.12/site-packages/airflow/example_dags/tutorial_dag.py
[2025-02-10T03:09:25.379+0000] {logging_mixin.py:190} INFO - [2025-02-10T03:09:25.379+0000] {dag.py:3239} INFO - Sync 1 DAGs
[2025-02-10T03:09:25.386+0000] {logging_mixin.py:190} INFO - [2025-02-10T03:09:25.385+0000] {dag.py:4180} INFO - Setting next_dagrun for tutorial_dag to None, run_after=None
[2025-02-10T03:09:25.392+0000] {processor.py:208} INFO - Processing /home/airflow/.local/lib/python3.12/site-packages/airflow/example_dags/tutorial_dag.py took 0.048 seconds
[2025-02-10T03:09:56.224+0000] {processor.py:186} INFO - Started process (PID=1847) to work on /home/airflow/.local/lib/python3.12/site-packages/airflow/example_dags/tutorial_dag.py
[2025-02-10T03:09:56.224+0000] {processor.py:914} INFO - Processing file /home/airflow/.local/lib/python3.12/site-packages/airflow/example_dags/tutorial_dag.py for tasks to queue
[2025-02-10T03:09:56.225+0000] {logging_mixin.py:190} INFO - [2025-02-10T03:09:56.225+0000] {dagbag.py:588} INFO - Filling up the DagBag from /home/airflow/.local/lib/python3.12/site-packages/airflow/example_dags/tutorial_dag.py
[2025-02-10T03:09:56.229+0000] {processor.py:925} INFO - DAG(s) 'tutorial_dag' retrieved from /home/airflow/.local/lib/python3.12/site-packages/airflow/example_dags/tutorial_dag.py
[2025-02-10T03:09:56.241+0000] {logging_mixin.py:190} INFO - [2025-02-10T03:09:56.241+0000] {dag.py:3239} INFO - Sync 1 DAGs
[2025-02-10T03:09:56.247+0000] {logging_mixin.py:190} INFO - [2025-02-10T03:09:56.247+0000] {dag.py:4180} INFO - Setting next_dagrun for tutorial_dag to None, run_after=None
[2025-02-10T03:09:56.254+0000] {processor.py:208} INFO - Processing /home/airflow/.local/lib/python3.12/site-packages/airflow/example_dags/tutorial_dag.py took 0.033 seconds
[2025-02-10T03:10:26.777+0000] {processor.py:186} INFO - Started process (PID=1911) to work on /home/airflow/.local/lib/python3.12/site-packages/airflow/example_dags/tutorial_dag.py
[2025-02-10T03:10:26.777+0000] {processor.py:914} INFO - Processing file /home/airflow/.local/lib/python3.12/site-packages/airflow/example_dags/tutorial_dag.py for tasks to queue
[2025-02-10T03:10:26.779+0000] {logging_mixin.py:190} INFO - [2025-02-10T03:10:26.779+0000] {dagbag.py:588} INFO - Filling up the DagBag from /home/airflow/.local/lib/python3.12/site-packages/airflow/example_dags/tutorial_dag.py
[2025-02-10T03:10:26.783+0000] {processor.py:925} INFO - DAG(s) 'tutorial_dag' retrieved from /home/airflow/.local/lib/python3.12/site-packages/airflow/example_dags/tutorial_dag.py
[2025-02-10T03:10:26.794+0000] {logging_mixin.py:190} INFO - [2025-02-10T03:10:26.794+0000] {dag.py:3239} INFO - Sync 1 DAGs
[2025-02-10T03:10:26.801+0000] {logging_mixin.py:190} INFO - [2025-02-10T03:10:26.801+0000] {dag.py:4180} INFO - Setting next_dagrun for tutorial_dag to None, run_after=None
[2025-02-10T03:10:26.808+0000] {processor.py:208} INFO - Processing /home/airflow/.local/lib/python3.12/site-packages/airflow/example_dags/tutorial_dag.py took 0.035 seconds
[2025-02-10T03:10:57.645+0000] {processor.py:186} INFO - Started process (PID=1975) to work on /home/airflow/.local/lib/python3.12/site-packages/airflow/example_dags/tutorial_dag.py
[2025-02-10T03:10:57.646+0000] {processor.py:914} INFO - Processing file /home/airflow/.local/lib/python3.12/site-packages/airflow/example_dags/tutorial_dag.py for tasks to queue
[2025-02-10T03:10:57.648+0000] {logging_mixin.py:190} INFO - [2025-02-10T03:10:57.647+0000] {dagbag.py:588} INFO - Filling up the DagBag from /home/airflow/.local/lib/python3.12/site-packages/airflow/example_dags/tutorial_dag.py
[2025-02-10T03:10:57.651+0000] {processor.py:925} INFO - DAG(s) 'tutorial_dag' retrieved from /home/airflow/.local/lib/python3.12/site-packages/airflow/example_dags/tutorial_dag.py
[2025-02-10T03:10:57.664+0000] {logging_mixin.py:190} INFO - [2025-02-10T03:10:57.663+0000] {dag.py:3239} INFO - Sync 1 DAGs
[2025-02-10T03:10:57.672+0000] {logging_mixin.py:190} INFO - [2025-02-10T03:10:57.672+0000] {dag.py:4180} INFO - Setting next_dagrun for tutorial_dag to None, run_after=None
[2025-02-10T03:10:57.680+0000] {processor.py:208} INFO - Processing /home/airflow/.local/lib/python3.12/site-packages/airflow/example_dags/tutorial_dag.py took 0.041 seconds
[2025-02-10T03:11:28.272+0000] {processor.py:186} INFO - Started process (PID=2039) to work on /home/airflow/.local/lib/python3.12/site-packages/airflow/example_dags/tutorial_dag.py
[2025-02-10T03:11:28.272+0000] {processor.py:914} INFO - Processing file /home/airflow/.local/lib/python3.12/site-packages/airflow/example_dags/tutorial_dag.py for tasks to queue
[2025-02-10T03:11:28.273+0000] {logging_mixin.py:190} INFO - [2025-02-10T03:11:28.273+0000] {dagbag.py:588} INFO - Filling up the DagBag from /home/airflow/.local/lib/python3.12/site-packages/airflow/example_dags/tutorial_dag.py
[2025-02-10T03:11:28.278+0000] {processor.py:925} INFO - DAG(s) 'tutorial_dag' retrieved from /home/airflow/.local/lib/python3.12/site-packages/airflow/example_dags/tutorial_dag.py
[2025-02-10T03:11:28.287+0000] {logging_mixin.py:190} INFO - [2025-02-10T03:11:28.287+0000] {dag.py:3239} INFO - Sync 1 DAGs
[2025-02-10T03:11:28.293+0000] {logging_mixin.py:190} INFO - [2025-02-10T03:11:28.293+0000] {dag.py:4180} INFO - Setting next_dagrun for tutorial_dag to None, run_after=None
[2025-02-10T03:11:28.300+0000] {processor.py:208} INFO - Processing /home/airflow/.local/lib/python3.12/site-packages/airflow/example_dags/tutorial_dag.py took 0.031 seconds
[2025-02-10T03:11:59.097+0000] {processor.py:186} INFO - Started process (PID=2103) to work on /home/airflow/.local/lib/python3.12/site-packages/airflow/example_dags/tutorial_dag.py
[2025-02-10T03:11:59.100+0000] {processor.py:914} INFO - Processing file /home/airflow/.local/lib/python3.12/site-packages/airflow/example_dags/tutorial_dag.py for tasks to queue
[2025-02-10T03:11:59.103+0000] {logging_mixin.py:190} INFO - [2025-02-10T03:11:59.103+0000] {dagbag.py:588} INFO - Filling up the DagBag from /home/airflow/.local/lib/python3.12/site-packages/airflow/example_dags/tutorial_dag.py
[2025-02-10T03:11:59.108+0000] {processor.py:925} INFO - DAG(s) 'tutorial_dag' retrieved from /home/airflow/.local/lib/python3.12/site-packages/airflow/example_dags/tutorial_dag.py
[2025-02-10T03:11:59.118+0000] {logging_mixin.py:190} INFO - [2025-02-10T03:11:59.118+0000] {dag.py:3239} INFO - Sync 1 DAGs
[2025-02-10T03:11:59.124+0000] {logging_mixin.py:190} INFO - [2025-02-10T03:11:59.124+0000] {dag.py:4180} INFO - Setting next_dagrun for tutorial_dag to None, run_after=None
[2025-02-10T03:11:59.131+0000] {processor.py:208} INFO - Processing /home/airflow/.local/lib/python3.12/site-packages/airflow/example_dags/tutorial_dag.py took 0.042 seconds
[2025-02-10T03:12:30.146+0000] {processor.py:186} INFO - Started process (PID=2167) to work on /home/airflow/.local/lib/python3.12/site-packages/airflow/example_dags/tutorial_dag.py
[2025-02-10T03:12:30.147+0000] {processor.py:914} INFO - Processing file /home/airflow/.local/lib/python3.12/site-packages/airflow/example_dags/tutorial_dag.py for tasks to queue
[2025-02-10T03:12:30.148+0000] {logging_mixin.py:190} INFO - [2025-02-10T03:12:30.148+0000] {dagbag.py:588} INFO - Filling up the DagBag from /home/airflow/.local/lib/python3.12/site-packages/airflow/example_dags/tutorial_dag.py
[2025-02-10T03:12:30.152+0000] {processor.py:925} INFO - DAG(s) 'tutorial_dag' retrieved from /home/airflow/.local/lib/python3.12/site-packages/airflow/example_dags/tutorial_dag.py
[2025-02-10T03:12:30.181+0000] {logging_mixin.py:190} INFO - [2025-02-10T03:12:30.181+0000] {dag.py:3239} INFO - Sync 1 DAGs
[2025-02-10T03:12:30.188+0000] {logging_mixin.py:190} INFO - [2025-02-10T03:12:30.188+0000] {dag.py:4180} INFO - Setting next_dagrun for tutorial_dag to None, run_after=None
[2025-02-10T03:12:30.195+0000] {processor.py:208} INFO - Processing /home/airflow/.local/lib/python3.12/site-packages/airflow/example_dags/tutorial_dag.py took 0.054 seconds
[2025-02-10T03:13:01.192+0000] {processor.py:186} INFO - Started process (PID=2231) to work on /home/airflow/.local/lib/python3.12/site-packages/airflow/example_dags/tutorial_dag.py
[2025-02-10T03:13:01.193+0000] {processor.py:914} INFO - Processing file /home/airflow/.local/lib/python3.12/site-packages/airflow/example_dags/tutorial_dag.py for tasks to queue
[2025-02-10T03:13:01.194+0000] {logging_mixin.py:190} INFO - [2025-02-10T03:13:01.194+0000] {dagbag.py:588} INFO - Filling up the DagBag from /home/airflow/.local/lib/python3.12/site-packages/airflow/example_dags/tutorial_dag.py
[2025-02-10T03:13:01.199+0000] {processor.py:925} INFO - DAG(s) 'tutorial_dag' retrieved from /home/airflow/.local/lib/python3.12/site-packages/airflow/example_dags/tutorial_dag.py
[2025-02-10T03:13:01.208+0000] {logging_mixin.py:190} INFO - [2025-02-10T03:13:01.208+0000] {dag.py:3239} INFO - Sync 1 DAGs
[2025-02-10T03:13:01.213+0000] {logging_mixin.py:190} INFO - [2025-02-10T03:13:01.213+0000] {dag.py:4180} INFO - Setting next_dagrun for tutorial_dag to None, run_after=None
[2025-02-10T03:13:01.220+0000] {processor.py:208} INFO - Processing /home/airflow/.local/lib/python3.12/site-packages/airflow/example_dags/tutorial_dag.py took 0.033 seconds
[2025-02-10T03:13:32.314+0000] {processor.py:186} INFO - Started process (PID=2295) to work on /home/airflow/.local/lib/python3.12/site-packages/airflow/example_dags/tutorial_dag.py
[2025-02-10T03:13:32.315+0000] {processor.py:914} INFO - Processing file /home/airflow/.local/lib/python3.12/site-packages/airflow/example_dags/tutorial_dag.py for tasks to queue
[2025-02-10T03:13:32.316+0000] {logging_mixin.py:190} INFO - [2025-02-10T03:13:32.316+0000] {dagbag.py:588} INFO - Filling up the DagBag from /home/airflow/.local/lib/python3.12/site-packages/airflow/example_dags/tutorial_dag.py
[2025-02-10T03:13:32.320+0000] {processor.py:925} INFO - DAG(s) 'tutorial_dag' retrieved from /home/airflow/.local/lib/python3.12/site-packages/airflow/example_dags/tutorial_dag.py
[2025-02-10T03:13:32.329+0000] {logging_mixin.py:190} INFO - [2025-02-10T03:13:32.329+0000] {dag.py:3239} INFO - Sync 1 DAGs
[2025-02-10T03:13:32.335+0000] {logging_mixin.py:190} INFO - [2025-02-10T03:13:32.335+0000] {dag.py:4180} INFO - Setting next_dagrun for tutorial_dag to None, run_after=None
[2025-02-10T03:13:32.341+0000] {processor.py:208} INFO - Processing /home/airflow/.local/lib/python3.12/site-packages/airflow/example_dags/tutorial_dag.py took 0.029 seconds
[2025-02-10T03:14:03.076+0000] {processor.py:186} INFO - Started process (PID=2359) to work on /home/airflow/.local/lib/python3.12/site-packages/airflow/example_dags/tutorial_dag.py
[2025-02-10T03:14:03.077+0000] {processor.py:914} INFO - Processing file /home/airflow/.local/lib/python3.12/site-packages/airflow/example_dags/tutorial_dag.py for tasks to queue
[2025-02-10T03:14:03.078+0000] {logging_mixin.py:190} INFO - [2025-02-10T03:14:03.078+0000] {dagbag.py:588} INFO - Filling up the DagBag from /home/airflow/.local/lib/python3.12/site-packages/airflow/example_dags/tutorial_dag.py
[2025-02-10T03:14:03.082+0000] {processor.py:925} INFO - DAG(s) 'tutorial_dag' retrieved from /home/airflow/.local/lib/python3.12/site-packages/airflow/example_dags/tutorial_dag.py
[2025-02-10T03:14:03.092+0000] {logging_mixin.py:190} INFO - [2025-02-10T03:14:03.092+0000] {dag.py:3239} INFO - Sync 1 DAGs
[2025-02-10T03:14:03.098+0000] {logging_mixin.py:190} INFO - [2025-02-10T03:14:03.098+0000] {dag.py:4180} INFO - Setting next_dagrun for tutorial_dag to None, run_after=None
[2025-02-10T03:14:03.106+0000] {processor.py:208} INFO - Processing /home/airflow/.local/lib/python3.12/site-packages/airflow/example_dags/tutorial_dag.py took 0.035 seconds
[2025-02-10T03:14:33.876+0000] {processor.py:186} INFO - Started process (PID=2423) to work on /home/airflow/.local/lib/python3.12/site-packages/airflow/example_dags/tutorial_dag.py
[2025-02-10T03:14:33.878+0000] {processor.py:914} INFO - Processing file /home/airflow/.local/lib/python3.12/site-packages/airflow/example_dags/tutorial_dag.py for tasks to queue
[2025-02-10T03:14:33.880+0000] {logging_mixin.py:190} INFO - [2025-02-10T03:14:33.879+0000] {dagbag.py:588} INFO - Filling up the DagBag from /home/airflow/.local/lib/python3.12/site-packages/airflow/example_dags/tutorial_dag.py
[2025-02-10T03:14:33.884+0000] {processor.py:925} INFO - DAG(s) 'tutorial_dag' retrieved from /home/airflow/.local/lib/python3.12/site-packages/airflow/example_dags/tutorial_dag.py
[2025-02-10T03:14:33.895+0000] {logging_mixin.py:190} INFO - [2025-02-10T03:14:33.895+0000] {dag.py:3239} INFO - Sync 1 DAGs
[2025-02-10T03:14:33.902+0000] {logging_mixin.py:190} INFO - [2025-02-10T03:14:33.902+0000] {dag.py:4180} INFO - Setting next_dagrun for tutorial_dag to None, run_after=None
[2025-02-10T03:14:33.909+0000] {processor.py:208} INFO - Processing /home/airflow/.local/lib/python3.12/site-packages/airflow/example_dags/tutorial_dag.py took 0.044 seconds
[2025-02-10T03:15:04.648+0000] {processor.py:186} INFO - Started process (PID=2487) to work on /home/airflow/.local/lib/python3.12/site-packages/airflow/example_dags/tutorial_dag.py
[2025-02-10T03:15:04.649+0000] {processor.py:914} INFO - Processing file /home/airflow/.local/lib/python3.12/site-packages/airflow/example_dags/tutorial_dag.py for tasks to queue
[2025-02-10T03:15:04.649+0000] {logging_mixin.py:190} INFO - [2025-02-10T03:15:04.649+0000] {dagbag.py:588} INFO - Filling up the DagBag from /home/airflow/.local/lib/python3.12/site-packages/airflow/example_dags/tutorial_dag.py
[2025-02-10T03:15:04.654+0000] {processor.py:925} INFO - DAG(s) 'tutorial_dag' retrieved from /home/airflow/.local/lib/python3.12/site-packages/airflow/example_dags/tutorial_dag.py
[2025-02-10T03:15:04.664+0000] {logging_mixin.py:190} INFO - [2025-02-10T03:15:04.664+0000] {dag.py:3239} INFO - Sync 1 DAGs
[2025-02-10T03:15:04.671+0000] {logging_mixin.py:190} INFO - [2025-02-10T03:15:04.671+0000] {dag.py:4180} INFO - Setting next_dagrun for tutorial_dag to None, run_after=None
[2025-02-10T03:15:04.678+0000] {processor.py:208} INFO - Processing /home/airflow/.local/lib/python3.12/site-packages/airflow/example_dags/tutorial_dag.py took 0.033 seconds
[2025-02-10T03:15:35.327+0000] {processor.py:186} INFO - Started process (PID=2550) to work on /home/airflow/.local/lib/python3.12/site-packages/airflow/example_dags/tutorial_dag.py
[2025-02-10T03:15:35.328+0000] {processor.py:914} INFO - Processing file /home/airflow/.local/lib/python3.12/site-packages/airflow/example_dags/tutorial_dag.py for tasks to queue
[2025-02-10T03:15:35.330+0000] {logging_mixin.py:190} INFO - [2025-02-10T03:15:35.329+0000] {dagbag.py:588} INFO - Filling up the DagBag from /home/airflow/.local/lib/python3.12/site-packages/airflow/example_dags/tutorial_dag.py
[2025-02-10T03:15:35.334+0000] {processor.py:925} INFO - DAG(s) 'tutorial_dag' retrieved from /home/airflow/.local/lib/python3.12/site-packages/airflow/example_dags/tutorial_dag.py
[2025-02-10T03:15:35.346+0000] {logging_mixin.py:190} INFO - [2025-02-10T03:15:35.346+0000] {dag.py:3239} INFO - Sync 1 DAGs
[2025-02-10T03:15:35.353+0000] {logging_mixin.py:190} INFO - [2025-02-10T03:15:35.353+0000] {dag.py:4180} INFO - Setting next_dagrun for tutorial_dag to None, run_after=None
[2025-02-10T03:15:35.360+0000] {processor.py:208} INFO - Processing /home/airflow/.local/lib/python3.12/site-packages/airflow/example_dags/tutorial_dag.py took 0.039 seconds
